****************************************************
*                                                  *
*                   PMF_ANALYSIS                   *
*                                                  *
*        Utility to analyze trajectory files       *
*                                                  *
*              Developed by RIKEN AICS             *
*                                                  *
****************************************************
 
[STEP1] Read Control Parameters for Analysis
 
Read_Ctrl_Input> Input Files
  cvfile          = ../../5.prod3_ob/prod3_{}.pathcv
  weightfile      = ../1.mbar/weight{}.dat
  distfile        = {}.pathdist
 
Read_Ctrl_Output> Output Files
  pmffile         = pmf_bw25.dat
 
Read_Ctrl_Option> Parameters of OPTION

  check only      = no
  allow backup    = no
     dimension    =          1
     nreplica     =         21
     temperature  =     300.00
     cutoff       =       0.02
   dimension :               1
     grids        = 1.0 21.0 101
     band_width   =       0.25
     is_periodic  = no


[STEP2] Set Relevant Variables and Structures
 
Setup_Option> centers of grids in dimension   1
    1.1000    1.3000    1.5000    1.7000    1.9000    2.1000    2.3000    2.5000    2.7000    2.9000    3.1000    3.3000    3.5000    3.7000    3.9000    4.1000    4.3000    4.5000    4.7000    4.9000    5.1000    5.3000    5.5000    5.7000    5.9000    6.1000    6.3000    6.5000    6.7000    6.9000    7.1000    7.3000    7.5000    7.7000    7.9000    8.1000    8.3000    8.5000    8.7000    8.9000    9.1000    9.3000    9.5000    9.7000    9.9000   10.1000   10.3000   10.5000   10.7000   10.9000   11.1000   11.3000   11.5000   11.7000   11.9000   12.1000   12.3000   12.5000   12.7000   12.9000   13.1000   13.3000   13.5000   13.7000   13.9000   14.1000   14.3000   14.5000   14.7000   14.9000   15.1000   15.3000   15.5000   15.7000   15.9000   16.1000   16.3000   16.5000   16.7000   16.9000   17.1000   17.3000   17.5000   17.7000   17.9000   18.1000   18.3000   18.5000   18.7000   18.9000   19.1000   19.3000   19.5000   19.7000   19.9000   20.1000   20.3000   20.5000   20.7000   20.9000


[STEP3] Analysis trajectory files
 
Check_File_Lines>
    file name   : ../1.mbar/weight1.dat
    # of line   : 1000

Check_File_Lines>
    file name   : ../../5.prod3_ob/prod3_1.pathcv
    # of line   : 1000

Check_File_Column>
    file name   : ../../5.prod3_ob/prod3_1.pathcv
    # of column : 3

Check_File_Lines>
    file name   : 1.pathdist
    # of line   : 1000

    Summation P(r) in each = 0.048

Analyze> Detailed information in the output files

  [pmffile] pmf_bw25.dat
    Column 1: coordinates of grid centers
    Column 2: Free energy profile at the corresponding bin by standard method
    Column 3: Free energy profile at the corresponding bin by Gaussian Distribution

[STEP4] Deallocate memory
 
