****************************************************
*                                                  *
*                 QMMM_GENERATOR                   *
*                                                  *
*   QMMM-Input Generator using Trajectory File(s)  *
*                                                  *
*                Developed by RIKEN                *
*                                                  *
****************************************************
 
[STEP1] Read Control Parameters for Generating QM/MM Inputs
 
Read_Ctrl_Input> Input Files
  psffile         = ../0.build/charmm-gui/step2_solvator.psf
  reffile         = ../0.build/charmm-gui/step2_solvator.pdb
 
Read_Ctrl_Output> Output Files
  qmmm_crdfile    = step4_nvt_{}.crd
  qmmm_psffile    = step4_nvt_{}.psf
  qmmm_pdbfile    = step4_nvt_{}.pdb
 
Read_Ctrl_Trajectory> Parameters of Trajectory
  # of trj files  =          1
    trajectory file 1 = ../1.pre_equil/step3.4_nvt.dcd
         md steps :      50000
     mdout period :        500
       ana period :        500
  trj format      = DCD       
  trj type        =   COOR+BOX
 
Read_Ctrl_Selection> Parameters of Selection
  # of groups     =          3
    group 1 = sid:TIMA or sid:TIMB
    group 2 = ((sid:TIMA or sid:TIMB) around_res:15.0) and not sid:POT
    group 3 = sid:DHA or (sid:TIMA and (rno:95 or rno:165) and not (an:CA  | an:C   | an:O   | an:N | an:HN | an:HA))
  # of mole names =          0
 
Read_Ctrl_Fitting> Parameters of Fitting
  fitting method  =  NO       
  fitting atom    = group1
  z-rot # of grid =         10
  z-rot grid size =      1.000
  mass_weight     =         no
 
Read_Ctrl_Option> Parameters of Options
  Check only      = NO
  allow backup    = no
  Output format   =   CHARMM  
  QM/MM atoms     = group: 1 2
  QM atoms        = group: 3
  Origin defined  = group: 1
  Reconciliation  = NO
  Frame number    = 100
  # of rename res =          0
 
[STEP2] Set Relevant Variables and Structures
 
Read_Psf> Summary of Psffile
  psftype         =      xplor
  num_atoms       =      84396  num_bonds       =      84448
  num_angles      =      39488  num_dihedrals   =      20268
  num_impropers   =       1292  num_cmap_terms  =        494
  num_HB_donors   =      52036  num_HB_acceptors=      26330
  num_NB_exclusion=          0  num_groups      =      27898
  total_charge    =      0.000
 
Check_Pdb> 6-column residue sequence number
 
Read_Pdb> Summary of Data in PDB file
  num_atoms       =      84396
 
Define_Molecule> Summary of molecules
  num_atoms       =      84396  num_bonds       =      84448
  num_angles      =      39488  num_dihedrals   =      20268
  num_impropers   =       1292  num_cmap_terms  =        494
  num_residues    =      26100  num_molecules   =      25608
  num_segments    =          7  num_deg_freedom =     253188
  total_charge    =     -0.000
 
Select_Contacts> mode        : Resi
                 sel atoms A :    7574
                 sel atoms B :   76822
                 distance    :   15.00
                contact atom list :   27185
 
Setup_Option> # of QMMM atoms =    34754
Setup_Option> # of QM atoms   =       35
Setup_Option> # of atoms to define center =     7574
Setup_Option> **NOTICE** 
              Around_residues for protein is not recommended.
              Please use qmmm_psffile at your own risk.
Setup_Option> **NOTICE** 
Setup_Option> Reconciliation of # of atoms : SKIP
Setup_Option> # of frames to be saved =    1
 
[STEP3] Take Snapshots from Trajectory File(s)
 
--------------------------------------------------
Frame number = 100

Select_Contacts> mode        : Resi
                 sel atoms A :    7574
                 sel atoms B :   76822
                 distance    :   15.00
                contact atom list :   29657
 
Select_Atom> number of new selection :   37226
 
Write_Psf> TYPE = XPLOR EXT
Write_Psf> Number of Atoms         =    37226
Write_Psf> Number of Bonds         =    37288
Write_Psf> Number of Angles        =    23768
Write_Psf> Number of Dihedrals     =    20268
Write_Psf> Number of Impropers     =     1292
Write_Psf> Number of Cross-terms   =      494
Write_Psf> Number of HB donors     =    20596
Write_Psf> Number of HB acceptors  =    10610
Write_Psf> Number of NB exclusions =        0
Write_Psf> Number of Groups        =    12168
Write_Psf> Total charge            =  -10.000
  
         * Save this frame to step4_nvt_100.crd
 
         * Save QM-region structure in this frame to step4_nvt_100_qmregion.pdb
 
[STEP4] Deallocate Memory
 
