****************************************************
*                                                  *
*                  GENESIS ATDYN                   *
*                                                  *
*        A Molecular Dynamics Simulator with       *
*            Atomic Decomposition Scheme           *
*                                                  *
*               Developed by RIKEN                 *
*                                                  *
****************************************************
 
[STEP0] Architecture and Compiler Information
 
GENESIS_Information> GENESIS Information
  version      = 1.5.0
  commit ID    = $GENESIS_VERSION$
  precision    = double
  nonbonding   = CPU

Build_Information> Compiler Information
  build host   = yagi@beluga
  fortran      = ifort (IFORT) 18.0.1 20171018
  option       = -xHost -O3 -ip -mkl=parallel  -assume byterecl -qopenmp 
  C            = icc (ICC) 18.0.1 20171018
  option       = -O3 -ip -axCORE-AVX2  -qopenmp
  defined var. =  -DMPI -DOMP -DFFTE -DLAPACK -DDSFMT_MEXP=19937 -DINTEL
  link option  = 
  -assume byterecl -qopenmp  -lmkl_intel_lp64 -lmkl_sequential -lmkl_core -lmkl_
 lapack95_lp64 

Runtime_Information> Machine and Library Information
  date       = 2020/05/12 00:12:20
  cpu model    = Intel(R) Xeon(R) CPU E5-2667 v4 @ 3.20GHz
  exec. host   = yagi@beluga09
  LD library   = 
 /home/mdsoft/mpi/mpi_cent-v7_intel64/openmpi-v3.1.2_intel_v18.0.1/lib:/opt/inte
 l/compilers_and_libraries_2018.1.163/linux/compiler/lib/intel64_lin:/opt/intel/
 compilers_and_libraries_2018.1.163/linux/mkl/lib/intel64_lin:/opt/intel/compile
 rs_and_libraries_2018.1.163/linux/compiler/lib/intel64:/opt/intel/compilers_and
 _libraries_2018.1.163/linux/compiler/lib/intel64_lin:/opt/intel/compilers_and_l
 ibraries_2018.1.163/linux/mpi/intel64/lib:/opt/intel/compilers_and_libraries_20
 18.1.163/linux/mpi/mic/lib:/opt/intel/compilers_and_libraries_2018.1.163/linux/
 ipp/lib/intel64:/opt/intel/compilers_and_libraries_2018.1.163/linux/compiler/li
 b/intel64_lin:/opt/intel/compilers_and_libraries_2018.1.163/linux/mkl/lib/intel
 64_lin:/opt/intel/compilers_and_libraries_2018.1.163/linux/tbb/lib/intel64/gcc4
 .7:/opt/intel/compilers_and_libraries_2018.1.163/linux/tbb/lib/intel64/gcc4.7:/
 opt/intel/compilers_and_libraries_2018.1.163/linux/daal/lib/intel64_lin:/home/m
 dsoft/mpi/mpi_cent-v7_intel64/openmpi-v3.1.2_intel_v18.0.1/lib:/opt/intel/compi
 lers_and_libraries_2018.1.163/linux/compiler/lib/intel64_lin:/opt/intel/compile
 rs_and_libraries_2018.1.163/linux/mkl/lib/intel64_lin:/opt/intel/compilers_and_
 libraries_2018.1.163/linux/compiler/lib/intel64:/opt/intel/compilers_and_librar
 ies_2018.1.163/linux/compiler/lib/intel64_lin:/opt/intel/compilers_and_librarie
 s_2018.1.163/linux/mpi/intel64/lib:/opt/intel/compilers_and_libraries_2018.1.16
 3/linux/mpi/mic/lib:/opt/intel/compilers_and_libraries_2018.1.163/linux/ipp/li

[STEP1] Read Control Parameters
 
Read_Ctrl_Input> Input Files
  topfile = toppar/top_all36_prot.rtf, toppar/top_all36_cgenff.rtf
  parfile = toppar/par_all36_prot.prm, toppar/par_all36_cgenff.prm
  strfile = toppar/toppar_water_ions.str, toppar/toppar_dhap.3.str
  psffile = step4_nvt_100.psf
  pdbfile = step4_nvt_100.pdb
  rstfile = step4.2_nvt.rst
  reffile = step4_nvt_100.pdb
 
Read_Ctrl_Output> Output Files
  dcdfile    = step4.3_nvt.dcd
  rstfile    = step4.3_nvt.rst
 
Read_Ctrl_Energy> Parameters of Energy Calculations
  forcefield      =     CHARMM
  switchdist      =     16.000  cutoffdist      =     18.000
  pairlistdist    =     19.500  dielec_const    =      1.000
  vdW force_switch=        yes
  electrostatic   =  CUTOFF
  implicit_solvent=       none
  table_order     =          3
  table_density   =     20.000
  water_model     =       NONE
  output_style    =    GENESIS
  dispersion_corr =       none
  nonb_limiter    =      no
 
Read_Ctrl_Dynamics> Parameters of MD simulation
  integrator      =       VVER  nsteps          =      50000
  timestep        =     0.0020  initial_time    =     0.0000
  eneout_period   =        500  rstout_period   =        500
  crdout_period   =        500  velout_period   =          0
  nbupdate_period =         10  stoptr_period   =         10
  iseed           =   20190319
  annealing       =         no
  verbose         =         no
  target_md       =         no
  steered_md      =         no
  esp_mm          =         no
 
Read_Ctrl_Constraints> Parameters for Constraints
  rigid_bond      =        yes
  shake_iteration =        500  shake_tolerance =  0.100E-09
  fast_water      =        yes  water_model     =       TIP3
  hydrogen_type   =  name|mass
  noshake_index   =       none
  fixatm_select_index        =       none
 
Read_Ctrl_Ensemble> Parameters for Ensemble
  ensemble        =        NVT
  temperature     =    300.000
  tpcontrol       =      BUSSI
  tau_t           =      5.000
 
Read_Ctrl_Boundary> Parameters of Boundary Condition
  type            =       NOBC
  spherical_pot   =        yes  restart         =          T
  center_info     =       read  modify_ratio    =      1.000
  constant        =     10.000  exponent        =          2
  fixatom         =          T  fix_layer       =      1.000
 
Read_Ctrl_Selection> Parameters of Selection
  # of groups     =          4
    group 1 = (sid:TIMA or sid:TIMB) and (an:CA | an:C | an:O | an:N)
    group 2 = (sid:DHA or sid:DHA around_res:3.0) and not hydrogen
    group 3 = (sid:TIMA or sid:TIMB) and not (an:CA | an:C | an:O | an:N) and not hydrogen
    group 4 = sid:WAT and an:OH2
  # of mole names =          0
 
Read_Ctrl_Restraints> Parameters of Restraint
  numfunc         =   4
  function1 = POSI     
    direction     = ALL 
    constant      = 2.5
    reference     = 
    select_index  = 1
    mode          =   0
    exponent      =   2
    exponent_dist = 
    weight_dist   = 

  function2 = POSI     
    direction     = ALL 
    constant      = 2.0
    reference     = 
    select_index  = 2
    mode          =   0
    exponent      =   2
    exponent_dist = 
    weight_dist   = 

  function3 = POSI     
    direction     = ALL 
    constant      = 0.5
    reference     = 
    select_index  = 3
    mode          =   0
    exponent      =   2
    exponent_dist = 
    weight_dist   = 

  function4 = POSI     
    direction     = ALL 
    constant      = 0.5
    reference     = 
    select_index  = 4
    mode          =   0
    exponent      =   2
    exponent_dist = 
    weight_dist   = 

  pressure_position   = NO
  pressure_rmsd     = NO

Read_Ctrl_Fitting_MD> Parameters of Fitting
  fitting method  =  TR+ROT   
  fitting atom    = group1
  mass_weight     =         no
 
[STEP2] Setup MPI
 
Setup_Mpi_Md> Summary of Setup MPI
  number of MPI processes   =         16
  number of OpenMP threads  =          4
  total number of CPU cores =         64

[STEP3] Set Relevant Variables and Structures
 
Input_Top> Summary of Topfile
  num_atom_class  =        212  num_resi_type   =        685
 
Input_Par> Summary of Parfile
  num_bonds       =        658  num_angles      =       2003
  num_dihedrals   =       4838  num_impropers   =        163
  num_atom_cls    =        212  num_nbfix       =         75
  num_cmap_terms  =          6
 
 Merge_Par> WARNING: BOND: Multiple definition: "CG321"-"OG311"
Input_Str> Summary of Top information
  num_atom_class  =        227  num_resi_type   =        700
 
Input_Str> Summary of Par information
  num_bonds       =        663  num_angles      =       2006
  num_dihedrals   =       4850  num_impropers   =        163
  num_atom_cls    =        227  num_nbfix       =         90
  num_cmap_terms  =          6
 
Read_Psf> Summary of Psffile
  psftype         =      xplor
  num_atoms       =      37226  num_bonds       =      37288
  num_angles      =      23768  num_dihedrals   =      20268
  num_impropers   =       1292  num_cmap_terms  =        494
  num_HB_donors   =      20596  num_HB_acceptors=      10610
  num_NB_exclusion=          0  num_groups      =      12168
  total_charge    =    -10.000
 
Check_Pdb> 6-column residue sequence number
 
Read_Pdb> Summary of Data in PDB file
  num_atoms       =      37226
 
Read_Rst_Binary> Summary of RST file
  num_atoms       =      37226  iseed           =   20190319
  boxsize (x,y,z) =      0.000     0.000     0.000
  spherical_pot     =      yes
  nfunctions                 2  num_fixatm              9645

Check_Pdb> 6-column residue sequence number
 
Read_Pdb> Summary of Data in PDB file
  num_atoms       =      37226
 
Define_Molecule> Summary of molecules
  num_atoms       =      37226  num_bonds       =      37288
  num_angles      =      23768  num_dihedrals   =      20268
  num_impropers   =       1292  num_cmap_terms  =        494
  num_residues    =      10370  num_molecules   =       9878
  num_segments    =          6  num_deg_freedom =     111678
  total_charge    =    -10.000
 
Setup_Boundary> Setup Variables for Boundary Condition
  origin(x,y,z)   =      0.000     0.000     0.000
  nfunctions      =        2
    center(x,y,z) =     17.000     0.000     0.000
    radius        =     35.000
    constant      =     10.000
    exponent      =          2
    center(x,y,z) =    -17.000     0.000     0.000
    radius        =     35.000
    constant      =     10.000
    exponent      =          2
 
  num_fixatm      =     9645
 
 
Random_Init> Initialize the random number
  seed            = 20190319

Select_Contacts> mode        : Resi
                 sel atoms A :      15
                 sel atoms B :   37211
                 distance    :    3.00
                contact atom list :     160
 
Setup_Enefunc_Cmap_Par> Natural spline is used to derive cmap coefs.

Setup_Enefunc_Table> Setup Variables for LookupTable
  num_solutes     =      37226  num_waters      =          0

Setup_Enefunc_Restraint> Setup restraint groups
 group =     1, "(sid:TIMA or sid:TIMB) and (an:CA | an:C | an:O | an:N)"
 # of atoms =  1976
 atomlist: 
      7      9     15     16     17     19     39     40     41     43
     53     54     55     57     73     74     75     77     93     94
     95     97    109    110    111    113    116    117    118    120
    123    124    125    127    137    138    139    141    157    158
    159    161    179    180    181    183    198    199    200    202
    212    213    214    216    219    220    221    223    230    231
    232    234    252    253    254    256    269    270    271    273
    280    281    282    284    299    300    301    303    321    322
    323    325    336    337    338    340    355    356    357    359
    371    372    373    375    386    387    388    390    410    411
    412    414    429    430    431    433    443    444    445    447
    457    458    459    461    467    468    469    471    478    479
    480    482    497    498    499    503    511    512    513    515
    526    527    528    530    540    541    542    544    556    557
    558    560    571    572    573    575    587    588    589    591
    603    604    605    607    622    623    624    626    633    634
    635    639    647    648    649    653    661    662    663    665
    671    672    673    675    685    686    687    689    706    707
    708    710    725    726    727    729    737    738    739    741
    758    759    760    762    769    770    771    773    785    786
    787    789    796    797    798    800    815    816    817    819
    831    832    833    835    853    854    855    857    875    876
    877    881    889    890    891    893    906    907    908    910
    922    923    924    926    936    937    938    940    952    953
    954    956    959    960    961    963    969    970    971    973
    986    987    988    990   1000   1001   1002   1004   1010   1011
   1012   1014   1031   1032   1033   1035   1050   1051   1052   1054
   1072   1073   1074   1076   1082   1083   1084   1086   1093   1094
   1095   1097   1100   1101   1102   1104   1110   1111   1112   1114
   1130   1131   1132   1134   1144   1145   1146   1148   1151   1152
   1153   1155   1166   1167   1168   1170   1180   1181   1182   1184
   1191   1192   1193   1195   1207   1208   1209   1211   1219   1220
   1221   1223   1236   1237   1238   1240   1255   1256   1257   1259
   1277   1278   1279   1281   1289   1290   1291   1293   1305   1306
   1307   1309   1312   1313   1314   1316   1322   1323   1324   1326
   1344   1345   1346   1348   1368   1369   1370   1372   1384   1385
   1386   1388   1403   1404   1405   1407   1422   1423   1424   1426
   1429   1430   1431   1433   1446   1447   1448   1450   1457   1458
   1459   1461   1472   1473   1474   1476   1496   1497   1498   1500
   1520   1521   1522   1524   1531   1532   1533   1535   1552   1553
   1554   1556   1572   1573   1574   1576   1589   1590   1591   1593
   1604   1605   1606   1608   1616   1617   1618   1620   1628   1629
   1630   1632   1650   1651   1652   1654   1670   1671   1672   1674
   1689   1690   1691   1693   1699   1700   1701   1703   1711   1712
   1713   1715   1733   1734   1735   1737   1747   1748   1749   1751
   1769   1770   1771   1773   1789   1790   1791   1793   1799   1800
   1801   1803   1818   1819   1820   1822   1825   1826   1827   1829
   1842   1843   1844   1846   1849   1850   1851   1853   1865   1866
   1867   1869   1872   1873   1874   1876   1888   1889   1890   1892
   1907   1908   1909   1911   1926   1927   1928   1930   1937   1938
   1939   1941   1956   1957   1958   1960   1963   1964   1965   1967
   1978   1979   1980   1982   1992   1993   1994   1996   2011   2012
   2013   2015   2026   2027   2028   2030   2041   2042   2043   2045
   2063   2064   2065   2067   2085   2086   2087   2089   2095   2096
   2097   2099   2102   2103   2104   2106   2124   2125   2126   2128
   2138   2139   2140   2142   2157   2158   2159   2161   2169   2170
   2171   2173   2185   2186   2187   2189   2201   2202   2203   2205
   2216   2217   2218   2220   2240   2241   2242   2244   2257   2258
   2259   2261   2276   2277   2278   2280   2290   2291   2292   2294
   2300   2301   2302   2304   2316   2317   2318   2320   2335   2336
   2337   2339   2350   2351   2352   2354   2365   2366   2367   2369
   2381   2382   2383   2385   2403   2404   2405   2407   2415   2416
   2417   2419   2439   2440   2441   2443   2453   2454   2455   2457
   2467   2468   2469   2471   2483   2484   2485   2487   2499   2500
   2501   2503   2515   2516   2517   2519   2525   2526   2527   2529
   2546   2547   2548   2550   2561   2562   2563   2567   2575   2576
   2577   2579   2591   2592   2593   2595   2615   2616   2617   2619
   2625   2626   2627   2629   2644   2645   2646   2648   2651   2652
   2653   2655   2665   2666   2667   2669   2672   2673   2674   2676
   2691   2692   2693   2695   2701   2702   2703   2705   2711   2712
   2713   2715   2725   2726   2727   2731   2739   2740   2741   2743
   2754   2755   2756   2758   2766   2767   2768   2770   2776   2777
   2778   2780   2793   2794   2795   2797   2805   2806   2807   2809
   2824   2825   2826   2828   2841   2842   2843   2845   2851   2852
   2853   2855   2862   2863   2864   2866   2881   2882   2883   2885
   2905   2906   2907   2909   2927   2928   2929   2931   2947   2948
   2949   2951   2966   2967   2968   2970   2976   2977   2978   2980
   2987   2988   2989   2991   3009   3010   3011   3013   3028   3029
   3030   3032   3035   3036   3037   3039   3047   3048   3049   3051
   3069   3070   3071   3073   3079   3080   3081   3083   3089   3090
   3091   3093   3100   3101   3102   3104   3115   3116   3117   3119
   3134   3135   3136   3138   3158   3159   3160   3162   3177   3178
   3179   3181   3196   3197   3198   3200   3217   3218   3219   3221
   3224   3225   3226   3228   3231   3232   3233   3235   3242   3243
   3244   3246   3252   3253   3254   3256   3266   3267   3268   3270
   3273   3274   3275   3277   3284   3285   3286   3288   3298   3299
   3300   3302   3308   3309   3310   3312   3324   3325   3326   3328
   3338   3339   3340   3342   3358   3359   3360   3362   3380   3381
   3382   3384   3392   3393   3394   3396   3414   3415   3416   3418
   3424   3425   3426   3428   3436   3437   3438   3440   3452   3453
   3454   3456   3464   3465   3466   3468   3471   3472   3473   3475
   3491   3492   3493   3495   3510   3511   3512   3514   3526   3527
   3528   3530   3533   3534   3535   3537   3540   3541   3542   3544
   3550   3551   3552   3554   3561   3562   3563   3565   3580   3581
   3582   3584   3602   3603   3604   3608   3616   3617   3618   3620
   3631   3632   3633   3635   3651   3652   3653   3655   3667   3668
   3669   3671   3679   3680   3681   3683   3698   3699   3700   3702
   3717   3718   3719   3721   3731   3732   3733   3735   3742   3743
   3744   3746   3766   3767   3768   3770   3780   3781   3794   3796
   3802   3803   3804   3806   3826   3827   3828   3830   3840   3841
   3842   3844   3860   3861   3862   3864   3880   3881   3882   3884
   3896   3897   3898   3900   3903   3904   3905   3907   3910   3911
   3912   3914   3924   3925   3926   3928   3944   3945   3946   3948
   3966   3967   3968   3970   3985   3986   3987   3989   3999   4000
   4001   4003   4006   4007   4008   4010   4017   4018   4019   4021
   4039   4040   4041   4043   4056   4057   4058   4060   4067   4068
   4069   4071   4086   4087   4088   4090   4108   4109   4110   4112
   4123   4124   4125   4127   4142   4143   4144   4146   4158   4159
   4160   4162   4173   4174   4175   4177   4197   4198   4199   4201
   4216   4217   4218   4220   4230   4231   4232   4234   4244   4245
   4246   4248   4254   4255   4256   4258   4265   4266   4267   4269
   4284   4285   4286   4290   4298   4299   4300   4302   4313   4314
   4315   4317   4327   4328   4329   4331   4343   4344   4345   4347
   4358   4359   4360   4362   4374   4375   4376   4378   4390   4391
   4392   4394   4409   4410   4411   4413   4420   4421   4422   4426
   4434   4435   4436   4440   4448   4449   4450   4452   4458   4459
   4460   4462   4472   4473   4474   4476   4493   4494   4495   4497
   4512   4513   4514   4516   4524   4525   4526   4528   4545   4546
   4547   4549   4556   4557   4558   4560   4572   4573   4574   4576
   4583   4584   4585   4587   4602   4603   4604   4606   4618   4619
   4620   4622   4640   4641   4642   4644   4662   4663   4664   4668
   4676   4677   4678   4680   4693   4694   4695   4697   4709   4710
   4711   4713   4723   4724   4725   4727   4739   4740   4741   4743
   4746   4747   4748   4750   4756   4757   4758   4760   4773   4774
   4775   4777   4787   4788   4789   4791   4797   4798   4799   4801
   4818   4819   4820   4822   4837   4838   4839   4841   4859   4860
   4861   4863   4869   4870   4871   4873   4880   4881   4882   4884
   4887   4888   4889   4891   4897   4898   4899   4901   4917   4918
   4919   4921   4931   4932   4933   4935   4938   4939   4940   4942
   4953   4954   4955   4957   4967   4968   4969   4971   4978   4979
   4980   4982   4994   4995   4996   4998   5006   5007   5008   5010
   5023   5024   5025   5027   5042   5043   5044   5046   5064   5065
   5066   5068   5076   5077   5078   5080   5092   5093   5094   5096
   5099   5100   5101   5103   5109   5110   5111   5113   5131   5132
   5133   5135   5155   5156   5157   5159   5171   5172   5173   5175
   5190   5191   5192   5194   5209   5210   5211   5213   5216   5217
   5218   5220   5233   5234   5235   5237   5244   5245   5246   5248
   5259   5260   5261   5263   5283   5284   5285   5287   5307   5308
   5309   5311   5318   5319   5320   5322   5339   5340   5341   5343
   5359   5360   5361   5363   5376   5377   5378   5380   5391   5392
   5393   5395   5403   5404   5405   5407   5415   5416   5417   5419
   5437   5438   5439   5441   5457   5458   5459   5461   5476   5477
   5478   5480   5486   5487   5488   5490   5498   5499   5500   5502
   5520   5521   5522   5524   5534   5535   5536   5538   5556   5557
   5558   5560   5576   5577   5578   5580   5586   5587   5588   5590
   5605   5606   5607   5609   5612   5613   5614   5616   5629   5630
   5631   5633   5636   5637   5638   5640   5652   5653   5654   5656
   5659   5660   5661   5663   5675   5676   5677   5679   5694   5695
   5696   5698   5713   5714   5715   5717   5724   5725   5726   5728
   5743   5744   5745   5747   5750   5751   5752   5754   5765   5766
   5767   5769   5779   5780   5781   5783   5798   5799   5800   5802
   5813   5814   5815   5817   5828   5829   5830   5832   5850   5851
   5852   5854   5872   5873   5874   5876   5882   5883   5884   5886
   5889   5890   5891   5893   5911   5912   5913   5915   5925   5926
   5927   5929   5944   5945   5946   5948   5956   5957   5958   5960
   5972   5973   5974   5976   5988   5989   5990   5992   6003   6004
   6005   6007   6027   6028   6029   6031   6044   6045   6046   6048
   6063   6064   6065   6067   6077   6078   6079   6081   6087   6088
   6089   6091   6103   6104   6105   6107   6122   6123   6124   6126
   6137   6138   6139   6141   6152   6153   6154   6156   6168   6169
   6170   6172   6190   6191   6192   6194   6202   6203   6204   6206
   6226   6227   6228   6230   6240   6241   6242   6244   6254   6255
   6256   6258   6270   6271   6272   6274   6286   6287   6288   6290
   6302   6303   6304   6306   6312   6313   6314   6316   6333   6334
   6335   6337   6348   6349   6350   6354   6362   6363   6364   6366
   6378   6379   6380   6382   6402   6403   6404   6406   6412   6413
   6414   6416   6431   6432   6433   6435   6438   6439   6440   6442
   6452   6453   6454   6456   6459   6460   6461   6463   6478   6479
   6480   6482   6488   6489   6490   6492   6498   6499   6500   6502
   6512   6513   6514   6518   6526   6527   6528   6530   6541   6542
   6543   6545   6553   6554   6555   6557   6563   6564   6565   6567
   6580   6581   6582   6584   6592   6593   6594   6596   6611   6612
   6613   6615   6628   6629   6630   6632   6638   6639   6640   6642
   6649   6650   6651   6653   6668   6669   6670   6672   6692   6693
   6694   6696   6714   6715   6716   6718   6734   6735   6736   6738
   6753   6754   6755   6757   6763   6764   6765   6767   6774   6775
   6776   6778   6796   6797   6798   6800   6815   6816   6817   6819
   6822   6823   6824   6826   6834   6835   6836   6838   6856   6857
   6858   6860   6866   6867   6868   6870   6876   6877   6878   6880
   6887   6888   6889   6891   6902   6903   6904   6906   6921   6922
   6923   6925   6945   6946   6947   6949   6964   6965   6966   6968
   6983   6984   6985   6987   7004   7005   7006   7008   7011   7012
   7013   7015   7018   7019   7020   7022   7029   7030   7031   7033
   7039   7040   7041   7043   7053   7054   7055   7057   7060   7061
   7062   7064   7071   7072   7073   7075   7085   7086   7087   7089
   7095   7096   7097   7099   7111   7112   7113   7115   7125   7126
   7127   7129   7145   7146   7147   7149   7167   7168   7169   7171
   7179   7180   7181   7183   7201   7202   7203   7205   7211   7212
   7213   7215   7223   7224   7225   7227   7239   7240   7241   7243
   7251   7252   7253   7255   7258   7259   7260   7262   7278   7279
   7280   7282   7297   7298   7299   7301   7313   7314   7315   7317
   7320   7321   7322   7324   7327   7328   7329   7331   7337   7338
   7339   7341   7348   7349   7350   7352   7367   7368   7369   7371
   7389   7390   7391   7395   7403   7404   7405   7407   7418   7419
   7420   7422   7438   7439   7440   7442   7454   7455   7456   7458
   7466   7467   7468   7470   7485   7486   7487   7489   7504   7505
   7506   7508   7518   7519   7520   7522   7529   7530   7531   7533
   7553   7554   7555   7557   7567   7568
 group =     2, "(sid:DHA or sid:DHA around_res:3.0) and not hydrogen"
 # of atoms =    89
 atomlist: 
    125    127    129    132    133    134    137    138    159    161
    163    166    169    172    175    179    180   1431   1433   1435
   1438   1439   1440   1442   1444   1446   1447   2548   2550   2552
   2555   2558   2559   2560   2561   2562   2627   2629   2631   2633
   2637   2640   2644   2645   2646   2648   2651   2652   3226   3228
   3231   3232   3233   3235   3237   3240   3242   3243   3493   3495
   3497   3500   3502   3506   3510   3511   3528   3530   3533   3534
   3535   3537   3540   3541   7575   7576   7577   7578   7579   7580
   7583   7584   7585   7586   7629   7632   7635   7638   8019
 group =     3, "(sid:TIMA or sid:TIMB) and not (an:CA | an:C | an:O | an:N) and not hydrogen"
 # of atoms =  1798
 atomlist: 
      1      5      6     11     21     24     27     30     32     33
     36     45     47     49     59     62     63     65     67     69
     71     79     82     83     85     87     89     91     99    101
    105    129    132    133    134    143    146    147    149    151
    153    155    163    166    169    172    175    185    188    190
    194    204    207    208    209    225    228    236    239    242
    245    248    258    261    264    265    266    275    278    286
    288    292    295    305    308    311    314    317    327    330
    333    334    335    342    344    348    351    361    363    367
    377    380    383    384    385    392    395    398    401    403
    404    407    416    419    421    425    435    438    439    440
    449    451    453    463    473    476    484    486    490    493
    500    505    508    517    520    523    524    525    532    535
    536    537    546    548    552    562    565    568    569    570
    577    579    583    593    595    599    609    611    615    618
    628    631    636    641    644    650    655    658    667    677
    679    681    691    694    695    697    699    700    702    704
    712    715    717    721    731    734    735    736    743    746
    747    749    751    752    754    756    764    767    775    777
    781    791    794    802    805    807    811    821    823    827
    837    840    843    846    849    859    862    865    868    871
    878    883    886    895    898    901    902    903    912    914
    918    928    930    932    942    944    948    965    975    978
    981    982    983    992    995    996    997   1006   1016   1019
   1020   1022   1024   1025   1027   1029   1037   1040   1042   1046
   1056   1059   1062   1065   1068   1078   1088   1091   1106   1116
   1119   1120   1122   1124   1126   1128   1136   1138   1140   1157
   1160   1163   1164   1165   1172   1175   1176   1177   1186   1189
   1197   1199   1203   1213   1216   1217   1218   1225   1228   1231
   1232   1233   1242   1244   1248   1251   1261   1264   1267   1270
   1273   1283   1286   1287   1288   1295   1297   1301   1318   1328
   1331   1334   1337   1340   1350   1353   1354   1356   1358   1359
   1360   1362   1364   1366   1374   1376   1380   1390   1392   1396
   1399   1409   1412   1414   1418   1435   1438   1439   1440   1442
   1444   1452   1455   1463   1466   1469   1470   1471   1478   1481
   1484   1487   1489   1490   1493   1502   1505   1508   1511   1513
   1514   1517   1526   1529   1537   1540   1541   1543   1545   1546
   1548   1550   1558   1561   1562   1564   1566   1568   1570   1578
   1581   1583   1584   1586   1587   1595   1598   1601   1602   1603
   1610   1613   1614   1615   1622   1625   1626   1627   1634   1637
   1640   1643   1646   1656   1659   1660   1662   1664   1666   1668
   1676   1678   1682   1685   1695   1705   1708   1709   1710   1717
   1720   1723   1726   1729   1739   1741   1743   1753   1756   1759
   1762   1765   1775   1778   1779   1781   1783   1785   1787   1795
   1805   1808   1810   1814   1831   1834   1837   1838   1839   1855
   1857   1861   1878   1880   1884   1894   1896   1900   1903   1913
   1916   1918   1922   1932   1935   1943   1945   1949   1952   1969
   1972   1975   1976   1977   1984   1986   1988   1998   2001   2003
   2007   2017   2020   2023   2024   2025   2032   2035   2038   2039
   2040   2047   2050   2053   2056   2059   2069   2072   2075   2078
   2081   2091   2108   2111   2114   2117   2120   2130   2132   2134
   2144   2147   2149   2153   2163   2166   2167   2168   2175   2177
   2181   2191   2193   2197   2207   2210   2213   2214   2215   2222
   2225   2228   2231   2233   2234   2237   2246   2249   2252   2253
   2254   2263   2266   2268   2272   2282   2285   2286   2287   2296
   2306   2308   2312   2322   2325   2327   2331   2341   2344   2347
   2348   2349   2356   2359   2362   2363   2364   2371   2373   2377
   2387   2390   2393   2396   2399   2409   2412   2413   2414   2421
   2424   2425   2427   2429   2430   2431   2433   2435   2437   2445
   2447   2449   2459   2462   2463   2464   2473   2475   2479   2489
   2491   2495   2505   2507   2511   2521   2531   2534   2535   2537
   2539   2540   2542   2544   2552   2555   2558   2559   2560   2564
   2569   2572   2581   2583   2587   2597   2600   2601   2603   2605
   2606   2607   2609   2611   2613   2621   2631   2633   2637   2640
   2657   2659   2661   2678   2681   2683   2687   2697   2707   2717
   2719   2721   2728   2733   2736   2745   2748   2751   2752   2753
   2760   2763   2764   2765   2772   2782   2785   2788   2789   2790
   2799   2802   2803   2804   2811   2813   2817   2820   2830   2833
   2835   2836   2838   2839   2847   2857   2860   2868   2870   2874
   2877   2887   2890   2893   2896   2898   2899   2902   2911   2914
   2917   2920   2923   2933   2936   2937   2939   2941   2943   2945
   2953   2956   2958   2962   2972   2982   2985   2993   2996   2999
   3002   3005   3015   3018   3020   3024   3041   3044   3045   3046
   3053   3056   3059   3062   3065   3075   3085   3095   3098   3106
   3109   3112   3113   3114   3121   3124   3126   3130   3140   3143
   3146   3149   3151   3152   3155   3164   3166   3170   3173   3183
   3186   3188   3192   3202   3205   3206   3208   3210   3211   3213
   3215   3237   3240   3248   3258   3261   3262   3263   3279   3282
   3290   3293   3294   3295   3304   3314   3316   3320   3330   3332
   3334   3344   3347   3348   3350   3352   3354   3356   3364   3367
   3370   3373   3376   3386   3389   3390   3391   3398   3401   3404
   3407   3410   3420   3430   3433   3434   3435   3442   3444   3448
   3458   3461   3462   3463   3477   3480   3481   3483   3485   3487
   3489   3497   3500   3502   3506   3516   3518   3522   3546   3556
   3559   3567   3570   3572   3576   3586   3589   3592   3595   3598
   3605   3610   3613   3622   3625   3628   3629   3630   3637   3640
   3641   3643   3645   3647   3649   3657   3659   3663   3673   3676
   3677   3678   3685   3687   3691   3694   3704   3706   3710   3713
   3723   3726   3727   3728   3737   3740   3748   3751   3754   3757
   3759   3760   3763   3772   3775   3776   3777   3782   3784   3788
   3792   3793   3798   3808   3811   3814   3817   3819   3820   3823
   3832   3834   3836   3846   3849   3850   3852   3854   3856   3858
   3866   3869   3870   3872   3874   3876   3878   3886   3888   3892
   3916   3919   3920   3921   3930   3933   3934   3936   3938   3940
   3942   3950   3953   3956   3959   3962   3972   3975   3977   3981
   3991   3994   3995   3996   4012   4015   4023   4026   4029   4032
   4035   4045   4048   4051   4052   4053   4062   4065   4073   4075
   4079   4082   4092   4095   4098   4101   4104   4114   4117   4120
   4121   4122   4129   4131   4135   4138   4148   4150   4154   4164
   4167   4170   4171   4172   4179   4182   4185   4188   4190   4191
   4194   4203   4206   4208   4212   4222   4225   4226   4227   4236
   4238   4240   4250   4260   4263   4271   4273   4277   4280   4287
   4292   4295   4304   4307   4310   4311   4312   4319   4322   4323
   4324   4333   4335   4339   4349   4352   4355   4356   4357   4364
   4366   4370   4380   4382   4386   4396   4398   4402   4405   4415
   4418   4423   4428   4431   4437   4442   4445   4454   4464   4466
   4468   4478   4481   4482   4484   4486   4487   4489   4491   4499
   4502   4504   4508   4518   4521   4522   4523   4530   4533   4534
   4536   4538   4539   4541   4543   4551   4554   4562   4564   4568
   4578   4581   4589   4592   4594   4598   4608   4610   4614   4624
   4627   4630   4633   4636   4646   4649   4652   4655   4658   4665
   4670   4673   4682   4685   4688   4689   4690   4699   4701   4705
   4715   4717   4719   4729   4731   4735   4752   4762   4765   4768
   4769   4770   4779   4782   4783   4784   4793   4803   4806   4807
   4809   4811   4812   4814   4816   4824   4827   4829   4833   4843
   4846   4849   4852   4855   4865   4875   4878   4893   4903   4906
   4907   4909   4911   4913   4915   4923   4925   4927   4944   4947
   4950   4951   4952   4959   4962   4963   4964   4973   4976   4984
   4986   4990   5000   5003   5004   5005   5012   5015   5018   5019
   5020   5029   5031   5035   5038   5048   5051   5054   5057   5060
   5070   5073   5074   5075   5082   5084   5088   5105   5115   5118
   5121   5124   5127   5137   5140   5141   5143   5145   5146   5147
   5149   5151   5153   5161   5163   5167   5177   5179   5183   5186
   5196   5199   5201   5205   5222   5225   5226   5227   5229   5231
   5239   5242   5250   5253   5256   5257   5258   5265   5268   5271
   5274   5276   5277   5280   5289   5292   5295   5298   5300   5301
   5304   5313   5316   5324   5327   5328   5330   5332   5333   5335
   5337   5345   5348   5349   5351   5353   5355   5357   5365   5368
   5370   5371   5373   5374   5382   5385   5388   5389   5390   5397
   5400   5401   5402   5409   5412   5413   5414   5421   5424   5427
   5430   5433   5443   5446   5447   5449   5451   5453   5455   5463
   5465   5469   5472   5482   5492   5495   5496   5497   5504   5507
   5510   5513   5516   5526   5528   5530   5540   5543   5546   5549
   5552   5562   5565   5566   5568   5570   5572   5574   5582   5592
   5595   5597   5601   5618   5621   5624   5625   5626   5642   5644
   5648   5665   5667   5671   5681   5683   5687   5690   5700   5703
   5705   5709   5719   5722   5730   5732   5736   5739   5756   5759
   5762   5763   5764   5771   5773   5775   5785   5788   5790   5794
   5804   5807   5810   5811   5812   5819   5822   5825   5826   5827
   5834   5837   5840   5843   5846   5856   5859   5862   5865   5868
   5878   5895   5898   5901   5904   5907   5917   5919   5921   5931
   5934   5936   5940   5950   5953   5954   5955   5962   5964   5968
   5978   5980   5984   5994   5997   6000   6001   6002   6009   6012
   6015   6018   6020   6021   6024   6033   6036   6039   6040   6041
   6050   6053   6055   6059   6069   6072   6073   6074   6083   6093
   6095   6099   6109   6112   6114   6118   6128   6131   6134   6135
   6136   6143   6146   6149   6150   6151   6158   6160   6164   6174
   6177   6180   6183   6186   6196   6199   6200   6201   6208   6211
   6212   6214   6216   6217   6218   6220   6222   6224   6232   6234
   6236   6246   6249   6250   6251   6260   6262   6266   6276   6278
   6282   6292   6294   6298   6308   6318   6321   6322   6324   6326
   6327   6329   6331   6339   6342   6345   6346   6347   6351   6356
   6359   6368   6370   6374   6384   6387   6388   6390   6392   6393
   6394   6396   6398   6400   6408   6418   6420   6424   6427   6444
   6446   6448   6465   6468   6470   6474   6484   6494   6504   6506
   6508   6515   6520   6523   6532   6535   6538   6539   6540   6547
   6550   6551   6552   6559   6569   6572   6575   6576   6577   6586
   6589   6590   6591   6598   6600   6604   6607   6617   6620   6622
   6623   6625   6626   6634   6644   6647   6655   6657   6661   6664
   6674   6677   6680   6683   6685   6686   6689   6698   6701   6704
   6707   6710   6720   6723   6724   6726   6728   6730   6732   6740
   6743   6745   6749   6759   6769   6772   6780   6783   6786   6789
   6792   6802   6805   6807   6811   6828   6831   6832   6833   6840
   6843   6846   6849   6852   6862   6872   6882   6885   6893   6896
   6899   6900   6901   6908   6911   6913   6917   6927   6930   6933
   6936   6938   6939   6942   6951   6953   6957   6960   6970   6973
   6975   6979   6989   6992   6993   6995   6997   6998   7000   7002
   7024   7027   7035   7045   7048   7049   7050   7066   7069   7077
   7080   7081   7082   7091   7101   7103   7107   7117   7119   7121
   7131   7134   7135   7137   7139   7141   7143   7151   7154   7157
   7160   7163   7173   7176   7177   7178   7185   7188   7191   7194
   7197   7207   7217   7220   7221   7222   7229   7231   7235   7245
   7248   7249   7250   7264   7267   7268   7270   7272   7274   7276
   7284   7287   7289   7293   7303   7305   7309   7333   7343   7346
   7354   7357   7359   7363   7373   7376   7379   7382   7385   7392
   7397   7400   7409   7412   7415   7416   7417   7424   7427   7428
   7430   7432   7434   7436   7444   7446   7450   7460   7463   7464
   7465   7472   7474   7478   7481   7491   7493   7497   7500   7510
   7513   7514   7515   7524   7527   7535   7538   7541   7544   7546
   7547   7550   7559   7562   7563   7564   7569   7571
 group =     4, "sid:WAT and an:OH2"
 # of atoms =   251
 atomlist: 
   7605   7608   7611   7614   7617   7620   7623   7626   7629   7632
   7635   7638   7641   7644   7647   7650   7653   7656   7659   7662
   7665   7668   7671   7674   7677   7680   7683   7686   7689   7692
   7695   7698   7701   7704   7707   7710   7713   7716   7719   7722
   7725   7728   7731   7734   7737   7740   7743   7746   7749   7752
   7755   7758   7761   7764   7767   7770   7773   7776   7779   7782
   7785   7788   7791   7794   7797   7800   7803   7806   7809   7812
   7815   7818   7821   7824   7827   7830   7833   7836   7839   7842
   7845   7848   7851   7854   7857   7860   7863   7866   7869   7872
   7875   7878   7881   7884   7887   7890   7893   7896   7899   7902
   7905   7908   7911   7914   7917   7920   7923   7926   7929   7932
   7935   7938   7941   7944   7947   7950   7953   7956   7959   7962
   7965   7968   7971   7974   7977   7980   7983   7986   7989   7992
   7995   7998   8001   8004   8007   8010   8013   8016   8019   8022
   8025   8028   8031   8034   8037   8040   8043   8046   8049   8052
   8055   8058   8061   8064   8067   8070   8073   8076   8079   8082
   8085   8088   8091   8094   8097   8100   8103   8106   8109   8112
   8115   8118   8121   8124   8127   8130   8133   8136   8139   8142
   8145   8148   8151   8154   8157   8160   8163   8166   8169   8172
   8175   8178   8181   8184   8187   8190   8193   8196   8199   8202
   8205   8208   8211   8214   8217   8220   8223   8226   8229   8232
   8235   8238   8241   8244   8247   8250   8253   8256   8259   8262
   8265   8268   8271   8274   8277   8280   8283   8286   8289   8292
   8295   8298   8301   8304   8307   8310   8313   8316   8319   8322
   8325   8328   8331   8334   8337   8340   8343   8346   8349   8352
   8355
Setup_Enefunc_Restraint> Setup restraint functions
 func  =     1 kind  =     1
 const(total, x, y, z) =    2.500   1.000   1.000   1.000
 exponend of function =     2
 # of groups  =     1
 grouplist:   1

 func  =     2 kind  =     1
 const(total, x, y, z) =    2.000   1.000   1.000   1.000
 exponend of function =     2
 # of groups  =     1
 grouplist:   2

 func  =     3 kind  =     1
 const(total, x, y, z) =    0.500   1.000   1.000   1.000
 exponend of function =     2
 # of groups  =     1
 grouplist:   3

 func  =     4 kind  =     1
 const(total, x, y, z) =    0.500   1.000   1.000   1.000
 exponend of function =     2
 # of groups  =     1
 grouplist:   4

Define_Enefunc_CHARMM> Number of Interactions in Each Term
  bond_ene        =      37288  angle_ene       =      23768
  urey_ene        =       6660
  torsion_ene     =      23932  improper_ene    =       1292
  cmap_ene        =        494
  restraint_groups=          4  restraint_funcs =          4
 
Setup_Fitting_Atdyn> NO fitting is applied, skip
  fitting method  =  NO
 
Update_Num_Deg_Freedom> Number of degrees of freedom was updated
  num_deg_freedom =      82743 (After setup of fixed atoms at boundary)
 
Remove_Fixatm> Modified Interactions
  bond_ene        =      27643  angle_ene       =      20553
  urey_ene        =       6660
  torsion_ene     =      23932  improper_ene    =       1292
 
Setup_Settle> Setup constraints for SETTLE
  num_unconsbonds =       7666      num_Settle  =       6659
  r0(O-H)         =     0.9572  mass(O)         =    15.9994
  r0(H-H)         =     1.5139  mass(H)         =     1.0080
 
Setup_Shake> Setup constrains for SHAKE and RATTLE
  num_unconsbonds =       3856  num_rigid_bonds =       3810
 
Update_Num_Deg_Freedom> Number of degrees of freedom was updated
  num_deg_freedom =      62766 (After setup of SETTLE)
 
Update_Num_Deg_Freedom> Number of degrees of freedom was updated
  num_deg_freedom =      58956 (After setup of SHAKE/RATTLE)
 
[STEP4] Compute Single Point Energy for Molecules
 
            STEP            BOND           ANGLE    UREY-BRADLEY        DIHEDRAL        IMPROPER            CMAP         VDWAALS           ELECT    RESTRAINT001    RESTRAINT002    RESTRAINT003    RESTRAINT004    RESTR_CVS001    RESTR_CVS002    RESTR_CVS003    RESTR_CVS004            SPOT
 --------------- --------------- --------------- --------------- ---------------
               0       1458.5512       3616.3384        461.4160       4564.3245        256.4881       -181.7367       7143.7139    -117515.8313        171.2034          9.4000        110.3195         46.7925          0.0000          0.0000          0.0000          0.0000         17.5394

[STEP5] Perform Molecular Dynamics Simulation
 
INFO:       STEP            TIME       TOTAL_ENE   POTENTIAL_ENE     KINETIC_ENE            RMSG            BOND           ANGLE    UREY-BRADLEY        DIHEDRAL        IMPROPER            CMAP         VDWAALS           ELECT RESTRAINT_TOTAL    RESTRAINT001    RESTRAINT002    RESTRAINT003    RESTRAINT004    RESTR_CVS001    RESTR_CVS002    RESTR_CVS003    RESTR_CVS004     TEMPERATURE          VOLUME            SPOT
 --------------- --------------- --------------- --------------- ---------------
INFO:        500          1.0000     -82153.8973     -99614.9499      17461.0527         12.6512       1465.7797       3684.6061        483.0709       4565.5017        280.5124       -171.2180       7000.1507    -117407.0373        483.6839        251.2304         11.6740        146.2738         74.5057          0.0000          0.0000          0.0000          0.0000        298.0800          0.0000         15.4880

INFO:       1000          2.0000     -82161.7169     -99673.7558      17512.0389         12.6001       1473.6445       3715.0710        464.7855       4556.0060        262.9508       -169.8466       7133.9793    -117599.1135        488.7673        236.0531         12.1992        166.8394         73.6756          0.0000          0.0000          0.0000          0.0000        298.9504          0.0000         17.3672

INFO:       1500          3.0000     -82206.8670     -99754.0956      17547.2286         12.5928       1454.0732       3653.2188        466.7359       4553.5092        242.3512       -180.7045       7052.4699    -117503.3884        507.6391        253.0209          9.9557        165.6544         79.0081          0.0000          0.0000          0.0000          0.0000        299.5511          0.0000         15.5674

INFO:       2000          4.0000     -82209.6153     -99818.5419      17608.9266         12.6301       1495.7507       3627.5812        469.8713       4541.3481        244.3357       -170.3953       7146.5328    -117653.7462        480.1798        230.7984          9.3818        162.7446         77.2550          0.0000          0.0000          0.0000          0.0000        300.6043          0.0000         19.2402

INFO:       2500          5.0000     -82125.3650     -99647.2010      17521.8360         12.5494       1430.1213       3676.3064        460.2366       4532.8133        263.7176       -175.9577       7279.4647    -117658.0309        544.1278        266.7056         10.6583        179.9241         86.8398          0.0000          0.0000          0.0000          0.0000        299.1176          0.0000         16.2918

INFO:       3000          6.0000     -82120.0968     -99645.4540      17525.3571         12.6095       1470.6477       3657.2694        462.9643       4566.3199        255.9896       -168.2526       7148.9596    -117544.3303        504.9785        246.8395          8.4939        169.3972         80.2480          0.0000          0.0000          0.0000          0.0000        299.1777          0.0000         21.2544

INFO:       3500          7.0000     -82105.4345     -99683.6725      17578.2380         12.6228       1453.4209       3670.4990        467.8644       4550.2191        251.9426       -178.1158       7051.3407    -117460.3475        509.5040        244.8323         11.1526        170.9751         82.5439          0.0000          0.0000          0.0000          0.0000        300.0805          0.0000         19.5395

INFO:       4000          8.0000     -82055.3033     -99581.4027      17526.0994         12.6432       1466.1909       3773.8220        488.5257       4558.3295        254.9774       -183.0816       7234.6384    -117686.1231        511.3182        255.2988          7.4712        162.7778         85.7703          0.0000          0.0000          0.0000          0.0000        299.1904          0.0000         18.3874

INFO:       4500          9.0000     -82028.3366     -99622.5531      17594.2165         12.6395       1479.4914       3662.7107        465.4880       4554.8236        249.4046       -180.0283       7088.9471    -117451.6776        508.2876        250.2310          8.4212        164.0139         85.6214          0.0000          0.0000          0.0000          0.0000        300.3532          0.0000         17.4670

INFO:       5000         10.0000     -82057.9187     -99571.9196      17514.0010         12.5984       1456.3618       3725.4887        484.6912       4554.7219        270.1666       -174.1257       7145.8311    -117513.1308        478.0755        236.4445         12.0662        157.7802         71.7846          0.0000          0.0000          0.0000          0.0000        298.9839          0.0000         18.1076

INFO:       5500         11.0000     -82138.0523     -99788.3475      17650.2952         12.7065       1446.9895       3723.4457        484.0521       4505.2181        286.9639       -172.1090       7386.0088    -117955.4684        506.5518        243.1908         11.9394        168.7208         82.7007          0.0000          0.0000          0.0000          0.0000        301.3106          0.0000         21.1576

INFO:       6000         12.0000     -82142.8835     -99648.8539      17505.9704         12.7116       1470.9065       3747.1731        478.5801       4567.9661        252.2354       -183.6809       7091.4790    -117572.1261        498.6129        232.7854         11.5845        172.4319         81.8111          0.0000          0.0000          0.0000          0.0000        298.8468          0.0000         18.5395

INFO:       6500         13.0000     -82161.1924     -99783.2981      17622.1057         12.7073       1473.1385       3760.4361        480.4816       4563.2059        274.4350       -166.8365       7352.4110    -118032.5342        511.9646        247.0317          8.3440        170.9353         85.6535          0.0000          0.0000          0.0000          0.0000        300.8293          0.0000         18.0505

INFO:       7000         14.0000     -82088.8506     -99676.3256      17587.4750         12.6275       1462.1465       3769.0052        485.7472       4579.0341        275.2888       -184.2078       7208.8542    -117804.8857        532.6919        262.5957          9.9918        172.3819         87.7226          0.0000          0.0000          0.0000          0.0000        300.2381          0.0000         21.1542

INFO:       7500         15.0000     -82025.9990     -99619.6658      17593.6667         12.6208       1470.5743       3806.0086        479.8888       4541.5162        272.7449       -183.4257       7219.6797    -117713.3150        486.6626        233.1777          8.9906        168.5317         75.9626          0.0000          0.0000          0.0000          0.0000        300.3438          0.0000         21.1679

INFO:       8000         16.0000     -82106.1755     -99595.7951      17489.6197         12.5841       1459.7784       3683.8132        451.8505       4537.7113        272.5274       -172.4340       7341.6556    -117706.4196        535.7220        267.0779         11.5640        178.4807         78.5994          0.0000          0.0000          0.0000          0.0000        298.5676          0.0000         13.4633

INFO:       8500         17.0000     -82067.9942     -99489.5497      17421.5555         12.6531       1507.0511       3719.8157        488.7029       4580.9608        260.3627       -187.3030       7151.8150    -117534.8994        523.9446        248.9952          7.7569        183.7901         83.4025          0.0000          0.0000          0.0000          0.0000        297.4057          0.0000         20.7562

INFO:       9000         18.0000     -82077.9937     -99652.8751      17574.8814         12.6564       1432.3810       3789.5586        469.3185       4585.1887        268.2458       -168.2729       7273.0429    -117820.2631        517.9254        249.4076          9.9933        174.2159         84.3087          0.0000          0.0000          0.0000          0.0000        300.0232          0.0000         19.5069

INFO:       9500         19.0000     -82045.0079     -99514.3079      17469.3000         12.6728       1503.7052       3824.2509        484.8622       4515.2606        262.3653       -171.3234       7080.1928    -117522.8954        509.2738        244.3757          7.0538        171.5802         86.2642          0.0000          0.0000          0.0000          0.0000        298.2208          0.0000         16.8544

INFO:      10000         20.0000     -82046.8490     -99501.9304      17455.0814         12.6671       1482.0612       3814.4834        479.9774       4564.1928        249.3260       -181.9282       7108.3041    -117549.6038        531.2568        256.4635          8.1637        174.8565         91.7732          0.0000          0.0000          0.0000          0.0000        297.9780          0.0000         14.4733

INFO:      10500         21.0000     -81917.0821     -99521.5070      17604.4249         12.6213       1461.3111       3752.9762        481.9488       4562.7982        271.9070       -181.8795       7226.5112    -117620.4514        523.3714        249.1437          9.4971        179.3082         85.4224          0.0000          0.0000          0.0000          0.0000        300.5275          0.0000         13.9416

INFO:      11000         22.0000     -81883.5150     -99606.2692      17722.7542         12.6686       1483.8765       3755.4654        464.0659       4558.9641        264.1979       -164.9855       7052.9369    -117523.3495        502.5591        235.0622          8.9989        173.3377         85.1603          0.0000          0.0000          0.0000          0.0000        302.5475          0.0000         10.6726

INFO:      11500         23.0000     -81816.8504     -99495.1483      17678.2979         12.5864       1429.6089       3763.8572        477.3546       4577.3063        263.8970       -165.0052       7093.8939    -117458.7129        522.6518        255.7838          8.7444        166.2345         91.8891          0.0000          0.0000          0.0000          0.0000        301.7886          0.0000         14.3309

INFO:      12000         24.0000     -81731.2447     -99371.6956      17640.4509         12.6498       1454.9770       3768.2886        483.2746       4575.6716        285.8135       -148.5020       7185.4845    -117503.6479        526.9445        253.3789         10.0112        172.9751         90.5794          0.0000          0.0000          0.0000          0.0000        301.1425          0.0000         12.3698

INFO:      12500         25.0000     -81669.7235     -99361.2393      17691.5158         12.5853       1478.6860       3774.5134        480.4123       4608.2881        256.5179       -183.1613       7028.4290    -117339.7082        534.7836        253.0625         10.6510        176.0351         95.0350          0.0000          0.0000          0.0000          0.0000        302.0142          0.0000         10.1124

INFO:      13000         26.0000     -81706.3030     -99374.8564      17668.5535         12.5646       1431.4029       3800.7899        486.8812       4572.6092        254.4570       -162.1064       7001.8342    -117284.1806        523.4563        248.2710          9.5868        178.9599         86.6386          0.0000          0.0000          0.0000          0.0000        301.6222          0.0000         13.1917

INFO:      13500         27.0000     -81840.1513     -99469.5849      17629.4336         12.7054       1476.3004       3805.2185        478.4488       4551.8959        276.5726       -171.5480       7148.8085    -117574.6792        539.3976        261.8946          7.9583        180.5191         89.0255          0.0000          0.0000          0.0000          0.0000        300.9544          0.0000         13.6989

INFO:      14000         28.0000     -81932.0855     -99560.6629      17628.5774         12.5934       1470.4352       3754.1397        479.4893       4536.9318        269.3397       -153.4911       6854.2032    -117303.3686        531.6580        249.6257          8.8958        181.7975         91.3390          0.0000          0.0000          0.0000          0.0000        300.9398          0.0000         11.0997

INFO:      14500         29.0000     -82000.6792     -99680.8772      17680.1980         12.6108       1463.7009       3692.7552        477.5134       4576.1583        256.5632       -166.3150       7145.9506    -117645.8141        518.6104        252.7404          9.8671        171.6132         84.3896          0.0000          0.0000          0.0000          0.0000        301.8210          0.0000         11.8220

INFO:      15000         30.0000     -81942.8356     -99449.7854      17506.9498         12.6526       1471.8947       3748.2025        484.2054       4566.3570        247.4254       -174.8742       7307.9659    -117632.4154        531.4532        266.2672          8.9169        167.5208         88.7484          0.0000          0.0000          0.0000          0.0000        298.8635          0.0000         20.2202

INFO:      15500         31.0000     -82034.9328     -99744.8950      17709.9622         12.5301       1429.2615       3729.0021        467.0671       4545.5236        271.0168       -163.5164       6909.8881    -117440.5689        507.4310        243.1393          7.5750        179.7071         77.0095          0.0000          0.0000          0.0000          0.0000        302.3291          0.0000         13.6078

INFO:      16000         32.0000     -82035.7356     -99645.5417      17609.8061         12.6269       1457.4171       3718.2610        497.3536       4506.9616        247.0082       -172.4557       7260.7679    -117679.5797        518.7243        252.9694          7.3313        176.2556         82.1681          0.0000          0.0000          0.0000          0.0000        300.6194          0.0000         17.4726

INFO:      16500         33.0000     -81955.0992     -99720.2565      17765.1573         12.6183       1453.6661       3684.4797        466.3758       4560.6910        249.5361       -164.3149       7048.7910    -117540.1312        520.6499        254.3175          8.5976        172.8264         84.9084          0.0000          0.0000          0.0000          0.0000        303.2714          0.0000         13.4568

INFO:      17000         34.0000     -81976.6022     -99741.3878      17764.7856         12.6466       1454.0325       3717.4812        470.7525       4572.0518        302.0158       -169.9471       7180.4822    -117773.2400        504.9833        251.4732          7.4359        164.4245         81.6497          0.0000          0.0000          0.0000          0.0000        303.2650          0.0000         18.9334

INFO:      17500         35.0000     -81946.8607     -99616.8564      17669.9957         12.6619       1466.2531       3673.8474        471.3860       4549.1668        265.0644       -171.7334       7205.9208    -117622.1557        545.3942        272.8043          7.2453        174.1047         91.2398          0.0000          0.0000          0.0000          0.0000        301.6469          0.0000         19.0226

INFO:      18000         36.0000     -81997.0720     -99434.5276      17437.4556         12.6345       1453.2114       3738.8884        490.7830       4538.4946        261.0972       -164.2981       7164.5023    -117450.7713        533.5651        261.2690         11.1557        177.6203         83.5201          0.0000          0.0000          0.0000          0.0000        297.6771          0.0000         18.5437

INFO:      18500         37.0000     -82019.9961     -99506.8633      17486.8672         12.5988       1445.9123       3773.7921        480.4563       4549.5030        275.5639       -165.0015       6980.7817    -117374.0793        526.2081        263.5687         13.0387        164.3200         85.2806          0.0000          0.0000          0.0000          0.0000        298.5207          0.0000         19.2284

INFO:      19000         38.0000     -81874.8174     -99621.6384      17746.8211         12.6513       1462.5385       3805.0821        467.7643       4563.2428        276.0191       -181.9504       7332.2397    -117868.7676        522.1931        268.4226         10.8464        161.2847         81.6395          0.0000          0.0000          0.0000          0.0000        302.9584          0.0000          5.9624

INFO:      19500         39.0000     -81957.7596     -99685.9593      17728.1997         12.6356       1493.5822       3684.0691        466.6242       4566.7559        266.6341       -180.1699       7022.1088    -117534.4143        528.8507        255.9317         10.1503        167.5722         95.1965          0.0000          0.0000          0.0000          0.0000        302.6405          0.0000         16.8062

INFO:      20000         40.0000     -81979.2417     -99586.0082      17606.7665         12.6724       1479.1136       3765.7207        487.6103       4554.2260        256.0590       -159.2310       7118.3464    -117608.7990        520.9459        241.7966         10.8060        167.1584        101.1849          0.0000          0.0000          0.0000          0.0000        300.5675          0.0000         15.6356

INFO:      20500         41.0000     -81936.1285     -99590.8016      17654.6731         12.6599       1479.5744       3756.9494        476.6604       4576.5707        251.4877       -150.9213       7000.9137    -117501.6624        519.6257        248.1099         10.8773        169.4373         91.2012          0.0000          0.0000          0.0000          0.0000        301.3853          0.0000         17.8548

INFO:      21000         42.0000     -82003.7682     -99648.5651      17644.7969         12.5924       1442.4306       3787.4005        468.0189       4577.9937        268.1931       -172.7060       7060.8339    -117602.8482        522.1185        244.9833          8.8841        169.7062         98.5449          0.0000          0.0000          0.0000          0.0000        301.2167          0.0000          9.4951

INFO:      21500         43.0000     -81952.3996     -99574.2624      17621.8628         12.6671       1505.8964       3685.2653        470.8639       4563.6574        251.7496       -171.0298       6939.7767    -117348.5907        528.1489        259.0058          8.7429        172.6238         87.7764          0.0000          0.0000          0.0000          0.0000        300.8252          0.0000         17.3130

INFO:      22000         44.0000     -82020.5051     -99645.9275      17625.4224         12.7315       1523.2863       3745.8306        492.1993       4631.8139        281.5134       -178.6153       7129.8305    -117795.8703        524.0842        253.1486         12.5926        173.4492         84.8939          0.0000          0.0000          0.0000          0.0000        300.8859          0.0000         13.3518

INFO:      22500         45.0000     -82153.6903     -99612.4730      17458.7827         12.6569       1503.7322       3685.9094        480.2696       4550.1258        276.0645       -167.5205       7134.5771    -117626.4282        550.7971        257.7883         11.5321        174.8760        106.6007          0.0000          0.0000          0.0000          0.0000        298.0412          0.0000         19.5782

INFO:      23000         46.0000     -82145.9840     -99651.8461      17505.8621         12.6479       1496.3774       3784.9760        468.5647       4568.3667        272.1100       -184.5490       6969.0569    -117540.3687        513.6199        250.9051         10.9528        177.4149         74.3471          0.0000          0.0000          0.0000          0.0000        298.8449          0.0000         15.0903

INFO:      23500         47.0000     -82191.2166     -99717.2915      17526.0749         12.6403       1476.5191       3741.1516        460.6979       4534.3498        253.9502       -174.5669       7099.0071    -117667.2049        558.8045        260.2151         12.8452        190.5882         95.1561          0.0000          0.0000          0.0000          0.0000        299.1900          0.0000         14.6289

INFO:      24000         48.0000     -82197.1748     -99618.9491      17421.7743         12.6764       1518.8342       3791.5260        475.8404       4552.2747        246.7008       -188.2931       7155.4380    -117677.1935        505.9234        238.3968          7.5395        163.9187         96.0684          0.0000          0.0000          0.0000          0.0000        297.4094          0.0000         12.6542

INFO:      24500         49.0000     -82185.9923     -99643.3368      17457.3445         12.5949       1502.6066       3686.5128        494.9484       4556.9352        287.8008       -179.6774       6929.9316    -117441.7492        519.3545        248.2851          9.9316        169.5210         91.6168          0.0000          0.0000          0.0000          0.0000        298.0167          0.0000         19.6861

INFO:      25000         50.0000     -82209.4674     -99768.2653      17558.7979         12.6829       1478.6545       3712.5128        476.1965       4560.2608        267.1395       -184.0862       7122.7449    -117740.7319        539.0438        264.5615          9.9626        180.7163         83.8035          0.0000          0.0000          0.0000          0.0000        299.7486          0.0000         17.3731

INFO:      25500         51.0000     -82198.0919     -99626.0679      17427.9760         12.6486       1511.6881       3780.9557        483.5167       4539.0053        250.6594       -159.0038       7014.5761    -117582.2532        534.7877        250.6830         12.6298        192.2581         79.2168          0.0000          0.0000          0.0000          0.0000        297.5153          0.0000         18.2014

INFO:      26000         52.0000     -82260.9758     -99820.7427      17559.7669         12.6647       1495.8444       3711.5626        492.7035       4557.8610        286.2079       -187.1239       7363.9889    -118078.2977        536.5106        256.0383         11.0420        183.9718         85.4586          0.0000          0.0000          0.0000          0.0000        299.7651          0.0000         18.3636

INFO:      26500         53.0000     -82165.0529     -99779.4914      17614.4386         12.6133       1410.8282       3788.6791        469.4686       4520.5100        253.6178       -166.2724       6976.2865    -117565.9662        533.3570        260.7122          9.5110        164.3948         98.7390          0.0000          0.0000          0.0000          0.0000        300.6984          0.0000         17.8167

INFO:      27000         54.0000     -82320.9802     -99827.4297      17506.4494         12.6099       1441.2731       3721.9120        457.4760       4539.3760        263.9383       -181.1251       7352.0271    -117954.5920        532.2850        261.2601          9.8323        170.9091         90.2835          0.0000          0.0000          0.0000          0.0000        298.8549          0.0000         22.7341

INFO:      27500         55.0000     -82256.3358     -99736.9178      17480.5820         12.6139       1410.2338       3730.9651        480.5341       4571.4347        269.9603       -184.9688       7413.7032    -117952.5927        523.8126        252.0144         11.1810        175.1746         85.4427          0.0000          0.0000          0.0000          0.0000        298.4134          0.0000         15.9734

INFO:      28000         56.0000     -82174.0297     -99651.1143      17477.0846         12.6325       1442.3290       3759.0449        471.7412       4543.9353        263.5517       -166.6670       7445.2929    -117931.4672        521.1249        250.0161         12.0421        173.9006         85.1660          0.0000          0.0000          0.0000          0.0000        298.3537          0.0000         10.7181

INFO:      28500         57.0000     -82293.0578     -99762.8222      17469.7644         12.6358       1480.7413       3749.5455        488.5361       4537.6733        249.3770       -158.6502       7248.2622    -117877.5587        519.2514        250.6436          8.8133        170.2049         89.5895          0.0000          0.0000          0.0000          0.0000        298.2287          0.0000         22.9447

INFO:      29000         58.0000     -82278.4372     -99888.7954      17610.3582         12.5614       1452.9754       3649.9710        477.9070       4547.3321        281.3635       -190.3229       7083.9679    -117717.4098        525.4204        246.4636          8.8739        176.5918         93.4911          0.0000          0.0000          0.0000          0.0000        300.6288          0.0000         11.4493

INFO:      29500         59.0000     -82412.9145     -99723.0963      17310.1818         12.6605       1471.7521       3746.1257        476.8380       4562.6701        266.8078       -155.2478       7170.1356    -117784.3958        522.2181        254.8667         10.4798        171.6012         85.2704          0.0000          0.0000          0.0000          0.0000        295.5044          0.0000         13.8273

INFO:      30000         60.0000     -82352.2019     -99658.5181      17306.3162         12.6672       1495.0906       3705.7870        480.0856       4597.3141        259.6535       -166.7127       7193.7417    -117746.2685        522.7907        246.0393          8.6471        175.4718         92.6325          0.0000          0.0000          0.0000          0.0000        295.4384          0.0000         16.0881

INFO:      30500         61.0000     -82386.3461     -99725.7489      17339.4028         12.5938       1477.8457       3649.7444        473.4119       4533.2122        265.0083       -172.7273       7057.7121    -117558.6563        548.7001        267.6942          9.9636        170.6615        100.3809          0.0000          0.0000          0.0000          0.0000        296.0033          0.0000         17.8594

INFO:      31000         62.0000     -82376.5727     -99644.8413      17268.2686         12.6370       1453.5894       3666.0756        459.7328       4541.3139        258.9232       -160.0489       7157.2325    -117577.6376        555.9778        264.8284          9.7451        185.5051         95.8992          0.0000          0.0000          0.0000          0.0000        294.7889          0.0000         14.3545

INFO:      31500         63.0000     -82377.7238     -99853.1181      17475.3943         12.6089       1472.1264       3697.4250        470.1525       4575.0789        267.4550       -171.7176       7034.8003    -117733.4693        535.0306        258.2919          8.5005        179.6283         88.6099          0.0000          0.0000          0.0000          0.0000        298.3248          0.0000         17.7299

INFO:      32000         64.0000     -82248.9911     -99663.6406      17414.6495         12.6730       1500.4876       3716.7184        484.7934       4528.0411        265.9502       -159.3708       7059.0021    -117583.4144        524.1516        245.8746          8.7223        171.4769         98.0778          0.0000          0.0000          0.0000          0.0000        297.2878          0.0000         21.7031

INFO:      32500         65.0000     -82180.3558     -99701.3134      17520.9577         12.5967       1481.0750       3677.5121        469.9729       4550.7374        268.1580       -175.8454       7147.6783    -117642.5722        521.9705        256.4149          8.5705        172.9061         84.0790          0.0000          0.0000          0.0000          0.0000        299.1026          0.0000         14.3043

INFO:      33000         66.0000     -82087.6444     -99629.1222      17541.4778         12.6481       1490.3029       3738.2225        490.3626       4606.7995        260.4530       -184.0398       7215.2310    -117764.6877        518.2339        256.7237          7.1387        173.9463         80.4251          0.0000          0.0000          0.0000          0.0000        299.4529          0.0000         17.0827

INFO:      33500         67.0000     -82139.5932     -99680.7912      17541.1980         12.5510       1431.4073       3663.7800        466.0656       4567.2224        262.7430       -179.6206       7025.8823    -117426.8779        508.6067        241.5821          8.5822        164.4246         94.0178          0.0000          0.0000          0.0000          0.0000        299.4481          0.0000         18.7337

INFO:      34000         68.0000     -82142.7019     -99639.6824      17496.9805         12.5950       1428.2948       3732.7952        460.5045       4553.7256        257.7580       -160.5794       7055.0842    -117493.0927        525.8273        245.6746          9.2881        174.3796         96.4850          0.0000          0.0000          0.0000          0.0000        298.6933          0.0000         19.2598

INFO:      34500         69.0000     -82063.2028     -99540.3179      17477.1151         12.6378       1498.7841       3666.4371        465.3189       4574.4182        249.1716       -191.5967       7082.5819    -117410.3339        524.9009        267.2862         10.2998        166.3045         81.0104          0.0000          0.0000          0.0000          0.0000        298.3542          0.0000         21.0390

INFO:      35000         70.0000     -82158.9125     -99709.0526      17550.1401         12.6072       1465.3558       3758.7202        464.8810       4563.3860        266.6665       -166.3716       7019.1417    -117607.6093        526.7770        264.3282          9.2981        166.6039         86.5467          0.0000          0.0000          0.0000          0.0000        299.6008          0.0000         20.7721

INFO:      35500         71.0000     -82201.1657     -99650.8159      17449.6503         12.5887       1480.6000       3682.9620        478.4971       4570.8658        279.8866       -164.0103       7030.1261    -117527.4860        517.7427        254.4517          6.8085        168.5956         87.8868          0.0000          0.0000          0.0000          0.0000        297.8853          0.0000         12.3498

INFO:      36000         72.0000     -82189.6443     -99684.8871      17495.2428         12.5632       1458.4561       3683.2387        464.7375       4557.2808        256.0967       -173.1869       7215.2471    -117685.4093        538.6523        265.5249          9.4425        175.9996         87.6853          0.0000          0.0000          0.0000          0.0000        298.6636          0.0000         13.5943

INFO:      36500         73.0000     -82167.7248     -99777.9188      17610.1940         12.6496       1481.5190       3652.7263        445.7793       4563.7478        268.0422       -189.5499       7241.4766    -117774.9751        533.3148        249.1746          9.5447        180.9973         93.5981          0.0000          0.0000          0.0000          0.0000        300.6260          0.0000         19.7375

INFO:      37000         74.0000     -82206.3860     -99638.6075      17432.2215         12.6537       1486.1975       3732.3010        482.6406       4559.8359        275.8423       -151.6840       7152.0864    -117706.2272        530.4000        252.5157         10.1824        179.1766         88.5253          0.0000          0.0000          0.0000          0.0000        297.5878          0.0000         14.4580

INFO:      37500         75.0000     -82212.1744     -99895.5377      17683.3633         12.5720       1404.6766       3670.4808        465.4709       4552.2266        254.8152       -163.8532       7374.2314    -117999.9550        546.3691        259.0890         10.2920        189.5891         87.3991          0.0000          0.0000          0.0000          0.0000        301.8751          0.0000         15.8240

INFO:      38000         76.0000     -82091.5608     -99560.4757      17468.9150         12.6829       1517.4070       3692.0037        471.7640       4592.3075        260.4569       -179.9974       7227.1573    -117688.5589        546.9841        258.2468          8.7858        186.7298         93.2217          0.0000          0.0000          0.0000          0.0000        298.2142          0.0000         16.8173

INFO:      38500         77.0000     -82177.2676     -99825.2374      17647.9698         12.6237       1436.1728       3707.3502        454.4395       4518.3369        257.5274       -176.3043       7182.1764    -117753.7474        548.8111        255.3078         10.5017        193.2663         89.7354          0.0000          0.0000          0.0000          0.0000        301.2709          0.0000         20.9118

INFO:      39000         78.0000     -82157.6865     -99734.6051      17576.9185         12.6402       1458.4015       3746.1411        465.6102       4588.1992        277.8687       -161.1291       7138.9049    -117793.9147        545.3131        253.2944         10.7639        185.6423         95.6125          0.0000          0.0000          0.0000          0.0000        300.0579          0.0000         22.1663

INFO:      39500         79.0000     -82093.8864     -99666.7335      17572.8471         12.6801       1468.5076       3753.8801        473.9563       4574.3586        269.5506       -156.0384       7126.1875    -117707.6679        530.5321        244.0671          8.0366        183.7472         94.6811          0.0000          0.0000          0.0000          0.0000        299.9884          0.0000         15.5067

INFO:      40000         80.0000     -82148.6471     -99509.7154      17361.0682         12.7219       1450.4160       3751.2733        483.0429       4559.4348        259.7119       -178.3337       7255.2296    -117608.8376        518.3473        244.5618         10.2064        182.9841         80.5950          0.0000          0.0000          0.0000          0.0000        296.3731          0.0000         14.7648

INFO:      40500         81.0000     -82091.4877     -99588.4792      17496.9915         12.7604       1508.2813       3757.5916        482.0843       4575.0281        287.7004       -180.7981       7185.9012    -117723.5062        519.2382        246.5237          9.8039        176.7207         86.1899          0.0000          0.0000          0.0000          0.0000        298.6935          0.0000         10.0053

INFO:      41000         82.0000     -82033.1340     -99667.1821      17634.0482         12.5952       1431.0704       3799.3889        483.7898       4558.5844        262.9445       -163.7973       6978.9811    -117551.3560        533.2120        251.4166          9.0144        185.4124         87.3686          0.0000          0.0000          0.0000          0.0000        301.0332          0.0000         11.9965

INFO:      41500         83.0000     -81978.5658     -99696.3117      17717.7459         12.5967       1444.2307       3731.5273        498.8902       4542.4468        258.8662       -162.3417       6952.4622    -117501.7961        539.4027        267.0457         10.0367        170.0913         92.2290          0.0000          0.0000          0.0000          0.0000        302.4620          0.0000         15.3926

INFO:      42000         84.0000     -82003.8205     -99657.0855      17653.2650         12.5633       1422.2806       3769.8932        470.3011       4530.6753        265.4677       -172.2206       6954.4940    -117435.4450        537.4681        264.0341          9.4591        175.7286         88.2462          0.0000          0.0000          0.0000          0.0000        301.3613          0.0000         21.0531

INFO:      42500         85.0000     -81939.0179     -99606.9314      17667.9135         12.6377       1481.2291       3767.3915        478.8719       4489.5565        260.5551       -161.4703       7068.9986    -117532.7756        540.7119        260.6600          9.0362        185.9622         85.0535          0.0000          0.0000          0.0000          0.0000        301.6113          0.0000         14.4186

INFO:      43000         86.0000     -81954.9375     -99478.0058      17523.0683         12.5925       1456.2487       3741.5030        466.8531       4554.9406        249.5207       -153.2949       7080.0978    -117388.6004        514.7256        249.4167         10.5756        186.8859         67.8474          0.0000          0.0000          0.0000          0.0000        299.1386          0.0000         20.7330

INFO:      43500         87.0000     -81977.7622     -99539.2881      17561.5259         12.6562       1464.3738       3786.1560        481.1213       4520.5840        257.2655       -183.5808       7055.5822    -117431.1789        510.3888        256.1845          9.8685        170.2546         74.0811          0.0000          0.0000          0.0000          0.0000        299.7952          0.0000         19.8429

INFO:      44000         88.0000     -82091.8735     -99581.9014      17490.0280         12.6670       1449.8711       3759.6879        472.1589       4561.8139        264.5265       -153.1740       7159.6005    -117611.2923        514.9060        250.0777          7.3194        171.7126         85.7963          0.0000          0.0000          0.0000          0.0000        298.5746          0.0000         18.2294

INFO:      44500         89.0000     -82117.7181     -99693.1289      17575.4108         12.6065       1439.6329       3763.5834        472.7010       4551.0601        284.9057       -171.2163       7169.6767    -117735.4636        531.9912        248.5713         11.6115        187.6164         84.1920          0.0000          0.0000          0.0000          0.0000        300.0322          0.0000         15.1839

INFO:      45000         90.0000     -82094.4442     -99548.4898      17454.0456         12.5734       1448.9673       3744.8215        475.3510       4555.0575        254.8897       -160.5662       7149.7509    -117549.4321        532.6706        256.8703          9.5555        182.2439         84.0009          0.0000          0.0000          0.0000          0.0000        297.9604          0.0000         10.3718

INFO:      45500         91.0000     -81956.8245     -99488.4793      17531.6548         12.6152       1463.0731       3717.8043        470.0967       4553.4418        252.0638       -169.4544       7219.5994    -117538.5194        543.4154        260.8082         10.9834        177.9962         93.6275          0.0000          0.0000          0.0000          0.0000        299.2852          0.0000         18.8641

INFO:      46000         92.0000     -81997.6216     -99448.3143      17450.6927         12.6266       1459.2708       3664.7319        469.1977       4580.7550        262.2366       -182.1271       7033.2410    -117258.9360        523.3158        251.6555          9.4836        177.8492         84.3275          0.0000          0.0000          0.0000          0.0000        297.9031          0.0000         22.6089

INFO:      46500         93.0000     -82004.5418     -99453.5938      17449.0519         12.6230       1458.6761       3675.7871        483.0897       4599.4468        249.9989       -177.1826       7009.2517    -117287.6237        534.9621        259.4260          8.8642        177.9567         88.7152          0.0000          0.0000          0.0000          0.0000        297.8751          0.0000         15.1647

INFO:      47000         94.0000     -81971.9224     -99535.8211      17563.8988         12.6223       1460.8109       3681.7962        454.1869       4528.4019        271.3772       -167.4449       6914.2102    -117200.5558        521.3962        250.2394          9.4106        178.2362         83.5100          0.0000          0.0000          0.0000          0.0000        299.8357          0.0000         16.2787

INFO:      47500         95.0000     -81985.3086     -99506.7635      17521.4549         12.6254       1488.6402       3795.9527        477.3394       4539.1862        247.5908       -164.4487       6985.2194    -117401.7722        525.5288        242.1369          8.4687        188.1752         86.7480          0.0000          0.0000          0.0000          0.0000        299.1111          0.0000         19.0058

INFO:      48000         96.0000     -81929.9999     -99446.8892      17516.8893         12.6190       1436.6266       3663.3741        464.6867       4554.5633        272.2699       -155.9437       7102.5481    -117309.4352        524.4209        251.9747          8.8152        174.6173         89.0136          0.0000          0.0000          0.0000          0.0000        299.0332          0.0000         14.9347

INFO:      48500         97.0000     -82022.2541     -99457.6715      17435.4174         12.6518       1450.6640       3802.3857        476.7417       4565.3358        266.4265       -175.8008       7075.2703    -117456.3206        537.6259        252.9287         10.2156        180.8592         93.6225          0.0000          0.0000          0.0000          0.0000        297.6423          0.0000         17.1473

INFO:      49000         98.0000     -82046.5431     -99663.2184      17616.6753         12.6063       1517.6442       3692.1138        461.4197       4556.5828        252.8047       -171.5943       6932.0696    -117421.9470        517.6881        240.6387          9.4290        173.4117         94.2087          0.0000          0.0000          0.0000          0.0000        300.7366          0.0000         16.8845

INFO:      49500         99.0000     -82001.2187     -99527.1620      17525.9433         12.6765       1499.4177       3828.8181        489.4865       4547.2012        256.4507       -163.4254       7106.2422    -117649.5250        558.1719        268.7565          9.5598        182.7870         97.0687          0.0000          0.0000          0.0000          0.0000        299.1877          0.0000         28.8855

INFO:      50000        100.0000     -81986.8730     -99670.0090      17683.1360         12.6676       1549.9927       3730.1091        476.5098       4509.4724        280.0853       -157.4902       7121.7053    -117716.1818        535.7884        255.5855         10.4712        165.8780        103.8537          0.0000          0.0000          0.0000          0.0000        301.8712          0.0000         15.7818

 
[STEP6] Deallocate Arrays
 
Output_Time> Averaged timer profile (Min, Max)
  total time      =    1560.964
    setup         =       3.058
    dynamics      =    1557.906
      energy      =    1315.887
      integrator  =      90.486
      pairlist    =     149.727 (     146.071,     153.017)
  energy           
    bond          =       0.369 (       0.284,       0.517)
    angle         =       1.424 (       1.226,       2.160)
    dihedral      =       2.809 (       2.214,       3.681)
    nonbond       =    1083.537 (    1070.202,    1101.735)
      pme real    =    1083.351 (    1069.982,    1101.611)
      pme recip   =       0.000 (       0.000,       0.000)
    solvation     =       0.000 (       0.000,       0.000)
      polar       =       0.000 (       0.000,       0.000)
      non-polar   =       0.000 (       0.000,       0.000)
    restraint     =       1.987 (       1.326,       2.918)
    qmmm          =       0.000 (       0.000,       0.000)
  integrator       
    constraint    =      48.543 (      46.714,      49.420)
    update        =       0.000 (       0.000,       0.000)
    comm_coord    =       0.000 (       0.000,       0.000)
    comm_force    =       0.000 (       0.000,       0.000)
    comm_migrate  =       0.000 (       0.000,       0.000)

