****************************************************
*                                                  *
*                  GENESIS ATDYN                   *
*                                                  *
*        A Molecular Dynamics Simulator with       *
*            Atomic Decomposition Scheme           *
*                                                  *
*               Developed by RIKEN                 *
*                                                  *
****************************************************
 
[STEP0] Architecture and Compiler Information
 
GENESIS_Information> GENESIS Information
  version      = 1.5.0
  commit ID    = $GENESIS_VERSION$
  precision    = double
  nonbonding   = CPU

Build_Information> Compiler Information
  build host   = yagi@beluga
  fortran      = ifort (IFORT) 18.0.1 20171018
  option       = -xHost -O3 -ip -mkl=parallel  -assume byterecl -qopenmp 
  C            = icc (ICC) 18.0.1 20171018
  option       = -O3 -ip -axCORE-AVX2  -qopenmp
  defined var. =  -DMPI -DOMP -DFFTE -DLAPACK -DDSFMT_MEXP=19937 -DINTEL
  link option  = 
  -assume byterecl -qopenmp  -lmkl_intel_lp64 -lmkl_sequential -lmkl_core -lmkl_
 lapack95_lp64 

Runtime_Information> Machine and Library Information
  date       = 2020/05/12 01:30:40
  cpu model    = Intel(R) Xeon(R) CPU E5-2667 v4 @ 3.20GHz
  exec. host   = yagi@beluga09
  LD library   = 
 /home/mdsoft/mpi/mpi_cent-v7_intel64/openmpi-v3.1.2_intel_v18.0.1/lib:/opt/inte
 l/compilers_and_libraries_2018.1.163/linux/compiler/lib/intel64_lin:/opt/intel/
 compilers_and_libraries_2018.1.163/linux/mkl/lib/intel64_lin:/opt/intel/compile
 rs_and_libraries_2018.1.163/linux/compiler/lib/intel64:/opt/intel/compilers_and
 _libraries_2018.1.163/linux/compiler/lib/intel64_lin:/opt/intel/compilers_and_l
 ibraries_2018.1.163/linux/mpi/intel64/lib:/opt/intel/compilers_and_libraries_20
 18.1.163/linux/mpi/mic/lib:/opt/intel/compilers_and_libraries_2018.1.163/linux/
 ipp/lib/intel64:/opt/intel/compilers_and_libraries_2018.1.163/linux/compiler/li
 b/intel64_lin:/opt/intel/compilers_and_libraries_2018.1.163/linux/mkl/lib/intel
 64_lin:/opt/intel/compilers_and_libraries_2018.1.163/linux/tbb/lib/intel64/gcc4
 .7:/opt/intel/compilers_and_libraries_2018.1.163/linux/tbb/lib/intel64/gcc4.7:/
 opt/intel/compilers_and_libraries_2018.1.163/linux/daal/lib/intel64_lin:/home/m
 dsoft/mpi/mpi_cent-v7_intel64/openmpi-v3.1.2_intel_v18.0.1/lib:/opt/intel/compi
 lers_and_libraries_2018.1.163/linux/compiler/lib/intel64_lin:/opt/intel/compile
 rs_and_libraries_2018.1.163/linux/mkl/lib/intel64_lin:/opt/intel/compilers_and_
 libraries_2018.1.163/linux/compiler/lib/intel64:/opt/intel/compilers_and_librar
 ies_2018.1.163/linux/compiler/lib/intel64_lin:/opt/intel/compilers_and_librarie
 s_2018.1.163/linux/mpi/intel64/lib:/opt/intel/compilers_and_libraries_2018.1.16
 3/linux/mpi/mic/lib:/opt/intel/compilers_and_libraries_2018.1.163/linux/ipp/li

[STEP1] Read Control Parameters
 
Read_Ctrl_Input> Input Files
  topfile = toppar/top_all36_prot.rtf, toppar/top_all36_cgenff.rtf
  parfile = toppar/par_all36_prot.prm, toppar/par_all36_cgenff.prm
  strfile = toppar/toppar_water_ions.str, toppar/toppar_dhap.3.str
  psffile = step4_nvt_100.psf
  pdbfile = step4_nvt_100.pdb
  rstfile = step4.5_nvt.rst
  reffile = step4_nvt_100.pdb
 
Read_Ctrl_Output> Output Files
  dcdfile    = step4.6_nvt.dcd
  rstfile    = step4.6_nvt.rst
 
Read_Ctrl_Energy> Parameters of Energy Calculations
  forcefield      =     CHARMM
  switchdist      =     16.000  cutoffdist      =     18.000
  pairlistdist    =     19.500  dielec_const    =      1.000
  vdW force_switch=        yes
  electrostatic   =  CUTOFF
  implicit_solvent=       none
  table_order     =          3
  table_density   =     20.000
  water_model     =       NONE
  output_style    =    GENESIS
  dispersion_corr =       none
  nonb_limiter    =      no
 
Read_Ctrl_Dynamics> Parameters of MD simulation
  integrator      =       VVER  nsteps          =      50000
  timestep        =     0.0020  initial_time    =     0.0000
  eneout_period   =        500  rstout_period   =        500
  crdout_period   =        500  velout_period   =          0
  nbupdate_period =         10  stoptr_period   =         10
  iseed           =   20190319
  annealing       =         no
  verbose         =         no
  target_md       =         no
  steered_md      =         no
  esp_mm          =         no
 
Read_Ctrl_Constraints> Parameters for Constraints
  rigid_bond      =        yes
  shake_iteration =        500  shake_tolerance =  0.100E-09
  fast_water      =        yes  water_model     =       TIP3
  hydrogen_type   =  name|mass
  noshake_index   =       none
  fixatm_select_index        =       none
 
Read_Ctrl_Ensemble> Parameters for Ensemble
  ensemble        =        NVT
  temperature     =    300.000
  tpcontrol       =      BUSSI
  tau_t           =      5.000
 
Read_Ctrl_Boundary> Parameters of Boundary Condition
  type            =       NOBC
  spherical_pot   =        yes  restart         =          T
  center_info     =       read  modify_ratio    =      1.000
  constant        =     10.000  exponent        =          2
  fixatom         =          T  fix_layer       =      1.000
 
Read_Ctrl_Selection> Parameters of Selection
  # of groups     =          4
    group 1 = (sid:TIMA or sid:TIMB) and (an:CA | an:C | an:O | an:N)
    group 2 = (sid:DHA or sid:DHA around_res:3.0) and not hydrogen
    group 3 = (sid:TIMA or sid:TIMB) and not (an:CA | an:C | an:O | an:N) and not hydrogen
    group 4 = sid:WAT and an:OH2
  # of mole names =          0
 
Read_Ctrl_Restraints> Parameters of Restraint
  numfunc         =   2
  function1 = POSI     
    direction     = ALL 
    constant      = 0.1
    reference     = 
    select_index  = 1
    mode          =   0
    exponent      =   2
    exponent_dist = 
    weight_dist   = 

  function2 = POSI     
    direction     = ALL 
    constant      = 2.0
    reference     = 
    select_index  = 2
    mode          =   0
    exponent      =   2
    exponent_dist = 
    weight_dist   = 

  pressure_position   = NO
  pressure_rmsd     = NO

Read_Ctrl_Fitting_MD> Parameters of Fitting
  fitting method  =  TR+ROT   
  fitting atom    = group1
  mass_weight     =         no
 
[STEP2] Setup MPI
 
Setup_Mpi_Md> Summary of Setup MPI
  number of MPI processes   =         16
  number of OpenMP threads  =          4
  total number of CPU cores =         64

[STEP3] Set Relevant Variables and Structures
 
Input_Top> Summary of Topfile
  num_atom_class  =        212  num_resi_type   =        685
 
Input_Par> Summary of Parfile
  num_bonds       =        658  num_angles      =       2003
  num_dihedrals   =       4838  num_impropers   =        163
  num_atom_cls    =        212  num_nbfix       =         75
  num_cmap_terms  =          6
 
 Merge_Par> WARNING: BOND: Multiple definition: "CG321"-"OG311"
Input_Str> Summary of Top information
  num_atom_class  =        227  num_resi_type   =        700
 
Input_Str> Summary of Par information
  num_bonds       =        663  num_angles      =       2006
  num_dihedrals   =       4850  num_impropers   =        163
  num_atom_cls    =        227  num_nbfix       =         90
  num_cmap_terms  =          6
 
Read_Psf> Summary of Psffile
  psftype         =      xplor
  num_atoms       =      37226  num_bonds       =      37288
  num_angles      =      23768  num_dihedrals   =      20268
  num_impropers   =       1292  num_cmap_terms  =        494
  num_HB_donors   =      20596  num_HB_acceptors=      10610
  num_NB_exclusion=          0  num_groups      =      12168
  total_charge    =    -10.000
 
Check_Pdb> 6-column residue sequence number
 
Read_Pdb> Summary of Data in PDB file
  num_atoms       =      37226
 
Read_Rst_Binary> Summary of RST file
  num_atoms       =      37226  iseed           =   20190319
  boxsize (x,y,z) =      0.000     0.000     0.000
  spherical_pot     =      yes
  nfunctions                 2  num_fixatm              9645

Check_Pdb> 6-column residue sequence number
 
Read_Pdb> Summary of Data in PDB file
  num_atoms       =      37226
 
Define_Molecule> Summary of molecules
  num_atoms       =      37226  num_bonds       =      37288
  num_angles      =      23768  num_dihedrals   =      20268
  num_impropers   =       1292  num_cmap_terms  =        494
  num_residues    =      10370  num_molecules   =       9878
  num_segments    =          6  num_deg_freedom =     111678
  total_charge    =    -10.000
 
Setup_Boundary> Setup Variables for Boundary Condition
  origin(x,y,z)   =      0.000     0.000     0.000
  nfunctions      =        2
    center(x,y,z) =     17.000     0.000     0.000
    radius        =     35.000
    constant      =     10.000
    exponent      =          2
    center(x,y,z) =    -17.000     0.000     0.000
    radius        =     35.000
    constant      =     10.000
    exponent      =          2
 
  num_fixatm      =     9645
 
 
Random_Init> Initialize the random number
  seed            = 20190319

Select_Contacts> mode        : Resi
                 sel atoms A :      15
                 sel atoms B :   37211
                 distance    :    3.00
                contact atom list :     160
 
Setup_Enefunc_Cmap_Par> Natural spline is used to derive cmap coefs.

Setup_Enefunc_Table> Setup Variables for LookupTable
  num_solutes     =      37226  num_waters      =          0

Setup_Enefunc_Restraint> Setup restraint groups
 group =     1, "(sid:TIMA or sid:TIMB) and (an:CA | an:C | an:O | an:N)"
 # of atoms =  1976
 atomlist: 
      7      9     15     16     17     19     39     40     41     43
     53     54     55     57     73     74     75     77     93     94
     95     97    109    110    111    113    116    117    118    120
    123    124    125    127    137    138    139    141    157    158
    159    161    179    180    181    183    198    199    200    202
    212    213    214    216    219    220    221    223    230    231
    232    234    252    253    254    256    269    270    271    273
    280    281    282    284    299    300    301    303    321    322
    323    325    336    337    338    340    355    356    357    359
    371    372    373    375    386    387    388    390    410    411
    412    414    429    430    431    433    443    444    445    447
    457    458    459    461    467    468    469    471    478    479
    480    482    497    498    499    503    511    512    513    515
    526    527    528    530    540    541    542    544    556    557
    558    560    571    572    573    575    587    588    589    591
    603    604    605    607    622    623    624    626    633    634
    635    639    647    648    649    653    661    662    663    665
    671    672    673    675    685    686    687    689    706    707
    708    710    725    726    727    729    737    738    739    741
    758    759    760    762    769    770    771    773    785    786
    787    789    796    797    798    800    815    816    817    819
    831    832    833    835    853    854    855    857    875    876
    877    881    889    890    891    893    906    907    908    910
    922    923    924    926    936    937    938    940    952    953
    954    956    959    960    961    963    969    970    971    973
    986    987    988    990   1000   1001   1002   1004   1010   1011
   1012   1014   1031   1032   1033   1035   1050   1051   1052   1054
   1072   1073   1074   1076   1082   1083   1084   1086   1093   1094
   1095   1097   1100   1101   1102   1104   1110   1111   1112   1114
   1130   1131   1132   1134   1144   1145   1146   1148   1151   1152
   1153   1155   1166   1167   1168   1170   1180   1181   1182   1184
   1191   1192   1193   1195   1207   1208   1209   1211   1219   1220
   1221   1223   1236   1237   1238   1240   1255   1256   1257   1259
   1277   1278   1279   1281   1289   1290   1291   1293   1305   1306
   1307   1309   1312   1313   1314   1316   1322   1323   1324   1326
   1344   1345   1346   1348   1368   1369   1370   1372   1384   1385
   1386   1388   1403   1404   1405   1407   1422   1423   1424   1426
   1429   1430   1431   1433   1446   1447   1448   1450   1457   1458
   1459   1461   1472   1473   1474   1476   1496   1497   1498   1500
   1520   1521   1522   1524   1531   1532   1533   1535   1552   1553
   1554   1556   1572   1573   1574   1576   1589   1590   1591   1593
   1604   1605   1606   1608   1616   1617   1618   1620   1628   1629
   1630   1632   1650   1651   1652   1654   1670   1671   1672   1674
   1689   1690   1691   1693   1699   1700   1701   1703   1711   1712
   1713   1715   1733   1734   1735   1737   1747   1748   1749   1751
   1769   1770   1771   1773   1789   1790   1791   1793   1799   1800
   1801   1803   1818   1819   1820   1822   1825   1826   1827   1829
   1842   1843   1844   1846   1849   1850   1851   1853   1865   1866
   1867   1869   1872   1873   1874   1876   1888   1889   1890   1892
   1907   1908   1909   1911   1926   1927   1928   1930   1937   1938
   1939   1941   1956   1957   1958   1960   1963   1964   1965   1967
   1978   1979   1980   1982   1992   1993   1994   1996   2011   2012
   2013   2015   2026   2027   2028   2030   2041   2042   2043   2045
   2063   2064   2065   2067   2085   2086   2087   2089   2095   2096
   2097   2099   2102   2103   2104   2106   2124   2125   2126   2128
   2138   2139   2140   2142   2157   2158   2159   2161   2169   2170
   2171   2173   2185   2186   2187   2189   2201   2202   2203   2205
   2216   2217   2218   2220   2240   2241   2242   2244   2257   2258
   2259   2261   2276   2277   2278   2280   2290   2291   2292   2294
   2300   2301   2302   2304   2316   2317   2318   2320   2335   2336
   2337   2339   2350   2351   2352   2354   2365   2366   2367   2369
   2381   2382   2383   2385   2403   2404   2405   2407   2415   2416
   2417   2419   2439   2440   2441   2443   2453   2454   2455   2457
   2467   2468   2469   2471   2483   2484   2485   2487   2499   2500
   2501   2503   2515   2516   2517   2519   2525   2526   2527   2529
   2546   2547   2548   2550   2561   2562   2563   2567   2575   2576
   2577   2579   2591   2592   2593   2595   2615   2616   2617   2619
   2625   2626   2627   2629   2644   2645   2646   2648   2651   2652
   2653   2655   2665   2666   2667   2669   2672   2673   2674   2676
   2691   2692   2693   2695   2701   2702   2703   2705   2711   2712
   2713   2715   2725   2726   2727   2731   2739   2740   2741   2743
   2754   2755   2756   2758   2766   2767   2768   2770   2776   2777
   2778   2780   2793   2794   2795   2797   2805   2806   2807   2809
   2824   2825   2826   2828   2841   2842   2843   2845   2851   2852
   2853   2855   2862   2863   2864   2866   2881   2882   2883   2885
   2905   2906   2907   2909   2927   2928   2929   2931   2947   2948
   2949   2951   2966   2967   2968   2970   2976   2977   2978   2980
   2987   2988   2989   2991   3009   3010   3011   3013   3028   3029
   3030   3032   3035   3036   3037   3039   3047   3048   3049   3051
   3069   3070   3071   3073   3079   3080   3081   3083   3089   3090
   3091   3093   3100   3101   3102   3104   3115   3116   3117   3119
   3134   3135   3136   3138   3158   3159   3160   3162   3177   3178
   3179   3181   3196   3197   3198   3200   3217   3218   3219   3221
   3224   3225   3226   3228   3231   3232   3233   3235   3242   3243
   3244   3246   3252   3253   3254   3256   3266   3267   3268   3270
   3273   3274   3275   3277   3284   3285   3286   3288   3298   3299
   3300   3302   3308   3309   3310   3312   3324   3325   3326   3328
   3338   3339   3340   3342   3358   3359   3360   3362   3380   3381
   3382   3384   3392   3393   3394   3396   3414   3415   3416   3418
   3424   3425   3426   3428   3436   3437   3438   3440   3452   3453
   3454   3456   3464   3465   3466   3468   3471   3472   3473   3475
   3491   3492   3493   3495   3510   3511   3512   3514   3526   3527
   3528   3530   3533   3534   3535   3537   3540   3541   3542   3544
   3550   3551   3552   3554   3561   3562   3563   3565   3580   3581
   3582   3584   3602   3603   3604   3608   3616   3617   3618   3620
   3631   3632   3633   3635   3651   3652   3653   3655   3667   3668
   3669   3671   3679   3680   3681   3683   3698   3699   3700   3702
   3717   3718   3719   3721   3731   3732   3733   3735   3742   3743
   3744   3746   3766   3767   3768   3770   3780   3781   3794   3796
   3802   3803   3804   3806   3826   3827   3828   3830   3840   3841
   3842   3844   3860   3861   3862   3864   3880   3881   3882   3884
   3896   3897   3898   3900   3903   3904   3905   3907   3910   3911
   3912   3914   3924   3925   3926   3928   3944   3945   3946   3948
   3966   3967   3968   3970   3985   3986   3987   3989   3999   4000
   4001   4003   4006   4007   4008   4010   4017   4018   4019   4021
   4039   4040   4041   4043   4056   4057   4058   4060   4067   4068
   4069   4071   4086   4087   4088   4090   4108   4109   4110   4112
   4123   4124   4125   4127   4142   4143   4144   4146   4158   4159
   4160   4162   4173   4174   4175   4177   4197   4198   4199   4201
   4216   4217   4218   4220   4230   4231   4232   4234   4244   4245
   4246   4248   4254   4255   4256   4258   4265   4266   4267   4269
   4284   4285   4286   4290   4298   4299   4300   4302   4313   4314
   4315   4317   4327   4328   4329   4331   4343   4344   4345   4347
   4358   4359   4360   4362   4374   4375   4376   4378   4390   4391
   4392   4394   4409   4410   4411   4413   4420   4421   4422   4426
   4434   4435   4436   4440   4448   4449   4450   4452   4458   4459
   4460   4462   4472   4473   4474   4476   4493   4494   4495   4497
   4512   4513   4514   4516   4524   4525   4526   4528   4545   4546
   4547   4549   4556   4557   4558   4560   4572   4573   4574   4576
   4583   4584   4585   4587   4602   4603   4604   4606   4618   4619
   4620   4622   4640   4641   4642   4644   4662   4663   4664   4668
   4676   4677   4678   4680   4693   4694   4695   4697   4709   4710
   4711   4713   4723   4724   4725   4727   4739   4740   4741   4743
   4746   4747   4748   4750   4756   4757   4758   4760   4773   4774
   4775   4777   4787   4788   4789   4791   4797   4798   4799   4801
   4818   4819   4820   4822   4837   4838   4839   4841   4859   4860
   4861   4863   4869   4870   4871   4873   4880   4881   4882   4884
   4887   4888   4889   4891   4897   4898   4899   4901   4917   4918
   4919   4921   4931   4932   4933   4935   4938   4939   4940   4942
   4953   4954   4955   4957   4967   4968   4969   4971   4978   4979
   4980   4982   4994   4995   4996   4998   5006   5007   5008   5010
   5023   5024   5025   5027   5042   5043   5044   5046   5064   5065
   5066   5068   5076   5077   5078   5080   5092   5093   5094   5096
   5099   5100   5101   5103   5109   5110   5111   5113   5131   5132
   5133   5135   5155   5156   5157   5159   5171   5172   5173   5175
   5190   5191   5192   5194   5209   5210   5211   5213   5216   5217
   5218   5220   5233   5234   5235   5237   5244   5245   5246   5248
   5259   5260   5261   5263   5283   5284   5285   5287   5307   5308
   5309   5311   5318   5319   5320   5322   5339   5340   5341   5343
   5359   5360   5361   5363   5376   5377   5378   5380   5391   5392
   5393   5395   5403   5404   5405   5407   5415   5416   5417   5419
   5437   5438   5439   5441   5457   5458   5459   5461   5476   5477
   5478   5480   5486   5487   5488   5490   5498   5499   5500   5502
   5520   5521   5522   5524   5534   5535   5536   5538   5556   5557
   5558   5560   5576   5577   5578   5580   5586   5587   5588   5590
   5605   5606   5607   5609   5612   5613   5614   5616   5629   5630
   5631   5633   5636   5637   5638   5640   5652   5653   5654   5656
   5659   5660   5661   5663   5675   5676   5677   5679   5694   5695
   5696   5698   5713   5714   5715   5717   5724   5725   5726   5728
   5743   5744   5745   5747   5750   5751   5752   5754   5765   5766
   5767   5769   5779   5780   5781   5783   5798   5799   5800   5802
   5813   5814   5815   5817   5828   5829   5830   5832   5850   5851
   5852   5854   5872   5873   5874   5876   5882   5883   5884   5886
   5889   5890   5891   5893   5911   5912   5913   5915   5925   5926
   5927   5929   5944   5945   5946   5948   5956   5957   5958   5960
   5972   5973   5974   5976   5988   5989   5990   5992   6003   6004
   6005   6007   6027   6028   6029   6031   6044   6045   6046   6048
   6063   6064   6065   6067   6077   6078   6079   6081   6087   6088
   6089   6091   6103   6104   6105   6107   6122   6123   6124   6126
   6137   6138   6139   6141   6152   6153   6154   6156   6168   6169
   6170   6172   6190   6191   6192   6194   6202   6203   6204   6206
   6226   6227   6228   6230   6240   6241   6242   6244   6254   6255
   6256   6258   6270   6271   6272   6274   6286   6287   6288   6290
   6302   6303   6304   6306   6312   6313   6314   6316   6333   6334
   6335   6337   6348   6349   6350   6354   6362   6363   6364   6366
   6378   6379   6380   6382   6402   6403   6404   6406   6412   6413
   6414   6416   6431   6432   6433   6435   6438   6439   6440   6442
   6452   6453   6454   6456   6459   6460   6461   6463   6478   6479
   6480   6482   6488   6489   6490   6492   6498   6499   6500   6502
   6512   6513   6514   6518   6526   6527   6528   6530   6541   6542
   6543   6545   6553   6554   6555   6557   6563   6564   6565   6567
   6580   6581   6582   6584   6592   6593   6594   6596   6611   6612
   6613   6615   6628   6629   6630   6632   6638   6639   6640   6642
   6649   6650   6651   6653   6668   6669   6670   6672   6692   6693
   6694   6696   6714   6715   6716   6718   6734   6735   6736   6738
   6753   6754   6755   6757   6763   6764   6765   6767   6774   6775
   6776   6778   6796   6797   6798   6800   6815   6816   6817   6819
   6822   6823   6824   6826   6834   6835   6836   6838   6856   6857
   6858   6860   6866   6867   6868   6870   6876   6877   6878   6880
   6887   6888   6889   6891   6902   6903   6904   6906   6921   6922
   6923   6925   6945   6946   6947   6949   6964   6965   6966   6968
   6983   6984   6985   6987   7004   7005   7006   7008   7011   7012
   7013   7015   7018   7019   7020   7022   7029   7030   7031   7033
   7039   7040   7041   7043   7053   7054   7055   7057   7060   7061
   7062   7064   7071   7072   7073   7075   7085   7086   7087   7089
   7095   7096   7097   7099   7111   7112   7113   7115   7125   7126
   7127   7129   7145   7146   7147   7149   7167   7168   7169   7171
   7179   7180   7181   7183   7201   7202   7203   7205   7211   7212
   7213   7215   7223   7224   7225   7227   7239   7240   7241   7243
   7251   7252   7253   7255   7258   7259   7260   7262   7278   7279
   7280   7282   7297   7298   7299   7301   7313   7314   7315   7317
   7320   7321   7322   7324   7327   7328   7329   7331   7337   7338
   7339   7341   7348   7349   7350   7352   7367   7368   7369   7371
   7389   7390   7391   7395   7403   7404   7405   7407   7418   7419
   7420   7422   7438   7439   7440   7442   7454   7455   7456   7458
   7466   7467   7468   7470   7485   7486   7487   7489   7504   7505
   7506   7508   7518   7519   7520   7522   7529   7530   7531   7533
   7553   7554   7555   7557   7567   7568
 group =     2, "(sid:DHA or sid:DHA around_res:3.0) and not hydrogen"
 # of atoms =    89
 atomlist: 
    125    127    129    132    133    134    137    138    159    161
    163    166    169    172    175    179    180   1431   1433   1435
   1438   1439   1440   1442   1444   1446   1447   2548   2550   2552
   2555   2558   2559   2560   2561   2562   2627   2629   2631   2633
   2637   2640   2644   2645   2646   2648   2651   2652   3226   3228
   3231   3232   3233   3235   3237   3240   3242   3243   3493   3495
   3497   3500   3502   3506   3510   3511   3528   3530   3533   3534
   3535   3537   3540   3541   7575   7576   7577   7578   7579   7580
   7583   7584   7585   7586   7629   7632   7635   7638   8019
 group =     3, "(sid:TIMA or sid:TIMB) and not (an:CA | an:C | an:O | an:N) and not hydrogen"
 # of atoms =  1798
 atomlist: 
      1      5      6     11     21     24     27     30     32     33
     36     45     47     49     59     62     63     65     67     69
     71     79     82     83     85     87     89     91     99    101
    105    129    132    133    134    143    146    147    149    151
    153    155    163    166    169    172    175    185    188    190
    194    204    207    208    209    225    228    236    239    242
    245    248    258    261    264    265    266    275    278    286
    288    292    295    305    308    311    314    317    327    330
    333    334    335    342    344    348    351    361    363    367
    377    380    383    384    385    392    395    398    401    403
    404    407    416    419    421    425    435    438    439    440
    449    451    453    463    473    476    484    486    490    493
    500    505    508    517    520    523    524    525    532    535
    536    537    546    548    552    562    565    568    569    570
    577    579    583    593    595    599    609    611    615    618
    628    631    636    641    644    650    655    658    667    677
    679    681    691    694    695    697    699    700    702    704
    712    715    717    721    731    734    735    736    743    746
    747    749    751    752    754    756    764    767    775    777
    781    791    794    802    805    807    811    821    823    827
    837    840    843    846    849    859    862    865    868    871
    878    883    886    895    898    901    902    903    912    914
    918    928    930    932    942    944    948    965    975    978
    981    982    983    992    995    996    997   1006   1016   1019
   1020   1022   1024   1025   1027   1029   1037   1040   1042   1046
   1056   1059   1062   1065   1068   1078   1088   1091   1106   1116
   1119   1120   1122   1124   1126   1128   1136   1138   1140   1157
   1160   1163   1164   1165   1172   1175   1176   1177   1186   1189
   1197   1199   1203   1213   1216   1217   1218   1225   1228   1231
   1232   1233   1242   1244   1248   1251   1261   1264   1267   1270
   1273   1283   1286   1287   1288   1295   1297   1301   1318   1328
   1331   1334   1337   1340   1350   1353   1354   1356   1358   1359
   1360   1362   1364   1366   1374   1376   1380   1390   1392   1396
   1399   1409   1412   1414   1418   1435   1438   1439   1440   1442
   1444   1452   1455   1463   1466   1469   1470   1471   1478   1481
   1484   1487   1489   1490   1493   1502   1505   1508   1511   1513
   1514   1517   1526   1529   1537   1540   1541   1543   1545   1546
   1548   1550   1558   1561   1562   1564   1566   1568   1570   1578
   1581   1583   1584   1586   1587   1595   1598   1601   1602   1603
   1610   1613   1614   1615   1622   1625   1626   1627   1634   1637
   1640   1643   1646   1656   1659   1660   1662   1664   1666   1668
   1676   1678   1682   1685   1695   1705   1708   1709   1710   1717
   1720   1723   1726   1729   1739   1741   1743   1753   1756   1759
   1762   1765   1775   1778   1779   1781   1783   1785   1787   1795
   1805   1808   1810   1814   1831   1834   1837   1838   1839   1855
   1857   1861   1878   1880   1884   1894   1896   1900   1903   1913
   1916   1918   1922   1932   1935   1943   1945   1949   1952   1969
   1972   1975   1976   1977   1984   1986   1988   1998   2001   2003
   2007   2017   2020   2023   2024   2025   2032   2035   2038   2039
   2040   2047   2050   2053   2056   2059   2069   2072   2075   2078
   2081   2091   2108   2111   2114   2117   2120   2130   2132   2134
   2144   2147   2149   2153   2163   2166   2167   2168   2175   2177
   2181   2191   2193   2197   2207   2210   2213   2214   2215   2222
   2225   2228   2231   2233   2234   2237   2246   2249   2252   2253
   2254   2263   2266   2268   2272   2282   2285   2286   2287   2296
   2306   2308   2312   2322   2325   2327   2331   2341   2344   2347
   2348   2349   2356   2359   2362   2363   2364   2371   2373   2377
   2387   2390   2393   2396   2399   2409   2412   2413   2414   2421
   2424   2425   2427   2429   2430   2431   2433   2435   2437   2445
   2447   2449   2459   2462   2463   2464   2473   2475   2479   2489
   2491   2495   2505   2507   2511   2521   2531   2534   2535   2537
   2539   2540   2542   2544   2552   2555   2558   2559   2560   2564
   2569   2572   2581   2583   2587   2597   2600   2601   2603   2605
   2606   2607   2609   2611   2613   2621   2631   2633   2637   2640
   2657   2659   2661   2678   2681   2683   2687   2697   2707   2717
   2719   2721   2728   2733   2736   2745   2748   2751   2752   2753
   2760   2763   2764   2765   2772   2782   2785   2788   2789   2790
   2799   2802   2803   2804   2811   2813   2817   2820   2830   2833
   2835   2836   2838   2839   2847   2857   2860   2868   2870   2874
   2877   2887   2890   2893   2896   2898   2899   2902   2911   2914
   2917   2920   2923   2933   2936   2937   2939   2941   2943   2945
   2953   2956   2958   2962   2972   2982   2985   2993   2996   2999
   3002   3005   3015   3018   3020   3024   3041   3044   3045   3046
   3053   3056   3059   3062   3065   3075   3085   3095   3098   3106
   3109   3112   3113   3114   3121   3124   3126   3130   3140   3143
   3146   3149   3151   3152   3155   3164   3166   3170   3173   3183
   3186   3188   3192   3202   3205   3206   3208   3210   3211   3213
   3215   3237   3240   3248   3258   3261   3262   3263   3279   3282
   3290   3293   3294   3295   3304   3314   3316   3320   3330   3332
   3334   3344   3347   3348   3350   3352   3354   3356   3364   3367
   3370   3373   3376   3386   3389   3390   3391   3398   3401   3404
   3407   3410   3420   3430   3433   3434   3435   3442   3444   3448
   3458   3461   3462   3463   3477   3480   3481   3483   3485   3487
   3489   3497   3500   3502   3506   3516   3518   3522   3546   3556
   3559   3567   3570   3572   3576   3586   3589   3592   3595   3598
   3605   3610   3613   3622   3625   3628   3629   3630   3637   3640
   3641   3643   3645   3647   3649   3657   3659   3663   3673   3676
   3677   3678   3685   3687   3691   3694   3704   3706   3710   3713
   3723   3726   3727   3728   3737   3740   3748   3751   3754   3757
   3759   3760   3763   3772   3775   3776   3777   3782   3784   3788
   3792   3793   3798   3808   3811   3814   3817   3819   3820   3823
   3832   3834   3836   3846   3849   3850   3852   3854   3856   3858
   3866   3869   3870   3872   3874   3876   3878   3886   3888   3892
   3916   3919   3920   3921   3930   3933   3934   3936   3938   3940
   3942   3950   3953   3956   3959   3962   3972   3975   3977   3981
   3991   3994   3995   3996   4012   4015   4023   4026   4029   4032
   4035   4045   4048   4051   4052   4053   4062   4065   4073   4075
   4079   4082   4092   4095   4098   4101   4104   4114   4117   4120
   4121   4122   4129   4131   4135   4138   4148   4150   4154   4164
   4167   4170   4171   4172   4179   4182   4185   4188   4190   4191
   4194   4203   4206   4208   4212   4222   4225   4226   4227   4236
   4238   4240   4250   4260   4263   4271   4273   4277   4280   4287
   4292   4295   4304   4307   4310   4311   4312   4319   4322   4323
   4324   4333   4335   4339   4349   4352   4355   4356   4357   4364
   4366   4370   4380   4382   4386   4396   4398   4402   4405   4415
   4418   4423   4428   4431   4437   4442   4445   4454   4464   4466
   4468   4478   4481   4482   4484   4486   4487   4489   4491   4499
   4502   4504   4508   4518   4521   4522   4523   4530   4533   4534
   4536   4538   4539   4541   4543   4551   4554   4562   4564   4568
   4578   4581   4589   4592   4594   4598   4608   4610   4614   4624
   4627   4630   4633   4636   4646   4649   4652   4655   4658   4665
   4670   4673   4682   4685   4688   4689   4690   4699   4701   4705
   4715   4717   4719   4729   4731   4735   4752   4762   4765   4768
   4769   4770   4779   4782   4783   4784   4793   4803   4806   4807
   4809   4811   4812   4814   4816   4824   4827   4829   4833   4843
   4846   4849   4852   4855   4865   4875   4878   4893   4903   4906
   4907   4909   4911   4913   4915   4923   4925   4927   4944   4947
   4950   4951   4952   4959   4962   4963   4964   4973   4976   4984
   4986   4990   5000   5003   5004   5005   5012   5015   5018   5019
   5020   5029   5031   5035   5038   5048   5051   5054   5057   5060
   5070   5073   5074   5075   5082   5084   5088   5105   5115   5118
   5121   5124   5127   5137   5140   5141   5143   5145   5146   5147
   5149   5151   5153   5161   5163   5167   5177   5179   5183   5186
   5196   5199   5201   5205   5222   5225   5226   5227   5229   5231
   5239   5242   5250   5253   5256   5257   5258   5265   5268   5271
   5274   5276   5277   5280   5289   5292   5295   5298   5300   5301
   5304   5313   5316   5324   5327   5328   5330   5332   5333   5335
   5337   5345   5348   5349   5351   5353   5355   5357   5365   5368
   5370   5371   5373   5374   5382   5385   5388   5389   5390   5397
   5400   5401   5402   5409   5412   5413   5414   5421   5424   5427
   5430   5433   5443   5446   5447   5449   5451   5453   5455   5463
   5465   5469   5472   5482   5492   5495   5496   5497   5504   5507
   5510   5513   5516   5526   5528   5530   5540   5543   5546   5549
   5552   5562   5565   5566   5568   5570   5572   5574   5582   5592
   5595   5597   5601   5618   5621   5624   5625   5626   5642   5644
   5648   5665   5667   5671   5681   5683   5687   5690   5700   5703
   5705   5709   5719   5722   5730   5732   5736   5739   5756   5759
   5762   5763   5764   5771   5773   5775   5785   5788   5790   5794
   5804   5807   5810   5811   5812   5819   5822   5825   5826   5827
   5834   5837   5840   5843   5846   5856   5859   5862   5865   5868
   5878   5895   5898   5901   5904   5907   5917   5919   5921   5931
   5934   5936   5940   5950   5953   5954   5955   5962   5964   5968
   5978   5980   5984   5994   5997   6000   6001   6002   6009   6012
   6015   6018   6020   6021   6024   6033   6036   6039   6040   6041
   6050   6053   6055   6059   6069   6072   6073   6074   6083   6093
   6095   6099   6109   6112   6114   6118   6128   6131   6134   6135
   6136   6143   6146   6149   6150   6151   6158   6160   6164   6174
   6177   6180   6183   6186   6196   6199   6200   6201   6208   6211
   6212   6214   6216   6217   6218   6220   6222   6224   6232   6234
   6236   6246   6249   6250   6251   6260   6262   6266   6276   6278
   6282   6292   6294   6298   6308   6318   6321   6322   6324   6326
   6327   6329   6331   6339   6342   6345   6346   6347   6351   6356
   6359   6368   6370   6374   6384   6387   6388   6390   6392   6393
   6394   6396   6398   6400   6408   6418   6420   6424   6427   6444
   6446   6448   6465   6468   6470   6474   6484   6494   6504   6506
   6508   6515   6520   6523   6532   6535   6538   6539   6540   6547
   6550   6551   6552   6559   6569   6572   6575   6576   6577   6586
   6589   6590   6591   6598   6600   6604   6607   6617   6620   6622
   6623   6625   6626   6634   6644   6647   6655   6657   6661   6664
   6674   6677   6680   6683   6685   6686   6689   6698   6701   6704
   6707   6710   6720   6723   6724   6726   6728   6730   6732   6740
   6743   6745   6749   6759   6769   6772   6780   6783   6786   6789
   6792   6802   6805   6807   6811   6828   6831   6832   6833   6840
   6843   6846   6849   6852   6862   6872   6882   6885   6893   6896
   6899   6900   6901   6908   6911   6913   6917   6927   6930   6933
   6936   6938   6939   6942   6951   6953   6957   6960   6970   6973
   6975   6979   6989   6992   6993   6995   6997   6998   7000   7002
   7024   7027   7035   7045   7048   7049   7050   7066   7069   7077
   7080   7081   7082   7091   7101   7103   7107   7117   7119   7121
   7131   7134   7135   7137   7139   7141   7143   7151   7154   7157
   7160   7163   7173   7176   7177   7178   7185   7188   7191   7194
   7197   7207   7217   7220   7221   7222   7229   7231   7235   7245
   7248   7249   7250   7264   7267   7268   7270   7272   7274   7276
   7284   7287   7289   7293   7303   7305   7309   7333   7343   7346
   7354   7357   7359   7363   7373   7376   7379   7382   7385   7392
   7397   7400   7409   7412   7415   7416   7417   7424   7427   7428
   7430   7432   7434   7436   7444   7446   7450   7460   7463   7464
   7465   7472   7474   7478   7481   7491   7493   7497   7500   7510
   7513   7514   7515   7524   7527   7535   7538   7541   7544   7546
   7547   7550   7559   7562   7563   7564   7569   7571
 group =     4, "sid:WAT and an:OH2"
 # of atoms =   251
 atomlist: 
   7605   7608   7611   7614   7617   7620   7623   7626   7629   7632
   7635   7638   7641   7644   7647   7650   7653   7656   7659   7662
   7665   7668   7671   7674   7677   7680   7683   7686   7689   7692
   7695   7698   7701   7704   7707   7710   7713   7716   7719   7722
   7725   7728   7731   7734   7737   7740   7743   7746   7749   7752
   7755   7758   7761   7764   7767   7770   7773   7776   7779   7782
   7785   7788   7791   7794   7797   7800   7803   7806   7809   7812
   7815   7818   7821   7824   7827   7830   7833   7836   7839   7842
   7845   7848   7851   7854   7857   7860   7863   7866   7869   7872
   7875   7878   7881   7884   7887   7890   7893   7896   7899   7902
   7905   7908   7911   7914   7917   7920   7923   7926   7929   7932
   7935   7938   7941   7944   7947   7950   7953   7956   7959   7962
   7965   7968   7971   7974   7977   7980   7983   7986   7989   7992
   7995   7998   8001   8004   8007   8010   8013   8016   8019   8022
   8025   8028   8031   8034   8037   8040   8043   8046   8049   8052
   8055   8058   8061   8064   8067   8070   8073   8076   8079   8082
   8085   8088   8091   8094   8097   8100   8103   8106   8109   8112
   8115   8118   8121   8124   8127   8130   8133   8136   8139   8142
   8145   8148   8151   8154   8157   8160   8163   8166   8169   8172
   8175   8178   8181   8184   8187   8190   8193   8196   8199   8202
   8205   8208   8211   8214   8217   8220   8223   8226   8229   8232
   8235   8238   8241   8244   8247   8250   8253   8256   8259   8262
   8265   8268   8271   8274   8277   8280   8283   8286   8289   8292
   8295   8298   8301   8304   8307   8310   8313   8316   8319   8322
   8325   8328   8331   8334   8337   8340   8343   8346   8349   8352
   8355
Setup_Enefunc_Restraint> Setup restraint functions
 func  =     1 kind  =     1
 const(total, x, y, z) =    0.100   1.000   1.000   1.000
 exponend of function =     2
 # of groups  =     1
 grouplist:   1

 func  =     2 kind  =     1
 const(total, x, y, z) =    2.000   1.000   1.000   1.000
 exponend of function =     2
 # of groups  =     1
 grouplist:   2

Define_Enefunc_CHARMM> Number of Interactions in Each Term
  bond_ene        =      37288  angle_ene       =      23768
  urey_ene        =       6660
  torsion_ene     =      23932  improper_ene    =       1292
  cmap_ene        =        494
  restraint_groups=          4  restraint_funcs =          2
 
Setup_Fitting_Atdyn> NO fitting is applied, skip
  fitting method  =  NO
 
Update_Num_Deg_Freedom> Number of degrees of freedom was updated
  num_deg_freedom =      82743 (After setup of fixed atoms at boundary)
 
Remove_Fixatm> Modified Interactions
  bond_ene        =      27643  angle_ene       =      20553
  urey_ene        =       6660
  torsion_ene     =      23932  improper_ene    =       1292
 
Setup_Settle> Setup constraints for SETTLE
  num_unconsbonds =       7666      num_Settle  =       6659
  r0(O-H)         =     0.9572  mass(O)         =    15.9994
  r0(H-H)         =     1.5139  mass(H)         =     1.0080
 
Setup_Shake> Setup constrains for SHAKE and RATTLE
  num_unconsbonds =       3856  num_rigid_bonds =       3810
 
Update_Num_Deg_Freedom> Number of degrees of freedom was updated
  num_deg_freedom =      62766 (After setup of SETTLE)
 
Update_Num_Deg_Freedom> Number of degrees of freedom was updated
  num_deg_freedom =      58956 (After setup of SHAKE/RATTLE)
 
[STEP4] Compute Single Point Energy for Molecules
 
            STEP            BOND           ANGLE    UREY-BRADLEY        DIHEDRAL        IMPROPER            CMAP         VDWAALS           ELECT    RESTRAINT001    RESTRAINT002    RESTR_CVS001    RESTR_CVS002            SPOT
 --------------- --------------- --------------- --------------- ---------------
               0       1515.4237       3724.0244        483.9568       4530.4449        252.9734       -181.1569       6946.2959    -117425.7790         26.4203         11.5749          0.0000          0.0000         10.0072

[STEP5] Perform Molecular Dynamics Simulation
 
INFO:       STEP            TIME       TOTAL_ENE   POTENTIAL_ENE     KINETIC_ENE            RMSG            BOND           ANGLE    UREY-BRADLEY        DIHEDRAL        IMPROPER            CMAP         VDWAALS           ELECT RESTRAINT_TOTAL    RESTRAINT001    RESTRAINT002    RESTR_CVS001    RESTR_CVS002     TEMPERATURE          VOLUME            SPOT
 --------------- --------------- --------------- --------------- ---------------
INFO:        500          1.0000     -82378.1152     -99882.9121      17504.7969         12.5894       1468.9241       3867.3998        480.4477       4542.3737        277.9668       -184.7350       7113.7144    -117508.8124         59.8089         43.7912         16.0178          0.0000          0.0000        298.8267          0.0000         15.3663

INFO:       1000          2.0000     -82399.3493     -99952.5151      17553.1659         12.6669       1455.5843       3769.8831        463.7039       4560.0205        283.9220       -203.8092       6966.5487    -117306.4767         58.1083         45.8302         12.2781          0.0000          0.0000        299.6524          0.0000         11.6206

INFO:       1500          3.0000     -82467.5436    -100080.9617      17613.4181         12.6717       1527.9893       3818.1864        474.5260       4587.3413        284.6845       -172.1623       6978.9366    -117635.0351         54.5716         42.1503         12.4213          0.0000          0.0000        300.6810          0.0000         17.5628

INFO:       2000          4.0000     -82474.5430    -100076.3399      17601.7969         12.6472       1528.2543       3752.4045        462.1269       4563.9905        267.8001       -182.4102       7229.1000    -117755.4806         57.8746         41.9195         15.9551          0.0000          0.0000        300.4826          0.0000         16.6384

INFO:       2500          5.0000     -82392.1799     -99920.6310      17528.4512         12.6716       1520.5198       3804.3956        459.4151       4578.7477        272.7084       -182.3362       7206.6454    -117643.6217         62.8947         47.9752         14.9195          0.0000          0.0000        299.2305          0.0000         11.0379

INFO:       3000          6.0000     -82403.0661     -99973.7669      17570.7008         12.6979       1586.3773       3795.3213        470.7418       4533.0075        282.0473       -177.8017       7106.5903    -117635.4941         65.4436         47.5302         17.9134          0.0000          0.0000        299.9518          0.0000         14.6782

INFO:       3500          7.0000     -82397.4275     -99943.3095      17545.8819         12.6579       1548.5516       3771.2433        472.9567       4578.7238        307.3387       -188.8587       6991.9370    -117482.3860         57.1840         46.6229         10.5611          0.0000          0.0000        299.5281          0.0000         14.9667

INFO:       4000          8.0000     -82372.8132     -99962.5549      17589.7417         12.6661       1514.0476       3759.8042        479.5337       4549.6666        269.8945       -187.4903       7001.0908    -117417.9809         68.8790         49.7694         19.1096          0.0000          0.0000        300.2768          0.0000         17.8054

INFO:       4500          9.0000     -82353.2544     -99957.6162      17604.3618         12.6930       1548.6281       3777.3545        475.2318       4528.4233        266.3553       -174.7640       7210.8972    -117650.4194         60.6770         46.6048         14.0722          0.0000          0.0000        300.5264          0.0000         15.9772

INFO:       5000         10.0000     -82388.9427     -99976.9080      17587.9653         12.6392       1547.2964       3706.3341        474.5121       4577.5551        279.7709       -152.1226       7070.7634    -117540.5990         59.5815         47.4703         12.1112          0.0000          0.0000        300.2465          0.0000         19.8142

INFO:       5500         11.0000     -82464.6570    -100146.4903      17681.8333         12.6088       1481.0777       3725.8115        482.3997       4540.6453        268.7744       -176.8675       7307.3448    -117843.7088         68.0325         52.1873         15.8453          0.0000          0.0000        301.8489          0.0000          8.5139

INFO:       6000         12.0000     -82479.3646     -99898.1607      17418.7962         12.6391       1503.8672       3868.5298        489.8414       4558.7735        266.0889       -203.6117       7221.7185    -117660.6888         57.3205         44.6474         12.6731          0.0000          0.0000        297.3586          0.0000         15.3980

INFO:       6500         13.0000     -82517.2028    -100227.3320      17710.1292         12.6662       1518.8802       3817.9632        450.7816       4546.9153        273.2655       -170.7260       7210.4747    -117937.9730         63.0866         50.4494         12.6371          0.0000          0.0000        302.3320          0.0000         24.7711

INFO:       7000         14.0000     -82430.2828    -100063.5300      17633.2472         12.6982       1551.8837       3756.4560        493.4318       4548.6318        274.0167       -171.5646       7457.2508    -118029.0000         55.3638         44.1525         11.2114          0.0000          0.0000        301.0195          0.0000         15.1888

INFO:       7500         15.0000     -82384.0240     -99915.3344      17531.3104         12.6552       1428.9517       3797.9044        474.0179       4596.0012        283.8592       -180.7227       7045.1061    -117418.5095         58.0573         46.3817         11.6756          0.0000          0.0000        299.2794          0.0000         19.1717

INFO:       8000         16.0000     -82484.3771     -99917.0550      17432.6780         12.6448       1512.4288       3880.2355        486.4420       4591.3244        281.0141       -163.9272       6950.2275    -117520.5889         65.7888         52.7108         13.0780          0.0000          0.0000        297.5956          0.0000         26.4041

INFO:       8500         17.0000     -82453.6584     -99902.6165      17448.9581         12.5897       1485.3907       3862.5282        490.2747       4538.0424        272.0559       -166.0758       7075.3652    -117522.2893         62.0915         47.9587         14.1328          0.0000          0.0000        297.8735          0.0000         12.4130

INFO:       9000         18.0000     -82480.2877    -100093.9278      17613.6401         12.6236       1510.1322       3831.2990        482.3286       4577.7963        263.3658       -193.1780       7113.2782    -117742.2123         63.2624         49.9084         13.3540          0.0000          0.0000        300.6848          0.0000         18.6933

INFO:       9500         19.0000     -82464.0415    -100116.1975      17652.1561         12.6644       1517.7335       3787.7197        470.0290       4568.2683        284.1617       -201.6034       7089.3569    -117690.9423         59.0790         47.6680         11.4110          0.0000          0.0000        301.3423          0.0000         24.3534

INFO:      10000         20.0000     -82462.7893    -100074.1962      17611.4068         12.6516       1519.8142       3856.5346        474.2359       4510.9690        255.6417       -192.5491       7234.2984    -117797.8703         64.7295         53.4282         11.3013          0.0000          0.0000        300.6467          0.0000         14.9341

INFO:      10500         21.0000     -82337.9679    -100032.6886      17694.7208         12.7005       1503.2893       3899.7249        476.4410       4538.7076        255.5932       -211.3950       6986.0383    -117542.9443         61.8563         46.7490         15.1073          0.0000          0.0000        302.0690          0.0000         20.4720

INFO:      11000         22.0000     -82320.6963     -99987.3852      17666.6889         12.6198       1500.1939       3754.8954        482.0487       4558.0332        267.5238       -163.4950       7148.3558    -117603.4448         68.5039         56.9255         11.5784          0.0000          0.0000        301.5904          0.0000         15.6794

INFO:      11500         23.0000     -82258.1784     -99885.3091      17627.1306         12.6583       1525.7354       3842.7647        500.0726       4567.4659        284.7691       -188.4588       7111.8410    -117587.0592         57.5602         46.1862         11.3740          0.0000          0.0000        300.9151          0.0000         19.6896

INFO:      12000         24.0000     -82171.8770     -99744.7080      17572.8311         12.6910       1547.3643       3848.8183        486.2220       4523.1068        268.8917       -165.0252       7061.9235    -117374.0502         58.0407         47.4298         10.6109          0.0000          0.0000        299.9882          0.0000         16.4744

INFO:      12500         25.0000     -82120.6825     -99858.7423      17738.0598         12.6593       1538.2413       3764.3424        479.3358       4558.6160        252.1856       -194.5525       7233.3934    -117555.4390         65.1346         51.1385         13.9961          0.0000          0.0000        302.8088          0.0000         16.1157

INFO:      13000         26.0000     -82160.5324     -99783.4613      17622.9289         12.6741       1544.1599       3862.7278        494.0819       4550.9801        271.2306       -190.6587       7185.9807    -117563.7859         61.8223         48.9041         12.9182          0.0000          0.0000        300.8434          0.0000         18.5554

INFO:      13500         27.0000     -82293.5980     -99905.6936      17612.0956         12.7341       1587.5933       3861.7471        497.8666       4532.1757        282.4473       -164.7188       7201.4723    -117765.4258         61.1487         48.9660         12.1828          0.0000          0.0000        300.6584          0.0000         16.4839

INFO:      14000         28.0000     -82392.4380    -100067.5856      17675.1476         12.7073       1519.6767       3854.1578        482.4066       4518.2797        245.8994       -168.9382       7366.4219    -117946.3628         60.8735         46.8504         14.0231          0.0000          0.0000        301.7348          0.0000         18.4776

INFO:      14500         29.0000     -82454.2451     -99895.5794      17441.3343         12.7287       1567.8701       3843.2296        497.0387       4548.9567        278.4235       -190.4187       7177.6543    -117677.4792         59.1458         48.2065         10.9392          0.0000          0.0000        297.7434          0.0000         19.9876

INFO:      15000         30.0000     -82392.4917    -100058.7902      17666.2985         12.6440       1531.0182       3851.2480        494.4263       4492.1644        258.5598       -180.7243       7099.1786    -117662.2845         57.6231         45.4618         12.1612          0.0000          0.0000        301.5838          0.0000         12.8023

INFO:      15500         31.0000     -82481.2656    -100045.2311      17563.9655         12.7182       1575.1700       3824.5152        480.6543       4561.5922        264.0844       -203.1203       7127.0282    -117733.9608         58.8056         48.2088         10.5969          0.0000          0.0000        299.8368          0.0000         16.7055

INFO:      16000         32.0000     -82477.3090    -100084.2953      17606.9863         12.5953       1487.1420       3732.9657        467.4767       4510.1022        251.6703       -182.0797       6924.2583    -117335.4156         59.5848         46.3003         13.2846          0.0000          0.0000        300.5712          0.0000         13.7008

INFO:      16500         33.0000     -82396.3136     -99938.5454      17542.2318         12.7384       1526.6453       3896.9104        470.8245       4571.5287        278.7156       -201.9128       7097.8721    -117644.3379         65.2087         49.9607         15.2480          0.0000          0.0000        299.4658          0.0000         27.6594

INFO:      17000         34.0000     -82402.9886    -100028.0249      17625.0363         12.6687       1495.9548       3796.4069        470.1368       4547.8873        264.8412       -205.7548       6960.4135    -117420.0610         62.1503         48.8385         13.3118          0.0000          0.0000        300.8794          0.0000         22.5858

INFO:      17500         35.0000     -82361.8429     -99946.1972      17584.3543         12.6705       1543.0643       3901.5079        480.1819       4525.0960        271.1084       -167.1458       7284.5298    -117845.4293         60.8895         47.0734         13.8161          0.0000          0.0000        300.1849          0.0000         13.5773

INFO:      18000         36.0000     -82421.9078    -100071.3190      17649.4112         12.6105       1484.2377       3794.5681        477.7996       4558.8536        272.2518       -179.6298       7248.0177    -117790.4793         63.0616         46.6726         16.3890          0.0000          0.0000        301.2955          0.0000         20.7230

INFO:      18500         37.0000     -82440.4516     -99822.2825      17381.8309         12.6240       1510.9569       3873.0012        494.0861       4556.0202        282.5884       -186.1257       6974.5122    -117387.9051         60.5833         47.3117         13.2716          0.0000          0.0000        296.7276          0.0000         16.8876

INFO:      19000         38.0000     -82304.8104     -99928.6655      17623.8551         12.6453       1536.5247       3771.5278        466.8840       4541.4221        247.9937       -177.8297       7121.1004    -117494.8023         58.5138         46.5373         11.9765          0.0000          0.0000        300.8592          0.0000         14.9720

INFO:      19500         39.0000     -82371.6865    -100053.0867      17681.4002         12.6199       1519.5699       3717.2628        476.3305       4525.4301        274.6828       -187.4126       7086.7642    -117528.0614         62.3469         48.1942         14.1527          0.0000          0.0000        301.8416          0.0000         15.5514

INFO:      20000         40.0000     -82388.7399     -99907.3802      17518.6404         12.6431       1505.6820       3830.0184        474.5636       4531.1392        271.6199       -178.2498       7326.6811    -117739.3565         70.5220         54.4198         16.1022          0.0000          0.0000        299.0631          0.0000         18.1247

INFO:      20500         41.0000     -82331.0941    -100001.4893      17670.3952         12.6113       1467.4024       3791.3379        486.1353       4547.4075        281.6091       -175.5573       7118.4171    -117588.0969         69.8556         53.8620         15.9936          0.0000          0.0000        301.6537          0.0000         16.5865

INFO:      21000         42.0000     -82408.0930     -99994.8183      17586.7253         12.6770       1491.8473       3864.5584        489.6435       4578.8517        260.0907       -173.6963       7118.0348    -117686.5827         62.4342         49.8530         12.5813          0.0000          0.0000        300.2253          0.0000         24.1095

INFO:      21500         43.0000     -82346.8290     -99936.9342      17590.1053         12.6506       1502.6600       3853.6256        492.0982       4572.7081        248.5478       -197.9483       7091.7205    -117560.9910         60.6450         46.3947         14.2503          0.0000          0.0000        300.2830          0.0000         14.6118

INFO:      22000         44.0000     -82428.0267    -100040.8903      17612.8636         12.6269       1522.2258       3862.1347        482.1558       4516.3313        257.9701       -164.4306       7056.7990    -117637.5230         63.4465         49.7537         13.6928          0.0000          0.0000        300.6716          0.0000         22.8553

INFO:      22500         45.0000     -82540.7806    -100017.3340      17476.5533         12.6166       1566.6661       3778.7133        487.8652       4562.8460        285.3875       -205.9020       6949.6245    -117507.7785         65.2439         51.8849         13.3590          0.0000          0.0000        298.3446          0.0000         26.2538

INFO:      23000         46.0000     -82535.2256     -99995.4013      17460.1757         12.5896       1467.0296       3873.2411        464.8000       4552.6045        262.7585       -171.3657       7018.4684    -117525.9472         63.0095         50.0629         12.9466          0.0000          0.0000        298.0650          0.0000         20.7452

INFO:      23500         47.0000     -82573.9080    -100041.1127      17467.2047         12.6745       1537.0848       3862.0740        506.9620       4571.9821        281.1135       -183.1343       7067.3951    -117748.0262         63.4362         52.4172         11.0190          0.0000          0.0000        298.1850          0.0000         15.3498

INFO:      24000         48.0000     -82600.1843    -100154.3207      17554.1364         12.6593       1520.5407       3785.2784        467.6010       4558.1199        276.4917       -183.1179       7137.0797    -117779.0224         62.7082         50.4729         12.2353          0.0000          0.0000        299.6690          0.0000         22.9051

INFO:      24500         49.0000     -82574.6478    -100108.8743      17534.2265         12.6496       1520.0594       3830.1175        486.6544       4541.3852        267.2071       -183.8195       7260.1192    -117893.5871         62.9894         52.2673         10.7222          0.0000          0.0000        299.3291          0.0000         16.3238

INFO:      25000         50.0000     -82601.7795    -100082.0895      17480.3100         12.6215       1531.0091       3824.1210        485.0096       4559.7248        274.9003       -190.1245       7159.8378    -117791.9239         65.3564         53.3604         11.9960          0.0000          0.0000        298.4087          0.0000         14.3449

INFO:      25500         51.0000     -82600.7050    -100091.2070      17490.5020         12.6352       1456.9729       3818.8104        481.6949       4558.2232        261.9258       -187.5928       7269.9125    -117819.8979         68.7441         51.6085         17.1356          0.0000          0.0000        298.5827          0.0000         17.0958

INFO:      26000         52.0000     -82665.1896     -99977.9323      17312.7426         12.6078       1492.5486       3799.4080        477.1782       4598.3973        269.3897       -201.3202       7007.6495    -117493.2687         72.0855         53.0147         19.0707          0.0000          0.0000        295.5482          0.0000         17.7622

INFO:      26500         53.0000     -82565.3883    -100064.7634      17499.3751         12.6578       1499.9625       3771.6793        475.8218       4536.5049        250.8652       -190.2080       7034.2640    -117509.9575         66.3042         51.2012         15.1030          0.0000          0.0000        298.7342          0.0000         20.6659

INFO:      27000         54.0000     -82704.2624    -100215.9602      17511.6978         12.6670       1563.6238       3798.6071        483.9026       4494.6103        248.7333       -174.0775       7118.8987    -117819.7033         69.4448         52.4468         16.9980          0.0000          0.0000        298.9445          0.0000         16.6817

INFO:      27500         55.0000     -82636.4148    -100118.0099      17481.5951         12.5995       1542.1840       3828.4377        489.8524       4545.7825        262.5186       -172.0296       7028.1655    -117716.8430         73.9221         54.4040         19.5180          0.0000          0.0000        298.4307          0.0000         18.2126

INFO:      28000         56.0000     -82555.3651     -99935.9628      17380.5976         12.6050       1498.0016       3892.0070        471.6056       4516.7178        276.4009       -172.9233       7095.7731    -117579.6583         66.1128         52.5817         13.5311          0.0000          0.0000        296.7065          0.0000         16.0351

INFO:      28500         57.0000     -82653.3536    -100212.8277      17559.4741         12.5999       1491.6349       3844.7193        481.0861       4520.0075        254.7167       -202.4881       7148.8820    -117818.2803         66.8941         52.7571         14.1371          0.0000          0.0000        299.7601          0.0000         15.9986

INFO:      29000         58.0000     -82635.3507    -100108.8331      17473.4824         12.6104       1513.0050       3727.9978        460.9835       4558.4320        258.7286       -179.1935       7100.2189    -117612.4628         63.4575         51.1037         12.3537          0.0000          0.0000        298.2922          0.0000         13.9990

INFO:      29500         59.0000     -82779.5345    -100254.7648      17475.2303         12.6347       1511.6267       3786.8536        491.4065       4505.2237        263.2480       -176.8589       7206.4784    -117904.9252         62.1824         51.1540         11.0284          0.0000          0.0000        298.3220          0.0000         17.5185

INFO:      30000         60.0000     -82711.9259    -100213.7693      17501.8434         12.6458       1496.7730       3787.3790        457.5211       4534.7400        264.7239       -186.7512       7106.6112    -117738.4564         63.6901         51.1441         12.5460          0.0000          0.0000        298.7763          0.0000         10.6841

INFO:      30500         61.0000     -82766.4354    -100240.8684      17474.4330         12.6591       1573.1263       3782.1177        473.2120       4500.6884        267.0003       -191.7271       7201.6954    -117917.7363         70.7549         53.9767         16.7782          0.0000          0.0000        298.3084          0.0000         14.8743

INFO:      31000         62.0000     -82789.4609    -100219.7040      17430.2432         12.6106       1520.7316       3805.2217        474.4127       4544.1957        259.2722       -191.7086       7051.0760    -117750.0595         67.1542         52.6776         14.4766          0.0000          0.0000        297.5540          0.0000         18.7304

INFO:      31500         63.0000     -82782.5435    -100297.3711      17514.8276         12.6858       1515.5125       3865.0576        466.6689       4552.0959        267.4925       -195.5521       6887.6414    -117726.2403         69.9527         55.0231         14.9296          0.0000          0.0000        298.9980          0.0000         15.9661

INFO:      32000         64.0000     -82643.8962    -100180.2785      17536.3822         12.6426       1492.7999       3753.0041        472.7460       4487.3374        267.8115       -188.1506       7230.9041    -117766.2718         69.5410         54.7033         14.8377          0.0000          0.0000        299.3659          0.0000         10.5035

INFO:      32500         65.0000     -82585.9313    -100147.6162      17561.6850         12.5984       1454.7773       3842.5529        482.5671       4530.1434        259.6460       -193.5883       7082.9349    -117674.7844         68.1348         52.1841         15.9506          0.0000          0.0000        299.7979          0.0000         16.1433

INFO:      33000         66.0000     -82490.2610     -99997.6008      17507.3398         12.6664       1548.3319       3816.6739        480.6862       4508.8900        290.2256       -212.1116       7032.2151    -117524.7755         62.2635         49.9837         12.2798          0.0000          0.0000        298.8701          0.0000         11.5772

INFO:      33500         67.0000     -82531.4165     -99973.5026      17442.0861         12.6879       1529.5924       3825.3485        468.9686       4557.6032        266.0434       -188.1731       7234.9343    -117731.7606         63.9405         51.1199         12.8207          0.0000          0.0000        297.7562          0.0000         13.0063

INFO:      34000         68.0000     -82532.3475    -100005.7949      17473.4475         12.6333       1543.3672       3786.5973        467.8589       4562.9133        267.3781       -178.6978       6950.1704    -117479.5667         74.1845         57.0559         17.1286          0.0000          0.0000        298.2916          0.0000         17.0553

INFO:      34500         69.0000     -82445.3278     -99952.8805      17507.5526         12.5934       1510.3891       3795.5897        475.6179       4593.2513        243.6043       -194.8894       7073.5829    -117512.9148         62.8885         49.3301         13.5584          0.0000          0.0000        298.8738          0.0000         12.6340

INFO:      35000         70.0000     -82537.9474     -99964.0129      17426.0655         12.6251       1487.4240       3815.6759        472.6572       4556.9864        267.5154       -182.4423       7189.5301    -117638.9744         67.6147         49.9112         17.7035          0.0000          0.0000        297.4827          0.0000         11.9946

INFO:      35500         71.0000     -82586.5791    -100175.3023      17588.7232         12.6232       1520.1448       3797.8159        492.2229       4524.7591        268.0666       -173.3342       6861.3945    -117525.0140         58.6420         46.9290         11.7130          0.0000          0.0000        300.2595          0.0000         13.4632

INFO:      36000         72.0000     -82580.2492    -100037.1419      17456.8928         12.7445       1547.4430       3844.7204        478.6267       4502.0819        265.4795       -169.9265       7288.9356    -117861.5114         67.0089         55.3547         11.6542          0.0000          0.0000        298.0090          0.0000         18.7911

INFO:      36500         73.0000     -82559.7307    -100133.0411      17573.3104         12.6495       1527.8510       3778.9615        486.7630       4535.7224        271.6679       -175.1685       7103.9132    -117721.3183         58.5666         46.4582         12.1084          0.0000          0.0000        299.9963          0.0000         15.8216

INFO:      37000         74.0000     -82614.1539    -100072.6299      17458.4760         12.6624       1547.7959       3795.3356        471.6715       4599.6671        267.6916       -190.4895       7076.0165    -117710.5184         70.1995         53.5652         16.6344          0.0000          0.0000        298.0360          0.0000         15.9374

INFO:      37500         75.0000     -82607.1938    -100087.1400      17479.9461         12.5818       1528.5927       3762.7795        460.0159       4527.0925        254.6112       -215.3676       6871.7679    -117336.5607         59.9285         49.7461         10.1824          0.0000          0.0000        298.4025          0.0000         21.8008

INFO:      38000         76.0000     -82473.3910     -99990.4814      17517.0903         12.6743       1502.2115       3879.3055        486.3936       4540.6695        277.9172       -189.9698       6999.1785    -117555.3503         69.1630         54.1573         15.0056          0.0000          0.0000        299.0366          0.0000         20.9871

INFO:      38500         77.0000     -82547.3906    -100065.9363      17518.5457         12.5464       1483.9163       3772.0621        482.6604       4578.0044        259.5014       -223.7467       7193.9639    -117672.3579         60.0600         47.9736         12.0863          0.0000          0.0000        299.0614          0.0000         15.6094

INFO:      39000         78.0000     -82515.9105    -100002.5904      17486.6799         12.5900       1526.3643       3752.0713        488.1515       4523.9349        264.6628       -192.4093       7157.3999    -117586.3837         63.6179         51.3022         12.3157          0.0000          0.0000        298.5175          0.0000         13.6313

INFO:      39500         79.0000     -82468.0712     -99976.2375      17508.1663         12.6298       1552.6252       3808.7021        482.2773       4548.2686        258.2841       -201.2842       7113.0323    -117604.4319         66.2891         55.0562         11.2329          0.0000          0.0000        298.8843          0.0000         14.8552

INFO:      40000         80.0000     -82528.6237    -100051.1511      17522.5274         12.6623       1491.1053       3804.4722        480.4520       4533.8345        292.2914       -183.9305       7300.4885    -117834.4402         64.5757         53.8291         10.7466          0.0000          0.0000        299.1294          0.0000         19.0573

INFO:      40500         81.0000     -82462.9298    -100029.9632      17567.0334         12.7210       1521.1634       3896.4357        470.9119       4524.2847        263.5327       -177.5233       7120.8405    -117718.0850         68.4761         54.1675         14.3087          0.0000          0.0000        299.8892          0.0000         11.5795

INFO:      41000         82.0000     -82406.8551     -99971.9109      17565.0558         12.5800       1469.0757       3793.1746        472.7354       4566.5593        258.1836       -191.1917       7112.1989    -117528.9776         76.3310         57.2265         19.1046          0.0000          0.0000        299.8554          0.0000          8.7433

INFO:      41500         83.0000     -82351.8919     -99871.4168      17519.5249         12.6186       1546.9059       3764.8372        485.2405       4589.4272        271.6326       -182.1375       7036.5773    -117445.6785         61.7784         52.5180          9.2604          0.0000          0.0000        299.0782          0.0000         21.0098

INFO:      42000         84.0000     -82356.7209     -99776.7010      17419.9801         12.7245       1556.6384       3848.0024        475.2791       4554.5359        253.7462       -199.1054       7123.1147    -117447.6424         58.7301         47.2957         11.4344          0.0000          0.0000        297.3788          0.0000          9.3373

INFO:      42500         85.0000     -82313.8458     -99806.8136      17492.9678         12.5959       1534.2475       3806.9942        470.2665       4547.7769        285.2680       -181.4054       6967.0246    -117307.0101         70.0242         51.1485         18.8757          0.0000          0.0000        298.6248          0.0000         15.9968

INFO:      43000         86.0000     -82315.2727     -99962.6303      17647.3576         12.6881       1526.5242       3820.4957        475.0068       4532.9122        272.5702       -170.3405       7288.2929    -117777.1594         69.0676         53.7472         15.3204          0.0000          0.0000        301.2604          0.0000         12.6706

INFO:      43500         87.0000     -82339.7716     -99942.0619      17602.2903         12.6013       1497.6783       3723.3704        486.3422       4540.7440        254.7787       -184.3597       7224.2084    -117552.6072         67.7830         51.9949         15.7880          0.0000          0.0000        300.4911          0.0000         14.2036

INFO:      44000         88.0000     -82460.3919    -100077.8124      17617.4205         12.6530       1484.0569       3787.5079        481.9990       4551.9835        286.0314       -209.0868       7105.2344    -117625.0554         59.5166         48.5462         10.9704          0.0000          0.0000        300.7493          0.0000         11.7698

INFO:      44500         89.0000     -82486.1821    -100038.1629      17551.9808         12.6060       1488.4409       3813.5800        475.3304       4558.7716        286.0844       -167.4552       7006.7809    -117564.5827         64.8869         51.0896         13.7974          0.0000          0.0000        299.6322          0.0000         14.6798

INFO:      45000         90.0000     -82472.1267     -99925.7678      17453.6412         12.6415       1492.5171       3894.1099        477.1169       4565.4081        271.7151       -183.2874       7149.0656    -117657.7631         65.3501         49.2912         16.0589          0.0000          0.0000        297.9534          0.0000         13.6901

INFO:      45500         91.0000     -82324.5155     -99969.6069      17645.0914         12.6918       1528.1011       3836.0912        477.4285       4521.1312        259.9855       -178.5949       7308.7020    -117794.4205         71.9689         58.3706         13.5984          0.0000          0.0000        301.2217          0.0000         15.4243

INFO:      46000         92.0000     -82369.6773    -100017.0020      17647.3247         12.6907       1544.9291       3836.8968        493.1096       4557.5948        274.4908       -184.1798       7017.3942    -117623.1857         65.9482         50.2323         15.7159          0.0000          0.0000        301.2598          0.0000         18.0134

INFO:      46500         93.0000     -82390.9405    -100034.0115      17643.0711         12.6083       1514.6463       3861.9247        488.2831       4541.1524        281.2375       -177.5287       7066.3555    -117675.3707         65.2885         51.2607         14.0277          0.0000          0.0000        301.1872          0.0000         21.0418

INFO:      47000         94.0000     -82356.0052     -99913.3236      17557.3184         12.6098       1529.3197       3784.9124        489.7063       4511.3993        271.7230       -160.0762       7029.3939    -117435.8506         66.1484         53.4839         12.6646          0.0000          0.0000        299.7233          0.0000         17.0005

INFO:      47500         95.0000     -82367.8191     -99956.6559      17588.8368         12.6942       1494.0361       3827.6531        490.5131       4531.7341        266.4100       -180.7659       6940.2778    -117393.3096         66.7952         53.1407         13.6545          0.0000          0.0000        300.2614          0.0000         13.1211

INFO:      48000         96.0000     -82309.6878     -99938.1561      17628.4683         12.6812       1552.6951       3758.8932        490.0719       4549.3415        270.4187       -177.7642       7127.8122    -117570.9419         61.3174         49.3465         11.9708          0.0000          0.0000        300.9379          0.0000         15.8858

INFO:      48500         97.0000     -82414.7940    -100016.0503      17601.2563         12.6465       1529.3211       3763.9286        475.0262       4562.6402        282.2170       -187.4557       7200.3527    -117709.0523         66.9718         53.5593         13.4125          0.0000          0.0000        300.4734          0.0000         20.3893

INFO:      49000         98.0000     -82454.6706    -100037.5385      17582.8679         12.5832       1535.3354       3848.4559        473.5340       4577.5280        281.8152       -200.2862       7068.2100    -117690.3472         68.2163         51.8283         16.3880          0.0000          0.0000        300.1595          0.0000         20.5596

INFO:      49500         99.0000     -82398.5190     -99994.0058      17595.4868         12.7210       1520.0977       3852.7733        491.9056       4534.7971        256.0610       -180.2805       7137.3907    -117674.3176         67.5669         52.1352         15.4317          0.0000          0.0000        300.3749          0.0000         14.3216

INFO:      50000        100.0000     -82394.3952    -100014.5807      17620.1855         12.5830       1516.9172       3803.7508        466.6300       4563.5880        271.9560       -184.4155       7076.2963    -117595.7938         66.4903         50.9646         15.5257          0.0000          0.0000        300.7965          0.0000         14.8069

 
[STEP6] Deallocate Arrays
 
Output_Time> Averaged timer profile (Min, Max)
  total time      =    1567.262
    setup         =       3.054
    dynamics      =    1564.208
      energy      =    1318.363
      integrator  =      91.768
      pairlist    =     152.252 (     149.369,     154.440)
  energy           
    bond          =       0.357 (       0.277,       0.456)
    angle         =       1.417 (       1.240,       1.808)
    dihedral      =       2.787 (       2.156,       3.207)
    nonbond       =    1087.790 (    1079.525,    1097.649)
      pme real    =    1087.599 (    1079.110,    1097.551)
      pme recip   =       0.000 (       0.000,       0.000)
    solvation     =       0.000 (       0.000,       0.000)
      polar       =       0.000 (       0.000,       0.000)
      non-polar   =       0.000 (       0.000,       0.000)
    restraint     =       1.259 (       0.834,       1.783)
    qmmm          =       0.000 (       0.000,       0.000)
  integrator       
    constraint    =      49.107 (      48.344,      50.371)
    update        =       0.000 (       0.000,       0.000)
    comm_coord    =       0.000 (       0.000,       0.000)
    comm_force    =       0.000 (       0.000,       0.000)
    comm_migrate  =       0.000 (       0.000,       0.000)

