 Data for JOB [44789,1] offset 0 Total slots allocated 64

 ========================   JOB MAP   ========================

 Data for node: beluga10	Num slots: 16	Max slots: 0	Num procs: 4
 	Process OMPI jobid: [44789,1] App: 0 Process rank: 0 Bound: socket 0[core 0[hwt 0]], socket 0[core 1[hwt 0]], socket 0[core 2[hwt 0]], socket 0[core 3[hwt 0]], socket 0[core 4[hwt 0]], socket 0[core 5[hwt 0]], socket 0[core 6[hwt 0]], socket 0[core 7[hwt 0]]:[B/B/B/B/B/B/B/B][./././././././.]
 	Process OMPI jobid: [44789,1] App: 0 Process rank: 1 Bound: socket 1[core 8[hwt 0]], socket 1[core 9[hwt 0]], socket 1[core 10[hwt 0]], socket 1[core 11[hwt 0]], socket 1[core 12[hwt 0]], socket 1[core 13[hwt 0]], socket 1[core 14[hwt 0]], socket 1[core 15[hwt 0]]:[./././././././.][B/B/B/B/B/B/B/B]
 	Process OMPI jobid: [44789,1] App: 0 Process rank: 2 Bound: socket 0[core 0[hwt 0]], socket 0[core 1[hwt 0]], socket 0[core 2[hwt 0]], socket 0[core 3[hwt 0]], socket 0[core 4[hwt 0]], socket 0[core 5[hwt 0]], socket 0[core 6[hwt 0]], socket 0[core 7[hwt 0]]:[B/B/B/B/B/B/B/B][./././././././.]
 	Process OMPI jobid: [44789,1] App: 0 Process rank: 3 Bound: socket 1[core 8[hwt 0]], socket 1[core 9[hwt 0]], socket 1[core 10[hwt 0]], socket 1[core 11[hwt 0]], socket 1[core 12[hwt 0]], socket 1[core 13[hwt 0]], socket 1[core 14[hwt 0]], socket 1[core 15[hwt 0]]:[./././././././.][B/B/B/B/B/B/B/B]

 Data for node: beluga12	Num slots: 16	Max slots: 0	Num procs: 4
 	Process OMPI jobid: [44789,1] App: 0 Process rank: 4 Bound: N/A
 	Process OMPI jobid: [44789,1] App: 0 Process rank: 5 Bound: N/A
 	Process OMPI jobid: [44789,1] App: 0 Process rank: 6 Bound: N/A
 	Process OMPI jobid: [44789,1] App: 0 Process rank: 7 Bound: N/A

 Data for node: beluga09	Num slots: 16	Max slots: 0	Num procs: 4
 	Process OMPI jobid: [44789,1] App: 0 Process rank: 8 Bound: N/A
 	Process OMPI jobid: [44789,1] App: 0 Process rank: 9 Bound: N/A
 	Process OMPI jobid: [44789,1] App: 0 Process rank: 10 Bound: N/A
 	Process OMPI jobid: [44789,1] App: 0 Process rank: 11 Bound: N/A

 Data for node: beluga11	Num slots: 16	Max slots: 0	Num procs: 4
 	Process OMPI jobid: [44789,1] App: 0 Process rank: 12 Bound: N/A
 	Process OMPI jobid: [44789,1] App: 0 Process rank: 13 Bound: N/A
 	Process OMPI jobid: [44789,1] App: 0 Process rank: 14 Bound: N/A
 	Process OMPI jobid: [44789,1] App: 0 Process rank: 15 Bound: N/A

 =============================================================
 Data for JOB [44789,1] offset 0 Total slots allocated 64

 ========================   JOB MAP   ========================

 Data for node: beluga10	Num slots: 16	Max slots: 0	Num procs: 4
 	Process OMPI jobid: [44789,1] App: 0 Process rank: 0 Bound: N/A
 	Process OMPI jobid: [44789,1] App: 0 Process rank: 1 Bound: N/A
 	Process OMPI jobid: [44789,1] App: 0 Process rank: 2 Bound: N/A
 	Process OMPI jobid: [44789,1] App: 0 Process rank: 3 Bound: N/A

 Data for node: beluga12	Num slots: 16	Max slots: 0	Num procs: 4
 	Process OMPI jobid: [44789,1] App: 0 Process rank: 4 Bound: N/A
 	Process OMPI jobid: [44789,1] App: 0 Process rank: 5 Bound: N/A
 	Process OMPI jobid: [44789,1] App: 0 Process rank: 6 Bound: N/A
 	Process OMPI jobid: [44789,1] App: 0 Process rank: 7 Bound: N/A

 Data for node: beluga09	Num slots: 16	Max slots: 0	Num procs: 4
 	Process OMPI jobid: [44789,1] App: 0 Process rank: 8 Bound: N/A
 	Process OMPI jobid: [44789,1] App: 0 Process rank: 9 Bound: N/A
 	Process OMPI jobid: [44789,1] App: 0 Process rank: 10 Bound: N/A
 	Process OMPI jobid: [44789,1] App: 0 Process rank: 11 Bound: N/A

 Data for node: beluga11	Num slots: 16	Max slots: 0	Num procs: 4
 	Process OMPI jobid: [44789,1] App: 0 Process rank: 12 Bound: socket 0[core 0[hwt 0]], socket 0[core 1[hwt 0]], socket 0[core 2[hwt 0]], socket 0[core 3[hwt 0]], socket 0[core 4[hwt 0]], socket 0[core 5[hwt 0]], socket 0[core 6[hwt 0]], socket 0[core 7[hwt 0]]:[B/B/B/B/B/B/B/B][./././././././.]
 	Process OMPI jobid: [44789,1] App: 0 Process rank: 13 Bound: socket 1[core 8[hwt 0]], socket 1[core 9[hwt 0]], socket 1[core 10[hwt 0]], socket 1[core 11[hwt 0]], socket 1[core 12[hwt 0]], socket 1[core 13[hwt 0]], socket 1[core 14[hwt 0]], socket 1[core 15[hwt 0]]:[./././././././.][B/B/B/B/B/B/B/B]
 	Process OMPI jobid: [44789,1] App: 0 Process rank: 14 Bound: socket 0[core 0[hwt 0]], socket 0[core 1[hwt 0]], socket 0[core 2[hwt 0]], socket 0[core 3[hwt 0]], socket 0[core 4[hwt 0]], socket 0[core 5[hwt 0]], socket 0[core 6[hwt 0]], socket 0[core 7[hwt 0]]:[B/B/B/B/B/B/B/B][./././././././.]
 	Process OMPI jobid: [44789,1] App: 0 Process rank: 15 Bound: socket 1[core 8[hwt 0]], socket 1[core 9[hwt 0]], socket 1[core 10[hwt 0]], socket 1[core 11[hwt 0]], socket 1[core 12[hwt 0]], socket 1[core 13[hwt 0]], socket 1[core 14[hwt 0]], socket 1[core 15[hwt 0]]:[./././././././.][B/B/B/B/B/B/B/B]

 =============================================================
 Data for JOB [44789,1] offset 0 Total slots allocated 64

 ========================   JOB MAP   ========================

 Data for node: beluga10	Num slots: 16	Max slots: 0	Num procs: 4
 	Process OMPI jobid: [44789,1] App: 0 Process rank: 0 Bound: N/A
 	Process OMPI jobid: [44789,1] App: 0 Process rank: 1 Bound: N/A
 	Process OMPI jobid: [44789,1] App: 0 Process rank: 2 Bound: N/A
 	Process OMPI jobid: [44789,1] App: 0 Process rank: 3 Bound: N/A

 Data for node: beluga12	Num slots: 16	Max slots: 0	Num procs: 4
 	Process OMPI jobid: [44789,1] App: 0 Process rank: 4 Bound: socket 0[core 0[hwt 0]], socket 0[core 1[hwt 0]], socket 0[core 2[hwt 0]], socket 0[core 3[hwt 0]], socket 0[core 4[hwt 0]], socket 0[core 5[hwt 0]], socket 0[core 6[hwt 0]], socket 0[core 7[hwt 0]]:[B/B/B/B/B/B/B/B][./././././././.]
 	Process OMPI jobid: [44789,1] App: 0 Process rank: 5 Bound: socket 1[core 8[hwt 0]], socket 1[core 9[hwt 0]], socket 1[core 10[hwt 0]], socket 1[core 11[hwt 0]], socket 1[core 12[hwt 0]], socket 1[core 13[hwt 0]], socket 1[core 14[hwt 0]], socket 1[core 15[hwt 0]]:[./././././././.][B/B/B/B/B/B/B/B]
 	Process OMPI jobid: [44789,1] App: 0 Process rank: 6 Bound: socket 0[core 0[hwt 0]], socket 0[core 1[hwt 0]], socket 0[core 2[hwt 0]], socket 0[core 3[hwt 0]], socket 0[core 4[hwt 0]], socket 0[core 5[hwt 0]], socket 0[core 6[hwt 0]], socket 0[core 7[hwt 0]]:[B/B/B/B/B/B/B/B][./././././././.]
 	Process OMPI jobid: [44789,1] App: 0 Process rank: 7 Bound: socket 1[core 8[hwt 0]], socket 1[core 9[hwt 0]], socket 1[core 10[hwt 0]], socket 1[core 11[hwt 0]], socket 1[core 12[hwt 0]], socket 1[core 13[hwt 0]], socket 1[core 14[hwt 0]], socket 1[core 15[hwt 0]]:[./././././././.][B/B/B/B/B/B/B/B]

 Data for node: beluga09	Num slots: 16	Max slots: 0	Num procs: 4
 	Process OMPI jobid: [44789,1] App: 0 Process rank: 8 Bound: N/A
 	Process OMPI jobid: [44789,1] App: 0 Process rank: 9 Bound: N/A
 	Process OMPI jobid: [44789,1] App: 0 Process rank: 10 Bound: N/A
 	Process OMPI jobid: [44789,1] App: 0 Process rank: 11 Bound: N/A

 Data for node: beluga11	Num slots: 16	Max slots: 0	Num procs: 4
 	Process OMPI jobid: [44789,1] App: 0 Process rank: 12 Bound: N/A
 	Process OMPI jobid: [44789,1] App: 0 Process rank: 13 Bound: N/A
 	Process OMPI jobid: [44789,1] App: 0 Process rank: 14 Bound: N/A
 	Process OMPI jobid: [44789,1] App: 0 Process rank: 15 Bound: N/A

 =============================================================
 Data for JOB [44789,1] offset 0 Total slots allocated 64

 ========================   JOB MAP   ========================

 Data for node: beluga10	Num slots: 16	Max slots: 0	Num procs: 4
 	Process OMPI jobid: [44789,1] App: 0 Process rank: 0 Bound: N/A
 	Process OMPI jobid: [44789,1] App: 0 Process rank: 1 Bound: N/A
 	Process OMPI jobid: [44789,1] App: 0 Process rank: 2 Bound: N/A
 	Process OMPI jobid: [44789,1] App: 0 Process rank: 3 Bound: N/A

 Data for node: beluga12	Num slots: 16	Max slots: 0	Num procs: 4
 	Process OMPI jobid: [44789,1] App: 0 Process rank: 4 Bound: N/A
 	Process OMPI jobid: [44789,1] App: 0 Process rank: 5 Bound: N/A
 	Process OMPI jobid: [44789,1] App: 0 Process rank: 6 Bound: N/A
 	Process OMPI jobid: [44789,1] App: 0 Process rank: 7 Bound: N/A

 Data for node: beluga09	Num slots: 16	Max slots: 0	Num procs: 4
 	Process OMPI jobid: [44789,1] App: 0 Process rank: 8 Bound: socket 0[core 0[hwt 0]], socket 0[core 1[hwt 0]], socket 0[core 2[hwt 0]], socket 0[core 3[hwt 0]], socket 0[core 4[hwt 0]], socket 0[core 5[hwt 0]], socket 0[core 6[hwt 0]], socket 0[core 7[hwt 0]]:[B/B/B/B/B/B/B/B][./././././././.]
 	Process OMPI jobid: [44789,1] App: 0 Process rank: 9 Bound: socket 1[core 8[hwt 0]], socket 1[core 9[hwt 0]], socket 1[core 10[hwt 0]], socket 1[core 11[hwt 0]], socket 1[core 12[hwt 0]], socket 1[core 13[hwt 0]], socket 1[core 14[hwt 0]], socket 1[core 15[hwt 0]]:[./././././././.][B/B/B/B/B/B/B/B]
 	Process OMPI jobid: [44789,1] App: 0 Process rank: 10 Bound: socket 0[core 0[hwt 0]], socket 0[core 1[hwt 0]], socket 0[core 2[hwt 0]], socket 0[core 3[hwt 0]], socket 0[core 4[hwt 0]], socket 0[core 5[hwt 0]], socket 0[core 6[hwt 0]], socket 0[core 7[hwt 0]]:[B/B/B/B/B/B/B/B][./././././././.]
 	Process OMPI jobid: [44789,1] App: 0 Process rank: 11 Bound: socket 1[core 8[hwt 0]], socket 1[core 9[hwt 0]], socket 1[core 10[hwt 0]], socket 1[core 11[hwt 0]], socket 1[core 12[hwt 0]], socket 1[core 13[hwt 0]], socket 1[core 14[hwt 0]], socket 1[core 15[hwt 0]]:[./././././././.][B/B/B/B/B/B/B/B]

 Data for node: beluga11	Num slots: 16	Max slots: 0	Num procs: 4
 	Process OMPI jobid: [44789,1] App: 0 Process rank: 12 Bound: N/A
 	Process OMPI jobid: [44789,1] App: 0 Process rank: 13 Bound: N/A
 	Process OMPI jobid: [44789,1] App: 0 Process rank: 14 Bound: N/A
 	Process OMPI jobid: [44789,1] App: 0 Process rank: 15 Bound: N/A

 =============================================================
****************************************************
*                                                  *
*                  GENESIS ATDYN                   *
*                                                  *
*        A Molecular Dynamics Simulator with       *
*            Atomic Decomposition Scheme           *
*                                                  *
*               Developed by RIKEN                 *
*                                                  *
****************************************************
 
[STEP0] Architecture and Compiler Information
 
GENESIS_Information> GENESIS Information
  version      = 1.5.0
  commit ID    = $GENESIS_VERSION$
  precision    = double
  nonbonding   = CPU

Build_Information> Compiler Information
  build host   = yagi@beluga
  fortran      = ifort (IFORT) 18.0.1 20171018
  option       = -xHost -O3 -ip -mkl=parallel  -assume byterecl -qopenmp 
  C            = icc (ICC) 18.0.1 20171018
  option       = -O3 -ip -axCORE-AVX2  -qopenmp
  defined var. =  -DMPI -DOMP -DFFTE -DLAPACK -DDSFMT_MEXP=19937 -DINTEL
  link option  = 
  -assume byterecl -qopenmp  -lmkl_intel_lp64 -lmkl_sequential -lmkl_core -lmkl_
 lapack95_lp64 

Runtime_Information> Machine and Library Information
  date       = 2020/05/13 19:54:18
  cpu model    = Intel(R) Xeon(R) CPU E5-2667 v4 @ 3.20GHz
  exec. host   = yagi@beluga10
  LD library   = 
 /home/mdsoft/mpi/mpi_cent-v7_intel64/openmpi-v3.1.2_intel_v18.0.1/lib:/opt/inte
 l/compilers_and_libraries_2018.1.163/linux/compiler/lib/intel64_lin:/opt/intel/
 compilers_and_libraries_2018.1.163/linux/mkl/lib/intel64_lin:/opt/intel/compile
 rs_and_libraries_2018.1.163/linux/compiler/lib/intel64:/opt/intel/compilers_and
 _libraries_2018.1.163/linux/compiler/lib/intel64_lin:/opt/intel/compilers_and_l
 ibraries_2018.1.163/linux/mpi/intel64/lib:/opt/intel/compilers_and_libraries_20
 18.1.163/linux/mpi/mic/lib:/opt/intel/compilers_and_libraries_2018.1.163/linux/
 ipp/lib/intel64:/opt/intel/compilers_and_libraries_2018.1.163/linux/compiler/li
 b/intel64_lin:/opt/intel/compilers_and_libraries_2018.1.163/linux/mkl/lib/intel
 64_lin:/opt/intel/compilers_and_libraries_2018.1.163/linux/tbb/lib/intel64/gcc4
 .7:/opt/intel/compilers_and_libraries_2018.1.163/linux/tbb/lib/intel64/gcc4.7:/
 opt/intel/compilers_and_libraries_2018.1.163/linux/daal/lib/intel64_lin:/home/m
 dsoft/mpi/mpi_cent-v7_intel64/openmpi-v3.1.2_intel_v18.0.1/lib:/opt/intel/compi
 lers_and_libraries_2018.1.163/linux/compiler/lib/intel64_lin:/opt/intel/compile
 rs_and_libraries_2018.1.163/linux/mkl/lib/intel64_lin:/opt/intel/compilers_and_
 libraries_2018.1.163/linux/compiler/lib/intel64:/opt/intel/compilers_and_librar
 ies_2018.1.163/linux/compiler/lib/intel64_lin:/opt/intel/compilers_and_librarie
 s_2018.1.163/linux/mpi/intel64/lib:/opt/intel/compilers_and_libraries_2018.1.16
 3/linux/mpi/mic/lib:/opt/intel/compilers_and_libraries_2018.1.163/linux/ipp/li

[STEP1] Read Control Parameters
 
Read_Ctrl_Input> Input Files
  topfile = toppar/top_all36_prot.rtf, toppar/top_all36_cgenff.rtf
  parfile = toppar/par_all36_prot.prm, toppar/par_all36_cgenff.prm
  strfile = toppar/toppar_water_ions.str, toppar/toppar_dhap.3.str
  psffile = step4_nvt_100.psf
  pdbfile = step4_nvt_100.pdb
  rstfile = step4.9_qmmm_nvt.rst
  reffile = step4_nvt_100.pdb
 
Read_Ctrl_Output> Output Files
  dcdfile    = step4.10_qmmm_nvt.dcd
  rstfile    = step4.10_qmmm_nvt.rst
 
Read_Ctrl_Energy> Parameters of Energy Calculations
  forcefield      =     CHARMM
  switchdist      =     16.000  cutoffdist      =     18.000
  pairlistdist    =     19.500  dielec_const    =      1.000
  vdW force_switch=        yes
  electrostatic   =  CUTOFF
  implicit_solvent=       none
  table_order     =          3
  table_density   =     20.000
  water_model     =       NONE
  output_style    =    GENESIS
  dispersion_corr =       none
  nonb_limiter    =      no
 
Read_Ctrl_Dynamics> Parameters of MD simulation
  integrator      =       VVER  nsteps          =      10000
  timestep        =     0.0020  initial_time    =     0.0000
  eneout_period   =        100  rstout_period   =        100
  crdout_period   =        100  velout_period   =          0
  nbupdate_period =         10  stoptr_period   =         10
  iseed           =   20190319
  annealing       =         no
  verbose         =         no
  target_md       =         no
  steered_md      =         no
  esp_mm          =         no
 
Read_Ctrl_Constraints> Parameters for Constraints
  rigid_bond      =        yes
  shake_iteration =        500  shake_tolerance =  0.100E-09
  fast_water      =        yes  water_model     =       TIP3
  hydrogen_type   =  name|mass
  noshake_index   =       none
  fixatm_select_index        =       none
 
Read_Ctrl_Ensemble> Parameters for Ensemble
  ensemble        =        NVT
  temperature     =    300.000
  tpcontrol       =      BUSSI
  tau_t           =      5.000
 
Read_Ctrl_Boundary> Parameters of Boundary Condition
  type            =       NOBC
  spherical_pot   =        yes  restart         =          T
  center_info     =       read  modify_ratio    =      1.000
  constant        =     10.000  exponent        =          2
  fixatom         =          T  fix_layer       =      1.000
 
Read_Ctrl_Selection> Parameters of Selection
  # of groups     =          3
    group 1 = (sid:TIMA or sid:TIMB) and (an:CA | an:C | an:O | an:N)
    group 2 = (sid:DHA or sid:DHA around_res:3.0) and not hydrogen
    group 3 = sid:DHA or (sid:TIMA and (rno:95 or rno:165) and not (an:CA  | an:C   | an:O   | an:N | an:HN | an:HA))
  # of mole names =          0
 
Read_Ctrl_Restraints> Parameters of Restraint
  numfunc         =   1
  function1 = POSI     
    direction     = ALL 
    constant      = 0.5
    reference     = 
    select_index  = 2
    mode          =   0
    exponent      =   2
    exponent_dist = 
    weight_dist   = 

  pressure_position   = NO
  pressure_rmsd     = NO

Read_Ctrl_Fitting_MD> Parameters of Fitting
  fitting method  =  TR+ROT   
  fitting atom    = group1
  mass_weight     =         no
 
Read_Ctrl_QMMM> Parameters of QM/MM
  qmtyp              = dftb+
  qmcnt              = dftb_01.hsd
  qmexe              = runDFTB02_wako.sh
  workdir            = /dev/shm/qmmm_dyn
  savedir            = qmmm10
  basename           = job
  qmsave_period      = 100
  qmmaxtrial         = 1
  qmatm_select_index = 3
  exclude_charge     = GROUP
 
[STEP2] Setup MPI
 
Setup_Mpi_Md> Summary of Setup MPI
  number of MPI processes   =         16
  number of OpenMP threads  =          4
  total number of CPU cores =         64

[STEP3] Set Relevant Variables and Structures
 
Input_Top> Summary of Topfile
  num_atom_class  =        212  num_resi_type   =        685
 
Input_Par> Summary of Parfile
  num_bonds       =        658  num_angles      =       2003
  num_dihedrals   =       4838  num_impropers   =        163
  num_atom_cls    =        212  num_nbfix       =         75
  num_cmap_terms  =          6
 
 Merge_Par> WARNING: BOND: Multiple definition: "CG321"-"OG311"
Input_Str> Summary of Top information
  num_atom_class  =        227  num_resi_type   =        700
 
Input_Str> Summary of Par information
  num_bonds       =        663  num_angles      =       2006
  num_dihedrals   =       4850  num_impropers   =        163
  num_atom_cls    =        227  num_nbfix       =         90
  num_cmap_terms  =          6
 
Read_Psf> Summary of Psffile
  psftype         =      xplor
  num_atoms       =      37226  num_bonds       =      37288
  num_angles      =      23768  num_dihedrals   =      20268
  num_impropers   =       1292  num_cmap_terms  =        494
  num_HB_donors   =      20596  num_HB_acceptors=      10610
  num_NB_exclusion=          0  num_groups      =      12168
  total_charge    =    -10.000
 
Check_Pdb> 6-column residue sequence number
 
Read_Pdb> Summary of Data in PDB file
  num_atoms       =      37226
 
Read_Rst_Binary> Summary of RST file
  num_atoms       =      37226  iseed           =   20190319
  boxsize (x,y,z) =      0.000     0.000     0.000
  spherical_pot     =      yes
  nfunctions                 2  num_fixatm              9645
  num_of_qm_charge          35

Check_Pdb> 6-column residue sequence number
 
Read_Pdb> Summary of Data in PDB file
  num_atoms       =      37226
 
Define_Molecule> Summary of molecules
  num_atoms       =      37226  num_bonds       =      37288
  num_angles      =      23768  num_dihedrals   =      20268
  num_impropers   =       1292  num_cmap_terms  =        494
  num_residues    =      10370  num_molecules   =       9878
  num_segments    =          6  num_deg_freedom =     111678
  total_charge    =    -10.000
 
Setup_Boundary> Setup Variables for Boundary Condition
  origin(x,y,z)   =      0.000     0.000     0.000
  nfunctions      =        2
    center(x,y,z) =     17.000     0.000     0.000
    radius        =     35.000
    constant      =     10.000
    exponent      =          2
    center(x,y,z) =    -17.000     0.000     0.000
    radius        =     35.000
    constant      =     10.000
    exponent      =          2
 
  num_fixatm      =     9645
 
 
Random_Init> Initialize the random number
  seed            = 20190319

Select_Contacts> mode        : Resi
                 sel atoms A :      15
                 sel atoms B :   37211
                 distance    :    3.00
                contact atom list :     160
 
Setup_QMMM> Setup QM region
  QM assignment info
  1435 TIMA     95 HSE    CB   CT2    assigned to QM atom    1 of element: C     6
  1436 TIMA     95 HSE    HB1  HA2    assigned to QM atom    2 of element: H     1
  1437 TIMA     95 HSE    HB2  HA2    assigned to QM atom    3 of element: H     1
  1438 TIMA     95 HSE    ND1  NR2    assigned to QM atom    4 of element: N     7
  1439 TIMA     95 HSE    CG   CPH1   assigned to QM atom    5 of element: C     6
  1440 TIMA     95 HSE    CE1  CPH2   assigned to QM atom    6 of element: C     6
  1441 TIMA     95 HSE    HE1  HR1    assigned to QM atom    7 of element: H     1
  1442 TIMA     95 HSE    NE2  NR1    assigned to QM atom    8 of element: N     7
  1443 TIMA     95 HSE    HE2  H      assigned to QM atom    9 of element: H     1
  1444 TIMA     95 HSE    CD2  CPH1   assigned to QM atom   10 of element: C     6
  1445 TIMA     95 HSE    HD2  HR3    assigned to QM atom   11 of element: H     1
  2552 TIMA    165 GLU    CB   CT2A   assigned to QM atom   12 of element: C     6
  2553 TIMA    165 GLU    HB1  HA2    assigned to QM atom   13 of element: H     1
  2554 TIMA    165 GLU    HB2  HA2    assigned to QM atom   14 of element: H     1
  2555 TIMA    165 GLU    CG   CT2    assigned to QM atom   15 of element: C     6
  2556 TIMA    165 GLU    HG1  HA2    assigned to QM atom   16 of element: H     1
  2557 TIMA    165 GLU    HG2  HA2    assigned to QM atom   17 of element: H     1
  2558 TIMA    165 GLU    CD   CC     assigned to QM atom   18 of element: C     6
  2559 TIMA    165 GLU    OE1  OC     assigned to QM atom   19 of element: O     8
  2560 TIMA    165 GLU    OE2  OC     assigned to QM atom   20 of element: O     8
  7575 DHA     249 DHAP   P    PG2    assigned to QM atom   21 of element: P    15
  7576 DHA     249 DHAP   O1P  OG303  assigned to QM atom   22 of element: O     8
  7577 DHA     249 DHAP   O2P  OG2P1  assigned to QM atom   23 of element: O     8
  7578 DHA     249 DHAP   O3P  OG2P1  assigned to QM atom   24 of element: O     8
  7579 DHA     249 DHAP   O4P  OG2P1  assigned to QM atom   25 of element: O     8
  7580 DHA     249 DHAP   C1   CG321  assigned to QM atom   26 of element: C     6
  7581 DHA     249 DHAP   H11  HGA2   assigned to QM atom   27 of element: H     1
  7582 DHA     249 DHAP   H12  HGA2   assigned to QM atom   28 of element: H     1
  7583 DHA     249 DHAP   C2   CG2O5  assigned to QM atom   29 of element: C     6
  7584 DHA     249 DHAP   O2   OG2D3  assigned to QM atom   30 of element: O     8
  7585 DHA     249 DHAP   C3   CG321  assigned to QM atom   31 of element: C     6
  7586 DHA     249 DHAP   O3   OG311  assigned to QM atom   32 of element: O     8
  7587 DHA     249 DHAP   HO3  HGP1   assigned to QM atom   33 of element: H     1
  7588 DHA     249 DHAP   H31  HGA2   assigned to QM atom   34 of element: H     1
  7589 DHA     249 DHAP   H32  HGA2   assigned to QM atom   35 of element: H     1
  number of QM atoms = 35
 
  QM charges retreived from rstfile.
 

Generate_LinkAtoms> QM-MM interface info. Link hydrogen is set between:
              [ QM atom ]             -             [ MM atom ]
  1435 TIMA     95 HSE    CB   CT2    -   1433 TIMA     95 HSE    CA   CT1   
                                          1431 TIMA     95 HSE    N    NH1    excluded
                                          1432 TIMA     95 HSE    HN   H      excluded
                                          1434 TIMA     95 HSE    HA   HB1    excluded
  2552 TIMA    165 GLU    CB   CT2A   -   2550 TIMA    165 GLU    CA   CT1   
                                          2548 TIMA    165 GLU    N    NH1    excluded
                                          2549 TIMA    165 GLU    HN   H      excluded
                                          2551 TIMA    165 GLU    HA   HB1    excluded

  number of link atoms           = 2
  number of external MM charges  = 37183

 
  Check the control file for DFTB+ [ dftb_01.hsd ]
  Passed the check!
 
Setup_Enefunc_Cmap_Par> Natural spline is used to derive cmap coefs.

Setup_Enefunc_Table> Setup Variables for LookupTable
  num_solutes     =      37226  num_waters      =          0

Setup_Enefunc_Restraint> Setup restraint groups
 group =     1, "(sid:TIMA or sid:TIMB) and (an:CA | an:C | an:O | an:N)"
 # of atoms =  1976
 atomlist: 
      7      9     15     16     17     19     39     40     41     43
     53     54     55     57     73     74     75     77     93     94
     95     97    109    110    111    113    116    117    118    120
    123    124    125    127    137    138    139    141    157    158
    159    161    179    180    181    183    198    199    200    202
    212    213    214    216    219    220    221    223    230    231
    232    234    252    253    254    256    269    270    271    273
    280    281    282    284    299    300    301    303    321    322
    323    325    336    337    338    340    355    356    357    359
    371    372    373    375    386    387    388    390    410    411
    412    414    429    430    431    433    443    444    445    447
    457    458    459    461    467    468    469    471    478    479
    480    482    497    498    499    503    511    512    513    515
    526    527    528    530    540    541    542    544    556    557
    558    560    571    572    573    575    587    588    589    591
    603    604    605    607    622    623    624    626    633    634
    635    639    647    648    649    653    661    662    663    665
    671    672    673    675    685    686    687    689    706    707
    708    710    725    726    727    729    737    738    739    741
    758    759    760    762    769    770    771    773    785    786
    787    789    796    797    798    800    815    816    817    819
    831    832    833    835    853    854    855    857    875    876
    877    881    889    890    891    893    906    907    908    910
    922    923    924    926    936    937    938    940    952    953
    954    956    959    960    961    963    969    970    971    973
    986    987    988    990   1000   1001   1002   1004   1010   1011
   1012   1014   1031   1032   1033   1035   1050   1051   1052   1054
   1072   1073   1074   1076   1082   1083   1084   1086   1093   1094
   1095   1097   1100   1101   1102   1104   1110   1111   1112   1114
   1130   1131   1132   1134   1144   1145   1146   1148   1151   1152
   1153   1155   1166   1167   1168   1170   1180   1181   1182   1184
   1191   1192   1193   1195   1207   1208   1209   1211   1219   1220
   1221   1223   1236   1237   1238   1240   1255   1256   1257   1259
   1277   1278   1279   1281   1289   1290   1291   1293   1305   1306
   1307   1309   1312   1313   1314   1316   1322   1323   1324   1326
   1344   1345   1346   1348   1368   1369   1370   1372   1384   1385
   1386   1388   1403   1404   1405   1407   1422   1423   1424   1426
   1429   1430   1431   1433   1446   1447   1448   1450   1457   1458
   1459   1461   1472   1473   1474   1476   1496   1497   1498   1500
   1520   1521   1522   1524   1531   1532   1533   1535   1552   1553
   1554   1556   1572   1573   1574   1576   1589   1590   1591   1593
   1604   1605   1606   1608   1616   1617   1618   1620   1628   1629
   1630   1632   1650   1651   1652   1654   1670   1671   1672   1674
   1689   1690   1691   1693   1699   1700   1701   1703   1711   1712
   1713   1715   1733   1734   1735   1737   1747   1748   1749   1751
   1769   1770   1771   1773   1789   1790   1791   1793   1799   1800
   1801   1803   1818   1819   1820   1822   1825   1826   1827   1829
   1842   1843   1844   1846   1849   1850   1851   1853   1865   1866
   1867   1869   1872   1873   1874   1876   1888   1889   1890   1892
   1907   1908   1909   1911   1926   1927   1928   1930   1937   1938
   1939   1941   1956   1957   1958   1960   1963   1964   1965   1967
   1978   1979   1980   1982   1992   1993   1994   1996   2011   2012
   2013   2015   2026   2027   2028   2030   2041   2042   2043   2045
   2063   2064   2065   2067   2085   2086   2087   2089   2095   2096
   2097   2099   2102   2103   2104   2106   2124   2125   2126   2128
   2138   2139   2140   2142   2157   2158   2159   2161   2169   2170
   2171   2173   2185   2186   2187   2189   2201   2202   2203   2205
   2216   2217   2218   2220   2240   2241   2242   2244   2257   2258
   2259   2261   2276   2277   2278   2280   2290   2291   2292   2294
   2300   2301   2302   2304   2316   2317   2318   2320   2335   2336
   2337   2339   2350   2351   2352   2354   2365   2366   2367   2369
   2381   2382   2383   2385   2403   2404   2405   2407   2415   2416
   2417   2419   2439   2440   2441   2443   2453   2454   2455   2457
   2467   2468   2469   2471   2483   2484   2485   2487   2499   2500
   2501   2503   2515   2516   2517   2519   2525   2526   2527   2529
   2546   2547   2548   2550   2561   2562   2563   2567   2575   2576
   2577   2579   2591   2592   2593   2595   2615   2616   2617   2619
   2625   2626   2627   2629   2644   2645   2646   2648   2651   2652
   2653   2655   2665   2666   2667   2669   2672   2673   2674   2676
   2691   2692   2693   2695   2701   2702   2703   2705   2711   2712
   2713   2715   2725   2726   2727   2731   2739   2740   2741   2743
   2754   2755   2756   2758   2766   2767   2768   2770   2776   2777
   2778   2780   2793   2794   2795   2797   2805   2806   2807   2809
   2824   2825   2826   2828   2841   2842   2843   2845   2851   2852
   2853   2855   2862   2863   2864   2866   2881   2882   2883   2885
   2905   2906   2907   2909   2927   2928   2929   2931   2947   2948
   2949   2951   2966   2967   2968   2970   2976   2977   2978   2980
   2987   2988   2989   2991   3009   3010   3011   3013   3028   3029
   3030   3032   3035   3036   3037   3039   3047   3048   3049   3051
   3069   3070   3071   3073   3079   3080   3081   3083   3089   3090
   3091   3093   3100   3101   3102   3104   3115   3116   3117   3119
   3134   3135   3136   3138   3158   3159   3160   3162   3177   3178
   3179   3181   3196   3197   3198   3200   3217   3218   3219   3221
   3224   3225   3226   3228   3231   3232   3233   3235   3242   3243
   3244   3246   3252   3253   3254   3256   3266   3267   3268   3270
   3273   3274   3275   3277   3284   3285   3286   3288   3298   3299
   3300   3302   3308   3309   3310   3312   3324   3325   3326   3328
   3338   3339   3340   3342   3358   3359   3360   3362   3380   3381
   3382   3384   3392   3393   3394   3396   3414   3415   3416   3418
   3424   3425   3426   3428   3436   3437   3438   3440   3452   3453
   3454   3456   3464   3465   3466   3468   3471   3472   3473   3475
   3491   3492   3493   3495   3510   3511   3512   3514   3526   3527
   3528   3530   3533   3534   3535   3537   3540   3541   3542   3544
   3550   3551   3552   3554   3561   3562   3563   3565   3580   3581
   3582   3584   3602   3603   3604   3608   3616   3617   3618   3620
   3631   3632   3633   3635   3651   3652   3653   3655   3667   3668
   3669   3671   3679   3680   3681   3683   3698   3699   3700   3702
   3717   3718   3719   3721   3731   3732   3733   3735   3742   3743
   3744   3746   3766   3767   3768   3770   3780   3781   3794   3796
   3802   3803   3804   3806   3826   3827   3828   3830   3840   3841
   3842   3844   3860   3861   3862   3864   3880   3881   3882   3884
   3896   3897   3898   3900   3903   3904   3905   3907   3910   3911
   3912   3914   3924   3925   3926   3928   3944   3945   3946   3948
   3966   3967   3968   3970   3985   3986   3987   3989   3999   4000
   4001   4003   4006   4007   4008   4010   4017   4018   4019   4021
   4039   4040   4041   4043   4056   4057   4058   4060   4067   4068
   4069   4071   4086   4087   4088   4090   4108   4109   4110   4112
   4123   4124   4125   4127   4142   4143   4144   4146   4158   4159
   4160   4162   4173   4174   4175   4177   4197   4198   4199   4201
   4216   4217   4218   4220   4230   4231   4232   4234   4244   4245
   4246   4248   4254   4255   4256   4258   4265   4266   4267   4269
   4284   4285   4286   4290   4298   4299   4300   4302   4313   4314
   4315   4317   4327   4328   4329   4331   4343   4344   4345   4347
   4358   4359   4360   4362   4374   4375   4376   4378   4390   4391
   4392   4394   4409   4410   4411   4413   4420   4421   4422   4426
   4434   4435   4436   4440   4448   4449   4450   4452   4458   4459
   4460   4462   4472   4473   4474   4476   4493   4494   4495   4497
   4512   4513   4514   4516   4524   4525   4526   4528   4545   4546
   4547   4549   4556   4557   4558   4560   4572   4573   4574   4576
   4583   4584   4585   4587   4602   4603   4604   4606   4618   4619
   4620   4622   4640   4641   4642   4644   4662   4663   4664   4668
   4676   4677   4678   4680   4693   4694   4695   4697   4709   4710
   4711   4713   4723   4724   4725   4727   4739   4740   4741   4743
   4746   4747   4748   4750   4756   4757   4758   4760   4773   4774
   4775   4777   4787   4788   4789   4791   4797   4798   4799   4801
   4818   4819   4820   4822   4837   4838   4839   4841   4859   4860
   4861   4863   4869   4870   4871   4873   4880   4881   4882   4884
   4887   4888   4889   4891   4897   4898   4899   4901   4917   4918
   4919   4921   4931   4932   4933   4935   4938   4939   4940   4942
   4953   4954   4955   4957   4967   4968   4969   4971   4978   4979
   4980   4982   4994   4995   4996   4998   5006   5007   5008   5010
   5023   5024   5025   5027   5042   5043   5044   5046   5064   5065
   5066   5068   5076   5077   5078   5080   5092   5093   5094   5096
   5099   5100   5101   5103   5109   5110   5111   5113   5131   5132
   5133   5135   5155   5156   5157   5159   5171   5172   5173   5175
   5190   5191   5192   5194   5209   5210   5211   5213   5216   5217
   5218   5220   5233   5234   5235   5237   5244   5245   5246   5248
   5259   5260   5261   5263   5283   5284   5285   5287   5307   5308
   5309   5311   5318   5319   5320   5322   5339   5340   5341   5343
   5359   5360   5361   5363   5376   5377   5378   5380   5391   5392
   5393   5395   5403   5404   5405   5407   5415   5416   5417   5419
   5437   5438   5439   5441   5457   5458   5459   5461   5476   5477
   5478   5480   5486   5487   5488   5490   5498   5499   5500   5502
   5520   5521   5522   5524   5534   5535   5536   5538   5556   5557
   5558   5560   5576   5577   5578   5580   5586   5587   5588   5590
   5605   5606   5607   5609   5612   5613   5614   5616   5629   5630
   5631   5633   5636   5637   5638   5640   5652   5653   5654   5656
   5659   5660   5661   5663   5675   5676   5677   5679   5694   5695
   5696   5698   5713   5714   5715   5717   5724   5725   5726   5728
   5743   5744   5745   5747   5750   5751   5752   5754   5765   5766
   5767   5769   5779   5780   5781   5783   5798   5799   5800   5802
   5813   5814   5815   5817   5828   5829   5830   5832   5850   5851
   5852   5854   5872   5873   5874   5876   5882   5883   5884   5886
   5889   5890   5891   5893   5911   5912   5913   5915   5925   5926
   5927   5929   5944   5945   5946   5948   5956   5957   5958   5960
   5972   5973   5974   5976   5988   5989   5990   5992   6003   6004
   6005   6007   6027   6028   6029   6031   6044   6045   6046   6048
   6063   6064   6065   6067   6077   6078   6079   6081   6087   6088
   6089   6091   6103   6104   6105   6107   6122   6123   6124   6126
   6137   6138   6139   6141   6152   6153   6154   6156   6168   6169
   6170   6172   6190   6191   6192   6194   6202   6203   6204   6206
   6226   6227   6228   6230   6240   6241   6242   6244   6254   6255
   6256   6258   6270   6271   6272   6274   6286   6287   6288   6290
   6302   6303   6304   6306   6312   6313   6314   6316   6333   6334
   6335   6337   6348   6349   6350   6354   6362   6363   6364   6366
   6378   6379   6380   6382   6402   6403   6404   6406   6412   6413
   6414   6416   6431   6432   6433   6435   6438   6439   6440   6442
   6452   6453   6454   6456   6459   6460   6461   6463   6478   6479
   6480   6482   6488   6489   6490   6492   6498   6499   6500   6502
   6512   6513   6514   6518   6526   6527   6528   6530   6541   6542
   6543   6545   6553   6554   6555   6557   6563   6564   6565   6567
   6580   6581   6582   6584   6592   6593   6594   6596   6611   6612
   6613   6615   6628   6629   6630   6632   6638   6639   6640   6642
   6649   6650   6651   6653   6668   6669   6670   6672   6692   6693
   6694   6696   6714   6715   6716   6718   6734   6735   6736   6738
   6753   6754   6755   6757   6763   6764   6765   6767   6774   6775
   6776   6778   6796   6797   6798   6800   6815   6816   6817   6819
   6822   6823   6824   6826   6834   6835   6836   6838   6856   6857
   6858   6860   6866   6867   6868   6870   6876   6877   6878   6880
   6887   6888   6889   6891   6902   6903   6904   6906   6921   6922
   6923   6925   6945   6946   6947   6949   6964   6965   6966   6968
   6983   6984   6985   6987   7004   7005   7006   7008   7011   7012
   7013   7015   7018   7019   7020   7022   7029   7030   7031   7033
   7039   7040   7041   7043   7053   7054   7055   7057   7060   7061
   7062   7064   7071   7072   7073   7075   7085   7086   7087   7089
   7095   7096   7097   7099   7111   7112   7113   7115   7125   7126
   7127   7129   7145   7146   7147   7149   7167   7168   7169   7171
   7179   7180   7181   7183   7201   7202   7203   7205   7211   7212
   7213   7215   7223   7224   7225   7227   7239   7240   7241   7243
   7251   7252   7253   7255   7258   7259   7260   7262   7278   7279
   7280   7282   7297   7298   7299   7301   7313   7314   7315   7317
   7320   7321   7322   7324   7327   7328   7329   7331   7337   7338
   7339   7341   7348   7349   7350   7352   7367   7368   7369   7371
   7389   7390   7391   7395   7403   7404   7405   7407   7418   7419
   7420   7422   7438   7439   7440   7442   7454   7455   7456   7458
   7466   7467   7468   7470   7485   7486   7487   7489   7504   7505
   7506   7508   7518   7519   7520   7522   7529   7530   7531   7533
   7553   7554   7555   7557   7567   7568
 group =     2, "(sid:DHA or sid:DHA around_res:3.0) and not hydrogen"
 # of atoms =    89
 atomlist: 
    125    127    129    132    133    134    137    138    159    161
    163    166    169    172    175    179    180   1431   1433   1435
   1438   1439   1440   1442   1444   1446   1447   2548   2550   2552
   2555   2558   2559   2560   2561   2562   2627   2629   2631   2633
   2637   2640   2644   2645   2646   2648   2651   2652   3226   3228
   3231   3232   3233   3235   3237   3240   3242   3243   3493   3495
   3497   3500   3502   3506   3510   3511   3528   3530   3533   3534
   3535   3537   3540   3541   7575   7576   7577   7578   7579   7580
   7583   7584   7585   7586   7629   7632   7635   7638   8019
 group =     3, "sid:DHA or (sid:TIMA and (rno:95 or rno:165) and not (an:CA  | an:C   | an:O   | an:N | an:HN | an:HA))"
 # of atoms =    35
 atomlist: 
   1435   1436   1437   1438   1439   1440   1441   1442   1443   1444
   1445   2552   2553   2554   2555   2556   2557   2558   2559   2560
   7575   7576   7577   7578   7579   7580   7581   7582   7583   7584
   7585   7586   7587   7588   7589
Setup_Enefunc_Restraint> Setup restraint functions
 func  =     1 kind  =     1
 const(total, x, y, z) =    0.500   1.000   1.000   1.000
 exponend of function =     2
 # of groups  =     1
 grouplist:   2

Define_Enefunc_CHARMM> Number of Interactions in Each Term
  bond_ene        =      37255  angle_ene       =      23717
  urey_ene        =       6639
  torsion_ene     =      23862  improper_ene    =       1285
  cmap_ene        =        494
  restraint_groups=          3  restraint_funcs =          1
 
Setup_Fitting_Atdyn> NO fitting is applied, skip
  fitting method  =  NO
 
Update_Num_Deg_Freedom> Number of degrees of freedom was updated
  num_deg_freedom =      82743 (After setup of fixed atoms at boundary)
 
Remove_Fixatm> Modified Interactions
  bond_ene        =      27610  angle_ene       =      20502
  urey_ene        =       6639
  torsion_ene     =      23862  improper_ene    =       1285
 
Setup_Settle> Setup constraints for SETTLE
  num_unconsbonds =       7633      num_Settle  =       6659
  r0(O-H)         =     0.9572  mass(O)         =    15.9994
  r0(H-H)         =     1.5139  mass(H)         =     1.0080
 
Setup_Shake> Setup constrains for SHAKE and RATTLE
  num_unconsbonds =       3837  num_rigid_bonds =       3796
 
  num_qm_rigid_bonds =         14
 
Update_Num_Deg_Freedom> Number of degrees of freedom was updated
  num_deg_freedom =      62766 (After setup of SETTLE)
 
Update_Num_Deg_Freedom> Number of degrees of freedom was updated
  num_deg_freedom =      58956 (After setup of SHAKE/RATTLE)
 
[STEP4] Compute Single Point Energy for Molecules
 
            STEP            BOND           ANGLE    UREY-BRADLEY        DIHEDRAL        IMPROPER            CMAP         VDWAALS           ELECT    RESTRAINT001    RESTR_CVS001              QM            SPOT
 --------------- --------------- --------------- --------------- ---------------
               0       1540.5805       3785.7005        475.3604       4507.1757        254.2549       -164.1917       7208.9580    -116959.0763          4.9924          0.0000     -35857.6134         15.2023

[STEP5] Perform Molecular Dynamics Simulation
 
INFO:       STEP            TIME       TOTAL_ENE   POTENTIAL_ENE     KINETIC_ENE            RMSG            BOND           ANGLE    UREY-BRADLEY        DIHEDRAL        IMPROPER            CMAP         VDWAALS           ELECT RESTRAINT_TOTAL    RESTRAINT001    RESTR_CVS001     TEMPERATURE          VOLUME              QM            SPOT
 --------------- --------------- --------------- --------------- ---------------
INFO:        100          0.2000    -117581.0619    -135223.7285      17642.6665         12.6163       1517.3188       3806.7035        481.1209       4488.7572        251.6881       -200.2516       7221.6705    -116935.4064          7.2919          7.2919          0.0000        301.1803          0.0000     -35862.6214         18.8536

INFO:        200          0.4000    -117565.9112    -135154.6593      17588.7482         12.6688       1516.8814       3800.7180        456.8146       4507.2411        267.3196       -191.5739       7195.8816    -116843.6785          8.5207          8.5207          0.0000        300.2599          0.0000     -35872.7840         19.8281

INFO:        300          0.6000    -117556.8436    -135111.5737      17554.7300         12.6424       1507.3007       3752.0188        452.6419       4501.8677        253.4972       -189.9361       7036.0428    -116579.9366          7.5811          7.5811          0.0000        299.6792          0.0000     -35852.6512         16.1071

INFO:        400          0.8000    -117572.5634    -135117.7466      17545.1832         12.6401       1511.0148       3745.6535        454.2744       4487.5813        290.2704       -205.8253       7035.2069    -116586.2237          6.1970          6.1970          0.0000        299.5162          0.0000     -35855.8960         12.5522

INFO:        500          1.0000    -117578.7958    -135024.4850      17445.6891         12.6243       1495.3014       3834.7107        481.6635       4510.4901        284.4383       -193.8587       6950.0152    -116535.4476          6.8709          6.8709          0.0000        297.8177          0.0000     -35858.6687         18.0530

INFO:        600          1.2000    -117586.9242    -135338.8148      17751.8905         12.5877       1487.6533       3648.6678        466.6214       4526.5868        264.2156       -189.2518       7229.5530    -116912.2598          8.4712          8.4712          0.0000        303.0449          0.0000     -35869.0723         20.0585

INFO:        700          1.4000    -117573.5853    -135112.9643      17539.3790         12.6624       1571.8645       3768.9825        481.9024       4511.9068        269.1690       -184.5071       7141.7899    -116808.8725          8.6104          8.6104          0.0000        299.4171          0.0000     -35873.8102         20.7760

INFO:        800          1.6000    -117563.6910    -135163.0202      17599.3292         12.6436       1521.6381       3823.7252        469.3857       4526.1270        274.5055       -205.3556       6987.5665    -116698.1044          9.6554          9.6554          0.0000        300.4405          0.0000     -35872.1635         14.4630

INFO:        900          1.8000    -117602.4978    -135092.1200      17489.6222         12.6571       1524.5208       3787.3213        462.6492       4488.5241        263.8459       -196.4514       7212.3536    -116817.8233          7.2863          7.2863          0.0000        298.5677          0.0000     -35824.3465         11.4556

INFO:       1000          2.0000    -117605.4065    -135194.6560      17589.2495         12.6495       1536.2240       3759.8854        474.3086       4547.3100        272.6248       -183.2306       6939.3538    -116687.9355          7.5681          7.5681          0.0000        300.2684          0.0000     -35860.7647         18.2801

INFO:       1100          2.2000    -117627.0100    -135135.4257      17508.4157         12.6256       1520.2009       3784.7371        471.4750       4497.2360        276.4459       -173.8661       7259.5372    -116941.0276          7.8113          7.8113          0.0000        298.8885          0.0000     -35837.9755         14.7825

INFO:       1200          2.4000    -117656.3647    -135097.0437      17440.6790         12.6239       1512.6543       3697.7112        464.6346       4521.4169        285.3446       -210.8628       7205.9293    -116725.3926          7.0083          7.0083          0.0000        297.7322          0.0000     -35855.4875         14.4986

INFO:       1300          2.6000    -117686.4365    -135222.4939      17536.0574         12.7057       1515.0472       3718.4309        459.8664       4483.4526        264.9078       -206.7911       7382.9982    -116970.0358          7.7689          7.7689          0.0000        299.3604          0.0000     -35878.1391         20.9579

INFO:       1400          2.8000    -117666.0724    -135318.8276      17652.7552         12.6259       1459.5110       3765.1431        475.3067       4485.2710        298.4549       -198.8127       7200.4305    -116921.1379         10.9119         10.9119          0.0000        301.3526          0.0000     -35893.9062         17.3738

INFO:       1500          3.0000    -117665.7634    -135191.9111      17526.1477         12.6470       1532.9734       3748.0424        461.7297       4488.7274        275.7978       -173.5670       7147.8161    -116834.3951          5.2744          5.2744          0.0000        299.1912          0.0000     -35844.3103         16.8507

INFO:       1600          3.2000    -117636.6976    -135061.6100      17424.9124         12.6294       1523.9371       3825.6921        474.6419       4480.0948        274.1858       -193.4267       7121.5046    -116733.1977          9.2464          9.2464          0.0000        297.4630          0.0000     -35844.2884         14.3743

INFO:       1700          3.4000    -117641.4157    -135116.9541      17475.5385         12.5913       1504.8935       3781.7442        464.8139       4555.7488        265.0350       -219.1210       7110.8806    -116693.8065          8.6084          8.6084          0.0000        298.3273          0.0000     -35895.7510         15.3977

INFO:       1800          3.6000    -117588.4743    -135081.3535      17492.8792         12.6038       1520.9966       3765.3546        450.7814       4486.6864        263.6973       -199.7337       7019.8764    -116511.0751          7.9702          7.9702          0.0000        298.6233          0.0000     -35885.9075         10.9630

INFO:       1900          3.8000    -117634.8357    -135231.9707      17597.1350         12.6190       1495.7864       3733.4369        483.8936       4505.0505        279.9124       -203.8218       7080.4905    -116725.1760          9.4474          9.4474          0.0000        300.4031          0.0000     -35890.9906         15.8582

INFO:       2000          4.0000    -117664.5823    -135257.5589      17592.9766         12.6210       1507.6989       3770.3369        476.4043       4487.2774        278.1968       -199.6562       7429.8178    -117172.4676         11.1827         11.1827          0.0000        300.3321          0.0000     -35846.3498         12.0101

INFO:       2100          4.2000    -117626.0723    -135126.8921      17500.8198         12.6352       1537.4639       3767.8934        466.8937       4506.8027        286.3203       -218.2770       7267.7650    -116857.0168          7.8385          7.8385          0.0000        298.7588          0.0000     -35892.5758         14.4979

INFO:       2200          4.4000    -117626.4706    -135188.1858      17561.7152         12.5889       1503.7732       3775.0273        461.9673       4518.9428        281.5115       -199.7221       7137.6553    -116807.3390          7.7566          7.7566          0.0000        299.7984          0.0000     -35867.7589         14.9350

INFO:       2300          4.6000    -117640.7970    -135284.6443      17643.8473         12.6397       1519.0757       3834.4561        482.6284       4482.1101        286.4216       -197.1146       7284.8099    -117109.3703          8.6690          8.6690          0.0000        301.2005          0.0000     -35876.3301         14.2368

INFO:       2400          4.8000    -117586.1236    -135234.2720      17648.1484         12.7008       1523.8190       3773.9208        468.8755       4497.5294        260.1514       -187.1357       7267.0632    -117012.6559          7.3144          7.3144          0.0000        301.2739          0.0000     -35833.1541         14.1232

INFO:       2500          5.0000    -117604.3144    -135280.9626      17676.6481         12.6245       1492.7958       3860.5601        477.6408       4470.8998        279.6155       -197.6744       7153.1143    -116960.9866          5.8318          5.8318          0.0000        301.7604          0.0000     -35862.7597         14.2530

INFO:       2600          5.2000    -117578.1426    -135166.2075      17588.0649         12.6710       1525.4277       3782.1676        477.4225       4475.4226        261.7015       -184.5475       7177.1792    -116807.5528          7.9240          7.9240          0.0000        300.2482          0.0000     -35881.3524         15.9036

INFO:       2700          5.4000    -117554.3444    -135251.7125      17697.3681         12.6587       1510.1107       3830.7790        472.1277       4445.0090        276.0402       -186.6439       7137.1700    -116889.0236          7.1179          7.1179          0.0000        302.1141          0.0000     -35854.3996         12.5677

INFO:       2800          5.6000    -117596.8154    -135336.0585      17739.2430         12.6293       1514.5213       3759.2981        477.9285       4485.1368        264.5113       -187.2905       7048.4163    -116856.4514          8.5089          8.5089          0.0000        302.8290          0.0000     -35850.6377         17.0654

INFO:       2900          5.8000    -117594.5087    -135204.5056      17609.9969         12.6380       1528.3821       3860.5204        477.4278       4461.8171        260.2285       -178.4519       7024.6147    -116779.1264          8.0179          8.0179          0.0000        300.6226          0.0000     -35867.9359         16.7532

INFO:       3000          6.0000    -117619.2174    -135192.5151      17573.2977         12.6774       1541.1784       3756.2286        474.3204       4463.4152        275.9502       -198.7986       7339.4862    -116967.4945          7.3296          7.3296          0.0000        299.9961          0.0000     -35884.1305         15.1264

INFO:       3100          6.2000    -117586.7687    -135404.1466      17817.3779         12.6322       1534.7554       3788.7145        477.1810       4513.1492        270.0452       -198.8495       7088.0180    -117017.5209          7.9724          7.9724          0.0000        304.1628          0.0000     -35867.6120         13.6336

INFO:       3200          6.4000    -117618.6202    -135261.9868      17643.3666         12.7033       1534.0275       3813.4034        478.9776       4514.0879        280.1282       -205.9434       7290.8780    -117107.6618          8.7885          8.7885          0.0000        301.1923          0.0000     -35868.6730         19.1121

INFO:       3300          6.6000    -117629.1499    -135191.4468      17562.2969         12.6787       1516.8655       3863.1749        471.5224       4467.4572        260.3779       -193.0620       7169.8444    -116920.7721          8.4068          8.4068          0.0000        299.8083          0.0000     -35835.2620         18.7642

INFO:       3400          6.8000    -117621.7096    -135139.4506      17517.7410         12.6461       1479.5771       3815.9915        476.3308       4496.6355        276.5778       -191.3423       7292.0822    -116936.5182          7.3847          7.3847          0.0000        299.0477          0.0000     -35856.1697         16.3907

INFO:       3500          7.0000    -117631.0278    -135118.6993      17487.6715         12.6900       1495.8769       3796.0974        465.8330       4495.1293        287.0774       -171.7743       7127.8644    -116765.2664          7.1610          7.1610          0.0000        298.5344          0.0000     -35856.6980         19.5541

INFO:       3600          7.2000    -117604.2432    -135167.9912      17563.7481         12.7107       1536.2482       3810.9985        472.7190       4497.1094        255.1718       -203.1904       7083.4187    -116755.5613          6.7267          6.7267          0.0000        299.8331          0.0000     -35871.6319         13.3139

INFO:       3700          7.4000    -117607.2952    -135063.7726      17456.4774         12.7193       1590.2862       3822.2121        476.2014       4538.2816        284.7612       -197.0525       7064.3670    -116758.9737          7.7918          7.7918          0.0000        298.0019          0.0000     -35891.6478          9.5328

INFO:       3800          7.6000    -117626.0029    -135154.8236      17528.8207         12.6722       1541.4188       3766.8558        482.3427       4500.4032        258.1357       -194.3305       7378.4628    -117005.5772          7.1917          7.1917          0.0000        299.2368          0.0000     -35889.7267         20.5429

INFO:       3900          7.8000    -117613.8705    -135253.4023      17639.5318         12.5991       1504.5348       3750.6572        461.0897       4482.9480        268.4229       -201.5571       7157.1342    -116828.1222          7.9253          7.9253          0.0000        301.1268          0.0000     -35856.4351         15.8025

INFO:       4000          8.0000    -117607.8523    -135091.6352      17483.7829         12.6688       1513.1636       3735.9879        466.9731       4511.1539        274.2219       -202.6609       7141.9373    -116671.2690          6.9705          6.9705          0.0000        298.4680          0.0000     -35868.1136         19.4381

INFO:       4100          8.2000    -117618.8099    -135200.4254      17581.6156         12.6508       1511.6501       3879.4632        475.1526       4506.1900        269.9407       -200.5363       7015.6876    -116789.8873          9.4308          9.4308          0.0000        300.1381          0.0000     -35877.5170         16.6945

INFO:       4200          8.4000    -117590.9512    -135208.7964      17617.8453         12.6252       1483.6330       3780.5261        476.2103       4438.9815        271.4710       -199.8938       7111.4313    -116710.9792          8.6810          8.6810          0.0000        300.7566          0.0000     -35868.8577         16.6247

INFO:       4300          8.6000    -117554.9235    -135180.2696      17625.3461         12.6129       1540.0774       3767.1801        467.5485       4469.4049        269.0159       -188.2878       6922.1705    -116560.1168         10.1450         10.1450          0.0000        300.8846          0.0000     -35877.4074         19.1495

INFO:       4400          8.8000    -117556.7992    -135164.6765      17607.8774         12.6866       1521.0410       3788.2200        471.8237       4494.6551        284.2107       -206.4104       6949.5544    -116623.4117         10.1284         10.1284          0.0000        300.5864          0.0000     -35854.4877         14.6311

INFO:       4500          9.0000    -117586.0495    -135022.4951      17436.4456         12.6424       1512.4726       3904.4105        499.0581       4516.2659        263.8051       -213.0705       6992.0288    -116629.5926          9.3778          9.3778          0.0000        297.6599          0.0000     -35877.2508         19.5416

INFO:       4600          9.2000    -117561.8200    -135285.5217      17723.7017         12.6094       1517.9911       3785.2990        467.1715       4515.2047        246.5644       -167.8450       7245.6611    -117052.9894         10.0336         10.0336          0.0000        302.5637          0.0000     -35852.6127         15.2328

INFO:       4700          9.4000    -117585.6399    -135212.9078      17627.2679         12.5436       1451.4734       3830.7688        484.6925       4494.7392        283.1903       -185.2365       7038.9699    -116758.0583          8.3529          8.3529          0.0000        300.9175          0.0000     -35861.8000          9.2985

INFO:       4800          9.6000    -117603.8860    -135110.8977      17507.0116         12.6203       1450.8481       3840.1743        470.2738       4491.4166        254.2968       -186.8271       7209.8667    -116770.8620          7.8369          7.8369          0.0000        298.8645          0.0000     -35877.9218         17.2156

INFO:       4900          9.8000    -117605.3956    -135281.6776      17676.2820         12.6879       1539.8452       3767.6910        471.1306       4507.9782        278.9158       -195.9093       7319.0921    -117103.1615          7.5270          7.5270          0.0000        301.7542          0.0000     -35874.7866         15.2647

INFO:       5000         10.0000    -117626.0032    -135193.2701      17567.2670         12.6893       1517.8137       3853.9108        481.6776       4456.5761        275.5779       -181.4187       7258.2286    -117001.2935          7.8596          7.8596          0.0000        299.8932          0.0000     -35862.2022         24.4345

INFO:       5100         10.2000    -117651.7910    -135176.5299      17524.7390         12.6634       1504.8718       3845.0729        488.8208       4492.5356        266.2608       -186.8126       7193.7457    -116936.4631          8.4244          8.4244          0.0000        299.1672          0.0000     -35852.9863         16.3873

INFO:       5200         10.4000    -117642.7372    -135243.8062      17601.0690         12.5720       1482.8977       3854.2874        477.4386       4487.3170        274.8378       -199.3101       7035.5700    -116824.0166          8.2612          8.2612          0.0000        300.4702          0.0000     -35841.0891         12.4442

INFO:       5300         10.6000    -117648.0834    -135214.4955      17566.4120         12.7133       1523.6825       3824.6012        474.1842       4453.6923        259.8238       -174.1650       7296.8246    -117005.4381          7.1259          7.1259          0.0000        299.8786          0.0000     -35874.8269         22.3700

INFO:       5400         10.8000    -117696.9920    -135137.2630      17440.2710         12.6231       1438.5435       3849.8495        470.7065       4499.4818        290.0348       -203.3740       7081.0354    -116663.5039          7.7916          7.7916          0.0000        297.7252          0.0000     -35907.8282         25.9610

INFO:       5500         11.0000    -117709.5562    -135222.0845      17512.5283         12.6239       1522.6570       3897.3810        487.9543       4455.1572        249.2996       -183.3589       6954.2729    -116709.3710          9.2461          9.2461          0.0000        298.9587          0.0000     -35905.3227         24.1686

INFO:       5600         11.2000    -117670.2812    -135228.6236      17558.3425         12.6168       1538.6631       3844.0051        488.0340       4525.3243        263.6549       -199.6996       7124.8977    -116938.2695          9.2351          9.2351          0.0000        299.7408          0.0000     -35884.4687         19.6884

INFO:       5700         11.4000    -117712.3089    -135374.7862      17662.4773         12.6375       1522.7850       3781.3214        473.5648       4502.4057        280.3480       -181.7507       7052.8170    -116929.7187          7.6554          7.6554          0.0000        301.5185          0.0000     -35884.2140         15.1453

INFO:       5800         11.6000    -117713.0013    -135278.6553      17565.6540         12.6599       1499.3659       3841.4085        476.6247       4518.5591        267.1673       -178.2976       7272.5330    -117081.6177          8.9817          8.9817          0.0000        299.8656          0.0000     -35903.3800         17.8450

INFO:       5900         11.8000    -117704.1716    -135319.4345      17615.2629         12.6585       1510.6271       3839.4189        483.7726       4487.3562        269.6961       -176.7887       7143.3614    -117000.8151         10.9576         10.9576          0.0000        300.7125          0.0000     -35887.0206         12.6579

INFO:       6000         12.0000    -117725.5871    -135397.8256      17672.2386         12.6332       1507.0948       3788.0033        472.8274       4515.6447        277.1272       -169.2252       7320.2845    -117220.0809          6.2382          6.2382          0.0000        301.6852          0.0000     -35895.7396         19.8455

INFO:       6100         12.2000    -117746.7510    -135329.8320      17583.0811         12.5909       1490.1179       3780.4738        472.0049       4549.3007        270.7474       -202.0129       7202.2404    -117027.7378          7.4009          7.4009          0.0000        300.1631          0.0000     -35872.3674         16.1047

INFO:       6200         12.4000    -117764.8171    -135408.4542      17643.6371         12.7148       1544.7403       3772.5039        483.9178       4541.0948        262.7018       -206.5104       7395.0487    -117363.7730          7.0700          7.0700          0.0000        301.1969          0.0000     -35845.2481         17.0878

INFO:       6300         12.6000    -117769.2666    -135441.0460      17671.7794         12.6610       1564.2160       3774.3235        472.2824       4499.8806        264.5760       -189.4971       7175.0454    -117115.7717          5.4407          5.4407          0.0000        301.6773          0.0000     -35891.5416         11.6376

INFO:       6400         12.8000    -117746.1713    -135267.9022      17521.7309         12.6933       1537.0567       3845.5794        487.6090       4487.8165        245.6957       -210.9073       7183.4079    -116974.8571          9.2143          9.2143          0.0000        299.1158          0.0000     -35878.5173         13.3912

INFO:       6500         13.0000    -117757.9329    -135493.1123      17735.1794         12.6252       1529.4761       3835.5326        476.5984       4480.8484        285.9773       -191.0894       6990.5102    -117026.4534          7.7850          7.7850          0.0000        302.7596          0.0000     -35882.2973         16.7336

INFO:       6600         13.2000    -117755.2899    -135212.8235      17457.5336         12.7331       1581.2187       3781.1919        484.1452       4519.8355        273.3209       -183.2826       7342.2044    -117141.0685          7.3745          7.3745          0.0000        298.0199          0.0000     -35877.7634         12.8050

INFO:       6700         13.4000    -117769.2606    -135405.4666      17636.2061         12.6806       1628.1494       3764.0831        475.9034       4500.2845        245.8668       -179.9666       7160.2987    -117132.3705          6.4317          6.4317          0.0000        301.0700          0.0000     -35874.1472         15.2488

INFO:       6800         13.6000    -117713.7069    -135203.0028      17489.2959         12.6930       1484.4211       3901.5223        481.2934       4524.7172        254.3500       -188.4076       7158.6163    -116946.7264          6.5751          6.5751          0.0000        298.5621          0.0000     -35879.3642         19.3378

INFO:       6900         13.8000    -117682.3078    -135158.3582      17476.0504         12.7368       1586.1849       3788.5997        472.3020       4507.5566        279.8700       -206.2443       7391.1463    -117115.6245          7.6578          7.6578          0.0000        298.3360          0.0000     -35869.8069         12.1523

INFO:       7000         14.0000    -117680.4817    -135228.8167      17548.3350         12.7499       1526.9438       3854.9923        466.6439       4542.8076        266.6518       -195.9455       7062.1012    -116883.1698          7.9984          7.9984          0.0000        299.5700          0.0000     -35877.8405         14.8003

INFO:       7100         14.2000    -117634.6869    -135252.9584      17618.2715         12.6644       1525.0826       3846.2991        478.8870       4543.6231        261.7506       -196.0446       7416.0928    -117316.4803          7.6273          7.6273          0.0000        300.7639          0.0000     -35819.7960         18.3623

INFO:       7200         14.4000    -117612.9757    -135059.8035      17446.8278         12.6932       1517.8593       3845.6516        453.9079       4536.7298        281.1407       -210.5943       7008.5152    -116666.6941         10.5679         10.5679          0.0000        297.8371          0.0000     -35836.8876         13.1772

INFO:       7300         14.6000    -117600.2828    -135138.1997      17537.9169         12.6872       1529.6959       3853.4666        484.1168       4528.6963        274.9998       -193.1474       7176.4749    -116964.0888          9.0046          9.0046          0.0000        299.3921          0.0000     -35837.4183         13.3954

INFO:       7400         14.8000    -117614.2336    -135194.5232      17580.2895         12.6562       1532.8025       3836.9048        464.6842       4504.0601        285.2652       -201.3695       7071.9303    -116868.3748          6.2586          6.2586          0.0000        300.1155          0.0000     -35826.6845         13.0922

INFO:       7500         15.0000    -117625.8510    -135322.7076      17696.8566         12.6132       1575.6708       3736.4285        480.6036       4511.0923        249.3322       -195.4091       7057.5531    -116861.7661          7.4397          7.4397          0.0000        302.1054          0.0000     -35883.6527         11.4881

INFO:       7600         15.2000    -117643.0209    -135120.4941      17477.4732         12.6964       1554.2445       3903.4138        478.2609       4517.3850        286.0035       -172.8436       7325.1905    -117128.4945          8.2063          8.2063          0.0000        298.3603          0.0000     -35891.8604         12.8621

INFO:       7700         15.4000    -117657.4367    -135181.3830      17523.9463         12.6031       1538.5234       3799.2983        459.2405       4524.4633        270.4587       -195.3302       7141.3364    -116886.1856          8.0376          8.0376          0.0000        299.1536          0.0000     -35841.2253         15.7075

INFO:       7800         15.6000    -117697.9623    -135158.8329      17460.8706         12.6770       1534.7131       3874.0161        477.6662       4506.7259        256.8274       -184.8064       7143.1882    -116911.0768         10.6413         10.6413          0.0000        298.0769          0.0000     -35866.7279         13.6323

INFO:       7900         15.8000    -117710.0380    -135281.7143      17571.6763         12.7083       1555.1588       3886.7328        486.5082       4532.2626        280.9532       -195.5195       6992.4956    -116917.1606          9.6213          9.6213          0.0000        299.9684          0.0000     -35912.7667         18.8215

INFO:       8000         16.0000    -117707.7793    -135338.5531      17630.7739         12.6058       1517.7271       3843.7760        485.3165       4528.0078        265.4349       -201.2419       7319.6430    -117280.5918          8.6095          8.6095          0.0000        300.9773          0.0000     -35825.2341         13.1583

INFO:       8100         16.2000    -117717.7340    -135305.8031      17588.0691         12.6394       1501.2077       3782.3930        460.6752       4471.0110        278.7316       -175.6827       7069.8008    -116826.1998          6.7781          6.7781          0.0000        300.2483          0.0000     -35874.5180         10.4056

INFO:       8200         16.4000    -117662.0539    -135155.6533      17493.5995         12.6993       1571.6641       3746.4974        480.4456       4501.1123        268.5927       -174.7480       7186.4284    -116864.4190          9.5769          9.5769          0.0000        298.6356          0.0000     -35880.8038         11.9944

INFO:       8300         16.6000    -117651.2467    -135255.5746      17604.3279         12.6965       1580.9218       3793.1096        469.1589       4507.3921        290.5456       -176.3434       7200.3071    -117035.7378          6.3247          6.3247          0.0000        300.5258          0.0000     -35891.2530         11.0805

INFO:       8400         16.8000    -117661.1487    -135243.6683      17582.5197         12.6208       1474.5283       3807.8761        463.5964       4518.5489        283.2526       -175.3090       7275.1209    -117025.4087          8.8536          8.8536          0.0000        300.1536          0.0000     -35874.7274         17.7749

INFO:       8500         17.0000    -117671.5601    -135123.6023      17452.0422         12.6145       1531.1288       3793.8368        477.7877       4502.0557        275.5631       -176.5331       6997.9566    -116636.3894          9.7616          9.7616          0.0000        297.9262          0.0000     -35898.7702         19.2021

INFO:       8600         17.2000    -117723.8120    -135253.9935      17530.1815         12.6707       1542.9577       3838.2965        477.1369       4524.7004        267.1869       -186.4866       7255.9531    -117105.8132          6.9544          6.9544          0.0000        299.2601          0.0000     -35874.8797         13.0199

INFO:       8700         17.4000    -117742.9759    -135305.1815      17562.2056         12.6752       1570.1159       3844.0694        483.9511       4482.3015        274.5980       -195.6792       7305.5429    -117224.4218          7.9175          7.9175          0.0000        299.8068          0.0000     -35853.5768         12.8302

INFO:       8800         17.6000    -117735.1601    -135401.7811      17666.6210         12.6445       1513.7451       3919.5009        470.0076       4504.4140        266.2204       -202.5566       7142.1890    -117152.2905          8.7325          8.7325          0.0000        301.5893          0.0000     -35871.7433         17.0455

INFO:       8900         17.8000    -117709.4826    -135275.0615      17565.5788         12.6835       1496.6314       3845.8204        478.3874       4501.2079        261.2032       -180.7118       7365.7333    -117167.4876          9.8246          9.8246          0.0000        299.8644          0.0000     -35885.6703         15.8787

INFO:       9000         18.0000    -117689.9381    -135287.7178      17597.7798         12.6222       1514.7919       3756.8763        491.5225       4502.8743        238.5249       -184.9158       7168.6678    -116904.6966         10.4186         10.4186          0.0000        300.4141          0.0000     -35881.7818         19.3211

INFO:       9100         18.2000    -117686.5030    -135258.0420      17571.5390         12.6971       1545.9420       3761.4562        458.2828       4509.2142        252.6586       -175.8923       7220.3762    -116940.2262          7.3152          7.3152          0.0000        299.9661          0.0000     -35897.1687         17.0754

INFO:       9200         18.4000    -117693.4717    -135065.0902      17371.6185         12.7222       1529.7342       3855.6253        463.5395       4497.4472        263.2524       -197.6264       7555.2270    -117151.2082          7.5388          7.5388          0.0000        296.5532          0.0000     -35888.6199          9.5728

INFO:       9300         18.6000    -117695.9058    -135316.8358      17620.9300         12.6032       1499.6293       3864.5428        484.1130       4545.0181        248.2729       -192.0681       7044.1552    -116963.3336          9.3042          9.3042          0.0000        300.8093          0.0000     -35856.4695         16.5820

INFO:       9400         18.8000    -117659.0741    -135281.6436      17622.5695         12.6307       1529.8225       3858.7345        465.1045       4489.2141        271.4488       -208.8810       7172.1232    -116995.4873          8.4061          8.4061          0.0000        300.8372          0.0000     -35872.1291         12.1033

INFO:       9500         19.0000    -117660.5628    -135318.0296      17657.4669         12.6673       1598.9618       3752.5132        482.3889       4468.8541        272.4882       -199.2685       7368.8873    -117221.7313          7.5593          7.5593          0.0000        301.4330          0.0000     -35848.6826         11.6219

INFO:       9600         19.2000    -117733.0344    -135271.5873      17538.5529         12.6428       1542.7604       3812.7535        461.8542       4513.1669        263.3194       -192.3895       7156.8231    -116954.1539          7.3989          7.3989          0.0000        299.4030          0.0000     -35883.1204         15.1133

INFO:       9700         19.4000    -117701.5124    -135265.8785      17564.3661         12.6187       1508.9391       3891.7303        478.7290       4494.1305        274.2467       -192.4494       7142.1673    -117007.0622          8.3660          8.3660          0.0000        299.8436          0.0000     -35864.6758         19.9431

INFO:       9800         19.6000    -117674.2627    -135177.7624      17503.4997         12.7446       1536.3063       3788.6668        484.0421       4523.7166        284.5683       -185.4601       7298.4279    -117063.4230          7.1523          7.1523          0.0000        298.8046          0.0000     -35851.7597         12.5212

INFO:       9900         19.8000    -117675.4879    -135197.3562      17521.8683         12.7092       1534.4421       3815.0576        473.8776       4500.8083        292.0416       -196.3291       7255.7553    -117030.2936          7.0865          7.0865          0.0000        299.1182          0.0000     -35849.8023         16.2725

INFO:      10000         20.0000    -117676.1959    -135345.8875      17669.6916         12.6108       1532.2167       3773.5575        456.2897       4488.5518        263.8806       -183.0049       7105.7111    -116922.1398          6.3890          6.3890          0.0000        301.6417          0.0000     -35867.3391         16.6699

 
[STEP6] Deallocate Arrays
 
Output_Time> Averaged timer profile (Min, Max)
  total time      =    6330.133
    setup         =       3.963
    dynamics      =    6326.170
      energy      =    6239.643
      integrator  =      23.699
      pairlist    =      63.045 (      59.762,      64.790)
  energy           
    bond          =       0.096 (       0.070,       0.152)
    angle         =       0.524 (       0.421,       0.614)
    dihedral      =       1.028 (       0.866,       1.240)
    nonbond       =     442.632 (     415.953,     454.688)
      pme real    =     442.600 (     415.910,     454.655)
      pme recip   =       0.000 (       0.000,       0.000)
    solvation     =       0.000 (       0.000,       0.000)
      polar       =       0.000 (       0.000,       0.000)
      non-polar   =       0.000 (       0.000,       0.000)
    restraint     =       0.027 (       0.015,       0.044)
    qmmm          =    5700.403 (    5620.828,    5719.217)
  integrator       
    constraint    =      14.712 (      13.480,      17.664)
    update        =       0.000 (       0.000,       0.000)
    comm_coord    =       0.000 (       0.000,       0.000)
    comm_force    =       0.000 (       0.000,       0.000)
    comm_migrate  =       0.000 (       0.000,       0.000)

