 Data for JOB [10679,1] offset 0 Total slots allocated 64

 ========================   JOB MAP   ========================

 Data for node: beluga10	Num slots: 16	Max slots: 0	Num procs: 4
 	Process OMPI jobid: [10679,1] App: 0 Process rank: 0 Bound: socket 0[core 0[hwt 0]], socket 0[core 1[hwt 0]], socket 0[core 2[hwt 0]], socket 0[core 3[hwt 0]], socket 0[core 4[hwt 0]], socket 0[core 5[hwt 0]], socket 0[core 6[hwt 0]], socket 0[core 7[hwt 0]]:[B/B/B/B/B/B/B/B][./././././././.]
 	Process OMPI jobid: [10679,1] App: 0 Process rank: 1 Bound: socket 1[core 8[hwt 0]], socket 1[core 9[hwt 0]], socket 1[core 10[hwt 0]], socket 1[core 11[hwt 0]], socket 1[core 12[hwt 0]], socket 1[core 13[hwt 0]], socket 1[core 14[hwt 0]], socket 1[core 15[hwt 0]]:[./././././././.][B/B/B/B/B/B/B/B]
 	Process OMPI jobid: [10679,1] App: 0 Process rank: 2 Bound: socket 0[core 0[hwt 0]], socket 0[core 1[hwt 0]], socket 0[core 2[hwt 0]], socket 0[core 3[hwt 0]], socket 0[core 4[hwt 0]], socket 0[core 5[hwt 0]], socket 0[core 6[hwt 0]], socket 0[core 7[hwt 0]]:[B/B/B/B/B/B/B/B][./././././././.]
 	Process OMPI jobid: [10679,1] App: 0 Process rank: 3 Bound: socket 1[core 8[hwt 0]], socket 1[core 9[hwt 0]], socket 1[core 10[hwt 0]], socket 1[core 11[hwt 0]], socket 1[core 12[hwt 0]], socket 1[core 13[hwt 0]], socket 1[core 14[hwt 0]], socket 1[core 15[hwt 0]]:[./././././././.][B/B/B/B/B/B/B/B]

 Data for node: beluga12	Num slots: 16	Max slots: 0	Num procs: 4
 	Process OMPI jobid: [10679,1] App: 0 Process rank: 4 Bound: N/A
 	Process OMPI jobid: [10679,1] App: 0 Process rank: 5 Bound: N/A
 	Process OMPI jobid: [10679,1] App: 0 Process rank: 6 Bound: N/A
 	Process OMPI jobid: [10679,1] App: 0 Process rank: 7 Bound: N/A

 Data for node: beluga09	Num slots: 16	Max slots: 0	Num procs: 4
 	Process OMPI jobid: [10679,1] App: 0 Process rank: 8 Bound: N/A
 	Process OMPI jobid: [10679,1] App: 0 Process rank: 9 Bound: N/A
 	Process OMPI jobid: [10679,1] App: 0 Process rank: 10 Bound: N/A
 	Process OMPI jobid: [10679,1] App: 0 Process rank: 11 Bound: N/A

 Data for node: beluga11	Num slots: 16	Max slots: 0	Num procs: 4
 	Process OMPI jobid: [10679,1] App: 0 Process rank: 12 Bound: N/A
 	Process OMPI jobid: [10679,1] App: 0 Process rank: 13 Bound: N/A
 	Process OMPI jobid: [10679,1] App: 0 Process rank: 14 Bound: N/A
 	Process OMPI jobid: [10679,1] App: 0 Process rank: 15 Bound: N/A

 =============================================================
 Data for JOB [10679,1] offset 0 Total slots allocated 64

 ========================   JOB MAP   ========================

 Data for node: beluga10	Num slots: 16	Max slots: 0	Num procs: 4
 	Process OMPI jobid: [10679,1] App: 0 Process rank: 0 Bound: N/A
 	Process OMPI jobid: [10679,1] App: 0 Process rank: 1 Bound: N/A
 	Process OMPI jobid: [10679,1] App: 0 Process rank: 2 Bound: N/A
 	Process OMPI jobid: [10679,1] App: 0 Process rank: 3 Bound: N/A

 Data for node: beluga12	Num slots: 16	Max slots: 0	Num procs: 4
 	Process OMPI jobid: [10679,1] App: 0 Process rank: 4 Bound: N/A
 	Process OMPI jobid: [10679,1] App: 0 Process rank: 5 Bound: N/A
 	Process OMPI jobid: [10679,1] App: 0 Process rank: 6 Bound: N/A
 	Process OMPI jobid: [10679,1] App: 0 Process rank: 7 Bound: N/A

 Data for node: beluga09	Num slots: 16	Max slots: 0	Num procs: 4
 	Process OMPI jobid: [10679,1] App: 0 Process rank: 8 Bound: socket 0[core 0[hwt 0]], socket 0[core 1[hwt 0]], socket 0[core 2[hwt 0]], socket 0[core 3[hwt 0]], socket 0[core 4[hwt 0]], socket 0[core 5[hwt 0]], socket 0[core 6[hwt 0]], socket 0[core 7[hwt 0]]:[B/B/B/B/B/B/B/B][./././././././.]
 	Process OMPI jobid: [10679,1] App: 0 Process rank: 9 Bound: socket 1[core 8[hwt 0]], socket 1[core 9[hwt 0]], socket 1[core 10[hwt 0]], socket 1[core 11[hwt 0]], socket 1[core 12[hwt 0]], socket 1[core 13[hwt 0]], socket 1[core 14[hwt 0]], socket 1[core 15[hwt 0]]:[./././././././.][B/B/B/B/B/B/B/B]
 	Process OMPI jobid: [10679,1] App: 0 Process rank: 10 Bound: socket 0[core 0[hwt 0]], socket 0[core 1[hwt 0]], socket 0[core 2[hwt 0]], socket 0[core 3[hwt 0]], socket 0[core 4[hwt 0]], socket 0[core 5[hwt 0]], socket 0[core 6[hwt 0]], socket 0[core 7[hwt 0]]:[B/B/B/B/B/B/B/B][./././././././.]
 	Process OMPI jobid: [10679,1] App: 0 Process rank: 11 Bound: socket 1[core 8[hwt 0]], socket 1[core 9[hwt 0]], socket 1[core 10[hwt 0]], socket 1[core 11[hwt 0]], socket 1[core 12[hwt 0]], socket 1[core 13[hwt 0]], socket 1[core 14[hwt 0]], socket 1[core 15[hwt 0]]:[./././././././.][B/B/B/B/B/B/B/B]

 Data for node: beluga11	Num slots: 16	Max slots: 0	Num procs: 4
 	Process OMPI jobid: [10679,1] App: 0 Process rank: 12 Bound: N/A
 	Process OMPI jobid: [10679,1] App: 0 Process rank: 13 Bound: N/A
 	Process OMPI jobid: [10679,1] App: 0 Process rank: 14 Bound: N/A
 	Process OMPI jobid: [10679,1] App: 0 Process rank: 15 Bound: N/A

 =============================================================
 Data for JOB [10679,1] offset 0 Total slots allocated 64

 ========================   JOB MAP   ========================

 Data for node: beluga10	Num slots: 16	Max slots: 0	Num procs: 4
 	Process OMPI jobid: [10679,1] App: 0 Process rank: 0 Bound: N/A
 	Process OMPI jobid: [10679,1] App: 0 Process rank: 1 Bound: N/A
 	Process OMPI jobid: [10679,1] App: 0 Process rank: 2 Bound: N/A
 	Process OMPI jobid: [10679,1] App: 0 Process rank: 3 Bound: N/A

 Data for node: beluga12	Num slots: 16	Max slots: 0	Num procs: 4
 	Process OMPI jobid: [10679,1] App: 0 Process rank: 4 Bound: N/A
 	Process OMPI jobid: [10679,1] App: 0 Process rank: 5 Bound: N/A
 	Process OMPI jobid: [10679,1] App: 0 Process rank: 6 Bound: N/A
 	Process OMPI jobid: [10679,1] App: 0 Process rank: 7 Bound: N/A

 Data for node: beluga09	Num slots: 16	Max slots: 0	Num procs: 4
 	Process OMPI jobid: [10679,1] App: 0 Process rank: 8 Bound: N/A
 	Process OMPI jobid: [10679,1] App: 0 Process rank: 9 Bound: N/A
 	Process OMPI jobid: [10679,1] App: 0 Process rank: 10 Bound: N/A
 	Process OMPI jobid: [10679,1] App: 0 Process rank: 11 Bound: N/A

 Data for node: beluga11	Num slots: 16	Max slots: 0	Num procs: 4
 	Process OMPI jobid: [10679,1] App: 0 Process rank: 12 Bound: socket 0[core 0[hwt 0]], socket 0[core 1[hwt 0]], socket 0[core 2[hwt 0]], socket 0[core 3[hwt 0]], socket 0[core 4[hwt 0]], socket 0[core 5[hwt 0]], socket 0[core 6[hwt 0]], socket 0[core 7[hwt 0]]:[B/B/B/B/B/B/B/B][./././././././.]
 	Process OMPI jobid: [10679,1] App: 0 Process rank: 13 Bound: socket 1[core 8[hwt 0]], socket 1[core 9[hwt 0]], socket 1[core 10[hwt 0]], socket 1[core 11[hwt 0]], socket 1[core 12[hwt 0]], socket 1[core 13[hwt 0]], socket 1[core 14[hwt 0]], socket 1[core 15[hwt 0]]:[./././././././.][B/B/B/B/B/B/B/B]
 	Process OMPI jobid: [10679,1] App: 0 Process rank: 14 Bound: socket 0[core 0[hwt 0]], socket 0[core 1[hwt 0]], socket 0[core 2[hwt 0]], socket 0[core 3[hwt 0]], socket 0[core 4[hwt 0]], socket 0[core 5[hwt 0]], socket 0[core 6[hwt 0]], socket 0[core 7[hwt 0]]:[B/B/B/B/B/B/B/B][./././././././.]
 	Process OMPI jobid: [10679,1] App: 0 Process rank: 15 Bound: socket 1[core 8[hwt 0]], socket 1[core 9[hwt 0]], socket 1[core 10[hwt 0]], socket 1[core 11[hwt 0]], socket 1[core 12[hwt 0]], socket 1[core 13[hwt 0]], socket 1[core 14[hwt 0]], socket 1[core 15[hwt 0]]:[./././././././.][B/B/B/B/B/B/B/B]

 =============================================================
 Data for JOB [10679,1] offset 0 Total slots allocated 64

 ========================   JOB MAP   ========================

 Data for node: beluga10	Num slots: 16	Max slots: 0	Num procs: 4
 	Process OMPI jobid: [10679,1] App: 0 Process rank: 0 Bound: N/A
 	Process OMPI jobid: [10679,1] App: 0 Process rank: 1 Bound: N/A
 	Process OMPI jobid: [10679,1] App: 0 Process rank: 2 Bound: N/A
 	Process OMPI jobid: [10679,1] App: 0 Process rank: 3 Bound: N/A

 Data for node: beluga12	Num slots: 16	Max slots: 0	Num procs: 4
 	Process OMPI jobid: [10679,1] App: 0 Process rank: 4 Bound: socket 0[core 0[hwt 0]], socket 0[core 1[hwt 0]], socket 0[core 2[hwt 0]], socket 0[core 3[hwt 0]], socket 0[core 4[hwt 0]], socket 0[core 5[hwt 0]], socket 0[core 6[hwt 0]], socket 0[core 7[hwt 0]]:[B/B/B/B/B/B/B/B][./././././././.]
 	Process OMPI jobid: [10679,1] App: 0 Process rank: 5 Bound: socket 1[core 8[hwt 0]], socket 1[core 9[hwt 0]], socket 1[core 10[hwt 0]], socket 1[core 11[hwt 0]], socket 1[core 12[hwt 0]], socket 1[core 13[hwt 0]], socket 1[core 14[hwt 0]], socket 1[core 15[hwt 0]]:[./././././././.][B/B/B/B/B/B/B/B]
 	Process OMPI jobid: [10679,1] App: 0 Process rank: 6 Bound: socket 0[core 0[hwt 0]], socket 0[core 1[hwt 0]], socket 0[core 2[hwt 0]], socket 0[core 3[hwt 0]], socket 0[core 4[hwt 0]], socket 0[core 5[hwt 0]], socket 0[core 6[hwt 0]], socket 0[core 7[hwt 0]]:[B/B/B/B/B/B/B/B][./././././././.]
 	Process OMPI jobid: [10679,1] App: 0 Process rank: 7 Bound: socket 1[core 8[hwt 0]], socket 1[core 9[hwt 0]], socket 1[core 10[hwt 0]], socket 1[core 11[hwt 0]], socket 1[core 12[hwt 0]], socket 1[core 13[hwt 0]], socket 1[core 14[hwt 0]], socket 1[core 15[hwt 0]]:[./././././././.][B/B/B/B/B/B/B/B]

 Data for node: beluga09	Num slots: 16	Max slots: 0	Num procs: 4
 	Process OMPI jobid: [10679,1] App: 0 Process rank: 8 Bound: N/A
 	Process OMPI jobid: [10679,1] App: 0 Process rank: 9 Bound: N/A
 	Process OMPI jobid: [10679,1] App: 0 Process rank: 10 Bound: N/A
 	Process OMPI jobid: [10679,1] App: 0 Process rank: 11 Bound: N/A

 Data for node: beluga11	Num slots: 16	Max slots: 0	Num procs: 4
 	Process OMPI jobid: [10679,1] App: 0 Process rank: 12 Bound: N/A
 	Process OMPI jobid: [10679,1] App: 0 Process rank: 13 Bound: N/A
 	Process OMPI jobid: [10679,1] App: 0 Process rank: 14 Bound: N/A
 	Process OMPI jobid: [10679,1] App: 0 Process rank: 15 Bound: N/A

 =============================================================
****************************************************
*                                                  *
*                  GENESIS ATDYN                   *
*                                                  *
*        A Molecular Dynamics Simulator with       *
*            Atomic Decomposition Scheme           *
*                                                  *
*               Developed by RIKEN                 *
*                                                  *
****************************************************
 
[STEP0] Architecture and Compiler Information
 
GENESIS_Information> GENESIS Information
  version      = 1.5.0
  commit ID    = $GENESIS_VERSION$
  precision    = double
  nonbonding   = CPU

Build_Information> Compiler Information
  build host   = yagi@beluga
  fortran      = ifort (IFORT) 18.0.1 20171018
  option       = -xHost -O3 -ip -mkl=parallel  -assume byterecl -qopenmp 
  C            = icc (ICC) 18.0.1 20171018
  option       = -O3 -ip -axCORE-AVX2  -qopenmp
  defined var. =  -DMPI -DOMP -DFFTE -DLAPACK -DDSFMT_MEXP=19937 -DINTEL
  link option  = 
  -assume byterecl -qopenmp  -lmkl_intel_lp64 -lmkl_sequential -lmkl_core -lmkl_
 lapack95_lp64 

Runtime_Information> Machine and Library Information
  date       = 2020/05/13 18:08:21
  cpu model    = Intel(R) Xeon(R) CPU E5-2667 v4 @ 3.20GHz
  exec. host   = yagi@beluga10
  LD library   = 
 /home/mdsoft/mpi/mpi_cent-v7_intel64/openmpi-v3.1.2_intel_v18.0.1/lib:/opt/inte
 l/compilers_and_libraries_2018.1.163/linux/compiler/lib/intel64_lin:/opt/intel/
 compilers_and_libraries_2018.1.163/linux/mkl/lib/intel64_lin:/opt/intel/compile
 rs_and_libraries_2018.1.163/linux/compiler/lib/intel64:/opt/intel/compilers_and
 _libraries_2018.1.163/linux/compiler/lib/intel64_lin:/opt/intel/compilers_and_l
 ibraries_2018.1.163/linux/mpi/intel64/lib:/opt/intel/compilers_and_libraries_20
 18.1.163/linux/mpi/mic/lib:/opt/intel/compilers_and_libraries_2018.1.163/linux/
 ipp/lib/intel64:/opt/intel/compilers_and_libraries_2018.1.163/linux/compiler/li
 b/intel64_lin:/opt/intel/compilers_and_libraries_2018.1.163/linux/mkl/lib/intel
 64_lin:/opt/intel/compilers_and_libraries_2018.1.163/linux/tbb/lib/intel64/gcc4
 .7:/opt/intel/compilers_and_libraries_2018.1.163/linux/tbb/lib/intel64/gcc4.7:/
 opt/intel/compilers_and_libraries_2018.1.163/linux/daal/lib/intel64_lin:/home/m
 dsoft/mpi/mpi_cent-v7_intel64/openmpi-v3.1.2_intel_v18.0.1/lib:/opt/intel/compi
 lers_and_libraries_2018.1.163/linux/compiler/lib/intel64_lin:/opt/intel/compile
 rs_and_libraries_2018.1.163/linux/mkl/lib/intel64_lin:/opt/intel/compilers_and_
 libraries_2018.1.163/linux/compiler/lib/intel64:/opt/intel/compilers_and_librar
 ies_2018.1.163/linux/compiler/lib/intel64_lin:/opt/intel/compilers_and_librarie
 s_2018.1.163/linux/mpi/intel64/lib:/opt/intel/compilers_and_libraries_2018.1.16
 3/linux/mpi/mic/lib:/opt/intel/compilers_and_libraries_2018.1.163/linux/ipp/li

[STEP1] Read Control Parameters
 
Read_Ctrl_Input> Input Files
  topfile = toppar/top_all36_prot.rtf, toppar/top_all36_cgenff.rtf
  parfile = toppar/par_all36_prot.prm, toppar/par_all36_cgenff.prm
  strfile = toppar/toppar_water_ions.str, toppar/toppar_dhap.3.str
  psffile = step4_nvt_100.psf
  pdbfile = step4_nvt_100.pdb
  rstfile = step4.8_nvt.rst
  reffile = step4_nvt_100.pdb
 
Read_Ctrl_Output> Output Files
  dcdfile    = step4.9_qmmm_nvt.dcd
  rstfile    = step4.9_qmmm_nvt.rst
 
Read_Ctrl_Energy> Parameters of Energy Calculations
  forcefield      =     CHARMM
  switchdist      =     16.000  cutoffdist      =     18.000
  pairlistdist    =     19.500  dielec_const    =      1.000
  vdW force_switch=        yes
  electrostatic   =  CUTOFF
  implicit_solvent=       none
  table_order     =          3
  table_density   =     20.000
  water_model     =       NONE
  output_style    =    GENESIS
  dispersion_corr =       none
  nonb_limiter    =      no
 
Read_Ctrl_Dynamics> Parameters of MD simulation
  integrator      =       VVER  nsteps          =      10000
  timestep        =     0.0020  initial_time    =     0.0000
  eneout_period   =        100  rstout_period   =        100
  crdout_period   =        100  velout_period   =          0
  nbupdate_period =         10  stoptr_period   =         10
  iseed           =   20190319
  annealing       =         no
  verbose         =         no
  target_md       =         no
  steered_md      =         no
  esp_mm          =         no
 
Read_Ctrl_Constraints> Parameters for Constraints
  rigid_bond      =        yes
  shake_iteration =        500  shake_tolerance =  0.100E-09
  fast_water      =        yes  water_model     =       TIP3
  hydrogen_type   =  name|mass
  noshake_index   =       none
  fixatm_select_index        =       none
 
Read_Ctrl_Ensemble> Parameters for Ensemble
  ensemble        =        NVT
  temperature     =    300.000
  tpcontrol       =      BUSSI
  tau_t           =      5.000
 
Read_Ctrl_Boundary> Parameters of Boundary Condition
  type            =       NOBC
  spherical_pot   =        yes  restart         =          T
  center_info     =       read  modify_ratio    =      1.000
  constant        =     10.000  exponent        =          2
  fixatom         =          T  fix_layer       =      1.000
 
Read_Ctrl_Selection> Parameters of Selection
  # of groups     =          3
    group 1 = (sid:TIMA or sid:TIMB) and (an:CA | an:C | an:O | an:N)
    group 2 = (sid:DHA or sid:DHA around_res:3.0) and not hydrogen
    group 3 = sid:DHA or (sid:TIMA and (rno:95 or rno:165) and not (an:CA  | an:C   | an:O   | an:N | an:HN | an:HA))
  # of mole names =          0
 
Read_Ctrl_Restraints> Parameters of Restraint
  numfunc         =   1
  function1 = POSI     
    direction     = ALL 
    constant      = 1.0
    reference     = 
    select_index  = 2
    mode          =   0
    exponent      =   2
    exponent_dist = 
    weight_dist   = 

  pressure_position   = NO
  pressure_rmsd     = NO

Read_Ctrl_Fitting_MD> Parameters of Fitting
  fitting method  =  TR+ROT   
  fitting atom    = group1
  mass_weight     =         no
 
Read_Ctrl_QMMM> Parameters of QM/MM
  qmtyp              = dftb+
  qmcnt              = dftb_01.hsd
  qmexe              = runDFTB02_wako.sh
  workdir            = /dev/shm/qmmm_dyn
  savedir            = qmmm9
  basename           = job
  qmsave_period      = 100
  qmmaxtrial         = 1
  qmatm_select_index = 3
  exclude_charge     = GROUP
 
[STEP2] Setup MPI
 
Setup_Mpi_Md> Summary of Setup MPI
  number of MPI processes   =         16
  number of OpenMP threads  =          4
  total number of CPU cores =         64

[STEP3] Set Relevant Variables and Structures
 
Input_Top> Summary of Topfile
  num_atom_class  =        212  num_resi_type   =        685
 
Input_Par> Summary of Parfile
  num_bonds       =        658  num_angles      =       2003
  num_dihedrals   =       4838  num_impropers   =        163
  num_atom_cls    =        212  num_nbfix       =         75
  num_cmap_terms  =          6
 
 Merge_Par> WARNING: BOND: Multiple definition: "CG321"-"OG311"
Input_Str> Summary of Top information
  num_atom_class  =        227  num_resi_type   =        700
 
Input_Str> Summary of Par information
  num_bonds       =        663  num_angles      =       2006
  num_dihedrals   =       4850  num_impropers   =        163
  num_atom_cls    =        227  num_nbfix       =         90
  num_cmap_terms  =          6
 
Read_Psf> Summary of Psffile
  psftype         =      xplor
  num_atoms       =      37226  num_bonds       =      37288
  num_angles      =      23768  num_dihedrals   =      20268
  num_impropers   =       1292  num_cmap_terms  =        494
  num_HB_donors   =      20596  num_HB_acceptors=      10610
  num_NB_exclusion=          0  num_groups      =      12168
  total_charge    =    -10.000
 
Check_Pdb> 6-column residue sequence number
 
Read_Pdb> Summary of Data in PDB file
  num_atoms       =      37226
 
Read_Rst_Binary> Summary of RST file
  num_atoms       =      37226  iseed           =   20190319
  boxsize (x,y,z) =      0.000     0.000     0.000
  spherical_pot     =      yes
  nfunctions                 2  num_fixatm              9645

Check_Pdb> 6-column residue sequence number
 
Read_Pdb> Summary of Data in PDB file
  num_atoms       =      37226
 
Define_Molecule> Summary of molecules
  num_atoms       =      37226  num_bonds       =      37288
  num_angles      =      23768  num_dihedrals   =      20268
  num_impropers   =       1292  num_cmap_terms  =        494
  num_residues    =      10370  num_molecules   =       9878
  num_segments    =          6  num_deg_freedom =     111678
  total_charge    =    -10.000
 
Setup_Boundary> Setup Variables for Boundary Condition
  origin(x,y,z)   =      0.000     0.000     0.000
  nfunctions      =        2
    center(x,y,z) =     17.000     0.000     0.000
    radius        =     35.000
    constant      =     10.000
    exponent      =          2
    center(x,y,z) =    -17.000     0.000     0.000
    radius        =     35.000
    constant      =     10.000
    exponent      =          2
 
  num_fixatm      =     9645
 
 
Random_Init> Initialize the random number
  seed            = 20190319

Select_Contacts> mode        : Resi
                 sel atoms A :      15
                 sel atoms B :   37211
                 distance    :    3.00
                contact atom list :     160
 
Setup_QMMM> Setup QM region
  QM assignment info
  1435 TIMA     95 HSE    CB   CT2    assigned to QM atom    1 of element: C     6
  1436 TIMA     95 HSE    HB1  HA2    assigned to QM atom    2 of element: H     1
  1437 TIMA     95 HSE    HB2  HA2    assigned to QM atom    3 of element: H     1
  1438 TIMA     95 HSE    ND1  NR2    assigned to QM atom    4 of element: N     7
  1439 TIMA     95 HSE    CG   CPH1   assigned to QM atom    5 of element: C     6
  1440 TIMA     95 HSE    CE1  CPH2   assigned to QM atom    6 of element: C     6
  1441 TIMA     95 HSE    HE1  HR1    assigned to QM atom    7 of element: H     1
  1442 TIMA     95 HSE    NE2  NR1    assigned to QM atom    8 of element: N     7
  1443 TIMA     95 HSE    HE2  H      assigned to QM atom    9 of element: H     1
  1444 TIMA     95 HSE    CD2  CPH1   assigned to QM atom   10 of element: C     6
  1445 TIMA     95 HSE    HD2  HR3    assigned to QM atom   11 of element: H     1
  2552 TIMA    165 GLU    CB   CT2A   assigned to QM atom   12 of element: C     6
  2553 TIMA    165 GLU    HB1  HA2    assigned to QM atom   13 of element: H     1
  2554 TIMA    165 GLU    HB2  HA2    assigned to QM atom   14 of element: H     1
  2555 TIMA    165 GLU    CG   CT2    assigned to QM atom   15 of element: C     6
  2556 TIMA    165 GLU    HG1  HA2    assigned to QM atom   16 of element: H     1
  2557 TIMA    165 GLU    HG2  HA2    assigned to QM atom   17 of element: H     1
  2558 TIMA    165 GLU    CD   CC     assigned to QM atom   18 of element: C     6
  2559 TIMA    165 GLU    OE1  OC     assigned to QM atom   19 of element: O     8
  2560 TIMA    165 GLU    OE2  OC     assigned to QM atom   20 of element: O     8
  7575 DHA     249 DHAP   P    PG2    assigned to QM atom   21 of element: P    15
  7576 DHA     249 DHAP   O1P  OG303  assigned to QM atom   22 of element: O     8
  7577 DHA     249 DHAP   O2P  OG2P1  assigned to QM atom   23 of element: O     8
  7578 DHA     249 DHAP   O3P  OG2P1  assigned to QM atom   24 of element: O     8
  7579 DHA     249 DHAP   O4P  OG2P1  assigned to QM atom   25 of element: O     8
  7580 DHA     249 DHAP   C1   CG321  assigned to QM atom   26 of element: C     6
  7581 DHA     249 DHAP   H11  HGA2   assigned to QM atom   27 of element: H     1
  7582 DHA     249 DHAP   H12  HGA2   assigned to QM atom   28 of element: H     1
  7583 DHA     249 DHAP   C2   CG2O5  assigned to QM atom   29 of element: C     6
  7584 DHA     249 DHAP   O2   OG2D3  assigned to QM atom   30 of element: O     8
  7585 DHA     249 DHAP   C3   CG321  assigned to QM atom   31 of element: C     6
  7586 DHA     249 DHAP   O3   OG311  assigned to QM atom   32 of element: O     8
  7587 DHA     249 DHAP   HO3  HGP1   assigned to QM atom   33 of element: H     1
  7588 DHA     249 DHAP   H31  HGA2   assigned to QM atom   34 of element: H     1
  7589 DHA     249 DHAP   H32  HGA2   assigned to QM atom   35 of element: H     1
  number of QM atoms = 35
 
 

Generate_LinkAtoms> QM-MM interface info. Link hydrogen is set between:
              [ QM atom ]             -             [ MM atom ]
  1435 TIMA     95 HSE    CB   CT2    -   1433 TIMA     95 HSE    CA   CT1   
                                          1431 TIMA     95 HSE    N    NH1    excluded
                                          1432 TIMA     95 HSE    HN   H      excluded
                                          1434 TIMA     95 HSE    HA   HB1    excluded
  2552 TIMA    165 GLU    CB   CT2A   -   2550 TIMA    165 GLU    CA   CT1   
                                          2548 TIMA    165 GLU    N    NH1    excluded
                                          2549 TIMA    165 GLU    HN   H      excluded
                                          2551 TIMA    165 GLU    HA   HB1    excluded

  number of link atoms           = 2
  number of external MM charges  = 37183

 
  Check the control file for DFTB+ [ dftb_01.hsd ]
  Passed the check!
 
Setup_Enefunc_Cmap_Par> Natural spline is used to derive cmap coefs.

Setup_Enefunc_Table> Setup Variables for LookupTable
  num_solutes     =      37226  num_waters      =          0

Setup_Enefunc_Restraint> Setup restraint groups
 group =     1, "(sid:TIMA or sid:TIMB) and (an:CA | an:C | an:O | an:N)"
 # of atoms =  1976
 atomlist: 
      7      9     15     16     17     19     39     40     41     43
     53     54     55     57     73     74     75     77     93     94
     95     97    109    110    111    113    116    117    118    120
    123    124    125    127    137    138    139    141    157    158
    159    161    179    180    181    183    198    199    200    202
    212    213    214    216    219    220    221    223    230    231
    232    234    252    253    254    256    269    270    271    273
    280    281    282    284    299    300    301    303    321    322
    323    325    336    337    338    340    355    356    357    359
    371    372    373    375    386    387    388    390    410    411
    412    414    429    430    431    433    443    444    445    447
    457    458    459    461    467    468    469    471    478    479
    480    482    497    498    499    503    511    512    513    515
    526    527    528    530    540    541    542    544    556    557
    558    560    571    572    573    575    587    588    589    591
    603    604    605    607    622    623    624    626    633    634
    635    639    647    648    649    653    661    662    663    665
    671    672    673    675    685    686    687    689    706    707
    708    710    725    726    727    729    737    738    739    741
    758    759    760    762    769    770    771    773    785    786
    787    789    796    797    798    800    815    816    817    819
    831    832    833    835    853    854    855    857    875    876
    877    881    889    890    891    893    906    907    908    910
    922    923    924    926    936    937    938    940    952    953
    954    956    959    960    961    963    969    970    971    973
    986    987    988    990   1000   1001   1002   1004   1010   1011
   1012   1014   1031   1032   1033   1035   1050   1051   1052   1054
   1072   1073   1074   1076   1082   1083   1084   1086   1093   1094
   1095   1097   1100   1101   1102   1104   1110   1111   1112   1114
   1130   1131   1132   1134   1144   1145   1146   1148   1151   1152
   1153   1155   1166   1167   1168   1170   1180   1181   1182   1184
   1191   1192   1193   1195   1207   1208   1209   1211   1219   1220
   1221   1223   1236   1237   1238   1240   1255   1256   1257   1259
   1277   1278   1279   1281   1289   1290   1291   1293   1305   1306
   1307   1309   1312   1313   1314   1316   1322   1323   1324   1326
   1344   1345   1346   1348   1368   1369   1370   1372   1384   1385
   1386   1388   1403   1404   1405   1407   1422   1423   1424   1426
   1429   1430   1431   1433   1446   1447   1448   1450   1457   1458
   1459   1461   1472   1473   1474   1476   1496   1497   1498   1500
   1520   1521   1522   1524   1531   1532   1533   1535   1552   1553
   1554   1556   1572   1573   1574   1576   1589   1590   1591   1593
   1604   1605   1606   1608   1616   1617   1618   1620   1628   1629
   1630   1632   1650   1651   1652   1654   1670   1671   1672   1674
   1689   1690   1691   1693   1699   1700   1701   1703   1711   1712
   1713   1715   1733   1734   1735   1737   1747   1748   1749   1751
   1769   1770   1771   1773   1789   1790   1791   1793   1799   1800
   1801   1803   1818   1819   1820   1822   1825   1826   1827   1829
   1842   1843   1844   1846   1849   1850   1851   1853   1865   1866
   1867   1869   1872   1873   1874   1876   1888   1889   1890   1892
   1907   1908   1909   1911   1926   1927   1928   1930   1937   1938
   1939   1941   1956   1957   1958   1960   1963   1964   1965   1967
   1978   1979   1980   1982   1992   1993   1994   1996   2011   2012
   2013   2015   2026   2027   2028   2030   2041   2042   2043   2045
   2063   2064   2065   2067   2085   2086   2087   2089   2095   2096
   2097   2099   2102   2103   2104   2106   2124   2125   2126   2128
   2138   2139   2140   2142   2157   2158   2159   2161   2169   2170
   2171   2173   2185   2186   2187   2189   2201   2202   2203   2205
   2216   2217   2218   2220   2240   2241   2242   2244   2257   2258
   2259   2261   2276   2277   2278   2280   2290   2291   2292   2294
   2300   2301   2302   2304   2316   2317   2318   2320   2335   2336
   2337   2339   2350   2351   2352   2354   2365   2366   2367   2369
   2381   2382   2383   2385   2403   2404   2405   2407   2415   2416
   2417   2419   2439   2440   2441   2443   2453   2454   2455   2457
   2467   2468   2469   2471   2483   2484   2485   2487   2499   2500
   2501   2503   2515   2516   2517   2519   2525   2526   2527   2529
   2546   2547   2548   2550   2561   2562   2563   2567   2575   2576
   2577   2579   2591   2592   2593   2595   2615   2616   2617   2619
   2625   2626   2627   2629   2644   2645   2646   2648   2651   2652
   2653   2655   2665   2666   2667   2669   2672   2673   2674   2676
   2691   2692   2693   2695   2701   2702   2703   2705   2711   2712
   2713   2715   2725   2726   2727   2731   2739   2740   2741   2743
   2754   2755   2756   2758   2766   2767   2768   2770   2776   2777
   2778   2780   2793   2794   2795   2797   2805   2806   2807   2809
   2824   2825   2826   2828   2841   2842   2843   2845   2851   2852
   2853   2855   2862   2863   2864   2866   2881   2882   2883   2885
   2905   2906   2907   2909   2927   2928   2929   2931   2947   2948
   2949   2951   2966   2967   2968   2970   2976   2977   2978   2980
   2987   2988   2989   2991   3009   3010   3011   3013   3028   3029
   3030   3032   3035   3036   3037   3039   3047   3048   3049   3051
   3069   3070   3071   3073   3079   3080   3081   3083   3089   3090
   3091   3093   3100   3101   3102   3104   3115   3116   3117   3119
   3134   3135   3136   3138   3158   3159   3160   3162   3177   3178
   3179   3181   3196   3197   3198   3200   3217   3218   3219   3221
   3224   3225   3226   3228   3231   3232   3233   3235   3242   3243
   3244   3246   3252   3253   3254   3256   3266   3267   3268   3270
   3273   3274   3275   3277   3284   3285   3286   3288   3298   3299
   3300   3302   3308   3309   3310   3312   3324   3325   3326   3328
   3338   3339   3340   3342   3358   3359   3360   3362   3380   3381
   3382   3384   3392   3393   3394   3396   3414   3415   3416   3418
   3424   3425   3426   3428   3436   3437   3438   3440   3452   3453
   3454   3456   3464   3465   3466   3468   3471   3472   3473   3475
   3491   3492   3493   3495   3510   3511   3512   3514   3526   3527
   3528   3530   3533   3534   3535   3537   3540   3541   3542   3544
   3550   3551   3552   3554   3561   3562   3563   3565   3580   3581
   3582   3584   3602   3603   3604   3608   3616   3617   3618   3620
   3631   3632   3633   3635   3651   3652   3653   3655   3667   3668
   3669   3671   3679   3680   3681   3683   3698   3699   3700   3702
   3717   3718   3719   3721   3731   3732   3733   3735   3742   3743
   3744   3746   3766   3767   3768   3770   3780   3781   3794   3796
   3802   3803   3804   3806   3826   3827   3828   3830   3840   3841
   3842   3844   3860   3861   3862   3864   3880   3881   3882   3884
   3896   3897   3898   3900   3903   3904   3905   3907   3910   3911
   3912   3914   3924   3925   3926   3928   3944   3945   3946   3948
   3966   3967   3968   3970   3985   3986   3987   3989   3999   4000
   4001   4003   4006   4007   4008   4010   4017   4018   4019   4021
   4039   4040   4041   4043   4056   4057   4058   4060   4067   4068
   4069   4071   4086   4087   4088   4090   4108   4109   4110   4112
   4123   4124   4125   4127   4142   4143   4144   4146   4158   4159
   4160   4162   4173   4174   4175   4177   4197   4198   4199   4201
   4216   4217   4218   4220   4230   4231   4232   4234   4244   4245
   4246   4248   4254   4255   4256   4258   4265   4266   4267   4269
   4284   4285   4286   4290   4298   4299   4300   4302   4313   4314
   4315   4317   4327   4328   4329   4331   4343   4344   4345   4347
   4358   4359   4360   4362   4374   4375   4376   4378   4390   4391
   4392   4394   4409   4410   4411   4413   4420   4421   4422   4426
   4434   4435   4436   4440   4448   4449   4450   4452   4458   4459
   4460   4462   4472   4473   4474   4476   4493   4494   4495   4497
   4512   4513   4514   4516   4524   4525   4526   4528   4545   4546
   4547   4549   4556   4557   4558   4560   4572   4573   4574   4576
   4583   4584   4585   4587   4602   4603   4604   4606   4618   4619
   4620   4622   4640   4641   4642   4644   4662   4663   4664   4668
   4676   4677   4678   4680   4693   4694   4695   4697   4709   4710
   4711   4713   4723   4724   4725   4727   4739   4740   4741   4743
   4746   4747   4748   4750   4756   4757   4758   4760   4773   4774
   4775   4777   4787   4788   4789   4791   4797   4798   4799   4801
   4818   4819   4820   4822   4837   4838   4839   4841   4859   4860
   4861   4863   4869   4870   4871   4873   4880   4881   4882   4884
   4887   4888   4889   4891   4897   4898   4899   4901   4917   4918
   4919   4921   4931   4932   4933   4935   4938   4939   4940   4942
   4953   4954   4955   4957   4967   4968   4969   4971   4978   4979
   4980   4982   4994   4995   4996   4998   5006   5007   5008   5010
   5023   5024   5025   5027   5042   5043   5044   5046   5064   5065
   5066   5068   5076   5077   5078   5080   5092   5093   5094   5096
   5099   5100   5101   5103   5109   5110   5111   5113   5131   5132
   5133   5135   5155   5156   5157   5159   5171   5172   5173   5175
   5190   5191   5192   5194   5209   5210   5211   5213   5216   5217
   5218   5220   5233   5234   5235   5237   5244   5245   5246   5248
   5259   5260   5261   5263   5283   5284   5285   5287   5307   5308
   5309   5311   5318   5319   5320   5322   5339   5340   5341   5343
   5359   5360   5361   5363   5376   5377   5378   5380   5391   5392
   5393   5395   5403   5404   5405   5407   5415   5416   5417   5419
   5437   5438   5439   5441   5457   5458   5459   5461   5476   5477
   5478   5480   5486   5487   5488   5490   5498   5499   5500   5502
   5520   5521   5522   5524   5534   5535   5536   5538   5556   5557
   5558   5560   5576   5577   5578   5580   5586   5587   5588   5590
   5605   5606   5607   5609   5612   5613   5614   5616   5629   5630
   5631   5633   5636   5637   5638   5640   5652   5653   5654   5656
   5659   5660   5661   5663   5675   5676   5677   5679   5694   5695
   5696   5698   5713   5714   5715   5717   5724   5725   5726   5728
   5743   5744   5745   5747   5750   5751   5752   5754   5765   5766
   5767   5769   5779   5780   5781   5783   5798   5799   5800   5802
   5813   5814   5815   5817   5828   5829   5830   5832   5850   5851
   5852   5854   5872   5873   5874   5876   5882   5883   5884   5886
   5889   5890   5891   5893   5911   5912   5913   5915   5925   5926
   5927   5929   5944   5945   5946   5948   5956   5957   5958   5960
   5972   5973   5974   5976   5988   5989   5990   5992   6003   6004
   6005   6007   6027   6028   6029   6031   6044   6045   6046   6048
   6063   6064   6065   6067   6077   6078   6079   6081   6087   6088
   6089   6091   6103   6104   6105   6107   6122   6123   6124   6126
   6137   6138   6139   6141   6152   6153   6154   6156   6168   6169
   6170   6172   6190   6191   6192   6194   6202   6203   6204   6206
   6226   6227   6228   6230   6240   6241   6242   6244   6254   6255
   6256   6258   6270   6271   6272   6274   6286   6287   6288   6290
   6302   6303   6304   6306   6312   6313   6314   6316   6333   6334
   6335   6337   6348   6349   6350   6354   6362   6363   6364   6366
   6378   6379   6380   6382   6402   6403   6404   6406   6412   6413
   6414   6416   6431   6432   6433   6435   6438   6439   6440   6442
   6452   6453   6454   6456   6459   6460   6461   6463   6478   6479
   6480   6482   6488   6489   6490   6492   6498   6499   6500   6502
   6512   6513   6514   6518   6526   6527   6528   6530   6541   6542
   6543   6545   6553   6554   6555   6557   6563   6564   6565   6567
   6580   6581   6582   6584   6592   6593   6594   6596   6611   6612
   6613   6615   6628   6629   6630   6632   6638   6639   6640   6642
   6649   6650   6651   6653   6668   6669   6670   6672   6692   6693
   6694   6696   6714   6715   6716   6718   6734   6735   6736   6738
   6753   6754   6755   6757   6763   6764   6765   6767   6774   6775
   6776   6778   6796   6797   6798   6800   6815   6816   6817   6819
   6822   6823   6824   6826   6834   6835   6836   6838   6856   6857
   6858   6860   6866   6867   6868   6870   6876   6877   6878   6880
   6887   6888   6889   6891   6902   6903   6904   6906   6921   6922
   6923   6925   6945   6946   6947   6949   6964   6965   6966   6968
   6983   6984   6985   6987   7004   7005   7006   7008   7011   7012
   7013   7015   7018   7019   7020   7022   7029   7030   7031   7033
   7039   7040   7041   7043   7053   7054   7055   7057   7060   7061
   7062   7064   7071   7072   7073   7075   7085   7086   7087   7089
   7095   7096   7097   7099   7111   7112   7113   7115   7125   7126
   7127   7129   7145   7146   7147   7149   7167   7168   7169   7171
   7179   7180   7181   7183   7201   7202   7203   7205   7211   7212
   7213   7215   7223   7224   7225   7227   7239   7240   7241   7243
   7251   7252   7253   7255   7258   7259   7260   7262   7278   7279
   7280   7282   7297   7298   7299   7301   7313   7314   7315   7317
   7320   7321   7322   7324   7327   7328   7329   7331   7337   7338
   7339   7341   7348   7349   7350   7352   7367   7368   7369   7371
   7389   7390   7391   7395   7403   7404   7405   7407   7418   7419
   7420   7422   7438   7439   7440   7442   7454   7455   7456   7458
   7466   7467   7468   7470   7485   7486   7487   7489   7504   7505
   7506   7508   7518   7519   7520   7522   7529   7530   7531   7533
   7553   7554   7555   7557   7567   7568
 group =     2, "(sid:DHA or sid:DHA around_res:3.0) and not hydrogen"
 # of atoms =    89
 atomlist: 
    125    127    129    132    133    134    137    138    159    161
    163    166    169    172    175    179    180   1431   1433   1435
   1438   1439   1440   1442   1444   1446   1447   2548   2550   2552
   2555   2558   2559   2560   2561   2562   2627   2629   2631   2633
   2637   2640   2644   2645   2646   2648   2651   2652   3226   3228
   3231   3232   3233   3235   3237   3240   3242   3243   3493   3495
   3497   3500   3502   3506   3510   3511   3528   3530   3533   3534
   3535   3537   3540   3541   7575   7576   7577   7578   7579   7580
   7583   7584   7585   7586   7629   7632   7635   7638   8019
 group =     3, "sid:DHA or (sid:TIMA and (rno:95 or rno:165) and not (an:CA  | an:C   | an:O   | an:N | an:HN | an:HA))"
 # of atoms =    35
 atomlist: 
   1435   1436   1437   1438   1439   1440   1441   1442   1443   1444
   1445   2552   2553   2554   2555   2556   2557   2558   2559   2560
   7575   7576   7577   7578   7579   7580   7581   7582   7583   7584
   7585   7586   7587   7588   7589
Setup_Enefunc_Restraint> Setup restraint functions
 func  =     1 kind  =     1
 const(total, x, y, z) =    1.000   1.000   1.000   1.000
 exponend of function =     2
 # of groups  =     1
 grouplist:   2

Define_Enefunc_CHARMM> Number of Interactions in Each Term
  bond_ene        =      37255  angle_ene       =      23717
  urey_ene        =       6639
  torsion_ene     =      23862  improper_ene    =       1285
  cmap_ene        =        494
  restraint_groups=          3  restraint_funcs =          1
 
Setup_Fitting_Atdyn> NO fitting is applied, skip
  fitting method  =  NO
 
Update_Num_Deg_Freedom> Number of degrees of freedom was updated
  num_deg_freedom =      82743 (After setup of fixed atoms at boundary)
 
Remove_Fixatm> Modified Interactions
  bond_ene        =      27610  angle_ene       =      20502
  urey_ene        =       6639
  torsion_ene     =      23862  improper_ene    =       1285
 
Setup_Settle> Setup constraints for SETTLE
  num_unconsbonds =       7633      num_Settle  =       6659
  r0(O-H)         =     0.9572  mass(O)         =    15.9994
  r0(H-H)         =     1.5139  mass(H)         =     1.0080
 
Setup_Shake> Setup constrains for SHAKE and RATTLE
  num_unconsbonds =       3837  num_rigid_bonds =       3796
 
  num_qm_rigid_bonds =         14
 
Update_Num_Deg_Freedom> Number of degrees of freedom was updated
  num_deg_freedom =      62766 (After setup of SETTLE)
 
Update_Num_Deg_Freedom> Number of degrees of freedom was updated
  num_deg_freedom =      58956 (After setup of SHAKE/RATTLE)
 
[STEP4] Compute Single Point Energy for Molecules
 
            STEP            BOND           ANGLE    UREY-BRADLEY        DIHEDRAL        IMPROPER            CMAP         VDWAALS           ELECT    RESTRAINT001    RESTR_CVS001              QM            SPOT
 --------------- --------------- --------------- --------------- ---------------
               0       1522.8629       3783.9703        456.7164       4499.9930        274.2750       -185.9440       7169.5731    -116984.6470          7.8189          0.0000     -35617.7194         15.3475

[STEP5] Perform Molecular Dynamics Simulation
 
INFO:       STEP            TIME       TOTAL_ENE   POTENTIAL_ENE     KINETIC_ENE            RMSG            BOND           ANGLE    UREY-BRADLEY        DIHEDRAL        IMPROPER            CMAP         VDWAALS           ELECT RESTRAINT_TOTAL    RESTRAINT001    RESTR_CVS001     TEMPERATURE          VOLUME              QM            SPOT
 --------------- --------------- --------------- --------------- ---------------
INFO:        100          0.2000    -117400.8781    -135001.2468      17600.3687         12.6385       1508.1209       3788.8660        473.0031       4514.0599        278.5109       -189.8650       7071.0265    -116704.5144          9.9146          9.9146          0.0000        300.4583          0.0000     -35750.3693         16.6327

INFO:        200          0.4000    -117382.0409    -135102.0628      17720.0218         12.6621       1530.4164       3809.5805        489.8231       4507.8084        271.4024       -205.0025       7237.8313    -117017.9853         14.2866         14.2866          0.0000        302.5009          0.0000     -35740.2237         14.4844

INFO:        300          0.6000    -117391.3835    -135119.8705      17728.4870         12.6258       1569.5552       3739.2991        475.4731       4531.2193        268.4184       -198.8659       7108.9298    -116875.2091         10.6535         10.6535          0.0000        302.6454          0.0000     -35749.3439         22.6554

INFO:        400          0.8000    -117405.3265    -135134.3776      17729.0512         12.6197       1494.6052       3784.1614        468.7817       4535.1387        261.3574       -203.0559       7293.4358    -117011.7172          9.3592          9.3592          0.0000        302.6550          0.0000     -35766.4439         17.1013

INFO:        500          1.0000    -117411.8915    -134994.1420      17582.2505         12.7052       1565.5088       3824.5833        464.9630       4477.9156        260.9163       -178.9791       7264.7784    -116886.6331         12.1834         12.1834          0.0000        300.1490          0.0000     -35799.3787         19.9726

INFO:        600          1.2000    -117407.3628    -135046.8342      17639.4714         12.6748       1538.9796       3808.5908        475.0127       4524.2967        282.0163       -204.5148       7078.6060    -116780.0310         11.1148         11.1148          0.0000        301.1258          0.0000     -35780.9051         14.6779

INFO:        700          1.4000    -117404.9095    -135114.3440      17709.4344         12.6093       1526.4838       3797.4417        479.1800       4489.6477        252.3138       -193.7837       7240.8910    -116971.0888         11.5739         11.5739          0.0000        302.3201          0.0000     -35747.0032         12.7555

INFO:        800          1.6000    -117403.2523    -135209.7950      17806.5427         12.6564       1559.8103       3793.0574        468.6139       4484.7613        263.8735       -203.2677       7061.4184    -116854.7351         11.1088         11.1088          0.0000        303.9779          0.0000     -35794.4357         13.6003

INFO:        900          1.8000    -117445.6887    -135087.0903      17641.4016         12.6131       1529.6166       3828.1473        473.6148       4485.5073        272.9993       -177.2581       7034.0569    -116752.2661         14.1034         14.1034          0.0000        301.1587          0.0000     -35795.6118         16.1555

INFO:       1000          2.0000    -117449.4498    -135106.5054      17657.0555         12.6279       1495.4093       3726.7893        463.2723       4496.1811        275.0942       -189.6758       7061.0318    -116668.9994         10.8254         10.8254          0.0000        301.4260          0.0000     -35776.4334         20.1028

INFO:       1100          2.2000    -117466.9889    -135150.6111      17683.6223         12.5879       1479.3348       3815.5345        457.5128       4489.8344        267.5826       -182.2223       7009.9233    -116690.5230         15.8376         15.8376          0.0000        301.8795          0.0000     -35813.4258         13.2949

INFO:       1200          2.4000    -117495.0231    -135012.7260      17517.7029         12.6988       1498.4965       3808.0820        479.5593       4451.8762        267.2942       -189.8653       7191.8738    -116739.2360         16.9832         16.9832          0.0000        299.0471          0.0000     -35797.7899         17.1444

INFO:       1300          2.6000    -117532.7345    -135282.4843      17749.7498         12.6342       1469.7273       3821.8863        464.4577       4461.3394        264.3843       -198.8354       7259.4979    -117027.3025         13.4644         13.4644          0.0000        303.0084          0.0000     -35811.1037         16.9832

INFO:       1400          2.8000    -117510.1297    -135125.2963      17615.1665         12.6618       1532.7746       3783.1596        459.1772       4499.3925        244.9191       -195.4877       7077.2215    -116730.8697         16.2008         16.2008          0.0000        300.7109          0.0000     -35811.7843         11.4124

INFO:       1500          3.0000    -117513.3389    -135163.5956      17650.2567         12.6754       1524.5250       3857.4311        478.3060       4444.9329        251.4775       -179.2173       7088.2375    -116830.0821         12.2137         12.2137          0.0000        301.3099          0.0000     -35811.4199         13.9081

INFO:       1600          3.2000    -117495.2534    -135160.7468      17665.4934         12.6169       1463.5683       3809.0286        468.1330       4502.6427        267.1177       -180.3767       7258.3630    -116935.5315         13.6968         13.6968          0.0000        301.5700          0.0000     -35827.3888         13.7025

INFO:       1700          3.4000    -117496.8474    -135019.9928      17523.1454         12.6531       1551.0942       3781.9455        484.0147       4485.2811        267.6144       -181.1218       7094.3104    -116698.9392         11.4410         11.4410          0.0000        299.1400          0.0000     -35815.6331         14.0346

INFO:       1800          3.6000    -117455.7370    -135118.5703      17662.8333         12.6044       1551.2679       3750.2764        470.9665       4535.3980        230.6261       -181.6437       7214.3878    -116877.9834         10.4672         10.4672          0.0000        301.5246          0.0000     -35822.3332         12.3501

INFO:       1900          3.8000    -117504.6065    -135227.2638      17722.6573         12.5708       1480.8386       3788.7830        463.7816       4506.0415        261.0726       -206.7608       7142.2269    -116860.4897         12.3499         12.3499          0.0000        302.5459          0.0000     -35815.1076         17.7419

INFO:       2000          4.0000    -117533.8800    -135076.6867      17542.8067         12.5790       1507.1410       3820.9388        451.4203       4492.0861        262.9533       -189.7731       7279.0862    -116881.1964         14.8030         14.8030          0.0000        299.4756          0.0000     -35834.1459         12.9731

INFO:       2100          4.2000    -117491.8903    -134927.5463      17435.6560         12.6173       1488.9552       3903.0068        480.5818       4475.8115        255.2557       -197.7913       7206.1276    -116708.1940         11.2624         11.2624          0.0000        297.6464          0.0000     -35842.5620         16.1834

INFO:       2200          4.4000    -117497.9541    -135110.6666      17612.7124         12.6394       1542.7426       3759.9509        476.7259       4470.6523        266.9205       -198.5297       7158.1376    -116763.0666         12.4407         12.4407          0.0000        300.6690          0.0000     -35836.6408         19.5569

INFO:       2300          4.6000    -117508.1506    -135209.9684      17701.8178         12.7021       1557.5029       3831.9258        472.5193       4511.3520        239.4440       -230.8194       7229.0131    -116999.2644         11.2202         11.2202          0.0000        302.1901          0.0000     -35832.8620         12.1351

INFO:       2400          4.8000    -117463.5456    -135320.0300      17856.4844         12.5712       1459.3016       3808.7750        476.5077       4469.6926        270.9010       -193.7234       6957.1879    -116726.1819         11.0678         11.0678          0.0000        304.8304          0.0000     -35853.5582         17.7327

INFO:       2500          5.0000    -117483.1051    -135061.0750      17577.9698         12.5645       1508.4887       3794.4184        468.0959       4485.4565        251.5396       -187.4940       6964.1684    -116507.4103         12.4269         12.4269          0.0000        300.0759          0.0000     -35850.7649         19.3444

INFO:       2600          5.2000    -117453.6818    -135230.0548      17776.3730         12.6400       1532.1941       3810.7337        468.3932       4478.7276        278.3788       -196.0534       7172.0648    -116956.9628         11.9390         11.9390          0.0000        303.4628          0.0000     -35829.4699         13.1682

INFO:       2700          5.4000    -117434.5718    -135069.1542      17634.5824         12.6452       1516.9145       3801.1955        456.9991       4492.8497        276.6623       -189.8204       7180.6743    -116784.4136         14.5793         14.5793          0.0000        301.0423          0.0000     -35834.7949         13.3472

INFO:       2800          5.6000    -117468.4659    -135089.7380      17621.2720         12.6688       1538.2597       3843.9329        476.9188       4506.5090        271.5385       -201.4735       7074.3959    -116751.8594         17.0293         17.0293          0.0000        300.8151          0.0000     -35864.9891         14.7661

INFO:       2900          5.8000    -117466.2702    -135101.7257      17635.4555         12.7652       1555.0521       3848.5683        474.2074       4475.5621        252.3948       -195.3990       7280.1363    -116929.2405         14.1752         14.1752          0.0000        301.0572          0.0000     -35877.1825         11.3934

INFO:       3000          6.0000    -117501.5415    -135133.3778      17631.8363         12.6799       1552.1440       3773.4408        475.7726       4476.3743        283.5410       -191.2447       7370.1042    -116992.4980         15.0823         15.0823          0.0000        300.9954          0.0000     -35896.0942         15.6068

INFO:       3100          6.2000    -117474.5507    -135274.5008      17799.9501         12.6384       1513.5260       3781.2181        467.4682       4456.4432        265.9270       -198.6559       7443.0758    -117167.7423         17.4146         17.4146          0.0000        303.8653          0.0000     -35853.1756         16.1933

INFO:       3200          6.4000    -117490.6798    -135122.7871      17632.1072         12.6532       1501.9063       3806.6215        481.1131       4519.1960        261.4738       -190.5730       7326.2795    -116965.2095         12.0558         12.0558          0.0000        301.0001          0.0000     -35875.6505         10.5175

INFO:       3300          6.6000    -117497.9581    -135160.7850      17662.8269         12.7275       1584.2286       3848.7798        482.2001       4498.1452        261.3385       -174.6923       7280.8309    -117072.1712         10.2916         10.2916          0.0000        301.5245          0.0000     -35879.7361         10.1119

INFO:       3400          6.8000    -117502.3904    -135177.7319      17675.3414         12.6140       1503.7593       3882.9399        468.3731       4524.8439        262.8705       -194.8049       7103.2241    -116875.0275          9.7758          9.7758          0.0000        301.7381          0.0000     -35863.6859         12.0566

INFO:       3500          7.0000    -117519.2326    -135151.6963      17632.4637         12.6285       1494.8986       3792.8935        477.4538       4509.7347        259.2032       -203.1821       7202.1568    -116875.4107         15.7467         15.7467          0.0000        301.0062          0.0000     -35825.1910         23.4277

INFO:       3600          7.2000    -117503.1957    -135205.6281      17702.4324         12.6756       1552.6356       3780.3355        471.3247       4502.2954        274.7462       -209.8079       7249.2390    -117011.0118         13.8796         13.8796          0.0000        302.2006          0.0000     -35829.2644         24.0416

INFO:       3700          7.4000    -117507.8281    -135169.1915      17661.3635         12.6511       1505.4894       3796.3155        453.3320       4486.1618        249.0736       -218.4341       7419.1917    -117034.7985         13.7789         13.7789          0.0000        301.4995          0.0000     -35839.3018         15.3534

INFO:       3800          7.6000    -117511.1835    -135135.7635      17624.5800         12.6426       1479.5351       3793.0352        467.2047       4518.2640        265.9813       -204.7831       7176.8407    -116784.2567         13.9156         13.9156          0.0000        300.8716          0.0000     -35861.5003         17.8891

INFO:       3900          7.8000    -117497.7015    -135226.1674      17728.4659         12.6837       1534.1536       3766.1211        465.1815       4509.1462        281.8692       -224.1216       7160.4517    -116858.3978         12.1468         12.1468          0.0000        302.6450          0.0000     -35872.7180         12.9960

INFO:       4000          8.0000    -117494.9040    -134984.8842      17489.9802         12.5872       1507.3326       3837.2178        479.3697       4472.4516        273.1393       -210.3049       7167.8960    -116674.2752         12.9414         12.9414          0.0000        298.5738          0.0000     -35850.6525         15.0462

INFO:       4100          8.2000    -117511.8198    -135201.4946      17689.6748         12.6026       1481.1545       3793.2758        464.6969       4515.7016        263.1891       -186.1959       7194.0886    -116871.8500         14.5432         14.5432          0.0000        301.9828          0.0000     -35870.0985         15.0645

INFO:       4200          8.4000    -117493.7742    -135222.8034      17729.0292         12.6302       1535.0563       3773.0962        463.3832       4491.7184        264.7538       -196.4723       7252.6241    -116953.4245         13.8588         13.8588          0.0000        302.6546          0.0000     -35867.3974         23.1804

INFO:       4300          8.6000    -117456.2847    -135025.1279      17568.8432         12.6831       1614.0046       3771.0207        468.7530       4505.5347        269.1462       -214.4593       7176.9330    -116780.8479         15.2067         15.2067          0.0000        299.9201          0.0000     -35850.4196         15.1825

INFO:       4400          8.8000    -117476.7802    -135342.8591      17866.0789         12.6456       1500.0864       3804.9817        477.2960       4503.6508        277.8646       -213.9425       7322.1786    -117161.7489         18.2104         18.2104          0.0000        304.9942          0.0000     -35871.4362         20.3121

INFO:       4500          9.0000    -117495.9671    -135148.3484      17652.3813         12.6672       1518.2508       3788.1761        463.8941       4494.4465        270.6836       -201.2068       7317.2767    -116936.8128         19.5200         19.5200          0.0000        301.3462          0.0000     -35882.5767         18.5197

INFO:       4600          9.2000    -117466.6401    -135080.5682      17613.9281         12.6072       1475.9442       3789.3615        472.3176       4476.7867        268.0556       -176.3168       7062.7977    -116567.5135         12.7953         12.7953          0.0000        300.6897          0.0000     -35894.7965         10.1775

INFO:       4700          9.4000    -117499.7996    -135001.8574      17502.0578         12.6503       1560.8826       3725.1038        475.0052       4517.8810        301.6504       -193.3980       7003.6169    -116528.7522         14.5194         14.5194          0.0000        298.7800          0.0000     -35878.3664         18.2191

INFO:       4800          9.6000    -117507.5874    -135202.1525      17694.5651         12.6806       1510.6041       3836.6145        464.0975       4497.1956        251.8869       -201.5307       7220.6818    -116938.1425         12.5719         12.5719          0.0000        302.0663          0.0000     -35856.1315         14.7041

INFO:       4900          9.8000    -117511.1032    -135053.6510      17542.5478         12.6274       1499.9400       3794.1755        473.8757       4496.5715        283.0133       -212.9710       7228.2744    -116763.9974         11.1932         11.1932          0.0000        299.4712          0.0000     -35863.7263         13.8539

INFO:       5000         10.0000    -117523.6437    -135209.7020      17686.0583         12.6175       1465.2500       3815.5865        460.0622       4486.6443        280.4617       -177.9061       7209.3146    -116875.7535         12.8192         12.8192          0.0000        301.9211          0.0000     -35886.1810         14.6105

INFO:       5100         10.2000    -117563.3690    -135216.5437      17653.1747         12.6756       1536.3374       3769.0292        457.8292       4500.4273        268.8733       -217.8846       7147.8559    -116829.9485         16.2754         16.2754          0.0000        301.3597          0.0000     -35865.3384         15.3693

INFO:       5200         10.4000    -117552.9343    -135078.5692      17525.6349         12.6607       1534.4769       3931.3577        486.2533       4495.1587        279.8676       -209.1567       6974.3060    -116700.3497         13.7596         13.7596          0.0000        299.1825          0.0000     -35884.2425         15.8722

INFO:       5300         10.6000    -117555.7174    -135026.1401      17470.4227         12.6767       1590.7573       3816.7438        475.2143       4517.8898        277.1292       -195.6452       7091.1707    -116754.0100         13.2217         13.2217          0.0000        298.2399          0.0000     -35858.6116         19.7061

INFO:       5400         10.8000    -117603.8751    -135237.2751      17633.4000         12.6308       1491.0524       3842.7481        482.9717       4509.1066        256.6375       -203.8424       7223.0107    -116991.6350         19.3862         19.3862          0.0000        301.0221          0.0000     -35866.7109         22.1792

INFO:       5500         11.0000    -117614.5072    -135320.5863      17706.0791         12.5978       1458.5420       3824.4817        469.7975       4479.2152        266.3239       -175.0040       7160.5062    -116936.1742         13.9637         13.9637          0.0000        302.2629          0.0000     -35882.2384         16.0252

INFO:       5600         11.2000    -117578.7691    -135132.1155      17553.3465         12.6136       1502.4419       3795.3308        473.2154       4504.1433        257.8116       -188.6288       7270.7467    -116911.5402         12.2580         12.2580          0.0000        299.6555          0.0000     -35847.8942         16.2720

INFO:       5700         11.4000    -117618.7585    -135174.7949      17556.0363         12.6117       1467.1486       3837.0174        463.3592       4458.5307        270.1500       -184.7643       7158.3997    -116788.6846         12.9813         12.9813          0.0000        299.7015          0.0000     -35868.9327         11.8121

INFO:       5800         11.6000    -117625.0788    -135257.6684      17632.5896         12.6271       1486.0795       3834.5406        478.3236       4505.2884        268.2507       -209.9818       7270.5762    -117040.6415         13.8393         13.8393          0.0000        301.0083          0.0000     -35863.9433         17.5744

INFO:       5900         11.8000    -117612.7323    -135224.9722      17612.2398         12.6360       1554.3712       3794.4796        467.9115       4506.5472        276.9001       -168.9730       7262.9020    -117053.9784         13.9765         13.9765          0.0000        300.6609          0.0000     -35879.1088         13.1071

INFO:       6000         12.0000    -117621.1457    -135108.1840      17487.0383         12.6601       1479.3841       3864.8273        472.8294       4483.2619        263.8206       -211.7505       7156.3802    -116774.8759         14.1265         14.1265          0.0000        298.5236          0.0000     -35856.1876         15.2462

INFO:       6100         12.2000    -117645.0117    -135136.0922      17491.0805         12.6141       1525.0276       3780.3748        475.5262       4502.5373        273.8674       -218.6448       7232.8044    -116874.9792         12.5994         12.5994          0.0000        298.5926          0.0000     -35845.2053         11.7499

INFO:       6200         12.4000    -117670.7665    -135332.3428      17661.5763         12.6260       1524.7586       3826.8488        466.2710       4481.5680        271.7429       -209.7930       7195.4483    -117028.7039         14.8388         14.8388          0.0000        301.5031          0.0000     -35875.3224         17.4952

INFO:       6300         12.6000    -117673.3867    -135254.7318      17581.3452         12.6022       1489.2587       3784.2074        461.9616       4484.0613        273.6621       -209.1981       7098.3385    -116802.7224         16.3274         16.3274          0.0000        300.1335          0.0000     -35850.6284          9.6509

INFO:       6400         12.8000    -117640.9396    -135156.6874      17515.7478         12.6570       1513.2682       3766.9786        475.1914       4476.4574        278.0085       -181.1087       7154.3469    -116802.0929         12.2014         12.2014          0.0000        299.0137          0.0000     -35849.9383         12.1602

INFO:       6500         13.0000    -117661.2020    -135382.2014      17720.9994         12.5925       1483.2735       3769.6631        450.1397       4514.1246        288.1465       -195.2251       7228.8092    -117079.4961         11.1039         11.1039          0.0000        302.5176          0.0000     -35852.7407         18.4763

INFO:       6600         13.2000    -117660.0473    -135321.0535      17661.0062         12.6095       1512.3312       3884.0365        466.7319       4467.7766        259.5981       -194.1829       7187.4365    -117058.4094         16.3727         16.3727          0.0000        301.4934          0.0000     -35862.7448         16.4209

INFO:       6700         13.4000    -117676.2647    -135421.0702      17744.8055         12.5952       1499.0647       3777.1519        487.7092       4481.2821        281.4228       -188.7175       7393.3369    -117310.3306         16.3919         16.3919          0.0000        302.9240          0.0000     -35858.3817         17.9747

INFO:       6800         13.6000    -117615.8091    -135317.0754      17701.2663         12.6453       1514.9086       3849.1651        455.4423       4463.7496        271.5207       -167.6921       7282.6904    -117142.8138         13.3793         13.3793          0.0000        302.1807          0.0000     -35857.4254         10.9053

INFO:       6900         13.8000    -117596.5459    -135137.2289      17540.6830         12.6409       1554.1420       3820.4905        479.6127       4509.2403        284.2328       -171.5202       7006.0072    -116763.9530         16.6234         16.6234          0.0000        299.4394          0.0000     -35872.1045         12.7115

INFO:       7000         14.0000    -117593.7448    -135149.6676      17555.9228         12.6703       1514.8114       3841.8382        480.9744       4477.4774        265.6167       -173.9265       7133.3331    -116851.8321         13.7619         13.7619          0.0000        299.6995          0.0000     -35851.7220         14.8392

INFO:       7100         14.2000    -117540.8716    -135203.3958      17662.5243         12.6787       1528.1521       3820.6506        470.9919       4458.9974        270.5253       -202.4186       7255.5819    -116951.7962         13.4457         13.4457          0.0000        301.5193          0.0000     -35867.5260         12.4259

INFO:       7200         14.4000    -117533.1799    -135188.5536      17655.3738         12.6911       1544.6061       3811.5045        476.4352       4447.5549        277.7240       -178.0136       7264.1059    -116982.2621         13.5062         13.5062          0.0000        301.3973          0.0000     -35863.7148         13.1463

INFO:       7300         14.6000    -117527.1630    -135215.6498      17688.4868         12.6040       1519.7599       3792.9723        484.6437       4500.2804        293.7499       -193.6910       7221.3088    -116977.4191         15.3055         15.3055          0.0000        301.9625          0.0000     -35872.5603         16.1487

INFO:       7400         14.8000    -117534.2212    -135072.3389      17538.1177         12.6712       1547.3297       3843.7863        475.9258       4451.2497        260.2756       -175.2543       7174.5755    -116785.9889         16.1463         16.1463          0.0000        299.3956          0.0000     -35880.3846         12.0216

INFO:       7500         15.0000    -117551.4666    -135217.0050      17665.5384         12.6065       1499.3070       3784.6546        471.3632       4464.8091        260.0523       -187.5276       6937.7798    -116612.7816         12.4973         12.4973          0.0000        301.5708          0.0000     -35847.1590         13.9789

INFO:       7600         15.2000    -117569.7096    -135214.8638      17645.1542         12.6519       1507.7195       3803.0068        474.4849       4511.0398        285.1901       -164.6851       7125.3827    -116927.0374         16.7376         16.7376          0.0000        301.2228          0.0000     -35846.7029          9.8730

INFO:       7700         15.4000    -117571.9568    -135056.2339      17484.2771         12.6531       1554.7217       3766.3351        480.4762       4456.9224        276.0014       -172.3235       6859.5150    -116444.1828         14.6599         14.6599          0.0000        298.4764          0.0000     -35848.3592         10.3237

INFO:       7800         15.6000    -117628.0686    -135190.6988      17562.6302         12.6576       1513.5165       3774.6669        467.0541       4499.3390        254.3488       -187.1686       7222.5381    -116864.2245         11.8864         11.8864          0.0000        299.8140          0.0000     -35882.6558         15.6998

INFO:       7900         15.8000    -117643.8353    -135231.7399      17587.9046         12.6602       1538.8602       3790.9094        478.2380       4461.1924        284.2846       -134.5789       7241.7351    -117061.5268         13.1605         13.1605          0.0000        300.2455          0.0000     -35844.0144         14.7781

INFO:       8000         16.0000    -117639.8319    -135204.9747      17565.1427         12.5999       1502.0955       3791.6495        470.1624       4492.6263        290.0672       -175.8875       6930.0205    -116640.8654         12.8100         12.8100          0.0000        299.8569          0.0000     -35877.6532         13.1208

INFO:       8100         16.2000    -117653.3066    -135156.8598      17503.5533         12.7454       1538.8312       3804.5689        475.3333       4494.1292        258.1064       -168.2658       7352.9828    -117038.9762         12.2577         12.2577          0.0000        298.8055          0.0000     -35885.8274         15.1155

INFO:       8200         16.4000    -117603.4555    -135227.6336      17624.1781         12.6343       1501.8467       3811.5840        461.9333       4465.5820        265.7423       -160.3648       7114.2609    -116805.1257         10.6238         10.6238          0.0000        300.8647          0.0000     -35893.7159         15.5063

INFO:       8300         16.6000    -117586.9748    -135164.5911      17577.6163         12.6089       1513.7906       3757.3289        473.0754       4494.4039        263.0680       -176.0689       7005.2742    -116613.1416         12.5576         12.5576          0.0000        300.0698          0.0000     -35894.8792         10.1722

INFO:       8400         16.8000    -117594.7122    -135203.8238      17609.1116         12.6602       1572.0023       3789.9829        460.1694       4519.4945        250.6615       -167.3144       7115.3577    -116876.6219         18.2107         18.2107          0.0000        300.6075          0.0000     -35885.7666         15.5007

INFO:       8500         17.0000    -117613.3951    -135198.1111      17584.7160         12.6195       1481.7986       3818.9469        470.8137       4480.2152        277.9138       -184.3603       6987.9397    -116685.9585         14.4286         14.4286          0.0000        300.1910          0.0000     -35859.8489         15.4490

INFO:       8600         17.2000    -117671.7959    -135220.3414      17548.5455         12.6249       1496.7737       3811.8153        465.8112       4480.8014        267.0837       -174.8092       7174.3630    -116863.5516         10.0236         10.0236          0.0000        299.5736          0.0000     -35888.6527         13.6590

INFO:       8700         17.4000    -117690.5611    -135288.8160      17598.2550         12.6519       1494.6080       3740.5978        479.1894       4462.2942        255.6147       -167.0331       7293.8447    -117017.0079         13.2379         13.2379          0.0000        300.4222          0.0000     -35844.1618         13.9729

INFO:       8800         17.6000    -117672.4996    -135246.4893      17573.9898         12.6515       1518.3368       3800.6002        472.4266       4457.4377        298.4192       -193.1262       7175.3787    -116935.2352          9.0393          9.0393          0.0000        300.0079          0.0000     -35849.7665          7.2609

INFO:       8900         17.8000    -117660.4986    -135233.4711      17572.9725         12.5927       1485.1337       3728.7687        471.2921       4457.0285        273.3006       -190.4718       7132.0156    -116726.3548         12.3935         12.3935          0.0000        299.9906          0.0000     -35876.5771         15.4402

INFO:       9000         18.0000    -117635.4403    -135339.6628      17704.2225         12.6671       1534.0955       3731.9667        479.3924       4506.1567        267.9394       -201.6291       7286.2876    -117126.5004         11.6265         11.6265          0.0000        302.2312          0.0000     -35828.9980         15.8412

INFO:       9100         18.2000    -117643.5753    -135375.1454      17731.5702         12.6696       1542.8512       3702.1772        459.0570       4465.6061        273.8714       -182.3654       7299.1275    -117099.9094          9.7877          9.7877          0.0000        302.6980          0.0000     -35845.3487         16.7879

INFO:       9200         18.4000    -117661.5643    -135080.2459      17418.6817         12.6645       1534.2666       3798.8920        480.3357       4508.5141        279.7558       -170.2977       7321.9589    -117021.4029          9.8519          9.8519          0.0000        297.3567          0.0000     -35822.1205         15.4663

INFO:       9300         18.6000    -117651.1167    -135158.6307      17507.5140         12.6386       1500.7163       3825.6064        449.8506       4446.8011        260.4637       -168.4575       7013.3355    -116653.5726         12.9272         12.9272          0.0000        298.8731          0.0000     -35846.3014         13.0817

INFO:       9400         18.8000    -117616.3424    -135194.2202      17577.8778         12.6368       1553.8266       3766.5074        456.1267       4521.3227        279.2084       -185.8738       7140.7526    -116906.3019         10.8866         10.8866          0.0000        300.0743          0.0000     -35830.6756         10.5311

INFO:       9500         19.0000    -117618.5819    -135094.6112      17476.0293         12.6592       1498.1573       3817.4832        464.5904       4489.1000        256.2252       -160.3881       7431.6931    -117046.9864         11.3024         11.3024          0.0000        298.3356          0.0000     -35855.7883         20.8367

INFO:       9600         19.2000    -117687.8692    -135343.4374      17655.5682         12.6894       1507.5297       3815.1980        461.3645       4479.6156        253.3213       -199.7577       7128.4432    -116962.8295         11.7917         11.7917          0.0000        301.4006          0.0000     -35838.1143         16.1493

INFO:       9700         19.4000    -117641.4927    -135070.6886      17429.1959         12.6984       1500.3972       3849.5916        480.7203       4513.2691        255.1189       -179.8729       7244.3588    -116888.7191         10.3731         10.3731          0.0000        297.5361          0.0000     -35855.9255         10.5793

INFO:       9800         19.6000    -117637.2574    -135222.2042      17584.9467         12.6104       1483.2098       3749.4638        477.8172       4499.7293        261.6659       -181.7566       7181.6389    -116836.8140          7.8106          7.8106          0.0000        300.1950          0.0000     -35864.9691         18.0891

INFO:       9900         19.8000    -117624.8770    -135195.7084      17570.8314         12.6596       1537.1472       3767.7892        475.0090       4507.1210        277.2357       -202.3139       7163.9993    -116876.2042         11.6259         11.6259          0.0000        299.9540          0.0000     -35857.1175         14.5633

INFO:      10000         20.0000    -117619.6683    -135198.8665      17579.1982         12.6435       1540.5805       3785.7005        475.3604       4507.1757        254.2549       -164.1917       7208.9580    -116959.0763          9.9849          9.9849          0.0000        300.0969          0.0000     -35857.6134         15.2023

 
[STEP6] Deallocate Arrays
 
Output_Time> Averaged timer profile (Min, Max)
  total time      =    6354.956
    setup         =       4.687
    dynamics      =    6350.269
      energy      =    6263.822
      integrator  =      23.908
      pairlist    =      63.419 (      60.743,      65.480)
  energy           
    bond          =       0.103 (       0.076,       0.164)
    angle         =       0.542 (       0.464,       0.670)
    dihedral      =       1.043 (       0.906,       1.195)
    nonbond       =     444.523 (     426.521,     458.119)
      pme real    =     444.491 (     426.482,     458.094)
      pme recip   =       0.000 (       0.000,       0.000)
    solvation     =       0.000 (       0.000,       0.000)
      polar       =       0.000 (       0.000,       0.000)
      non-polar   =       0.000 (       0.000,       0.000)
    restraint     =       0.026 (       0.017,       0.054)
    qmmm          =    5725.275 (    5645.828,    5744.012)
  integrator       
    constraint    =      14.865 (      13.785,      18.289)
    update        =       0.000 (       0.000,       0.000)
    comm_coord    =       0.000 (       0.000,       0.000)
    comm_force    =       0.000 (       0.000,       0.000)
    comm_migrate  =       0.000 (       0.000,       0.000)

