****************************************************
*                                                  *
*                  GENESIS ATDYN                   *
*                                                  *
*        A Molecular Dynamics Simulator with       *
*            Atomic Decomposition Scheme           *
*                                                  *
*               Developed by RIKEN                 *
*                                                  *
****************************************************
 
[STEP0] Architecture and Compiler Information
 
GENESIS_Information> GENESIS Information
  version      = 1.5.0
  commit ID    = $GENESIS_VERSION$
  precision    = double
  nonbonding   = CPU

Build_Information> Compiler Information
  build host   = yagi@beluga
  fortran      = ifort (IFORT) 18.0.1 20171018
  option       = -xHost -O3 -ip -mkl=parallel  -assume byterecl -qopenmp 
  C            = icc (ICC) 18.0.1 20171018
  option       = -O3 -ip -axCORE-AVX2  -qopenmp
  defined var. =  -DMPI -DOMP -DFFTE -DLAPACK -DDSFMT_MEXP=19937 -DINTEL
  link option  = 
  -assume byterecl -qopenmp  -lmkl_intel_lp64 -lmkl_sequential -lmkl_core -lmkl_
 lapack95_lp64 

Runtime_Information> Machine and Library Information
  date       = 2020/05/11 23:20:30
  cpu model    = Intel(R) Xeon(R) CPU E5-2667 v4 @ 3.20GHz
  exec. host   = yagi@beluga09
  LD library   = 
 /home/mdsoft/mpi/mpi_cent-v7_intel64/openmpi-v3.1.2_intel_v18.0.1/lib:/opt/inte
 l/compilers_and_libraries_2018.1.163/linux/compiler/lib/intel64_lin:/opt/intel/
 compilers_and_libraries_2018.1.163/linux/mkl/lib/intel64_lin:/opt/intel/compile
 rs_and_libraries_2018.1.163/linux/compiler/lib/intel64:/opt/intel/compilers_and
 _libraries_2018.1.163/linux/compiler/lib/intel64_lin:/opt/intel/compilers_and_l
 ibraries_2018.1.163/linux/mpi/intel64/lib:/opt/intel/compilers_and_libraries_20
 18.1.163/linux/mpi/mic/lib:/opt/intel/compilers_and_libraries_2018.1.163/linux/
 ipp/lib/intel64:/opt/intel/compilers_and_libraries_2018.1.163/linux/compiler/li
 b/intel64_lin:/opt/intel/compilers_and_libraries_2018.1.163/linux/mkl/lib/intel
 64_lin:/opt/intel/compilers_and_libraries_2018.1.163/linux/tbb/lib/intel64/gcc4
 .7:/opt/intel/compilers_and_libraries_2018.1.163/linux/tbb/lib/intel64/gcc4.7:/
 opt/intel/compilers_and_libraries_2018.1.163/linux/daal/lib/intel64_lin:/home/m
 dsoft/mpi/mpi_cent-v7_intel64/openmpi-v3.1.2_intel_v18.0.1/lib:/opt/intel/compi
 lers_and_libraries_2018.1.163/linux/compiler/lib/intel64_lin:/opt/intel/compile
 rs_and_libraries_2018.1.163/linux/mkl/lib/intel64_lin:/opt/intel/compilers_and_
 libraries_2018.1.163/linux/compiler/lib/intel64:/opt/intel/compilers_and_librar
 ies_2018.1.163/linux/compiler/lib/intel64_lin:/opt/intel/compilers_and_librarie
 s_2018.1.163/linux/mpi/intel64/lib:/opt/intel/compilers_and_libraries_2018.1.16
 3/linux/mpi/mic/lib:/opt/intel/compilers_and_libraries_2018.1.163/linux/ipp/li

[STEP1] Read Control Parameters
 
Read_Ctrl_Input> Input Files
  topfile = toppar/top_all36_prot.rtf, toppar/top_all36_cgenff.rtf
  parfile = toppar/par_all36_prot.prm, toppar/par_all36_cgenff.prm
  strfile = toppar/toppar_water_ions.str, toppar/toppar_dhap.3.str
  psffile = step4_nvt_100.psf
  pdbfile = step4_nvt_100.pdb
  reffile = step4_nvt_100.pdb
 
Read_Ctrl_Output> Output Files
  dcdfile    = step4.1_nvt.dcd
  rstfile    = step4.1_nvt.rst
 
Read_Ctrl_Energy> Parameters of Energy Calculations
  forcefield      =     CHARMM
  switchdist      =     16.000  cutoffdist      =     18.000
  pairlistdist    =     19.500  dielec_const    =      1.000
  vdW force_switch=        yes
  electrostatic   =  CUTOFF
  implicit_solvent=       none
  table_order     =          3
  table_density   =     20.000
  water_model     =       NONE
  output_style    =    GENESIS
  dispersion_corr =       none
  nonb_limiter    =      no
 
Read_Ctrl_Dynamics> Parameters of MD simulation
  integrator      =       VVER  nsteps          =      50000
  timestep        =     0.0020  initial_time    =     0.0000
  eneout_period   =        500  rstout_period   =        500
  crdout_period   =        500  velout_period   =          0
  nbupdate_period =         10  stoptr_period   =         10
  iseed           =   20190319
  annealing       =         no
  verbose         =         no
  target_md       =         no
  steered_md      =         no
  esp_mm          =         no
 
Read_Ctrl_Constraints> Parameters for Constraints
  rigid_bond      =        yes
  shake_iteration =        500  shake_tolerance =  0.100E-09
  fast_water      =        yes  water_model     =       TIP3
  hydrogen_type   =  name|mass
  noshake_index   =       none
  fixatm_select_index        =       none
 
Read_Ctrl_Ensemble> Parameters for Ensemble
  ensemble        =        NVT
  temperature     =    300.000
  tpcontrol       =      BUSSI
  tau_t           =      5.000
 
Read_Ctrl_Boundary> Parameters of Boundary Condition
  type            =       NOBC
  spherical_pot   =        yes  restart         =          T
  center_info     =    control  nfunctions      =          2
  constant        =     10.000  exponent        =          2
  fixatom         =          T  fix_layer       =      1.000
 
Read_Ctrl_Selection> Parameters of Selection
  # of groups     =          4
    group 1 = (sid:TIMA or sid:TIMB) and (an:CA | an:C | an:O | an:N)
    group 2 = (sid:DHA or sid:DHA around_res:3.0) and not hydrogen
    group 3 = (sid:TIMA or sid:TIMB) and not (an:CA | an:C | an:O | an:N) and not hydrogen
    group 4 = sid:WAT and an:OH2
  # of mole names =          0
 
Read_Ctrl_Restraints> Parameters of Restraint
  numfunc         =   4
  function1 = POSI     
    direction     = ALL 
    constant      = 10.0
    reference     = 
    select_index  = 1
    mode          =   0
    exponent      =   2
    exponent_dist = 
    weight_dist   = 

  function2 = POSI     
    direction     = ALL 
    constant      = 2.0
    reference     = 
    select_index  = 2
    mode          =   0
    exponent      =   2
    exponent_dist = 
    weight_dist   = 

  function3 = POSI     
    direction     = ALL 
    constant      = 2.0
    reference     = 
    select_index  = 3
    mode          =   0
    exponent      =   2
    exponent_dist = 
    weight_dist   = 

  function4 = POSI     
    direction     = ALL 
    constant      = 2.0
    reference     = 
    select_index  = 4
    mode          =   0
    exponent      =   2
    exponent_dist = 
    weight_dist   = 

  pressure_position   = NO
  pressure_rmsd     = NO

Read_Ctrl_Fitting_MD> Parameters of Fitting
  fitting method  =  TR+ROT   
  fitting atom    = group1
  mass_weight     =         no
 
[STEP2] Setup MPI
 
Setup_Mpi_Md> Summary of Setup MPI
  number of MPI processes   =         16
  number of OpenMP threads  =          4
  total number of CPU cores =         64

[STEP3] Set Relevant Variables and Structures
 
Input_Top> Summary of Topfile
  num_atom_class  =        212  num_resi_type   =        685
 
Input_Par> Summary of Parfile
  num_bonds       =        658  num_angles      =       2003
  num_dihedrals   =       4838  num_impropers   =        163
  num_atom_cls    =        212  num_nbfix       =         75
  num_cmap_terms  =          6
 
 Merge_Par> WARNING: BOND: Multiple definition: "CG321"-"OG311"
Input_Str> Summary of Top information
  num_atom_class  =        227  num_resi_type   =        700
 
Input_Str> Summary of Par information
  num_bonds       =        663  num_angles      =       2006
  num_dihedrals   =       4850  num_impropers   =        163
  num_atom_cls    =        227  num_nbfix       =         90
  num_cmap_terms  =          6
 
Read_Psf> Summary of Psffile
  psftype         =      xplor
  num_atoms       =      37226  num_bonds       =      37288
  num_angles      =      23768  num_dihedrals   =      20268
  num_impropers   =       1292  num_cmap_terms  =        494
  num_HB_donors   =      20596  num_HB_acceptors=      10610
  num_NB_exclusion=          0  num_groups      =      12168
  total_charge    =    -10.000
 
Check_Pdb> 6-column residue sequence number
 
Read_Pdb> Summary of Data in PDB file
  num_atoms       =      37226
 
Check_Pdb> 6-column residue sequence number
 
Read_Pdb> Summary of Data in PDB file
  num_atoms       =      37226
 
Define_Molecule> Summary of molecules
  num_atoms       =      37226  num_bonds       =      37288
  num_angles      =      23768  num_dihedrals   =      20268
  num_impropers   =       1292  num_cmap_terms  =        494
  num_residues    =      10370  num_molecules   =       9878
  num_segments    =          6  num_deg_freedom =     111678
  total_charge    =    -10.000
 
Setup_Boundary> Setup Variables for Boundary Condition
  origin(x,y,z)   =      0.000     0.000     0.000
  nfunctions      =        2
    center(x,y,z) =     17.000     0.000     0.000
    radius        =     35.000
    constant      =     10.000
    exponent      =          2
    center(x,y,z) =    -17.000     0.000     0.000
    radius        =     35.000
    constant      =     10.000
    exponent      =          2
 
  num_fixatm      =     9645
 
 
Random_Init> Initialize the random number
  seed            = 20190319

Select_Contacts> mode        : Resi
                 sel atoms A :      15
                 sel atoms B :   37211
                 distance    :    3.00
                contact atom list :     160
 
Setup_Enefunc_Cmap_Par> Natural spline is used to derive cmap coefs.

Setup_Enefunc_Table> Setup Variables for LookupTable
  num_solutes     =      37226  num_waters      =          0

Setup_Enefunc_Restraint> Setup restraint groups
 group =     1, "(sid:TIMA or sid:TIMB) and (an:CA | an:C | an:O | an:N)"
 # of atoms =  1976
 atomlist: 
      7      9     15     16     17     19     39     40     41     43
     53     54     55     57     73     74     75     77     93     94
     95     97    109    110    111    113    116    117    118    120
    123    124    125    127    137    138    139    141    157    158
    159    161    179    180    181    183    198    199    200    202
    212    213    214    216    219    220    221    223    230    231
    232    234    252    253    254    256    269    270    271    273
    280    281    282    284    299    300    301    303    321    322
    323    325    336    337    338    340    355    356    357    359
    371    372    373    375    386    387    388    390    410    411
    412    414    429    430    431    433    443    444    445    447
    457    458    459    461    467    468    469    471    478    479
    480    482    497    498    499    503    511    512    513    515
    526    527    528    530    540    541    542    544    556    557
    558    560    571    572    573    575    587    588    589    591
    603    604    605    607    622    623    624    626    633    634
    635    639    647    648    649    653    661    662    663    665
    671    672    673    675    685    686    687    689    706    707
    708    710    725    726    727    729    737    738    739    741
    758    759    760    762    769    770    771    773    785    786
    787    789    796    797    798    800    815    816    817    819
    831    832    833    835    853    854    855    857    875    876
    877    881    889    890    891    893    906    907    908    910
    922    923    924    926    936    937    938    940    952    953
    954    956    959    960    961    963    969    970    971    973
    986    987    988    990   1000   1001   1002   1004   1010   1011
   1012   1014   1031   1032   1033   1035   1050   1051   1052   1054
   1072   1073   1074   1076   1082   1083   1084   1086   1093   1094
   1095   1097   1100   1101   1102   1104   1110   1111   1112   1114
   1130   1131   1132   1134   1144   1145   1146   1148   1151   1152
   1153   1155   1166   1167   1168   1170   1180   1181   1182   1184
   1191   1192   1193   1195   1207   1208   1209   1211   1219   1220
   1221   1223   1236   1237   1238   1240   1255   1256   1257   1259
   1277   1278   1279   1281   1289   1290   1291   1293   1305   1306
   1307   1309   1312   1313   1314   1316   1322   1323   1324   1326
   1344   1345   1346   1348   1368   1369   1370   1372   1384   1385
   1386   1388   1403   1404   1405   1407   1422   1423   1424   1426
   1429   1430   1431   1433   1446   1447   1448   1450   1457   1458
   1459   1461   1472   1473   1474   1476   1496   1497   1498   1500
   1520   1521   1522   1524   1531   1532   1533   1535   1552   1553
   1554   1556   1572   1573   1574   1576   1589   1590   1591   1593
   1604   1605   1606   1608   1616   1617   1618   1620   1628   1629
   1630   1632   1650   1651   1652   1654   1670   1671   1672   1674
   1689   1690   1691   1693   1699   1700   1701   1703   1711   1712
   1713   1715   1733   1734   1735   1737   1747   1748   1749   1751
   1769   1770   1771   1773   1789   1790   1791   1793   1799   1800
   1801   1803   1818   1819   1820   1822   1825   1826   1827   1829
   1842   1843   1844   1846   1849   1850   1851   1853   1865   1866
   1867   1869   1872   1873   1874   1876   1888   1889   1890   1892
   1907   1908   1909   1911   1926   1927   1928   1930   1937   1938
   1939   1941   1956   1957   1958   1960   1963   1964   1965   1967
   1978   1979   1980   1982   1992   1993   1994   1996   2011   2012
   2013   2015   2026   2027   2028   2030   2041   2042   2043   2045
   2063   2064   2065   2067   2085   2086   2087   2089   2095   2096
   2097   2099   2102   2103   2104   2106   2124   2125   2126   2128
   2138   2139   2140   2142   2157   2158   2159   2161   2169   2170
   2171   2173   2185   2186   2187   2189   2201   2202   2203   2205
   2216   2217   2218   2220   2240   2241   2242   2244   2257   2258
   2259   2261   2276   2277   2278   2280   2290   2291   2292   2294
   2300   2301   2302   2304   2316   2317   2318   2320   2335   2336
   2337   2339   2350   2351   2352   2354   2365   2366   2367   2369
   2381   2382   2383   2385   2403   2404   2405   2407   2415   2416
   2417   2419   2439   2440   2441   2443   2453   2454   2455   2457
   2467   2468   2469   2471   2483   2484   2485   2487   2499   2500
   2501   2503   2515   2516   2517   2519   2525   2526   2527   2529
   2546   2547   2548   2550   2561   2562   2563   2567   2575   2576
   2577   2579   2591   2592   2593   2595   2615   2616   2617   2619
   2625   2626   2627   2629   2644   2645   2646   2648   2651   2652
   2653   2655   2665   2666   2667   2669   2672   2673   2674   2676
   2691   2692   2693   2695   2701   2702   2703   2705   2711   2712
   2713   2715   2725   2726   2727   2731   2739   2740   2741   2743
   2754   2755   2756   2758   2766   2767   2768   2770   2776   2777
   2778   2780   2793   2794   2795   2797   2805   2806   2807   2809
   2824   2825   2826   2828   2841   2842   2843   2845   2851   2852
   2853   2855   2862   2863   2864   2866   2881   2882   2883   2885
   2905   2906   2907   2909   2927   2928   2929   2931   2947   2948
   2949   2951   2966   2967   2968   2970   2976   2977   2978   2980
   2987   2988   2989   2991   3009   3010   3011   3013   3028   3029
   3030   3032   3035   3036   3037   3039   3047   3048   3049   3051
   3069   3070   3071   3073   3079   3080   3081   3083   3089   3090
   3091   3093   3100   3101   3102   3104   3115   3116   3117   3119
   3134   3135   3136   3138   3158   3159   3160   3162   3177   3178
   3179   3181   3196   3197   3198   3200   3217   3218   3219   3221
   3224   3225   3226   3228   3231   3232   3233   3235   3242   3243
   3244   3246   3252   3253   3254   3256   3266   3267   3268   3270
   3273   3274   3275   3277   3284   3285   3286   3288   3298   3299
   3300   3302   3308   3309   3310   3312   3324   3325   3326   3328
   3338   3339   3340   3342   3358   3359   3360   3362   3380   3381
   3382   3384   3392   3393   3394   3396   3414   3415   3416   3418
   3424   3425   3426   3428   3436   3437   3438   3440   3452   3453
   3454   3456   3464   3465   3466   3468   3471   3472   3473   3475
   3491   3492   3493   3495   3510   3511   3512   3514   3526   3527
   3528   3530   3533   3534   3535   3537   3540   3541   3542   3544
   3550   3551   3552   3554   3561   3562   3563   3565   3580   3581
   3582   3584   3602   3603   3604   3608   3616   3617   3618   3620
   3631   3632   3633   3635   3651   3652   3653   3655   3667   3668
   3669   3671   3679   3680   3681   3683   3698   3699   3700   3702
   3717   3718   3719   3721   3731   3732   3733   3735   3742   3743
   3744   3746   3766   3767   3768   3770   3780   3781   3794   3796
   3802   3803   3804   3806   3826   3827   3828   3830   3840   3841
   3842   3844   3860   3861   3862   3864   3880   3881   3882   3884
   3896   3897   3898   3900   3903   3904   3905   3907   3910   3911
   3912   3914   3924   3925   3926   3928   3944   3945   3946   3948
   3966   3967   3968   3970   3985   3986   3987   3989   3999   4000
   4001   4003   4006   4007   4008   4010   4017   4018   4019   4021
   4039   4040   4041   4043   4056   4057   4058   4060   4067   4068
   4069   4071   4086   4087   4088   4090   4108   4109   4110   4112
   4123   4124   4125   4127   4142   4143   4144   4146   4158   4159
   4160   4162   4173   4174   4175   4177   4197   4198   4199   4201
   4216   4217   4218   4220   4230   4231   4232   4234   4244   4245
   4246   4248   4254   4255   4256   4258   4265   4266   4267   4269
   4284   4285   4286   4290   4298   4299   4300   4302   4313   4314
   4315   4317   4327   4328   4329   4331   4343   4344   4345   4347
   4358   4359   4360   4362   4374   4375   4376   4378   4390   4391
   4392   4394   4409   4410   4411   4413   4420   4421   4422   4426
   4434   4435   4436   4440   4448   4449   4450   4452   4458   4459
   4460   4462   4472   4473   4474   4476   4493   4494   4495   4497
   4512   4513   4514   4516   4524   4525   4526   4528   4545   4546
   4547   4549   4556   4557   4558   4560   4572   4573   4574   4576
   4583   4584   4585   4587   4602   4603   4604   4606   4618   4619
   4620   4622   4640   4641   4642   4644   4662   4663   4664   4668
   4676   4677   4678   4680   4693   4694   4695   4697   4709   4710
   4711   4713   4723   4724   4725   4727   4739   4740   4741   4743
   4746   4747   4748   4750   4756   4757   4758   4760   4773   4774
   4775   4777   4787   4788   4789   4791   4797   4798   4799   4801
   4818   4819   4820   4822   4837   4838   4839   4841   4859   4860
   4861   4863   4869   4870   4871   4873   4880   4881   4882   4884
   4887   4888   4889   4891   4897   4898   4899   4901   4917   4918
   4919   4921   4931   4932   4933   4935   4938   4939   4940   4942
   4953   4954   4955   4957   4967   4968   4969   4971   4978   4979
   4980   4982   4994   4995   4996   4998   5006   5007   5008   5010
   5023   5024   5025   5027   5042   5043   5044   5046   5064   5065
   5066   5068   5076   5077   5078   5080   5092   5093   5094   5096
   5099   5100   5101   5103   5109   5110   5111   5113   5131   5132
   5133   5135   5155   5156   5157   5159   5171   5172   5173   5175
   5190   5191   5192   5194   5209   5210   5211   5213   5216   5217
   5218   5220   5233   5234   5235   5237   5244   5245   5246   5248
   5259   5260   5261   5263   5283   5284   5285   5287   5307   5308
   5309   5311   5318   5319   5320   5322   5339   5340   5341   5343
   5359   5360   5361   5363   5376   5377   5378   5380   5391   5392
   5393   5395   5403   5404   5405   5407   5415   5416   5417   5419
   5437   5438   5439   5441   5457   5458   5459   5461   5476   5477
   5478   5480   5486   5487   5488   5490   5498   5499   5500   5502
   5520   5521   5522   5524   5534   5535   5536   5538   5556   5557
   5558   5560   5576   5577   5578   5580   5586   5587   5588   5590
   5605   5606   5607   5609   5612   5613   5614   5616   5629   5630
   5631   5633   5636   5637   5638   5640   5652   5653   5654   5656
   5659   5660   5661   5663   5675   5676   5677   5679   5694   5695
   5696   5698   5713   5714   5715   5717   5724   5725   5726   5728
   5743   5744   5745   5747   5750   5751   5752   5754   5765   5766
   5767   5769   5779   5780   5781   5783   5798   5799   5800   5802
   5813   5814   5815   5817   5828   5829   5830   5832   5850   5851
   5852   5854   5872   5873   5874   5876   5882   5883   5884   5886
   5889   5890   5891   5893   5911   5912   5913   5915   5925   5926
   5927   5929   5944   5945   5946   5948   5956   5957   5958   5960
   5972   5973   5974   5976   5988   5989   5990   5992   6003   6004
   6005   6007   6027   6028   6029   6031   6044   6045   6046   6048
   6063   6064   6065   6067   6077   6078   6079   6081   6087   6088
   6089   6091   6103   6104   6105   6107   6122   6123   6124   6126
   6137   6138   6139   6141   6152   6153   6154   6156   6168   6169
   6170   6172   6190   6191   6192   6194   6202   6203   6204   6206
   6226   6227   6228   6230   6240   6241   6242   6244   6254   6255
   6256   6258   6270   6271   6272   6274   6286   6287   6288   6290
   6302   6303   6304   6306   6312   6313   6314   6316   6333   6334
   6335   6337   6348   6349   6350   6354   6362   6363   6364   6366
   6378   6379   6380   6382   6402   6403   6404   6406   6412   6413
   6414   6416   6431   6432   6433   6435   6438   6439   6440   6442
   6452   6453   6454   6456   6459   6460   6461   6463   6478   6479
   6480   6482   6488   6489   6490   6492   6498   6499   6500   6502
   6512   6513   6514   6518   6526   6527   6528   6530   6541   6542
   6543   6545   6553   6554   6555   6557   6563   6564   6565   6567
   6580   6581   6582   6584   6592   6593   6594   6596   6611   6612
   6613   6615   6628   6629   6630   6632   6638   6639   6640   6642
   6649   6650   6651   6653   6668   6669   6670   6672   6692   6693
   6694   6696   6714   6715   6716   6718   6734   6735   6736   6738
   6753   6754   6755   6757   6763   6764   6765   6767   6774   6775
   6776   6778   6796   6797   6798   6800   6815   6816   6817   6819
   6822   6823   6824   6826   6834   6835   6836   6838   6856   6857
   6858   6860   6866   6867   6868   6870   6876   6877   6878   6880
   6887   6888   6889   6891   6902   6903   6904   6906   6921   6922
   6923   6925   6945   6946   6947   6949   6964   6965   6966   6968
   6983   6984   6985   6987   7004   7005   7006   7008   7011   7012
   7013   7015   7018   7019   7020   7022   7029   7030   7031   7033
   7039   7040   7041   7043   7053   7054   7055   7057   7060   7061
   7062   7064   7071   7072   7073   7075   7085   7086   7087   7089
   7095   7096   7097   7099   7111   7112   7113   7115   7125   7126
   7127   7129   7145   7146   7147   7149   7167   7168   7169   7171
   7179   7180   7181   7183   7201   7202   7203   7205   7211   7212
   7213   7215   7223   7224   7225   7227   7239   7240   7241   7243
   7251   7252   7253   7255   7258   7259   7260   7262   7278   7279
   7280   7282   7297   7298   7299   7301   7313   7314   7315   7317
   7320   7321   7322   7324   7327   7328   7329   7331   7337   7338
   7339   7341   7348   7349   7350   7352   7367   7368   7369   7371
   7389   7390   7391   7395   7403   7404   7405   7407   7418   7419
   7420   7422   7438   7439   7440   7442   7454   7455   7456   7458
   7466   7467   7468   7470   7485   7486   7487   7489   7504   7505
   7506   7508   7518   7519   7520   7522   7529   7530   7531   7533
   7553   7554   7555   7557   7567   7568
 group =     2, "(sid:DHA or sid:DHA around_res:3.0) and not hydrogen"
 # of atoms =    89
 atomlist: 
    125    127    129    132    133    134    137    138    159    161
    163    166    169    172    175    179    180   1431   1433   1435
   1438   1439   1440   1442   1444   1446   1447   2548   2550   2552
   2555   2558   2559   2560   2561   2562   2627   2629   2631   2633
   2637   2640   2644   2645   2646   2648   2651   2652   3226   3228
   3231   3232   3233   3235   3237   3240   3242   3243   3493   3495
   3497   3500   3502   3506   3510   3511   3528   3530   3533   3534
   3535   3537   3540   3541   7575   7576   7577   7578   7579   7580
   7583   7584   7585   7586   7629   7632   7635   7638   8019
 group =     3, "(sid:TIMA or sid:TIMB) and not (an:CA | an:C | an:O | an:N) and not hydrogen"
 # of atoms =  1798
 atomlist: 
      1      5      6     11     21     24     27     30     32     33
     36     45     47     49     59     62     63     65     67     69
     71     79     82     83     85     87     89     91     99    101
    105    129    132    133    134    143    146    147    149    151
    153    155    163    166    169    172    175    185    188    190
    194    204    207    208    209    225    228    236    239    242
    245    248    258    261    264    265    266    275    278    286
    288    292    295    305    308    311    314    317    327    330
    333    334    335    342    344    348    351    361    363    367
    377    380    383    384    385    392    395    398    401    403
    404    407    416    419    421    425    435    438    439    440
    449    451    453    463    473    476    484    486    490    493
    500    505    508    517    520    523    524    525    532    535
    536    537    546    548    552    562    565    568    569    570
    577    579    583    593    595    599    609    611    615    618
    628    631    636    641    644    650    655    658    667    677
    679    681    691    694    695    697    699    700    702    704
    712    715    717    721    731    734    735    736    743    746
    747    749    751    752    754    756    764    767    775    777
    781    791    794    802    805    807    811    821    823    827
    837    840    843    846    849    859    862    865    868    871
    878    883    886    895    898    901    902    903    912    914
    918    928    930    932    942    944    948    965    975    978
    981    982    983    992    995    996    997   1006   1016   1019
   1020   1022   1024   1025   1027   1029   1037   1040   1042   1046
   1056   1059   1062   1065   1068   1078   1088   1091   1106   1116
   1119   1120   1122   1124   1126   1128   1136   1138   1140   1157
   1160   1163   1164   1165   1172   1175   1176   1177   1186   1189
   1197   1199   1203   1213   1216   1217   1218   1225   1228   1231
   1232   1233   1242   1244   1248   1251   1261   1264   1267   1270
   1273   1283   1286   1287   1288   1295   1297   1301   1318   1328
   1331   1334   1337   1340   1350   1353   1354   1356   1358   1359
   1360   1362   1364   1366   1374   1376   1380   1390   1392   1396
   1399   1409   1412   1414   1418   1435   1438   1439   1440   1442
   1444   1452   1455   1463   1466   1469   1470   1471   1478   1481
   1484   1487   1489   1490   1493   1502   1505   1508   1511   1513
   1514   1517   1526   1529   1537   1540   1541   1543   1545   1546
   1548   1550   1558   1561   1562   1564   1566   1568   1570   1578
   1581   1583   1584   1586   1587   1595   1598   1601   1602   1603
   1610   1613   1614   1615   1622   1625   1626   1627   1634   1637
   1640   1643   1646   1656   1659   1660   1662   1664   1666   1668
   1676   1678   1682   1685   1695   1705   1708   1709   1710   1717
   1720   1723   1726   1729   1739   1741   1743   1753   1756   1759
   1762   1765   1775   1778   1779   1781   1783   1785   1787   1795
   1805   1808   1810   1814   1831   1834   1837   1838   1839   1855
   1857   1861   1878   1880   1884   1894   1896   1900   1903   1913
   1916   1918   1922   1932   1935   1943   1945   1949   1952   1969
   1972   1975   1976   1977   1984   1986   1988   1998   2001   2003
   2007   2017   2020   2023   2024   2025   2032   2035   2038   2039
   2040   2047   2050   2053   2056   2059   2069   2072   2075   2078
   2081   2091   2108   2111   2114   2117   2120   2130   2132   2134
   2144   2147   2149   2153   2163   2166   2167   2168   2175   2177
   2181   2191   2193   2197   2207   2210   2213   2214   2215   2222
   2225   2228   2231   2233   2234   2237   2246   2249   2252   2253
   2254   2263   2266   2268   2272   2282   2285   2286   2287   2296
   2306   2308   2312   2322   2325   2327   2331   2341   2344   2347
   2348   2349   2356   2359   2362   2363   2364   2371   2373   2377
   2387   2390   2393   2396   2399   2409   2412   2413   2414   2421
   2424   2425   2427   2429   2430   2431   2433   2435   2437   2445
   2447   2449   2459   2462   2463   2464   2473   2475   2479   2489
   2491   2495   2505   2507   2511   2521   2531   2534   2535   2537
   2539   2540   2542   2544   2552   2555   2558   2559   2560   2564
   2569   2572   2581   2583   2587   2597   2600   2601   2603   2605
   2606   2607   2609   2611   2613   2621   2631   2633   2637   2640
   2657   2659   2661   2678   2681   2683   2687   2697   2707   2717
   2719   2721   2728   2733   2736   2745   2748   2751   2752   2753
   2760   2763   2764   2765   2772   2782   2785   2788   2789   2790
   2799   2802   2803   2804   2811   2813   2817   2820   2830   2833
   2835   2836   2838   2839   2847   2857   2860   2868   2870   2874
   2877   2887   2890   2893   2896   2898   2899   2902   2911   2914
   2917   2920   2923   2933   2936   2937   2939   2941   2943   2945
   2953   2956   2958   2962   2972   2982   2985   2993   2996   2999
   3002   3005   3015   3018   3020   3024   3041   3044   3045   3046
   3053   3056   3059   3062   3065   3075   3085   3095   3098   3106
   3109   3112   3113   3114   3121   3124   3126   3130   3140   3143
   3146   3149   3151   3152   3155   3164   3166   3170   3173   3183
   3186   3188   3192   3202   3205   3206   3208   3210   3211   3213
   3215   3237   3240   3248   3258   3261   3262   3263   3279   3282
   3290   3293   3294   3295   3304   3314   3316   3320   3330   3332
   3334   3344   3347   3348   3350   3352   3354   3356   3364   3367
   3370   3373   3376   3386   3389   3390   3391   3398   3401   3404
   3407   3410   3420   3430   3433   3434   3435   3442   3444   3448
   3458   3461   3462   3463   3477   3480   3481   3483   3485   3487
   3489   3497   3500   3502   3506   3516   3518   3522   3546   3556
   3559   3567   3570   3572   3576   3586   3589   3592   3595   3598
   3605   3610   3613   3622   3625   3628   3629   3630   3637   3640
   3641   3643   3645   3647   3649   3657   3659   3663   3673   3676
   3677   3678   3685   3687   3691   3694   3704   3706   3710   3713
   3723   3726   3727   3728   3737   3740   3748   3751   3754   3757
   3759   3760   3763   3772   3775   3776   3777   3782   3784   3788
   3792   3793   3798   3808   3811   3814   3817   3819   3820   3823
   3832   3834   3836   3846   3849   3850   3852   3854   3856   3858
   3866   3869   3870   3872   3874   3876   3878   3886   3888   3892
   3916   3919   3920   3921   3930   3933   3934   3936   3938   3940
   3942   3950   3953   3956   3959   3962   3972   3975   3977   3981
   3991   3994   3995   3996   4012   4015   4023   4026   4029   4032
   4035   4045   4048   4051   4052   4053   4062   4065   4073   4075
   4079   4082   4092   4095   4098   4101   4104   4114   4117   4120
   4121   4122   4129   4131   4135   4138   4148   4150   4154   4164
   4167   4170   4171   4172   4179   4182   4185   4188   4190   4191
   4194   4203   4206   4208   4212   4222   4225   4226   4227   4236
   4238   4240   4250   4260   4263   4271   4273   4277   4280   4287
   4292   4295   4304   4307   4310   4311   4312   4319   4322   4323
   4324   4333   4335   4339   4349   4352   4355   4356   4357   4364
   4366   4370   4380   4382   4386   4396   4398   4402   4405   4415
   4418   4423   4428   4431   4437   4442   4445   4454   4464   4466
   4468   4478   4481   4482   4484   4486   4487   4489   4491   4499
   4502   4504   4508   4518   4521   4522   4523   4530   4533   4534
   4536   4538   4539   4541   4543   4551   4554   4562   4564   4568
   4578   4581   4589   4592   4594   4598   4608   4610   4614   4624
   4627   4630   4633   4636   4646   4649   4652   4655   4658   4665
   4670   4673   4682   4685   4688   4689   4690   4699   4701   4705
   4715   4717   4719   4729   4731   4735   4752   4762   4765   4768
   4769   4770   4779   4782   4783   4784   4793   4803   4806   4807
   4809   4811   4812   4814   4816   4824   4827   4829   4833   4843
   4846   4849   4852   4855   4865   4875   4878   4893   4903   4906
   4907   4909   4911   4913   4915   4923   4925   4927   4944   4947
   4950   4951   4952   4959   4962   4963   4964   4973   4976   4984
   4986   4990   5000   5003   5004   5005   5012   5015   5018   5019
   5020   5029   5031   5035   5038   5048   5051   5054   5057   5060
   5070   5073   5074   5075   5082   5084   5088   5105   5115   5118
   5121   5124   5127   5137   5140   5141   5143   5145   5146   5147
   5149   5151   5153   5161   5163   5167   5177   5179   5183   5186
   5196   5199   5201   5205   5222   5225   5226   5227   5229   5231
   5239   5242   5250   5253   5256   5257   5258   5265   5268   5271
   5274   5276   5277   5280   5289   5292   5295   5298   5300   5301
   5304   5313   5316   5324   5327   5328   5330   5332   5333   5335
   5337   5345   5348   5349   5351   5353   5355   5357   5365   5368
   5370   5371   5373   5374   5382   5385   5388   5389   5390   5397
   5400   5401   5402   5409   5412   5413   5414   5421   5424   5427
   5430   5433   5443   5446   5447   5449   5451   5453   5455   5463
   5465   5469   5472   5482   5492   5495   5496   5497   5504   5507
   5510   5513   5516   5526   5528   5530   5540   5543   5546   5549
   5552   5562   5565   5566   5568   5570   5572   5574   5582   5592
   5595   5597   5601   5618   5621   5624   5625   5626   5642   5644
   5648   5665   5667   5671   5681   5683   5687   5690   5700   5703
   5705   5709   5719   5722   5730   5732   5736   5739   5756   5759
   5762   5763   5764   5771   5773   5775   5785   5788   5790   5794
   5804   5807   5810   5811   5812   5819   5822   5825   5826   5827
   5834   5837   5840   5843   5846   5856   5859   5862   5865   5868
   5878   5895   5898   5901   5904   5907   5917   5919   5921   5931
   5934   5936   5940   5950   5953   5954   5955   5962   5964   5968
   5978   5980   5984   5994   5997   6000   6001   6002   6009   6012
   6015   6018   6020   6021   6024   6033   6036   6039   6040   6041
   6050   6053   6055   6059   6069   6072   6073   6074   6083   6093
   6095   6099   6109   6112   6114   6118   6128   6131   6134   6135
   6136   6143   6146   6149   6150   6151   6158   6160   6164   6174
   6177   6180   6183   6186   6196   6199   6200   6201   6208   6211
   6212   6214   6216   6217   6218   6220   6222   6224   6232   6234
   6236   6246   6249   6250   6251   6260   6262   6266   6276   6278
   6282   6292   6294   6298   6308   6318   6321   6322   6324   6326
   6327   6329   6331   6339   6342   6345   6346   6347   6351   6356
   6359   6368   6370   6374   6384   6387   6388   6390   6392   6393
   6394   6396   6398   6400   6408   6418   6420   6424   6427   6444
   6446   6448   6465   6468   6470   6474   6484   6494   6504   6506
   6508   6515   6520   6523   6532   6535   6538   6539   6540   6547
   6550   6551   6552   6559   6569   6572   6575   6576   6577   6586
   6589   6590   6591   6598   6600   6604   6607   6617   6620   6622
   6623   6625   6626   6634   6644   6647   6655   6657   6661   6664
   6674   6677   6680   6683   6685   6686   6689   6698   6701   6704
   6707   6710   6720   6723   6724   6726   6728   6730   6732   6740
   6743   6745   6749   6759   6769   6772   6780   6783   6786   6789
   6792   6802   6805   6807   6811   6828   6831   6832   6833   6840
   6843   6846   6849   6852   6862   6872   6882   6885   6893   6896
   6899   6900   6901   6908   6911   6913   6917   6927   6930   6933
   6936   6938   6939   6942   6951   6953   6957   6960   6970   6973
   6975   6979   6989   6992   6993   6995   6997   6998   7000   7002
   7024   7027   7035   7045   7048   7049   7050   7066   7069   7077
   7080   7081   7082   7091   7101   7103   7107   7117   7119   7121
   7131   7134   7135   7137   7139   7141   7143   7151   7154   7157
   7160   7163   7173   7176   7177   7178   7185   7188   7191   7194
   7197   7207   7217   7220   7221   7222   7229   7231   7235   7245
   7248   7249   7250   7264   7267   7268   7270   7272   7274   7276
   7284   7287   7289   7293   7303   7305   7309   7333   7343   7346
   7354   7357   7359   7363   7373   7376   7379   7382   7385   7392
   7397   7400   7409   7412   7415   7416   7417   7424   7427   7428
   7430   7432   7434   7436   7444   7446   7450   7460   7463   7464
   7465   7472   7474   7478   7481   7491   7493   7497   7500   7510
   7513   7514   7515   7524   7527   7535   7538   7541   7544   7546
   7547   7550   7559   7562   7563   7564   7569   7571
 group =     4, "sid:WAT and an:OH2"
 # of atoms =   251
 atomlist: 
   7605   7608   7611   7614   7617   7620   7623   7626   7629   7632
   7635   7638   7641   7644   7647   7650   7653   7656   7659   7662
   7665   7668   7671   7674   7677   7680   7683   7686   7689   7692
   7695   7698   7701   7704   7707   7710   7713   7716   7719   7722
   7725   7728   7731   7734   7737   7740   7743   7746   7749   7752
   7755   7758   7761   7764   7767   7770   7773   7776   7779   7782
   7785   7788   7791   7794   7797   7800   7803   7806   7809   7812
   7815   7818   7821   7824   7827   7830   7833   7836   7839   7842
   7845   7848   7851   7854   7857   7860   7863   7866   7869   7872
   7875   7878   7881   7884   7887   7890   7893   7896   7899   7902
   7905   7908   7911   7914   7917   7920   7923   7926   7929   7932
   7935   7938   7941   7944   7947   7950   7953   7956   7959   7962
   7965   7968   7971   7974   7977   7980   7983   7986   7989   7992
   7995   7998   8001   8004   8007   8010   8013   8016   8019   8022
   8025   8028   8031   8034   8037   8040   8043   8046   8049   8052
   8055   8058   8061   8064   8067   8070   8073   8076   8079   8082
   8085   8088   8091   8094   8097   8100   8103   8106   8109   8112
   8115   8118   8121   8124   8127   8130   8133   8136   8139   8142
   8145   8148   8151   8154   8157   8160   8163   8166   8169   8172
   8175   8178   8181   8184   8187   8190   8193   8196   8199   8202
   8205   8208   8211   8214   8217   8220   8223   8226   8229   8232
   8235   8238   8241   8244   8247   8250   8253   8256   8259   8262
   8265   8268   8271   8274   8277   8280   8283   8286   8289   8292
   8295   8298   8301   8304   8307   8310   8313   8316   8319   8322
   8325   8328   8331   8334   8337   8340   8343   8346   8349   8352
   8355
Setup_Enefunc_Restraint> Setup restraint functions
 func  =     1 kind  =     1
 const(total, x, y, z) =   10.000   1.000   1.000   1.000
 exponend of function =     2
 # of groups  =     1
 grouplist:   1

 func  =     2 kind  =     1
 const(total, x, y, z) =    2.000   1.000   1.000   1.000
 exponend of function =     2
 # of groups  =     1
 grouplist:   2

 func  =     3 kind  =     1
 const(total, x, y, z) =    2.000   1.000   1.000   1.000
 exponend of function =     2
 # of groups  =     1
 grouplist:   3

 func  =     4 kind  =     1
 const(total, x, y, z) =    2.000   1.000   1.000   1.000
 exponend of function =     2
 # of groups  =     1
 grouplist:   4

Define_Enefunc_CHARMM> Number of Interactions in Each Term
  bond_ene        =      37288  angle_ene       =      23768
  urey_ene        =       6660
  torsion_ene     =      23932  improper_ene    =       1292
  cmap_ene        =        494
  restraint_groups=          4  restraint_funcs =          4
 
Setup_Fitting_Atdyn> NO fitting is applied, skip
  fitting method  =  NO
 
Update_Num_Deg_Freedom> Number of degrees of freedom was updated
  num_deg_freedom =      82743 (After setup of fixed atoms at boundary)
 
Remove_Fixatm> Modified Interactions
  bond_ene        =      27643  angle_ene       =      20553
  urey_ene        =       6660
  torsion_ene     =      23932  improper_ene    =       1292
 
Setup_Settle> Setup constraints for SETTLE
  num_unconsbonds =       7666      num_Settle  =       6659
  r0(O-H)         =     0.9572  mass(O)         =    15.9994
  r0(H-H)         =     1.5139  mass(H)         =     1.0080
 
Setup_Shake> Setup constrains for SHAKE and RATTLE
  num_unconsbonds =       3856  num_rigid_bonds =       3810
 
Update_Num_Deg_Freedom> Number of degrees of freedom was updated
  num_deg_freedom =      62766 (After setup of SETTLE)
 
Update_Num_Deg_Freedom> Number of degrees of freedom was updated
  num_deg_freedom =      58956 (After setup of SHAKE/RATTLE)
 
[STEP4] Compute Single Point Energy for Molecules
 
            STEP            BOND           ANGLE    UREY-BRADLEY        DIHEDRAL        IMPROPER            CMAP         VDWAALS           ELECT    RESTRAINT001    RESTRAINT002    RESTRAINT003    RESTRAINT004    RESTR_CVS001    RESTR_CVS002    RESTR_CVS003    RESTR_CVS004            SPOT
 --------------- --------------- --------------- --------------- ---------------
               0       1393.6185       3598.6086        463.5391       4545.8336        255.3246       -167.0388       6908.9832    -115170.2041          0.0000          0.0000          0.0000          0.0000          0.0000          0.0000          0.0000          0.0000          0.0000

[STEP5] Perform Molecular Dynamics Simulation
 
Generate_Velocity> Generate initial velocities
  iseed           =   20190319
  temperature     =    300.000
 
Random_Init_Velocity> Initialize the random number
  seed            = 20190319

INFO:       STEP            TIME       TOTAL_ENE   POTENTIAL_ENE     KINETIC_ENE            RMSG            BOND           ANGLE    UREY-BRADLEY        DIHEDRAL        IMPROPER            CMAP         VDWAALS           ELECT RESTRAINT_TOTAL    RESTRAINT001    RESTRAINT002    RESTRAINT003    RESTRAINT004    RESTR_CVS001    RESTR_CVS002    RESTR_CVS003    RESTR_CVS004     TEMPERATURE          VOLUME            SPOT
 --------------- --------------- --------------- --------------- ---------------
INFO:          0          0.0000     -80441.3977     -98171.7237      17730.3261         12.5482       1393.6296       3598.5814        463.5454       4545.8346        255.3238       -167.0403       6908.9916    -115170.5898          0.0000          0.0000          0.0000          0.0000          0.0000          0.0000          0.0000          0.0000          0.0000        302.6768          0.0000          0.0000

INFO:        500          1.0000     -80453.7479     -98438.0033      17984.2554         12.6086       1418.8394       3600.0483        458.8657       4519.0299        237.5787       -162.9946       6998.0573    -116317.5528        810.1249        432.6239          5.1703        265.4974        106.8333          0.0000          0.0000          0.0000          0.0000        307.0116          0.0000          4.1485

INFO:       1000          2.0000     -80538.6319     -98545.6699      18007.0379         12.6003       1466.9171       3576.3185        458.4127       4509.1592        247.7159       -179.5940       7282.8829    -116744.6740        837.1919        449.2399          7.1024        273.4172        107.4324          0.0000          0.0000          0.0000          0.0000        307.4006          0.0000          4.7557

INFO:       1500          3.0000     -80673.0529     -98565.5998      17892.5468         12.6378       1462.8835       3677.6803        471.4675       4525.9848        261.6100       -167.5337       6978.3553    -116585.6765        809.6290        419.9004          7.3610        270.3668        112.0008          0.0000          0.0000          0.0000          0.0000        305.4461          0.0000         14.6003

INFO:       2000          4.0000     -80741.8567     -98658.7787      17916.9220         12.5473       1413.1835       3668.9180        459.3384       4561.8416        253.2208       -168.3878       6822.1473    -116505.6012        836.5608        440.5395          7.4045        277.7172        110.8996          0.0000          0.0000          0.0000          0.0000        305.8622          0.0000         12.0886

INFO:       2500          5.0000     -80717.1801     -98477.3445      17760.1644         12.5787       1423.9453       3688.8648        456.4029       4536.5294        262.3431       -172.7452       6745.2214    -116282.1425        864.2363        462.5000          6.1692        279.4166        116.1504          0.0000          0.0000          0.0000          0.0000        303.1861          0.0000         11.4875

INFO:       3000          6.0000     -80775.4676     -98609.6429      17834.1753         12.6708       1466.2540       3706.1876        459.9376       4553.5042        257.7137       -167.7883       6866.6951    -116582.2556        830.1088        439.2077          5.4061        274.8235        110.6715          0.0000          0.0000          0.0000          0.0000        304.4496          0.0000         11.5326

INFO:       3500          7.0000     -80825.2357     -98541.9124      17716.6768         12.6234       1472.6727       3626.6818        465.7391       4560.7202        235.0960       -159.9794       6819.1139    -116421.3007        859.3440        437.0214          6.0308        287.0661        129.2257          0.0000          0.0000          0.0000          0.0000        302.4438          0.0000         16.4886

INFO:       4000          8.0000     -80852.0144     -98715.5702      17863.5558         12.6255       1418.1392       3619.8496        479.9745       4563.8916        267.5780       -162.2940       6990.4997    -116735.5666        842.3577        434.9367          6.6981        289.3118        111.4111          0.0000          0.0000          0.0000          0.0000        304.9512          0.0000         16.1975

INFO:       4500          9.0000     -80883.9062     -98734.6341      17850.7279         12.6000       1421.1497       3713.4487        481.8640       4553.2058        276.4924       -177.3206       6943.3763    -116795.2314        848.3810        448.0540          6.0053        287.5377        106.7840          0.0000          0.0000          0.0000          0.0000        304.7322          0.0000         15.5607

INFO:       5000         10.0000     -80952.7904     -98714.6718      17761.8813         12.6424       1435.5137       3743.3368        485.5642       4538.9725        256.7615       -170.5529       7142.4234    -117031.5349        884.8440        450.2979          6.8894        307.0411        120.6156          0.0000          0.0000          0.0000          0.0000        303.2155          0.0000          8.9330

INFO:       5500         11.0000     -81073.4596     -98790.5846      17717.1249         12.7043       1459.9778       3667.6012        485.1345       4557.4505        268.2015       -170.0003       7191.0929    -117125.0502        875.0075        443.0484          7.8378        295.2406        128.8806          0.0000          0.0000          0.0000          0.0000        302.4514          0.0000         14.9405

INFO:       6000         12.0000     -81112.8887     -98873.1495      17760.2609         12.6750       1463.5269       3669.7835        479.4131       4543.0554        292.6035       -161.3746       7132.1436    -117165.1159        872.8150        463.4479          6.4369        291.1091        111.8210          0.0000          0.0000          0.0000          0.0000        303.1878          0.0000         10.5692

INFO:       6500         13.0000     -81186.9173     -98958.4946      17771.5773         12.5785       1384.4941       3731.8573        484.0791       4542.5083        240.6776       -169.7747       6962.9793    -116976.9572        841.6416        429.1032          5.6417        277.1380        129.7587          0.0000          0.0000          0.0000          0.0000        303.3810          0.0000         19.8984

INFO:       7000         14.0000     -81149.4244     -98811.8892      17662.4649         12.6190       1433.2526       3696.2790        479.0013       4559.9900        268.8792       -165.4247       7175.6304    -117118.2545        858.7575        437.9768          6.3788        298.9281        115.4738          0.0000          0.0000          0.0000          0.0000        301.5183          0.0000         18.0666

INFO:       7500         15.0000     -81127.8041     -98878.9651      17751.1610         12.5291       1382.9788       3646.9504        482.0965       4527.8289        244.0930       -156.1552       6989.7296    -116851.9881        855.5009        438.6510          6.8456        291.3032        118.7011          0.0000          0.0000          0.0000          0.0000        303.0324          0.0000         10.8925

INFO:       8000         16.0000     -81252.9618     -98958.1752      17705.2134         12.6210       1477.4031       3585.1139        463.7181       4568.9549        257.7579       -172.1682       7138.6617    -117137.6398        860.0232        447.0065          7.0720        287.7196        118.2251          0.0000          0.0000          0.0000          0.0000        302.2481          0.0000         14.7330

INFO:       8500         17.0000     -81245.9303     -98897.1078      17651.1775         12.6727       1450.3541       3713.2888        475.5307       4565.8544        259.5680       -166.4526       7131.1228    -117183.6042        857.2303        438.4767          5.7052        284.7944        128.2539          0.0000          0.0000          0.0000          0.0000        301.3256          0.0000          9.2795

INFO:       9000         18.0000     -81287.3832     -98887.8571      17600.4739         12.7275       1437.2165       3736.6244        469.9534       4545.0770        260.7115       -165.2829       7193.2363    -117225.7753        860.3821        445.4257          7.9132        294.1648        112.8783          0.0000          0.0000          0.0000          0.0000        300.4600          0.0000         16.6704

INFO:       9500         19.0000     -81294.2603     -99050.0708      17755.8104         12.6477       1429.2375       3675.0523        479.2983       4565.3686        280.2058       -162.0755       7150.3337    -117336.4778        868.9863        448.7428          9.8399        284.1295        126.2741          0.0000          0.0000          0.0000          0.0000        303.1118          0.0000         17.0036

INFO:      10000         20.0000     -81316.3856     -98773.0124      17456.6268         12.6991       1456.3955       3715.4159        489.7177       4546.2165        258.6213       -166.1379       7219.4433    -117177.4801        884.7952        454.7477          6.9493        300.9090        122.1894          0.0000          0.0000          0.0000          0.0000        298.0044          0.0000         15.3934

INFO:      10500         21.0000     -81219.8654     -98952.6962      17732.8308         12.6541       1493.6004       3666.9258        477.6429       4529.5948        262.8782       -183.8284       7102.8225    -117187.9265        885.5941        469.5080          6.1590        291.3498        118.5774          0.0000          0.0000          0.0000          0.0000        302.7195          0.0000         16.5750

INFO:      11000         22.0000     -81215.2043     -98946.5912      17731.3869         12.7411       1452.9309       3775.3562        478.7320       4563.6609        263.6373       -176.4600       7004.2761    -117194.2051        885.4804        458.0898          6.9717        287.9561        132.4629          0.0000          0.0000          0.0000          0.0000        302.6949          0.0000         19.0400

INFO:      11500         23.0000     -81171.3794     -98949.3415      17777.9621         12.6279       1439.4113       3712.4819        474.7370       4533.8509        242.0574       -167.1696       6978.5515    -117035.3141        872.0521        460.8076          7.3302        289.2632        114.6512          0.0000          0.0000          0.0000          0.0000        303.4900          0.0000         14.8682

INFO:      12000         24.0000     -81111.3274     -99040.3516      17929.0243         12.6792       1444.2956       3706.0041        477.6063       4569.5939        272.2625       -162.1782       7291.6163    -117528.2782        888.7260        465.5264          6.4261        290.0761        126.6975          0.0000          0.0000          0.0000          0.0000        306.0688          0.0000         16.1372

INFO:      12500         25.0000     -81064.7173     -98810.3861      17745.6688         12.6442       1403.7232       3749.8428        492.4492       4576.1112        259.5187       -165.2037       6889.6514    -116906.0746        889.5956        473.4064          8.4578        289.2298        118.5017          0.0000          0.0000          0.0000          0.0000        302.9387          0.0000         12.5503

INFO:      13000         26.0000     -81119.9153     -98942.2388      17822.3235         12.6242       1472.4779       3639.6436        463.2771       4518.2859        245.5879       -158.3915       6918.8052    -116930.9622        889.0371        456.3765          6.9487        305.0037        120.7081          0.0000          0.0000          0.0000          0.0000        304.2473          0.0000         10.9901

INFO:      13500         27.0000     -81260.2511     -99045.8591      17785.6081         12.6755       1439.8895       3731.5215        485.2907       4539.0237        268.6836       -171.3535       7084.8728    -117312.5865        888.7990        452.8047          6.5446        312.8105        116.6392          0.0000          0.0000          0.0000          0.0000        303.6205          0.0000         11.6438

INFO:      14000         28.0000     -81367.6158     -99136.0887      17768.4729         12.6678       1430.7163       3676.9298        470.3655       4552.1641        269.9183       -163.8863       7402.0291    -117644.3886        870.0630        447.3245          6.8085        288.8860        127.0439          0.0000          0.0000          0.0000          0.0000        303.3280          0.0000         13.9763

INFO:      14500         29.0000     -81451.7422     -99117.2382      17665.4960         12.6621       1447.6210       3703.0647        480.6154       4559.1975        268.5476       -173.1878       7147.3029    -117393.7419        843.3424        442.3456          7.7754        283.6646        109.5567          0.0000          0.0000          0.0000          0.0000        301.5701          0.0000         17.9614

INFO:      15000         30.0000     -81393.7604     -99006.9401      17613.1797         12.6646       1460.0888       3689.0263        486.2661       4582.0915        264.4135       -168.9499       7105.7107    -117291.5626        865.9756        455.1207          7.4775        286.4232        116.9542          0.0000          0.0000          0.0000          0.0000        300.6770          0.0000         10.5874

INFO:      15500         31.0000     -81504.5208     -99192.6300      17688.1091         12.6639       1452.0195       3599.1672        477.1687       4557.8954        246.0242       -182.7315       7014.4373    -117226.4621        869.8514        436.0514          4.9765        300.1098        128.7137          0.0000          0.0000          0.0000          0.0000        301.9561          0.0000         13.4487

INFO:      16000         32.0000     -81508.5008     -99234.1057      17725.6049         12.7178       1449.0315       3698.9938        467.5852       4548.8872        257.0211       -154.4253       7173.8964    -117546.4565        871.3610        458.0442          7.7178        286.2881        119.3108          0.0000          0.0000          0.0000          0.0000        302.5962          0.0000         12.9210

INFO:      16500         33.0000     -81439.5559     -99058.9512      17619.3952         12.6956       1437.8955       3744.3093        483.7055       4560.6236        261.7687       -163.6542       6950.4139    -117198.8372        864.8238        442.0542          6.3434        296.1528        120.2735          0.0000          0.0000          0.0000          0.0000        300.7831          0.0000         13.0096

INFO:      17000         34.0000     -81482.5464     -99310.9330      17828.3866         12.6253       1391.5205       3713.7027        471.8931       4520.2535        251.8472       -166.0982       7124.5826    -117479.3420        860.7077        436.8882          6.4451        299.2733        118.1011          0.0000          0.0000          0.0000          0.0000        304.3508          0.0000         14.6953

INFO:      17500         35.0000     -81463.9232     -99244.5604      17780.6373         12.6495       1437.4945       3628.6108        480.4326       4563.4310        264.3937       -169.3425       7121.1857    -117432.7945        862.0283        434.8292          5.7411        289.8321        131.6258          0.0000          0.0000          0.0000          0.0000        303.5356          0.0000          9.4299

INFO:      18000         36.0000     -81533.7873     -99266.8379      17733.0506         12.6704       1498.9759       3571.4960        463.3139       4590.0962        285.1061       -183.0898       7199.4167    -117553.7013        861.5484        452.7881          7.6597        288.4582        112.6424          0.0000          0.0000          0.0000          0.0000        302.7233          0.0000         15.7254

INFO:      18500         37.0000     -81564.5205     -99318.8968      17754.3763         12.6595       1455.3536       3653.9852        485.3186       4542.8317        258.1667       -165.9205       7385.3385    -117784.6370        850.6662        432.4265          7.5793        292.7138        117.9466          0.0000          0.0000          0.0000          0.0000        303.0873          0.0000         13.9893

INFO:      19000         38.0000     -81450.3849     -99179.9174      17729.5325         12.6148       1410.8085       3704.3025        494.6029       4582.7390        250.4821       -155.7222       7159.3979    -117486.2386        859.7106        452.3834          7.2503        276.6272        123.4497          0.0000          0.0000          0.0000          0.0000        302.6632          0.0000         12.8551

INFO:      19500         39.0000     -81531.5496     -99274.5781      17743.0285         12.6467       1447.9437       3651.8041        472.3866       4553.3609        258.3409       -170.3677       7079.8105    -117426.7588        858.9016        436.6185          8.0721        282.1901        132.0209          0.0000          0.0000          0.0000          0.0000        302.8936          0.0000         12.6668

INFO:      20000         40.0000     -81560.4297     -99157.2397      17596.8100         12.6539       1433.5663       3652.0535        479.3692       4532.5305        250.7942       -157.7731       7193.0301    -117463.5878        922.7773        466.9577          8.2515        305.9715        141.5966          0.0000          0.0000          0.0000          0.0000        300.3975          0.0000         10.9995

INFO:      20500         41.0000     -81514.5930     -99240.7665      17726.1735         12.6364       1427.9924       3705.4480        477.6299       4581.0772        241.4573       -186.2803       7096.0564    -117467.7104        883.5629        453.0250          7.8845        297.3563        125.2971          0.0000          0.0000          0.0000          0.0000        302.6059          0.0000         12.3570

INFO:      21000         42.0000     -81602.5692     -99254.1651      17651.5959         12.6328       1467.5350       3684.4728        471.1529       4526.4004        247.9369       -167.0749       6908.8693    -117296.5086        903.0510        469.4143          5.3013        300.2531        128.0823          0.0000          0.0000          0.0000          0.0000        301.3328          0.0000         10.4353

INFO:      21500         43.0000     -81566.0799     -99255.6960      17689.6161         12.6875       1406.1049       3699.1294        485.6447       4560.1722        273.2291       -171.7723       7308.2439    -117711.6225        895.1746        467.1093          8.2908        300.1573        119.6172          0.0000          0.0000          0.0000          0.0000        301.9818          0.0000         14.8811

INFO:      22000         44.0000     -81636.1628     -99193.5235      17557.3607         12.7539       1458.6970       3672.5130        482.1416       4537.8605        278.9980       -174.0022       7285.7376    -117625.9872        890.5181        442.2555          7.5087        318.2282        122.5256          0.0000          0.0000          0.0000          0.0000        299.7241          0.0000         16.0040

INFO:      22500         45.0000     -81762.1021     -99385.2237      17623.1216         12.7278       1495.3763       3652.4372        481.8311       4548.5658        262.7136       -171.8647       7099.6357    -117634.5999        880.6814        460.2258          8.6994        302.1950        109.5612          0.0000          0.0000          0.0000          0.0000        300.8467          0.0000         13.9562

INFO:      23000         46.0000     -81767.9741     -99271.5086      17503.5345         12.7453       1431.9538       3715.0143        467.1246       4536.3862        260.4990       -180.1927       7186.1752    -117565.9630        877.4941        452.1891          7.3808        291.0740        126.8502          0.0000          0.0000          0.0000          0.0000        298.8052          0.0000         13.1402

INFO:      23500         47.0000     -81826.7478     -99291.5186      17464.7707         12.7332       1501.6599       3637.4134        472.2731       4543.4740        258.7909       -171.2116       7054.2963    -117512.2806        924.0660        484.2610          7.4380        302.9504        129.4165          0.0000          0.0000          0.0000          0.0000        298.1434          0.0000         17.9297

INFO:      24000         48.0000     -81836.1686     -99353.6019      17517.4332         12.6481       1463.5071       3635.5265        482.6907       4559.3165        250.8626       -165.0324       7136.9754    -117560.9757        843.5276        433.4435          6.1931        283.1924        120.6986          0.0000          0.0000          0.0000          0.0000        299.0425          0.0000         21.9353

INFO:      24500         49.0000     -81800.2505     -99322.8016      17522.5511         12.6526       1426.9759       3656.9468        477.5225       4516.2644        261.5312       -160.6932       6837.0817    -117185.8202        847.3893        440.3929          5.8701        282.7904        118.3360          0.0000          0.0000          0.0000          0.0000        299.1298          0.0000         13.3897

INFO:      25000         50.0000     -81829.4056     -99348.4665      17519.0609         12.5850       1395.0082       3653.6945        480.0039       4561.0704        268.1288       -155.5878       7056.5304    -117445.1800        837.8652        434.4140          6.6525        280.4027        116.3960          0.0000          0.0000          0.0000          0.0000        299.0702          0.0000         11.7870

INFO:      25500         51.0000     -81826.1399     -99402.2406      17576.1008         12.6678       1419.1136       3786.2092        495.9821       4559.4940        247.6322       -159.4982       7396.0606    -118020.9502        873.7160        459.6408          6.5598        292.6562        114.8592          0.0000          0.0000          0.0000          0.0000        300.0440          0.0000         14.2755

INFO:      26000         52.0000     -81901.5362     -99485.6751      17584.1389         12.6704       1441.5392       3636.0240        488.1141       4547.3564        263.0703       -164.6388       7135.8715    -117690.0470        857.0351        450.1851          6.5810        286.4364        113.8326          0.0000          0.0000          0.0000          0.0000        300.1812          0.0000         13.7401

INFO:      26500         53.0000     -81816.3264     -99467.8872      17651.5607         12.6211       1428.5792       3691.7577        479.1545       4582.5668        266.5514       -168.0033       7155.2363    -117766.7177        862.9879        462.6219          7.3440        278.2735        114.7485          0.0000          0.0000          0.0000          0.0000        301.3322          0.0000         19.3419

INFO:      27000         54.0000     -81970.7435     -99476.0109      17505.2674         12.6323       1455.6988       3683.0372        466.0476       4561.0099        248.9451       -176.3396       7018.0220    -117606.7667        874.3347        458.7879          7.7222        289.4930        118.3315          0.0000          0.0000          0.0000          0.0000        298.8348          0.0000         17.3367

INFO:      27500         55.0000     -81903.8731     -99261.7582      17357.8850         12.6860       1471.2586       3720.4613        457.1501       4544.6619        254.5889       -165.2237       7174.6175    -117600.3584        881.0858        453.5694          5.7824        295.5207        126.2131          0.0000          0.0000          0.0000          0.0000        296.3188          0.0000         11.3808

INFO:      28000         56.0000     -81833.3816     -99482.2975      17648.9159         12.6069       1394.7550       3665.7183        465.0097       4541.2652        251.7657       -167.4935       7096.1548    -117590.2610        860.7883        428.3276          5.6318        302.5296        124.2993          0.0000          0.0000          0.0000          0.0000        301.2870          0.0000         13.2045

INFO:      28500         57.0000     -81941.7114     -99493.3046      17551.5932         12.6462       1402.8650       3675.6160        473.4665       4515.5293        253.4503       -168.1827       7091.4383    -117616.3809        878.8936        457.9478          7.3234        286.3891        127.2334          0.0000          0.0000          0.0000          0.0000        299.6256          0.0000         16.6802

INFO:      29000         58.0000     -81931.5188     -99592.6253      17661.1065         12.6304       1446.8040       3635.8259        478.5732       4548.3134        252.1527       -168.5743       7259.9703    -117928.3540        882.6634        450.3750          7.0577        297.7527        127.4780          0.0000          0.0000          0.0000          0.0000        301.4951          0.0000         13.5868

INFO:      29500         59.0000     -82073.2147     -99412.3232      17339.1085         12.6551       1481.7298       3544.6671        471.0084       4556.7490        283.9470       -168.5300       7031.9083    -117462.1449        848.3422        441.7488          6.5031        285.2284        114.8618          0.0000          0.0000          0.0000          0.0000        295.9982          0.0000         11.4930

INFO:      30000         60.0000     -82025.5866     -99375.3847      17349.7981         12.5890       1363.7980       3672.0749        470.1592       4548.0185        261.9226       -173.3983       7244.0432    -117665.2772        903.2744        457.8950          7.2537        296.5863        141.5393          0.0000          0.0000          0.0000          0.0000        296.1807          0.0000         14.6590

INFO:      30500         61.0000     -82072.3892     -99480.0414      17407.6522         12.6564       1455.0751       3674.6254        484.1108       4552.5185        242.9742       -174.1442       7375.5182    -117952.1906        861.4712        437.5712          6.9304        286.5797        130.3900          0.0000          0.0000          0.0000          0.0000        297.1684          0.0000         15.4672

INFO:      31000         62.0000     -82076.3244     -99614.7799      17538.4555         12.6091       1407.3096       3610.5202        480.5224       4541.4021        263.2494       -164.7429       7444.1332    -118037.0086        839.8348        428.4935          7.4755        284.3565        119.5093          0.0000          0.0000          0.0000          0.0000        299.4013          0.0000         13.6485

INFO:      31500         63.0000     -82079.2436     -99416.3086      17337.0650         12.6239       1462.7449       3594.6577        461.9927       4525.9369        254.7243       -182.0402       7221.3538    -117642.5335        886.8547        460.9897          6.8248        288.0341        131.0062          0.0000          0.0000          0.0000          0.0000        295.9634          0.0000         16.8140

INFO:      32000         64.0000     -81945.3962     -99337.9970      17392.6008         12.6319       1442.9888       3674.4853        472.5739       4549.9891        244.6332       -158.0825       7148.8979    -117563.1792        849.6966        453.2181          5.2909        278.7969        112.3907          0.0000          0.0000          0.0000          0.0000        296.9114          0.0000         11.4445

INFO:      32500         65.0000     -81886.3314     -99475.5333      17589.2019         12.6402       1442.6879       3593.5011        467.9610       4576.0370        259.3308       -159.5395       7111.7065    -117623.6347        856.4167        442.5617          6.7073        293.0102        114.1375          0.0000          0.0000          0.0000          0.0000        300.2676          0.0000         14.5438

INFO:      33000         66.0000     -81806.6753     -99481.7203      17675.0450         12.6919       1450.4112       3593.7249        460.9833       4542.7109        246.2587       -165.8954       7188.8282    -117654.2058        855.4639        452.4256          5.8274        284.2956        112.9153          0.0000          0.0000          0.0000          0.0000        301.7331          0.0000         12.6445

INFO:      33500         67.0000     -81837.9224     -99300.1905      17462.2681         12.6678       1437.7631       3619.3920        464.8060       4540.7552        252.6145       -175.6990       7186.7055    -117499.9561        873.4284        443.4067          7.9846        303.1702        118.8669          0.0000          0.0000          0.0000          0.0000        298.1007          0.0000         12.3671

INFO:      34000         68.0000     -81843.6296     -99365.2448      17521.6152         12.5896       1390.9311       3690.5832        466.1207       4541.7253        260.0011       -169.1142       7036.4752    -117449.2096        867.2424        454.9071          6.8042        288.2302        117.3008          0.0000          0.0000          0.0000          0.0000        299.1138          0.0000         16.0977

INFO:      34500         69.0000     -81762.6588     -99383.8031      17621.1443         12.6246       1383.2740       3654.7008        475.0695       4533.9464        274.2403       -157.7328       7250.5094    -117686.8004        888.9899        446.3695          8.5568        305.4936        128.5700          0.0000          0.0000          0.0000          0.0000        300.8129          0.0000         16.5015

INFO:      35000         70.0000     -81856.8817     -99333.5976      17476.7159         12.6456       1422.5525       3734.4217        478.5805       4533.8431        265.2373       -180.9147       7050.4004    -117481.2341        843.5158        420.2329          6.1492        295.4441        121.6896          0.0000          0.0000          0.0000          0.0000        298.3474          0.0000         15.6661

INFO:      35500         71.0000     -81913.1711     -99359.2795      17446.1085         12.5979       1377.2034       3745.6120        489.7502       4556.0403        264.6504       -182.6451       7024.2584    -117486.4478        852.2987        426.3419          9.2029        294.1024        122.6514          0.0000          0.0000          0.0000          0.0000        297.8249          0.0000         20.5578

INFO:      36000         72.0000     -81898.9730     -99454.4693      17555.4964         12.6599       1461.8038       3684.3086        478.9323       4571.5885        263.6309       -179.3962       6982.4531    -117572.0261        854.2356        444.3491          6.0395        286.1225        117.7245          0.0000          0.0000          0.0000          0.0000        299.6922          0.0000         11.5876

INFO:      36500         73.0000     -81884.5451     -99390.6211      17506.0759         12.6247       1443.4976       3590.9023        459.4847       4538.5154        270.9631       -168.7818       7192.8674    -117588.5643        870.4945        434.1309          8.6828        309.9808        117.7001          0.0000          0.0000          0.0000          0.0000        298.8486          0.0000         17.8212

INFO:      37000         74.0000     -81928.9928     -99442.9696      17513.9768         12.6684       1462.4061       3644.7882        483.3108       4594.2792        255.6505       -172.9736       6919.3145    -117497.5655        867.8203        436.3145          6.6555        291.3881        133.4622          0.0000          0.0000          0.0000          0.0000        298.9834          0.0000         17.4039

INFO:      37500         75.0000     -81907.1258     -99319.6943      17412.5685         12.6422       1453.0539       3564.5261        479.7765       4554.5592        268.2916       -169.3783       7009.3299    -117317.5796        837.7265        435.2461          6.9364        281.0623        114.4818          0.0000          0.0000          0.0000          0.0000        297.2523          0.0000         13.1308

INFO:      38000         76.0000     -81792.2360     -99399.4975      17607.2615         12.5987       1416.7838       3624.6597        465.9609       4551.5897        252.8797       -174.1923       7008.3093    -117394.6360        849.1476        439.6240          7.4663        290.4534        111.6040          0.0000          0.0000          0.0000          0.0000        300.5759          0.0000         11.8539

INFO:      38500         77.0000     -81871.5701     -99369.4570      17497.8869         12.6782       1453.0004       3695.3359        474.0572       4538.0978        257.4237       -165.7127       7046.1987    -117520.9984        853.1405        445.5326          6.4417        284.7206        116.4456          0.0000          0.0000          0.0000          0.0000        298.7088          0.0000         16.1405

INFO:      39000         78.0000     -81856.3321     -99413.1457      17556.8136         12.7126       1430.0758       3707.1331        467.1797       4521.6216        260.9638       -166.8085       7187.0243    -117690.9653        870.6299        445.9422          5.9264        293.7597        125.0016          0.0000          0.0000          0.0000          0.0000        299.7147          0.0000         20.2767

INFO:      39500         79.0000     -81813.8870     -99353.0106      17539.1236         12.6447       1490.0390       3665.7592        474.4803       4562.9504        253.8029       -164.5605       7254.2892    -117748.2548        858.4837        448.6862          6.2980        274.3251        129.1743          0.0000          0.0000          0.0000          0.0000        299.4127          0.0000         13.8193

INFO:      40000         80.0000     -81870.6299     -99385.7514      17515.1215         12.6664       1502.8443       3720.8095        479.2263       4519.5567        264.5380       -165.7430       7237.7809    -117812.1344        867.3704        435.2206          7.2695        292.5560        132.3244          0.0000          0.0000          0.0000          0.0000        299.0030          0.0000         11.6827

INFO:      40500         81.0000     -81817.8089     -99493.6731      17675.8643         12.6265       1415.3298       3655.0016        471.7190       4557.8976        262.8763       -179.7089       7054.0769    -117606.3369        875.4716        467.5249          7.0737        285.7249        115.1481          0.0000          0.0000          0.0000          0.0000        301.7470          0.0000         11.0780

INFO:      41000         82.0000     -81771.3150     -99247.3880      17476.0729         12.6763       1475.9458       3682.2750        470.8688       4514.4570        269.6376       -182.2414       7029.1708    -117356.8179        849.3163        431.1675         10.5056        277.2831        130.3602          0.0000          0.0000          0.0000          0.0000        298.3364          0.0000         17.6839

INFO:      41500         83.0000     -81704.3343     -99471.7049      17767.3706         12.6936       1410.0709       3730.9714        480.6806       4556.7908        266.0455       -164.0526       7395.1611    -117996.8215        849.4488        429.3376          8.0395        289.2596        122.8122          0.0000          0.0000          0.0000          0.0000        303.3092          0.0000         13.8345

INFO:      42000         84.0000     -81735.3252     -99382.8241      17647.4989         12.6178       1400.2309       3654.4301        475.9398       4499.2969        255.0544       -158.0855       7363.2017    -117714.5966        841.7041        448.1746          6.3743        274.1693        112.9858          0.0000          0.0000          0.0000          0.0000        301.2628          0.0000         13.1428

INFO:      42500         85.0000     -81692.0980     -99287.1087      17595.0107         12.6876       1472.7274       3664.1973        471.6114       4558.3364        268.9831       -176.7066       7164.7002    -117566.0974        855.1395        447.0678          7.1651        283.9273        116.9793          0.0000          0.0000          0.0000          0.0000        300.3668          0.0000         20.3523

INFO:      43000         86.0000     -81691.0074     -99308.6800      17617.6726         12.6640       1443.1801       3721.4156        475.0984       4537.4007        257.6991       -170.4173       7114.7352    -117548.2009        860.4092        448.9764          8.3541        284.1320        118.9468          0.0000          0.0000          0.0000          0.0000        300.7537          0.0000          8.2176

INFO:      43500         87.0000     -81721.7400     -99407.0729      17685.3329         12.6847       1482.9613       3601.7729        475.9147       4579.1381        264.0267       -171.0000       7225.2813    -117720.2691        855.1011        434.9199          6.4738        297.1796        116.5278          0.0000          0.0000          0.0000          0.0000        301.9087          0.0000         15.6520

INFO:      44000         88.0000     -81845.9800     -99474.6160      17628.6360         12.6782       1466.5501       3665.2098        477.8336       4552.6855        245.1039       -160.9338       7012.0736    -117578.5727        845.4340        437.6338          8.0946        281.7961        117.9095          0.0000          0.0000          0.0000          0.0000        300.9408          0.0000         18.3625

INFO:      44500         89.0000     -81852.2482     -99448.0399      17595.7918         12.7049       1498.5394       3586.8825        475.3144       4539.1201        252.1213       -166.6483       7073.4139    -117572.9183        866.1351        450.8937          5.7494        286.7730        122.7190          0.0000          0.0000          0.0000          0.0000        300.3801          0.0000         12.2137

INFO:      45000         90.0000     -81841.0402     -99318.8374      17477.7971         12.6856       1495.6674       3615.0293        468.4937       4553.7470        248.0466       -158.6799       7092.2410    -117472.1585        838.7760        429.3498          8.1852        282.2283        119.0127          0.0000          0.0000          0.0000          0.0000        298.3658          0.0000         16.6169

INFO:      45500         91.0000     -81691.8419     -99201.4637      17509.6218         12.6998       1483.6367       3719.7430        485.3226       4560.3016        255.3786       -168.7940       7061.2210    -117464.5027        866.2296        463.9107          5.5911        287.6080        109.1197          0.0000          0.0000          0.0000          0.0000        298.9091          0.0000         22.8694

INFO:      46000         92.0000     -81721.4411     -99348.4493      17627.0082         12.6292       1435.9214       3682.5603        479.5997       4551.6273        253.0204       -162.4182       7184.8983    -117648.0949        874.4366        434.0677          5.5271        319.7960        115.0457          0.0000          0.0000          0.0000          0.0000        300.9130          0.0000         14.9669

INFO:      46500         93.0000     -81736.2660     -99262.4071      17526.1412         12.7230       1492.6501       3713.5364        471.9860       4532.8970        263.5569       -168.5606       7083.9097    -117503.7889        851.4063        438.0429          6.0817        282.3039        124.9779          0.0000          0.0000          0.0000          0.0000        299.1911          0.0000         20.5919

INFO:      47000         94.0000     -81710.0540     -99385.7843      17675.7304         12.6993       1451.2388       3750.6065        466.7191       4549.4233        244.8998       -178.2199       7170.6302    -117707.9627        866.8805        441.9956          5.5692        302.1707        117.1450          0.0000          0.0000          0.0000          0.0000        301.7448          0.0000         16.5249

INFO:      47500         95.0000     -81725.3043     -99401.4881      17676.1838         12.6617       1404.6367       3632.5583        463.2382       4555.8536        256.5297       -156.9559       7006.4382    -117431.5845        867.7977        447.0620          5.3341        291.1071        124.2945          0.0000          0.0000          0.0000          0.0000        301.7525          0.0000         14.1686

INFO:      48000         96.0000     -81671.3706     -99403.7516      17732.3809         12.6389       1435.7017       3627.1158        473.7537       4525.2345        251.1776       -165.6612       6889.2104    -117316.9113        876.6273        461.0839          6.8734        289.2259        119.4440          0.0000          0.0000          0.0000          0.0000        302.7119          0.0000         13.9531

INFO:      48500         97.0000     -81774.4505     -99393.1484      17618.6979         12.6666       1420.5179       3631.1566        464.4566       4566.1485        244.2825       -165.6400       7229.3442    -117648.6715        865.2567        439.9865          8.4898        301.4605        115.3199          0.0000          0.0000          0.0000          0.0000        300.7712          0.0000         17.1589

INFO:      49000         98.0000     -81808.7040     -99307.9229      17499.2190         12.6483       1487.7161       3690.8198        496.7129       4572.1552        262.3614       -168.5763       7149.4926    -117683.0154        884.4109        449.2409          7.0200        312.7635        115.3865          0.0000          0.0000          0.0000          0.0000        298.7315          0.0000         19.9028

INFO:      49500         99.0000     -81749.6876     -99417.0898      17667.4021         12.5965       1393.7865       3623.5413        473.0443       4584.3924        255.0281       -180.7708       7207.4488    -117670.6881        897.1276        450.8911          7.8064        315.1539        123.2763          0.0000          0.0000          0.0000          0.0000        301.6026          0.0000          9.3794

INFO:      50000        100.0000     -81741.0141     -99319.3184      17578.3043         12.6719       1449.9913       3682.1893        472.3753       4561.6407        262.4029       -168.1609       7199.5172    -117637.5027        858.2284        436.8988         11.2132        287.1579        122.9585          0.0000          0.0000          0.0000          0.0000        300.0816          0.0000         14.7725

 
[STEP6] Deallocate Arrays
 
Output_Time> Averaged timer profile (Min, Max)
  total time      =    1546.999
    setup         =       3.219
    dynamics      =    1543.780
      energy      =    1304.090
      integrator  =      91.201
      pairlist    =     146.596 (     144.807,     148.116)
  energy           
    bond          =       0.352 (       0.241,       0.503)
    angle         =       1.417 (       1.194,       1.905)
    dihedral      =       2.719 (       2.156,       3.126)
    nonbond       =    1073.141 (    1061.118,    1084.567)
      pme real    =    1072.960 (    1060.889,    1084.488)
      pme recip   =       0.000 (       0.000,       0.000)
    solvation     =       0.000 (       0.000,       0.000)
      polar       =       0.000 (       0.000,       0.000)
      non-polar   =       0.000 (       0.000,       0.000)
    restraint     =       1.942 (       1.437,       2.983)
    qmmm          =       0.000 (       0.000,       0.000)
  integrator       
    constraint    =      48.917 (      47.879,      50.418)
    update        =       0.000 (       0.000,       0.000)
    comm_coord    =       0.000 (       0.000,       0.000)
    comm_force    =       0.000 (       0.000,       0.000)
    comm_migrate  =       0.000 (       0.000,       0.000)

