****************************************************
*                                                  *
*                  GENESIS ATDYN                   *
*                                                  *
*        A Molecular Dynamics Simulator with       *
*            Atomic Decomposition Scheme           *
*                                                  *
*               Developed by RIKEN                 *
*                                                  *
****************************************************
 
[STEP0] Architecture and Compiler Information
 
GENESIS_Information> GENESIS Information
  version      = 1.5.0
  commit ID    = $GENESIS_VERSION$
  precision    = double
  nonbonding   = CPU

Build_Information> Compiler Information
  build host   = yagi@beluga
  fortran      = ifort (IFORT) 18.0.1 20171018
  option       = -xHost -O3 -ip -mkl=parallel  -assume byterecl -qopenmp 
  C            = icc (ICC) 18.0.1 20171018
  option       = -O3 -ip -axCORE-AVX2  -qopenmp
  defined var. =  -DMPI -DOMP -DFFTE -DLAPACK -DDSFMT_MEXP=19937 -DINTEL
  link option  = 
  -assume byterecl -qopenmp  -lmkl_intel_lp64 -lmkl_sequential -lmkl_core -lmkl_
 lapack95_lp64 

Runtime_Information> Machine and Library Information
  date       = 2020/05/11 23:46:19
  cpu model    = Intel(R) Xeon(R) CPU E5-2667 v4 @ 3.20GHz
  exec. host   = yagi@beluga09
  LD library   = 
 /home/mdsoft/mpi/mpi_cent-v7_intel64/openmpi-v3.1.2_intel_v18.0.1/lib:/opt/inte
 l/compilers_and_libraries_2018.1.163/linux/compiler/lib/intel64_lin:/opt/intel/
 compilers_and_libraries_2018.1.163/linux/mkl/lib/intel64_lin:/opt/intel/compile
 rs_and_libraries_2018.1.163/linux/compiler/lib/intel64:/opt/intel/compilers_and
 _libraries_2018.1.163/linux/compiler/lib/intel64_lin:/opt/intel/compilers_and_l
 ibraries_2018.1.163/linux/mpi/intel64/lib:/opt/intel/compilers_and_libraries_20
 18.1.163/linux/mpi/mic/lib:/opt/intel/compilers_and_libraries_2018.1.163/linux/
 ipp/lib/intel64:/opt/intel/compilers_and_libraries_2018.1.163/linux/compiler/li
 b/intel64_lin:/opt/intel/compilers_and_libraries_2018.1.163/linux/mkl/lib/intel
 64_lin:/opt/intel/compilers_and_libraries_2018.1.163/linux/tbb/lib/intel64/gcc4
 .7:/opt/intel/compilers_and_libraries_2018.1.163/linux/tbb/lib/intel64/gcc4.7:/
 opt/intel/compilers_and_libraries_2018.1.163/linux/daal/lib/intel64_lin:/home/m
 dsoft/mpi/mpi_cent-v7_intel64/openmpi-v3.1.2_intel_v18.0.1/lib:/opt/intel/compi
 lers_and_libraries_2018.1.163/linux/compiler/lib/intel64_lin:/opt/intel/compile
 rs_and_libraries_2018.1.163/linux/mkl/lib/intel64_lin:/opt/intel/compilers_and_
 libraries_2018.1.163/linux/compiler/lib/intel64:/opt/intel/compilers_and_librar
 ies_2018.1.163/linux/compiler/lib/intel64_lin:/opt/intel/compilers_and_librarie
 s_2018.1.163/linux/mpi/intel64/lib:/opt/intel/compilers_and_libraries_2018.1.16
 3/linux/mpi/mic/lib:/opt/intel/compilers_and_libraries_2018.1.163/linux/ipp/li

[STEP1] Read Control Parameters
 
Read_Ctrl_Input> Input Files
  topfile = toppar/top_all36_prot.rtf, toppar/top_all36_cgenff.rtf
  parfile = toppar/par_all36_prot.prm, toppar/par_all36_cgenff.prm
  strfile = toppar/toppar_water_ions.str, toppar/toppar_dhap.3.str
  psffile = step4_nvt_100.psf
  pdbfile = step4_nvt_100.pdb
  rstfile = step4.1_nvt.rst
  reffile = step4_nvt_100.pdb
 
Read_Ctrl_Output> Output Files
  dcdfile    = step4.2_nvt.dcd
  rstfile    = step4.2_nvt.rst
 
Read_Ctrl_Energy> Parameters of Energy Calculations
  forcefield      =     CHARMM
  switchdist      =     16.000  cutoffdist      =     18.000
  pairlistdist    =     19.500  dielec_const    =      1.000
  vdW force_switch=        yes
  electrostatic   =  CUTOFF
  implicit_solvent=       none
  table_order     =          3
  table_density   =     20.000
  water_model     =       NONE
  output_style    =    GENESIS
  dispersion_corr =       none
  nonb_limiter    =      no
 
Read_Ctrl_Dynamics> Parameters of MD simulation
  integrator      =       VVER  nsteps          =      50000
  timestep        =     0.0020  initial_time    =     0.0000
  eneout_period   =        500  rstout_period   =        500
  crdout_period   =        500  velout_period   =          0
  nbupdate_period =         10  stoptr_period   =         10
  iseed           =   20190319
  annealing       =         no
  verbose         =         no
  target_md       =         no
  steered_md      =         no
  esp_mm          =         no
 
Read_Ctrl_Constraints> Parameters for Constraints
  rigid_bond      =        yes
  shake_iteration =        500  shake_tolerance =  0.100E-09
  fast_water      =        yes  water_model     =       TIP3
  hydrogen_type   =  name|mass
  noshake_index   =       none
  fixatm_select_index        =       none
 
Read_Ctrl_Ensemble> Parameters for Ensemble
  ensemble        =        NVT
  temperature     =    300.000
  tpcontrol       =      BUSSI
  tau_t           =      5.000
 
Read_Ctrl_Boundary> Parameters of Boundary Condition
  type            =       NOBC
  spherical_pot   =        yes  restart         =          T
  center_info     =       read  modify_ratio    =      1.000
  constant        =     10.000  exponent        =          2
  fixatom         =          T  fix_layer       =      1.000
 
Read_Ctrl_Selection> Parameters of Selection
  # of groups     =          4
    group 1 = (sid:TIMA or sid:TIMB) and (an:CA | an:C | an:O | an:N)
    group 2 = (sid:DHA or sid:DHA around_res:3.0) and not hydrogen
    group 3 = (sid:TIMA or sid:TIMB) and not (an:CA | an:C | an:O | an:N) and not hydrogen
    group 4 = sid:WAT and an:OH2
  # of mole names =          0
 
Read_Ctrl_Restraints> Parameters of Restraint
  numfunc         =   4
  function1 = POSI     
    direction     = ALL 
    constant      = 5.0
    reference     = 
    select_index  = 1
    mode          =   0
    exponent      =   2
    exponent_dist = 
    weight_dist   = 

  function2 = POSI     
    direction     = ALL 
    constant      = 2.0
    reference     = 
    select_index  = 2
    mode          =   0
    exponent      =   2
    exponent_dist = 
    weight_dist   = 

  function3 = POSI     
    direction     = ALL 
    constant      = 1.0
    reference     = 
    select_index  = 3
    mode          =   0
    exponent      =   2
    exponent_dist = 
    weight_dist   = 

  function4 = POSI     
    direction     = ALL 
    constant      = 1.0
    reference     = 
    select_index  = 4
    mode          =   0
    exponent      =   2
    exponent_dist = 
    weight_dist   = 

  pressure_position   = NO
  pressure_rmsd     = NO

Read_Ctrl_Fitting_MD> Parameters of Fitting
  fitting method  =  TR+ROT   
  fitting atom    = group1
  mass_weight     =         no
 
[STEP2] Setup MPI
 
Setup_Mpi_Md> Summary of Setup MPI
  number of MPI processes   =         16
  number of OpenMP threads  =          4
  total number of CPU cores =         64

[STEP3] Set Relevant Variables and Structures
 
Input_Top> Summary of Topfile
  num_atom_class  =        212  num_resi_type   =        685
 
Input_Par> Summary of Parfile
  num_bonds       =        658  num_angles      =       2003
  num_dihedrals   =       4838  num_impropers   =        163
  num_atom_cls    =        212  num_nbfix       =         75
  num_cmap_terms  =          6
 
 Merge_Par> WARNING: BOND: Multiple definition: "CG321"-"OG311"
Input_Str> Summary of Top information
  num_atom_class  =        227  num_resi_type   =        700
 
Input_Str> Summary of Par information
  num_bonds       =        663  num_angles      =       2006
  num_dihedrals   =       4850  num_impropers   =        163
  num_atom_cls    =        227  num_nbfix       =         90
  num_cmap_terms  =          6
 
Read_Psf> Summary of Psffile
  psftype         =      xplor
  num_atoms       =      37226  num_bonds       =      37288
  num_angles      =      23768  num_dihedrals   =      20268
  num_impropers   =       1292  num_cmap_terms  =        494
  num_HB_donors   =      20596  num_HB_acceptors=      10610
  num_NB_exclusion=          0  num_groups      =      12168
  total_charge    =    -10.000
 
Check_Pdb> 6-column residue sequence number
 
Read_Pdb> Summary of Data in PDB file
  num_atoms       =      37226
 
Read_Rst_Binary> Summary of RST file
  num_atoms       =      37226  iseed           = 1072910479
  boxsize (x,y,z) =      0.000     0.000     0.000
  spherical_pot     =      yes
  nfunctions                 2  num_fixatm              9645

Check_Pdb> 6-column residue sequence number
 
Read_Pdb> Summary of Data in PDB file
  num_atoms       =      37226
 
Define_Molecule> Summary of molecules
  num_atoms       =      37226  num_bonds       =      37288
  num_angles      =      23768  num_dihedrals   =      20268
  num_impropers   =       1292  num_cmap_terms  =        494
  num_residues    =      10370  num_molecules   =       9878
  num_segments    =          6  num_deg_freedom =     111678
  total_charge    =    -10.000
 
Setup_Boundary> Setup Variables for Boundary Condition
  origin(x,y,z)   =      0.000     0.000     0.000
  nfunctions      =        2
    center(x,y,z) =     17.000     0.000     0.000
    radius        =     35.000
    constant      =     10.000
    exponent      =          2
    center(x,y,z) =    -17.000     0.000     0.000
    radius        =     35.000
    constant      =     10.000
    exponent      =          2
 
  num_fixatm      =     9645
 
 
Random_Init> Initialize the random number
  seed            = 20190319

Select_Contacts> mode        : Resi
                 sel atoms A :      15
                 sel atoms B :   37211
                 distance    :    3.00
                contact atom list :     160
 
Setup_Enefunc_Cmap_Par> Natural spline is used to derive cmap coefs.

Setup_Enefunc_Table> Setup Variables for LookupTable
  num_solutes     =      37226  num_waters      =          0

Setup_Enefunc_Restraint> Setup restraint groups
 group =     1, "(sid:TIMA or sid:TIMB) and (an:CA | an:C | an:O | an:N)"
 # of atoms =  1976
 atomlist: 
      7      9     15     16     17     19     39     40     41     43
     53     54     55     57     73     74     75     77     93     94
     95     97    109    110    111    113    116    117    118    120
    123    124    125    127    137    138    139    141    157    158
    159    161    179    180    181    183    198    199    200    202
    212    213    214    216    219    220    221    223    230    231
    232    234    252    253    254    256    269    270    271    273
    280    281    282    284    299    300    301    303    321    322
    323    325    336    337    338    340    355    356    357    359
    371    372    373    375    386    387    388    390    410    411
    412    414    429    430    431    433    443    444    445    447
    457    458    459    461    467    468    469    471    478    479
    480    482    497    498    499    503    511    512    513    515
    526    527    528    530    540    541    542    544    556    557
    558    560    571    572    573    575    587    588    589    591
    603    604    605    607    622    623    624    626    633    634
    635    639    647    648    649    653    661    662    663    665
    671    672    673    675    685    686    687    689    706    707
    708    710    725    726    727    729    737    738    739    741
    758    759    760    762    769    770    771    773    785    786
    787    789    796    797    798    800    815    816    817    819
    831    832    833    835    853    854    855    857    875    876
    877    881    889    890    891    893    906    907    908    910
    922    923    924    926    936    937    938    940    952    953
    954    956    959    960    961    963    969    970    971    973
    986    987    988    990   1000   1001   1002   1004   1010   1011
   1012   1014   1031   1032   1033   1035   1050   1051   1052   1054
   1072   1073   1074   1076   1082   1083   1084   1086   1093   1094
   1095   1097   1100   1101   1102   1104   1110   1111   1112   1114
   1130   1131   1132   1134   1144   1145   1146   1148   1151   1152
   1153   1155   1166   1167   1168   1170   1180   1181   1182   1184
   1191   1192   1193   1195   1207   1208   1209   1211   1219   1220
   1221   1223   1236   1237   1238   1240   1255   1256   1257   1259
   1277   1278   1279   1281   1289   1290   1291   1293   1305   1306
   1307   1309   1312   1313   1314   1316   1322   1323   1324   1326
   1344   1345   1346   1348   1368   1369   1370   1372   1384   1385
   1386   1388   1403   1404   1405   1407   1422   1423   1424   1426
   1429   1430   1431   1433   1446   1447   1448   1450   1457   1458
   1459   1461   1472   1473   1474   1476   1496   1497   1498   1500
   1520   1521   1522   1524   1531   1532   1533   1535   1552   1553
   1554   1556   1572   1573   1574   1576   1589   1590   1591   1593
   1604   1605   1606   1608   1616   1617   1618   1620   1628   1629
   1630   1632   1650   1651   1652   1654   1670   1671   1672   1674
   1689   1690   1691   1693   1699   1700   1701   1703   1711   1712
   1713   1715   1733   1734   1735   1737   1747   1748   1749   1751
   1769   1770   1771   1773   1789   1790   1791   1793   1799   1800
   1801   1803   1818   1819   1820   1822   1825   1826   1827   1829
   1842   1843   1844   1846   1849   1850   1851   1853   1865   1866
   1867   1869   1872   1873   1874   1876   1888   1889   1890   1892
   1907   1908   1909   1911   1926   1927   1928   1930   1937   1938
   1939   1941   1956   1957   1958   1960   1963   1964   1965   1967
   1978   1979   1980   1982   1992   1993   1994   1996   2011   2012
   2013   2015   2026   2027   2028   2030   2041   2042   2043   2045
   2063   2064   2065   2067   2085   2086   2087   2089   2095   2096
   2097   2099   2102   2103   2104   2106   2124   2125   2126   2128
   2138   2139   2140   2142   2157   2158   2159   2161   2169   2170
   2171   2173   2185   2186   2187   2189   2201   2202   2203   2205
   2216   2217   2218   2220   2240   2241   2242   2244   2257   2258
   2259   2261   2276   2277   2278   2280   2290   2291   2292   2294
   2300   2301   2302   2304   2316   2317   2318   2320   2335   2336
   2337   2339   2350   2351   2352   2354   2365   2366   2367   2369
   2381   2382   2383   2385   2403   2404   2405   2407   2415   2416
   2417   2419   2439   2440   2441   2443   2453   2454   2455   2457
   2467   2468   2469   2471   2483   2484   2485   2487   2499   2500
   2501   2503   2515   2516   2517   2519   2525   2526   2527   2529
   2546   2547   2548   2550   2561   2562   2563   2567   2575   2576
   2577   2579   2591   2592   2593   2595   2615   2616   2617   2619
   2625   2626   2627   2629   2644   2645   2646   2648   2651   2652
   2653   2655   2665   2666   2667   2669   2672   2673   2674   2676
   2691   2692   2693   2695   2701   2702   2703   2705   2711   2712
   2713   2715   2725   2726   2727   2731   2739   2740   2741   2743
   2754   2755   2756   2758   2766   2767   2768   2770   2776   2777
   2778   2780   2793   2794   2795   2797   2805   2806   2807   2809
   2824   2825   2826   2828   2841   2842   2843   2845   2851   2852
   2853   2855   2862   2863   2864   2866   2881   2882   2883   2885
   2905   2906   2907   2909   2927   2928   2929   2931   2947   2948
   2949   2951   2966   2967   2968   2970   2976   2977   2978   2980
   2987   2988   2989   2991   3009   3010   3011   3013   3028   3029
   3030   3032   3035   3036   3037   3039   3047   3048   3049   3051
   3069   3070   3071   3073   3079   3080   3081   3083   3089   3090
   3091   3093   3100   3101   3102   3104   3115   3116   3117   3119
   3134   3135   3136   3138   3158   3159   3160   3162   3177   3178
   3179   3181   3196   3197   3198   3200   3217   3218   3219   3221
   3224   3225   3226   3228   3231   3232   3233   3235   3242   3243
   3244   3246   3252   3253   3254   3256   3266   3267   3268   3270
   3273   3274   3275   3277   3284   3285   3286   3288   3298   3299
   3300   3302   3308   3309   3310   3312   3324   3325   3326   3328
   3338   3339   3340   3342   3358   3359   3360   3362   3380   3381
   3382   3384   3392   3393   3394   3396   3414   3415   3416   3418
   3424   3425   3426   3428   3436   3437   3438   3440   3452   3453
   3454   3456   3464   3465   3466   3468   3471   3472   3473   3475
   3491   3492   3493   3495   3510   3511   3512   3514   3526   3527
   3528   3530   3533   3534   3535   3537   3540   3541   3542   3544
   3550   3551   3552   3554   3561   3562   3563   3565   3580   3581
   3582   3584   3602   3603   3604   3608   3616   3617   3618   3620
   3631   3632   3633   3635   3651   3652   3653   3655   3667   3668
   3669   3671   3679   3680   3681   3683   3698   3699   3700   3702
   3717   3718   3719   3721   3731   3732   3733   3735   3742   3743
   3744   3746   3766   3767   3768   3770   3780   3781   3794   3796
   3802   3803   3804   3806   3826   3827   3828   3830   3840   3841
   3842   3844   3860   3861   3862   3864   3880   3881   3882   3884
   3896   3897   3898   3900   3903   3904   3905   3907   3910   3911
   3912   3914   3924   3925   3926   3928   3944   3945   3946   3948
   3966   3967   3968   3970   3985   3986   3987   3989   3999   4000
   4001   4003   4006   4007   4008   4010   4017   4018   4019   4021
   4039   4040   4041   4043   4056   4057   4058   4060   4067   4068
   4069   4071   4086   4087   4088   4090   4108   4109   4110   4112
   4123   4124   4125   4127   4142   4143   4144   4146   4158   4159
   4160   4162   4173   4174   4175   4177   4197   4198   4199   4201
   4216   4217   4218   4220   4230   4231   4232   4234   4244   4245
   4246   4248   4254   4255   4256   4258   4265   4266   4267   4269
   4284   4285   4286   4290   4298   4299   4300   4302   4313   4314
   4315   4317   4327   4328   4329   4331   4343   4344   4345   4347
   4358   4359   4360   4362   4374   4375   4376   4378   4390   4391
   4392   4394   4409   4410   4411   4413   4420   4421   4422   4426
   4434   4435   4436   4440   4448   4449   4450   4452   4458   4459
   4460   4462   4472   4473   4474   4476   4493   4494   4495   4497
   4512   4513   4514   4516   4524   4525   4526   4528   4545   4546
   4547   4549   4556   4557   4558   4560   4572   4573   4574   4576
   4583   4584   4585   4587   4602   4603   4604   4606   4618   4619
   4620   4622   4640   4641   4642   4644   4662   4663   4664   4668
   4676   4677   4678   4680   4693   4694   4695   4697   4709   4710
   4711   4713   4723   4724   4725   4727   4739   4740   4741   4743
   4746   4747   4748   4750   4756   4757   4758   4760   4773   4774
   4775   4777   4787   4788   4789   4791   4797   4798   4799   4801
   4818   4819   4820   4822   4837   4838   4839   4841   4859   4860
   4861   4863   4869   4870   4871   4873   4880   4881   4882   4884
   4887   4888   4889   4891   4897   4898   4899   4901   4917   4918
   4919   4921   4931   4932   4933   4935   4938   4939   4940   4942
   4953   4954   4955   4957   4967   4968   4969   4971   4978   4979
   4980   4982   4994   4995   4996   4998   5006   5007   5008   5010
   5023   5024   5025   5027   5042   5043   5044   5046   5064   5065
   5066   5068   5076   5077   5078   5080   5092   5093   5094   5096
   5099   5100   5101   5103   5109   5110   5111   5113   5131   5132
   5133   5135   5155   5156   5157   5159   5171   5172   5173   5175
   5190   5191   5192   5194   5209   5210   5211   5213   5216   5217
   5218   5220   5233   5234   5235   5237   5244   5245   5246   5248
   5259   5260   5261   5263   5283   5284   5285   5287   5307   5308
   5309   5311   5318   5319   5320   5322   5339   5340   5341   5343
   5359   5360   5361   5363   5376   5377   5378   5380   5391   5392
   5393   5395   5403   5404   5405   5407   5415   5416   5417   5419
   5437   5438   5439   5441   5457   5458   5459   5461   5476   5477
   5478   5480   5486   5487   5488   5490   5498   5499   5500   5502
   5520   5521   5522   5524   5534   5535   5536   5538   5556   5557
   5558   5560   5576   5577   5578   5580   5586   5587   5588   5590
   5605   5606   5607   5609   5612   5613   5614   5616   5629   5630
   5631   5633   5636   5637   5638   5640   5652   5653   5654   5656
   5659   5660   5661   5663   5675   5676   5677   5679   5694   5695
   5696   5698   5713   5714   5715   5717   5724   5725   5726   5728
   5743   5744   5745   5747   5750   5751   5752   5754   5765   5766
   5767   5769   5779   5780   5781   5783   5798   5799   5800   5802
   5813   5814   5815   5817   5828   5829   5830   5832   5850   5851
   5852   5854   5872   5873   5874   5876   5882   5883   5884   5886
   5889   5890   5891   5893   5911   5912   5913   5915   5925   5926
   5927   5929   5944   5945   5946   5948   5956   5957   5958   5960
   5972   5973   5974   5976   5988   5989   5990   5992   6003   6004
   6005   6007   6027   6028   6029   6031   6044   6045   6046   6048
   6063   6064   6065   6067   6077   6078   6079   6081   6087   6088
   6089   6091   6103   6104   6105   6107   6122   6123   6124   6126
   6137   6138   6139   6141   6152   6153   6154   6156   6168   6169
   6170   6172   6190   6191   6192   6194   6202   6203   6204   6206
   6226   6227   6228   6230   6240   6241   6242   6244   6254   6255
   6256   6258   6270   6271   6272   6274   6286   6287   6288   6290
   6302   6303   6304   6306   6312   6313   6314   6316   6333   6334
   6335   6337   6348   6349   6350   6354   6362   6363   6364   6366
   6378   6379   6380   6382   6402   6403   6404   6406   6412   6413
   6414   6416   6431   6432   6433   6435   6438   6439   6440   6442
   6452   6453   6454   6456   6459   6460   6461   6463   6478   6479
   6480   6482   6488   6489   6490   6492   6498   6499   6500   6502
   6512   6513   6514   6518   6526   6527   6528   6530   6541   6542
   6543   6545   6553   6554   6555   6557   6563   6564   6565   6567
   6580   6581   6582   6584   6592   6593   6594   6596   6611   6612
   6613   6615   6628   6629   6630   6632   6638   6639   6640   6642
   6649   6650   6651   6653   6668   6669   6670   6672   6692   6693
   6694   6696   6714   6715   6716   6718   6734   6735   6736   6738
   6753   6754   6755   6757   6763   6764   6765   6767   6774   6775
   6776   6778   6796   6797   6798   6800   6815   6816   6817   6819
   6822   6823   6824   6826   6834   6835   6836   6838   6856   6857
   6858   6860   6866   6867   6868   6870   6876   6877   6878   6880
   6887   6888   6889   6891   6902   6903   6904   6906   6921   6922
   6923   6925   6945   6946   6947   6949   6964   6965   6966   6968
   6983   6984   6985   6987   7004   7005   7006   7008   7011   7012
   7013   7015   7018   7019   7020   7022   7029   7030   7031   7033
   7039   7040   7041   7043   7053   7054   7055   7057   7060   7061
   7062   7064   7071   7072   7073   7075   7085   7086   7087   7089
   7095   7096   7097   7099   7111   7112   7113   7115   7125   7126
   7127   7129   7145   7146   7147   7149   7167   7168   7169   7171
   7179   7180   7181   7183   7201   7202   7203   7205   7211   7212
   7213   7215   7223   7224   7225   7227   7239   7240   7241   7243
   7251   7252   7253   7255   7258   7259   7260   7262   7278   7279
   7280   7282   7297   7298   7299   7301   7313   7314   7315   7317
   7320   7321   7322   7324   7327   7328   7329   7331   7337   7338
   7339   7341   7348   7349   7350   7352   7367   7368   7369   7371
   7389   7390   7391   7395   7403   7404   7405   7407   7418   7419
   7420   7422   7438   7439   7440   7442   7454   7455   7456   7458
   7466   7467   7468   7470   7485   7486   7487   7489   7504   7505
   7506   7508   7518   7519   7520   7522   7529   7530   7531   7533
   7553   7554   7555   7557   7567   7568
 group =     2, "(sid:DHA or sid:DHA around_res:3.0) and not hydrogen"
 # of atoms =    89
 atomlist: 
    125    127    129    132    133    134    137    138    159    161
    163    166    169    172    175    179    180   1431   1433   1435
   1438   1439   1440   1442   1444   1446   1447   2548   2550   2552
   2555   2558   2559   2560   2561   2562   2627   2629   2631   2633
   2637   2640   2644   2645   2646   2648   2651   2652   3226   3228
   3231   3232   3233   3235   3237   3240   3242   3243   3493   3495
   3497   3500   3502   3506   3510   3511   3528   3530   3533   3534
   3535   3537   3540   3541   7575   7576   7577   7578   7579   7580
   7583   7584   7585   7586   7629   7632   7635   7638   8019
 group =     3, "(sid:TIMA or sid:TIMB) and not (an:CA | an:C | an:O | an:N) and not hydrogen"
 # of atoms =  1798
 atomlist: 
      1      5      6     11     21     24     27     30     32     33
     36     45     47     49     59     62     63     65     67     69
     71     79     82     83     85     87     89     91     99    101
    105    129    132    133    134    143    146    147    149    151
    153    155    163    166    169    172    175    185    188    190
    194    204    207    208    209    225    228    236    239    242
    245    248    258    261    264    265    266    275    278    286
    288    292    295    305    308    311    314    317    327    330
    333    334    335    342    344    348    351    361    363    367
    377    380    383    384    385    392    395    398    401    403
    404    407    416    419    421    425    435    438    439    440
    449    451    453    463    473    476    484    486    490    493
    500    505    508    517    520    523    524    525    532    535
    536    537    546    548    552    562    565    568    569    570
    577    579    583    593    595    599    609    611    615    618
    628    631    636    641    644    650    655    658    667    677
    679    681    691    694    695    697    699    700    702    704
    712    715    717    721    731    734    735    736    743    746
    747    749    751    752    754    756    764    767    775    777
    781    791    794    802    805    807    811    821    823    827
    837    840    843    846    849    859    862    865    868    871
    878    883    886    895    898    901    902    903    912    914
    918    928    930    932    942    944    948    965    975    978
    981    982    983    992    995    996    997   1006   1016   1019
   1020   1022   1024   1025   1027   1029   1037   1040   1042   1046
   1056   1059   1062   1065   1068   1078   1088   1091   1106   1116
   1119   1120   1122   1124   1126   1128   1136   1138   1140   1157
   1160   1163   1164   1165   1172   1175   1176   1177   1186   1189
   1197   1199   1203   1213   1216   1217   1218   1225   1228   1231
   1232   1233   1242   1244   1248   1251   1261   1264   1267   1270
   1273   1283   1286   1287   1288   1295   1297   1301   1318   1328
   1331   1334   1337   1340   1350   1353   1354   1356   1358   1359
   1360   1362   1364   1366   1374   1376   1380   1390   1392   1396
   1399   1409   1412   1414   1418   1435   1438   1439   1440   1442
   1444   1452   1455   1463   1466   1469   1470   1471   1478   1481
   1484   1487   1489   1490   1493   1502   1505   1508   1511   1513
   1514   1517   1526   1529   1537   1540   1541   1543   1545   1546
   1548   1550   1558   1561   1562   1564   1566   1568   1570   1578
   1581   1583   1584   1586   1587   1595   1598   1601   1602   1603
   1610   1613   1614   1615   1622   1625   1626   1627   1634   1637
   1640   1643   1646   1656   1659   1660   1662   1664   1666   1668
   1676   1678   1682   1685   1695   1705   1708   1709   1710   1717
   1720   1723   1726   1729   1739   1741   1743   1753   1756   1759
   1762   1765   1775   1778   1779   1781   1783   1785   1787   1795
   1805   1808   1810   1814   1831   1834   1837   1838   1839   1855
   1857   1861   1878   1880   1884   1894   1896   1900   1903   1913
   1916   1918   1922   1932   1935   1943   1945   1949   1952   1969
   1972   1975   1976   1977   1984   1986   1988   1998   2001   2003
   2007   2017   2020   2023   2024   2025   2032   2035   2038   2039
   2040   2047   2050   2053   2056   2059   2069   2072   2075   2078
   2081   2091   2108   2111   2114   2117   2120   2130   2132   2134
   2144   2147   2149   2153   2163   2166   2167   2168   2175   2177
   2181   2191   2193   2197   2207   2210   2213   2214   2215   2222
   2225   2228   2231   2233   2234   2237   2246   2249   2252   2253
   2254   2263   2266   2268   2272   2282   2285   2286   2287   2296
   2306   2308   2312   2322   2325   2327   2331   2341   2344   2347
   2348   2349   2356   2359   2362   2363   2364   2371   2373   2377
   2387   2390   2393   2396   2399   2409   2412   2413   2414   2421
   2424   2425   2427   2429   2430   2431   2433   2435   2437   2445
   2447   2449   2459   2462   2463   2464   2473   2475   2479   2489
   2491   2495   2505   2507   2511   2521   2531   2534   2535   2537
   2539   2540   2542   2544   2552   2555   2558   2559   2560   2564
   2569   2572   2581   2583   2587   2597   2600   2601   2603   2605
   2606   2607   2609   2611   2613   2621   2631   2633   2637   2640
   2657   2659   2661   2678   2681   2683   2687   2697   2707   2717
   2719   2721   2728   2733   2736   2745   2748   2751   2752   2753
   2760   2763   2764   2765   2772   2782   2785   2788   2789   2790
   2799   2802   2803   2804   2811   2813   2817   2820   2830   2833
   2835   2836   2838   2839   2847   2857   2860   2868   2870   2874
   2877   2887   2890   2893   2896   2898   2899   2902   2911   2914
   2917   2920   2923   2933   2936   2937   2939   2941   2943   2945
   2953   2956   2958   2962   2972   2982   2985   2993   2996   2999
   3002   3005   3015   3018   3020   3024   3041   3044   3045   3046
   3053   3056   3059   3062   3065   3075   3085   3095   3098   3106
   3109   3112   3113   3114   3121   3124   3126   3130   3140   3143
   3146   3149   3151   3152   3155   3164   3166   3170   3173   3183
   3186   3188   3192   3202   3205   3206   3208   3210   3211   3213
   3215   3237   3240   3248   3258   3261   3262   3263   3279   3282
   3290   3293   3294   3295   3304   3314   3316   3320   3330   3332
   3334   3344   3347   3348   3350   3352   3354   3356   3364   3367
   3370   3373   3376   3386   3389   3390   3391   3398   3401   3404
   3407   3410   3420   3430   3433   3434   3435   3442   3444   3448
   3458   3461   3462   3463   3477   3480   3481   3483   3485   3487
   3489   3497   3500   3502   3506   3516   3518   3522   3546   3556
   3559   3567   3570   3572   3576   3586   3589   3592   3595   3598
   3605   3610   3613   3622   3625   3628   3629   3630   3637   3640
   3641   3643   3645   3647   3649   3657   3659   3663   3673   3676
   3677   3678   3685   3687   3691   3694   3704   3706   3710   3713
   3723   3726   3727   3728   3737   3740   3748   3751   3754   3757
   3759   3760   3763   3772   3775   3776   3777   3782   3784   3788
   3792   3793   3798   3808   3811   3814   3817   3819   3820   3823
   3832   3834   3836   3846   3849   3850   3852   3854   3856   3858
   3866   3869   3870   3872   3874   3876   3878   3886   3888   3892
   3916   3919   3920   3921   3930   3933   3934   3936   3938   3940
   3942   3950   3953   3956   3959   3962   3972   3975   3977   3981
   3991   3994   3995   3996   4012   4015   4023   4026   4029   4032
   4035   4045   4048   4051   4052   4053   4062   4065   4073   4075
   4079   4082   4092   4095   4098   4101   4104   4114   4117   4120
   4121   4122   4129   4131   4135   4138   4148   4150   4154   4164
   4167   4170   4171   4172   4179   4182   4185   4188   4190   4191
   4194   4203   4206   4208   4212   4222   4225   4226   4227   4236
   4238   4240   4250   4260   4263   4271   4273   4277   4280   4287
   4292   4295   4304   4307   4310   4311   4312   4319   4322   4323
   4324   4333   4335   4339   4349   4352   4355   4356   4357   4364
   4366   4370   4380   4382   4386   4396   4398   4402   4405   4415
   4418   4423   4428   4431   4437   4442   4445   4454   4464   4466
   4468   4478   4481   4482   4484   4486   4487   4489   4491   4499
   4502   4504   4508   4518   4521   4522   4523   4530   4533   4534
   4536   4538   4539   4541   4543   4551   4554   4562   4564   4568
   4578   4581   4589   4592   4594   4598   4608   4610   4614   4624
   4627   4630   4633   4636   4646   4649   4652   4655   4658   4665
   4670   4673   4682   4685   4688   4689   4690   4699   4701   4705
   4715   4717   4719   4729   4731   4735   4752   4762   4765   4768
   4769   4770   4779   4782   4783   4784   4793   4803   4806   4807
   4809   4811   4812   4814   4816   4824   4827   4829   4833   4843
   4846   4849   4852   4855   4865   4875   4878   4893   4903   4906
   4907   4909   4911   4913   4915   4923   4925   4927   4944   4947
   4950   4951   4952   4959   4962   4963   4964   4973   4976   4984
   4986   4990   5000   5003   5004   5005   5012   5015   5018   5019
   5020   5029   5031   5035   5038   5048   5051   5054   5057   5060
   5070   5073   5074   5075   5082   5084   5088   5105   5115   5118
   5121   5124   5127   5137   5140   5141   5143   5145   5146   5147
   5149   5151   5153   5161   5163   5167   5177   5179   5183   5186
   5196   5199   5201   5205   5222   5225   5226   5227   5229   5231
   5239   5242   5250   5253   5256   5257   5258   5265   5268   5271
   5274   5276   5277   5280   5289   5292   5295   5298   5300   5301
   5304   5313   5316   5324   5327   5328   5330   5332   5333   5335
   5337   5345   5348   5349   5351   5353   5355   5357   5365   5368
   5370   5371   5373   5374   5382   5385   5388   5389   5390   5397
   5400   5401   5402   5409   5412   5413   5414   5421   5424   5427
   5430   5433   5443   5446   5447   5449   5451   5453   5455   5463
   5465   5469   5472   5482   5492   5495   5496   5497   5504   5507
   5510   5513   5516   5526   5528   5530   5540   5543   5546   5549
   5552   5562   5565   5566   5568   5570   5572   5574   5582   5592
   5595   5597   5601   5618   5621   5624   5625   5626   5642   5644
   5648   5665   5667   5671   5681   5683   5687   5690   5700   5703
   5705   5709   5719   5722   5730   5732   5736   5739   5756   5759
   5762   5763   5764   5771   5773   5775   5785   5788   5790   5794
   5804   5807   5810   5811   5812   5819   5822   5825   5826   5827
   5834   5837   5840   5843   5846   5856   5859   5862   5865   5868
   5878   5895   5898   5901   5904   5907   5917   5919   5921   5931
   5934   5936   5940   5950   5953   5954   5955   5962   5964   5968
   5978   5980   5984   5994   5997   6000   6001   6002   6009   6012
   6015   6018   6020   6021   6024   6033   6036   6039   6040   6041
   6050   6053   6055   6059   6069   6072   6073   6074   6083   6093
   6095   6099   6109   6112   6114   6118   6128   6131   6134   6135
   6136   6143   6146   6149   6150   6151   6158   6160   6164   6174
   6177   6180   6183   6186   6196   6199   6200   6201   6208   6211
   6212   6214   6216   6217   6218   6220   6222   6224   6232   6234
   6236   6246   6249   6250   6251   6260   6262   6266   6276   6278
   6282   6292   6294   6298   6308   6318   6321   6322   6324   6326
   6327   6329   6331   6339   6342   6345   6346   6347   6351   6356
   6359   6368   6370   6374   6384   6387   6388   6390   6392   6393
   6394   6396   6398   6400   6408   6418   6420   6424   6427   6444
   6446   6448   6465   6468   6470   6474   6484   6494   6504   6506
   6508   6515   6520   6523   6532   6535   6538   6539   6540   6547
   6550   6551   6552   6559   6569   6572   6575   6576   6577   6586
   6589   6590   6591   6598   6600   6604   6607   6617   6620   6622
   6623   6625   6626   6634   6644   6647   6655   6657   6661   6664
   6674   6677   6680   6683   6685   6686   6689   6698   6701   6704
   6707   6710   6720   6723   6724   6726   6728   6730   6732   6740
   6743   6745   6749   6759   6769   6772   6780   6783   6786   6789
   6792   6802   6805   6807   6811   6828   6831   6832   6833   6840
   6843   6846   6849   6852   6862   6872   6882   6885   6893   6896
   6899   6900   6901   6908   6911   6913   6917   6927   6930   6933
   6936   6938   6939   6942   6951   6953   6957   6960   6970   6973
   6975   6979   6989   6992   6993   6995   6997   6998   7000   7002
   7024   7027   7035   7045   7048   7049   7050   7066   7069   7077
   7080   7081   7082   7091   7101   7103   7107   7117   7119   7121
   7131   7134   7135   7137   7139   7141   7143   7151   7154   7157
   7160   7163   7173   7176   7177   7178   7185   7188   7191   7194
   7197   7207   7217   7220   7221   7222   7229   7231   7235   7245
   7248   7249   7250   7264   7267   7268   7270   7272   7274   7276
   7284   7287   7289   7293   7303   7305   7309   7333   7343   7346
   7354   7357   7359   7363   7373   7376   7379   7382   7385   7392
   7397   7400   7409   7412   7415   7416   7417   7424   7427   7428
   7430   7432   7434   7436   7444   7446   7450   7460   7463   7464
   7465   7472   7474   7478   7481   7491   7493   7497   7500   7510
   7513   7514   7515   7524   7527   7535   7538   7541   7544   7546
   7547   7550   7559   7562   7563   7564   7569   7571
 group =     4, "sid:WAT and an:OH2"
 # of atoms =   251
 atomlist: 
   7605   7608   7611   7614   7617   7620   7623   7626   7629   7632
   7635   7638   7641   7644   7647   7650   7653   7656   7659   7662
   7665   7668   7671   7674   7677   7680   7683   7686   7689   7692
   7695   7698   7701   7704   7707   7710   7713   7716   7719   7722
   7725   7728   7731   7734   7737   7740   7743   7746   7749   7752
   7755   7758   7761   7764   7767   7770   7773   7776   7779   7782
   7785   7788   7791   7794   7797   7800   7803   7806   7809   7812
   7815   7818   7821   7824   7827   7830   7833   7836   7839   7842
   7845   7848   7851   7854   7857   7860   7863   7866   7869   7872
   7875   7878   7881   7884   7887   7890   7893   7896   7899   7902
   7905   7908   7911   7914   7917   7920   7923   7926   7929   7932
   7935   7938   7941   7944   7947   7950   7953   7956   7959   7962
   7965   7968   7971   7974   7977   7980   7983   7986   7989   7992
   7995   7998   8001   8004   8007   8010   8013   8016   8019   8022
   8025   8028   8031   8034   8037   8040   8043   8046   8049   8052
   8055   8058   8061   8064   8067   8070   8073   8076   8079   8082
   8085   8088   8091   8094   8097   8100   8103   8106   8109   8112
   8115   8118   8121   8124   8127   8130   8133   8136   8139   8142
   8145   8148   8151   8154   8157   8160   8163   8166   8169   8172
   8175   8178   8181   8184   8187   8190   8193   8196   8199   8202
   8205   8208   8211   8214   8217   8220   8223   8226   8229   8232
   8235   8238   8241   8244   8247   8250   8253   8256   8259   8262
   8265   8268   8271   8274   8277   8280   8283   8286   8289   8292
   8295   8298   8301   8304   8307   8310   8313   8316   8319   8322
   8325   8328   8331   8334   8337   8340   8343   8346   8349   8352
   8355
Setup_Enefunc_Restraint> Setup restraint functions
 func  =     1 kind  =     1
 const(total, x, y, z) =    5.000   1.000   1.000   1.000
 exponend of function =     2
 # of groups  =     1
 grouplist:   1

 func  =     2 kind  =     1
 const(total, x, y, z) =    2.000   1.000   1.000   1.000
 exponend of function =     2
 # of groups  =     1
 grouplist:   2

 func  =     3 kind  =     1
 const(total, x, y, z) =    1.000   1.000   1.000   1.000
 exponend of function =     2
 # of groups  =     1
 grouplist:   3

 func  =     4 kind  =     1
 const(total, x, y, z) =    1.000   1.000   1.000   1.000
 exponend of function =     2
 # of groups  =     1
 grouplist:   4

Define_Enefunc_CHARMM> Number of Interactions in Each Term
  bond_ene        =      37288  angle_ene       =      23768
  urey_ene        =       6660
  torsion_ene     =      23932  improper_ene    =       1292
  cmap_ene        =        494
  restraint_groups=          4  restraint_funcs =          4
 
Setup_Fitting_Atdyn> NO fitting is applied, skip
  fitting method  =  NO
 
Update_Num_Deg_Freedom> Number of degrees of freedom was updated
  num_deg_freedom =      82743 (After setup of fixed atoms at boundary)
 
Remove_Fixatm> Modified Interactions
  bond_ene        =      27643  angle_ene       =      20553
  urey_ene        =       6660
  torsion_ene     =      23932  improper_ene    =       1292
 
Setup_Settle> Setup constraints for SETTLE
  num_unconsbonds =       7666      num_Settle  =       6659
  r0(O-H)         =     0.9572  mass(O)         =    15.9994
  r0(H-H)         =     1.5139  mass(H)         =     1.0080
 
Setup_Shake> Setup constrains for SHAKE and RATTLE
  num_unconsbonds =       3856  num_rigid_bonds =       3810
 
Update_Num_Deg_Freedom> Number of degrees of freedom was updated
  num_deg_freedom =      62766 (After setup of SETTLE)
 
Update_Num_Deg_Freedom> Number of degrees of freedom was updated
  num_deg_freedom =      58956 (After setup of SHAKE/RATTLE)
 
[STEP4] Compute Single Point Energy for Molecules
 
            STEP            BOND           ANGLE    UREY-BRADLEY        DIHEDRAL        IMPROPER            CMAP         VDWAALS           ELECT    RESTRAINT001    RESTRAINT002    RESTRAINT003    RESTRAINT004    RESTR_CVS001    RESTR_CVS002    RESTR_CVS003    RESTR_CVS004            SPOT
 --------------- --------------- --------------- --------------- ---------------
               0       1449.9913       3682.1893        472.3753       4561.6407        262.4029       -168.1609       7199.5172    -117637.5027        218.4494         11.2132        143.5789         61.4793          0.0000          0.0000          0.0000          0.0000         14.7725

[STEP5] Perform Molecular Dynamics Simulation
 
INFO:       STEP            TIME       TOTAL_ENE   POTENTIAL_ENE     KINETIC_ENE            RMSG            BOND           ANGLE    UREY-BRADLEY        DIHEDRAL        IMPROPER            CMAP         VDWAALS           ELECT RESTRAINT_TOTAL    RESTRAINT001    RESTRAINT002    RESTRAINT003    RESTRAINT004    RESTR_CVS001    RESTR_CVS002    RESTR_CVS003    RESTR_CVS004     TEMPERATURE          VOLUME            SPOT
 --------------- --------------- --------------- --------------- ---------------
INFO:        500          1.0000     -82101.5416     -99680.1106      17578.5691         12.6132       1424.9037       3653.2913        469.3764       4526.6303        274.0551       -150.1384       7105.1101    -117637.7649        654.4258        344.0010          6.1410        210.5945         93.6893          0.0000          0.0000          0.0000          0.0000        300.0861          0.0000         18.3496

INFO:       1000          2.0000     -82094.2748     -99607.7820      17513.5073         12.5602       1407.4027       3684.4889        478.2190       4557.7828        281.2444       -176.5030       7037.9569    -117522.6201        644.2463        343.7077          7.8501        204.7287         87.9598          0.0000          0.0000          0.0000          0.0000        298.9754          0.0000         12.5685

INFO:       1500          3.0000     -82129.1617     -99554.2860      17425.1243         12.6403       1477.8964       3633.9844        468.7969       4548.6880        283.0356       -172.5635       6988.0585    -117444.6213        662.4389        337.8524          8.0659        214.8346        101.6859          0.0000          0.0000          0.0000          0.0000        297.4666          0.0000          8.6120

INFO:       2000          4.0000     -82132.9564     -99575.5356      17442.5792         12.6538       1477.9584       3679.7073        454.2628       4550.7212        264.7275       -165.2174       7104.6629    -117598.8937        656.5356        333.8424          8.4761        220.8914         93.3256          0.0000          0.0000          0.0000          0.0000        297.7646          0.0000         18.9069

INFO:       2500          5.0000     -82040.2707     -99480.5225      17440.2517         12.6476       1444.3108       3739.0265        479.3764       4543.0507        262.8687       -165.6476       7188.2294    -117627.3489        655.6114        327.2882          9.0521        214.8970        104.3741          0.0000          0.0000          0.0000          0.0000        297.7249          0.0000         15.9313

INFO:       3000          6.0000     -82032.7992     -99391.3017      17358.5025         12.6769       1466.5523       3731.6363        485.7396       4564.8138        243.5899       -176.1523       6953.3176    -117333.4600        672.6611        334.6181          9.4518        225.5074        103.0837          0.0000          0.0000          0.0000          0.0000        296.3293          0.0000         15.6941

INFO:       3500          7.0000     -82011.1516     -99626.0386      17614.8870         12.6595       1430.1149       3633.2228        463.6129       4543.1744        263.7236       -166.8157       7277.5040    -117726.5956        656.0201        334.9243          9.2066        220.9971         90.8921          0.0000          0.0000          0.0000          0.0000        300.7061          0.0000         14.2147

INFO:       4000          8.0000     -81979.2854     -99397.8617      17418.5763         12.5913       1410.5726       3742.3281        477.7257       4555.0154        264.1296       -155.7628       6828.3319    -117185.1109        664.9086        340.5727         10.3054        222.8828         91.1477          0.0000          0.0000          0.0000          0.0000        297.3549          0.0000         22.4549

INFO:       4500          9.0000     -81946.6566     -99477.8866      17531.2300         12.5483       1416.3466       3649.9132        461.3604       4550.2199        261.8533       -183.3113       7132.0816    -117421.7345        655.3842        327.3350          7.7455        208.2247        112.0790          0.0000          0.0000          0.0000          0.0000        299.2780          0.0000         15.3682

INFO:       5000         10.0000     -81980.1644     -99483.7729      17503.6084         12.5836       1470.9504       3666.1356        480.4916       4582.8194        264.0353       -176.6032       7009.2831    -117447.5497        666.6647        335.5770          9.0605        209.9752        112.0520          0.0000          0.0000          0.0000          0.0000        298.8064          0.0000         22.3548

INFO:       5500         11.0000     -82050.1272     -99604.1220      17553.9949         12.6692       1433.0320       3704.5432        482.3253       4564.0625        247.6245       -181.6965       7149.0952    -117677.1388        674.0306        339.5323          9.2538        217.7829        107.4616          0.0000          0.0000          0.0000          0.0000        299.6666          0.0000         20.3620

INFO:       6000         12.0000     -82049.8820     -99612.2165      17562.3345         12.6027       1405.2086       3661.9982        470.9815       4547.5357        265.4072       -187.9636       7254.8336    -117690.7808        660.5631        324.3242          8.2729        216.9619        111.0041          0.0000          0.0000          0.0000          0.0000        299.8090          0.0000         17.0436

INFO:       6500         13.0000     -82063.7874     -99616.8413      17553.0539         12.6428       1446.5583       3647.7937        472.7731       4548.9264        261.9014       -165.0847       7379.6162    -117881.5787        672.2531        333.0189          8.4546        214.4429        116.3368          0.0000          0.0000          0.0000          0.0000        299.6505          0.0000         13.3692

INFO:       7000         14.0000     -81983.8512     -99585.5793      17601.7281         12.6102       1465.5794       3680.6129        483.6719       4577.7825        269.3308       -176.6182       7168.0665    -117733.4669        679.4620        337.4471          8.2485        221.5019        112.2645          0.0000          0.0000          0.0000          0.0000        300.4815          0.0000         16.6341

INFO:       7500         15.0000     -81915.7015     -99457.6637      17541.9622         12.6853       1507.0813       3632.1128        470.7238       4559.2787        258.5705       -157.1257       6944.9273    -117348.2405        675.0082        339.7838          7.3773        215.7142        112.1329          0.0000          0.0000          0.0000          0.0000        299.4612          0.0000         12.8705

INFO:       8000         16.0000     -81991.2241     -99581.4298      17590.2057         12.6648       1423.9980       3718.9850        490.9327       4507.3987        275.4018       -177.2167       7086.3473    -117578.4470        671.1704        345.5813          7.6694        206.4638        111.4558          0.0000          0.0000          0.0000          0.0000        300.2848          0.0000         12.0902

INFO:       8500         17.0000     -81953.6155     -99495.3367      17541.7212         12.7004       1486.4353       3704.7860        471.6949       4519.5498        283.1344       -175.0494       7097.2454    -117574.7015        691.5683        342.6510          7.6478        225.4697        115.7998          0.0000          0.0000          0.0000          0.0000        299.4571          0.0000         12.0906

INFO:       9000         18.0000     -81967.4312     -99535.3823      17567.9511         12.6907       1447.4859       3681.6656        476.0237       4549.0569        265.8604       -176.5838       7223.9500    -117676.8597        674.0187        339.8445          7.0056        230.3961         96.7725          0.0000          0.0000          0.0000          0.0000        299.9048          0.0000         18.1271

INFO:       9500         19.0000     -81932.7259     -99508.0702      17575.3442         12.6213       1466.8556       3661.7442        487.1162       4554.3434        264.9829       -179.6936       6877.3719    -117303.6981        662.9073        330.1752          7.7944        217.8343        107.1035          0.0000          0.0000          0.0000          0.0000        300.0311          0.0000         14.5816

INFO:      10000         20.0000     -81940.3269     -99641.2705      17700.9436         12.5557       1447.8289       3659.7320        469.6231       4552.3961        250.0445       -159.3187       6944.4845    -117516.7062        710.6452        359.9429          7.1793        236.3112        107.2118          0.0000          0.0000          0.0000          0.0000        302.1752          0.0000         17.6383

INFO:      10500         21.0000     -81806.6849     -99311.3057      17504.6208         12.6409       1454.9598       3710.1649        501.8718       4569.5670        263.2185       -158.7865       7086.5521    -117404.5843        665.7310        345.6273          6.8292        219.8740         93.4005          0.0000          0.0000          0.0000          0.0000        298.8237          0.0000         14.9830

INFO:      11000         22.0000     -81799.6308     -99516.8488      17717.2180         12.6878       1484.6715       3688.7708        472.3419       4523.8298        255.7632       -158.4694       7197.2832    -117642.1852        661.1453        336.6293          7.9056        219.1698         97.4406          0.0000          0.0000          0.0000          0.0000        302.4530          0.0000         27.3467

INFO:      11500         23.0000     -81724.5418     -99382.7032      17658.1614         12.6593       1480.5413       3721.7956        487.3076       4532.9941        248.9303       -164.1526       7056.8804    -117412.1950        665.1952        345.0014          9.0519        213.1033         98.0386          0.0000          0.0000          0.0000          0.0000        301.4448          0.0000         14.0617

INFO:      12000         24.0000     -81658.1746     -99437.0582      17778.8836         12.6500       1450.2700       3745.9062        468.2680       4546.3908        255.2844       -194.1688       7161.2211    -117543.6264        673.3964        353.2835          8.5849        214.5618         96.9661          0.0000          0.0000          0.0000          0.0000        303.5057          0.0000         19.8711

INFO:      12500         25.0000     -81589.4303     -99284.6660      17695.2357         12.6493       1444.1201       3772.6403        481.5809       4552.6365        279.1453       -162.8059       7033.3389    -117339.2567        653.9347        343.1962         11.8735        199.8829         98.9820          0.0000          0.0000          0.0000          0.0000        302.0777          0.0000         12.2802

INFO:      13000         26.0000     -81627.4566     -99261.6481      17634.1915         12.7024       1426.6749       3764.3432        492.8320       4559.1324        278.6197       -182.1504       7270.9547    -117560.0165        687.9618        359.4012          8.3075        230.4701         89.7829          0.0000          0.0000          0.0000          0.0000        301.0356          0.0000         16.6635

INFO:      13500         27.0000     -81764.6660     -99457.4917      17692.8257         12.7011       1484.9916       3609.5666        484.5354       4575.0735        270.5812       -170.8982       7228.1867    -117630.0261        690.4976        361.1496          8.2484        224.3519         96.7477          0.0000          0.0000          0.0000          0.0000        302.0366          0.0000         20.0157

INFO:      14000         28.0000     -81851.2106     -99437.3822      17586.1716         12.6243       1486.4226       3682.9317        477.3426       4570.2802        283.3298       -174.9063       7112.5554    -117526.0857        650.7474        328.7950          6.3920        219.9743         95.5861          0.0000          0.0000          0.0000          0.0000        300.2159          0.0000         15.0341

INFO:      14500         29.0000     -81916.6652     -99554.6592      17637.9941         12.5771       1443.6981       3688.5068        483.9280       4556.0768        260.0672       -164.9450       7182.1973    -117650.0427        645.8543        318.5904          7.3263        216.1690        103.7686          0.0000          0.0000          0.0000          0.0000        301.1006          0.0000         12.5805

INFO:      15000         30.0000     -81860.1896     -99407.3970      17547.2074         12.6056       1448.9541       3715.1868        499.8607       4553.3128        254.4254       -163.0776       6956.6601    -117320.6606        647.9412        330.4877          7.6179        217.0243         92.8114          0.0000          0.0000          0.0000          0.0000        299.5507          0.0000         18.6742

INFO:      15500         31.0000     -81954.5727     -99450.9592      17496.3865         12.6059       1407.6957       3701.0849        474.0715       4559.5647        244.4801       -186.2166       7134.0820    -117450.6266        664.9049        336.7699          8.1810        214.9550        104.9990          0.0000          0.0000          0.0000          0.0000        298.6832          0.0000         15.8903

INFO:      16000         32.0000     -81954.4726     -99516.7987      17562.3261         12.6192       1479.9517       3626.2472        479.4606       4526.2965        261.2662       -175.6080       7298.4779    -117652.0094        639.1186        329.1177          9.9958        206.4400         93.5650          0.0000          0.0000          0.0000          0.0000        299.8088          0.0000          9.1938

INFO:      16500         33.0000     -81869.2494     -99432.6839      17563.4345         12.6114       1426.4045       3700.0317        482.1837       4548.9848        254.0915       -177.5842       7259.3604    -117598.4175        672.2611        343.1914          7.4798        225.1544         96.4355          0.0000          0.0000          0.0000          0.0000        299.8277          0.0000         13.2734

INFO:      17000         34.0000     -81874.9878     -99428.5818      17553.5940         12.6410       1469.8952       3641.4399        480.5005       4527.2730        258.8111       -157.8952       7138.5658    -117451.8256        664.6534        336.4461          7.1771        222.1434         98.8868          0.0000          0.0000          0.0000          0.0000        299.6598          0.0000         13.0735

INFO:      17500         35.0000     -81847.0289     -99458.7999      17611.7709         12.5509       1441.4445       3671.2463        476.6265       4548.7351        267.8959       -190.3477       7086.7063    -117420.5115        659.4047        343.8077          8.5139        217.6519         89.4313          0.0000          0.0000          0.0000          0.0000        300.6529          0.0000         12.3861

INFO:      18000         36.0000     -81894.4865     -99481.6592      17587.1726         12.6222       1409.7037       3725.0817        479.4427       4549.9924        277.3550       -172.7466       7282.3717    -117716.5776        683.7177        338.6457          9.7027        222.2750        113.0944          0.0000          0.0000          0.0000          0.0000        300.2330          0.0000         12.6713

INFO:      18500         37.0000     -81908.1923     -99504.9324      17596.7401         12.6956       1445.9647       3676.8544        456.9982       4526.8418        272.9340       -149.1969       7405.0231    -117780.3979        640.0462        319.7849          7.8830        220.4495         91.9288          0.0000          0.0000          0.0000          0.0000        300.3963          0.0000         10.0060

INFO:      19000         38.0000     -81779.7309     -99185.9092      17406.1783         12.6667       1441.8496       3695.0537        473.1849       4592.8633        274.9330       -173.6045       7149.7255    -117312.1759        672.2612        338.9191          9.7199        219.2371        104.3851          0.0000          0.0000          0.0000          0.0000        297.1432          0.0000         21.4646

INFO:      19500         39.0000     -81840.5530     -99360.8160      17520.2630         12.6803       1432.6262       3792.6148        484.6710       4560.9006        259.1819       -158.0315       7011.0573    -117387.7843        643.9482        327.7859          9.7365        214.2049         92.2210          0.0000          0.0000          0.0000          0.0000        299.0908          0.0000         15.5434

INFO:      20000         40.0000     -81870.5642     -99419.8680      17549.3038         12.5960       1406.2268       3673.7606        476.3674       4590.8193        241.6099       -152.8401       7059.5550    -117396.5844        681.2176        343.3797          8.4775        221.7777        107.5826          0.0000          0.0000          0.0000          0.0000        299.5865          0.0000         21.5895

INFO:      20500         41.0000     -81805.4559     -99448.2773      17642.8214         12.6634       1476.1890       3676.5256        476.2471       4543.3375        251.6116       -174.9969       7184.4423    -117562.4075        680.7741        336.7080          8.7746        228.5253        106.7662          0.0000          0.0000          0.0000          0.0000        301.1830          0.0000         10.4076

INFO:      21000         42.0000     -81875.3407     -99344.6157      17469.2750         12.6612       1462.1567       3779.8253        494.7203       4549.8463        267.5264       -165.3694       6911.4227    -117313.9847        669.2407        338.5484          8.2225        222.2600        100.2097          0.0000          0.0000          0.0000          0.0000        298.2203          0.0000         12.3248

INFO:      21500         43.0000     -81811.4352     -99408.4663      17597.0311         12.5684       1435.3506       3697.5074        478.2160       4560.0958        277.5120       -182.3444       6965.7534    -117302.6567        662.0996        340.7869          6.5698        215.0401         99.7028          0.0000          0.0000          0.0000          0.0000        300.4013          0.0000          9.3300

INFO:      22000         44.0000     -81875.3463     -99469.1881      17593.8418         12.5861       1475.2382       3755.3192        469.2314       4580.6928        253.7101       -161.4127       6953.1622    -117450.6470        655.5177        331.8942          8.9189        214.6846        100.0201          0.0000          0.0000          0.0000          0.0000        300.3468          0.0000         11.0587

INFO:      22500         45.0000     -81996.7807     -99509.5232      17512.7425         12.6250       1474.3352       3638.2569        465.2535       4497.8367        263.0262       -169.0956       6919.8456    -117257.9378        658.9562        333.8640          5.9744        227.9862         91.1315          0.0000          0.0000          0.0000          0.0000        298.9624          0.0000         13.5817

INFO:      23000         46.0000     -82006.1691     -99624.3213      17618.1522         12.6027       1469.1190       3639.8978        473.9663       4543.8237        272.0786       -174.9021       7009.0550    -117549.9949        692.6352        354.1578         10.1672        229.4973         98.8129          0.0000          0.0000          0.0000          0.0000        300.7618          0.0000         13.9405

INFO:      23500         47.0000     -82037.0312     -99579.6438      17542.6126         12.6632       1422.8055       3670.3123        469.2739       4555.9200        282.4848       -158.9255       7154.4024    -117655.8162        679.8990        345.1389          8.2130        229.8063         96.7407          0.0000          0.0000          0.0000          0.0000        299.4723          0.0000          6.7949

INFO:      24000         48.0000     -82056.2095     -99538.6462      17482.4367         12.5817       1417.5530       3752.9568        476.9928       4588.1832        255.8152       -167.1035       7143.9317    -117676.8963        669.9210        332.9124          7.4438        227.5931        101.9717          0.0000          0.0000          0.0000          0.0000        298.4450          0.0000         20.2457

INFO:      24500         49.0000     -82034.0813     -99466.8049      17432.7236         12.7114       1457.7013       3771.4345        483.6881       4585.8908        263.3007       -173.9905       7189.5435    -117727.5323        683.1590        345.3512          8.4775        227.3230        102.0073          0.0000          0.0000          0.0000          0.0000        297.5964          0.0000         19.7607

INFO:      25000         50.0000     -82075.6211     -99608.7475      17533.1264         12.6438       1425.2422       3751.5062        486.8719       4585.0913        261.4025       -183.4163       7273.3214    -117887.6406        678.8740        338.2547          7.7635        234.1375         98.7183          0.0000          0.0000          0.0000          0.0000        299.3104          0.0000         15.2449

INFO:      25500         51.0000     -82073.7642     -99681.2385      17607.4743         12.6104       1428.3039       3697.3317        475.1935       4536.8974        263.4731       -193.0677       6913.3507    -117496.0141        693.2930        359.8759          9.2614        224.5322         99.6235          0.0000          0.0000          0.0000          0.0000        300.5796          0.0000         12.1986

INFO:      26000         52.0000     -82137.1631     -99543.7902      17406.6271         12.6474       1427.7724       3709.4656        466.3431       4557.1681        247.7513       -164.3182       7314.4462    -117766.7701        664.3514        340.4027          8.6958        225.3316         89.9213          0.0000          0.0000          0.0000          0.0000        297.1509          0.0000         20.2301

INFO:      26500         53.0000     -82027.0221     -99594.8109      17567.7888         12.7271       1453.7095       3787.1337        477.2221       4547.7675        275.0542       -156.1909       7130.5990    -117764.8440        654.7380        340.9910          9.1659        214.9247         89.6565          0.0000          0.0000          0.0000          0.0000        299.9021          0.0000         14.8346

INFO:      27000         54.0000     -82182.7112     -99540.2505      17357.5393         12.6206       1421.0289       3730.5540        477.2117       4537.1006        265.1109       -180.9891       7210.5039    -117676.5727        675.8013        334.3452         10.0602        229.3870        102.0090          0.0000          0.0000          0.0000          0.0000        296.3129          0.0000         18.2118

INFO:      27500         55.0000     -82120.2690     -99738.2289      17617.9599         12.7048       1518.8754       3756.7613        478.6271       4541.1782        261.9881       -160.3898       7316.3349    -118096.8665        645.2623        328.4390          7.8069        214.6187         94.3978          0.0000          0.0000          0.0000          0.0000        300.7586          0.0000         13.8745

INFO:      28000         56.0000     -82044.3714     -99608.5385      17564.1671         12.6935       1495.9245       3736.0137        492.4625       4588.6887        266.3933       -169.1401       7268.3922    -117954.5315        667.2582        323.7915          8.3626        229.6843        105.4198          0.0000          0.0000          0.0000          0.0000        299.8403          0.0000         14.4187

INFO:      28500         57.0000     -82150.9408     -99715.5051      17564.5643         12.6693       1463.6087       3684.5477        487.6825       4549.0617        268.8216       -160.3149       7117.3301    -117796.2508        670.0084        348.7718          8.3508        217.0292         95.8566          0.0000          0.0000          0.0000          0.0000        299.8470          0.0000         11.9249

INFO:      29000         58.0000     -82143.2384     -99555.7965      17412.5581         12.6410       1446.9203       3727.9170        470.1228       4564.0269        263.0437       -158.0725       7048.9815    -117596.8929        678.1566        359.0919          7.0139        218.7655         93.2853          0.0000          0.0000          0.0000          0.0000        297.2521          0.0000         10.2744

INFO:      29500         59.0000     -82309.3959     -99792.8246      17483.4287         12.5625       1422.0688       3669.8921        478.6188       4571.9487        259.6257       -165.7650       7132.2136    -117824.2417        662.8142        340.4423          7.5084        205.4326        109.4310          0.0000          0.0000          0.0000          0.0000        298.4620          0.0000         22.6024

INFO:      30000         60.0000     -82250.2042     -99582.0282      17331.8240         12.6527       1427.2530       3701.4124        483.9086       4533.1432        289.7108       -169.5359       7177.2375    -117682.6121        657.4542        339.5620          8.8109        210.7182         98.3632          0.0000          0.0000          0.0000          0.0000        295.8739          0.0000         22.3812

INFO:      30500         61.0000     -82288.5345     -99555.4503      17266.9158         12.6998       1478.7681       3691.6628        472.5446       4575.6248        259.7252       -187.7510       7220.6973    -117739.3859        672.6638        335.0595          8.9780        226.6040        102.0223          0.0000          0.0000          0.0000          0.0000        294.7658          0.0000         12.5443

INFO:      31000         62.0000     -82304.8200     -99890.8154      17585.9954         12.6683       1431.7429       3694.6001        467.0851       4550.1223        251.1459       -164.9179       7239.5429    -118025.9939        665.8572        331.3142          8.3073        225.7008        100.5349          0.0000          0.0000          0.0000          0.0000        300.2129          0.0000         18.2302

INFO:      31500         63.0000     -82302.6432     -99710.3359      17407.6927         12.6977       1492.5693       3726.4468        483.4775       4559.0909        270.1504       -169.6455       7187.4315    -117926.9864        667.1296        335.4693          8.4141        225.6299         97.6162          0.0000          0.0000          0.0000          0.0000        297.1691          0.0000         16.9688

INFO:      32000         64.0000     -82177.8649     -99634.6139      17456.7490         12.6721       1454.1216       3701.3667        488.6518       4518.6893        270.9669       -165.3468       7061.6707    -117628.5636        663.8296        337.3774          8.2626        216.1678        102.0218          0.0000          0.0000          0.0000          0.0000        298.0065          0.0000         13.3591

INFO:      32500         65.0000     -82106.9151     -99403.3932      17296.4781         12.7202       1488.1299       3800.5853        492.2012       4562.8625        263.1146       -159.9611       7202.5128    -117711.3516        658.5133        329.0987          7.5134        216.0924        105.8089          0.0000          0.0000          0.0000          0.0000        295.2705          0.0000         13.2272

INFO:      33000         66.0000     -82013.1944     -99676.6125      17663.4181         12.6845       1429.1709       3758.7816        480.8666       4538.9902        283.9305       -183.5603       7381.3056    -118030.5398        664.4422        339.9018          8.7667        208.8869        106.8868          0.0000          0.0000          0.0000          0.0000        301.5346          0.0000          5.9600

INFO:      33500         67.0000     -82068.5003     -99534.7112      17466.2109         12.7038       1509.3419       3731.9744        484.4587       4579.8912        278.6583       -171.5755       7154.2246    -117768.9691        667.2843        340.5231          8.1259        226.3529         92.2825          0.0000          0.0000          0.0000          0.0000        298.1680          0.0000         16.3735

INFO:      34000         68.0000     -82082.4814     -99717.2951      17634.8137         12.6880       1456.6930       3727.6438        491.9345       4571.1736        268.1325       -168.9683       7118.3969    -117818.8155        636.5145        328.8065          7.3200        204.0566         96.3314          0.0000          0.0000          0.0000          0.0000        301.0463          0.0000         16.8995

INFO:      34500         69.0000     -82021.2027     -99629.6581      17608.4553         12.6827       1464.6863       3670.6946        467.4353       4556.1094        261.9955       -173.9238       7201.1152    -117724.0626        646.2920        319.9804          8.9387        223.6899         93.6830          0.0000          0.0000          0.0000          0.0000        300.5963          0.0000         19.5739

INFO:      35000         70.0000     -82126.0638     -99632.9475      17506.8837         12.7029       1480.7994       3746.0426        472.1078       4571.0783        236.4266       -180.2774       7292.3185    -117909.3607        657.9174        343.2959          8.5452        198.9813        107.0951          0.0000          0.0000          0.0000          0.0000        298.8624          0.0000         21.0297

INFO:      35500         71.0000     -82171.6865     -99839.6340      17667.9476         12.7003       1476.4274       3685.8538        478.4045       4547.2131        261.9226       -151.9420       7358.1312    -118192.2173        696.5727        349.0354          8.6465        228.9359        109.9549          0.0000          0.0000          0.0000          0.0000        301.6119          0.0000         14.6309

INFO:      36000         72.0000     -82169.1421     -99653.5942      17484.4521         12.6928       1478.0141       3642.5558        484.6853       4526.5574        242.3096       -165.3552       7224.4661    -117759.7571        672.9298        350.9254          8.5825        218.9023         94.5197          0.0000          0.0000          0.0000          0.0000        298.4794          0.0000         15.3088

INFO:      36500         73.0000     -82156.2286     -99757.1497      17600.9211         12.6774       1446.0780       3696.0620        482.5054       4547.4023        257.3739       -163.1722       7222.6555    -117899.9047        653.8500        332.7903          7.1416        219.9015         94.0167          0.0000          0.0000          0.0000          0.0000        300.4677          0.0000         20.0527

INFO:      37000         74.0000     -82205.4460     -99528.4077      17322.9616         12.5548       1425.8388       3705.8286        467.2699       4528.8633        247.6873       -153.6021       6929.3538    -117343.7958        664.1485        340.5521          6.9499        222.4931         94.1535          0.0000          0.0000          0.0000          0.0000        295.7226          0.0000         16.1168

INFO:      37500         75.0000     -82184.5844     -99689.1757      17504.5913         12.7002       1450.0345       3678.5329        480.5688       4540.3481        273.8027       -164.7087       7149.9934    -117729.7559        632.0084        309.4853         10.6123        216.4251         95.4857          0.0000          0.0000          0.0000          0.0000        298.8232          0.0000         15.1227

INFO:      38000         76.0000     -82066.5527     -99607.3501      17540.7974         12.6369       1429.3424       3682.1031        483.6283       4515.9199        254.8237       -163.3045       7217.9566    -117710.7351        682.9156        341.2922          7.1800        227.0973        107.3461          0.0000          0.0000          0.0000          0.0000        299.4413          0.0000         17.5404

INFO:      38500         77.0000     -82137.2130     -99547.6956      17410.4827         12.7205       1470.2442       3700.9142        475.6101       4505.4528        269.9462       -163.0519       7129.4657    -117616.5086        680.2316        348.0117          7.7838        221.4212        103.0149          0.0000          0.0000          0.0000          0.0000        297.2167          0.0000         21.9323

INFO:      39000         78.0000     -82113.3383     -99577.8041      17464.4658         12.6040       1444.8657       3650.0167        471.2538       4555.1530        264.7803       -174.5140       7138.6354    -117616.2409        688.2460        353.5813          7.7206        219.1834        107.7607          0.0000          0.0000          0.0000          0.0000        298.1382          0.0000         15.2955

INFO:      39500         79.0000     -82053.8093     -99540.3497      17486.5404         12.6235       1467.4309       3687.6066        492.2153       4565.0414        260.1376       -180.9272       7226.0040    -117703.8026        645.9443        322.7941          7.0962        222.2527         93.8013          0.0000          0.0000          0.0000          0.0000        298.5151          0.0000         20.6343

INFO:      40000         80.0000     -82091.3870     -99545.7943      17454.4073         12.6529       1496.5182       3731.2402        474.5480       4526.2061        251.7089       -167.8184       7097.8866    -117626.4920        670.4080        352.4683          7.9288        221.6345         88.3765          0.0000          0.0000          0.0000          0.0000        297.9665          0.0000          9.5617

INFO:      40500         81.0000     -82037.6274     -99551.8964      17514.2690         12.6379       1434.8727       3686.4977        469.4062       4574.2631        263.9389       -157.6167       6984.1152    -117483.1609        675.7873        338.9847          8.7297        222.9745        105.0983          0.0000          0.0000          0.0000          0.0000        298.9884          0.0000          7.5268

INFO:      41000         82.0000     -81981.4956     -99430.6360      17449.1404         12.6582       1476.2584       3688.1817        467.1507       4573.3884        277.6294       -158.9406       7278.3843    -117731.1100        698.4217        350.9585          7.0167        223.5035        116.9430          0.0000          0.0000          0.0000          0.0000        297.8766          0.0000          9.6621

INFO:      41500         83.0000     -81923.6030     -99373.7721      17450.1691         12.6642       1492.1507       3713.3176        481.8958       4567.4307        269.6926       -163.5605       7062.8584    -117463.1396        665.5822        342.3095          6.5693        218.5302         98.1732          0.0000          0.0000          0.0000          0.0000        297.8942          0.0000         14.1217

INFO:      42000         84.0000     -81946.8879     -99507.1092      17560.2213         12.6981       1489.8588       3773.7605        479.9313       4552.8355        251.4962       -180.1908       7188.1783    -117747.2047        684.2256        347.0756          6.9306        225.7111        104.5083          0.0000          0.0000          0.0000          0.0000        299.7729          0.0000         16.2520

INFO:      42500         85.0000     -81903.2669     -99666.1475      17762.8806         12.5789       1443.0923       3626.0974        468.2843       4554.5548        252.4539       -170.2933       7250.0321    -117741.2029        650.8338        328.3790          8.8720        212.9724        100.6104          0.0000          0.0000          0.0000          0.0000        303.2325          0.0000         10.2163

INFO:      43000         86.0000     -81908.9747     -99453.8876      17544.9130         12.6679       1421.9421       3731.6173        481.5890       4556.9875        253.2861       -165.4595       7082.1194    -117479.2683        663.2987        331.1330          7.6432        224.2738        100.2488          0.0000          0.0000          0.0000          0.0000        299.5116          0.0000         20.7042

INFO:      43500         87.0000     -81923.6678     -99415.0005      17491.3327         12.6172       1431.7258       3731.8593        455.3398       4534.9084        272.6975       -167.0915       6898.0193    -117211.1242        638.6651        316.6833          7.0911        207.4831        107.4076          0.0000          0.0000          0.0000          0.0000        298.5969          0.0000         15.2162

INFO:      44000         88.0000     -82035.8608     -99383.1893      17347.3286         12.6326       1457.4589       3709.9321        462.4671       4576.9053        281.1089       -162.9542       7132.1144    -117502.5213        662.2994        346.4510          9.5853        212.4508         93.8123          0.0000          0.0000          0.0000          0.0000        296.1386          0.0000         17.3853

INFO:      44500         89.0000     -82058.9886     -99676.8534      17617.8648         12.6345       1436.2292       3740.6655        467.9293       4554.2457        243.9635       -174.1271       7097.0302    -117725.5346        682.7450        355.9178          6.8067        223.6754         96.3451          0.0000          0.0000          0.0000          0.0000        300.7569          0.0000         18.5796

INFO:      45000         90.0000     -82048.2921     -99435.3202      17387.0281         12.6380       1398.9683       3699.3813        463.7232       4563.7099        258.4507       -153.5279       7163.0828    -117497.9063        668.7978        344.5839          7.8602        218.9401         97.4135          0.0000          0.0000          0.0000          0.0000        296.8163          0.0000         17.4397

INFO:      45500         91.0000     -81901.9001     -99641.4890      17739.5889         12.6937       1412.3488       3756.7981        480.8623       4533.4968        256.0644       -179.4269       7229.4111    -117786.8033        655.7597        331.3458          7.4998        220.8351         96.0789          0.0000          0.0000          0.0000          0.0000        302.8349          0.0000         21.5967

INFO:      46000         92.0000     -81931.3652     -99497.1413      17565.7762         12.6564       1433.3639       3668.3301        470.7951       4515.1377        264.3609       -182.2254       7060.5443    -117419.3779        691.9300        340.8832          9.0329        237.4501        104.5637          0.0000          0.0000          0.0000          0.0000        299.8677          0.0000         11.4239

INFO:      46500         93.0000     -81950.3430     -99526.6587      17576.3157         12.6248       1434.6650       3683.7208        474.4277       4554.1458        267.9147       -168.5351       7218.0792    -117645.7616        654.6849        333.6377          8.6310        214.9160         97.5002          0.0000          0.0000          0.0000          0.0000        300.0476          0.0000         18.4578

INFO:      47000         94.0000     -81910.9714     -99525.7884      17614.8171         12.6384       1479.2098       3632.0876        470.8357       4512.5719        248.0364       -159.3990       7202.5782    -117570.5851        658.8762        326.5970          7.4053        212.7238        112.1501          0.0000          0.0000          0.0000          0.0000        300.7049          0.0000         14.6944

INFO:      47500         95.0000     -81915.7445     -99404.1944      17488.4500         12.5790       1447.2078       3692.9582        484.0964       4558.3805        258.0261       -157.8341       7217.8216    -117575.2313        670.3802        341.8025         10.7145        228.7371         89.1261          0.0000          0.0000          0.0000          0.0000        298.5477          0.0000         15.8690

INFO:      48000         96.0000     -81853.9865     -99331.0711      17477.0845         12.5957       1414.1564       3692.9158        478.1514       4547.4737        278.0797       -165.2875       7027.9402    -117275.1569        670.6561        344.0019         10.0850        219.7187         96.8504          0.0000          0.0000          0.0000          0.0000        298.3537          0.0000         11.8260

INFO:      48500         97.0000     -81952.7514     -99586.6420      17633.8906         12.6230       1390.3224       3638.1610        469.0930       4521.1844        263.9405       -162.9674       7256.4583    -117594.3751        631.5409        321.4089          8.3505        206.9242         94.8573          0.0000          0.0000          0.0000          0.0000        301.0305          0.0000         15.7282

INFO:      49000         98.0000     -81969.8463     -99461.5467      17491.7005         12.6750       1453.6078       3694.2703        463.5749       4568.7315        237.3390       -158.5131       7119.5743    -117516.0084        675.8769        337.9688          9.6792        230.3993         97.8296          0.0000          0.0000          0.0000          0.0000        298.6032          0.0000         13.9746

INFO:      49500         99.0000     -81914.7230     -99318.0204      17403.2974         12.5977       1425.2219       3681.8973        490.6178       4561.3889        283.7419       -172.9345       7272.2599    -117529.9622        669.7488        345.9313          8.2425        219.7857         95.7893          0.0000          0.0000          0.0000          0.0000        297.0940          0.0000         18.5754

INFO:      50000        100.0000     -81896.8792     -99530.7053      17633.8261         12.6004       1458.5512       3616.3384        461.4160       4564.3245        256.4881       -181.7367       7143.7139    -117515.8313        666.0306        342.4068          9.4000        220.6389         93.5849          0.0000          0.0000          0.0000          0.0000        301.0294          0.0000         17.5394

 
[STEP6] Deallocate Arrays
 
Output_Time> Averaged timer profile (Min, Max)
  total time      =    1558.393
    setup         =       3.062
    dynamics      =    1555.331
      energy      =    1313.941
      integrator  =      90.414
      pairlist    =     149.186 (     147.340,     151.797)
  energy           
    bond          =       0.388 (       0.298,       0.664)
    angle         =       1.455 (       1.279,       1.865)
    dihedral      =       2.783 (       2.297,       3.459)
    nonbond       =    1078.949 (    1068.843,    1091.630)
      pme real    =    1078.761 (    1068.598,    1091.515)
      pme recip   =       0.000 (       0.000,       0.000)
    solvation     =       0.000 (       0.000,       0.000)
      polar       =       0.000 (       0.000,       0.000)
      non-polar   =       0.000 (       0.000,       0.000)
    restraint     =       1.976 (       1.539,       2.882)
    qmmm          =       0.000 (       0.000,       0.000)
  integrator       
    constraint    =      48.299 (      47.556,      49.717)
    update        =       0.000 (       0.000,       0.000)
    comm_coord    =       0.000 (       0.000,       0.000)
    comm_force    =       0.000 (       0.000,       0.000)
    comm_migrate  =       0.000 (       0.000,       0.000)

