****************************************************
*                                                  *
*                  GENESIS ATDYN                   *
*                                                  *
*        A Molecular Dynamics Simulator with       *
*            Atomic Decomposition Scheme           *
*                                                  *
*               Developed by RIKEN                 *
*                                                  *
****************************************************
 
[STEP0] Architecture and Compiler Information
 
GENESIS_Information> GENESIS Information
  version      = 1.5.0
  commit ID    = $GENESIS_VERSION$
  precision    = double
  nonbonding   = CPU

Build_Information> Compiler Information
  build host   = yagi@beluga
  fortran      = ifort (IFORT) 18.0.1 20171018
  option       = -xHost -O3 -ip -mkl=parallel  -assume byterecl -qopenmp 
  C            = icc (ICC) 18.0.1 20171018
  option       = -O3 -ip -axCORE-AVX2  -qopenmp
  defined var. =  -DMPI -DOMP -DFFTE -DLAPACK -DDSFMT_MEXP=19937 -DINTEL
  link option  = 
  -assume byterecl -qopenmp  -lmkl_intel_lp64 -lmkl_sequential -lmkl_core -lmkl_
 lapack95_lp64 

Runtime_Information> Machine and Library Information
  date       = 2020/05/12 01:04:29
  cpu model    = Intel(R) Xeon(R) CPU E5-2667 v4 @ 3.20GHz
  exec. host   = yagi@beluga09
  LD library   = 
 /home/mdsoft/mpi/mpi_cent-v7_intel64/openmpi-v3.1.2_intel_v18.0.1/lib:/opt/inte
 l/compilers_and_libraries_2018.1.163/linux/compiler/lib/intel64_lin:/opt/intel/
 compilers_and_libraries_2018.1.163/linux/mkl/lib/intel64_lin:/opt/intel/compile
 rs_and_libraries_2018.1.163/linux/compiler/lib/intel64:/opt/intel/compilers_and
 _libraries_2018.1.163/linux/compiler/lib/intel64_lin:/opt/intel/compilers_and_l
 ibraries_2018.1.163/linux/mpi/intel64/lib:/opt/intel/compilers_and_libraries_20
 18.1.163/linux/mpi/mic/lib:/opt/intel/compilers_and_libraries_2018.1.163/linux/
 ipp/lib/intel64:/opt/intel/compilers_and_libraries_2018.1.163/linux/compiler/li
 b/intel64_lin:/opt/intel/compilers_and_libraries_2018.1.163/linux/mkl/lib/intel
 64_lin:/opt/intel/compilers_and_libraries_2018.1.163/linux/tbb/lib/intel64/gcc4
 .7:/opt/intel/compilers_and_libraries_2018.1.163/linux/tbb/lib/intel64/gcc4.7:/
 opt/intel/compilers_and_libraries_2018.1.163/linux/daal/lib/intel64_lin:/home/m
 dsoft/mpi/mpi_cent-v7_intel64/openmpi-v3.1.2_intel_v18.0.1/lib:/opt/intel/compi
 lers_and_libraries_2018.1.163/linux/compiler/lib/intel64_lin:/opt/intel/compile
 rs_and_libraries_2018.1.163/linux/mkl/lib/intel64_lin:/opt/intel/compilers_and_
 libraries_2018.1.163/linux/compiler/lib/intel64:/opt/intel/compilers_and_librar
 ies_2018.1.163/linux/compiler/lib/intel64_lin:/opt/intel/compilers_and_librarie
 s_2018.1.163/linux/mpi/intel64/lib:/opt/intel/compilers_and_libraries_2018.1.16
 3/linux/mpi/mic/lib:/opt/intel/compilers_and_libraries_2018.1.163/linux/ipp/li

[STEP1] Read Control Parameters
 
Read_Ctrl_Input> Input Files
  topfile = toppar/top_all36_prot.rtf, toppar/top_all36_cgenff.rtf
  parfile = toppar/par_all36_prot.prm, toppar/par_all36_cgenff.prm
  strfile = toppar/toppar_water_ions.str, toppar/toppar_dhap.3.str
  psffile = step4_nvt_100.psf
  pdbfile = step4_nvt_100.pdb
  rstfile = step4.4_nvt.rst
  reffile = step4_nvt_100.pdb
 
Read_Ctrl_Output> Output Files
  dcdfile    = step4.5_nvt.dcd
  rstfile    = step4.5_nvt.rst
 
Read_Ctrl_Energy> Parameters of Energy Calculations
  forcefield      =     CHARMM
  switchdist      =     16.000  cutoffdist      =     18.000
  pairlistdist    =     19.500  dielec_const    =      1.000
  vdW force_switch=        yes
  electrostatic   =  CUTOFF
  implicit_solvent=       none
  table_order     =          3
  table_density   =     20.000
  water_model     =       NONE
  output_style    =    GENESIS
  dispersion_corr =       none
  nonb_limiter    =      no
 
Read_Ctrl_Dynamics> Parameters of MD simulation
  integrator      =       VVER  nsteps          =      50000
  timestep        =     0.0020  initial_time    =     0.0000
  eneout_period   =        500  rstout_period   =        500
  crdout_period   =        500  velout_period   =          0
  nbupdate_period =         10  stoptr_period   =         10
  iseed           =   20190319
  annealing       =         no
  verbose         =         no
  target_md       =         no
  steered_md      =         no
  esp_mm          =         no
 
Read_Ctrl_Constraints> Parameters for Constraints
  rigid_bond      =        yes
  shake_iteration =        500  shake_tolerance =  0.100E-09
  fast_water      =        yes  water_model     =       TIP3
  hydrogen_type   =  name|mass
  noshake_index   =       none
  fixatm_select_index        =       none
 
Read_Ctrl_Ensemble> Parameters for Ensemble
  ensemble        =        NVT
  temperature     =    300.000
  tpcontrol       =      BUSSI
  tau_t           =      5.000
 
Read_Ctrl_Boundary> Parameters of Boundary Condition
  type            =       NOBC
  spherical_pot   =        yes  restart         =          T
  center_info     =       read  modify_ratio    =      1.000
  constant        =     10.000  exponent        =          2
  fixatom         =          T  fix_layer       =      1.000
 
Read_Ctrl_Selection> Parameters of Selection
  # of groups     =          4
    group 1 = (sid:TIMA or sid:TIMB) and (an:CA | an:C | an:O | an:N)
    group 2 = (sid:DHA or sid:DHA around_res:3.0) and not hydrogen
    group 3 = (sid:TIMA or sid:TIMB) and not (an:CA | an:C | an:O | an:N) and not hydrogen
    group 4 = sid:WAT and an:OH2
  # of mole names =          0
 
Read_Ctrl_Restraints> Parameters of Restraint
  numfunc         =   2
  function1 = POSI     
    direction     = ALL 
    constant      = 0.5
    reference     = 
    select_index  = 1
    mode          =   0
    exponent      =   2
    exponent_dist = 
    weight_dist   = 

  function2 = POSI     
    direction     = ALL 
    constant      = 2.0
    reference     = 
    select_index  = 2
    mode          =   0
    exponent      =   2
    exponent_dist = 
    weight_dist   = 

  pressure_position   = NO
  pressure_rmsd     = NO

Read_Ctrl_Fitting_MD> Parameters of Fitting
  fitting method  =  TR+ROT   
  fitting atom    = group1
  mass_weight     =         no
 
[STEP2] Setup MPI
 
Setup_Mpi_Md> Summary of Setup MPI
  number of MPI processes   =         16
  number of OpenMP threads  =          4
  total number of CPU cores =         64

[STEP3] Set Relevant Variables and Structures
 
Input_Top> Summary of Topfile
  num_atom_class  =        212  num_resi_type   =        685
 
Input_Par> Summary of Parfile
  num_bonds       =        658  num_angles      =       2003
  num_dihedrals   =       4838  num_impropers   =        163
  num_atom_cls    =        212  num_nbfix       =         75
  num_cmap_terms  =          6
 
 Merge_Par> WARNING: BOND: Multiple definition: "CG321"-"OG311"
Input_Str> Summary of Top information
  num_atom_class  =        227  num_resi_type   =        700
 
Input_Str> Summary of Par information
  num_bonds       =        663  num_angles      =       2006
  num_dihedrals   =       4850  num_impropers   =        163
  num_atom_cls    =        227  num_nbfix       =         90
  num_cmap_terms  =          6
 
Read_Psf> Summary of Psffile
  psftype         =      xplor
  num_atoms       =      37226  num_bonds       =      37288
  num_angles      =      23768  num_dihedrals   =      20268
  num_impropers   =       1292  num_cmap_terms  =        494
  num_HB_donors   =      20596  num_HB_acceptors=      10610
  num_NB_exclusion=          0  num_groups      =      12168
  total_charge    =    -10.000
 
Check_Pdb> 6-column residue sequence number
 
Read_Pdb> Summary of Data in PDB file
  num_atoms       =      37226
 
Read_Rst_Binary> Summary of RST file
  num_atoms       =      37226  iseed           =   20190319
  boxsize (x,y,z) =      0.000     0.000     0.000
  spherical_pot     =      yes
  nfunctions                 2  num_fixatm              9645

Check_Pdb> 6-column residue sequence number
 
Read_Pdb> Summary of Data in PDB file
  num_atoms       =      37226
 
Define_Molecule> Summary of molecules
  num_atoms       =      37226  num_bonds       =      37288
  num_angles      =      23768  num_dihedrals   =      20268
  num_impropers   =       1292  num_cmap_terms  =        494
  num_residues    =      10370  num_molecules   =       9878
  num_segments    =          6  num_deg_freedom =     111678
  total_charge    =    -10.000
 
Setup_Boundary> Setup Variables for Boundary Condition
  origin(x,y,z)   =      0.000     0.000     0.000
  nfunctions      =        2
    center(x,y,z) =     17.000     0.000     0.000
    radius        =     35.000
    constant      =     10.000
    exponent      =          2
    center(x,y,z) =    -17.000     0.000     0.000
    radius        =     35.000
    constant      =     10.000
    exponent      =          2
 
  num_fixatm      =     9645
 
 
Random_Init> Initialize the random number
  seed            = 20190319

Select_Contacts> mode        : Resi
                 sel atoms A :      15
                 sel atoms B :   37211
                 distance    :    3.00
                contact atom list :     160
 
Setup_Enefunc_Cmap_Par> Natural spline is used to derive cmap coefs.

Setup_Enefunc_Table> Setup Variables for LookupTable
  num_solutes     =      37226  num_waters      =          0

Setup_Enefunc_Restraint> Setup restraint groups
 group =     1, "(sid:TIMA or sid:TIMB) and (an:CA | an:C | an:O | an:N)"
 # of atoms =  1976
 atomlist: 
      7      9     15     16     17     19     39     40     41     43
     53     54     55     57     73     74     75     77     93     94
     95     97    109    110    111    113    116    117    118    120
    123    124    125    127    137    138    139    141    157    158
    159    161    179    180    181    183    198    199    200    202
    212    213    214    216    219    220    221    223    230    231
    232    234    252    253    254    256    269    270    271    273
    280    281    282    284    299    300    301    303    321    322
    323    325    336    337    338    340    355    356    357    359
    371    372    373    375    386    387    388    390    410    411
    412    414    429    430    431    433    443    444    445    447
    457    458    459    461    467    468    469    471    478    479
    480    482    497    498    499    503    511    512    513    515
    526    527    528    530    540    541    542    544    556    557
    558    560    571    572    573    575    587    588    589    591
    603    604    605    607    622    623    624    626    633    634
    635    639    647    648    649    653    661    662    663    665
    671    672    673    675    685    686    687    689    706    707
    708    710    725    726    727    729    737    738    739    741
    758    759    760    762    769    770    771    773    785    786
    787    789    796    797    798    800    815    816    817    819
    831    832    833    835    853    854    855    857    875    876
    877    881    889    890    891    893    906    907    908    910
    922    923    924    926    936    937    938    940    952    953
    954    956    959    960    961    963    969    970    971    973
    986    987    988    990   1000   1001   1002   1004   1010   1011
   1012   1014   1031   1032   1033   1035   1050   1051   1052   1054
   1072   1073   1074   1076   1082   1083   1084   1086   1093   1094
   1095   1097   1100   1101   1102   1104   1110   1111   1112   1114
   1130   1131   1132   1134   1144   1145   1146   1148   1151   1152
   1153   1155   1166   1167   1168   1170   1180   1181   1182   1184
   1191   1192   1193   1195   1207   1208   1209   1211   1219   1220
   1221   1223   1236   1237   1238   1240   1255   1256   1257   1259
   1277   1278   1279   1281   1289   1290   1291   1293   1305   1306
   1307   1309   1312   1313   1314   1316   1322   1323   1324   1326
   1344   1345   1346   1348   1368   1369   1370   1372   1384   1385
   1386   1388   1403   1404   1405   1407   1422   1423   1424   1426
   1429   1430   1431   1433   1446   1447   1448   1450   1457   1458
   1459   1461   1472   1473   1474   1476   1496   1497   1498   1500
   1520   1521   1522   1524   1531   1532   1533   1535   1552   1553
   1554   1556   1572   1573   1574   1576   1589   1590   1591   1593
   1604   1605   1606   1608   1616   1617   1618   1620   1628   1629
   1630   1632   1650   1651   1652   1654   1670   1671   1672   1674
   1689   1690   1691   1693   1699   1700   1701   1703   1711   1712
   1713   1715   1733   1734   1735   1737   1747   1748   1749   1751
   1769   1770   1771   1773   1789   1790   1791   1793   1799   1800
   1801   1803   1818   1819   1820   1822   1825   1826   1827   1829
   1842   1843   1844   1846   1849   1850   1851   1853   1865   1866
   1867   1869   1872   1873   1874   1876   1888   1889   1890   1892
   1907   1908   1909   1911   1926   1927   1928   1930   1937   1938
   1939   1941   1956   1957   1958   1960   1963   1964   1965   1967
   1978   1979   1980   1982   1992   1993   1994   1996   2011   2012
   2013   2015   2026   2027   2028   2030   2041   2042   2043   2045
   2063   2064   2065   2067   2085   2086   2087   2089   2095   2096
   2097   2099   2102   2103   2104   2106   2124   2125   2126   2128
   2138   2139   2140   2142   2157   2158   2159   2161   2169   2170
   2171   2173   2185   2186   2187   2189   2201   2202   2203   2205
   2216   2217   2218   2220   2240   2241   2242   2244   2257   2258
   2259   2261   2276   2277   2278   2280   2290   2291   2292   2294
   2300   2301   2302   2304   2316   2317   2318   2320   2335   2336
   2337   2339   2350   2351   2352   2354   2365   2366   2367   2369
   2381   2382   2383   2385   2403   2404   2405   2407   2415   2416
   2417   2419   2439   2440   2441   2443   2453   2454   2455   2457
   2467   2468   2469   2471   2483   2484   2485   2487   2499   2500
   2501   2503   2515   2516   2517   2519   2525   2526   2527   2529
   2546   2547   2548   2550   2561   2562   2563   2567   2575   2576
   2577   2579   2591   2592   2593   2595   2615   2616   2617   2619
   2625   2626   2627   2629   2644   2645   2646   2648   2651   2652
   2653   2655   2665   2666   2667   2669   2672   2673   2674   2676
   2691   2692   2693   2695   2701   2702   2703   2705   2711   2712
   2713   2715   2725   2726   2727   2731   2739   2740   2741   2743
   2754   2755   2756   2758   2766   2767   2768   2770   2776   2777
   2778   2780   2793   2794   2795   2797   2805   2806   2807   2809
   2824   2825   2826   2828   2841   2842   2843   2845   2851   2852
   2853   2855   2862   2863   2864   2866   2881   2882   2883   2885
   2905   2906   2907   2909   2927   2928   2929   2931   2947   2948
   2949   2951   2966   2967   2968   2970   2976   2977   2978   2980
   2987   2988   2989   2991   3009   3010   3011   3013   3028   3029
   3030   3032   3035   3036   3037   3039   3047   3048   3049   3051
   3069   3070   3071   3073   3079   3080   3081   3083   3089   3090
   3091   3093   3100   3101   3102   3104   3115   3116   3117   3119
   3134   3135   3136   3138   3158   3159   3160   3162   3177   3178
   3179   3181   3196   3197   3198   3200   3217   3218   3219   3221
   3224   3225   3226   3228   3231   3232   3233   3235   3242   3243
   3244   3246   3252   3253   3254   3256   3266   3267   3268   3270
   3273   3274   3275   3277   3284   3285   3286   3288   3298   3299
   3300   3302   3308   3309   3310   3312   3324   3325   3326   3328
   3338   3339   3340   3342   3358   3359   3360   3362   3380   3381
   3382   3384   3392   3393   3394   3396   3414   3415   3416   3418
   3424   3425   3426   3428   3436   3437   3438   3440   3452   3453
   3454   3456   3464   3465   3466   3468   3471   3472   3473   3475
   3491   3492   3493   3495   3510   3511   3512   3514   3526   3527
   3528   3530   3533   3534   3535   3537   3540   3541   3542   3544
   3550   3551   3552   3554   3561   3562   3563   3565   3580   3581
   3582   3584   3602   3603   3604   3608   3616   3617   3618   3620
   3631   3632   3633   3635   3651   3652   3653   3655   3667   3668
   3669   3671   3679   3680   3681   3683   3698   3699   3700   3702
   3717   3718   3719   3721   3731   3732   3733   3735   3742   3743
   3744   3746   3766   3767   3768   3770   3780   3781   3794   3796
   3802   3803   3804   3806   3826   3827   3828   3830   3840   3841
   3842   3844   3860   3861   3862   3864   3880   3881   3882   3884
   3896   3897   3898   3900   3903   3904   3905   3907   3910   3911
   3912   3914   3924   3925   3926   3928   3944   3945   3946   3948
   3966   3967   3968   3970   3985   3986   3987   3989   3999   4000
   4001   4003   4006   4007   4008   4010   4017   4018   4019   4021
   4039   4040   4041   4043   4056   4057   4058   4060   4067   4068
   4069   4071   4086   4087   4088   4090   4108   4109   4110   4112
   4123   4124   4125   4127   4142   4143   4144   4146   4158   4159
   4160   4162   4173   4174   4175   4177   4197   4198   4199   4201
   4216   4217   4218   4220   4230   4231   4232   4234   4244   4245
   4246   4248   4254   4255   4256   4258   4265   4266   4267   4269
   4284   4285   4286   4290   4298   4299   4300   4302   4313   4314
   4315   4317   4327   4328   4329   4331   4343   4344   4345   4347
   4358   4359   4360   4362   4374   4375   4376   4378   4390   4391
   4392   4394   4409   4410   4411   4413   4420   4421   4422   4426
   4434   4435   4436   4440   4448   4449   4450   4452   4458   4459
   4460   4462   4472   4473   4474   4476   4493   4494   4495   4497
   4512   4513   4514   4516   4524   4525   4526   4528   4545   4546
   4547   4549   4556   4557   4558   4560   4572   4573   4574   4576
   4583   4584   4585   4587   4602   4603   4604   4606   4618   4619
   4620   4622   4640   4641   4642   4644   4662   4663   4664   4668
   4676   4677   4678   4680   4693   4694   4695   4697   4709   4710
   4711   4713   4723   4724   4725   4727   4739   4740   4741   4743
   4746   4747   4748   4750   4756   4757   4758   4760   4773   4774
   4775   4777   4787   4788   4789   4791   4797   4798   4799   4801
   4818   4819   4820   4822   4837   4838   4839   4841   4859   4860
   4861   4863   4869   4870   4871   4873   4880   4881   4882   4884
   4887   4888   4889   4891   4897   4898   4899   4901   4917   4918
   4919   4921   4931   4932   4933   4935   4938   4939   4940   4942
   4953   4954   4955   4957   4967   4968   4969   4971   4978   4979
   4980   4982   4994   4995   4996   4998   5006   5007   5008   5010
   5023   5024   5025   5027   5042   5043   5044   5046   5064   5065
   5066   5068   5076   5077   5078   5080   5092   5093   5094   5096
   5099   5100   5101   5103   5109   5110   5111   5113   5131   5132
   5133   5135   5155   5156   5157   5159   5171   5172   5173   5175
   5190   5191   5192   5194   5209   5210   5211   5213   5216   5217
   5218   5220   5233   5234   5235   5237   5244   5245   5246   5248
   5259   5260   5261   5263   5283   5284   5285   5287   5307   5308
   5309   5311   5318   5319   5320   5322   5339   5340   5341   5343
   5359   5360   5361   5363   5376   5377   5378   5380   5391   5392
   5393   5395   5403   5404   5405   5407   5415   5416   5417   5419
   5437   5438   5439   5441   5457   5458   5459   5461   5476   5477
   5478   5480   5486   5487   5488   5490   5498   5499   5500   5502
   5520   5521   5522   5524   5534   5535   5536   5538   5556   5557
   5558   5560   5576   5577   5578   5580   5586   5587   5588   5590
   5605   5606   5607   5609   5612   5613   5614   5616   5629   5630
   5631   5633   5636   5637   5638   5640   5652   5653   5654   5656
   5659   5660   5661   5663   5675   5676   5677   5679   5694   5695
   5696   5698   5713   5714   5715   5717   5724   5725   5726   5728
   5743   5744   5745   5747   5750   5751   5752   5754   5765   5766
   5767   5769   5779   5780   5781   5783   5798   5799   5800   5802
   5813   5814   5815   5817   5828   5829   5830   5832   5850   5851
   5852   5854   5872   5873   5874   5876   5882   5883   5884   5886
   5889   5890   5891   5893   5911   5912   5913   5915   5925   5926
   5927   5929   5944   5945   5946   5948   5956   5957   5958   5960
   5972   5973   5974   5976   5988   5989   5990   5992   6003   6004
   6005   6007   6027   6028   6029   6031   6044   6045   6046   6048
   6063   6064   6065   6067   6077   6078   6079   6081   6087   6088
   6089   6091   6103   6104   6105   6107   6122   6123   6124   6126
   6137   6138   6139   6141   6152   6153   6154   6156   6168   6169
   6170   6172   6190   6191   6192   6194   6202   6203   6204   6206
   6226   6227   6228   6230   6240   6241   6242   6244   6254   6255
   6256   6258   6270   6271   6272   6274   6286   6287   6288   6290
   6302   6303   6304   6306   6312   6313   6314   6316   6333   6334
   6335   6337   6348   6349   6350   6354   6362   6363   6364   6366
   6378   6379   6380   6382   6402   6403   6404   6406   6412   6413
   6414   6416   6431   6432   6433   6435   6438   6439   6440   6442
   6452   6453   6454   6456   6459   6460   6461   6463   6478   6479
   6480   6482   6488   6489   6490   6492   6498   6499   6500   6502
   6512   6513   6514   6518   6526   6527   6528   6530   6541   6542
   6543   6545   6553   6554   6555   6557   6563   6564   6565   6567
   6580   6581   6582   6584   6592   6593   6594   6596   6611   6612
   6613   6615   6628   6629   6630   6632   6638   6639   6640   6642
   6649   6650   6651   6653   6668   6669   6670   6672   6692   6693
   6694   6696   6714   6715   6716   6718   6734   6735   6736   6738
   6753   6754   6755   6757   6763   6764   6765   6767   6774   6775
   6776   6778   6796   6797   6798   6800   6815   6816   6817   6819
   6822   6823   6824   6826   6834   6835   6836   6838   6856   6857
   6858   6860   6866   6867   6868   6870   6876   6877   6878   6880
   6887   6888   6889   6891   6902   6903   6904   6906   6921   6922
   6923   6925   6945   6946   6947   6949   6964   6965   6966   6968
   6983   6984   6985   6987   7004   7005   7006   7008   7011   7012
   7013   7015   7018   7019   7020   7022   7029   7030   7031   7033
   7039   7040   7041   7043   7053   7054   7055   7057   7060   7061
   7062   7064   7071   7072   7073   7075   7085   7086   7087   7089
   7095   7096   7097   7099   7111   7112   7113   7115   7125   7126
   7127   7129   7145   7146   7147   7149   7167   7168   7169   7171
   7179   7180   7181   7183   7201   7202   7203   7205   7211   7212
   7213   7215   7223   7224   7225   7227   7239   7240   7241   7243
   7251   7252   7253   7255   7258   7259   7260   7262   7278   7279
   7280   7282   7297   7298   7299   7301   7313   7314   7315   7317
   7320   7321   7322   7324   7327   7328   7329   7331   7337   7338
   7339   7341   7348   7349   7350   7352   7367   7368   7369   7371
   7389   7390   7391   7395   7403   7404   7405   7407   7418   7419
   7420   7422   7438   7439   7440   7442   7454   7455   7456   7458
   7466   7467   7468   7470   7485   7486   7487   7489   7504   7505
   7506   7508   7518   7519   7520   7522   7529   7530   7531   7533
   7553   7554   7555   7557   7567   7568
 group =     2, "(sid:DHA or sid:DHA around_res:3.0) and not hydrogen"
 # of atoms =    89
 atomlist: 
    125    127    129    132    133    134    137    138    159    161
    163    166    169    172    175    179    180   1431   1433   1435
   1438   1439   1440   1442   1444   1446   1447   2548   2550   2552
   2555   2558   2559   2560   2561   2562   2627   2629   2631   2633
   2637   2640   2644   2645   2646   2648   2651   2652   3226   3228
   3231   3232   3233   3235   3237   3240   3242   3243   3493   3495
   3497   3500   3502   3506   3510   3511   3528   3530   3533   3534
   3535   3537   3540   3541   7575   7576   7577   7578   7579   7580
   7583   7584   7585   7586   7629   7632   7635   7638   8019
 group =     3, "(sid:TIMA or sid:TIMB) and not (an:CA | an:C | an:O | an:N) and not hydrogen"
 # of atoms =  1798
 atomlist: 
      1      5      6     11     21     24     27     30     32     33
     36     45     47     49     59     62     63     65     67     69
     71     79     82     83     85     87     89     91     99    101
    105    129    132    133    134    143    146    147    149    151
    153    155    163    166    169    172    175    185    188    190
    194    204    207    208    209    225    228    236    239    242
    245    248    258    261    264    265    266    275    278    286
    288    292    295    305    308    311    314    317    327    330
    333    334    335    342    344    348    351    361    363    367
    377    380    383    384    385    392    395    398    401    403
    404    407    416    419    421    425    435    438    439    440
    449    451    453    463    473    476    484    486    490    493
    500    505    508    517    520    523    524    525    532    535
    536    537    546    548    552    562    565    568    569    570
    577    579    583    593    595    599    609    611    615    618
    628    631    636    641    644    650    655    658    667    677
    679    681    691    694    695    697    699    700    702    704
    712    715    717    721    731    734    735    736    743    746
    747    749    751    752    754    756    764    767    775    777
    781    791    794    802    805    807    811    821    823    827
    837    840    843    846    849    859    862    865    868    871
    878    883    886    895    898    901    902    903    912    914
    918    928    930    932    942    944    948    965    975    978
    981    982    983    992    995    996    997   1006   1016   1019
   1020   1022   1024   1025   1027   1029   1037   1040   1042   1046
   1056   1059   1062   1065   1068   1078   1088   1091   1106   1116
   1119   1120   1122   1124   1126   1128   1136   1138   1140   1157
   1160   1163   1164   1165   1172   1175   1176   1177   1186   1189
   1197   1199   1203   1213   1216   1217   1218   1225   1228   1231
   1232   1233   1242   1244   1248   1251   1261   1264   1267   1270
   1273   1283   1286   1287   1288   1295   1297   1301   1318   1328
   1331   1334   1337   1340   1350   1353   1354   1356   1358   1359
   1360   1362   1364   1366   1374   1376   1380   1390   1392   1396
   1399   1409   1412   1414   1418   1435   1438   1439   1440   1442
   1444   1452   1455   1463   1466   1469   1470   1471   1478   1481
   1484   1487   1489   1490   1493   1502   1505   1508   1511   1513
   1514   1517   1526   1529   1537   1540   1541   1543   1545   1546
   1548   1550   1558   1561   1562   1564   1566   1568   1570   1578
   1581   1583   1584   1586   1587   1595   1598   1601   1602   1603
   1610   1613   1614   1615   1622   1625   1626   1627   1634   1637
   1640   1643   1646   1656   1659   1660   1662   1664   1666   1668
   1676   1678   1682   1685   1695   1705   1708   1709   1710   1717
   1720   1723   1726   1729   1739   1741   1743   1753   1756   1759
   1762   1765   1775   1778   1779   1781   1783   1785   1787   1795
   1805   1808   1810   1814   1831   1834   1837   1838   1839   1855
   1857   1861   1878   1880   1884   1894   1896   1900   1903   1913
   1916   1918   1922   1932   1935   1943   1945   1949   1952   1969
   1972   1975   1976   1977   1984   1986   1988   1998   2001   2003
   2007   2017   2020   2023   2024   2025   2032   2035   2038   2039
   2040   2047   2050   2053   2056   2059   2069   2072   2075   2078
   2081   2091   2108   2111   2114   2117   2120   2130   2132   2134
   2144   2147   2149   2153   2163   2166   2167   2168   2175   2177
   2181   2191   2193   2197   2207   2210   2213   2214   2215   2222
   2225   2228   2231   2233   2234   2237   2246   2249   2252   2253
   2254   2263   2266   2268   2272   2282   2285   2286   2287   2296
   2306   2308   2312   2322   2325   2327   2331   2341   2344   2347
   2348   2349   2356   2359   2362   2363   2364   2371   2373   2377
   2387   2390   2393   2396   2399   2409   2412   2413   2414   2421
   2424   2425   2427   2429   2430   2431   2433   2435   2437   2445
   2447   2449   2459   2462   2463   2464   2473   2475   2479   2489
   2491   2495   2505   2507   2511   2521   2531   2534   2535   2537
   2539   2540   2542   2544   2552   2555   2558   2559   2560   2564
   2569   2572   2581   2583   2587   2597   2600   2601   2603   2605
   2606   2607   2609   2611   2613   2621   2631   2633   2637   2640
   2657   2659   2661   2678   2681   2683   2687   2697   2707   2717
   2719   2721   2728   2733   2736   2745   2748   2751   2752   2753
   2760   2763   2764   2765   2772   2782   2785   2788   2789   2790
   2799   2802   2803   2804   2811   2813   2817   2820   2830   2833
   2835   2836   2838   2839   2847   2857   2860   2868   2870   2874
   2877   2887   2890   2893   2896   2898   2899   2902   2911   2914
   2917   2920   2923   2933   2936   2937   2939   2941   2943   2945
   2953   2956   2958   2962   2972   2982   2985   2993   2996   2999
   3002   3005   3015   3018   3020   3024   3041   3044   3045   3046
   3053   3056   3059   3062   3065   3075   3085   3095   3098   3106
   3109   3112   3113   3114   3121   3124   3126   3130   3140   3143
   3146   3149   3151   3152   3155   3164   3166   3170   3173   3183
   3186   3188   3192   3202   3205   3206   3208   3210   3211   3213
   3215   3237   3240   3248   3258   3261   3262   3263   3279   3282
   3290   3293   3294   3295   3304   3314   3316   3320   3330   3332
   3334   3344   3347   3348   3350   3352   3354   3356   3364   3367
   3370   3373   3376   3386   3389   3390   3391   3398   3401   3404
   3407   3410   3420   3430   3433   3434   3435   3442   3444   3448
   3458   3461   3462   3463   3477   3480   3481   3483   3485   3487
   3489   3497   3500   3502   3506   3516   3518   3522   3546   3556
   3559   3567   3570   3572   3576   3586   3589   3592   3595   3598
   3605   3610   3613   3622   3625   3628   3629   3630   3637   3640
   3641   3643   3645   3647   3649   3657   3659   3663   3673   3676
   3677   3678   3685   3687   3691   3694   3704   3706   3710   3713
   3723   3726   3727   3728   3737   3740   3748   3751   3754   3757
   3759   3760   3763   3772   3775   3776   3777   3782   3784   3788
   3792   3793   3798   3808   3811   3814   3817   3819   3820   3823
   3832   3834   3836   3846   3849   3850   3852   3854   3856   3858
   3866   3869   3870   3872   3874   3876   3878   3886   3888   3892
   3916   3919   3920   3921   3930   3933   3934   3936   3938   3940
   3942   3950   3953   3956   3959   3962   3972   3975   3977   3981
   3991   3994   3995   3996   4012   4015   4023   4026   4029   4032
   4035   4045   4048   4051   4052   4053   4062   4065   4073   4075
   4079   4082   4092   4095   4098   4101   4104   4114   4117   4120
   4121   4122   4129   4131   4135   4138   4148   4150   4154   4164
   4167   4170   4171   4172   4179   4182   4185   4188   4190   4191
   4194   4203   4206   4208   4212   4222   4225   4226   4227   4236
   4238   4240   4250   4260   4263   4271   4273   4277   4280   4287
   4292   4295   4304   4307   4310   4311   4312   4319   4322   4323
   4324   4333   4335   4339   4349   4352   4355   4356   4357   4364
   4366   4370   4380   4382   4386   4396   4398   4402   4405   4415
   4418   4423   4428   4431   4437   4442   4445   4454   4464   4466
   4468   4478   4481   4482   4484   4486   4487   4489   4491   4499
   4502   4504   4508   4518   4521   4522   4523   4530   4533   4534
   4536   4538   4539   4541   4543   4551   4554   4562   4564   4568
   4578   4581   4589   4592   4594   4598   4608   4610   4614   4624
   4627   4630   4633   4636   4646   4649   4652   4655   4658   4665
   4670   4673   4682   4685   4688   4689   4690   4699   4701   4705
   4715   4717   4719   4729   4731   4735   4752   4762   4765   4768
   4769   4770   4779   4782   4783   4784   4793   4803   4806   4807
   4809   4811   4812   4814   4816   4824   4827   4829   4833   4843
   4846   4849   4852   4855   4865   4875   4878   4893   4903   4906
   4907   4909   4911   4913   4915   4923   4925   4927   4944   4947
   4950   4951   4952   4959   4962   4963   4964   4973   4976   4984
   4986   4990   5000   5003   5004   5005   5012   5015   5018   5019
   5020   5029   5031   5035   5038   5048   5051   5054   5057   5060
   5070   5073   5074   5075   5082   5084   5088   5105   5115   5118
   5121   5124   5127   5137   5140   5141   5143   5145   5146   5147
   5149   5151   5153   5161   5163   5167   5177   5179   5183   5186
   5196   5199   5201   5205   5222   5225   5226   5227   5229   5231
   5239   5242   5250   5253   5256   5257   5258   5265   5268   5271
   5274   5276   5277   5280   5289   5292   5295   5298   5300   5301
   5304   5313   5316   5324   5327   5328   5330   5332   5333   5335
   5337   5345   5348   5349   5351   5353   5355   5357   5365   5368
   5370   5371   5373   5374   5382   5385   5388   5389   5390   5397
   5400   5401   5402   5409   5412   5413   5414   5421   5424   5427
   5430   5433   5443   5446   5447   5449   5451   5453   5455   5463
   5465   5469   5472   5482   5492   5495   5496   5497   5504   5507
   5510   5513   5516   5526   5528   5530   5540   5543   5546   5549
   5552   5562   5565   5566   5568   5570   5572   5574   5582   5592
   5595   5597   5601   5618   5621   5624   5625   5626   5642   5644
   5648   5665   5667   5671   5681   5683   5687   5690   5700   5703
   5705   5709   5719   5722   5730   5732   5736   5739   5756   5759
   5762   5763   5764   5771   5773   5775   5785   5788   5790   5794
   5804   5807   5810   5811   5812   5819   5822   5825   5826   5827
   5834   5837   5840   5843   5846   5856   5859   5862   5865   5868
   5878   5895   5898   5901   5904   5907   5917   5919   5921   5931
   5934   5936   5940   5950   5953   5954   5955   5962   5964   5968
   5978   5980   5984   5994   5997   6000   6001   6002   6009   6012
   6015   6018   6020   6021   6024   6033   6036   6039   6040   6041
   6050   6053   6055   6059   6069   6072   6073   6074   6083   6093
   6095   6099   6109   6112   6114   6118   6128   6131   6134   6135
   6136   6143   6146   6149   6150   6151   6158   6160   6164   6174
   6177   6180   6183   6186   6196   6199   6200   6201   6208   6211
   6212   6214   6216   6217   6218   6220   6222   6224   6232   6234
   6236   6246   6249   6250   6251   6260   6262   6266   6276   6278
   6282   6292   6294   6298   6308   6318   6321   6322   6324   6326
   6327   6329   6331   6339   6342   6345   6346   6347   6351   6356
   6359   6368   6370   6374   6384   6387   6388   6390   6392   6393
   6394   6396   6398   6400   6408   6418   6420   6424   6427   6444
   6446   6448   6465   6468   6470   6474   6484   6494   6504   6506
   6508   6515   6520   6523   6532   6535   6538   6539   6540   6547
   6550   6551   6552   6559   6569   6572   6575   6576   6577   6586
   6589   6590   6591   6598   6600   6604   6607   6617   6620   6622
   6623   6625   6626   6634   6644   6647   6655   6657   6661   6664
   6674   6677   6680   6683   6685   6686   6689   6698   6701   6704
   6707   6710   6720   6723   6724   6726   6728   6730   6732   6740
   6743   6745   6749   6759   6769   6772   6780   6783   6786   6789
   6792   6802   6805   6807   6811   6828   6831   6832   6833   6840
   6843   6846   6849   6852   6862   6872   6882   6885   6893   6896
   6899   6900   6901   6908   6911   6913   6917   6927   6930   6933
   6936   6938   6939   6942   6951   6953   6957   6960   6970   6973
   6975   6979   6989   6992   6993   6995   6997   6998   7000   7002
   7024   7027   7035   7045   7048   7049   7050   7066   7069   7077
   7080   7081   7082   7091   7101   7103   7107   7117   7119   7121
   7131   7134   7135   7137   7139   7141   7143   7151   7154   7157
   7160   7163   7173   7176   7177   7178   7185   7188   7191   7194
   7197   7207   7217   7220   7221   7222   7229   7231   7235   7245
   7248   7249   7250   7264   7267   7268   7270   7272   7274   7276
   7284   7287   7289   7293   7303   7305   7309   7333   7343   7346
   7354   7357   7359   7363   7373   7376   7379   7382   7385   7392
   7397   7400   7409   7412   7415   7416   7417   7424   7427   7428
   7430   7432   7434   7436   7444   7446   7450   7460   7463   7464
   7465   7472   7474   7478   7481   7491   7493   7497   7500   7510
   7513   7514   7515   7524   7527   7535   7538   7541   7544   7546
   7547   7550   7559   7562   7563   7564   7569   7571
 group =     4, "sid:WAT and an:OH2"
 # of atoms =   251
 atomlist: 
   7605   7608   7611   7614   7617   7620   7623   7626   7629   7632
   7635   7638   7641   7644   7647   7650   7653   7656   7659   7662
   7665   7668   7671   7674   7677   7680   7683   7686   7689   7692
   7695   7698   7701   7704   7707   7710   7713   7716   7719   7722
   7725   7728   7731   7734   7737   7740   7743   7746   7749   7752
   7755   7758   7761   7764   7767   7770   7773   7776   7779   7782
   7785   7788   7791   7794   7797   7800   7803   7806   7809   7812
   7815   7818   7821   7824   7827   7830   7833   7836   7839   7842
   7845   7848   7851   7854   7857   7860   7863   7866   7869   7872
   7875   7878   7881   7884   7887   7890   7893   7896   7899   7902
   7905   7908   7911   7914   7917   7920   7923   7926   7929   7932
   7935   7938   7941   7944   7947   7950   7953   7956   7959   7962
   7965   7968   7971   7974   7977   7980   7983   7986   7989   7992
   7995   7998   8001   8004   8007   8010   8013   8016   8019   8022
   8025   8028   8031   8034   8037   8040   8043   8046   8049   8052
   8055   8058   8061   8064   8067   8070   8073   8076   8079   8082
   8085   8088   8091   8094   8097   8100   8103   8106   8109   8112
   8115   8118   8121   8124   8127   8130   8133   8136   8139   8142
   8145   8148   8151   8154   8157   8160   8163   8166   8169   8172
   8175   8178   8181   8184   8187   8190   8193   8196   8199   8202
   8205   8208   8211   8214   8217   8220   8223   8226   8229   8232
   8235   8238   8241   8244   8247   8250   8253   8256   8259   8262
   8265   8268   8271   8274   8277   8280   8283   8286   8289   8292
   8295   8298   8301   8304   8307   8310   8313   8316   8319   8322
   8325   8328   8331   8334   8337   8340   8343   8346   8349   8352
   8355
Setup_Enefunc_Restraint> Setup restraint functions
 func  =     1 kind  =     1
 const(total, x, y, z) =    0.500   1.000   1.000   1.000
 exponend of function =     2
 # of groups  =     1
 grouplist:   1

 func  =     2 kind  =     1
 const(total, x, y, z) =    2.000   1.000   1.000   1.000
 exponend of function =     2
 # of groups  =     1
 grouplist:   2

Define_Enefunc_CHARMM> Number of Interactions in Each Term
  bond_ene        =      37288  angle_ene       =      23768
  urey_ene        =       6660
  torsion_ene     =      23932  improper_ene    =       1292
  cmap_ene        =        494
  restraint_groups=          4  restraint_funcs =          2
 
Setup_Fitting_Atdyn> NO fitting is applied, skip
  fitting method  =  NO
 
Update_Num_Deg_Freedom> Number of degrees of freedom was updated
  num_deg_freedom =      82743 (After setup of fixed atoms at boundary)
 
Remove_Fixatm> Modified Interactions
  bond_ene        =      27643  angle_ene       =      20553
  urey_ene        =       6660
  torsion_ene     =      23932  improper_ene    =       1292
 
Setup_Settle> Setup constraints for SETTLE
  num_unconsbonds =       7666      num_Settle  =       6659
  r0(O-H)         =     0.9572  mass(O)         =    15.9994
  r0(H-H)         =     1.5139  mass(H)         =     1.0080
 
Setup_Shake> Setup constrains for SHAKE and RATTLE
  num_unconsbonds =       3856  num_rigid_bonds =       3810
 
Update_Num_Deg_Freedom> Number of degrees of freedom was updated
  num_deg_freedom =      62766 (After setup of SETTLE)
 
Update_Num_Deg_Freedom> Number of degrees of freedom was updated
  num_deg_freedom =      58956 (After setup of SHAKE/RATTLE)
 
[STEP4] Compute Single Point Energy for Molecules
 
            STEP            BOND           ANGLE    UREY-BRADLEY        DIHEDRAL        IMPROPER            CMAP         VDWAALS           ELECT    RESTRAINT001    RESTRAINT002    RESTR_CVS001    RESTR_CVS002            SPOT
 --------------- --------------- --------------- --------------- ---------------
               0       1503.7034       3709.6181        486.4611       4577.1916        273.1845       -186.3901       7003.5395    -117464.9896         92.3022         10.7013          0.0000          0.0000         12.5343

[STEP5] Perform Molecular Dynamics Simulation
 
INFO:       STEP            TIME       TOTAL_ENE   POTENTIAL_ENE     KINETIC_ENE            RMSG            BOND           ANGLE    UREY-BRADLEY        DIHEDRAL        IMPROPER            CMAP         VDWAALS           ELECT RESTRAINT_TOTAL    RESTRAINT001    RESTRAINT002    RESTR_CVS001    RESTR_CVS002     TEMPERATURE          VOLUME            SPOT
 --------------- --------------- --------------- --------------- ---------------
INFO:        500          1.0000     -82326.7326     -99896.7562      17570.0236         12.6447       1496.9742       3805.9313        476.6711       4572.6288        258.2240       -178.3700       7057.9793    -117521.9636        135.1686        120.7838         14.3847          0.0000          0.0000        299.9402          0.0000         12.8478

INFO:       1000          2.0000     -82339.7987     -99920.7823      17580.9837         12.6753       1528.9310       3803.2667        485.2946       4528.7766        266.1425       -181.9767       7076.8493    -117565.2489        137.1826        124.4239         12.7587          0.0000          0.0000        300.1273          0.0000         10.3716

INFO:       1500          3.0000     -82413.2148     -99941.4178      17528.2029         12.6947       1517.2607       3782.5494        476.0537       4543.8931        269.1916       -173.4976       7135.0649    -117630.7877        138.8540        124.4280         14.4260          0.0000          0.0000        299.2263          0.0000         19.9609

INFO:       2000          4.0000     -82414.2372     -99877.4461      17463.2088         12.6216       1514.2949       3758.7252        459.0446       4549.6007        292.7019       -178.1181       6996.2517    -117394.3150        124.3680        112.5453         11.8227          0.0000          0.0000        298.1168          0.0000         14.3450

INFO:       2500          5.0000     -82336.9112     -99834.7974      17497.8862         12.5897       1509.0448       3851.8668        497.8204       4509.9957        261.0659       -163.3185       7029.0860    -117478.2664        147.9079        138.4349          9.4730          0.0000          0.0000        298.7088          0.0000         14.7998

INFO:       3000          6.0000     -82339.6100     -99824.3448      17484.7348         12.6293       1464.7021       3790.0609        480.2127       4528.8184        271.9074       -186.4269       7151.0183    -117461.0045        136.3668        125.8816         10.4852          0.0000          0.0000        298.4843          0.0000         13.7908

INFO:       3500          7.0000     -82330.0917     -99878.1201      17548.0284         12.6380       1520.1820       3735.0537        476.9935       4543.1605        283.5902       -171.8102       7229.7056    -117632.6432        137.6477        128.4995          9.1482          0.0000          0.0000        299.5647          0.0000         17.5617

INFO:       4000          8.0000     -82295.7105     -99742.4217      17446.7112         12.5884       1502.8734       3802.4964        480.9341       4574.3955        265.9244       -187.0909       7126.7920    -117439.1833        130.4367        116.5684         13.8684          0.0000          0.0000        297.8351          0.0000         11.6148

INFO:       4500          9.0000     -82282.9387     -99798.3910      17515.4523         12.6109       1454.4786       3812.0524        474.6765       4587.3990        272.6382       -184.5163       6991.4389    -117341.8330        135.2747        124.3392         10.9356          0.0000          0.0000        299.0086          0.0000         23.1937

INFO:       5000         10.0000     -82310.5591     -99755.2415      17444.6823         12.6161       1475.5140       3768.3148        458.3718       4562.1396        279.9512       -198.3476       7149.3706    -117397.3658        146.8101        134.9510         11.8591          0.0000          0.0000        297.8005          0.0000         22.4541

INFO:       5500         11.0000     -82398.0751     -99966.9508      17568.8756         12.5912       1478.7679       3751.0556        476.1939       4582.3024        261.0844       -191.3706       7062.4693    -117517.3116        129.8581        118.8703         10.9878          0.0000          0.0000        299.9206          0.0000         24.4480

INFO:       6000         12.0000     -82401.0179     -99946.4760      17545.4581         12.6029       1512.9013       3708.0187        483.2084       4509.8969        256.3271       -173.5565       7195.2866    -117578.9969        140.4385        126.3248         14.1137          0.0000          0.0000        299.5209          0.0000         20.8959

INFO:       6500         13.0000     -82407.0246     -99850.4224      17443.3977         12.6469       1522.6772       3828.2286        489.5579       4575.9746        264.4344       -179.5015       7317.1514    -117802.5414        133.5964        120.0787         13.5177          0.0000          0.0000        297.7786          0.0000         12.2338

INFO:       7000         14.0000     -82332.7365     -99722.0695      17389.3330         12.6057       1508.2108       3752.1423        471.4198       4546.4946        271.4718       -178.8562       7071.5467    -117308.2735        143.7741        134.1776          9.5965          0.0000          0.0000        296.8556          0.0000         17.5276

INFO:       7500         15.0000     -82283.6889     -99843.6945      17560.0056         12.6347       1478.6829       3727.1756        464.9594       4546.9545        274.9005       -170.2329       7110.2418    -117427.1551        150.7789        136.4946         14.2843          0.0000          0.0000        299.7692          0.0000         20.8559

INFO:       8000         16.0000     -82368.8252     -99926.3327      17557.5075         12.6475       1484.6865       3716.5934        465.9366       4571.7084        259.1522       -177.1233       7237.8268    -117621.0019        135.8886        126.1746          9.7140          0.0000          0.0000        299.7266          0.0000         17.4244

INFO:       8500         17.0000     -82338.3142     -99995.1445      17656.8303         12.6325       1510.1700       3743.2631        487.5326       4567.6655        272.1282       -202.6521       7209.3089    -117719.4080        136.8474        127.8756          8.9718          0.0000          0.0000        301.4221          0.0000         17.9286

INFO:       9000         18.0000     -82353.5532     -99965.8352      17612.2820         12.5810       1489.7132       3794.2503        481.9771       4565.1623        275.6518       -184.5858       7027.5902    -117556.1278        140.5337        126.4109         14.1228          0.0000          0.0000        300.6616          0.0000         13.0723

INFO:       9500         19.0000     -82324.2356     -99854.5457      17530.3101         12.6882       1571.4926       3740.0365        479.4279       4555.2146        271.6902       -199.1382       7006.2310    -117415.9147        136.4144        126.5965          9.8179          0.0000          0.0000        299.2623          0.0000         16.0424

INFO:      10000         20.0000     -82335.6578    -100094.4356      17758.7778         12.6338       1508.6989       3739.8598        478.3134       4546.7435        252.5761       -158.6533       7102.0168    -117698.2339        134.2430        124.3548          9.8882          0.0000          0.0000        303.1625          0.0000         10.8164

INFO:      10500         21.0000     -82211.0176     -99789.5510      17578.5334         12.6868       1550.3703       3836.2116        476.1865       4567.2269        279.2654       -186.6220       7018.7917    -117492.3090        161.3275        146.2202         15.1073          0.0000          0.0000        300.0855          0.0000         15.9503

INFO:      11000         22.0000     -82200.1703     -99918.1242      17717.9539         12.5834       1462.5211       3700.1559        456.8263       4562.4926        270.1006       -190.4117       7089.2906    -117404.5234        135.4238        125.2553         10.1685          0.0000          0.0000        302.4656          0.0000         12.6060

INFO:      11500         23.0000     -82128.4416     -99792.6671      17664.2255         12.6579       1540.6330       3768.6015        473.3095       4554.7461        251.7004       -183.1082       6853.0975    -117187.4059        135.7590        124.1791         11.5800          0.0000          0.0000        301.5484          0.0000         14.7496

INFO:      12000         24.0000     -82052.4125     -99681.6980      17629.2856         12.6220       1516.7605       3772.1592        483.1462       4616.7517        270.9340       -178.3239       7112.1452    -117414.2155        138.9445        125.7421         13.2024          0.0000          0.0000        300.9519          0.0000         10.6017

INFO:      12500         25.0000     -81988.7248     -99711.0517      17722.3269         12.6825       1544.3589       3728.4721        471.4932       4571.1511        281.9639       -164.9062       6945.0330    -117231.7347        143.1170        131.4561         11.6609          0.0000          0.0000        302.5402          0.0000         13.2077

INFO:      13000         26.0000     -82022.1169     -99800.4990      17778.3820         12.6059       1483.1914       3776.2957        482.5011       4558.9229        271.2403       -172.1946       6924.5850    -117266.8661        141.8253        132.0414          9.7839          0.0000          0.0000        303.4971          0.0000         18.8360

INFO:      13500         27.0000     -82156.2703     -99968.0734      17811.8031         12.6983       1543.2427       3704.5765        480.3288       4557.8340        251.3806       -182.3918       7284.9057    -117744.7720        136.8221        123.0920         13.7300          0.0000          0.0000        304.0677          0.0000         20.2194

INFO:      14000         28.0000     -82252.7328     -99913.3806      17660.6477         12.5979       1420.7363       3820.7302        474.0559       4574.3367        297.1757       -178.7573       7161.8842    -117628.0210        144.4786        130.8762         13.6024          0.0000          0.0000        301.4873          0.0000         16.6014

INFO:      14500         29.0000     -82322.4804     -99969.5356      17647.0552         12.6573       1472.6245       3758.4722        470.3095       4548.2329        259.1400       -196.7273       7460.6577    -117878.3638        136.1187        125.9607         10.1580          0.0000          0.0000        301.2552          0.0000         17.5060

INFO:      15000         30.0000     -82248.1159     -99833.7931      17585.6773         12.6280       1527.8596       3817.5762        470.6548       4522.8599        274.3808       -171.6118       6981.1560    -117401.3353        144.6666        131.0023         13.6643          0.0000          0.0000        300.2075          0.0000         11.3073

INFO:      15500         31.0000     -82349.2353     -99880.2658      17531.0305         12.6921       1536.7499       3736.4732        488.7449       4592.8199        263.5824       -188.7938       7114.9876    -117570.1557        145.3257        133.6572         11.6685          0.0000          0.0000        299.2746          0.0000         17.7659

INFO:      16000         32.0000     -82352.6409     -99973.1037      17620.4628         12.6418       1490.2363       3733.8398        473.8256       4558.4855        248.1461       -197.6410       7175.0316    -117598.7249        143.6973        131.5562         12.1411          0.0000          0.0000        300.8013          0.0000         16.6302

INFO:      16500         33.0000     -82269.3707     -99904.0197      17634.6490         12.6483       1520.4862       3723.8560        470.4934       4575.8290        267.9957       -197.0240       7222.9898    -117624.6596        136.0137        123.9117         12.1020          0.0000          0.0000        301.0435          0.0000         16.4929

INFO:      17000         34.0000     -82279.0294     -99899.8222      17620.7928         12.6133       1509.3549       3817.3240        486.5944       4562.0848        251.8648       -197.3505       7020.9292    -117487.9270        137.3032        128.7759          8.5273          0.0000          0.0000        300.8069          0.0000         12.0625

INFO:      17500         35.0000     -82258.4977     -99989.3848      17730.8871         12.6991       1492.4561       3782.4210        470.2547       4603.9159        265.3833       -170.5118       7356.5045    -117925.7680        135.9594        126.4847          9.4747          0.0000          0.0000        302.6864          0.0000         19.9716

INFO:      18000         36.0000     -82301.8074     -99793.0204      17491.2129         12.6376       1480.1577       3797.9769        489.0174       4526.2108        282.0815       -196.4230       7068.2428    -117383.4080        143.1236        127.8166         15.3071          0.0000          0.0000        298.5948          0.0000         18.0478

INFO:      18500         37.0000     -82310.9552     -99849.7438      17538.7886         12.6829       1515.2298       3762.5823        491.4848       4571.6083        259.9578       -188.8808       7157.4683    -117565.4678        146.2734        134.9695         11.3039          0.0000          0.0000        299.4070          0.0000         13.9961

INFO:      19000         38.0000     -82191.2762     -99632.1437      17440.8675         12.6398       1501.1351       3752.3565        481.4679       4558.6599        277.5922       -162.1633       7193.8533    -117370.8978        135.8523        125.3813         10.4711          0.0000          0.0000        297.7354          0.0000         16.8377

INFO:      19500         39.0000     -82266.8933     -99904.4962      17637.6030         12.6152       1520.1269       3777.9898        483.7823       4594.4783        270.4989       -190.5632       7048.5503    -117555.8832        146.5237        135.6754         10.8483          0.0000          0.0000        301.0939          0.0000         16.7168

INFO:      20000         40.0000     -82283.1150     -99747.0593      17463.9443         12.6988       1535.6202       3800.3202        492.9508       4534.3663        283.5308       -184.9734       7278.3649    -117637.6316        150.3925        136.7881         13.6043          0.0000          0.0000        298.1293          0.0000         17.7507

INFO:      20500         41.0000     -82237.7642     -99869.6423      17631.8781         12.6930       1498.1191       3732.2019        478.8508       4569.9585        278.7825       -174.1247       7327.0178    -117736.5186        156.0704        143.1175         12.9529          0.0000          0.0000        300.9962          0.0000         20.7997

INFO:      21000         42.0000     -82307.2934     -99888.8420      17581.5486         12.6469       1508.5613       3731.7643        487.5359       4589.2045        274.8506       -194.9145       7148.0747    -117579.5886        145.6697        132.8118         12.8580          0.0000          0.0000        300.1370          0.0000         13.2745

INFO:      21500         43.0000     -82249.9440     -99879.0946      17629.1506         12.6747       1529.3338       3892.1897        494.4527       4591.4917        278.9459       -163.7573       7106.6731    -117751.4442        143.0200        131.1387         11.8813          0.0000          0.0000        300.9496          0.0000         16.4818

INFO:      22000         44.0000     -82325.8954     -99931.8985      17606.0031         12.6724       1532.4075       3773.2425        491.9208       4576.0998        265.0336       -170.2748       7316.1090    -117864.3853        147.9484        135.4757         12.4727          0.0000          0.0000        300.5544          0.0000         20.4889

INFO:      22500         45.0000     -82443.5555     -99931.2185      17487.6631         12.6504       1533.1884       3749.8310        465.3407       4551.4595        274.6783       -189.3652       7105.4804    -117564.0599        142.2283        126.2394         15.9889          0.0000          0.0000        298.5342          0.0000         16.2851

INFO:      23000         46.0000     -82446.9253     -99898.0759      17451.1506         12.6745       1502.0204       3797.2552        476.5109       4536.0471        265.8728       -182.0538       7348.7764    -117783.4628        140.9579        131.0267          9.9312          0.0000          0.0000        297.9109          0.0000         19.5716

INFO:      23500         47.0000     -82482.6912    -100121.3718      17638.6806         12.6677       1525.8037       3804.5892        496.8117       4558.2121        270.4412       -178.3378       7014.1549    -117759.9802        146.9335        132.6459         14.2876          0.0000          0.0000        301.1123          0.0000         19.0792

INFO:      24000         48.0000     -82488.5369     -99888.2340      17399.6971         12.7106       1542.9541       3755.9009        473.1406       4583.7936        281.0470       -189.7190       7296.1392    -117775.5440        144.0537        132.8689         11.1848          0.0000          0.0000        297.0326          0.0000         17.1596

INFO:      24500         49.0000     -82473.3153    -100111.0287      17637.7134         12.6570       1520.5655       3694.5275        472.6728       4589.3396        271.1288       -186.0244       7188.3612    -117813.0609        151.4612        142.5342          8.9270          0.0000          0.0000        301.0958          0.0000          9.4386

INFO:      25000         50.0000     -82506.1076    -100012.0595      17505.9519         12.7231       1552.1784       3800.5268        474.7045       4588.2812        266.3696       -173.7211       7299.3333    -117957.8524        138.1202        126.7537         11.3665          0.0000          0.0000        298.8465          0.0000         14.2736

INFO:      25500         51.0000     -82501.9099    -100038.0645      17536.1546         12.6244       1521.4119       3819.9809        475.8832       4576.3005        252.1512       -191.7237       7093.7230    -117729.8412        144.0496        132.3928         11.6568          0.0000          0.0000        299.3620          0.0000         14.4616

INFO:      26000         52.0000     -82557.6620     -99923.3056      17365.6436         12.6438       1489.5060       3708.8251        465.1754       4631.1989        264.7901       -201.8082       6964.1005    -117391.2111        146.1177        132.1974         13.9203          0.0000          0.0000        296.4512          0.0000          8.5111

INFO:      26500         53.0000     -82469.6228     -99969.5840      17499.9613         12.6610       1529.6992       3776.7525        480.7870       4553.8085        274.4630       -180.8785       7067.0155    -117626.7176        155.4863        142.6650         12.8213          0.0000          0.0000        298.7442          0.0000         20.4473

INFO:      27000         54.0000     -82620.4050    -100206.7364      17586.3314         12.6054       1492.1320       3681.9383        466.5350       4542.3282        277.0960       -181.8490       7051.8068    -117687.4656        150.7419        138.1159         12.6260          0.0000          0.0000        300.2186          0.0000         17.8212

INFO:      27500         55.0000     -82557.3010    -100136.4370      17579.1360         12.6173       1468.4818       3731.3902        475.3861       4573.2357        271.5670       -190.3402       7108.9253    -117715.9920        140.9091        128.6609         12.2482          0.0000          0.0000        300.0958          0.0000         15.7871

INFO:      28000         56.0000     -82471.2489     -99843.7260      17372.4771         12.6187       1463.4602       3809.9635        487.5234       4548.9258        266.1954       -202.1615       7163.2161    -117524.8409        143.9920        129.9226         14.0693          0.0000          0.0000        296.5679          0.0000         15.1730

INFO:      28500         57.0000     -82563.7094    -100076.0306      17512.3212         12.6961       1490.5302       3716.5822        474.8693       4565.0514        277.9622       -178.7920       7402.9740    -117966.5325        141.3246        127.5706         13.7539          0.0000          0.0000        298.9552          0.0000          9.9892

INFO:      29000         58.0000     -82548.7560     -99928.7766      17380.0206         12.6800       1535.9905       3749.5327        474.9379       4581.5544        276.3239       -159.3599       7250.6645    -117778.7134        140.2927        129.3839         10.9088          0.0000          0.0000        296.6967          0.0000         12.6774

INFO:      29500         59.0000     -82682.9674    -100125.8917      17442.9243         12.5267       1474.0516       3798.8724        478.5661       4529.7342        272.8299       -174.2089       6982.9188    -117629.2984        140.6426        130.1474         10.4952          0.0000          0.0000        297.7705          0.0000          9.3293

INFO:      30000         60.0000     -82633.2210    -100097.1435      17463.9224         12.6257       1487.0462       3767.1490        462.0008       4541.7637        263.8217       -182.7916       7280.4176    -117871.5995        155.0487        139.7441         15.3046          0.0000          0.0000        298.1290          0.0000         11.0750

INFO:      30500         61.0000     -82673.1294     -99991.9906      17318.8612         12.6300       1518.8070       3818.1222        467.8636       4532.5270        271.3721       -178.3733       7203.2666    -117779.6184        154.0427        139.8485         14.1941          0.0000          0.0000        295.6526          0.0000          7.3183

INFO:      31000         62.0000     -82693.3188    -100129.9181      17436.5994         12.6441       1525.2546       3669.1427        474.4485       4545.5454        246.5018       -179.3970       7048.4367    -117604.0066        144.1557        134.7513          9.4044          0.0000          0.0000        297.6625          0.0000         12.6689

INFO:      31500         63.0000     -82697.2073    -100166.9720      17469.7647         12.5916       1453.5389       3776.1134        467.5095       4544.2055        267.0003       -169.5363       7430.9275    -118092.3523        155.6215        146.4933          9.1282          0.0000          0.0000        298.2287          0.0000         11.3319

INFO:      32000         64.0000     -82564.7445     -99983.7861      17419.0417         12.6146       1465.1267       3730.4147        485.1066       4569.3604        246.2950       -164.2335       7287.9060    -117745.5668        141.8048        131.9815          9.8234          0.0000          0.0000        297.3628          0.0000         10.3742

INFO:      32500         65.0000     -82495.5708     -99832.4624      17336.8917         12.6338       1532.8793       3835.0416        497.9630       4563.2546        263.6492       -191.8093       7262.9320    -117747.6072        151.2342        138.1198         13.1144          0.0000          0.0000        295.9604          0.0000         15.2646

INFO:      33000         66.0000     -82402.9959    -100026.4823      17623.4864         12.6292       1474.8729       3804.9807        478.1823       4576.8081        261.3557       -167.5242       7186.7988    -117785.4253        143.4686        131.3582         12.1104          0.0000          0.0000        300.8529          0.0000         13.0769

INFO:      33500         67.0000     -82433.5023     -99835.3579      17401.8556         12.6566       1517.6853       3804.1409        483.5325       4547.2826        266.6929       -160.5101       7277.4282    -117716.7846        145.1743        132.8750         12.2993          0.0000          0.0000        297.0694          0.0000         13.7959

INFO:      34000         68.0000     -82429.0691     -99872.4516      17443.3826         12.5932       1478.9776       3794.4659        476.6298       4542.8104        262.8412       -167.6746       7021.8314    -117428.6686        146.3354        138.7919          7.5435          0.0000          0.0000        297.7783          0.0000         14.2035

INFO:      34500         69.0000     -82345.9191     -99910.8251      17564.9060         12.6407       1515.3757       3778.2856        482.5708       4566.2270        265.8077       -180.8951       7068.7049    -117553.0212        146.1196        132.4445         13.6752          0.0000          0.0000        299.8529          0.0000         15.2618

INFO:      35000         70.0000     -82455.7527    -100034.5378      17578.7851         12.6304       1519.3021       3760.8242        474.7986       4555.9323        259.3615       -175.3590       7084.5986    -117666.8355        152.8394        142.7292         10.1102          0.0000          0.0000        300.0898          0.0000         21.8474

INFO:      35500         71.0000     -82496.7735    -100087.3656      17590.5920         12.6029       1450.7185       3825.7572        458.8749       4519.9729        271.0349       -173.2359       7152.3184    -117734.4159        141.6094        130.0215         11.5879          0.0000          0.0000        300.2914          0.0000         12.3745

INFO:      36000         72.0000     -82481.6606     -99957.4297      17475.7691         12.6153       1514.0808       3811.3626        477.0004       4533.6588        255.1327       -181.7057       6931.3354    -117453.8569        155.5620        143.8316         11.7304          0.0000          0.0000        298.3312          0.0000          8.2363

INFO:      36500         73.0000     -82461.2726     -99893.2652      17431.9926         12.6453       1503.4388       3758.7277        474.7617       4567.2848        279.7106       -159.7117       7079.2012    -117543.8476        147.1693        132.7424         14.4269          0.0000          0.0000        297.5839          0.0000         16.9022

INFO:      37000         74.0000     -82513.6559     -99948.2933      17434.6374         12.6400       1530.6518       3779.4831        471.4365       4556.0551        272.7498       -187.4629       6998.7335    -117513.6274        143.6872        133.2149         10.4723          0.0000          0.0000        297.6290          0.0000         15.3104

INFO:      37500         75.0000     -82501.5850    -100047.1958      17545.6108         12.6000       1473.6316       3790.0283        473.6012       4563.7890        287.6606       -176.6578       7046.8901    -117649.6668        143.5279        130.4412         13.0867          0.0000          0.0000        299.5235          0.0000         16.6660

INFO:      38000         76.0000     -82389.6040     -99931.2829      17541.6788         12.6501       1482.9479       3819.3027        482.1141       4554.7907        275.5112       -169.7653       7179.2858    -117698.7762        143.3064        134.0082          9.2983          0.0000          0.0000        299.4564          0.0000         11.5333

INFO:      38500         77.0000     -82474.2837     -99931.1676      17456.8838         12.6351       1509.6501       3764.9483        482.7585       4549.7814        265.9059       -168.0373       7111.9182    -117585.8434        137.7510        123.7722         13.9787          0.0000          0.0000        298.0088          0.0000         20.8941

INFO:      39000         78.0000     -82435.2438    -100001.6477      17566.4039         12.6465       1516.0845       3804.3445        487.5550       4532.7175        260.1288       -189.2571       7095.0506    -117650.4236        142.1522        128.9591         13.1931          0.0000          0.0000        299.8784          0.0000         10.3808

INFO:      39500         79.0000     -82388.5662     -99896.2523      17507.6861         12.6797       1551.7923       3853.5237        474.3151       4550.4395        268.6354       -183.9334       7085.9730    -117648.8288        151.8310        139.7004         12.1306          0.0000          0.0000        298.8761          0.0000         14.7750

INFO:      40000         80.0000     -82454.9487    -100045.9076      17590.9589         12.6863       1490.3712       3809.8062        478.2358       4577.0895        281.1662       -199.8427       7083.2594    -117707.6118        141.6187        128.7863         12.8324          0.0000          0.0000        300.2976          0.0000         16.7748

INFO:      40500         81.0000     -82408.3021     -99948.1051      17539.8030         12.6455       1479.1769       3774.2568        480.7672       4551.6732        262.2671       -195.6659       6971.3149    -117411.0101        139.1148        125.0223         14.0924          0.0000          0.0000        299.4243          0.0000         14.3351

INFO:      41000         82.0000     -82363.5472    -100048.3265      17684.7792         12.6322       1576.4994       3712.0612        479.4017       4588.0974        263.5707       -205.3878       7176.5043    -117776.1043        137.0308        126.0757         10.9551          0.0000          0.0000        301.8992          0.0000         24.1124

INFO:      41500         83.0000     -82294.2867     -99948.0506      17653.7638         12.6699       1527.4561       3752.4381        465.9492       4535.0688        289.5355       -200.5268       7241.3942    -117709.2409        149.8752        134.3800         15.4953          0.0000          0.0000        301.3698          0.0000         15.5994

INFO:      42000         84.0000     -82327.5412     -99957.4409      17629.8997         12.6884       1573.6452       3807.8716        488.3389       4530.4695        281.3606       -184.8963       7160.1018    -117770.4430        156.1107        144.0529         12.0578          0.0000          0.0000        300.9624          0.0000         11.5288

INFO:      42500         85.0000     -82292.2659     -99887.2767      17595.0108         12.6986       1557.2173       3823.6760        490.5621       4545.5841        287.7147       -191.1289       7121.1656    -117665.5361        143.4685        130.2968         13.1717          0.0000          0.0000        300.3668          0.0000         14.9905

INFO:      43000         86.0000     -82301.3111     -99741.6439      17440.3328         12.6451       1498.2637       3809.4449        473.5744       4554.8051        270.0482       -161.5250       6915.3533    -117253.8175        152.2090        135.9185         16.2906          0.0000          0.0000        297.7263          0.0000         16.7468

INFO:      43500         87.0000     -82319.0159     -99825.8555      17506.8395         12.6206       1506.0374       3795.9517        473.3124       4526.3858        260.4754       -159.9646       7129.1206    -117504.9574        147.7834        134.6751         13.1083          0.0000          0.0000        298.8616          0.0000         20.2153

INFO:      44000         88.0000     -82427.9343     -99984.3265      17556.3922         12.6251       1484.6564       3807.7636        471.2163       4531.5504        274.3213       -189.8408       7136.9461    -117656.6651        155.7254        142.5883         13.1371          0.0000          0.0000        299.7075          0.0000         17.0738

INFO:      44500         89.0000     -82433.7443     -99994.9014      17561.1571         12.6305       1520.1793       3780.0169        489.0545       4554.1222        259.0609       -183.6613       6934.5482    -117486.2971        138.0750        126.3378         11.7373          0.0000          0.0000        299.7889          0.0000         11.6505

INFO:      45000         90.0000     -82435.7568    -100007.6603      17571.9035         12.6120       1477.9538       3750.2183        479.9765       4578.6177        270.1610       -169.2806       7369.9453    -117913.6487        148.3964        135.1652         13.2312          0.0000          0.0000        299.9723          0.0000         20.7941

INFO:      45500         91.0000     -82277.6729     -99917.2385      17639.5656         12.6970       1499.1295       3802.0973        479.8589       4509.4780        257.7907       -181.7822       7160.9587    -117588.0623        143.2928        131.2177         12.0751          0.0000          0.0000        301.1274          0.0000         14.0454

INFO:      46000         92.0000     -82316.8256     -99905.7396      17588.9140         12.6287       1466.3322       3839.6353        475.2007       4567.3416        268.4837       -173.7948       7173.4949    -117669.4681        147.0350        133.0356         13.9995          0.0000          0.0000        300.2627          0.0000         14.5879

INFO:      46500         93.0000     -82351.8356     -99920.4120      17568.5764         12.6609       1529.1923       3817.0679        491.8258       4493.1098        273.5465       -184.9531       7110.2983    -117584.4193        133.9199        122.6131         11.3067          0.0000          0.0000        299.9155          0.0000         16.9606

INFO:      47000         94.0000     -82323.7333     -99971.3617      17647.6284         12.6088       1453.2322       3852.5796        472.2756       4543.8695        286.0592       -178.5730       7156.3302    -117697.9991        140.8642        130.2471         10.6171          0.0000          0.0000        301.2650          0.0000         15.0708

INFO:      47500         95.0000     -82337.8012     -99816.6005      17478.7992         12.6598       1534.6387       3797.0294        474.1882       4555.1551        284.2405       -179.3063       7214.6558    -117629.1270        131.9250        116.0232         15.9019          0.0000          0.0000        298.3829          0.0000         18.5926

INFO:      48000         96.0000     -82276.0089     -99905.6126      17629.6037         12.6256       1520.6823       3782.5215        464.5621       4551.6279        248.5644       -173.0063       7163.8924    -117608.6513        144.1942        128.7445         15.4497          0.0000          0.0000        300.9573          0.0000         12.5402

INFO:      48500         97.0000     -82367.8162     -99848.5409      17480.7247         12.6105       1441.1029       3849.2042        476.3533       4555.8953        262.4604       -179.5107       7072.5751    -117471.1643        144.5429        132.9762         11.5667          0.0000          0.0000        298.4158          0.0000         15.0500

INFO:      49000         98.0000     -82387.9005     -99790.6836      17402.7831         12.6300       1549.7810       3810.3847        480.1751       4525.7807        276.5443       -179.7190       7167.6147    -117567.6004        146.3552        131.8966         14.4586          0.0000          0.0000        297.0852          0.0000         14.8477

INFO:      49500         99.0000     -82331.3548     -99857.4049      17526.0501         12.5555       1469.8346       3765.5177        476.2847       4505.7155        275.7132       -167.6175       7001.7442    -117328.7929        144.1957        131.5434         12.6524          0.0000          0.0000        299.1896          0.0000         12.5709

INFO:      50000        100.0000     -82309.5221    -100010.1404      17700.6183         12.6424       1515.4237       3724.0244        483.9568       4530.4449        252.9734       -181.1569       6946.2959    -117425.7790        143.6763        132.1014         11.5749          0.0000          0.0000        302.1696          0.0000         10.0072

 
[STEP6] Deallocate Arrays
 
Output_Time> Averaged timer profile (Min, Max)
  total time      =    1568.841
    setup         =       3.047
    dynamics      =    1565.794
      energy      =    1319.996
      integrator  =      92.011
      pairlist    =     151.970 (     149.691,     153.663)
  energy           
    bond          =       0.339 (       0.267,       0.539)
    angle         =       1.370 (       1.104,       1.701)
    dihedral      =       2.731 (       1.990,       3.628)
    nonbond       =    1086.202 (    1076.160,    1097.389)
      pme real    =    1086.015 (    1075.734,    1097.289)
      pme recip   =       0.000 (       0.000,       0.000)
    solvation     =       0.000 (       0.000,       0.000)
      polar       =       0.000 (       0.000,       0.000)
      non-polar   =       0.000 (       0.000,       0.000)
    restraint     =       1.227 (       0.835,       1.740)
    qmmm          =       0.000 (       0.000,       0.000)
  integrator       
    constraint    =      49.553 (      46.928,      51.649)
    update        =       0.000 (       0.000,       0.000)
    comm_coord    =       0.000 (       0.000,       0.000)
    comm_force    =       0.000 (       0.000,       0.000)
    comm_migrate  =       0.000 (       0.000,       0.000)

