****************************************************
*                                                  *
*                  GENESIS ATDYN                   *
*                                                  *
*        A Molecular Dynamics Simulator with       *
*            Atomic Decomposition Scheme           *
*                                                  *
*               Developed by RIKEN                 *
*                                                  *
****************************************************
 
[STEP0] Architecture and Compiler Information
 
GENESIS_Information> GENESIS Information
  version      = 1.5.0
  commit ID    = $GENESIS_VERSION$
  precision    = double
  nonbonding   = CPU

Build_Information> Compiler Information
  build host   = yagi@beluga
  fortran      = ifort (IFORT) 18.0.1 20171018
  option       = -xHost -O3 -ip -mkl=parallel  -assume byterecl -qopenmp 
  C            = icc (ICC) 18.0.1 20171018
  option       = -O3 -ip -axCORE-AVX2  -qopenmp
  defined var. =  -DMPI -DOMP -DFFTE -DLAPACK -DDSFMT_MEXP=19937 -DINTEL
  link option  = 
  -assume byterecl -qopenmp  -lmkl_intel_lp64 -lmkl_sequential -lmkl_core -lmkl_
 lapack95_lp64 

Runtime_Information> Machine and Library Information
  date       = 2020/05/12 00:38:23
  cpu model    = Intel(R) Xeon(R) CPU E5-2667 v4 @ 3.20GHz
  exec. host   = yagi@beluga09
  LD library   = 
 /home/mdsoft/mpi/mpi_cent-v7_intel64/openmpi-v3.1.2_intel_v18.0.1/lib:/opt/inte
 l/compilers_and_libraries_2018.1.163/linux/compiler/lib/intel64_lin:/opt/intel/
 compilers_and_libraries_2018.1.163/linux/mkl/lib/intel64_lin:/opt/intel/compile
 rs_and_libraries_2018.1.163/linux/compiler/lib/intel64:/opt/intel/compilers_and
 _libraries_2018.1.163/linux/compiler/lib/intel64_lin:/opt/intel/compilers_and_l
 ibraries_2018.1.163/linux/mpi/intel64/lib:/opt/intel/compilers_and_libraries_20
 18.1.163/linux/mpi/mic/lib:/opt/intel/compilers_and_libraries_2018.1.163/linux/
 ipp/lib/intel64:/opt/intel/compilers_and_libraries_2018.1.163/linux/compiler/li
 b/intel64_lin:/opt/intel/compilers_and_libraries_2018.1.163/linux/mkl/lib/intel
 64_lin:/opt/intel/compilers_and_libraries_2018.1.163/linux/tbb/lib/intel64/gcc4
 .7:/opt/intel/compilers_and_libraries_2018.1.163/linux/tbb/lib/intel64/gcc4.7:/
 opt/intel/compilers_and_libraries_2018.1.163/linux/daal/lib/intel64_lin:/home/m
 dsoft/mpi/mpi_cent-v7_intel64/openmpi-v3.1.2_intel_v18.0.1/lib:/opt/intel/compi
 lers_and_libraries_2018.1.163/linux/compiler/lib/intel64_lin:/opt/intel/compile
 rs_and_libraries_2018.1.163/linux/mkl/lib/intel64_lin:/opt/intel/compilers_and_
 libraries_2018.1.163/linux/compiler/lib/intel64:/opt/intel/compilers_and_librar
 ies_2018.1.163/linux/compiler/lib/intel64_lin:/opt/intel/compilers_and_librarie
 s_2018.1.163/linux/mpi/intel64/lib:/opt/intel/compilers_and_libraries_2018.1.16
 3/linux/mpi/mic/lib:/opt/intel/compilers_and_libraries_2018.1.163/linux/ipp/li

[STEP1] Read Control Parameters
 
Read_Ctrl_Input> Input Files
  topfile = toppar/top_all36_prot.rtf, toppar/top_all36_cgenff.rtf
  parfile = toppar/par_all36_prot.prm, toppar/par_all36_cgenff.prm
  strfile = toppar/toppar_water_ions.str, toppar/toppar_dhap.3.str
  psffile = step4_nvt_100.psf
  pdbfile = step4_nvt_100.pdb
  rstfile = step4.3_nvt.rst
  reffile = step4_nvt_100.pdb
 
Read_Ctrl_Output> Output Files
  dcdfile    = step4.4_nvt.dcd
  rstfile    = step4.4_nvt.rst
 
Read_Ctrl_Energy> Parameters of Energy Calculations
  forcefield      =     CHARMM
  switchdist      =     16.000  cutoffdist      =     18.000
  pairlistdist    =     19.500  dielec_const    =      1.000
  vdW force_switch=        yes
  electrostatic   =  CUTOFF
  implicit_solvent=       none
  table_order     =          3
  table_density   =     20.000
  water_model     =       NONE
  output_style    =    GENESIS
  dispersion_corr =       none
  nonb_limiter    =      no
 
Read_Ctrl_Dynamics> Parameters of MD simulation
  integrator      =       VVER  nsteps          =      50000
  timestep        =     0.0020  initial_time    =     0.0000
  eneout_period   =        500  rstout_period   =        500
  crdout_period   =        500  velout_period   =          0
  nbupdate_period =         10  stoptr_period   =         10
  iseed           =   20190319
  annealing       =         no
  verbose         =         no
  target_md       =         no
  steered_md      =         no
  esp_mm          =         no
 
Read_Ctrl_Constraints> Parameters for Constraints
  rigid_bond      =        yes
  shake_iteration =        500  shake_tolerance =  0.100E-09
  fast_water      =        yes  water_model     =       TIP3
  hydrogen_type   =  name|mass
  noshake_index   =       none
  fixatm_select_index        =       none
 
Read_Ctrl_Ensemble> Parameters for Ensemble
  ensemble        =        NVT
  temperature     =    300.000
  tpcontrol       =      BUSSI
  tau_t           =      5.000
 
Read_Ctrl_Boundary> Parameters of Boundary Condition
  type            =       NOBC
  spherical_pot   =        yes  restart         =          T
  center_info     =       read  modify_ratio    =      1.000
  constant        =     10.000  exponent        =          2
  fixatom         =          T  fix_layer       =      1.000
 
Read_Ctrl_Selection> Parameters of Selection
  # of groups     =          4
    group 1 = (sid:TIMA or sid:TIMB) and (an:CA | an:C | an:O | an:N)
    group 2 = (sid:DHA or sid:DHA around_res:3.0) and not hydrogen
    group 3 = (sid:TIMA or sid:TIMB) and not (an:CA | an:C | an:O | an:N) and not hydrogen
    group 4 = sid:WAT and an:OH2
  # of mole names =          0
 
Read_Ctrl_Restraints> Parameters of Restraint
  numfunc         =   2
  function1 = POSI     
    direction     = ALL 
    constant      = 1.0
    reference     = 
    select_index  = 1
    mode          =   0
    exponent      =   2
    exponent_dist = 
    weight_dist   = 

  function2 = POSI     
    direction     = ALL 
    constant      = 2.0
    reference     = 
    select_index  = 2
    mode          =   0
    exponent      =   2
    exponent_dist = 
    weight_dist   = 

  pressure_position   = NO
  pressure_rmsd     = NO

Read_Ctrl_Fitting_MD> Parameters of Fitting
  fitting method  =  TR+ROT   
  fitting atom    = group1
  mass_weight     =         no
 
[STEP2] Setup MPI
 
Setup_Mpi_Md> Summary of Setup MPI
  number of MPI processes   =         16
  number of OpenMP threads  =          4
  total number of CPU cores =         64

[STEP3] Set Relevant Variables and Structures
 
Input_Top> Summary of Topfile
  num_atom_class  =        212  num_resi_type   =        685
 
Input_Par> Summary of Parfile
  num_bonds       =        658  num_angles      =       2003
  num_dihedrals   =       4838  num_impropers   =        163
  num_atom_cls    =        212  num_nbfix       =         75
  num_cmap_terms  =          6
 
 Merge_Par> WARNING: BOND: Multiple definition: "CG321"-"OG311"
Input_Str> Summary of Top information
  num_atom_class  =        227  num_resi_type   =        700
 
Input_Str> Summary of Par information
  num_bonds       =        663  num_angles      =       2006
  num_dihedrals   =       4850  num_impropers   =        163
  num_atom_cls    =        227  num_nbfix       =         90
  num_cmap_terms  =          6
 
Read_Psf> Summary of Psffile
  psftype         =      xplor
  num_atoms       =      37226  num_bonds       =      37288
  num_angles      =      23768  num_dihedrals   =      20268
  num_impropers   =       1292  num_cmap_terms  =        494
  num_HB_donors   =      20596  num_HB_acceptors=      10610
  num_NB_exclusion=          0  num_groups      =      12168
  total_charge    =    -10.000
 
Check_Pdb> 6-column residue sequence number
 
Read_Pdb> Summary of Data in PDB file
  num_atoms       =      37226
 
Read_Rst_Binary> Summary of RST file
  num_atoms       =      37226  iseed           =   20190319
  boxsize (x,y,z) =      0.000     0.000     0.000
  spherical_pot     =      yes
  nfunctions                 2  num_fixatm              9645

Check_Pdb> 6-column residue sequence number
 
Read_Pdb> Summary of Data in PDB file
  num_atoms       =      37226
 
Define_Molecule> Summary of molecules
  num_atoms       =      37226  num_bonds       =      37288
  num_angles      =      23768  num_dihedrals   =      20268
  num_impropers   =       1292  num_cmap_terms  =        494
  num_residues    =      10370  num_molecules   =       9878
  num_segments    =          6  num_deg_freedom =     111678
  total_charge    =    -10.000
 
Setup_Boundary> Setup Variables for Boundary Condition
  origin(x,y,z)   =      0.000     0.000     0.000
  nfunctions      =        2
    center(x,y,z) =     17.000     0.000     0.000
    radius        =     35.000
    constant      =     10.000
    exponent      =          2
    center(x,y,z) =    -17.000     0.000     0.000
    radius        =     35.000
    constant      =     10.000
    exponent      =          2
 
  num_fixatm      =     9645
 
 
Random_Init> Initialize the random number
  seed            = 20190319

Select_Contacts> mode        : Resi
                 sel atoms A :      15
                 sel atoms B :   37211
                 distance    :    3.00
                contact atom list :     160
 
Setup_Enefunc_Cmap_Par> Natural spline is used to derive cmap coefs.

Setup_Enefunc_Table> Setup Variables for LookupTable
  num_solutes     =      37226  num_waters      =          0

Setup_Enefunc_Restraint> Setup restraint groups
 group =     1, "(sid:TIMA or sid:TIMB) and (an:CA | an:C | an:O | an:N)"
 # of atoms =  1976
 atomlist: 
      7      9     15     16     17     19     39     40     41     43
     53     54     55     57     73     74     75     77     93     94
     95     97    109    110    111    113    116    117    118    120
    123    124    125    127    137    138    139    141    157    158
    159    161    179    180    181    183    198    199    200    202
    212    213    214    216    219    220    221    223    230    231
    232    234    252    253    254    256    269    270    271    273
    280    281    282    284    299    300    301    303    321    322
    323    325    336    337    338    340    355    356    357    359
    371    372    373    375    386    387    388    390    410    411
    412    414    429    430    431    433    443    444    445    447
    457    458    459    461    467    468    469    471    478    479
    480    482    497    498    499    503    511    512    513    515
    526    527    528    530    540    541    542    544    556    557
    558    560    571    572    573    575    587    588    589    591
    603    604    605    607    622    623    624    626    633    634
    635    639    647    648    649    653    661    662    663    665
    671    672    673    675    685    686    687    689    706    707
    708    710    725    726    727    729    737    738    739    741
    758    759    760    762    769    770    771    773    785    786
    787    789    796    797    798    800    815    816    817    819
    831    832    833    835    853    854    855    857    875    876
    877    881    889    890    891    893    906    907    908    910
    922    923    924    926    936    937    938    940    952    953
    954    956    959    960    961    963    969    970    971    973
    986    987    988    990   1000   1001   1002   1004   1010   1011
   1012   1014   1031   1032   1033   1035   1050   1051   1052   1054
   1072   1073   1074   1076   1082   1083   1084   1086   1093   1094
   1095   1097   1100   1101   1102   1104   1110   1111   1112   1114
   1130   1131   1132   1134   1144   1145   1146   1148   1151   1152
   1153   1155   1166   1167   1168   1170   1180   1181   1182   1184
   1191   1192   1193   1195   1207   1208   1209   1211   1219   1220
   1221   1223   1236   1237   1238   1240   1255   1256   1257   1259
   1277   1278   1279   1281   1289   1290   1291   1293   1305   1306
   1307   1309   1312   1313   1314   1316   1322   1323   1324   1326
   1344   1345   1346   1348   1368   1369   1370   1372   1384   1385
   1386   1388   1403   1404   1405   1407   1422   1423   1424   1426
   1429   1430   1431   1433   1446   1447   1448   1450   1457   1458
   1459   1461   1472   1473   1474   1476   1496   1497   1498   1500
   1520   1521   1522   1524   1531   1532   1533   1535   1552   1553
   1554   1556   1572   1573   1574   1576   1589   1590   1591   1593
   1604   1605   1606   1608   1616   1617   1618   1620   1628   1629
   1630   1632   1650   1651   1652   1654   1670   1671   1672   1674
   1689   1690   1691   1693   1699   1700   1701   1703   1711   1712
   1713   1715   1733   1734   1735   1737   1747   1748   1749   1751
   1769   1770   1771   1773   1789   1790   1791   1793   1799   1800
   1801   1803   1818   1819   1820   1822   1825   1826   1827   1829
   1842   1843   1844   1846   1849   1850   1851   1853   1865   1866
   1867   1869   1872   1873   1874   1876   1888   1889   1890   1892
   1907   1908   1909   1911   1926   1927   1928   1930   1937   1938
   1939   1941   1956   1957   1958   1960   1963   1964   1965   1967
   1978   1979   1980   1982   1992   1993   1994   1996   2011   2012
   2013   2015   2026   2027   2028   2030   2041   2042   2043   2045
   2063   2064   2065   2067   2085   2086   2087   2089   2095   2096
   2097   2099   2102   2103   2104   2106   2124   2125   2126   2128
   2138   2139   2140   2142   2157   2158   2159   2161   2169   2170
   2171   2173   2185   2186   2187   2189   2201   2202   2203   2205
   2216   2217   2218   2220   2240   2241   2242   2244   2257   2258
   2259   2261   2276   2277   2278   2280   2290   2291   2292   2294
   2300   2301   2302   2304   2316   2317   2318   2320   2335   2336
   2337   2339   2350   2351   2352   2354   2365   2366   2367   2369
   2381   2382   2383   2385   2403   2404   2405   2407   2415   2416
   2417   2419   2439   2440   2441   2443   2453   2454   2455   2457
   2467   2468   2469   2471   2483   2484   2485   2487   2499   2500
   2501   2503   2515   2516   2517   2519   2525   2526   2527   2529
   2546   2547   2548   2550   2561   2562   2563   2567   2575   2576
   2577   2579   2591   2592   2593   2595   2615   2616   2617   2619
   2625   2626   2627   2629   2644   2645   2646   2648   2651   2652
   2653   2655   2665   2666   2667   2669   2672   2673   2674   2676
   2691   2692   2693   2695   2701   2702   2703   2705   2711   2712
   2713   2715   2725   2726   2727   2731   2739   2740   2741   2743
   2754   2755   2756   2758   2766   2767   2768   2770   2776   2777
   2778   2780   2793   2794   2795   2797   2805   2806   2807   2809
   2824   2825   2826   2828   2841   2842   2843   2845   2851   2852
   2853   2855   2862   2863   2864   2866   2881   2882   2883   2885
   2905   2906   2907   2909   2927   2928   2929   2931   2947   2948
   2949   2951   2966   2967   2968   2970   2976   2977   2978   2980
   2987   2988   2989   2991   3009   3010   3011   3013   3028   3029
   3030   3032   3035   3036   3037   3039   3047   3048   3049   3051
   3069   3070   3071   3073   3079   3080   3081   3083   3089   3090
   3091   3093   3100   3101   3102   3104   3115   3116   3117   3119
   3134   3135   3136   3138   3158   3159   3160   3162   3177   3178
   3179   3181   3196   3197   3198   3200   3217   3218   3219   3221
   3224   3225   3226   3228   3231   3232   3233   3235   3242   3243
   3244   3246   3252   3253   3254   3256   3266   3267   3268   3270
   3273   3274   3275   3277   3284   3285   3286   3288   3298   3299
   3300   3302   3308   3309   3310   3312   3324   3325   3326   3328
   3338   3339   3340   3342   3358   3359   3360   3362   3380   3381
   3382   3384   3392   3393   3394   3396   3414   3415   3416   3418
   3424   3425   3426   3428   3436   3437   3438   3440   3452   3453
   3454   3456   3464   3465   3466   3468   3471   3472   3473   3475
   3491   3492   3493   3495   3510   3511   3512   3514   3526   3527
   3528   3530   3533   3534   3535   3537   3540   3541   3542   3544
   3550   3551   3552   3554   3561   3562   3563   3565   3580   3581
   3582   3584   3602   3603   3604   3608   3616   3617   3618   3620
   3631   3632   3633   3635   3651   3652   3653   3655   3667   3668
   3669   3671   3679   3680   3681   3683   3698   3699   3700   3702
   3717   3718   3719   3721   3731   3732   3733   3735   3742   3743
   3744   3746   3766   3767   3768   3770   3780   3781   3794   3796
   3802   3803   3804   3806   3826   3827   3828   3830   3840   3841
   3842   3844   3860   3861   3862   3864   3880   3881   3882   3884
   3896   3897   3898   3900   3903   3904   3905   3907   3910   3911
   3912   3914   3924   3925   3926   3928   3944   3945   3946   3948
   3966   3967   3968   3970   3985   3986   3987   3989   3999   4000
   4001   4003   4006   4007   4008   4010   4017   4018   4019   4021
   4039   4040   4041   4043   4056   4057   4058   4060   4067   4068
   4069   4071   4086   4087   4088   4090   4108   4109   4110   4112
   4123   4124   4125   4127   4142   4143   4144   4146   4158   4159
   4160   4162   4173   4174   4175   4177   4197   4198   4199   4201
   4216   4217   4218   4220   4230   4231   4232   4234   4244   4245
   4246   4248   4254   4255   4256   4258   4265   4266   4267   4269
   4284   4285   4286   4290   4298   4299   4300   4302   4313   4314
   4315   4317   4327   4328   4329   4331   4343   4344   4345   4347
   4358   4359   4360   4362   4374   4375   4376   4378   4390   4391
   4392   4394   4409   4410   4411   4413   4420   4421   4422   4426
   4434   4435   4436   4440   4448   4449   4450   4452   4458   4459
   4460   4462   4472   4473   4474   4476   4493   4494   4495   4497
   4512   4513   4514   4516   4524   4525   4526   4528   4545   4546
   4547   4549   4556   4557   4558   4560   4572   4573   4574   4576
   4583   4584   4585   4587   4602   4603   4604   4606   4618   4619
   4620   4622   4640   4641   4642   4644   4662   4663   4664   4668
   4676   4677   4678   4680   4693   4694   4695   4697   4709   4710
   4711   4713   4723   4724   4725   4727   4739   4740   4741   4743
   4746   4747   4748   4750   4756   4757   4758   4760   4773   4774
   4775   4777   4787   4788   4789   4791   4797   4798   4799   4801
   4818   4819   4820   4822   4837   4838   4839   4841   4859   4860
   4861   4863   4869   4870   4871   4873   4880   4881   4882   4884
   4887   4888   4889   4891   4897   4898   4899   4901   4917   4918
   4919   4921   4931   4932   4933   4935   4938   4939   4940   4942
   4953   4954   4955   4957   4967   4968   4969   4971   4978   4979
   4980   4982   4994   4995   4996   4998   5006   5007   5008   5010
   5023   5024   5025   5027   5042   5043   5044   5046   5064   5065
   5066   5068   5076   5077   5078   5080   5092   5093   5094   5096
   5099   5100   5101   5103   5109   5110   5111   5113   5131   5132
   5133   5135   5155   5156   5157   5159   5171   5172   5173   5175
   5190   5191   5192   5194   5209   5210   5211   5213   5216   5217
   5218   5220   5233   5234   5235   5237   5244   5245   5246   5248
   5259   5260   5261   5263   5283   5284   5285   5287   5307   5308
   5309   5311   5318   5319   5320   5322   5339   5340   5341   5343
   5359   5360   5361   5363   5376   5377   5378   5380   5391   5392
   5393   5395   5403   5404   5405   5407   5415   5416   5417   5419
   5437   5438   5439   5441   5457   5458   5459   5461   5476   5477
   5478   5480   5486   5487   5488   5490   5498   5499   5500   5502
   5520   5521   5522   5524   5534   5535   5536   5538   5556   5557
   5558   5560   5576   5577   5578   5580   5586   5587   5588   5590
   5605   5606   5607   5609   5612   5613   5614   5616   5629   5630
   5631   5633   5636   5637   5638   5640   5652   5653   5654   5656
   5659   5660   5661   5663   5675   5676   5677   5679   5694   5695
   5696   5698   5713   5714   5715   5717   5724   5725   5726   5728
   5743   5744   5745   5747   5750   5751   5752   5754   5765   5766
   5767   5769   5779   5780   5781   5783   5798   5799   5800   5802
   5813   5814   5815   5817   5828   5829   5830   5832   5850   5851
   5852   5854   5872   5873   5874   5876   5882   5883   5884   5886
   5889   5890   5891   5893   5911   5912   5913   5915   5925   5926
   5927   5929   5944   5945   5946   5948   5956   5957   5958   5960
   5972   5973   5974   5976   5988   5989   5990   5992   6003   6004
   6005   6007   6027   6028   6029   6031   6044   6045   6046   6048
   6063   6064   6065   6067   6077   6078   6079   6081   6087   6088
   6089   6091   6103   6104   6105   6107   6122   6123   6124   6126
   6137   6138   6139   6141   6152   6153   6154   6156   6168   6169
   6170   6172   6190   6191   6192   6194   6202   6203   6204   6206
   6226   6227   6228   6230   6240   6241   6242   6244   6254   6255
   6256   6258   6270   6271   6272   6274   6286   6287   6288   6290
   6302   6303   6304   6306   6312   6313   6314   6316   6333   6334
   6335   6337   6348   6349   6350   6354   6362   6363   6364   6366
   6378   6379   6380   6382   6402   6403   6404   6406   6412   6413
   6414   6416   6431   6432   6433   6435   6438   6439   6440   6442
   6452   6453   6454   6456   6459   6460   6461   6463   6478   6479
   6480   6482   6488   6489   6490   6492   6498   6499   6500   6502
   6512   6513   6514   6518   6526   6527   6528   6530   6541   6542
   6543   6545   6553   6554   6555   6557   6563   6564   6565   6567
   6580   6581   6582   6584   6592   6593   6594   6596   6611   6612
   6613   6615   6628   6629   6630   6632   6638   6639   6640   6642
   6649   6650   6651   6653   6668   6669   6670   6672   6692   6693
   6694   6696   6714   6715   6716   6718   6734   6735   6736   6738
   6753   6754   6755   6757   6763   6764   6765   6767   6774   6775
   6776   6778   6796   6797   6798   6800   6815   6816   6817   6819
   6822   6823   6824   6826   6834   6835   6836   6838   6856   6857
   6858   6860   6866   6867   6868   6870   6876   6877   6878   6880
   6887   6888   6889   6891   6902   6903   6904   6906   6921   6922
   6923   6925   6945   6946   6947   6949   6964   6965   6966   6968
   6983   6984   6985   6987   7004   7005   7006   7008   7011   7012
   7013   7015   7018   7019   7020   7022   7029   7030   7031   7033
   7039   7040   7041   7043   7053   7054   7055   7057   7060   7061
   7062   7064   7071   7072   7073   7075   7085   7086   7087   7089
   7095   7096   7097   7099   7111   7112   7113   7115   7125   7126
   7127   7129   7145   7146   7147   7149   7167   7168   7169   7171
   7179   7180   7181   7183   7201   7202   7203   7205   7211   7212
   7213   7215   7223   7224   7225   7227   7239   7240   7241   7243
   7251   7252   7253   7255   7258   7259   7260   7262   7278   7279
   7280   7282   7297   7298   7299   7301   7313   7314   7315   7317
   7320   7321   7322   7324   7327   7328   7329   7331   7337   7338
   7339   7341   7348   7349   7350   7352   7367   7368   7369   7371
   7389   7390   7391   7395   7403   7404   7405   7407   7418   7419
   7420   7422   7438   7439   7440   7442   7454   7455   7456   7458
   7466   7467   7468   7470   7485   7486   7487   7489   7504   7505
   7506   7508   7518   7519   7520   7522   7529   7530   7531   7533
   7553   7554   7555   7557   7567   7568
 group =     2, "(sid:DHA or sid:DHA around_res:3.0) and not hydrogen"
 # of atoms =    89
 atomlist: 
    125    127    129    132    133    134    137    138    159    161
    163    166    169    172    175    179    180   1431   1433   1435
   1438   1439   1440   1442   1444   1446   1447   2548   2550   2552
   2555   2558   2559   2560   2561   2562   2627   2629   2631   2633
   2637   2640   2644   2645   2646   2648   2651   2652   3226   3228
   3231   3232   3233   3235   3237   3240   3242   3243   3493   3495
   3497   3500   3502   3506   3510   3511   3528   3530   3533   3534
   3535   3537   3540   3541   7575   7576   7577   7578   7579   7580
   7583   7584   7585   7586   7629   7632   7635   7638   8019
 group =     3, "(sid:TIMA or sid:TIMB) and not (an:CA | an:C | an:O | an:N) and not hydrogen"
 # of atoms =  1798
 atomlist: 
      1      5      6     11     21     24     27     30     32     33
     36     45     47     49     59     62     63     65     67     69
     71     79     82     83     85     87     89     91     99    101
    105    129    132    133    134    143    146    147    149    151
    153    155    163    166    169    172    175    185    188    190
    194    204    207    208    209    225    228    236    239    242
    245    248    258    261    264    265    266    275    278    286
    288    292    295    305    308    311    314    317    327    330
    333    334    335    342    344    348    351    361    363    367
    377    380    383    384    385    392    395    398    401    403
    404    407    416    419    421    425    435    438    439    440
    449    451    453    463    473    476    484    486    490    493
    500    505    508    517    520    523    524    525    532    535
    536    537    546    548    552    562    565    568    569    570
    577    579    583    593    595    599    609    611    615    618
    628    631    636    641    644    650    655    658    667    677
    679    681    691    694    695    697    699    700    702    704
    712    715    717    721    731    734    735    736    743    746
    747    749    751    752    754    756    764    767    775    777
    781    791    794    802    805    807    811    821    823    827
    837    840    843    846    849    859    862    865    868    871
    878    883    886    895    898    901    902    903    912    914
    918    928    930    932    942    944    948    965    975    978
    981    982    983    992    995    996    997   1006   1016   1019
   1020   1022   1024   1025   1027   1029   1037   1040   1042   1046
   1056   1059   1062   1065   1068   1078   1088   1091   1106   1116
   1119   1120   1122   1124   1126   1128   1136   1138   1140   1157
   1160   1163   1164   1165   1172   1175   1176   1177   1186   1189
   1197   1199   1203   1213   1216   1217   1218   1225   1228   1231
   1232   1233   1242   1244   1248   1251   1261   1264   1267   1270
   1273   1283   1286   1287   1288   1295   1297   1301   1318   1328
   1331   1334   1337   1340   1350   1353   1354   1356   1358   1359
   1360   1362   1364   1366   1374   1376   1380   1390   1392   1396
   1399   1409   1412   1414   1418   1435   1438   1439   1440   1442
   1444   1452   1455   1463   1466   1469   1470   1471   1478   1481
   1484   1487   1489   1490   1493   1502   1505   1508   1511   1513
   1514   1517   1526   1529   1537   1540   1541   1543   1545   1546
   1548   1550   1558   1561   1562   1564   1566   1568   1570   1578
   1581   1583   1584   1586   1587   1595   1598   1601   1602   1603
   1610   1613   1614   1615   1622   1625   1626   1627   1634   1637
   1640   1643   1646   1656   1659   1660   1662   1664   1666   1668
   1676   1678   1682   1685   1695   1705   1708   1709   1710   1717
   1720   1723   1726   1729   1739   1741   1743   1753   1756   1759
   1762   1765   1775   1778   1779   1781   1783   1785   1787   1795
   1805   1808   1810   1814   1831   1834   1837   1838   1839   1855
   1857   1861   1878   1880   1884   1894   1896   1900   1903   1913
   1916   1918   1922   1932   1935   1943   1945   1949   1952   1969
   1972   1975   1976   1977   1984   1986   1988   1998   2001   2003
   2007   2017   2020   2023   2024   2025   2032   2035   2038   2039
   2040   2047   2050   2053   2056   2059   2069   2072   2075   2078
   2081   2091   2108   2111   2114   2117   2120   2130   2132   2134
   2144   2147   2149   2153   2163   2166   2167   2168   2175   2177
   2181   2191   2193   2197   2207   2210   2213   2214   2215   2222
   2225   2228   2231   2233   2234   2237   2246   2249   2252   2253
   2254   2263   2266   2268   2272   2282   2285   2286   2287   2296
   2306   2308   2312   2322   2325   2327   2331   2341   2344   2347
   2348   2349   2356   2359   2362   2363   2364   2371   2373   2377
   2387   2390   2393   2396   2399   2409   2412   2413   2414   2421
   2424   2425   2427   2429   2430   2431   2433   2435   2437   2445
   2447   2449   2459   2462   2463   2464   2473   2475   2479   2489
   2491   2495   2505   2507   2511   2521   2531   2534   2535   2537
   2539   2540   2542   2544   2552   2555   2558   2559   2560   2564
   2569   2572   2581   2583   2587   2597   2600   2601   2603   2605
   2606   2607   2609   2611   2613   2621   2631   2633   2637   2640
   2657   2659   2661   2678   2681   2683   2687   2697   2707   2717
   2719   2721   2728   2733   2736   2745   2748   2751   2752   2753
   2760   2763   2764   2765   2772   2782   2785   2788   2789   2790
   2799   2802   2803   2804   2811   2813   2817   2820   2830   2833
   2835   2836   2838   2839   2847   2857   2860   2868   2870   2874
   2877   2887   2890   2893   2896   2898   2899   2902   2911   2914
   2917   2920   2923   2933   2936   2937   2939   2941   2943   2945
   2953   2956   2958   2962   2972   2982   2985   2993   2996   2999
   3002   3005   3015   3018   3020   3024   3041   3044   3045   3046
   3053   3056   3059   3062   3065   3075   3085   3095   3098   3106
   3109   3112   3113   3114   3121   3124   3126   3130   3140   3143
   3146   3149   3151   3152   3155   3164   3166   3170   3173   3183
   3186   3188   3192   3202   3205   3206   3208   3210   3211   3213
   3215   3237   3240   3248   3258   3261   3262   3263   3279   3282
   3290   3293   3294   3295   3304   3314   3316   3320   3330   3332
   3334   3344   3347   3348   3350   3352   3354   3356   3364   3367
   3370   3373   3376   3386   3389   3390   3391   3398   3401   3404
   3407   3410   3420   3430   3433   3434   3435   3442   3444   3448
   3458   3461   3462   3463   3477   3480   3481   3483   3485   3487
   3489   3497   3500   3502   3506   3516   3518   3522   3546   3556
   3559   3567   3570   3572   3576   3586   3589   3592   3595   3598
   3605   3610   3613   3622   3625   3628   3629   3630   3637   3640
   3641   3643   3645   3647   3649   3657   3659   3663   3673   3676
   3677   3678   3685   3687   3691   3694   3704   3706   3710   3713
   3723   3726   3727   3728   3737   3740   3748   3751   3754   3757
   3759   3760   3763   3772   3775   3776   3777   3782   3784   3788
   3792   3793   3798   3808   3811   3814   3817   3819   3820   3823
   3832   3834   3836   3846   3849   3850   3852   3854   3856   3858
   3866   3869   3870   3872   3874   3876   3878   3886   3888   3892
   3916   3919   3920   3921   3930   3933   3934   3936   3938   3940
   3942   3950   3953   3956   3959   3962   3972   3975   3977   3981
   3991   3994   3995   3996   4012   4015   4023   4026   4029   4032
   4035   4045   4048   4051   4052   4053   4062   4065   4073   4075
   4079   4082   4092   4095   4098   4101   4104   4114   4117   4120
   4121   4122   4129   4131   4135   4138   4148   4150   4154   4164
   4167   4170   4171   4172   4179   4182   4185   4188   4190   4191
   4194   4203   4206   4208   4212   4222   4225   4226   4227   4236
   4238   4240   4250   4260   4263   4271   4273   4277   4280   4287
   4292   4295   4304   4307   4310   4311   4312   4319   4322   4323
   4324   4333   4335   4339   4349   4352   4355   4356   4357   4364
   4366   4370   4380   4382   4386   4396   4398   4402   4405   4415
   4418   4423   4428   4431   4437   4442   4445   4454   4464   4466
   4468   4478   4481   4482   4484   4486   4487   4489   4491   4499
   4502   4504   4508   4518   4521   4522   4523   4530   4533   4534
   4536   4538   4539   4541   4543   4551   4554   4562   4564   4568
   4578   4581   4589   4592   4594   4598   4608   4610   4614   4624
   4627   4630   4633   4636   4646   4649   4652   4655   4658   4665
   4670   4673   4682   4685   4688   4689   4690   4699   4701   4705
   4715   4717   4719   4729   4731   4735   4752   4762   4765   4768
   4769   4770   4779   4782   4783   4784   4793   4803   4806   4807
   4809   4811   4812   4814   4816   4824   4827   4829   4833   4843
   4846   4849   4852   4855   4865   4875   4878   4893   4903   4906
   4907   4909   4911   4913   4915   4923   4925   4927   4944   4947
   4950   4951   4952   4959   4962   4963   4964   4973   4976   4984
   4986   4990   5000   5003   5004   5005   5012   5015   5018   5019
   5020   5029   5031   5035   5038   5048   5051   5054   5057   5060
   5070   5073   5074   5075   5082   5084   5088   5105   5115   5118
   5121   5124   5127   5137   5140   5141   5143   5145   5146   5147
   5149   5151   5153   5161   5163   5167   5177   5179   5183   5186
   5196   5199   5201   5205   5222   5225   5226   5227   5229   5231
   5239   5242   5250   5253   5256   5257   5258   5265   5268   5271
   5274   5276   5277   5280   5289   5292   5295   5298   5300   5301
   5304   5313   5316   5324   5327   5328   5330   5332   5333   5335
   5337   5345   5348   5349   5351   5353   5355   5357   5365   5368
   5370   5371   5373   5374   5382   5385   5388   5389   5390   5397
   5400   5401   5402   5409   5412   5413   5414   5421   5424   5427
   5430   5433   5443   5446   5447   5449   5451   5453   5455   5463
   5465   5469   5472   5482   5492   5495   5496   5497   5504   5507
   5510   5513   5516   5526   5528   5530   5540   5543   5546   5549
   5552   5562   5565   5566   5568   5570   5572   5574   5582   5592
   5595   5597   5601   5618   5621   5624   5625   5626   5642   5644
   5648   5665   5667   5671   5681   5683   5687   5690   5700   5703
   5705   5709   5719   5722   5730   5732   5736   5739   5756   5759
   5762   5763   5764   5771   5773   5775   5785   5788   5790   5794
   5804   5807   5810   5811   5812   5819   5822   5825   5826   5827
   5834   5837   5840   5843   5846   5856   5859   5862   5865   5868
   5878   5895   5898   5901   5904   5907   5917   5919   5921   5931
   5934   5936   5940   5950   5953   5954   5955   5962   5964   5968
   5978   5980   5984   5994   5997   6000   6001   6002   6009   6012
   6015   6018   6020   6021   6024   6033   6036   6039   6040   6041
   6050   6053   6055   6059   6069   6072   6073   6074   6083   6093
   6095   6099   6109   6112   6114   6118   6128   6131   6134   6135
   6136   6143   6146   6149   6150   6151   6158   6160   6164   6174
   6177   6180   6183   6186   6196   6199   6200   6201   6208   6211
   6212   6214   6216   6217   6218   6220   6222   6224   6232   6234
   6236   6246   6249   6250   6251   6260   6262   6266   6276   6278
   6282   6292   6294   6298   6308   6318   6321   6322   6324   6326
   6327   6329   6331   6339   6342   6345   6346   6347   6351   6356
   6359   6368   6370   6374   6384   6387   6388   6390   6392   6393
   6394   6396   6398   6400   6408   6418   6420   6424   6427   6444
   6446   6448   6465   6468   6470   6474   6484   6494   6504   6506
   6508   6515   6520   6523   6532   6535   6538   6539   6540   6547
   6550   6551   6552   6559   6569   6572   6575   6576   6577   6586
   6589   6590   6591   6598   6600   6604   6607   6617   6620   6622
   6623   6625   6626   6634   6644   6647   6655   6657   6661   6664
   6674   6677   6680   6683   6685   6686   6689   6698   6701   6704
   6707   6710   6720   6723   6724   6726   6728   6730   6732   6740
   6743   6745   6749   6759   6769   6772   6780   6783   6786   6789
   6792   6802   6805   6807   6811   6828   6831   6832   6833   6840
   6843   6846   6849   6852   6862   6872   6882   6885   6893   6896
   6899   6900   6901   6908   6911   6913   6917   6927   6930   6933
   6936   6938   6939   6942   6951   6953   6957   6960   6970   6973
   6975   6979   6989   6992   6993   6995   6997   6998   7000   7002
   7024   7027   7035   7045   7048   7049   7050   7066   7069   7077
   7080   7081   7082   7091   7101   7103   7107   7117   7119   7121
   7131   7134   7135   7137   7139   7141   7143   7151   7154   7157
   7160   7163   7173   7176   7177   7178   7185   7188   7191   7194
   7197   7207   7217   7220   7221   7222   7229   7231   7235   7245
   7248   7249   7250   7264   7267   7268   7270   7272   7274   7276
   7284   7287   7289   7293   7303   7305   7309   7333   7343   7346
   7354   7357   7359   7363   7373   7376   7379   7382   7385   7392
   7397   7400   7409   7412   7415   7416   7417   7424   7427   7428
   7430   7432   7434   7436   7444   7446   7450   7460   7463   7464
   7465   7472   7474   7478   7481   7491   7493   7497   7500   7510
   7513   7514   7515   7524   7527   7535   7538   7541   7544   7546
   7547   7550   7559   7562   7563   7564   7569   7571
 group =     4, "sid:WAT and an:OH2"
 # of atoms =   251
 atomlist: 
   7605   7608   7611   7614   7617   7620   7623   7626   7629   7632
   7635   7638   7641   7644   7647   7650   7653   7656   7659   7662
   7665   7668   7671   7674   7677   7680   7683   7686   7689   7692
   7695   7698   7701   7704   7707   7710   7713   7716   7719   7722
   7725   7728   7731   7734   7737   7740   7743   7746   7749   7752
   7755   7758   7761   7764   7767   7770   7773   7776   7779   7782
   7785   7788   7791   7794   7797   7800   7803   7806   7809   7812
   7815   7818   7821   7824   7827   7830   7833   7836   7839   7842
   7845   7848   7851   7854   7857   7860   7863   7866   7869   7872
   7875   7878   7881   7884   7887   7890   7893   7896   7899   7902
   7905   7908   7911   7914   7917   7920   7923   7926   7929   7932
   7935   7938   7941   7944   7947   7950   7953   7956   7959   7962
   7965   7968   7971   7974   7977   7980   7983   7986   7989   7992
   7995   7998   8001   8004   8007   8010   8013   8016   8019   8022
   8025   8028   8031   8034   8037   8040   8043   8046   8049   8052
   8055   8058   8061   8064   8067   8070   8073   8076   8079   8082
   8085   8088   8091   8094   8097   8100   8103   8106   8109   8112
   8115   8118   8121   8124   8127   8130   8133   8136   8139   8142
   8145   8148   8151   8154   8157   8160   8163   8166   8169   8172
   8175   8178   8181   8184   8187   8190   8193   8196   8199   8202
   8205   8208   8211   8214   8217   8220   8223   8226   8229   8232
   8235   8238   8241   8244   8247   8250   8253   8256   8259   8262
   8265   8268   8271   8274   8277   8280   8283   8286   8289   8292
   8295   8298   8301   8304   8307   8310   8313   8316   8319   8322
   8325   8328   8331   8334   8337   8340   8343   8346   8349   8352
   8355
Setup_Enefunc_Restraint> Setup restraint functions
 func  =     1 kind  =     1
 const(total, x, y, z) =    1.000   1.000   1.000   1.000
 exponend of function =     2
 # of groups  =     1
 grouplist:   1

 func  =     2 kind  =     1
 const(total, x, y, z) =    2.000   1.000   1.000   1.000
 exponend of function =     2
 # of groups  =     1
 grouplist:   2

Define_Enefunc_CHARMM> Number of Interactions in Each Term
  bond_ene        =      37288  angle_ene       =      23768
  urey_ene        =       6660
  torsion_ene     =      23932  improper_ene    =       1292
  cmap_ene        =        494
  restraint_groups=          4  restraint_funcs =          2
 
Setup_Fitting_Atdyn> NO fitting is applied, skip
  fitting method  =  NO
 
Update_Num_Deg_Freedom> Number of degrees of freedom was updated
  num_deg_freedom =      82743 (After setup of fixed atoms at boundary)
 
Remove_Fixatm> Modified Interactions
  bond_ene        =      27643  angle_ene       =      20553
  urey_ene        =       6660
  torsion_ene     =      23932  improper_ene    =       1292
 
Setup_Settle> Setup constraints for SETTLE
  num_unconsbonds =       7666      num_Settle  =       6659
  r0(O-H)         =     0.9572  mass(O)         =    15.9994
  r0(H-H)         =     1.5139  mass(H)         =     1.0080
 
Setup_Shake> Setup constrains for SHAKE and RATTLE
  num_unconsbonds =       3856  num_rigid_bonds =       3810
 
Update_Num_Deg_Freedom> Number of degrees of freedom was updated
  num_deg_freedom =      62766 (After setup of SETTLE)
 
Update_Num_Deg_Freedom> Number of degrees of freedom was updated
  num_deg_freedom =      58956 (After setup of SHAKE/RATTLE)
 
[STEP4] Compute Single Point Energy for Molecules
 
            STEP            BOND           ANGLE    UREY-BRADLEY        DIHEDRAL        IMPROPER            CMAP         VDWAALS           ELECT    RESTRAINT001    RESTRAINT002    RESTR_CVS001    RESTR_CVS002            SPOT
 --------------- --------------- --------------- --------------- ---------------
               0       1549.9927       3730.1091        476.5098       4509.4724        280.0853       -157.4902       7121.7053    -117716.1818        102.2342         10.4712          0.0000          0.0000         15.7818

[STEP5] Perform Molecular Dynamics Simulation
 
INFO:       STEP            TIME       TOTAL_ENE   POTENTIAL_ENE     KINETIC_ENE            RMSG            BOND           ANGLE    UREY-BRADLEY        DIHEDRAL        IMPROPER            CMAP         VDWAALS           ELECT RESTRAINT_TOTAL    RESTRAINT001    RESTRAINT002    RESTR_CVS001    RESTR_CVS002     TEMPERATURE          VOLUME            SPOT
 --------------- --------------- --------------- --------------- ---------------
INFO:        500          1.0000     -82375.3852    -100060.5259      17685.1407         12.6778       1484.8970       3779.5330        488.8374       4544.9839        256.6909       -161.9355       7125.8091    -117771.2224        191.8809        180.1433         11.7375          0.0000          0.0000        301.9054          0.0000         16.7789

INFO:       1000          2.0000     -82391.9574     -99942.4386      17550.4812         12.7040       1499.0682       3735.5883        474.4258       4552.0404        273.1233       -158.4248       7314.1425    -117836.4337        204.0314        192.3560         11.6754          0.0000          0.0000        299.6066          0.0000         14.5132

INFO:       1500          3.0000     -82452.7689    -100132.4321      17679.6632         12.6423       1521.9154       3718.0643        485.6225       4517.8041        259.4608       -181.9060       7093.4952    -117741.4224        194.5339        184.5332         10.0007          0.0000          0.0000        301.8119          0.0000         16.5897

INFO:       2000          4.0000     -82453.6282    -100009.0752      17555.4470         12.7156       1524.4118       3746.3434        483.9773       4581.8847        251.9527       -164.6789       7143.6829    -117781.6963        205.0472        193.9375         11.1096          0.0000          0.0000        299.6914          0.0000         22.2949

INFO:       2500          5.0000     -82385.9051    -100107.3420      17721.4369         12.6250       1533.0049       3745.6451        483.6789       4560.0879        262.6663       -186.5005       6995.1524    -117705.7629        204.6858        193.1889         11.4970          0.0000          0.0000        302.5250          0.0000         21.8944

INFO:       3000          6.0000     -82368.1139     -99889.2215      17521.1076         12.6548       1517.1038       3712.6938        477.3147       4550.9085        237.4535       -185.5044       7192.1426    -117584.7788        193.4448        181.0191         12.4258          0.0000          0.0000        299.1052          0.0000          9.6980

INFO:       3500          7.0000     -82363.6000    -100030.6798      17667.0797         12.6503       1503.8669       3728.8685        498.9191       4536.3433        267.7146       -167.0173       7107.7046    -117698.2028        191.1233        180.7269         10.3964          0.0000          0.0000        301.5971          0.0000         12.8825

INFO:       4000          8.0000     -82337.2113    -100007.9384      17670.7270         12.6116       1458.3798       3769.8354        478.8372       4546.7551        269.5678       -180.3230       7086.6271    -117630.5166        192.8989        183.1897          9.7091          0.0000          0.0000        301.6594          0.0000         12.2391

INFO:       4500          9.0000     -82321.2188     -99954.4732      17633.2544         12.6561       1499.2440       3759.3191        483.6901       4554.1639        280.7944       -180.1664       7258.2948    -117820.4251        210.6122        197.7580         12.8542          0.0000          0.0000        301.0197          0.0000         19.6548

INFO:       5000         10.0000     -82353.5775     -99842.4070      17488.8295         12.6670       1507.7571       3832.4910        483.2605       4571.2853        288.1551       -182.7359       7070.0054    -117613.6948        201.0694        186.6514         14.4180          0.0000          0.0000        298.5542          0.0000         22.9427

INFO:       5500         11.0000     -82424.7783     -99923.3356      17498.5573         12.6837       1498.9571       3818.8565        481.0183       4585.0774        276.0812       -185.8925       7198.7839    -117782.3618        186.1444        175.3634         10.7810          0.0000          0.0000        298.7202          0.0000         17.0794

INFO:       6000         12.0000     -82435.5666    -100007.8495      17572.2829         12.6480       1469.5424       3752.7564        475.7217       4535.1396        281.8417       -171.0482       7088.1393    -117639.5010        199.5585        187.3670         12.1915          0.0000          0.0000        299.9788          0.0000         17.1596

INFO:       6500         13.0000     -82455.3029     -99919.0059      17463.7030         12.6572       1475.9436       3850.5225        487.0784       4541.7170        260.9980       -192.4078       6996.8589    -117532.5279        192.8113        183.4544          9.3569          0.0000          0.0000        298.1252          0.0000         15.8846

INFO:       7000         14.0000     -82375.5595     -99912.2288      17536.6692         12.6825       1444.1480       3783.0218        472.4575       4575.0212        272.9793       -152.3961       7021.1625    -117518.9554        190.3325        179.9415         10.3910          0.0000          0.0000        299.3708          0.0000         21.9867

INFO:       7500         15.0000     -82313.6047     -99956.6372      17643.0325         12.6759       1510.5970       3721.9769        490.6040       4559.8534        273.3458       -178.5665       7254.6564    -117776.6565        187.5523        179.4371          8.1152          0.0000          0.0000        301.1866          0.0000         17.7204

INFO:       8000         16.0000     -82403.7119     -99816.8509      17413.1391         12.6504       1491.1004       3893.0150        494.0003       4548.8944        280.9248       -176.2666       7227.6600    -117762.4551        186.2759        174.7659         11.5100          0.0000          0.0000        297.2620          0.0000         17.2100

INFO:       8500         17.0000     -82381.2641     -99967.0732      17585.8091         12.6229       1459.5192       3796.7884        483.4205       4522.5015        269.7043       -189.1463       7236.6022    -117735.7960        189.3330        176.3092         13.0238          0.0000          0.0000        300.2097          0.0000         20.9411

INFO:       9000         18.0000     -82397.1665     -99957.7721      17560.6056         12.6246       1460.2882       3816.5432        486.9287       4576.2914        268.1605       -193.5237       7356.5082    -117915.9766        187.0079        174.0027         13.0052          0.0000          0.0000        299.7795          0.0000         17.4737

INFO:       9500         19.0000     -82380.6714     -99929.1986      17548.5272         12.6558       1497.9823       3903.5656        485.6581       4552.5238        254.5455       -173.8328       6973.6507    -117617.1907        193.8989        181.7593         12.1395          0.0000          0.0000        299.5733          0.0000         16.6690

INFO:      10000         20.0000     -82394.5579     -99983.1328      17588.5750         12.6738       1485.4520       3790.0674        483.3912       4528.5706        264.2398       -178.0545       7310.4931    -117844.1439        176.8514        169.3801          7.4713          0.0000          0.0000        300.2569          0.0000         16.2261

INFO:      10500         21.0000     -82270.9850     -99852.7751      17581.7900         12.7355       1530.9051       3766.3720        465.7750       4548.1200        252.1267       -179.0106       7323.9839    -117749.9759        188.9289        180.1430          8.7858          0.0000          0.0000        300.1411          0.0000         21.3671

INFO:      11000         22.0000     -82244.3538     -99852.4875      17608.1337         12.6772       1512.0188       3783.5282        484.9778       4534.2098        258.2140       -185.7953       7327.0646    -117759.6786        192.9732        182.0444         10.9288          0.0000          0.0000        300.5908          0.0000         13.7580

INFO:      11500         23.0000     -82176.6066     -99852.7359      17676.1293         12.6395       1528.4766       3764.9753        485.2854       4566.5710        268.2097       -177.4062       7097.8114    -117584.2385        197.5794        185.6827         11.8966          0.0000          0.0000        301.7516          0.0000         14.3073

INFO:      12000         24.0000     -82093.8990     -99838.7258      17744.8267         12.6753       1499.6921       3806.0302        470.4448       4564.2650        271.8041       -178.2530       7176.7088    -117648.5844        199.1665        186.8922         12.2743          0.0000          0.0000        302.9243          0.0000         15.7411

INFO:      12500         25.0000     -82038.2918     -99577.2609      17538.9691         12.6947       1481.1969       3853.0725        477.5556       4566.3263        281.0639       -166.4543       7055.8561    -117310.3832        184.5053        174.5303          9.9751          0.0000          0.0000        299.4101          0.0000         17.7468

INFO:      13000         26.0000     -82061.7950     -99743.5855      17681.7905         12.7117       1494.0256       3772.2845        478.2164       4574.7422        267.3214       -174.2638       7014.9968    -117381.6902        210.7815        198.7567         12.0248          0.0000          0.0000        301.8482          0.0000         10.4625

INFO:      13500         27.0000     -82188.4200     -99836.9137      17648.4937         12.6806       1523.6838       3804.0756        476.9171       4554.6955        265.3027       -173.3619       7116.1033    -117593.3478        189.0181        177.9802         11.0379          0.0000          0.0000        301.2798          0.0000         16.8134

INFO:      14000         28.0000     -82278.4414     -99899.9659      17621.5245         12.6925       1515.2799       3818.3717        477.0727       4554.3926        274.7969       -183.6601       7112.1288    -117659.7832        191.4349        180.9308         10.5041          0.0000          0.0000        300.8194          0.0000         14.9504

INFO:      14500         29.0000     -82336.5423     -99644.7164      17308.1740         12.7299       1539.0316       3751.4340        492.7400       4565.3647        257.2377       -174.0488       7271.7724    -117532.7812        184.5333        175.1004          9.4329          0.0000          0.0000        295.4702          0.0000         14.3709

INFO:      15000         30.0000     -82266.2061     -99619.4488      17353.2427         12.6649       1463.7179       3814.6927        480.2152       4563.6558        292.8325       -161.7249       7195.7803    -117459.7847        191.1663        182.6915          8.4748          0.0000          0.0000        296.2395          0.0000         19.7187

INFO:      15500         31.0000     -82351.8926     -99959.9532      17608.0606         12.5771       1462.5828       3747.7118        477.5309       4577.5595        263.1474       -184.6241       7131.8998    -117626.6694        190.9080        179.5669         11.3411          0.0000          0.0000        300.5896          0.0000         15.3109

INFO:      16000         32.0000     -82333.6901     -99949.3976      17615.7075         12.6962       1542.0476       3745.0577        488.7126       4531.7033        258.2174       -198.2079       6974.5321    -117483.4947        192.0344        181.0379         10.9966          0.0000          0.0000        300.7201          0.0000         11.3221

INFO:      16500         33.0000     -82247.8293     -99780.0277      17532.1984         12.6691       1504.6617       3780.8646        478.1293       4527.7016        280.5657       -176.1635       7225.1397    -117595.9294        195.0027        180.1933         14.8094          0.0000          0.0000        299.2945          0.0000         18.1627

INFO:      17000         34.0000     -82252.2902     -99836.4537      17584.1635         12.6762       1509.7056       3768.9369        471.0692       4556.3776        252.0076       -196.7216       7335.1364    -117728.6263        195.6610        186.3801          9.2809          0.0000          0.0000        300.1816          0.0000         19.4922

INFO:      17500         35.0000     -82205.1565     -99746.5126      17541.3561         12.6066       1505.3152       3735.9638        487.2962       4552.5227        276.2321       -192.3727       7114.5814    -117408.8474        182.7961        172.7403         10.0559          0.0000          0.0000        299.4508          0.0000         10.5724

INFO:      18000         36.0000     -82248.3112     -99734.4072      17486.0960         12.6281       1433.8739       3807.2759        482.3592       4541.6875        273.8086       -178.8648       6882.8365    -117165.8223        188.4382        175.8896         12.5486          0.0000          0.0000        298.5075          0.0000         14.6822

INFO:      18500         37.0000     -82271.2058     -99725.3934      17454.1876         12.5869       1477.5699       3716.8246        464.2676       4515.6187        253.6650       -161.5274       7044.8384    -117229.9756        193.3254        182.3684         10.9570          0.0000          0.0000        297.9628          0.0000         17.4008

INFO:      19000         38.0000     -82125.3580     -99649.1966      17523.8386         12.6750       1526.8574       3748.3103        469.5337       4540.2965        272.0677       -172.8512       7459.2982    -117690.7563        198.0470        186.8698         11.1772          0.0000          0.0000        299.1518          0.0000         16.8115

INFO:      19500         39.0000     -82189.1356     -99704.2037      17515.0681         12.6337       1493.7182       3790.0184        487.6294       4567.3474        264.9790       -190.5377       7122.3098    -117449.7285        210.0603        199.3953         10.6649          0.0000          0.0000        299.0021          0.0000         20.4281

INFO:      20000         40.0000     -82205.7097     -99703.0623      17497.3526         12.6308       1519.3110       3732.5850        470.0781       4535.4647        248.7240       -172.7577       7223.7717    -117461.9618        201.7227        188.7066         13.0161          0.0000          0.0000        298.6997          0.0000         15.5041

INFO:      20500         41.0000     -82153.4682     -99798.0432      17644.5750         12.6425       1495.9613       3731.2267        465.2102       4521.0635        292.5364       -170.8583       7115.3961    -117455.1118        206.5327        194.4447         12.0880          0.0000          0.0000        301.2129          0.0000         16.3602

INFO:      21000         42.0000     -82234.5616     -99788.8646      17554.3030         12.6558       1519.5782       3753.9105        473.3689       4545.4048        266.6317       -185.3192       7113.7228    -117479.5524        203.3901        192.5668         10.8233          0.0000          0.0000        299.6719          0.0000         16.5516

INFO:      21500         43.0000     -82180.7348     -99788.7840      17608.0492         12.6290       1525.2757       3725.0173        476.0783       4555.4822        276.8566       -185.8640       6725.6056    -117096.5283        209.2925        195.1453         14.1473          0.0000          0.0000        300.5894          0.0000         12.2687

INFO:      22000         44.0000     -82253.5560     -99887.3647      17633.8087         12.6048       1495.8253       3664.8433        473.3147       4543.9951        278.1564       -185.6992       7131.9620    -117490.7541        200.9919        186.0970         14.8949          0.0000          0.0000        301.0291          0.0000         13.9233

INFO:      22500         45.0000     -82382.5143    -100030.4716      17647.9573         12.6012       1456.2386       3807.8696        484.0529       4512.5030        253.2662       -168.4211       7206.8999    -117778.9394        196.0587        179.7725         16.2861          0.0000          0.0000        301.2706          0.0000         21.6580

INFO:      23000         46.0000     -82376.0618     -99948.9815      17572.9196         12.5979       1433.4428       3777.2330        481.4564       4562.1046        264.4358       -200.8048       7250.3245    -117704.6483        187.4745        177.7668          9.7077          0.0000          0.0000        299.9897          0.0000         16.5409

INFO:      23500         47.0000     -82421.4506     -99882.4296      17460.9791         12.5593       1427.5363       3703.0289        483.0599       4556.0796        286.0602       -196.5860       7081.8795    -117413.1297        189.6416        177.9123         11.7294          0.0000          0.0000        298.0787          0.0000         22.6623

INFO:      24000         48.0000     -82427.5264    -100027.0611      17599.5347         12.6290       1489.9727       3743.1502        471.9218       4557.0671        262.1899       -171.8028       7286.5915    -117872.4306        206.2792        196.5874          9.6918          0.0000          0.0000        300.4440          0.0000         18.1118

INFO:      24500         49.0000     -82404.2529     -99959.9306      17555.6777         12.6381       1507.9547       3758.0952        484.3308       4564.8835        264.9684       -204.4523       7227.9733    -117760.0864        196.4023        185.9837         10.4186          0.0000          0.0000        299.6953          0.0000         12.5254

INFO:      25000         50.0000     -82435.8813     -99926.1228      17490.2415         12.5638       1462.5447       3780.0996        483.5292       4564.0643        266.2245       -164.2380       7027.7174    -117537.1563        191.0918        180.7749         10.3168          0.0000          0.0000        298.5783          0.0000         16.9354

INFO:      25500         51.0000     -82432.5040     -99957.4554      17524.9514         12.6928       1498.2091       3783.4285        479.8251       4551.2476        265.2773       -190.6082       7291.5830    -117840.5009        204.0831        191.7394         12.3437          0.0000          0.0000        299.1708          0.0000         19.8559

INFO:      26000         52.0000     -82494.5103    -100053.7633      17559.2530         12.6427       1486.1828       3725.3745        468.5248       4551.9324        281.2975       -180.1438       7233.0510    -117833.5021        213.5196        199.4912         14.0284          0.0000          0.0000        299.7564          0.0000         16.2314

INFO:      26500         53.0000     -82398.5352     -99905.0949      17506.5597         12.5831       1448.3872       3701.3979        464.0361       4561.9918        269.1708       -180.8997       7008.5922    -117392.6945        214.9232        201.5377         13.3854          0.0000          0.0000        298.8568          0.0000         19.2779

INFO:      27000         54.0000     -82554.3858    -100171.2333      17616.8475         12.5979       1460.1395       3726.0412        482.3061       4561.3503        267.3213       -196.4884       7334.8689    -117993.6131        186.8410        178.9137          7.9273          0.0000          0.0000        300.7396          0.0000         26.6759

INFO:      27500         55.0000     -82480.0311    -100026.4520      17546.4209         12.6471       1475.1266       3794.4446        476.3722       4556.8035        274.1532       -189.3849       7213.0236    -117827.8714        200.8806        189.2203         11.6603          0.0000          0.0000        299.5373          0.0000         18.2991

INFO:      28000         56.0000     -82397.7044     -99788.1376      17390.4332         12.7066       1474.0318       3752.4123        476.7579       4574.0098        283.8896       -192.3428       7113.8118    -117460.2670        189.5588        176.0557         13.5031          0.0000          0.0000        296.8744          0.0000         16.7943

INFO:      28500         57.0000     -82498.0326     -99934.3276      17436.2950         12.6473       1469.4525       3732.5277        475.6274       4566.5070        258.0608       -189.5748       7347.1926    -117787.3022        193.1815        179.6937         13.4878          0.0000          0.0000        297.6573          0.0000         16.3252

INFO:      29000         58.0000     -82491.1167     -99957.6255      17466.5089         12.5820       1517.0884       3716.3340        475.8222       4539.0959        242.4848       -174.8471       7129.5531    -117591.9578        188.8010        177.5268         11.2742          0.0000          0.0000        298.1731          0.0000         18.8199

INFO:      29500         59.0000     -82627.9967    -100034.1174      17406.1207         12.6335       1513.2205       3705.3138        481.7642       4519.9673        256.5183       -178.8705       7320.7598    -117847.5683        194.7776        184.6194         10.1582          0.0000          0.0000        297.1422          0.0000         16.6878

INFO:      30000         60.0000     -82583.1272    -100152.5076      17569.3804         12.5253       1416.1624       3735.1801        489.5657       4523.7582        268.7759       -186.5310       7114.0815    -117716.1048        202.6043        190.6433         11.9610          0.0000          0.0000        299.9292          0.0000         23.1768

INFO:      30500         61.0000     -82612.6719    -100011.9405      17399.2686         12.6073       1464.7805       3726.9101        466.7813       4570.0139        266.0781       -195.6620       7257.6246    -117777.6764        209.2093        196.4529         12.7564          0.0000          0.0000        297.0252          0.0000         18.5841

INFO:      31000         62.0000     -82618.9483    -100024.1708      17405.2226         12.6278       1431.4199       3756.6557        471.1492       4594.2499        277.1813       -191.0600       7392.8894    -117952.7558        196.0996        185.1551         10.9445          0.0000          0.0000        297.1269          0.0000         17.2026

INFO:      31500         63.0000     -82618.4644    -100051.6228      17433.1584         12.5870       1435.7247       3753.9313        469.8601       4541.7022        271.3628       -175.8520       7197.6840    -117736.6028        190.5669        181.8215          8.7454          0.0000          0.0000        297.6038          0.0000         17.5064

INFO:      32000         64.0000     -82477.6261     -99952.2646      17474.6385         12.6690       1531.6101       3769.0895        478.7362       4584.3501        274.5226       -183.3701       7052.0499    -117656.3260        197.0733        186.3758         10.6975          0.0000          0.0000        298.3119          0.0000         13.4464

INFO:      32500         65.0000     -82411.7042     -99913.2011      17501.4970         12.6565       1502.0757       3793.6600        489.9701       4574.4771        253.8260       -164.1879       7123.1606    -117685.6607        199.4780        190.2572          9.2208          0.0000          0.0000        298.7704          0.0000          9.2180

INFO:      33000         66.0000     -82337.9728     -99929.7704      17591.7976         12.6110       1436.5526       3801.1778        489.6069       4558.8562        262.1050       -185.9860       7079.7846    -117555.4682        183.6007        176.1633          7.4374          0.0000          0.0000        300.3119          0.0000         17.6620

INFO:      33500         67.0000     -82380.9567     -99987.6290      17606.6723         12.5665       1512.0742       3672.6172        481.8337       4530.6432        246.2259       -165.9650       7171.0652    -117635.2080        199.0846        188.2218         10.8628          0.0000          0.0000        300.5659          0.0000         15.4477

INFO:      34000         68.0000     -82386.5497    -100094.9497      17708.3999         12.5891       1476.1428       3685.9001        475.3608       4556.5656        276.7690       -180.4123       7016.8886    -117604.8057        202.6415        191.1009         11.5406          0.0000          0.0000        302.3025          0.0000         16.4362

INFO:      34500         69.0000     -82314.0064     -99895.6998      17581.6935         12.6800       1549.9149       3835.2459        485.6884       4536.0048        247.0512       -197.0906       7080.7998    -117637.3427        204.0286        194.5640          9.4646          0.0000          0.0000        300.1394          0.0000         15.9903

INFO:      35000         70.0000     -82411.9805     -99905.3612      17493.3807         12.6294       1513.1555       3752.0001        481.5597       4568.6234        264.0183       -190.9708       7129.9749    -117627.2611        203.5388        189.9541         13.5847          0.0000          0.0000        298.6318          0.0000         13.7125

INFO:      35500         71.0000     -82459.0847     -99907.3838      17448.2991         12.6716       1451.7083       3744.5061        467.0978       4567.0125        266.2518       -160.6845       7187.8216    -117632.8941        201.7966        189.6984         12.0982          0.0000          0.0000        297.8623          0.0000         19.4273

INFO:      36000         72.0000     -82443.6210     -99932.2648      17488.6438         12.6244       1496.1780       3764.2197        457.7525       4571.5727        276.0283       -184.3708       7104.0399    -117623.3989        205.7137        195.2704         10.4432          0.0000          0.0000        298.5510          0.0000         10.4108

INFO:      36500         73.0000     -82429.4458     -99863.0206      17433.5749         12.6708       1516.6860       3686.3973        470.3554       4565.8170        279.3797       -202.5563       7183.9156    -117568.0049        204.9895        191.0771         13.9124          0.0000          0.0000        297.6109          0.0000         15.0157

INFO:      37000         74.0000     -82482.4180     -99979.8805      17497.4625         12.6662       1503.7812       3746.2148        476.2218       4572.6806        260.6560       -194.0657       7189.0500    -117719.2390        184.8197        177.1974          7.6223          0.0000          0.0000        298.7015          0.0000         17.2397

INFO:      37500         75.0000     -82477.5346     -99876.6084      17399.0737         12.6002       1526.1381       3684.0374        466.5658       4536.6717        280.4433       -178.9311       7026.6261    -117425.7120        207.5523        194.8691         12.6832          0.0000          0.0000        297.0219          0.0000         17.3564

INFO:      38000         76.0000     -82365.7038     -99994.4960      17628.7921         12.6534       1537.5435       3754.3677        470.0807       4558.8560        261.8974       -186.2895       6994.7802    -117597.6887        211.9568        198.8343         13.1225          0.0000          0.0000        300.9435          0.0000         14.2964

INFO:      38500         77.0000     -82444.8847     -99879.1112      17434.2265         12.6999       1522.0377       3812.2835        476.2820       4537.0382        285.6817       -198.7886       6973.2861    -117497.1231        210.1913        197.9870         12.2043          0.0000          0.0000        297.6220          0.0000         20.5959

INFO:      39000         78.0000     -82410.4780     -99913.3130      17502.8350         12.5813       1442.3166       3840.2345        469.9048       4550.0319        264.4556       -169.8802       7096.0450    -117623.7388        217.3174        205.5091         11.8084          0.0000          0.0000        298.7932          0.0000         17.4809

INFO:      39500         79.0000     -82360.3558     -99954.0355      17593.6797         12.6807       1500.3321       3763.8473        487.7344       4518.2961        264.7294       -177.2254       7312.2007    -117815.9861        192.0360        181.4092         10.6268          0.0000          0.0000        300.3441          0.0000         16.5431

INFO:      40000         80.0000     -82425.2179    -100084.4048      17659.1870         12.6791       1519.8823       3772.8614        473.0532       4537.7930        258.5027       -170.2931       7181.5400    -117856.2689        198.5246        187.0092         11.5154          0.0000          0.0000        301.4623          0.0000         19.0699

INFO:      40500         81.0000     -82370.4949     -99831.8215      17461.3266         12.6915       1522.7404       3760.3092        475.2969       4549.2536        264.2873       -196.6363       7128.8304    -117524.4452        188.5423        178.0924         10.4500          0.0000          0.0000        298.0846          0.0000         16.4819

INFO:      41000         82.0000     -82325.2792     -99943.2557      17617.9766         12.6745       1491.4619       3782.7046        472.0483       4574.4074        263.2149       -182.9904       7198.9423    -117742.7527        199.7081        188.7224         10.9856          0.0000          0.0000        300.7588          0.0000         21.2986

INFO:      41500         83.0000     -82263.8630     -99899.5556      17635.6925         12.5934       1493.4150       3800.5507        486.6778       4551.9425        277.0378       -188.5953       7245.2347    -117767.2163        201.3976        185.2468         16.1508          0.0000          0.0000        301.0613          0.0000         14.8722

INFO:      42000         84.0000     -82294.3713     -99998.9756      17704.6043         12.6211       1449.9598       3727.1482        480.2625       4579.1120        280.1862       -163.7269       7134.3341    -117679.3363        193.0848        182.5332         10.5515          0.0000          0.0000        302.2377          0.0000         15.0609

INFO:      42500         85.0000     -82253.2314     -99925.1258      17671.8944         12.6711       1485.3259       3721.3793        477.2374       4570.1920        263.6871       -180.8615       7148.5597    -117613.6212        202.9754        190.9092         12.0662          0.0000          0.0000        301.6793          0.0000         24.5641

INFO:      43000         86.0000     -82242.9555     -99945.7571      17702.8016         12.7447       1479.1955       3824.5934        474.3539       4520.7104        274.0679       -178.5278       7232.4483    -117768.0844        195.4856        183.5772         11.9084          0.0000          0.0000        302.2069          0.0000          7.1786

INFO:      43500         87.0000     -82269.4766     -99817.0389      17547.5623         12.6579       1496.3772       3792.6290        486.3357       4550.5051        263.6652       -192.1679       7189.8823    -117606.1418        201.8762        190.5091         11.3671          0.0000          0.0000        299.5568          0.0000          9.7951

INFO:      44000         88.0000     -82385.3637    -100013.2508      17627.8870         12.6253       1498.7887       3827.2107        481.7873       4584.8892        265.3440       -178.7997       7006.4877    -117697.9009        198.9422        187.3380         11.6042          0.0000          0.0000        300.9280          0.0000         11.8562

INFO:      44500         89.0000     -82419.0228     -99889.3507      17470.3279         12.6498       1505.7798       3718.3009        482.6187       4559.7476        256.6762       -176.6870       7167.9504    -117593.4966        189.7593        178.8268         10.9325          0.0000          0.0000        298.2383          0.0000         16.6556

INFO:      45000         90.0000     -82405.5464    -100130.2585      17724.7121         12.5795       1500.7842       3701.8210        461.2830       4530.9010        268.2412       -189.3168       7144.4794    -117747.1496        198.6981        186.7710         11.9271          0.0000          0.0000        302.5809          0.0000          9.5289

INFO:      45500         91.0000     -82240.2882     -99759.9606      17519.6724         12.6585       1477.4601       3851.8714        472.0679       4520.7576        251.1883       -182.7226       7089.4501    -117442.1027        202.0693        194.5611          7.5082          0.0000          0.0000        299.0807          0.0000         11.8195

INFO:      46000         92.0000     -82277.7933     -99869.6100      17591.8167         12.5931       1526.2308       3676.7125        457.8493       4566.5510        263.8358       -168.2195       7142.9747    -117523.2307        187.6863        176.1866         11.4996          0.0000          0.0000        300.3123          0.0000         16.7501

INFO:      46500         93.0000     -82297.9953     -99896.5702      17598.5750         12.6150       1491.4719       3733.8564        476.3832       4573.3523        268.3391       -185.5170       6950.9773    -117392.4300        186.9965        174.8355         12.1610          0.0000          0.0000        300.4276          0.0000         19.8422

INFO:      47000         94.0000     -82262.4790     -99807.2400      17544.7610         12.7397       1542.2575       3867.9599        491.1666       4564.5397        263.6915       -195.5723       7173.4471    -117713.4311        198.7011        187.3706         11.3305          0.0000          0.0000        299.5090          0.0000         18.7269

INFO:      47500         95.0000     -82284.3615     -99959.8938      17675.5323         12.6388       1507.8531       3748.5578        468.6924       4588.1844        293.7886       -193.0189       7080.8664    -117670.9539        216.1364        204.1043         12.0321          0.0000          0.0000        301.7414          0.0000         20.3871

INFO:      48000         96.0000     -82220.0520     -99793.1459      17573.0939         12.7069       1472.8143       3834.9307        480.8517       4530.7394        270.1495       -168.0809       7468.3276    -117887.8117        204.9335        195.4810          9.4526          0.0000          0.0000        299.9926          0.0000         16.9744

INFO:      48500         97.0000     -82320.9889     -99943.5957      17622.6068         12.6179       1481.6110       3758.0134        476.8724       4572.3601        273.9072       -185.8590       7063.0067    -117578.2288        194.7212        182.9784         11.7429          0.0000          0.0000        300.8379          0.0000         12.5382

INFO:      49000         98.0000     -82355.3354     -99901.1710      17545.8356         12.7083       1490.3689       3835.7540        486.4843       4512.9631        260.5608       -177.6358       7172.4901    -117678.2798        196.1234        184.9200         11.2034          0.0000          0.0000        299.5273          0.0000         17.7465

INFO:      49500         99.0000     -82298.8889     -99910.0744      17611.1854         12.7280       1531.2478       3778.3560        491.4161       4553.9793        266.6911       -178.3634       7138.8631    -117693.8571        201.5927        187.5109         14.0818          0.0000          0.0000        300.6429          0.0000          9.5871

INFO:      50000        100.0000     -82289.7048     -99902.3757      17612.6709         12.5704       1503.7034       3709.6181        486.4611       4577.1916        273.1845       -186.3901       7003.5395    -117464.9896        195.3058        184.6045         10.7013          0.0000          0.0000        300.6683          0.0000         12.5343

 
[STEP6] Deallocate Arrays
 
Output_Time> Averaged timer profile (Min, Max)
  total time      =    1563.760
    setup         =       3.053
    dynamics      =    1560.707
      energy      =    1316.558
      integrator  =      91.952
      pairlist    =     150.387 (     148.459,     154.083)
  energy           
    bond          =       0.339 (       0.267,       0.479)
    angle         =       1.392 (       1.263,       1.916)
    dihedral      =       2.756 (       2.275,       3.230)
    nonbond       =    1083.208 (    1073.514,    1094.885)
      pme real    =    1083.025 (    1073.164,    1094.800)
      pme recip   =       0.000 (       0.000,       0.000)
    solvation     =       0.000 (       0.000,       0.000)
      polar       =       0.000 (       0.000,       0.000)
      non-polar   =       0.000 (       0.000,       0.000)
    restraint     =       1.213 (       0.773,       1.902)
    qmmm          =       0.000 (       0.000,       0.000)
  integrator       
    constraint    =      49.535 (      48.030,      51.558)
    update        =       0.000 (       0.000,       0.000)
    comm_coord    =       0.000 (       0.000,       0.000)
    comm_force    =       0.000 (       0.000,       0.000)
    comm_migrate  =       0.000 (       0.000,       0.000)

