(10.2.12.90:0,1,2,3,4,5,6,7)
(10.2.12.104:8,9,10,11,12,13,14,15)

[0] MPI startup(): libfabric version: 1.7.2a-impi
[0] MPI startup(): libfabric provider: verbs;ofi_rxm
[0] MPI startup(): Rank    Pid      Node name  Pin cpu
[0] MPI startup(): 0       134010   bwmpc0090  {0,1,2,3,4}
[0] MPI startup(): 1       134011   bwmpc0090  {5,6,7,8,9}
[0] MPI startup(): 2       134012   bwmpc0090  {10,11,12,13,14}
[0] MPI startup(): 3       134013   bwmpc0090  {15,16,17,18,19}
[0] MPI startup(): 4       134014   bwmpc0090  {20,21,22,23,24}
[0] MPI startup(): 5       134015   bwmpc0090  {25,26,27,28,29}
[0] MPI startup(): 6       134016   bwmpc0090  {30,31,32,33,34}
[0] MPI startup(): 7       134017   bwmpc0090  {35,36,37,38,39}
[0] MPI startup(): 8       102831   bwmpc0104  {0,1,2,3,4}
[0] MPI startup(): 9       102832   bwmpc0104  {5,6,7,8,9}
[0] MPI startup(): 10      102833   bwmpc0104  {10,11,12,13,14}
[0] MPI startup(): 11      102834   bwmpc0104  {15,16,17,18,19}
[0] MPI startup(): 12      102835   bwmpc0104  {20,21,22,23,24}
[0] MPI startup(): 13      102836   bwmpc0104  {25,26,27,28,29}
[0] MPI startup(): 14      102837   bwmpc0104  {30,31,32,33,34}
[0] MPI startup(): 15      102838   bwmpc0104  {35,36,37,38,39}
[0] MPI startup(): I_MPI_ROOT=/bwfefs/opt/x86_64/intel/compilers_and_libraries_2019.5.281/linux/mpi
[0] MPI startup(): I_MPI_HYDRA_BOOTSTRAP_EXEC=/bin/pjrsh
[0] MPI startup(): I_MPI_HYDRA_BOOTSTRAP_AUTOFORK=0
[0] MPI startup(): I_MPI_HYDRA_TOPOLIB=hwloc
[0] MPI startup(): I_MPI_HYDRA_HOST_FILE=/bwfefs/home/kyagi/cm4_2/3.pre_equil/.d0012460496_nodeinfo
[0] MPI startup(): I_MPI_PERHOST=8
[0] MPI startup(): I_MPI_PIN=1
[0] MPI startup(): I_MPI_PIN_RESPECT_HCA=0
[0] MPI startup(): I_MPI_INTERNAL_MEM_POLICY=default
[0] MPI startup(): I_MPI_DEBUG=5
****************************************************
*                                                  *
*                  GENESIS SPDYN                   *
*                                                  *
*        A Molecular Dynamics Simulator with       *
*           Spatial Decomposition Scheme           *
*                                                  *
*               Developed by RIKEN                 *
*                                                  *
****************************************************
 
[STEP0] Architecture and Compiler Information
 
GENESIS_Information> GENESIS Information
  version      = 1.6.0
  commit ID    = $GENESIS_VERSION$
  precision    = double
  nonbonding   = CPU

Build_Information> Compiler Information
  build host   = kyagi@hokusai3
  fortran      = ifort (IFORT) 19.0.5.281 20190815
  option       = -xHost -O3 -ip -mkl=parallel  -assume byterecl -qopenmp 
  C            = icc (ICC) 19.0.5.281 20190815
  option       = -O3 -ip -axCORE-AVX2  -qopenmp
  defined var. = 
  -DHAVE_MPI_GENESIS -DOMP -DFFTE -DLAPACK -DDSFMT_MEXP=19937 -DINTEL
  link option  = 
  -assume byterecl -qopenmp  -lmkl_intel_lp64 -lmkl_sequential -lmkl_core -lmkl_
 lapack95_lp64 

Runtime_Information> Machine and Library Information
  date       = 2021/10/08 00:42:49
  cpu model    = Intel(R) Xeon(R) Gold 6148 CPU @ 2.40GHz
  exec. host   = kyagi@bwmpc0090
  LD library   = 
 /bwfefs/opt/x86_64/intel/impi/2019.5.281/intel64/lib/release:/bwfefs/opt/x86_64
 /intel/impi/2019.5.281/intel64/lib:/bwfefs/opt/x86_64/intel/impi/2019.5.281/int
 el64/libfabric/lib:/bwfefs/opt/x86_64/intel/parallel_studio_xe_2019.5.075/compi
 lers_and_libraries_2019/linux/compiler/lib/intel64:/bwfefs/opt/x86_64/intel/par
 allel_studio_xe_2019.5.075/compilers_and_libraries_2019/linux/compiler/lib/inte
 l64_lin:/bwfefs/opt/x86_64/intel/parallel_studio_xe_2019.5.075/compilers_and_li
 braries_2019/linux/mpi/intel64/lib:/bwfefs/opt/x86_64/intel/parallel_studio_xe_
 2019.5.075/compilers_and_libraries_2019/linux/mpi/intel64/libfabric/lib:/bwfefs
 /opt/x86_64/intel/parallel_studio_xe_2019.5.075/compilers_and_libraries_2019/li
 nux/ipp/lib/intel64:/bwfefs/opt/x86_64/intel/parallel_studio_xe_2019.5.075/comp
 ilers_and_libraries_2019/linux/compiler/lib/intel64:/bwfefs/opt/x86_64/intel/pa
 rallel_studio_xe_2019.5.075/compilers_and_libraries_2019/linux/mkl/lib/intel64:
 /bwfefs/opt/x86_64/intel/parallel_studio_xe_2019.5.075/compilers_and_libraries_
 2019/linux/tbb/lib/intel64/gcc4.7:/bwfefs/opt/x86_64/intel/debugger_2019/libipt
 /intel64/lib:/bwfefs/opt/x86_64/intel/parallel_studio_xe_2019.5.075/compilers_a
 nd_libraries_2019/linux/daal/lib/intel64_lin:/bwfefs/opt/x86_64/intel/parallel_
 studio_xe_2019.5.075/compilers_and_libraries_2019/linux/daal/../tbb/lib/intel64
 _lin/gcc4.7

[STEP1] Read Control Parameters
 
Read_Ctrl_Input> Input Files
  topfile = 
 toppar/top_all36_prot.rtf, toppar/top_all36_cgenff.rtf, toppar/cho.rtf
  parfile = 
 toppar/par_all36m_prot.prm, toppar/par_all36_cgenff.prm, toppar/cho.prm
  strfile = toppar/toppar_water_ions.str
  psffile = ../2.build/step2_solvator.psf
  pdbfile = ../2.build/step2_solvator.pdb
  rstfile = step3.2_heating.rst
  reffile = ../2.build/step2_solvator.pdb
 
Read_Ctrl_Output> Output Files
  dcdfile    = step3.3_npt.dcd
  rstfile    = step3.3_npt.rst
 
Read_Ctrl_Energy> Parameters of Energy Calculations
  forcefield      =     CHARMM
  switchdist      =     10.000  cutoffdist      =     12.000
  pairlistdist    =     13.500  dielec_const    =      1.000
 vdW force_switch =        yes
  electrostatic   =        PME
  pme_nspline     =          4
  pme_alpha       =    0.22664  pme_alpha_tol   =  0.100E-04
  fft_scheme      = 1DALLTOALL
  table_order     =          1
  table_density   =     20.000
  water_model     =       NONE
  output_style    =    GENESIS
  dispersion_corr =       none
  nonb_limiter    =      no
  contact_check   =      no
  vacuum          =      no
 
Read_Ctrl_Dynamics> Parameters of MD simulation
  integrator      =       VVER  nsteps          =      50000
  timestep        =     0.0020  initial_time    =     0.0000
  eneout_period   =        500  rstout_period   =       1000
  crdout_period   =        500  velout_period   =          0
  nbupdate_period =         10  stoptr_period   =         10
  iseed           =         -1
  annealing       =         no
  verbose         =         no
  target_md       =         no
  steered_md      =         no
 
Read_Ctrl_Constraints> Parameters for Constraints
  rigid_bond      =        yes
  shake_iteration =        500  shake_tolerance =  0.100E-09
  fast_bond       =         no
  fast_water      =        yes  water_model     =       TIP3
  hydrogen_type   =  name|mass
 
Read_Ctrl_Ensemble> Parameters for Ensemble
  ensemble        =        NPT
  temperature     =    300.000
  pressure        =      1.000
  tpcontrol       =                BUSSI
  tau_t           =      5.000
  tau_p           =      5.000
  isotropy        =        ISO
 
Read_Ctrl_Boundary> Parameters of Boundary Condition
  type            =       PBC 
  box_size(x,y,z) =      0.000     0.000     0.000
 
Read_Ctrl_Selection> Parameters of Selection
  # of groups     =          5
    group 1 = (sid:PROA or sid:PROB or sid:PROC) and (an:CA | an:C | an:O | an:N)
    group 2 = (sid:PROA or sid:PROB or sid:PROC) and not (an:CA | an:C | an:O | an:N) and not hydrogen
    group 3 = (sid:CHA or sid:CHA around_res:3.0) and not hydrogen
    group 4 = (sid:CHB or sid:CHB around_res:3.0) or          (sid:CHC or sid:CHC around_res:3.0) and not hydrogen
    group 5 = (sid:WATA or sid:WATB or sid:WATC) and an:OH2
  # of mole names =          0
 
Read_Ctrl_Restraints> Parameters of Restraint
  numfunc         =   5
  function1 = POSI     
    direction     = ALL 
    constant      = 10.0
    reference     = 
    select_index  = 1
    exponent      =   2
    exponent_dist = 
    weight_dist   = 
  function2 = POSI     
    direction     = ALL 
    constant      = 2.0
    reference     = 
    select_index  = 2
    exponent      =   2
    exponent_dist = 
    weight_dist   = 
  function3 = POSI     
    direction     = ALL 
    constant      = 2.0
    reference     = 
    select_index  = 3
    exponent      =   2
    exponent_dist = 
    weight_dist   = 
  function4 = POSI     
    direction     = ALL 
    constant      = 2.0
    reference     = 
    select_index  = 4
    exponent      =   2
    exponent_dist = 
    weight_dist   = 
  function5 = POSI     
    direction     = ALL 
    constant      = 2.0
    reference     = 
    select_index  = 5
    exponent      =   2
    exponent_dist = 
    weight_dist   = 
  pressure_position   = NO
  pressure_rmsd     = NO

Read_Ctrl_Fitting_MD> Parameters of Fitting
  fitting method  =  TR+ROT   
  fitting atom    = group1
  mass_weight     =         no
 
[STEP2] Setup MPI
 
Setup_Mpi_Md> Summary of Setup MPI
  number of MPI processes   =         16
  number of OpenMP threads  =          5
  total number of CPU cores =         80

[STEP3] Set Relevant Variables and Structures
 
Input_Top> Summary of Topfile
  num_atom_class  =        214  num_resi_type   =        873
 
 Merge_Par> WARNING: BOND: Multiple definition: "CG2D1O"-"OG301"
 Merge_Par> WARNING: BOND: Multiple definition: "CG2DC1"-"CG2DC1"
 Merge_Par> WARNING: BOND: Multiple definition: "CG2DC1"-"CG2DC2"
 Merge_Par> WARNING: BOND: Multiple definition: "CG2DC1"-"CG2O3"
 Merge_Par> WARNING: BOND: Multiple definition: "CG2DC1"-"HGA4"
 Merge_Par> WARNING: BOND: Multiple definition: "CG2DC2"-"CG2DC2"
 Merge_Par> WARNING: BOND: Multiple definition: "CG2DC2"-"HGA4"
 Merge_Par> WARNING: BOND: Multiple definition: "CG2DC3"-"HGA5"
 Merge_Par> WARNING: BOND: Multiple definition: "CG2O3"-"OG2D2"
 Merge_Par> WARNING: BOND: Multiple definition: "CG311"-"CG311"
 Merge_Par> WARNING: BOND: Multiple definition: "CG311"-"OG301"
 Merge_Par> WARNING: BOND: Multiple definition: "CG311"-"OG311"
 Merge_Par> WARNING: BOND: Multiple definition: "CG311"-"HGA1"
 Merge_Par> WARNING: BOND: Multiple definition: "OG311"-"HGP1"
 Merge_Par> WARNING: ANGL: Multiple definition: "CG2DC1"-"CG2DC1"-"CG2DC2"
 Merge_Par> WARNING: ANGL: Multiple definition: "CG2DC1"-"CG2DC1"-"CG2O3"
 Merge_Par> WARNING: ANGL: Multiple definition: "CG2DC1"-"CG2DC1"-"HGA4"
 Merge_Par> WARNING: ANGL: Multiple definition: "CG2DC1"-"CG2DC2"-"CG2DC2"
 Merge_Par> WARNING: ANGL: Multiple definition: "CG2DC1"-"CG2DC2"-"HGA4"
 Merge_Par> WARNING: ANGL: Multiple definition: "CG2DC2"-"CG2DC2"-"HGA4"
 Merge_Par> WARNING: ANGL: Multiple definition: "HGA5"-"CG2DC3"-"HGA5"
 Merge_Par> WARNING: ANGL: Multiple definition: "CG2DC1"-"CG2O3"-"OG2D2"
 Merge_Par> WARNING: ANGL: Multiple definition: "OG2D2"-"CG2O3"-"OG2D2"
 Merge_Par> WARNING: ANGL: Multiple definition: "CG311"-"CG311"-"OG301"
 Merge_Par> WARNING: ANGL: Multiple definition: "CG311"-"CG311"-"OG311"
 Merge_Par> WARNING: ANGL: Multiple definition: "CG311"-"CG311"-"HGA1"
 Merge_Par> WARNING: ANGL: Multiple definition: "OG301"-"CG311"-"HGA1"
 Merge_Par> WARNING: ANGL: Multiple definition: "OG311"-"CG311"-"HGA1"
 Merge_Par> WARNING: ANGL: Multiple definition: "CG311"-"OG311"-"HGP1"
 Merge_Par> WARNING: DIHE: Multiple definition: "CG2DC2"-"CG2DC1"-"CG2DC1"-"HGA4"
 Merge_Par> WARNING: DIHE: Multiple definition: "CG2DC1"-"CG2DC1"-"CG2DC2"-"CG2DC2"
 Merge_Par> WARNING: DIHE: Multiple definition: "CG2DC1"-"CG2DC1"-"CG2DC2"-"CG2DC2"
 Merge_Par> WARNING: DIHE: Multiple definition: "CG2DC1"-"CG2DC1"-"CG2DC2"-"CG2DC2"
 Merge_Par> WARNING: DIHE: Multiple definition: "CG2DC1"-"CG2DC1"-"CG2DC2"-"HGA4"
 Merge_Par> WARNING: DIHE: Multiple definition: "CG2DC1"-"CG2DC1"-"CG2O3"-"OG2D2"
 Merge_Par> WARNING: DIHE: Multiple definition: "CG2DC1"-"CG2DC2"-"CG2DC2"-"HGA4"
 Merge_Par> WARNING: DIHE: Multiple definition: "HGA4"-"CG2DC2"-"CG2DC2"-"HGA4"
 Merge_Par> WARNING: DIHE: Multiple definition: "OG301"-"CG311"-"CG311"-"HGA1"
 Merge_Par> WARNING: DIHE: Multiple definition: "OG311"-"CG311"-"CG311"-"HGA1"
 Merge_Par> WARNING: DIHE: Multiple definition: "HGA1"-"CG311"-"CG311"-"HGA1"
 Merge_Par> WARNING: DIHE: Multiple definition: "CG311"-"CG311"-"OG311"-"HGP1"
 Merge_Par> WARNING: DIHE: Multiple definition: "CG311"-"CG311"-"OG311"-"HGP1"
 Merge_Par> WARNING: DIHE: Multiple definition: "CG311"-"CG311"-"OG311"-"HGP1"
 Merge_Par> WARNING: DIHE: Multiple definition: "HGA1"-"CG311"-"OG311"-"HGP1"
 Merge_Par> WARNING: IMPR: Multiple definition: "CG2O3"-"OG2D2"-"OG2D2"-"CG2DC1"
Input_Par> Summary of Parfile
  num_bonds       =        721  num_angles      =       2372
  num_dihedrals   =       6191  num_impropers   =        207
  num_atom_cls    =        214  num_nbfix       =         76
  num_cmap_terms  =          6
 
Input_Str> Summary of Top information
  num_atom_class  =        231  num_resi_type   =        888
 
Input_Str> Summary of Par information
  num_bonds       =        726  num_angles      =       2374
  num_dihedrals   =       6192  num_impropers   =        207
  num_atom_cls    =        231  num_nbfix       =         99
  num_cmap_terms  =          6
 
Read_Psf> Summary of Psffile
  psftype         =      xplor
  num_atoms       =      84548  num_bonds       =      84571
  num_angles      =      36769  num_dihedrals   =      15283
  num_impropers   =        979  num_cmap_terms  =        343
  num_HB_donors   =      53162  num_HB_acceptors=      26805
  num_NB_exclusion=          0  num_groups      =      27913
  total_charge    =      0.000
 
Check_Pdb> 6-column residue sequence number
 
Read_Pdb> Summary of Data in PDB file
  num_atoms       =      84548
 
Read_Rst_Binary> Summary of RST file
  num_atoms       =      84548  iseed           =     886390
  boxsize (x,y,z) =    103.000   103.000   103.000

Define_Molecule> Summary of molecules
  num_atoms       =      84548  num_bonds       =      84571
  num_angles      =      36769  num_dihedrals   =      15283
  num_impropers   =        979  num_cmap_terms  =        343
  num_residues    =      26636  num_molecules   =      26290
  num_segments    =         11  num_deg_freedom =     253644
  total_charge    =     -0.000
 
Setup_Restart_Pre> Coordinates and velocities were replaced

Setup_Boundary_Cell> Set Variables for Boundary Condition
  domains (x,y,z) =          2         2         4
  ncells (x,y,z)  =         12        12        12
 
Select_Contacts> mode        : Resi
                 sel atoms A :      24
                 sel atoms B :   84524
                 distance    :    3.00
                contact atom list :     224
 
Select_Contacts> mode        : Resi
                 sel atoms A :      24
                 sel atoms B :   84524
                 distance    :    3.00
                contact atom list :     201
 
Select_Contacts> mode        : Resi
                 sel atoms A :      24
                 sel atoms B :   84524
                 distance    :    3.00
                contact atom list :     180
 
Setup_Enefunc_Cmap> Natural spline is used to derive cmap coefs.

Setup_Enefunc_Restraints> Setup restraint groups
 group =     1, "(sid:PROA or sid:PROB or sid:PROC) and (an:CA | an:C | an:O | an:N)"
 # of atoms =  1393
 atomlist: 
      1      5     18     19     20     22     37     38     39     41
     61     62     63     65     68     69     70     72     87     88
     89     91    111    112    113    115    118    119    120    122
    128    129    130    132    142    143    144    146    156    157
    158    160    172    173    174    176    187    188    189    191
    211    212    213    215    223    224    225    227    237    238
    239    241    252    253    254    256    267    268    269    271
    282    283    284    286    301    302    303    305    320    321
    322    324    337    338    339    341    359    360    361    363
    373    374    375    377    395    396    397    399    412    413
    414    416    431    432    433    435    450    451    452    454
    465    466    467    469    487    488    489    491    506    507
    508    510    525    526    527    529    540    541    542    544
    555    556    557    559    569    570    571    573    586    587
    588    590    600    601    602    604    622    623    624    628
    636    637    638    640    651    652    653    655    663    664
    665    667    679    680    681    683    695    696    697    699
    712    713    714    716    729    730    731    733    748    749
    750    752    767    768    769    771    778    779    780    782
    788    789    790    792    802    803    804    808    816    817
    818    820    828    829    830    832    847    848    849    851
    864    865    866    868    874    875    876    878    890    891
    892    894    910    911    912    916    924    925    926    928
    934    935    936    938    956    957    958    960    966    967
    968    970    982    983    984    986   1006   1007   1008   1010
   1021   1022   1023   1025   1040   1041   1042   1044   1051   1052
   1053   1055   1058   1059   1060   1062   1082   1083   1084   1086
   1099   1100   1101   1103   1120   1121   1122   1124   1136   1137
   1138   1142   1150   1151   1152   1154   1166   1167   1168   1170
   1180   1181   1182   1184   1191   1192   1193   1195   1208   1209
   1210   1212   1225   1226   1227   1229   1240   1241   1242   1244
   1257   1258   1259   1261   1269   1270   1271   1273   1285   1286
   1287   1289   1299   1300   1301   1303   1306   1307   1308   1310
   1313   1314   1315   1317   1332   1333   1334   1336   1354   1355
   1356   1358   1376   1377   1378   1380   1387   1388   1389   1391
   1406   1407   1408   1410   1430   1431   1432   1434   1446   1447
   1448   1450   1463   1464   1465   1467   1480   1481   1482   1484
   1494   1495   1496   1498   1510   1511   1512   1514   1527   1528
   1529   1531   1541   1542   1543   1545   1553   1554   1555   1557
   1569   1570   1571   1575   1583   1584   1585   1587   1600   1601
   1602   1604   1612   1613   1614   1616   1629   1630   1631   1633
   1648   1649   1650   1652   1672   1673   1674   1676   1689   1690
   1691   1693   1705   1706   1707   1709   1726   1727   1728   1730
   1745   1746   1747   1749   1760   1761   1762   1764   1782   1783
   1784   1786   1792   1793   1794   1796   1808   1809   1810   1812
   1824   1825   1826   1828   1843   1846   1850   1863   1864   1865
   1867   1882   1883   1884   1886   1906   1907   1908   1910   1913
   1914   1915   1917   1932   1933   1934   1936   1956   1957   1958
   1960   1963   1964   1965   1967   1973   1974   1975   1977   1987
   1988   1989   1991   2001   2002   2003   2005   2017   2018   2019
   2021   2032   2033   2034   2036   2056   2057   2058   2060   2068
   2069   2070   2072   2082   2083   2084   2086   2097   2098   2099
   2101   2112   2113   2114   2116   2127   2128   2129   2131   2146
   2147   2148   2150   2165   2166   2167   2169   2182   2183   2184
   2186   2204   2205   2206   2208   2218   2219   2220   2222   2240
   2241   2242   2244   2257   2258   2259   2261   2276   2277   2278
   2280   2295   2296   2297   2299   2310   2311   2312   2314   2332
   2333   2334   2336   2351   2352   2353   2355   2370   2371   2372
   2374   2385   2386   2387   2389   2400   2401   2402   2404   2414
   2415   2416   2418   2431   2432   2433   2435   2445   2446   2447
   2449   2467   2468   2469   2473   2481   2482   2483   2485   2496
   2497   2498   2500   2508   2509   2510   2512   2524   2525   2526
   2528   2540   2541   2542   2544   2557   2558   2559   2561   2574
   2575   2576   2578   2593   2594   2595   2597   2612   2613   2614
   2616   2623   2624   2625   2627   2633   2634   2635   2637   2647
   2648   2649   2653   2661   2662   2663   2665   2673   2674   2675
   2677   2692   2693   2694   2696   2709   2710   2711   2713   2719
   2720   2721   2723   2735   2736   2737   2739   2755   2756   2757
   2761   2769   2770   2771   2773   2779   2780   2781   2783   2801
   2802   2803   2805   2811   2812   2813   2815   2827   2828   2829
   2831   2851   2852   2853   2855   2866   2867   2868   2870   2885
   2886   2887   2889   2896   2897   2898   2900   2903   2904   2905
   2907   2927   2928   2929   2931   2944   2945   2946   2948   2965
   2966   2967   2969   2981   2982   2983   2987   2995   2996   2997
   2999   3011   3012   3013   3015   3025   3026   3027   3029   3036
   3037   3038   3040   3053   3054   3055   3057   3070   3071   3072
   3074   3085   3086   3087   3089   3102   3103   3104   3106   3114
   3115   3116   3118   3130   3131   3132   3134   3144   3145   3146
   3148   3151   3152   3153   3155   3158   3159   3160   3162   3177
   3178   3179   3181   3199   3200   3201   3203   3221   3222   3223
   3225   3232   3233   3234   3236   3251   3252   3253   3255   3275
   3276   3277   3279   3291   3292   3293   3295   3308   3309   3310
   3312   3325   3326   3327   3329   3339   3340   3341   3343   3355
   3356   3357   3359   3372   3373   3374   3376   3386   3387   3388
   3390   3398   3399   3400   3402   3414   3415   3416   3420   3428
   3429   3430   3432   3445   3446   3447   3449   3457   3458   3459
   3461   3474   3475   3476   3478   3493   3494   3495   3497   3517
   3518   3519   3521   3534   3535   3536   3538   3550   3551   3552
   3554   3571   3572   3573   3575   3590   3591   3592   3594   3605
   3606   3607   3609   3627   3628   3629   3631   3637   3638   3639
   3641   3653   3654   3655   3657   3669   3670   3671   3673   3688
   3689   3690   3692   3712   3713   3714   3718   3726   3727   3728
   3730   3738   3741   3745   3758   3759   3760   3762   3777   3778
   3779   3781   3801   3802   3803   3805   3808   3809   3810   3812
   3827   3828   3829   3831   3851   3852   3853   3855   3858   3859
   3860   3862   3868   3869   3870   3872   3882   3883   3884   3886
   3896   3897   3898   3900   3912   3913   3914   3916   3927   3928
   3929   3931   3951   3952   3953   3955   3963   3964   3965   3967
   3977   3978   3979   3981   3992   3993   3994   3996   4007   4008
   4009   4011   4022   4023   4024   4026   4041   4042   4043   4045
   4060   4061   4062   4064   4077   4078   4079   4081   4099   4100
   4101   4103   4113   4114   4115   4117   4135   4136   4137   4139
   4152   4153   4154   4156   4171   4172   4173   4175   4190   4191
   4192   4194   4205   4206   4207   4209   4227   4228   4229   4231
   4246   4247   4248   4250   4265   4266   4267   4269   4280   4281
   4282   4284   4295   4296   4297   4299   4309   4310   4311   4313
   4326   4327   4328   4330   4340   4341   4342   4344   4362   4363
   4364   4368   4376   4377   4378   4380   4391   4392   4393   4395
   4403   4404   4405   4407   4419   4420   4421   4423   4435   4436
   4437   4439   4452   4453   4454   4456   4469   4470   4471   4473
   4488   4489   4490   4492   4507   4508   4509   4511   4518   4519
   4520   4522   4528   4529   4530   4532   4542   4543   4544   4548
   4556   4557   4558   4560   4568   4569   4570   4572   4587   4588
   4589   4591   4604   4605   4606   4608   4614   4615   4616   4618
   4630   4631   4632   4634   4650   4651   4652   4656   4664   4665
   4666   4668   4674   4675   4676   4678   4696   4697   4698   4700
   4706   4707   4708   4710   4722   4723   4724   4726   4746   4747
   4748   4750   4761   4762   4763   4765   4780   4781   4782   4784
   4791   4792   4793   4795   4798   4799   4800   4802   4822   4823
   4824   4826   4839   4840   4841   4843   4860   4861   4862   4864
   4876   4877   4878   4882   4890   4891   4892   4894   4906   4907
   4908   4910   4920   4921   4922   4924   4931   4932   4933   4935
   4948   4949   4950   4952   4965   4966   4967   4969   4980   4981
   4982   4984   4997   4998   4999   5001   5009   5010   5011   5013
   5025   5026   5027   5029   5039   5040   5041   5043   5046   5047
   5048   5050   5053   5054   5055   5057   5072   5073   5074   5076
   5094   5095   5096   5098   5116   5117   5118   5120   5127   5128
   5129   5131   5146   5147   5148   5150   5170   5171   5172   5174
   5186   5187   5188   5190   5203   5204   5205   5207   5220   5221
   5222   5224   5234   5235   5236   5238   5250   5251   5252   5254
   5267   5268   5269   5271   5281   5282   5283   5285   5293   5294
   5295   5297   5309   5310   5311   5315   5323   5324   5325   5327
   5340   5341   5342   5344   5352   5353   5354   5356   5369   5370
   5371   5373   5388   5389   5390   5392   5412   5413   5414   5416
   5429   5430   5431   5433   5445   5446   5447   5449   5466   5467
   5468   5470   5485   5486   5487   5489   5500   5501   5502   5504
   5522   5523   5524   5526   5532   5533   5534   5536   5548   5549
   5550   5552   5564   5565   5566   5568   5583   5584   5585   5587
   5607   5608   5609   5613   5621   5622   5623   5625   5633   5634
   5635   5637   5652
 group =     2, "(sid:PROA or sid:PROB or sid:PROC) and not (an:CA | an:C | an:O | an:N) and not hydrogen"
 # of atoms =  1385
 atomlist: 
      7     10     13     14     24     26     30     33     43     46
     49     52     54     55     58     74     76     80     83     93
     96     99    102    104    105    108    124    134    136    138
    148    150    152    162    164    168    178    181    184    185
    186    193    196    199    202    204    205    208    217    220
    221    222    229    231    233    243    246    249    250    251
    258    261    264    265    266    273    276    279    280    281
    288    290    294    297    307    310    312    316    326    329
    332    333    334    343    346    349    352    355    365    367
    369    379    382    385    388    391    401    404    407    408
    409    418    421    423    427    437    440    442    446    456
    459    462    463    464    471    474    477    480    483    493
    495    499    502    512    514    518    521    531    534    537
    538    539    546    549    552    553    554    561    564    565
    566    575    578    580    581    583    584    592    594    596
    606    609    612    615    618    625    630    633    642    645
    648    649    650    657    660    661    662    669    671    675
    685    687    691    701    704    707    708    709    718    721
    724    725    735    738    740    744    754    757    759    763
    773    776    784    794    796    798    805    810    813    822
    825    826    827    834    837    839    843    853    856    858
    859    861    862    870    880    882    886    896    899    900
    902    904    906    908    913    918    921    930    940    943
    946    949    952    962    972    974    978    988    991    994
    997    999   1000   1003   1012   1015   1018   1019   1020   1027
   1030   1032   1036   1046   1049   1064   1067   1068   1070   1072
   1073   1074   1076   1078   1080   1088   1091   1094   1095   1096
   1105   1108   1109   1111   1113   1114   1116   1118   1126   1128
   1132   1139   1144   1147   1156   1158   1162   1172   1174   1176
   1186   1189   1197   1200   1203   1204   1214   1217   1220   1221
   1222   1231   1234   1237   1238   1239   1246   1249   1252   1253
   1263   1266   1267   1268   1275   1277   1281   1291   1293   1295
   1319   1322   1324   1328   1338   1341   1344   1347   1350   1360
   1363   1366   1369   1372   1382   1385   1393   1395   1399   1402
   1412   1415   1418   1421   1423   1424   1427   1436   1438   1442
   1452   1455   1458   1459   1469   1472   1475   1476   1486   1488
   1490   1500   1502   1506   1516   1519   1522   1523   1524   1533
   1535   1537   1547   1550   1551   1552   1559   1561   1565   1572
   1577   1580   1589   1592   1595   1596   1597   1606   1609   1610
   1611   1618   1621   1624   1625   1626   1635   1637   1641   1644
   1654   1657   1660   1663   1665   1666   1669   1678   1681   1683
   1684   1686   1687   1695   1697   1701   1711   1714   1715   1717
   1719   1720   1722   1724   1732   1735   1737   1741   1751   1754
   1757   1758   1759   1766   1769   1772   1775   1778   1788   1798
   1800   1804   1814   1816   1820   1830   1833   1835   1839   1844
   1845   1852   1855   1858   1859   1869   1871   1875   1878   1888
   1891   1894   1897   1899   1900   1903   1919   1921   1925   1928
   1938   1941   1944   1947   1949   1950   1953   1969   1979   1981
   1983   1993   1995   1997   2007   2009   2013   2023   2026   2029
   2030   2031   2038   2041   2044   2047   2049   2050   2053   2062
   2065   2066   2067   2074   2076   2078   2088   2091   2094   2095
   2096   2103   2106   2109   2110   2111   2118   2121   2124   2125
   2126   2133   2135   2139   2142   2152   2155   2157   2161   2171
   2174   2177   2178   2179   2188   2191   2194   2197   2200   2210
   2212   2214   2224   2227   2230   2233   2236   2246   2249   2252
   2253   2254   2263   2266   2268   2272   2282   2285   2287   2291
   2301   2304   2307   2308   2309   2316   2319   2322   2325   2328
   2338   2340   2344   2347   2357   2359   2363   2366   2376   2379
   2382   2383   2384   2391   2394   2397   2398   2399   2406   2409
   2410   2411   2420   2423   2425   2426   2428   2429   2437   2439
   2441   2451   2454   2457   2460   2463   2470   2475   2478   2487
   2490   2493   2494   2495   2502   2505   2506   2507   2514   2516
   2520   2530   2532   2536   2546   2549   2552   2553   2554   2563
   2566   2569   2570   2580   2583   2585   2589   2599   2602   2604
   2608   2618   2621   2629   2639   2641   2643   2650   2655   2658
   2667   2670   2671   2672   2679   2682   2684   2688   2698   2701
   2703   2704   2706   2707   2715   2725   2727   2731   2741   2744
   2745   2747   2749   2751   2753   2758   2763   2766   2775   2785
   2788   2791   2794   2797   2807   2817   2819   2823   2833   2836
   2839   2842   2844   2845   2848   2857   2860   2863   2864   2865
   2872   2875   2877   2881   2891   2894   2909   2912   2913   2915
   2917   2918   2919   2921   2923   2925   2933   2936   2939   2940
   2941   2950   2953   2954   2956   2958   2959   2961   2963   2971
   2973   2977   2984   2989   2992   3001   3003   3007   3017   3019
   3021   3031   3034   3042   3045   3048   3049   3059   3062   3065
   3066   3067   3076   3079   3082   3083   3084   3091   3094   3097
   3098   3108   3111   3112   3113   3120   3122   3126   3136   3138
   3140   3164   3167   3169   3173   3183   3186   3189   3192   3195
   3205   3208   3211   3214   3217   3227   3230   3238   3240   3244
   3247   3257   3260   3263   3266   3268   3269   3272   3281   3283
   3287   3297   3300   3303   3304   3314   3317   3320   3321   3331
   3333   3335   3345   3347   3351   3361   3364   3367   3368   3369
   3378   3380   3382   3392   3395   3396   3397   3404   3406   3410
   3417   3422   3425   3434   3437   3440   3441   3442   3451   3454
   3455   3456   3463   3466   3469   3470   3471   3480   3482   3486
   3489   3499   3502   3505   3508   3510   3511   3514   3523   3526
   3528   3529   3531   3532   3540   3542   3546   3556   3559   3560
   3562   3564   3565   3567   3569   3577   3580   3582   3586   3596
   3599   3602   3603   3604   3611   3614   3617   3620   3623   3633
   3643   3645   3649   3659   3661   3665   3675   3678   3680   3684
   3694   3697   3700   3703   3705   3706   3709   3715   3720   3723
   3732   3735   3736   3737   3739   3740   3747   3750   3753   3754
   3764   3766   3770   3773   3783   3786   3789   3792   3794   3795
   3798   3814   3816   3820   3823   3833   3836   3839   3842   3844
   3845   3848   3864   3874   3876   3878   3888   3890   3892   3902
   3904   3908   3918   3921   3924   3925   3926   3933   3936   3939
   3942   3944   3945   3948   3957   3960   3961   3962   3969   3971
   3973   3983   3986   3989   3990   3991   3998   4001   4004   4005
   4006   4013   4016   4019   4020   4021   4028   4030   4034   4037
   4047   4050   4052   4056   4066   4069   4072   4073   4074   4083
   4086   4089   4092   4095   4105   4107   4109   4119   4122   4125
   4128   4131   4141   4144   4147   4148   4149   4158   4161   4163
   4167   4177   4180   4182   4186   4196   4199   4202   4203   4204
   4211   4214   4217   4220   4223   4233   4235   4239   4242   4252
   4254   4258   4261   4271   4274   4277   4278   4279   4286   4289
   4292   4293   4294   4301   4304   4305   4306   4315   4318   4320
   4321   4323   4324   4332   4334   4336   4346   4349   4352   4355
   4358   4365   4370   4373   4382   4385   4388   4389   4390   4397
   4400   4401   4402   4409   4411   4415   4425   4427   4431   4441
   4444   4447   4448   4449   4458   4461   4464   4465   4475   4478
   4480   4484   4494   4497   4499   4503   4513   4516   4524   4534
   4536   4538   4545   4550   4553   4562   4565   4566   4567   4574
   4577   4579   4583   4593   4596   4598   4599   4601   4602   4610
   4620   4622   4626   4636   4639   4640   4642   4644   4646   4648
   4653   4658   4661   4670   4680   4683   4686   4689   4692   4702
   4712   4714   4718   4728   4731   4734   4737   4739   4740   4743
   4752   4755   4758   4759   4760   4767   4770   4772   4776   4786
   4789   4804   4807   4808   4810   4812   4813   4814   4816   4818
   4820   4828   4831   4834   4835   4836   4845   4848   4849   4851
   4853   4854   4856   4858   4866   4868   4872   4879   4884   4887
   4896   4898   4902   4912   4914   4916   4926   4929   4937   4940
   4943   4944   4954   4957   4960   4961   4962   4971   4974   4977
   4978   4979   4986   4989   4992   4993   5003   5006   5007   5008
   5015   5017   5021   5031   5033   5035   5059   5062   5064   5068
   5078   5081   5084   5087   5090   5100   5103   5106   5109   5112
   5122   5125   5133   5135   5139   5142   5152   5155   5158   5161
   5163   5164   5167   5176   5178   5182   5192   5195   5198   5199
   5209   5212   5215   5216   5226   5228   5230   5240   5242   5246
   5256   5259   5262   5263   5264   5273   5275   5277   5287   5290
   5291   5292   5299   5301   5305   5312   5317   5320   5329   5332
   5335   5336   5337   5346   5349   5350   5351   5358   5361   5364
   5365   5366   5375   5377   5381   5384   5394   5397   5400   5403
   5405   5406   5409   5418   5421   5423   5424   5426   5427   5435
   5437   5441   5451   5454   5455   5457   5459   5460   5462   5464
   5472   5475   5477   5481   5491   5494   5497   5498   5499   5506
   5509   5512   5515   5518   5528   5538   5540   5544   5554   5556
   5560   5570   5573   5575   5579   5589   5592   5595   5598   5600
   5601   5604   5610   5615   5618   5627   5630   5631   5632   5639
   5642   5644   5648   5653   5654
 group =     3, "(sid:CHA or sid:CHA around_res:3.0) and not hydrogen"
 # of atoms =   125
 atomlist: 
     89     91     93     96     99    102    104    105    108    111
    112   1227   1229   1231   1234   1237   1238   1239   1240   1241
   1408   1410   1412   1415   1418   1421   1423   1424   1427   1430
   1431   1707   1709   1711   1714   1715   1717   1719   1720   1722
   1724   1726   1727   1826   1828   1830   1833   1835   1839   1843
   1844   1845   4632   4634   4636   4639   4640   4642   4644   4646
   4648   4650   4651   4666   4668   4670   4674   4675   4676   4678
   4680   4683   4686   4689   4692   4696   4697   4724   4726   4728
   4731   4734   4737   4739   4740   4743   4746   4747   4892   4894
   4896   4898   4902   4906   4907   4908   4910   4912   4914   4916
   4920   4921   4922   4924   4926   4929   4931   4932   5655   5656
   5657   5658   5659   5660   5661   5662   5663   5664   5665   5666
   5667   5668   5669   5670   5745
 group =     4, "(sid:CHB or sid:CHB around_res:3.0) or          (sid:CHC or sid:CHC around_res:3.0) and not hydrogen"
 # of atoms =   330
 atomlist: 
    892    893    894    895    896    897    898    899    900    901
    902    903    904    905    906    907    908    909    910    911
    926    927    928    929    930    931    932    933    934    935
    984    985    986    987    988    989    990    991    992    993
    994    995    996    997    998    999   1000   1001   1002   1003
   1004   1005   1006   1007   1152   1153   1154   1155   1156   1157
   1158   1159   1160   1161   1162   1163   1164   1165   1166   1167
   1168   1169   1170   1171   1172   1173   1174   1175   1176   1177
   1178   1179   1180   1181   1182   1183   1184   1185   1186   1187
   1188   1189   1190   1191   1192   1934   1935   1936   1937   1938
   1939   1940   1941   1942   1943   1944   1945   1946   1947   1948
   1949   1950   1951   1952   1953   1954   1955   1956   1957   2737
   2739   2741   2744   2745   2747   2749   2751   2753   2755   2756
   2771   2773   2775   2779   2780   2997   2999   3001   3003   3007
   3011   3012   3013   3015   3017   3019   3021   3025   3026   3027
   3029   3031   3034   3036   3037   3072   3073   3074   3075   3076
   3077   3078   3079   3080   3081   3082   3083   3084   3085   3086
   3253   3254   3255   3256   3257   3258   3259   3260   3261   3262
   3263   3264   3265   3266   3267   3268   3269   3270   3271   3272
   3273   3274   3275   3276   3552   3553   3554   3555   3556   3557
   3558   3559   3560   3561   3562   3563   3564   3565   3566   3567
   3568   3569   3570   3571   3572   3671   3672   3673   3674   3675
   3676   3677   3678   3679   3680   3681   3682   3683   3684   3685
   3686   3687   3688   3689   3829   3831   3833   3836   3839   3842
   3844   3845   3848   3851   3852   4967   4969   4971   4974   4977
   4978   4979   4980   4981   5148   5150   5152   5155   5158   5161
   5163   5164   5167   5170   5171   5447   5449   5451   5454   5455
   5457   5459   5460   5462   5464   5466   5467   5566   5568   5570
   5573   5575   5579   5583   5584   5679   5680   5681   5682   5683
   5684   5685   5686   5687   5688   5689   5690   5691   5692   5693
   5694   5695   5696   5697   5698   5699   5700   5701   5702   5703
   5704   5705   5706   5707   5708   5709   5710   5711   5712   5713
   5714   5715   5716   5717   5718   5826   5827   5828   6003   6009
 group =     5, "(sid:WATA or sid:WATB or sid:WATC) and an:OH2"
 # of atoms =   142
 atomlist: 
   5727   5730   5733   5736   5739   5742   5745   5748   5751   5754
   5757   5760   5763   5766   5769   5772   5775   5778   5781   5784
   5787   5790   5793   5796   5799   5802   5805   5808   5811   5814
   5817   5820   5823   5826   5829   5832   5835   5838   5841   5844
   5847   5850   5853   5856   5859   5862   5865   5868   5871   5874
   5877   5880   5883   5886   5889   5892   5895   5898   5901   5904
   5907   5910   5913   5916   5919   5922   5925   5928   5931   5934
   5937   5940   5943   5946   5949   5952   5955   5958   5961   5964
   5967   5970   5973   5976   5979   5982   5985   5988   5991   5994
   5997   6000   6003   6006   6009   6012   6015   6018   6021   6024
   6027   6030   6033   6036   6039   6042   6045   6048   6051   6054
   6057   6060   6063   6066   6069   6072   6075   6078   6081   6084
   6087   6090   6093   6096   6099   6102   6105   6108   6111   6114
   6117   6120   6123   6126   6129   6132   6135   6138   6141   6144
   6147   6150
Setup_Enefunc_Restraints> Setup restraint functions
 func  =     1 kind  =     1
 const(total, x, y, z) =   10.000   1.000   1.000   1.000
 exponend of function =     2
 # of groups  =     1
 grouplist:   1

 func  =     2 kind  =     1
 const(total, x, y, z) =    2.000   1.000   1.000   1.000
 exponend of function =     2
 # of groups  =     1
 grouplist:   2

 func  =     3 kind  =     1
 const(total, x, y, z) =    2.000   1.000   1.000   1.000
 exponend of function =     2
 # of groups  =     1
 grouplist:   3

 func  =     4 kind  =     1
 const(total, x, y, z) =    2.000   1.000   1.000   1.000
 exponend of function =     2
 # of groups  =     1
 grouplist:   4

 func  =     5 kind  =     1
 const(total, x, y, z) =    2.000   1.000   1.000   1.000
 exponend of function =     2
 # of groups  =     1
 grouplist:   5

Define_Enefunc_Charmm> Number of Interactions in Each Term
  bond_ene        =       2864  angle_ene       =      10500
  torsion_ene     =      18192  improper_ene    =        979
  cmap_ene        =        343
  nb_exclusions   =      95071  nb14_calc       =      15093
 
Setup_Fitting_Spdyn> NO fitting is applied, skip
  fitting method  =  NO
 

Setup_PME> Proper PME grid number was generated automatically
  pme_ngrid(x,y,z)=         96        96        96

Random_Init> Initialize the random number
  seed            = 635620

Setup_Fast_Water> Setup constraints for SETTLE
  r0(O-H)         =     0.9572  mass(O)         =    15.9994
  r0(H-H)         =     1.5139  mass(H)         =     1.0080
 
Update_Num_Deg_Freedom> Number of degrees of freedom was updated
  num_deg_freedom =     174837 (After setup of SETTLE)
 
Setup_Rigid_Bond> Setup constrains for SHAKE and RATTLE
  num_rigid_bonds =       2900
 
Update_Num_Deg_Freedom> Number of degrees of freedom was updated
  num_deg_freedom =     171937 (After setup of SHAKE/RATTLE)
 
Setup_Restart_Post> Read random seed  from RST file and Overwrite it

Setup_Restart_Post> Parameters were replaced

[STEP4] Compute Single Point Energy for Molecules
 
            STEP            BOND           ANGLE    UREY-BRADLEY        DIHEDRAL        IMPROPER            CMAP         VDWAALS           ELECT RESTRAINT_TOTAL
 --------------- --------------- --------------- --------------- ---------------
               0       1039.1004       2769.3479        391.8093       3711.5119        181.9246       -111.2759      27419.0979    -298970.2286        918.9939

[STEP5] Perform Molecular Dynamics Simulation
 
INFO:       STEP            TIME       TOTAL_ENE   POTENTIAL_ENE     KINETIC_ENE            RMSG            BOND           ANGLE    UREY-BRADLEY        DIHEDRAL        IMPROPER            CMAP         VDWAALS           ELECT RESTRAINT_TOTAL     TEMPERATURE          VOLUME            BOXX            BOXY            BOXZ          VIRIAL        PRESSURE         PRESSXX         PRESSYY         PRESSZZ
 --------------- --------------- --------------- --------------- ---------------
INFO:        500          1.0000    -211465.5888    -261885.6724      50420.0836         13.7237       1098.9042       2753.3542        378.9634       3736.0752        207.2667       -107.0904      26815.0257    -297672.4142        904.2428        295.1376    1093279.2961        103.0174        103.0174        103.0174     -34153.4278        -33.8701        -91.7824         -5.8433         -3.9847

INFO:       1000          2.0000    -211114.7829    -261645.4785      50530.6955         13.6983       1027.4196       2771.0267        379.9627       3734.5572        197.9098        -99.5938      26802.7783    -297314.7602        855.2214        295.7851    1092712.6006        102.9995        102.9995        102.9995     -33013.3340         42.2811        107.2072        -17.1057         36.7417

INFO:       1500          3.0000    -210992.9365    -261597.1909      50604.2544         13.7304       1089.2342       2754.4009        380.1192       3707.4455        189.6658       -109.8316      27077.1644    -297590.0566        904.6674        296.2157    1094163.7674        103.0451        103.0451        103.0451     -31473.6116        141.7883        138.2406        118.4343        168.6901

INFO:       2000          4.0000    -210664.5618    -261403.9603      50739.3985         13.6854       1031.7232       2751.8319        372.1924       3716.4522        198.7912        -87.2839      26545.0904    -296864.1839        931.4262        297.0068    1099544.4879        103.2138        103.2138        103.2138     -33462.7755         22.6675        -60.6059        143.5910        -14.9827

INFO:       2500          5.0000    -210754.2011    -261605.2516      50851.0505         13.6963       1046.5054       2781.1141        381.3343       3674.1642        187.6386        -92.3080      26725.1857    -297191.2587        882.3727        297.6603    1107252.7001        103.4544        103.4544        103.4544     -32948.2925         58.9793        104.9413        -61.6880        133.6845

INFO:       3000          6.0000    -210715.5612    -261519.2245      50803.6634         13.6745       1066.7904       2811.1452        370.6967       3700.9058        207.6321       -109.9070      26327.3015    -296776.1893        882.4001        297.3830    1116394.0451        103.7383        103.7383        103.7383     -35066.3595        -73.5344        -90.7737         31.6368       -161.4664

INFO:       3500          7.0000    -210676.3797    -261761.7629      51085.3832         13.6927       1057.3240       2769.2737        373.9146       3699.3036        183.1940       -100.6996      26455.7556    -297087.3427        887.5138        299.0320    1126951.9537        104.0643        104.0643        104.0643     -35383.0064        -80.6843          5.5673       -170.0940        -77.5261

INFO:       4000          8.0000    -210430.6975    -261457.1407      51026.4432         13.6798       1057.0392       2776.4754        384.1992       3723.6123        194.3301       -105.1559      26325.4376    -296694.0639        880.9853        298.6870    1137854.9519        104.3988        104.3988        104.3988     -34848.1911        -50.0505       -118.7108          0.4388        -31.8795

INFO:       4500          9.0000    -210231.7893    -261229.8317      50998.0424         13.6457       1001.9981       2826.1231        379.7867       3694.1880        187.4698       -112.8239      26114.4173    -296215.0920        894.1012        298.5208    1148376.8908        104.7196        104.7196        104.7196     -34476.0567        -28.5027         -0.4848        -19.7944        -65.2290

INFO:       5000         10.0000    -210194.9127    -261447.4537      51252.5410         13.6763       1054.8859       2773.7622        376.7604       3692.9448        185.3678       -103.9422      26335.1683    -296674.3130        911.9121        300.0105    1159876.3748        105.0680        105.0680        105.0680     -36328.6185       -127.7077        -72.7569       -130.7071       -179.6590

INFO:       5500         11.0000    -209946.0179    -261039.9961      51093.9782         13.6653       1049.2952       2777.5749        382.8661       3688.2344        179.1757        -92.7976      26677.3692    -296586.0043        884.2901        299.0823    1172034.6115        105.4339        105.4339        105.4339     -33257.1675         47.1238        120.5729          6.9652         13.8332

INFO:       6000         12.0000    -209847.8667    -261019.7496      51171.8829         13.6803       1024.9381       2819.9292        378.4748       3693.4065        208.9009       -105.6062      26379.8268    -296318.1742        898.5545        299.5384    1185202.3299        105.8272        105.8272        105.8272     -35181.4466        -61.7216        -18.0626        -87.3897        -79.7125

INFO:       6500         13.0000    -209822.4715    -260773.6333      50951.1618         13.6716       1068.7144       2847.3645        387.4783       3654.2928        193.9670        -97.8539      26477.5780    -296206.5837        901.4093        298.2463    1198810.5203        106.2307        106.2307        106.2307     -32689.1894         73.1121        182.0358         97.1384        -59.8379

INFO:       7000         14.0000    -209892.1734    -260901.7388      51009.5655         13.6614       1052.9240       2832.3542        384.0402       3657.5990        195.6057        -99.7323      26456.4289    -296278.1553        897.1967        298.5882    1213856.8276        106.6733        106.6733        106.6733     -33807.1700         11.2528         76.0725        -87.9794         45.6652

INFO:       7500         15.0000    -209831.3298    -261118.4781      51287.1483         13.6575       1080.6536       2733.1018        379.5693       3700.7792        195.8486        -95.6095      26006.6454    -296003.6949        884.2285        300.2131    1231149.6267        107.1775        107.1775        107.1775     -36449.9718       -125.7882       -119.0704       -168.3606        -89.9336

INFO:       8000         16.0000    -209803.4142    -261105.0453      51301.6312         13.6639       1047.4440       2801.8652        372.0926       3711.7906        182.7407       -101.6986      26699.5142    -296737.9988        919.2047        300.2978    1249751.6379        107.7146        107.7146        107.7146     -33992.5525         11.4414        -28.5708          8.2234         54.6715

INFO:       8500         17.0000    -209834.2811    -261159.7106      51325.4295         13.6828       1042.6121       2813.9219        379.7985       3678.0505        185.1617       -106.7874      26595.2360    -296636.7613        889.0575        300.4371    1268296.4499        108.2448        108.2448        108.2448     -34428.3402        -11.4283        -50.4698          1.0886         15.0963

INFO:       9000         18.0000    -209776.9052    -261069.3155      51292.4103         13.7295       1125.4104       2744.0513        381.9256       3718.8554        189.2666       -115.2408      26892.4760    -296861.0239        854.9638        300.2439    1287864.3999        108.7986        108.7986        108.7986     -33193.2138         53.3337          3.7956        -26.9076        183.1133

INFO:       9500         19.0000    -209672.9654    -260813.0219      51140.0565         13.7049       1060.7046       2801.0985        379.1281       3721.0203        199.1220       -111.5474      26979.4467    -296725.7678        883.7731        299.3521    1310516.9767        109.4328        109.4328        109.4328     -33432.9753         34.5529         47.1204         19.6248         36.9136

INFO:      10000         20.0000    -209762.0559    -260689.1381      50927.0822         13.6382       1034.3962       2851.0458        377.4004       3707.9626        189.1340       -107.9651      26241.0034    -295864.3001        882.1846        298.1054    1334135.8015        110.0863        110.0863        110.0863     -35701.4962        -89.9473        -39.2918       -207.6999        -22.8501

INFO:      10500         21.0000    -209526.3127    -260672.3609      51146.0482         13.6611       1047.1695       2781.1046        392.4021       3711.5711        181.6808       -103.8206      26780.0887    -296361.8803        899.3232        299.3871    1354841.5055        110.6529        110.6529        110.6529     -32912.4761         59.9670         65.0235         47.3694         67.5082

INFO:      11000         22.0000    -209597.0831    -260667.8423      51070.7592         13.6520       1102.1585       2743.1885        379.7470       3687.1253        181.8956        -93.9354      26110.4170    -295674.9094        896.4705        298.9464    1377731.4341        111.2726        111.2726        111.2726     -36296.1815       -111.9308         -5.3261       -218.3495       -112.1169

Compute_Shake> SHAKE algorithm failed to converge (see "Chapter: Trouble shooting" in the user manual): indexes       997       998
  rank_no =    11
Image              PC                Routine            Line        Source             
spdyn              0000000000A2A2AA  Unknown               Unknown  Unknown
spdyn              00000000008A53D4  Unknown               Unknown  Unknown
spdyn              000000000070A84F  Unknown               Unknown  Unknown
libiomp5.so        00002B4BE0FFCD43  __kmp_invoke_micr     Unknown  Unknown
libiomp5.so        00002B4BE0F8C63F  Unknown               Unknown  Unknown
libiomp5.so        00002B4BE0F8B65C  Unknown               Unknown  Unknown
libiomp5.so        00002B4BE0FFD2FB  Unknown               Unknown  Unknown
libpthread-2.17.s  00002B4BE09BEDC5  Unknown               Unknown  Unknown
libc-2.17.so       00002B4BE13C173D  clone                 Unknown  Unknown

===================================================================================
=   BAD TERMINATION OF ONE OF YOUR APPLICATION PROCESSES
=   RANK 8 PID 102831 RUNNING AT 10.2.12.104
=   KILLED BY SIGNAL: 9 (Killed)
===================================================================================

===================================================================================
=   BAD TERMINATION OF ONE OF YOUR APPLICATION PROCESSES
=   RANK 9 PID 102832 RUNNING AT 10.2.12.104
=   KILLED BY SIGNAL: 9 (Killed)
===================================================================================

===================================================================================
=   BAD TERMINATION OF ONE OF YOUR APPLICATION PROCESSES
=   RANK 10 PID 102833 RUNNING AT 10.2.12.104
=   KILLED BY SIGNAL: 9 (Killed)
===================================================================================

===================================================================================
=   BAD TERMINATION OF ONE OF YOUR APPLICATION PROCESSES
=   RANK 12 PID 102835 RUNNING AT 10.2.12.104
=   KILLED BY SIGNAL: 9 (Killed)
===================================================================================

===================================================================================
=   BAD TERMINATION OF ONE OF YOUR APPLICATION PROCESSES
=   RANK 13 PID 102836 RUNNING AT 10.2.12.104
=   KILLED BY SIGNAL: 9 (Killed)
===================================================================================

===================================================================================
=   BAD TERMINATION OF ONE OF YOUR APPLICATION PROCESSES
=   RANK 14 PID 102837 RUNNING AT 10.2.12.104
=   KILLED BY SIGNAL: 9 (Killed)
===================================================================================

===================================================================================
=   BAD TERMINATION OF ONE OF YOUR APPLICATION PROCESSES
=   RANK 15 PID 102838 RUNNING AT 10.2.12.104
=   KILLED BY SIGNAL: 9 (Killed)
===================================================================================

===================================================================================
=   BAD TERMINATION OF ONE OF YOUR APPLICATION PROCESSES
=   RANK 0 PID 134010 RUNNING AT 10.2.12.90
=   KILLED BY SIGNAL: 9 (Killed)
===================================================================================

===================================================================================
=   BAD TERMINATION OF ONE OF YOUR APPLICATION PROCESSES
=   RANK 1 PID 134011 RUNNING AT 10.2.12.90
=   KILLED BY SIGNAL: 9 (Killed)
===================================================================================

===================================================================================
=   BAD TERMINATION OF ONE OF YOUR APPLICATION PROCESSES
=   RANK 2 PID 134012 RUNNING AT 10.2.12.90
=   KILLED BY SIGNAL: 9 (Killed)
===================================================================================

===================================================================================
=   BAD TERMINATION OF ONE OF YOUR APPLICATION PROCESSES
=   RANK 3 PID 134013 RUNNING AT 10.2.12.90
=   KILLED BY SIGNAL: 9 (Killed)
===================================================================================

===================================================================================
=   BAD TERMINATION OF ONE OF YOUR APPLICATION PROCESSES
=   RANK 4 PID 134014 RUNNING AT 10.2.12.90
=   KILLED BY SIGNAL: 9 (Killed)
===================================================================================

===================================================================================
=   BAD TERMINATION OF ONE OF YOUR APPLICATION PROCESSES
=   RANK 5 PID 134015 RUNNING AT 10.2.12.90
=   KILLED BY SIGNAL: 9 (Killed)
===================================================================================

===================================================================================
=   BAD TERMINATION OF ONE OF YOUR APPLICATION PROCESSES
=   RANK 6 PID 134016 RUNNING AT 10.2.12.90
=   KILLED BY SIGNAL: 9 (Killed)
===================================================================================

===================================================================================
=   BAD TERMINATION OF ONE OF YOUR APPLICATION PROCESSES
=   RANK 7 PID 134017 RUNNING AT 10.2.12.90
=   KILLED BY SIGNAL: 9 (Killed)
===================================================================================
