(10.2.12.90:0,1,2,3,4,5,6,7)
(10.2.12.104:8,9,10,11,12,13,14,15)

[0] MPI startup(): libfabric version: 1.7.2a-impi
[0] MPI startup(): libfabric provider: verbs;ofi_rxm
[0] MPI startup(): Rank    Pid      Node name  Pin cpu
[0] MPI startup(): 0       134304   bwmpc0090  {0,1,2,3,4}
[0] MPI startup(): 1       134305   bwmpc0090  {5,6,7,8,9}
[0] MPI startup(): 2       134306   bwmpc0090  {10,11,12,13,14}
[0] MPI startup(): 3       134307   bwmpc0090  {15,16,17,18,19}
[0] MPI startup(): 4       134308   bwmpc0090  {20,21,22,23,24}
[0] MPI startup(): 5       134309   bwmpc0090  {25,26,27,28,29}
[0] MPI startup(): 6       134310   bwmpc0090  {30,31,32,33,34}
[0] MPI startup(): 7       134311   bwmpc0090  {35,36,37,38,39}
[0] MPI startup(): 8       103125   bwmpc0104  {0,1,2,3,4}
[0] MPI startup(): 9       103126   bwmpc0104  {5,6,7,8,9}
[0] MPI startup(): 10      103127   bwmpc0104  {10,11,12,13,14}
[0] MPI startup(): 11      103128   bwmpc0104  {15,16,17,18,19}
[0] MPI startup(): 12      103129   bwmpc0104  {20,21,22,23,24}
[0] MPI startup(): 13      103130   bwmpc0104  {25,26,27,28,29}
[0] MPI startup(): 14      103131   bwmpc0104  {30,31,32,33,34}
[0] MPI startup(): 15      103132   bwmpc0104  {35,36,37,38,39}
[0] MPI startup(): I_MPI_ROOT=/bwfefs/opt/x86_64/intel/compilers_and_libraries_2019.5.281/linux/mpi
[0] MPI startup(): I_MPI_HYDRA_BOOTSTRAP_EXEC=/bin/pjrsh
[0] MPI startup(): I_MPI_HYDRA_BOOTSTRAP_AUTOFORK=0
[0] MPI startup(): I_MPI_HYDRA_TOPOLIB=hwloc
[0] MPI startup(): I_MPI_HYDRA_HOST_FILE=/bwfefs/home/kyagi/cm4_2/3.pre_equil/.d0012460496_nodeinfo
[0] MPI startup(): I_MPI_PERHOST=8
[0] MPI startup(): I_MPI_PIN=1
[0] MPI startup(): I_MPI_PIN_RESPECT_HCA=0
[0] MPI startup(): I_MPI_INTERNAL_MEM_POLICY=default
[0] MPI startup(): I_MPI_DEBUG=5
****************************************************
*                                                  *
*                  GENESIS SPDYN                   *
*                                                  *
*        A Molecular Dynamics Simulator with       *
*           Spatial Decomposition Scheme           *
*                                                  *
*               Developed by RIKEN                 *
*                                                  *
****************************************************
 
[STEP0] Architecture and Compiler Information
 
GENESIS_Information> GENESIS Information
  version      = 1.6.0
  commit ID    = $GENESIS_VERSION$
  precision    = double
  nonbonding   = CPU

Build_Information> Compiler Information
  build host   = kyagi@hokusai3
  fortran      = ifort (IFORT) 19.0.5.281 20190815
  option       = -xHost -O3 -ip -mkl=parallel  -assume byterecl -qopenmp 
  C            = icc (ICC) 19.0.5.281 20190815
  option       = -O3 -ip -axCORE-AVX2  -qopenmp
  defined var. = 
  -DHAVE_MPI_GENESIS -DOMP -DFFTE -DLAPACK -DDSFMT_MEXP=19937 -DINTEL
  link option  = 
  -assume byterecl -qopenmp  -lmkl_intel_lp64 -lmkl_sequential -lmkl_core -lmkl_
 lapack95_lp64 

Runtime_Information> Machine and Library Information
  date       = 2021/10/08 00:46:39
  cpu model    = Intel(R) Xeon(R) Gold 6148 CPU @ 2.40GHz
  exec. host   = kyagi@bwmpc0090
  LD library   = 
 /bwfefs/opt/x86_64/intel/impi/2019.5.281/intel64/lib/release:/bwfefs/opt/x86_64
 /intel/impi/2019.5.281/intel64/lib:/bwfefs/opt/x86_64/intel/impi/2019.5.281/int
 el64/libfabric/lib:/bwfefs/opt/x86_64/intel/parallel_studio_xe_2019.5.075/compi
 lers_and_libraries_2019/linux/compiler/lib/intel64:/bwfefs/opt/x86_64/intel/par
 allel_studio_xe_2019.5.075/compilers_and_libraries_2019/linux/compiler/lib/inte
 l64_lin:/bwfefs/opt/x86_64/intel/parallel_studio_xe_2019.5.075/compilers_and_li
 braries_2019/linux/mpi/intel64/lib:/bwfefs/opt/x86_64/intel/parallel_studio_xe_
 2019.5.075/compilers_and_libraries_2019/linux/mpi/intel64/libfabric/lib:/bwfefs
 /opt/x86_64/intel/parallel_studio_xe_2019.5.075/compilers_and_libraries_2019/li
 nux/ipp/lib/intel64:/bwfefs/opt/x86_64/intel/parallel_studio_xe_2019.5.075/comp
 ilers_and_libraries_2019/linux/compiler/lib/intel64:/bwfefs/opt/x86_64/intel/pa
 rallel_studio_xe_2019.5.075/compilers_and_libraries_2019/linux/mkl/lib/intel64:
 /bwfefs/opt/x86_64/intel/parallel_studio_xe_2019.5.075/compilers_and_libraries_
 2019/linux/tbb/lib/intel64/gcc4.7:/bwfefs/opt/x86_64/intel/debugger_2019/libipt
 /intel64/lib:/bwfefs/opt/x86_64/intel/parallel_studio_xe_2019.5.075/compilers_a
 nd_libraries_2019/linux/daal/lib/intel64_lin:/bwfefs/opt/x86_64/intel/parallel_
 studio_xe_2019.5.075/compilers_and_libraries_2019/linux/daal/../tbb/lib/intel64
 _lin/gcc4.7

[STEP1] Read Control Parameters
 
Read_Ctrl_Input> Input Files
  topfile = 
 toppar/top_all36_prot.rtf, toppar/top_all36_cgenff.rtf, toppar/cho.rtf
  parfile = 
 toppar/par_all36m_prot.prm, toppar/par_all36_cgenff.prm, toppar/cho.prm
  strfile = toppar/toppar_water_ions.str
  psffile = ../2.build/step2_solvator.psf
  pdbfile = ../2.build/step2_solvator.pdb
  rstfile = step3.3_npt.rst
  reffile = ../2.build/step2_solvator.pdb
 
Read_Ctrl_Output> Output Files
  dcdfile    = step3.4_nvt.dcd
  rstfile    = step3.4_nvt.rst
 
Read_Ctrl_Energy> Parameters of Energy Calculations
  forcefield      =     CHARMM
  switchdist      =     10.000  cutoffdist      =     12.000
  pairlistdist    =     13.500  dielec_const    =      1.000
 vdW force_switch =        yes
  electrostatic   =        PME
  pme_nspline     =          4
  pme_alpha       =    0.22664  pme_alpha_tol   =  0.100E-04
  fft_scheme      = 1DALLTOALL
  table_order     =          1
  table_density   =     20.000
  water_model     =       NONE
  output_style    =    GENESIS
  dispersion_corr =       none
  nonb_limiter    =      no
  contact_check   =      no
  vacuum          =      no
 
Read_Ctrl_Dynamics> Parameters of MD simulation
  integrator      =       VVER  nsteps          =      50000
  timestep        =     0.0020  initial_time    =     0.0000
  eneout_period   =        500  rstout_period   =       1000
  crdout_period   =        500  velout_period   =          0
  nbupdate_period =         10  stoptr_period   =         10
  iseed           =         -1
  annealing       =         no
  verbose         =         no
  target_md       =         no
  steered_md      =         no
 
Read_Ctrl_Constraints> Parameters for Constraints
  rigid_bond      =        yes
  shake_iteration =        500  shake_tolerance =  0.100E-09
  fast_bond       =         no
  fast_water      =        yes  water_model     =       TIP3
  hydrogen_type   =  name|mass
 
Read_Ctrl_Ensemble> Parameters for Ensemble
  ensemble        =        NVT
  temperature     =    300.000
  tpcontrol       =      BUSSI
  tau_t           =      5.000
 
Read_Ctrl_Boundary> Parameters of Boundary Condition
  type            =       PBC 
  box_size(x,y,z) =      0.000     0.000     0.000
 
Read_Ctrl_Selection> Parameters of Selection
  # of groups     =          5
    group 1 = (sid:PROA or sid:PROB or sid:PROC) and (an:CA | an:C | an:O | an:N)
    group 2 = (sid:PROA or sid:PROB or sid:PROC) and not (an:CA | an:C | an:O | an:N) and not hydrogen
    group 3 = (sid:CHA or sid:CHA around_res:3.0) and not hydrogen
    group 4 = (sid:CHB or sid:CHB around_res:3.0) or          (sid:CHC or sid:CHC around_res:3.0) and not hydrogen
    group 5 = (sid:WATA or sid:WATB or sid:WATC) and an:OH2
  # of mole names =          0
 
Read_Ctrl_Restraints> Parameters of Restraint
  numfunc         =   5
  function1 = POSI     
    direction     = ALL 
    constant      = 10.0
    reference     = 
    select_index  = 1
    exponent      =   2
    exponent_dist = 
    weight_dist   = 
  function2 = POSI     
    direction     = ALL 
    constant      = 2.0
    reference     = 
    select_index  = 2
    exponent      =   2
    exponent_dist = 
    weight_dist   = 
  function3 = POSI     
    direction     = ALL 
    constant      = 2.0
    reference     = 
    select_index  = 3
    exponent      =   2
    exponent_dist = 
    weight_dist   = 
  function4 = POSI     
    direction     = ALL 
    constant      = 2.0
    reference     = 
    select_index  = 4
    exponent      =   2
    exponent_dist = 
    weight_dist   = 
  function5 = POSI     
    direction     = ALL 
    constant      = 2.0
    reference     = 
    select_index  = 5
    exponent      =   2
    exponent_dist = 
    weight_dist   = 
  pressure_position   = NO
  pressure_rmsd     = NO

Read_Ctrl_Fitting_MD> Parameters of Fitting
  fitting method  =  TR+ROT   
  fitting atom    = group1
  mass_weight     =         no
 
[STEP2] Setup MPI
 
Setup_Mpi_Md> Summary of Setup MPI
  number of MPI processes   =         16
  number of OpenMP threads  =          5
  total number of CPU cores =         80

[STEP3] Set Relevant Variables and Structures
 
Input_Top> Summary of Topfile
  num_atom_class  =        214  num_resi_type   =        873
 
 Merge_Par> WARNING: BOND: Multiple definition: "CG2D1O"-"OG301"
 Merge_Par> WARNING: BOND: Multiple definition: "CG2DC1"-"CG2DC1"
 Merge_Par> WARNING: BOND: Multiple definition: "CG2DC1"-"CG2DC2"
 Merge_Par> WARNING: BOND: Multiple definition: "CG2DC1"-"CG2O3"
 Merge_Par> WARNING: BOND: Multiple definition: "CG2DC1"-"HGA4"
 Merge_Par> WARNING: BOND: Multiple definition: "CG2DC2"-"CG2DC2"
 Merge_Par> WARNING: BOND: Multiple definition: "CG2DC2"-"HGA4"
 Merge_Par> WARNING: BOND: Multiple definition: "CG2DC3"-"HGA5"
 Merge_Par> WARNING: BOND: Multiple definition: "CG2O3"-"OG2D2"
 Merge_Par> WARNING: BOND: Multiple definition: "CG311"-"CG311"
 Merge_Par> WARNING: BOND: Multiple definition: "CG311"-"OG301"
 Merge_Par> WARNING: BOND: Multiple definition: "CG311"-"OG311"
 Merge_Par> WARNING: BOND: Multiple definition: "CG311"-"HGA1"
 Merge_Par> WARNING: BOND: Multiple definition: "OG311"-"HGP1"
 Merge_Par> WARNING: ANGL: Multiple definition: "CG2DC1"-"CG2DC1"-"CG2DC2"
 Merge_Par> WARNING: ANGL: Multiple definition: "CG2DC1"-"CG2DC1"-"CG2O3"
 Merge_Par> WARNING: ANGL: Multiple definition: "CG2DC1"-"CG2DC1"-"HGA4"
 Merge_Par> WARNING: ANGL: Multiple definition: "CG2DC1"-"CG2DC2"-"CG2DC2"
 Merge_Par> WARNING: ANGL: Multiple definition: "CG2DC1"-"CG2DC2"-"HGA4"
 Merge_Par> WARNING: ANGL: Multiple definition: "CG2DC2"-"CG2DC2"-"HGA4"
 Merge_Par> WARNING: ANGL: Multiple definition: "HGA5"-"CG2DC3"-"HGA5"
 Merge_Par> WARNING: ANGL: Multiple definition: "CG2DC1"-"CG2O3"-"OG2D2"
 Merge_Par> WARNING: ANGL: Multiple definition: "OG2D2"-"CG2O3"-"OG2D2"
 Merge_Par> WARNING: ANGL: Multiple definition: "CG311"-"CG311"-"OG301"
 Merge_Par> WARNING: ANGL: Multiple definition: "CG311"-"CG311"-"OG311"
 Merge_Par> WARNING: ANGL: Multiple definition: "CG311"-"CG311"-"HGA1"
 Merge_Par> WARNING: ANGL: Multiple definition: "OG301"-"CG311"-"HGA1"
 Merge_Par> WARNING: ANGL: Multiple definition: "OG311"-"CG311"-"HGA1"
 Merge_Par> WARNING: ANGL: Multiple definition: "CG311"-"OG311"-"HGP1"
 Merge_Par> WARNING: DIHE: Multiple definition: "CG2DC2"-"CG2DC1"-"CG2DC1"-"HGA4"
 Merge_Par> WARNING: DIHE: Multiple definition: "CG2DC1"-"CG2DC1"-"CG2DC2"-"CG2DC2"
 Merge_Par> WARNING: DIHE: Multiple definition: "CG2DC1"-"CG2DC1"-"CG2DC2"-"CG2DC2"
 Merge_Par> WARNING: DIHE: Multiple definition: "CG2DC1"-"CG2DC1"-"CG2DC2"-"CG2DC2"
 Merge_Par> WARNING: DIHE: Multiple definition: "CG2DC1"-"CG2DC1"-"CG2DC2"-"HGA4"
 Merge_Par> WARNING: DIHE: Multiple definition: "CG2DC1"-"CG2DC1"-"CG2O3"-"OG2D2"
 Merge_Par> WARNING: DIHE: Multiple definition: "CG2DC1"-"CG2DC2"-"CG2DC2"-"HGA4"
 Merge_Par> WARNING: DIHE: Multiple definition: "HGA4"-"CG2DC2"-"CG2DC2"-"HGA4"
 Merge_Par> WARNING: DIHE: Multiple definition: "OG301"-"CG311"-"CG311"-"HGA1"
 Merge_Par> WARNING: DIHE: Multiple definition: "OG311"-"CG311"-"CG311"-"HGA1"
 Merge_Par> WARNING: DIHE: Multiple definition: "HGA1"-"CG311"-"CG311"-"HGA1"
 Merge_Par> WARNING: DIHE: Multiple definition: "CG311"-"CG311"-"OG311"-"HGP1"
 Merge_Par> WARNING: DIHE: Multiple definition: "CG311"-"CG311"-"OG311"-"HGP1"
 Merge_Par> WARNING: DIHE: Multiple definition: "CG311"-"CG311"-"OG311"-"HGP1"
 Merge_Par> WARNING: DIHE: Multiple definition: "HGA1"-"CG311"-"OG311"-"HGP1"
 Merge_Par> WARNING: IMPR: Multiple definition: "CG2O3"-"OG2D2"-"OG2D2"-"CG2DC1"
Input_Par> Summary of Parfile
  num_bonds       =        721  num_angles      =       2372
  num_dihedrals   =       6191  num_impropers   =        207
  num_atom_cls    =        214  num_nbfix       =         76
  num_cmap_terms  =          6
 
Input_Str> Summary of Top information
  num_atom_class  =        231  num_resi_type   =        888
 
Input_Str> Summary of Par information
  num_bonds       =        726  num_angles      =       2374
  num_dihedrals   =       6192  num_impropers   =        207
  num_atom_cls    =        231  num_nbfix       =         99
  num_cmap_terms  =          6
 
Read_Psf> Summary of Psffile
  psftype         =      xplor
  num_atoms       =      84548  num_bonds       =      84571
  num_angles      =      36769  num_dihedrals   =      15283
  num_impropers   =        979  num_cmap_terms  =        343
  num_HB_donors   =      53162  num_HB_acceptors=      26805
  num_NB_exclusion=          0  num_groups      =      27913
  total_charge    =      0.000
 
Check_Pdb> 6-column residue sequence number
 
Read_Pdb> Summary of Data in PDB file
  num_atoms       =      84548
 
Read_Rst_Binary> Summary of RST file
  num_atoms       =      84548  iseed           =     886390
  boxsize (x,y,z) =    111.273   111.273   111.273

Define_Molecule> Summary of molecules
  num_atoms       =      84548  num_bonds       =      84571
  num_angles      =      36769  num_dihedrals   =      15283
  num_impropers   =        979  num_cmap_terms  =        343
  num_residues    =      26636  num_molecules   =      26290
  num_segments    =         11  num_deg_freedom =     253644
  total_charge    =     -0.000
 
Setup_Restart_Pre> Coordinates and velocities were replaced

Setup_Boundary_Cell> Set Variables for Boundary Condition
  domains (x,y,z) =          4         2         2
  ncells (x,y,z)  =         12        14        14
 
Select_Contacts> mode        : Resi
                 sel atoms A :      24
                 sel atoms B :   84524
                 distance    :    3.00
                contact atom list :     224
 
Select_Contacts> mode        : Resi
                 sel atoms A :      24
                 sel atoms B :   84524
                 distance    :    3.00
                contact atom list :     201
 
Select_Contacts> mode        : Resi
                 sel atoms A :      24
                 sel atoms B :   84524
                 distance    :    3.00
                contact atom list :     180
 
Setup_Enefunc_Cmap> Natural spline is used to derive cmap coefs.

Setup_Enefunc_Restraints> Setup restraint groups
 group =     1, "(sid:PROA or sid:PROB or sid:PROC) and (an:CA | an:C | an:O | an:N)"
 # of atoms =  1393
 atomlist: 
      1      5     18     19     20     22     37     38     39     41
     61     62     63     65     68     69     70     72     87     88
     89     91    111    112    113    115    118    119    120    122
    128    129    130    132    142    143    144    146    156    157
    158    160    172    173    174    176    187    188    189    191
    211    212    213    215    223    224    225    227    237    238
    239    241    252    253    254    256    267    268    269    271
    282    283    284    286    301    302    303    305    320    321
    322    324    337    338    339    341    359    360    361    363
    373    374    375    377    395    396    397    399    412    413
    414    416    431    432    433    435    450    451    452    454
    465    466    467    469    487    488    489    491    506    507
    508    510    525    526    527    529    540    541    542    544
    555    556    557    559    569    570    571    573    586    587
    588    590    600    601    602    604    622    623    624    628
    636    637    638    640    651    652    653    655    663    664
    665    667    679    680    681    683    695    696    697    699
    712    713    714    716    729    730    731    733    748    749
    750    752    767    768    769    771    778    779    780    782
    788    789    790    792    802    803    804    808    816    817
    818    820    828    829    830    832    847    848    849    851
    864    865    866    868    874    875    876    878    890    891
    892    894    910    911    912    916    924    925    926    928
    934    935    936    938    956    957    958    960    966    967
    968    970    982    983    984    986   1006   1007   1008   1010
   1021   1022   1023   1025   1040   1041   1042   1044   1051   1052
   1053   1055   1058   1059   1060   1062   1082   1083   1084   1086
   1099   1100   1101   1103   1120   1121   1122   1124   1136   1137
   1138   1142   1150   1151   1152   1154   1166   1167   1168   1170
   1180   1181   1182   1184   1191   1192   1193   1195   1208   1209
   1210   1212   1225   1226   1227   1229   1240   1241   1242   1244
   1257   1258   1259   1261   1269   1270   1271   1273   1285   1286
   1287   1289   1299   1300   1301   1303   1306   1307   1308   1310
   1313   1314   1315   1317   1332   1333   1334   1336   1354   1355
   1356   1358   1376   1377   1378   1380   1387   1388   1389   1391
   1406   1407   1408   1410   1430   1431   1432   1434   1446   1447
   1448   1450   1463   1464   1465   1467   1480   1481   1482   1484
   1494   1495   1496   1498   1510   1511   1512   1514   1527   1528
   1529   1531   1541   1542   1543   1545   1553   1554   1555   1557
   1569   1570   1571   1575   1583   1584   1585   1587   1600   1601
   1602   1604   1612   1613   1614   1616   1629   1630   1631   1633
   1648   1649   1650   1652   1672   1673   1674   1676   1689   1690
   1691   1693   1705   1706   1707   1709   1726   1727   1728   1730
   1745   1746   1747   1749   1760   1761   1762   1764   1782   1783
   1784   1786   1792   1793   1794   1796   1808   1809   1810   1812
   1824   1825   1826   1828   1843   1846   1850   1863   1864   1865
   1867   1882   1883   1884   1886   1906   1907   1908   1910   1913
   1914   1915   1917   1932   1933   1934   1936   1956   1957   1958
   1960   1963   1964   1965   1967   1973   1974   1975   1977   1987
   1988   1989   1991   2001   2002   2003   2005   2017   2018   2019
   2021   2032   2033   2034   2036   2056   2057   2058   2060   2068
   2069   2070   2072   2082   2083   2084   2086   2097   2098   2099
   2101   2112   2113   2114   2116   2127   2128   2129   2131   2146
   2147   2148   2150   2165   2166   2167   2169   2182   2183   2184
   2186   2204   2205   2206   2208   2218   2219   2220   2222   2240
   2241   2242   2244   2257   2258   2259   2261   2276   2277   2278
   2280   2295   2296   2297   2299   2310   2311   2312   2314   2332
   2333   2334   2336   2351   2352   2353   2355   2370   2371   2372
   2374   2385   2386   2387   2389   2400   2401   2402   2404   2414
   2415   2416   2418   2431   2432   2433   2435   2445   2446   2447
   2449   2467   2468   2469   2473   2481   2482   2483   2485   2496
   2497   2498   2500   2508   2509   2510   2512   2524   2525   2526
   2528   2540   2541   2542   2544   2557   2558   2559   2561   2574
   2575   2576   2578   2593   2594   2595   2597   2612   2613   2614
   2616   2623   2624   2625   2627   2633   2634   2635   2637   2647
   2648   2649   2653   2661   2662   2663   2665   2673   2674   2675
   2677   2692   2693   2694   2696   2709   2710   2711   2713   2719
   2720   2721   2723   2735   2736   2737   2739   2755   2756   2757
   2761   2769   2770   2771   2773   2779   2780   2781   2783   2801
   2802   2803   2805   2811   2812   2813   2815   2827   2828   2829
   2831   2851   2852   2853   2855   2866   2867   2868   2870   2885
   2886   2887   2889   2896   2897   2898   2900   2903   2904   2905
   2907   2927   2928   2929   2931   2944   2945   2946   2948   2965
   2966   2967   2969   2981   2982   2983   2987   2995   2996   2997
   2999   3011   3012   3013   3015   3025   3026   3027   3029   3036
   3037   3038   3040   3053   3054   3055   3057   3070   3071   3072
   3074   3085   3086   3087   3089   3102   3103   3104   3106   3114
   3115   3116   3118   3130   3131   3132   3134   3144   3145   3146
   3148   3151   3152   3153   3155   3158   3159   3160   3162   3177
   3178   3179   3181   3199   3200   3201   3203   3221   3222   3223
   3225   3232   3233   3234   3236   3251   3252   3253   3255   3275
   3276   3277   3279   3291   3292   3293   3295   3308   3309   3310
   3312   3325   3326   3327   3329   3339   3340   3341   3343   3355
   3356   3357   3359   3372   3373   3374   3376   3386   3387   3388
   3390   3398   3399   3400   3402   3414   3415   3416   3420   3428
   3429   3430   3432   3445   3446   3447   3449   3457   3458   3459
   3461   3474   3475   3476   3478   3493   3494   3495   3497   3517
   3518   3519   3521   3534   3535   3536   3538   3550   3551   3552
   3554   3571   3572   3573   3575   3590   3591   3592   3594   3605
   3606   3607   3609   3627   3628   3629   3631   3637   3638   3639
   3641   3653   3654   3655   3657   3669   3670   3671   3673   3688
   3689   3690   3692   3712   3713   3714   3718   3726   3727   3728
   3730   3738   3741   3745   3758   3759   3760   3762   3777   3778
   3779   3781   3801   3802   3803   3805   3808   3809   3810   3812
   3827   3828   3829   3831   3851   3852   3853   3855   3858   3859
   3860   3862   3868   3869   3870   3872   3882   3883   3884   3886
   3896   3897   3898   3900   3912   3913   3914   3916   3927   3928
   3929   3931   3951   3952   3953   3955   3963   3964   3965   3967
   3977   3978   3979   3981   3992   3993   3994   3996   4007   4008
   4009   4011   4022   4023   4024   4026   4041   4042   4043   4045
   4060   4061   4062   4064   4077   4078   4079   4081   4099   4100
   4101   4103   4113   4114   4115   4117   4135   4136   4137   4139
   4152   4153   4154   4156   4171   4172   4173   4175   4190   4191
   4192   4194   4205   4206   4207   4209   4227   4228   4229   4231
   4246   4247   4248   4250   4265   4266   4267   4269   4280   4281
   4282   4284   4295   4296   4297   4299   4309   4310   4311   4313
   4326   4327   4328   4330   4340   4341   4342   4344   4362   4363
   4364   4368   4376   4377   4378   4380   4391   4392   4393   4395
   4403   4404   4405   4407   4419   4420   4421   4423   4435   4436
   4437   4439   4452   4453   4454   4456   4469   4470   4471   4473
   4488   4489   4490   4492   4507   4508   4509   4511   4518   4519
   4520   4522   4528   4529   4530   4532   4542   4543   4544   4548
   4556   4557   4558   4560   4568   4569   4570   4572   4587   4588
   4589   4591   4604   4605   4606   4608   4614   4615   4616   4618
   4630   4631   4632   4634   4650   4651   4652   4656   4664   4665
   4666   4668   4674   4675   4676   4678   4696   4697   4698   4700
   4706   4707   4708   4710   4722   4723   4724   4726   4746   4747
   4748   4750   4761   4762   4763   4765   4780   4781   4782   4784
   4791   4792   4793   4795   4798   4799   4800   4802   4822   4823
   4824   4826   4839   4840   4841   4843   4860   4861   4862   4864
   4876   4877   4878   4882   4890   4891   4892   4894   4906   4907
   4908   4910   4920   4921   4922   4924   4931   4932   4933   4935
   4948   4949   4950   4952   4965   4966   4967   4969   4980   4981
   4982   4984   4997   4998   4999   5001   5009   5010   5011   5013
   5025   5026   5027   5029   5039   5040   5041   5043   5046   5047
   5048   5050   5053   5054   5055   5057   5072   5073   5074   5076
   5094   5095   5096   5098   5116   5117   5118   5120   5127   5128
   5129   5131   5146   5147   5148   5150   5170   5171   5172   5174
   5186   5187   5188   5190   5203   5204   5205   5207   5220   5221
   5222   5224   5234   5235   5236   5238   5250   5251   5252   5254
   5267   5268   5269   5271   5281   5282   5283   5285   5293   5294
   5295   5297   5309   5310   5311   5315   5323   5324   5325   5327
   5340   5341   5342   5344   5352   5353   5354   5356   5369   5370
   5371   5373   5388   5389   5390   5392   5412   5413   5414   5416
   5429   5430   5431   5433   5445   5446   5447   5449   5466   5467
   5468   5470   5485   5486   5487   5489   5500   5501   5502   5504
   5522   5523   5524   5526   5532   5533   5534   5536   5548   5549
   5550   5552   5564   5565   5566   5568   5583   5584   5585   5587
   5607   5608   5609   5613   5621   5622   5623   5625   5633   5634
   5635   5637   5652
 group =     2, "(sid:PROA or sid:PROB or sid:PROC) and not (an:CA | an:C | an:O | an:N) and not hydrogen"
 # of atoms =  1385
 atomlist: 
      7     10     13     14     24     26     30     33     43     46
     49     52     54     55     58     74     76     80     83     93
     96     99    102    104    105    108    124    134    136    138
    148    150    152    162    164    168    178    181    184    185
    186    193    196    199    202    204    205    208    217    220
    221    222    229    231    233    243    246    249    250    251
    258    261    264    265    266    273    276    279    280    281
    288    290    294    297    307    310    312    316    326    329
    332    333    334    343    346    349    352    355    365    367
    369    379    382    385    388    391    401    404    407    408
    409    418    421    423    427    437    440    442    446    456
    459    462    463    464    471    474    477    480    483    493
    495    499    502    512    514    518    521    531    534    537
    538    539    546    549    552    553    554    561    564    565
    566    575    578    580    581    583    584    592    594    596
    606    609    612    615    618    625    630    633    642    645
    648    649    650    657    660    661    662    669    671    675
    685    687    691    701    704    707    708    709    718    721
    724    725    735    738    740    744    754    757    759    763
    773    776    784    794    796    798    805    810    813    822
    825    826    827    834    837    839    843    853    856    858
    859    861    862    870    880    882    886    896    899    900
    902    904    906    908    913    918    921    930    940    943
    946    949    952    962    972    974    978    988    991    994
    997    999   1000   1003   1012   1015   1018   1019   1020   1027
   1030   1032   1036   1046   1049   1064   1067   1068   1070   1072
   1073   1074   1076   1078   1080   1088   1091   1094   1095   1096
   1105   1108   1109   1111   1113   1114   1116   1118   1126   1128
   1132   1139   1144   1147   1156   1158   1162   1172   1174   1176
   1186   1189   1197   1200   1203   1204   1214   1217   1220   1221
   1222   1231   1234   1237   1238   1239   1246   1249   1252   1253
   1263   1266   1267   1268   1275   1277   1281   1291   1293   1295
   1319   1322   1324   1328   1338   1341   1344   1347   1350   1360
   1363   1366   1369   1372   1382   1385   1393   1395   1399   1402
   1412   1415   1418   1421   1423   1424   1427   1436   1438   1442
   1452   1455   1458   1459   1469   1472   1475   1476   1486   1488
   1490   1500   1502   1506   1516   1519   1522   1523   1524   1533
   1535   1537   1547   1550   1551   1552   1559   1561   1565   1572
   1577   1580   1589   1592   1595   1596   1597   1606   1609   1610
   1611   1618   1621   1624   1625   1626   1635   1637   1641   1644
   1654   1657   1660   1663   1665   1666   1669   1678   1681   1683
   1684   1686   1687   1695   1697   1701   1711   1714   1715   1717
   1719   1720   1722   1724   1732   1735   1737   1741   1751   1754
   1757   1758   1759   1766   1769   1772   1775   1778   1788   1798
   1800   1804   1814   1816   1820   1830   1833   1835   1839   1844
   1845   1852   1855   1858   1859   1869   1871   1875   1878   1888
   1891   1894   1897   1899   1900   1903   1919   1921   1925   1928
   1938   1941   1944   1947   1949   1950   1953   1969   1979   1981
   1983   1993   1995   1997   2007   2009   2013   2023   2026   2029
   2030   2031   2038   2041   2044   2047   2049   2050   2053   2062
   2065   2066   2067   2074   2076   2078   2088   2091   2094   2095
   2096   2103   2106   2109   2110   2111   2118   2121   2124   2125
   2126   2133   2135   2139   2142   2152   2155   2157   2161   2171
   2174   2177   2178   2179   2188   2191   2194   2197   2200   2210
   2212   2214   2224   2227   2230   2233   2236   2246   2249   2252
   2253   2254   2263   2266   2268   2272   2282   2285   2287   2291
   2301   2304   2307   2308   2309   2316   2319   2322   2325   2328
   2338   2340   2344   2347   2357   2359   2363   2366   2376   2379
   2382   2383   2384   2391   2394   2397   2398   2399   2406   2409
   2410   2411   2420   2423   2425   2426   2428   2429   2437   2439
   2441   2451   2454   2457   2460   2463   2470   2475   2478   2487
   2490   2493   2494   2495   2502   2505   2506   2507   2514   2516
   2520   2530   2532   2536   2546   2549   2552   2553   2554   2563
   2566   2569   2570   2580   2583   2585   2589   2599   2602   2604
   2608   2618   2621   2629   2639   2641   2643   2650   2655   2658
   2667   2670   2671   2672   2679   2682   2684   2688   2698   2701
   2703   2704   2706   2707   2715   2725   2727   2731   2741   2744
   2745   2747   2749   2751   2753   2758   2763   2766   2775   2785
   2788   2791   2794   2797   2807   2817   2819   2823   2833   2836
   2839   2842   2844   2845   2848   2857   2860   2863   2864   2865
   2872   2875   2877   2881   2891   2894   2909   2912   2913   2915
   2917   2918   2919   2921   2923   2925   2933   2936   2939   2940
   2941   2950   2953   2954   2956   2958   2959   2961   2963   2971
   2973   2977   2984   2989   2992   3001   3003   3007   3017   3019
   3021   3031   3034   3042   3045   3048   3049   3059   3062   3065
   3066   3067   3076   3079   3082   3083   3084   3091   3094   3097
   3098   3108   3111   3112   3113   3120   3122   3126   3136   3138
   3140   3164   3167   3169   3173   3183   3186   3189   3192   3195
   3205   3208   3211   3214   3217   3227   3230   3238   3240   3244
   3247   3257   3260   3263   3266   3268   3269   3272   3281   3283
   3287   3297   3300   3303   3304   3314   3317   3320   3321   3331
   3333   3335   3345   3347   3351   3361   3364   3367   3368   3369
   3378   3380   3382   3392   3395   3396   3397   3404   3406   3410
   3417   3422   3425   3434   3437   3440   3441   3442   3451   3454
   3455   3456   3463   3466   3469   3470   3471   3480   3482   3486
   3489   3499   3502   3505   3508   3510   3511   3514   3523   3526
   3528   3529   3531   3532   3540   3542   3546   3556   3559   3560
   3562   3564   3565   3567   3569   3577   3580   3582   3586   3596
   3599   3602   3603   3604   3611   3614   3617   3620   3623   3633
   3643   3645   3649   3659   3661   3665   3675   3678   3680   3684
   3694   3697   3700   3703   3705   3706   3709   3715   3720   3723
   3732   3735   3736   3737   3739   3740   3747   3750   3753   3754
   3764   3766   3770   3773   3783   3786   3789   3792   3794   3795
   3798   3814   3816   3820   3823   3833   3836   3839   3842   3844
   3845   3848   3864   3874   3876   3878   3888   3890   3892   3902
   3904   3908   3918   3921   3924   3925   3926   3933   3936   3939
   3942   3944   3945   3948   3957   3960   3961   3962   3969   3971
   3973   3983   3986   3989   3990   3991   3998   4001   4004   4005
   4006   4013   4016   4019   4020   4021   4028   4030   4034   4037
   4047   4050   4052   4056   4066   4069   4072   4073   4074   4083
   4086   4089   4092   4095   4105   4107   4109   4119   4122   4125
   4128   4131   4141   4144   4147   4148   4149   4158   4161   4163
   4167   4177   4180   4182   4186   4196   4199   4202   4203   4204
   4211   4214   4217   4220   4223   4233   4235   4239   4242   4252
   4254   4258   4261   4271   4274   4277   4278   4279   4286   4289
   4292   4293   4294   4301   4304   4305   4306   4315   4318   4320
   4321   4323   4324   4332   4334   4336   4346   4349   4352   4355
   4358   4365   4370   4373   4382   4385   4388   4389   4390   4397
   4400   4401   4402   4409   4411   4415   4425   4427   4431   4441
   4444   4447   4448   4449   4458   4461   4464   4465   4475   4478
   4480   4484   4494   4497   4499   4503   4513   4516   4524   4534
   4536   4538   4545   4550   4553   4562   4565   4566   4567   4574
   4577   4579   4583   4593   4596   4598   4599   4601   4602   4610
   4620   4622   4626   4636   4639   4640   4642   4644   4646   4648
   4653   4658   4661   4670   4680   4683   4686   4689   4692   4702
   4712   4714   4718   4728   4731   4734   4737   4739   4740   4743
   4752   4755   4758   4759   4760   4767   4770   4772   4776   4786
   4789   4804   4807   4808   4810   4812   4813   4814   4816   4818
   4820   4828   4831   4834   4835   4836   4845   4848   4849   4851
   4853   4854   4856   4858   4866   4868   4872   4879   4884   4887
   4896   4898   4902   4912   4914   4916   4926   4929   4937   4940
   4943   4944   4954   4957   4960   4961   4962   4971   4974   4977
   4978   4979   4986   4989   4992   4993   5003   5006   5007   5008
   5015   5017   5021   5031   5033   5035   5059   5062   5064   5068
   5078   5081   5084   5087   5090   5100   5103   5106   5109   5112
   5122   5125   5133   5135   5139   5142   5152   5155   5158   5161
   5163   5164   5167   5176   5178   5182   5192   5195   5198   5199
   5209   5212   5215   5216   5226   5228   5230   5240   5242   5246
   5256   5259   5262   5263   5264   5273   5275   5277   5287   5290
   5291   5292   5299   5301   5305   5312   5317   5320   5329   5332
   5335   5336   5337   5346   5349   5350   5351   5358   5361   5364
   5365   5366   5375   5377   5381   5384   5394   5397   5400   5403
   5405   5406   5409   5418   5421   5423   5424   5426   5427   5435
   5437   5441   5451   5454   5455   5457   5459   5460   5462   5464
   5472   5475   5477   5481   5491   5494   5497   5498   5499   5506
   5509   5512   5515   5518   5528   5538   5540   5544   5554   5556
   5560   5570   5573   5575   5579   5589   5592   5595   5598   5600
   5601   5604   5610   5615   5618   5627   5630   5631   5632   5639
   5642   5644   5648   5653   5654
 group =     3, "(sid:CHA or sid:CHA around_res:3.0) and not hydrogen"
 # of atoms =   125
 atomlist: 
     89     91     93     96     99    102    104    105    108    111
    112   1227   1229   1231   1234   1237   1238   1239   1240   1241
   1408   1410   1412   1415   1418   1421   1423   1424   1427   1430
   1431   1707   1709   1711   1714   1715   1717   1719   1720   1722
   1724   1726   1727   1826   1828   1830   1833   1835   1839   1843
   1844   1845   4632   4634   4636   4639   4640   4642   4644   4646
   4648   4650   4651   4666   4668   4670   4674   4675   4676   4678
   4680   4683   4686   4689   4692   4696   4697   4724   4726   4728
   4731   4734   4737   4739   4740   4743   4746   4747   4892   4894
   4896   4898   4902   4906   4907   4908   4910   4912   4914   4916
   4920   4921   4922   4924   4926   4929   4931   4932   5655   5656
   5657   5658   5659   5660   5661   5662   5663   5664   5665   5666
   5667   5668   5669   5670   5745
 group =     4, "(sid:CHB or sid:CHB around_res:3.0) or          (sid:CHC or sid:CHC around_res:3.0) and not hydrogen"
 # of atoms =   330
 atomlist: 
    892    893    894    895    896    897    898    899    900    901
    902    903    904    905    906    907    908    909    910    911
    926    927    928    929    930    931    932    933    934    935
    984    985    986    987    988    989    990    991    992    993
    994    995    996    997    998    999   1000   1001   1002   1003
   1004   1005   1006   1007   1152   1153   1154   1155   1156   1157
   1158   1159   1160   1161   1162   1163   1164   1165   1166   1167
   1168   1169   1170   1171   1172   1173   1174   1175   1176   1177
   1178   1179   1180   1181   1182   1183   1184   1185   1186   1187
   1188   1189   1190   1191   1192   1934   1935   1936   1937   1938
   1939   1940   1941   1942   1943   1944   1945   1946   1947   1948
   1949   1950   1951   1952   1953   1954   1955   1956   1957   2737
   2739   2741   2744   2745   2747   2749   2751   2753   2755   2756
   2771   2773   2775   2779   2780   2997   2999   3001   3003   3007
   3011   3012   3013   3015   3017   3019   3021   3025   3026   3027
   3029   3031   3034   3036   3037   3072   3073   3074   3075   3076
   3077   3078   3079   3080   3081   3082   3083   3084   3085   3086
   3253   3254   3255   3256   3257   3258   3259   3260   3261   3262
   3263   3264   3265   3266   3267   3268   3269   3270   3271   3272
   3273   3274   3275   3276   3552   3553   3554   3555   3556   3557
   3558   3559   3560   3561   3562   3563   3564   3565   3566   3567
   3568   3569   3570   3571   3572   3671   3672   3673   3674   3675
   3676   3677   3678   3679   3680   3681   3682   3683   3684   3685
   3686   3687   3688   3689   3829   3831   3833   3836   3839   3842
   3844   3845   3848   3851   3852   4967   4969   4971   4974   4977
   4978   4979   4980   4981   5148   5150   5152   5155   5158   5161
   5163   5164   5167   5170   5171   5447   5449   5451   5454   5455
   5457   5459   5460   5462   5464   5466   5467   5566   5568   5570
   5573   5575   5579   5583   5584   5679   5680   5681   5682   5683
   5684   5685   5686   5687   5688   5689   5690   5691   5692   5693
   5694   5695   5696   5697   5698   5699   5700   5701   5702   5703
   5704   5705   5706   5707   5708   5709   5710   5711   5712   5713
   5714   5715   5716   5717   5718   5826   5827   5828   6003   6009
 group =     5, "(sid:WATA or sid:WATB or sid:WATC) and an:OH2"
 # of atoms =   142
 atomlist: 
   5727   5730   5733   5736   5739   5742   5745   5748   5751   5754
   5757   5760   5763   5766   5769   5772   5775   5778   5781   5784
   5787   5790   5793   5796   5799   5802   5805   5808   5811   5814
   5817   5820   5823   5826   5829   5832   5835   5838   5841   5844
   5847   5850   5853   5856   5859   5862   5865   5868   5871   5874
   5877   5880   5883   5886   5889   5892   5895   5898   5901   5904
   5907   5910   5913   5916   5919   5922   5925   5928   5931   5934
   5937   5940   5943   5946   5949   5952   5955   5958   5961   5964
   5967   5970   5973   5976   5979   5982   5985   5988   5991   5994
   5997   6000   6003   6006   6009   6012   6015   6018   6021   6024
   6027   6030   6033   6036   6039   6042   6045   6048   6051   6054
   6057   6060   6063   6066   6069   6072   6075   6078   6081   6084
   6087   6090   6093   6096   6099   6102   6105   6108   6111   6114
   6117   6120   6123   6126   6129   6132   6135   6138   6141   6144
   6147   6150
Setup_Enefunc_Restraints> Setup restraint functions
 func  =     1 kind  =     1
 const(total, x, y, z) =   10.000   1.000   1.000   1.000
 exponend of function =     2
 # of groups  =     1
 grouplist:   1

 func  =     2 kind  =     1
 const(total, x, y, z) =    2.000   1.000   1.000   1.000
 exponend of function =     2
 # of groups  =     1
 grouplist:   2

 func  =     3 kind  =     1
 const(total, x, y, z) =    2.000   1.000   1.000   1.000
 exponend of function =     2
 # of groups  =     1
 grouplist:   3

 func  =     4 kind  =     1
 const(total, x, y, z) =    2.000   1.000   1.000   1.000
 exponend of function =     2
 # of groups  =     1
 grouplist:   4

 func  =     5 kind  =     1
 const(total, x, y, z) =    2.000   1.000   1.000   1.000
 exponend of function =     2
 # of groups  =     1
 grouplist:   5

Define_Enefunc_Charmm> Number of Interactions in Each Term
  bond_ene        =       2864  angle_ene       =      10500
  torsion_ene     =      18192  improper_ene    =        979
  cmap_ene        =        343
  nb_exclusions   =      95071  nb14_calc       =      15093
 
Setup_Fitting_Spdyn> NO fitting is applied, skip
  fitting method  =  NO
 

Setup_PME> Proper PME grid number was generated automatically
  pme_ngrid(x,y,z)=         96        96        96

Random_Init> Initialize the random number
  seed            = 547660

Setup_Fast_Water> Setup constraints for SETTLE
  r0(O-H)         =     0.9572  mass(O)         =    15.9994
  r0(H-H)         =     1.5139  mass(H)         =     1.0080
 
Update_Num_Deg_Freedom> Number of degrees of freedom was updated
  num_deg_freedom =     174837 (After setup of SETTLE)
 
Setup_Rigid_Bond> Setup constrains for SHAKE and RATTLE
  num_rigid_bonds =       2900
 
Update_Num_Deg_Freedom> Number of degrees of freedom was updated
  num_deg_freedom =     171937 (After setup of SHAKE/RATTLE)
 
Setup_Restart_Post> Read random seed  from RST file and Overwrite it

Setup_Restart_Post> Parameters were replaced

[STEP4] Compute Single Point Energy for Molecules
 
            STEP            BOND           ANGLE    UREY-BRADLEY        DIHEDRAL        IMPROPER            CMAP         VDWAALS           ELECT RESTRAINT_TOTAL
 --------------- --------------- --------------- --------------- ---------------
               0       1102.1585       2743.1885        379.7470       3687.1253        181.8956        -93.9354      26110.4170    -295674.9094        896.4705

[STEP5] Perform Molecular Dynamics Simulation
 
INFO:       STEP            TIME       TOTAL_ENE   POTENTIAL_ENE     KINETIC_ENE            RMSG            BOND           ANGLE    UREY-BRADLEY        DIHEDRAL        IMPROPER            CMAP         VDWAALS           ELECT RESTRAINT_TOTAL     TEMPERATURE          VOLUME
 --------------- --------------- --------------- --------------- ---------------
INFO:        500          1.0000    -209538.6938    -260954.8191      51416.1253         13.6979        994.0448       2781.1200        375.4287       3699.8988        178.1239       -101.9994      27244.6175    -297039.5199        913.4665        300.9680    1377731.4341

INFO:       1000          2.0000    -209467.9087    -260953.4278      51485.5191         13.6889       1030.0537       2785.5437        381.0249       3705.7636        182.4430       -101.9889      26828.8669    -296688.8332        923.6985        301.3742    1377731.4341

INFO:       1500          3.0000    -209582.7985    -260901.8683      51319.0698         13.6986       1067.6192       2806.2459        384.8337       3717.3925        182.5816       -105.4602      26715.2757    -296569.2727        898.9161        300.3999    1377731.4341

INFO:       2000          4.0000    -209470.1660    -260692.7884      51222.6224         13.6752       1064.8685       2817.3188        381.9973       3675.6587        186.6963       -102.2433      26426.0078    -296015.9651        872.8727        299.8354    1377731.4341

INFO:       2500          5.0000    -209445.6970    -260661.6561      51215.9591         13.6737       1032.3530       2799.7258        380.8098       3711.3775        195.0227        -97.0422      26476.8031    -296043.1338        882.4280        299.7964    1377731.4341

INFO:       3000          6.0000    -209475.2593    -260639.8162      51164.5569         13.6627       1053.4194       2805.8724        369.6391       3687.5484        188.8702       -105.9393      26234.0546    -295773.9593        900.6782        299.4955    1377731.4341

INFO:       3500          7.0000    -209321.5528    -260486.7064      51165.1536         13.6551       1063.0225       2772.5221        384.1023       3736.1254        192.1243       -106.9271      26527.2096    -296010.2597        955.3743        299.4990    1377731.4341

INFO:       4000          8.0000    -209145.4151    -260864.8071      51719.3919         13.6934       1059.1967       2762.0502        385.0476       3720.8732        187.9948       -117.2789      26661.5961    -296419.3129        895.0260        302.7432    1377731.4341

INFO:       4500          9.0000    -209439.6286    -260825.2738      51385.6452         13.6682       1051.8138       2814.1242        383.0352       3696.6192        208.2044       -103.8723      26817.4363    -296549.1321        856.4975        300.7896    1377731.4341

INFO:       5000         10.0000    -209247.0457    -260522.3064      51275.2608         13.6921       1084.1982       2724.9844        375.2567       3707.2479        200.4715       -110.4540      26917.4074    -296290.5376        869.1190        300.1435    1377731.4341

INFO:       5500         11.0000    -209242.1556    -260403.0920      51160.9363         13.6593       1066.2632       2784.4040        372.1055       3702.5504        195.0499       -105.8738      26375.8173    -295686.8466        893.4381        299.4743    1377731.4341

INFO:       6000         12.0000    -209085.6600    -260602.9833      51517.3233         13.6416       1025.0655       2819.1264        367.5045       3728.6603        190.8004       -105.3875      26508.4854    -295974.8305        837.5922        301.5604    1377731.4341

INFO:       6500         13.0000    -209117.0493    -260487.0636      51370.0143         13.6727        996.3503       2785.5708        378.6421       3695.2564        201.1911       -104.1386      26667.9146    -296007.2871        899.4368        300.6981    1377731.4341

INFO:       7000         14.0000    -209104.0218    -260393.6399      51289.6181         13.7104       1078.2808       2740.7182        372.4584       3726.1408        182.4356       -101.8412      26920.0397    -296181.1983        869.3261        300.2275    1377731.4341

INFO:       7500         15.0000    -208899.7534    -260102.8774      51203.1240         13.6736       1033.0328       2822.0217        390.6859       3736.8589        185.8174        -97.3490      26676.2395    -295764.6472        914.4626        299.7212    1377731.4341

INFO:       8000         16.0000    -208860.5709    -260291.3967      51430.8258         13.6492       1050.7412       2779.3249        393.5097       3723.6618        192.7984       -106.9673      26550.4456    -295760.1506        885.2395        301.0541    1377731.4341

INFO:       8500         17.0000    -208828.1342    -260212.0941      51383.9598         13.6563       1081.0217       2768.1741        381.1727       3696.7670        189.2677       -110.9008      26467.7570    -295591.0760        905.7225        300.7798    1377731.4341

INFO:       9000         18.0000    -208874.7190    -260391.2737      51516.5546         13.6615       1007.2591       2741.6400        385.1362       3721.2404        187.3859        -93.3976      26700.2475    -295919.6658        878.8806        301.5559    1377731.4341

INFO:       9500         19.0000    -208944.4768    -260156.7155      51212.2388         13.6575       1058.2379       2707.5484        372.5061       3713.8159        186.9094       -108.7662      26494.7587    -295458.1531        876.4274        299.7746    1377731.4341

INFO:      10000         20.0000    -209019.2428    -260474.0323      51454.7895         13.6687       1072.9972       2806.5360        379.5531       3707.6599        199.7970        -99.0018      26623.5176    -296038.0631        872.9717        301.1944    1377731.4341

INFO:      10500         21.0000    -209038.1490    -260285.5652      51247.4163         13.6685       1112.2540       2759.2929        381.2325       3690.9349        172.2087        -90.2735      26363.6298    -295576.9389        902.0943        299.9805    1377731.4341

INFO:      11000         22.0000    -208956.4348    -260277.3013      51320.8665         13.6663       1040.0767       2807.7573        364.1668       3696.1909        185.4267       -106.0694      26507.3137    -295673.2985        901.1346        300.4104    1377731.4341

INFO:      11500         23.0000    -209048.5398    -260217.6194      51169.0796         13.6267       1043.7368       2778.0594        373.4904       3719.3683        179.2775       -108.6838      26427.5825    -295491.8393        861.3889        299.5219    1377731.4341

INFO:      12000         24.0000    -208960.9872    -260571.7114      51610.7242         13.6553       1031.3804       2813.6663        379.2750       3719.9169        187.3930       -103.4377      26434.7096    -295921.2859        886.6710        302.1071    1377731.4341

INFO:      12500         25.0000    -208846.1459    -260452.9542      51606.8083         13.6711       1056.9157       2809.9625        389.7711       3677.1960        181.7201       -104.4688      26863.1334    -296227.0556        899.8713        302.0842    1377731.4341

INFO:      13000         26.0000    -208771.1324    -260203.9412      51432.8088         13.6453       1020.0694       2738.9208        387.5657       3688.5016        196.0354        -93.8182      26281.8113    -295358.8626        935.8355        301.0657    1377731.4341

INFO:      13500         27.0000    -208911.5287    -260611.9124      51700.3837         13.7198       1094.3063       2758.8723        373.5617       3712.7997        215.3307        -90.7080      26782.8348    -296347.3266        888.4166        302.6320    1377731.4341

INFO:      14000         28.0000    -209079.7251    -260352.8332      51273.1081         13.6351       1007.9145       2795.7772        373.4192       3711.5486        191.4780       -108.9004      26471.2584    -295703.7477        908.4189        300.1309    1377731.4341

INFO:      14500         29.0000    -209171.4630    -260351.6167      51180.1537         13.6785       1042.1481       2797.9899        372.8399       3737.5509        180.1879        -97.3729      26883.4896    -296147.0794        878.6293        299.5868    1377731.4341

INFO:      15000         30.0000    -209003.1029    -260220.7466      51217.6437         13.6697       1053.6596       2775.7163        376.5640       3734.0550        170.8795       -109.2564      26445.8759    -295558.6843        890.4437        299.8062    1377731.4341

INFO:      15500         31.0000    -209215.6511    -260389.8816      51174.2305         13.6627       1050.6819       2761.4497        376.1354       3734.4833        183.5874       -109.0909      26596.5217    -295879.0100        895.3598        299.5521    1377731.4341

INFO:      16000         32.0000    -209234.9262    -260560.8124      51325.8862         13.6710       1064.9405       2728.4443        375.9621       3722.9353        183.2193       -102.3797      26744.0891    -296183.4111        905.3879        300.4398    1377731.4341

INFO:      16500         33.0000    -209196.5356    -260478.4910      51281.9553         13.6650       1019.9517       2824.2547        364.0905       3698.5132        190.7683        -97.9617      26774.0983    -296173.3888        921.1827        300.1827    1377731.4341

INFO:      17000         34.0000    -209247.9029    -260627.6374      51379.7344         13.6868       1074.0339       2741.9003        378.7346       3745.6565        183.7422        -99.8513      26889.7766    -296434.1259        892.4957        300.7550    1377731.4341

INFO:      17500         35.0000    -209111.2494    -260422.9881      51311.7387         13.6578       1051.7402       2773.4414        378.6912       3692.9028        174.0926       -107.2425      26762.7054    -296031.2232        881.9040        300.3570    1377731.4341

INFO:      18000         36.0000    -209283.5228    -260552.3962      51268.8734         13.6490       1045.2487       2768.9335        371.4581       3703.4724        183.1907       -107.9936      26322.0665    -295748.7644        909.9919        300.1061    1377731.4341

INFO:      18500         37.0000    -209428.1698    -260665.2036      51237.0338         13.6460       1042.6847       2732.0606        361.1740       3704.8015        199.5658       -107.2815      26484.0543    -295956.4220        874.1590        299.9197    1377731.4341

INFO:      19000         38.0000    -209645.7419    -260534.7408      50888.9989         13.6671        990.8734       2729.8196        374.5893       3699.0055        210.6244       -104.6344      26787.6786    -296113.2844        890.5872        297.8825    1377731.4341

INFO:      19500         39.0000    -209609.5037    -260864.2619      51254.7582         13.7105       1066.2021       2829.0306        373.3004       3721.6799        196.3690       -109.5670      27010.4231    -296835.1743        883.4744        300.0235    1377731.4341

INFO:      20000         40.0000    -209635.1432    -260686.5390      51051.3958         13.6775       1048.1598       2774.1807        378.0495       3720.5299        174.9314       -123.8158      26543.3685    -296086.4458        884.5028        298.8331    1377731.4341

INFO:      20500         41.0000    -209800.5773    -260915.6738      51115.0965         13.6812       1066.1237       2781.7261        383.5229       3716.9726        192.5314        -94.4842      26601.3453    -296472.3203        908.9086        299.2059    1377731.4341

INFO:      21000         42.0000    -209644.9920    -260644.1081      50999.1161         13.6561       1080.9538       2767.7518        369.0330       3706.5792        168.5592       -110.0909      26489.6742    -296017.3737        900.8054        298.5270    1377731.4341

INFO:      21500         43.0000    -209712.2663    -261119.3351      51407.0688         13.6778        992.1425       2754.6935        360.3323       3703.7788        179.7425       -100.4806      26718.9328    -296600.0271        871.5501        300.9150    1377731.4341

INFO:      22000         44.0000    -209811.8214    -260759.7790      50947.9576         13.6855       1075.3375       2755.0172        370.3702       3712.5629        195.1170       -103.7332      27140.9306    -296833.1888        927.8076        298.2276    1377731.4341

INFO:      22500         45.0000    -209748.7311    -260762.1256      51013.3945         13.7167       1071.9406       2749.7234        382.3517       3707.2204        175.5241       -119.1989      27062.1878    -296684.0090        892.1343        298.6106    1377731.4341

INFO:      23000         46.0000    -209461.3562    -260901.8329      51440.4767         13.6786       1054.6745       2795.6180        371.8168       3727.8597        198.7225       -105.5004      26592.1121    -296469.3775        932.2415        301.1106    1377731.4341

INFO:      23500         47.0000    -209499.7265    -260764.9961      51265.2697         13.6665       1046.5263       2769.7014        367.1486       3689.9417        172.9424       -111.1314      26730.7830    -296315.1677        884.2594        300.0850    1377731.4341

INFO:      24000         48.0000    -209346.8527    -260549.1420      51202.2893         13.6493        985.8001       2757.2604        360.9250       3712.7202        202.5298        -98.3711      26558.6202    -295913.5964        884.9699        299.7163    1377731.4341

INFO:      24500         49.0000    -209333.3487    -260463.8327      51130.4840         13.6729       1018.4018       2792.1539        370.4484       3684.2969        204.0872       -103.4110      26753.1511    -296085.4380        902.4770        299.2960    1377731.4341

INFO:      25000         50.0000    -209381.7815    -260568.9464      51187.1649         13.6847       1074.4817       2742.2558        350.0324       3709.4452        175.9106       -109.8176      26900.8247    -296261.8623        849.7831        299.6278    1377731.4341

INFO:      25500         51.0000    -209282.9235    -260422.9469      51140.0234         13.6386       1019.5987       2786.1317        381.6905       3704.0586        194.2046       -105.6788      26422.1210    -295692.2658        867.1927        299.3519    1377731.4341

INFO:      26000         52.0000    -209324.6280    -260937.8250      51613.1970         13.6785       1011.8559       2782.3438        364.6405       3689.3881        164.7997       -103.9146      26881.5007    -296644.7312        916.2921        302.1216    1377731.4341

INFO:      26500         53.0000    -209368.3971    -260640.7066      51272.3096         13.6692       1068.3995       2832.2066        371.7697       3696.2492        188.5154        -89.0039      26420.8695    -296038.2190        908.5063        300.1262    1377731.4341

INFO:      27000         54.0000    -209296.5474    -260810.7592      51514.2118         13.6263       1012.6605       2757.1406        369.5410       3726.8398        198.9632       -108.2067      26414.0570    -296109.4927        927.7379        301.5422    1377731.4341

INFO:      27500         55.0000    -209424.0673    -260619.1664      51195.0991         13.6862       1053.5782       2793.2945        375.3416       3722.2469        191.1335       -114.1718      26387.4592    -295934.2473        906.1990        299.6742    1377731.4341

INFO:      28000         56.0000    -209499.4826    -260692.4445      51192.9619         13.6650       1094.0208       2730.7744        369.1742       3726.6117        189.0053       -113.8116      26216.8237    -295808.9117        903.8685        299.6617    1377731.4341

INFO:      28500         57.0000    -209410.3391    -260547.7536      51137.4145         13.6367       1024.7294       2825.4054        368.9469       3730.9408        199.8688       -115.1472      26267.3609    -295746.0765        896.2179        299.3366    1377731.4341

INFO:      29000         58.0000    -209339.5673    -260579.5776      51240.0103         13.6522       1070.6925       2740.8659        369.2552       3721.3072        192.0107       -108.4852      26148.3126    -295604.5315        890.9951        299.9371    1377731.4341

INFO:      29500         59.0000    -209275.7733    -260531.5087      51255.7354         13.6441       1048.8973       2717.3236        358.5826       3701.6178        194.9593       -107.6382      26318.9957    -295698.8678        934.6209        300.0292    1377731.4341

INFO:      30000         60.0000    -209229.8287    -260391.7267      51161.8980         13.6355       1066.2182       2749.1319        365.9898       3691.3026        183.4045       -104.9894      26076.9573    -295305.9028        886.1612        299.4799    1377731.4341

INFO:      30500         61.0000    -209113.6841    -260170.3684      51056.6843         13.6308       1031.6506       2682.4907        368.0874       3687.4391        188.4193       -104.7897      26521.7166    -295437.7870        892.4046        298.8640    1377731.4341

INFO:      31000         62.0000    -209178.3758    -260361.7452      51183.3694         13.6262       1022.7746       2808.7198        362.8713       3707.0238        180.7413       -106.7709      25910.3871    -295121.6769        874.1847        299.6056    1377731.4341

INFO:      31500         63.0000    -209115.7619    -260235.6803      51119.9184         13.6445       1062.1309       2709.7883        383.3668       3707.5851        186.6119       -110.0290      26563.1670    -295634.7841        896.4828        299.2342    1377731.4341

INFO:      32000         64.0000    -209103.0911    -260432.6603      51329.5692         13.6506       1039.7004       2754.9008        366.9883       3711.3486        173.2076        -99.4495      26587.0845    -295871.1953        904.7543        300.4614    1377731.4341

INFO:      32500         65.0000    -209183.1854    -260502.9762      51319.7908         13.6766       1044.9099       2808.1251        374.0679       3765.9857        186.1006        -99.8885      26726.5687    -296228.5512        919.7055        300.4041    1377731.4341

INFO:      33000         66.0000    -208974.4261    -260147.4898      51173.0637         13.6299       1049.5491       2786.1495        368.9241       3708.3632        191.5058       -115.3983      26207.5690    -295244.4953        900.3430        299.5453    1377731.4341

INFO:      33500         67.0000    -209042.6923    -260454.7811      51412.0888         13.6733       1033.7724       2703.3980        377.9247       3698.8943        184.2766        -94.3399      26583.7517    -295817.7802        875.3213        300.9444    1377731.4341

INFO:      34000         68.0000    -209159.3573    -260332.7182      51173.3609         13.6403       1027.9973       2805.0018        375.2777       3702.7592        178.6114       -109.9306      26515.9869    -295739.7438        911.3220        299.5470    1377731.4341

INFO:      34500         69.0000    -209067.6680    -260485.4538      51417.7857         13.6526       1049.2557       2762.9707        382.7818       3720.7134        192.0162       -105.3171      26415.3767    -295776.5173        873.2662        300.9778    1377731.4341

INFO:      35000         70.0000    -208940.0806    -260254.8764      51314.7958         13.6233       1038.0714       2735.0383        359.8641       3723.3481        189.4374        -97.3162      26424.4599    -295509.5254        881.7460        300.3749    1377731.4341

INFO:      35500         71.0000    -208989.0729    -260160.3315      51171.2586         13.6763       1047.2061       2732.6419        362.0007       3755.7029        189.4822       -107.2399      26577.8061    -295614.0537        896.1221        299.5347    1377731.4341

INFO:      36000         72.0000    -209121.4703    -260523.9048      51402.4345         13.6424       1071.5758       2820.4057        370.9047       3719.0350        183.4535       -111.5612      26455.7645    -295947.5334        914.0506        300.8879    1377731.4341

INFO:      36500         73.0000    -208925.8991    -260130.5262      51204.6271         13.6474       1025.0084       2762.6450        374.4836       3720.7792        182.2621        -95.2223      26671.9886    -295666.2639        893.7929        299.7300    1377731.4341

INFO:      37000         74.0000    -208885.0641    -260120.1468      51235.0826         13.6447       1050.8805       2753.4183        371.9938       3727.9083        191.1420       -109.9296      26309.2413    -295304.8248        890.0234        299.9083    1377731.4341

INFO:      37500         75.0000    -208836.7056    -260322.7837      51486.0781         13.6302        999.2628       2839.7873        387.3826       3701.8883        196.7024       -109.5733      26223.8025    -295476.9036        914.8673        301.3775    1377731.4341

INFO:      38000         76.0000    -208782.5246    -260160.3320      51377.8074         13.6593       1040.1297       2767.6601        383.3722       3704.9406        197.7657       -112.8519      26323.1607    -295331.8166        867.3075        300.7437    1377731.4341

INFO:      38500         77.0000    -208801.7501    -260448.2398      51646.4898         13.6449        982.9850       2778.9890        379.6179       3737.3691        189.2348       -112.8505      26619.1902    -295905.3662        882.5909        302.3165    1377731.4341

INFO:      39000         78.0000    -208844.6443    -260271.9176      51427.2733         13.6434       1013.0500       2811.9262        364.2035       3716.8756        181.9762       -109.1603      26514.4970    -295647.7446        882.4588        301.0333    1377731.4341

INFO:      39500         79.0000    -208815.3295    -260234.1589      51418.8294         13.6098        996.2280       2830.5005        382.4964       3704.9808        177.8646       -100.0301      26069.7824    -295193.3492        897.3678        300.9839    1377731.4341

INFO:      40000         80.0000    -208776.9440    -260530.4145      51753.4705         13.6507       1053.1767       2750.0422        368.2175       3703.1203        166.7176       -108.4271      26546.4976    -295876.8551        867.0958        302.9427    1377731.4341

INFO:      40500         81.0000    -208845.6663    -260108.6745      51263.0082         13.6619       1033.5724       2839.2057        379.9943       3705.3204        184.4270       -102.4726      26540.1910    -295610.7701        921.8572        300.0718    1377731.4341

INFO:      41000         82.0000    -208933.1159    -260382.9878      51449.8719         13.6747       1078.7796       2789.5319        383.0032       3715.2794        206.1959       -116.4969      26282.0791    -295597.9526        876.5927        301.1656    1377731.4341

INFO:      41500         83.0000    -208839.6339    -260282.7408      51443.1068         13.6369       1027.7240       2780.8745        362.7664       3708.7632        190.5833       -106.5178      26361.6922    -295484.7209        876.0943        301.1260    1377731.4341

INFO:      42000         84.0000    -208714.2791    -260091.1291      51376.8500         13.6627       1043.4285       2808.8341        381.1979       3687.0218        193.9123        -97.8070      26651.2768    -295630.4006        871.4071        300.7381    1377731.4341

INFO:      42500         85.0000    -208840.5952    -260469.0779      51628.4827         13.6197       1008.7627       2711.5401        360.3486       3697.8604        182.8464       -105.3337      26451.9983    -295684.0655        906.9648        302.2111    1377731.4341

INFO:      43000         86.0000    -208783.2901    -260100.6110      51317.3209         13.6335       1040.1510       2769.4280        360.7247       3694.0212        199.1592       -100.1975      26509.9597    -295450.1386        876.2813        300.3897    1377731.4341

INFO:      43500         87.0000    -208669.9669    -260405.8521      51735.8852         13.6563       1050.2732       2835.3662        382.0910       3717.5269        181.2954       -112.3483      26659.5124    -295980.3609        860.7921        302.8398    1377731.4341

INFO:      44000         88.0000    -208899.0161    -260411.1539      51512.1378         13.6425       1020.8379       2836.5913        390.4929       3727.6407        183.4341       -116.7678      26409.1189    -295717.2931        854.7913        301.5301    1377731.4341

INFO:      44500         89.0000    -208982.7185    -260432.1848      51449.4663         13.6668       1000.1453       2853.4587        383.7609       3706.8831        201.0970       -116.4757      26522.5212    -295887.5964        904.0211        301.1632    1377731.4341

INFO:      45000         90.0000    -208988.3676    -260270.1652      51281.7976         13.6479       1074.9992       2754.1184        370.2367       3686.8205        203.0880       -101.5165      26308.1251    -295468.0869        902.0503        300.1817    1377731.4341

INFO:      45500         91.0000    -208796.9415    -260163.3561      51366.4146         13.6551       1038.2495       2777.1935        382.8856       3708.7730        189.5499       -105.5683      26474.1914    -295477.2076        848.5768        300.6771    1377731.4341

INFO:      46000         92.0000    -208744.7165    -260127.4930      51382.7765         13.6572       1048.7000       2781.3772        370.6800       3697.3167        188.4146       -110.9437      26370.4936    -295384.7042        911.1729        300.7728    1377731.4341

INFO:      46500         93.0000    -208822.5224    -259930.8528      51108.3304         13.6408       1067.2882       2819.7365        380.3783       3713.8898        195.9428       -107.4666      26362.4280    -295248.4903        885.4405        299.1663    1377731.4341

INFO:      47000         94.0000    -208898.5355    -260248.2096      51349.6741         13.6601       1031.4144       2737.0895        390.8522       3705.9875        194.9411       -108.3504      26718.1554    -295826.3804        908.0810        300.5791    1377731.4341

INFO:      47500         95.0000    -208922.9207    -260220.0181      51297.0973         13.6736       1035.9951       2745.7945        382.6339       3724.7163        178.7812       -100.9033      27057.9588    -296119.4264        874.4319        300.2713    1377731.4341

INFO:      48000         96.0000    -208905.0769    -260083.0209      51177.9440         13.6407       1077.5960       2733.9525        379.5047       3712.9563        180.8298       -101.4440      26406.0685    -295351.2949        878.8103        299.5738    1377731.4341

INFO:      48500         97.0000    -208779.1357    -260035.5459      51256.4102         13.6193       1046.5490       2791.4631        382.0966       3714.9444        179.2046       -100.7926      26061.1050    -295005.5349        895.4188        300.0331    1377731.4341

INFO:      49000         98.0000    -208658.5512    -260151.5614      51493.0102         13.6820       1061.7944       2818.1600        395.7083       3715.4432        209.4677        -96.6539      26983.9192    -296147.7182        908.3180        301.4181    1377731.4341

INFO:      49500         99.0000    -208628.5536    -260228.1490      51599.5954         13.6452       1065.1548       2786.6144        369.8232       3707.1290        178.0486        -99.8304      26410.1162    -295536.2879        891.0831        302.0420    1377731.4341

INFO:      50000        100.0000    -208828.3988    -260472.5001      51644.1013         13.6536       1089.0403       2812.7719        358.7968       3685.5485        177.6511       -107.7453      26526.7512    -295917.3312        902.0166        302.3025    1377731.4341

 
[STEP6] Deallocate Arrays
 
Output_Time> Averaged timer profile (Min, Max)
  total time      =     929.449
    setup         =       3.020
    dynamics      =     926.429
      energy      =     799.491
      integrator  =      67.344
      pairlist    =      59.265 (      56.964,      61.283)
  energy           
    bond          =       0.353 (       0.186,       0.553)
    angle         =       1.010 (       0.113,       2.158)
    dihedral      =       2.885 (       0.326,       6.550)
    nonbond       =     717.630 (     712.912,     722.662)
      pme real    =     384.785 (     221.136,     563.183)
      pme recip   =     332.818 (     154.096,     496.140)
    solvation     =       0.000 (       0.000,       0.000)
      polar       =       0.000 (       0.000,       0.000)
      non-polar   =       0.000 (       0.000,       0.000)
    restraint     =       0.673 (       0.636,       0.719)
    qmmm          =       0.000 (       0.000,       0.000)
  integrator       
    constraint    =       5.674 (       3.453,       7.765)
    update        =      18.794 (      16.707,      22.866)
    comm_coord    =      10.655 (       8.419,      13.404)
    comm_force    =      24.260 (       9.019,      39.344)
    comm_migrate  =       0.000 (       0.000,       0.000)

