(10.2.12.90:0,1,2,3,4,5,6,7)
(10.2.12.104:8,9,10,11,12,13,14,15)

[0] MPI startup(): libfabric version: 1.7.2a-impi
[0] MPI startup(): libfabric provider: verbs;ofi_rxm
[0] MPI startup(): Rank    Pid      Node name  Pin cpu
[0] MPI startup(): 0       133641   bwmpc0090  {0,1,2,3,4}
[0] MPI startup(): 1       133642   bwmpc0090  {5,6,7,8,9}
[0] MPI startup(): 2       133643   bwmpc0090  {10,11,12,13,14}
[0] MPI startup(): 3       133644   bwmpc0090  {15,16,17,18,19}
[0] MPI startup(): 4       133645   bwmpc0090  {20,21,22,23,24}
[0] MPI startup(): 5       133646   bwmpc0090  {25,26,27,28,29}
[0] MPI startup(): 6       133647   bwmpc0090  {30,31,32,33,34}
[0] MPI startup(): 7       133648   bwmpc0090  {35,36,37,38,39}
[0] MPI startup(): 8       102467   bwmpc0104  {0,1,2,3,4}
[0] MPI startup(): 9       102468   bwmpc0104  {5,6,7,8,9}
[0] MPI startup(): 10      102469   bwmpc0104  {10,11,12,13,14}
[0] MPI startup(): 11      102470   bwmpc0104  {15,16,17,18,19}
[0] MPI startup(): 12      102471   bwmpc0104  {20,21,22,23,24}
[0] MPI startup(): 13      102472   bwmpc0104  {25,26,27,28,29}
[0] MPI startup(): 14      102473   bwmpc0104  {30,31,32,33,34}
[0] MPI startup(): 15      102474   bwmpc0104  {35,36,37,38,39}
[0] MPI startup(): I_MPI_ROOT=/bwfefs/opt/x86_64/intel/compilers_and_libraries_2019.5.281/linux/mpi
[0] MPI startup(): I_MPI_HYDRA_BOOTSTRAP_EXEC=/bin/pjrsh
[0] MPI startup(): I_MPI_HYDRA_BOOTSTRAP_AUTOFORK=0
[0] MPI startup(): I_MPI_HYDRA_TOPOLIB=hwloc
[0] MPI startup(): I_MPI_HYDRA_HOST_FILE=/bwfefs/home/kyagi/cm4_2/3.pre_equil/.d0012460496_nodeinfo
[0] MPI startup(): I_MPI_PERHOST=8
[0] MPI startup(): I_MPI_PIN=1
[0] MPI startup(): I_MPI_PIN_RESPECT_HCA=0
[0] MPI startup(): I_MPI_INTERNAL_MEM_POLICY=default
[0] MPI startup(): I_MPI_DEBUG=5
****************************************************
*                                                  *
*                  GENESIS SPDYN                   *
*                                                  *
*        A Molecular Dynamics Simulator with       *
*           Spatial Decomposition Scheme           *
*                                                  *
*               Developed by RIKEN                 *
*                                                  *
****************************************************
 
[STEP0] Architecture and Compiler Information
 
GENESIS_Information> GENESIS Information
  version      = 1.6.0
  commit ID    = $GENESIS_VERSION$
  precision    = double
  nonbonding   = CPU

Build_Information> Compiler Information
  build host   = kyagi@hokusai3
  fortran      = ifort (IFORT) 19.0.5.281 20190815
  option       = -xHost -O3 -ip -mkl=parallel  -assume byterecl -qopenmp 
  C            = icc (ICC) 19.0.5.281 20190815
  option       = -O3 -ip -axCORE-AVX2  -qopenmp
  defined var. = 
  -DHAVE_MPI_GENESIS -DOMP -DFFTE -DLAPACK -DDSFMT_MEXP=19937 -DINTEL
  link option  = 
  -assume byterecl -qopenmp  -lmkl_intel_lp64 -lmkl_sequential -lmkl_core -lmkl_
 lapack95_lp64 

Runtime_Information> Machine and Library Information
  date       = 2021/10/08 00:28:58
  cpu model    = Intel(R) Xeon(R) Gold 6148 CPU @ 2.40GHz
  exec. host   = kyagi@bwmpc0090
  LD library   = 
 /bwfefs/opt/x86_64/intel/impi/2019.5.281/intel64/lib/release:/bwfefs/opt/x86_64
 /intel/impi/2019.5.281/intel64/lib:/bwfefs/opt/x86_64/intel/impi/2019.5.281/int
 el64/libfabric/lib:/bwfefs/opt/x86_64/intel/parallel_studio_xe_2019.5.075/compi
 lers_and_libraries_2019/linux/compiler/lib/intel64:/bwfefs/opt/x86_64/intel/par
 allel_studio_xe_2019.5.075/compilers_and_libraries_2019/linux/compiler/lib/inte
 l64_lin:/bwfefs/opt/x86_64/intel/parallel_studio_xe_2019.5.075/compilers_and_li
 braries_2019/linux/mpi/intel64/lib:/bwfefs/opt/x86_64/intel/parallel_studio_xe_
 2019.5.075/compilers_and_libraries_2019/linux/mpi/intel64/libfabric/lib:/bwfefs
 /opt/x86_64/intel/parallel_studio_xe_2019.5.075/compilers_and_libraries_2019/li
 nux/ipp/lib/intel64:/bwfefs/opt/x86_64/intel/parallel_studio_xe_2019.5.075/comp
 ilers_and_libraries_2019/linux/compiler/lib/intel64:/bwfefs/opt/x86_64/intel/pa
 rallel_studio_xe_2019.5.075/compilers_and_libraries_2019/linux/mkl/lib/intel64:
 /bwfefs/opt/x86_64/intel/parallel_studio_xe_2019.5.075/compilers_and_libraries_
 2019/linux/tbb/lib/intel64/gcc4.7:/bwfefs/opt/x86_64/intel/debugger_2019/libipt
 /intel64/lib:/bwfefs/opt/x86_64/intel/parallel_studio_xe_2019.5.075/compilers_a
 nd_libraries_2019/linux/daal/lib/intel64_lin:/bwfefs/opt/x86_64/intel/parallel_
 studio_xe_2019.5.075/compilers_and_libraries_2019/linux/daal/../tbb/lib/intel64
 _lin/gcc4.7

[STEP1] Read Control Parameters
 
Read_Ctrl_Input> Input Files
  topfile = 
 toppar/top_all36_prot.rtf, toppar/top_all36_cgenff.rtf, toppar/cho.rtf
  parfile = 
 toppar/par_all36m_prot.prm, toppar/par_all36_cgenff.prm, toppar/cho.prm
  strfile = toppar/toppar_water_ions.str
  psffile = ../2.build/step2_solvator.psf
  pdbfile = ../2.build/step2_solvator.pdb
  rstfile = step3.1_minimization.rst
  reffile = ../2.build/step2_solvator.pdb
 
Read_Ctrl_Output> Output Files
  dcdfile    = step3.2_heating.dcd
  rstfile    = step3.2_heating.rst
 
Read_Ctrl_Energy> Parameters of Energy Calculations
  forcefield      =     CHARMM
  switchdist      =     10.000  cutoffdist      =     12.000
  pairlistdist    =     13.500  dielec_const    =      1.000
 vdW force_switch =        yes
  electrostatic   =        PME
  pme_nspline     =          4
  pme_alpha       =    0.22664  pme_alpha_tol   =  0.100E-04
  fft_scheme      = 1DALLTOALL
  table_order     =          1
  table_density   =     20.000
  water_model     =       NONE
  output_style    =    GENESIS
  dispersion_corr =       none
  nonb_limiter    =      no
  contact_check   =      no
  vacuum          =      no
 
Read_Ctrl_Dynamics> Parameters of MD simulation
  integrator      =       LEAP  nsteps          =      50000
  timestep        =     0.0020  initial_time    =     0.0000
  eneout_period   =        500  rstout_period   =       1000
  crdout_period   =        500  velout_period   =          0
  nbupdate_period =         10  stoptr_period   =         10
  iseed           =         -1
  annealing       =        yes
  anneal_period   =        500  dtemperature    =      3.000
  verbose         =         no
  target_md       =         no
  steered_md      =         no
 
Read_Ctrl_Constraints> Parameters for Constraints
  rigid_bond      =        yes
  shake_iteration =        500  shake_tolerance =  0.100E-09
  fast_bond       =         no
  fast_water      =        yes  water_model     =       TIP3
  hydrogen_type   =  name|mass
 
Read_Ctrl_Ensemble> Parameters for Ensemble
  ensemble        =        NVT
  temperature     =      0.100
  tpcontrol       =   LANGEVIN
  gamma_t         =      1.000
 
Read_Ctrl_Boundary> Parameters of Boundary Condition
  type            =       PBC 
  box_size(x,y,z) =      0.000     0.000     0.000
 
Read_Ctrl_Selection> Parameters of Selection
  # of groups     =          5
    group 1 = (sid:PROA or sid:PROB or sid:PROC) and (an:CA | an:C | an:O | an:N)
    group 2 = (sid:PROA or sid:PROB or sid:PROC) and not (an:CA | an:C | an:O | an:N) and not hydrogen
    group 3 = (sid:CHA or sid:CHA around_res:3.0) and not hydrogen
    group 4 = (sid:CHB or sid:CHB around_res:3.0) or          (sid:CHC or sid:CHC around_res:3.0) and not hydrogen
    group 5 = (sid:WATA or sid:WATB or sid:WATC) and an:OH2
  # of mole names =          0
 
Read_Ctrl_Restraints> Parameters of Restraint
  numfunc         =   5
  function1 = POSI     
    direction     = ALL 
    constant      = 10.0
    reference     = 
    select_index  = 1
    exponent      =   2
    exponent_dist = 
    weight_dist   = 
  function2 = POSI     
    direction     = ALL 
    constant      = 2.0
    reference     = 
    select_index  = 2
    exponent      =   2
    exponent_dist = 
    weight_dist   = 
  function3 = POSI     
    direction     = ALL 
    constant      = 2.0
    reference     = 
    select_index  = 3
    exponent      =   2
    exponent_dist = 
    weight_dist   = 
  function4 = POSI     
    direction     = ALL 
    constant      = 2.0
    reference     = 
    select_index  = 4
    exponent      =   2
    exponent_dist = 
    weight_dist   = 
  function5 = POSI     
    direction     = ALL 
    constant      = 2.0
    reference     = 
    select_index  = 5
    exponent      =   2
    exponent_dist = 
    weight_dist   = 
  pressure_position   = NO
  pressure_rmsd     = NO

Read_Ctrl_Fitting_MD> Parameters of Fitting
  fitting method  =  TR+ROT   
  fitting atom    = group1
  mass_weight     =         no
 
[STEP2] Setup MPI
 
Setup_Mpi_Md> Summary of Setup MPI
  number of MPI processes   =         16
  number of OpenMP threads  =          5
  total number of CPU cores =         80

[STEP3] Set Relevant Variables and Structures
 
Input_Top> Summary of Topfile
  num_atom_class  =        214  num_resi_type   =        873
 
 Merge_Par> WARNING: BOND: Multiple definition: "CG2D1O"-"OG301"
 Merge_Par> WARNING: BOND: Multiple definition: "CG2DC1"-"CG2DC1"
 Merge_Par> WARNING: BOND: Multiple definition: "CG2DC1"-"CG2DC2"
 Merge_Par> WARNING: BOND: Multiple definition: "CG2DC1"-"CG2O3"
 Merge_Par> WARNING: BOND: Multiple definition: "CG2DC1"-"HGA4"
 Merge_Par> WARNING: BOND: Multiple definition: "CG2DC2"-"CG2DC2"
 Merge_Par> WARNING: BOND: Multiple definition: "CG2DC2"-"HGA4"
 Merge_Par> WARNING: BOND: Multiple definition: "CG2DC3"-"HGA5"
 Merge_Par> WARNING: BOND: Multiple definition: "CG2O3"-"OG2D2"
 Merge_Par> WARNING: BOND: Multiple definition: "CG311"-"CG311"
 Merge_Par> WARNING: BOND: Multiple definition: "CG311"-"OG301"
 Merge_Par> WARNING: BOND: Multiple definition: "CG311"-"OG311"
 Merge_Par> WARNING: BOND: Multiple definition: "CG311"-"HGA1"
 Merge_Par> WARNING: BOND: Multiple definition: "OG311"-"HGP1"
 Merge_Par> WARNING: ANGL: Multiple definition: "CG2DC1"-"CG2DC1"-"CG2DC2"
 Merge_Par> WARNING: ANGL: Multiple definition: "CG2DC1"-"CG2DC1"-"CG2O3"
 Merge_Par> WARNING: ANGL: Multiple definition: "CG2DC1"-"CG2DC1"-"HGA4"
 Merge_Par> WARNING: ANGL: Multiple definition: "CG2DC1"-"CG2DC2"-"CG2DC2"
 Merge_Par> WARNING: ANGL: Multiple definition: "CG2DC1"-"CG2DC2"-"HGA4"
 Merge_Par> WARNING: ANGL: Multiple definition: "CG2DC2"-"CG2DC2"-"HGA4"
 Merge_Par> WARNING: ANGL: Multiple definition: "HGA5"-"CG2DC3"-"HGA5"
 Merge_Par> WARNING: ANGL: Multiple definition: "CG2DC1"-"CG2O3"-"OG2D2"
 Merge_Par> WARNING: ANGL: Multiple definition: "OG2D2"-"CG2O3"-"OG2D2"
 Merge_Par> WARNING: ANGL: Multiple definition: "CG311"-"CG311"-"OG301"
 Merge_Par> WARNING: ANGL: Multiple definition: "CG311"-"CG311"-"OG311"
 Merge_Par> WARNING: ANGL: Multiple definition: "CG311"-"CG311"-"HGA1"
 Merge_Par> WARNING: ANGL: Multiple definition: "OG301"-"CG311"-"HGA1"
 Merge_Par> WARNING: ANGL: Multiple definition: "OG311"-"CG311"-"HGA1"
 Merge_Par> WARNING: ANGL: Multiple definition: "CG311"-"OG311"-"HGP1"
 Merge_Par> WARNING: DIHE: Multiple definition: "CG2DC2"-"CG2DC1"-"CG2DC1"-"HGA4"
 Merge_Par> WARNING: DIHE: Multiple definition: "CG2DC1"-"CG2DC1"-"CG2DC2"-"CG2DC2"
 Merge_Par> WARNING: DIHE: Multiple definition: "CG2DC1"-"CG2DC1"-"CG2DC2"-"CG2DC2"
 Merge_Par> WARNING: DIHE: Multiple definition: "CG2DC1"-"CG2DC1"-"CG2DC2"-"CG2DC2"
 Merge_Par> WARNING: DIHE: Multiple definition: "CG2DC1"-"CG2DC1"-"CG2DC2"-"HGA4"
 Merge_Par> WARNING: DIHE: Multiple definition: "CG2DC1"-"CG2DC1"-"CG2O3"-"OG2D2"
 Merge_Par> WARNING: DIHE: Multiple definition: "CG2DC1"-"CG2DC2"-"CG2DC2"-"HGA4"
 Merge_Par> WARNING: DIHE: Multiple definition: "HGA4"-"CG2DC2"-"CG2DC2"-"HGA4"
 Merge_Par> WARNING: DIHE: Multiple definition: "OG301"-"CG311"-"CG311"-"HGA1"
 Merge_Par> WARNING: DIHE: Multiple definition: "OG311"-"CG311"-"CG311"-"HGA1"
 Merge_Par> WARNING: DIHE: Multiple definition: "HGA1"-"CG311"-"CG311"-"HGA1"
 Merge_Par> WARNING: DIHE: Multiple definition: "CG311"-"CG311"-"OG311"-"HGP1"
 Merge_Par> WARNING: DIHE: Multiple definition: "CG311"-"CG311"-"OG311"-"HGP1"
 Merge_Par> WARNING: DIHE: Multiple definition: "CG311"-"CG311"-"OG311"-"HGP1"
 Merge_Par> WARNING: DIHE: Multiple definition: "HGA1"-"CG311"-"OG311"-"HGP1"
 Merge_Par> WARNING: IMPR: Multiple definition: "CG2O3"-"OG2D2"-"OG2D2"-"CG2DC1"
Input_Par> Summary of Parfile
  num_bonds       =        721  num_angles      =       2372
  num_dihedrals   =       6191  num_impropers   =        207
  num_atom_cls    =        214  num_nbfix       =         76
  num_cmap_terms  =          6
 
Input_Str> Summary of Top information
  num_atom_class  =        231  num_resi_type   =        888
 
Input_Str> Summary of Par information
  num_bonds       =        726  num_angles      =       2374
  num_dihedrals   =       6192  num_impropers   =        207
  num_atom_cls    =        231  num_nbfix       =         99
  num_cmap_terms  =          6
 
Read_Psf> Summary of Psffile
  psftype         =      xplor
  num_atoms       =      84548  num_bonds       =      84571
  num_angles      =      36769  num_dihedrals   =      15283
  num_impropers   =        979  num_cmap_terms  =        343
  num_HB_donors   =      53162  num_HB_acceptors=      26805
  num_NB_exclusion=          0  num_groups      =      27913
  total_charge    =      0.000
 
Check_Pdb> 6-column residue sequence number
 
Read_Pdb> Summary of Data in PDB file
  num_atoms       =      84548
 
Read_Rst_Binary> Summary of RST file
  num_atoms       =      84548  iseed           =          0
  boxsize (x,y,z) =    103.000   103.000   103.000

Define_Molecule> Summary of molecules
  num_atoms       =      84548  num_bonds       =      84571
  num_angles      =      36769  num_dihedrals   =      15283
  num_impropers   =        979  num_cmap_terms  =        343
  num_residues    =      26636  num_molecules   =      26290
  num_segments    =         11  num_deg_freedom =     253644
  total_charge    =     -0.000
 
Setup_Restart_Pre> Coordinates were replaced

Setup_Boundary_Cell> Set Variables for Boundary Condition
  domains (x,y,z) =          2         2         4
  ncells (x,y,z)  =         12        12        12
 
Select_Contacts> mode        : Resi
                 sel atoms A :      24
                 sel atoms B :   84524
                 distance    :    3.00
                contact atom list :     224
 
Select_Contacts> mode        : Resi
                 sel atoms A :      24
                 sel atoms B :   84524
                 distance    :    3.00
                contact atom list :     201
 
Select_Contacts> mode        : Resi
                 sel atoms A :      24
                 sel atoms B :   84524
                 distance    :    3.00
                contact atom list :     180
 
Setup_Enefunc_Cmap> Natural spline is used to derive cmap coefs.

Setup_Enefunc_Restraints> Setup restraint groups
 group =     1, "(sid:PROA or sid:PROB or sid:PROC) and (an:CA | an:C | an:O | an:N)"
 # of atoms =  1393
 atomlist: 
      1      5     18     19     20     22     37     38     39     41
     61     62     63     65     68     69     70     72     87     88
     89     91    111    112    113    115    118    119    120    122
    128    129    130    132    142    143    144    146    156    157
    158    160    172    173    174    176    187    188    189    191
    211    212    213    215    223    224    225    227    237    238
    239    241    252    253    254    256    267    268    269    271
    282    283    284    286    301    302    303    305    320    321
    322    324    337    338    339    341    359    360    361    363
    373    374    375    377    395    396    397    399    412    413
    414    416    431    432    433    435    450    451    452    454
    465    466    467    469    487    488    489    491    506    507
    508    510    525    526    527    529    540    541    542    544
    555    556    557    559    569    570    571    573    586    587
    588    590    600    601    602    604    622    623    624    628
    636    637    638    640    651    652    653    655    663    664
    665    667    679    680    681    683    695    696    697    699
    712    713    714    716    729    730    731    733    748    749
    750    752    767    768    769    771    778    779    780    782
    788    789    790    792    802    803    804    808    816    817
    818    820    828    829    830    832    847    848    849    851
    864    865    866    868    874    875    876    878    890    891
    892    894    910    911    912    916    924    925    926    928
    934    935    936    938    956    957    958    960    966    967
    968    970    982    983    984    986   1006   1007   1008   1010
   1021   1022   1023   1025   1040   1041   1042   1044   1051   1052
   1053   1055   1058   1059   1060   1062   1082   1083   1084   1086
   1099   1100   1101   1103   1120   1121   1122   1124   1136   1137
   1138   1142   1150   1151   1152   1154   1166   1167   1168   1170
   1180   1181   1182   1184   1191   1192   1193   1195   1208   1209
   1210   1212   1225   1226   1227   1229   1240   1241   1242   1244
   1257   1258   1259   1261   1269   1270   1271   1273   1285   1286
   1287   1289   1299   1300   1301   1303   1306   1307   1308   1310
   1313   1314   1315   1317   1332   1333   1334   1336   1354   1355
   1356   1358   1376   1377   1378   1380   1387   1388   1389   1391
   1406   1407   1408   1410   1430   1431   1432   1434   1446   1447
   1448   1450   1463   1464   1465   1467   1480   1481   1482   1484
   1494   1495   1496   1498   1510   1511   1512   1514   1527   1528
   1529   1531   1541   1542   1543   1545   1553   1554   1555   1557
   1569   1570   1571   1575   1583   1584   1585   1587   1600   1601
   1602   1604   1612   1613   1614   1616   1629   1630   1631   1633
   1648   1649   1650   1652   1672   1673   1674   1676   1689   1690
   1691   1693   1705   1706   1707   1709   1726   1727   1728   1730
   1745   1746   1747   1749   1760   1761   1762   1764   1782   1783
   1784   1786   1792   1793   1794   1796   1808   1809   1810   1812
   1824   1825   1826   1828   1843   1846   1850   1863   1864   1865
   1867   1882   1883   1884   1886   1906   1907   1908   1910   1913
   1914   1915   1917   1932   1933   1934   1936   1956   1957   1958
   1960   1963   1964   1965   1967   1973   1974   1975   1977   1987
   1988   1989   1991   2001   2002   2003   2005   2017   2018   2019
   2021   2032   2033   2034   2036   2056   2057   2058   2060   2068
   2069   2070   2072   2082   2083   2084   2086   2097   2098   2099
   2101   2112   2113   2114   2116   2127   2128   2129   2131   2146
   2147   2148   2150   2165   2166   2167   2169   2182   2183   2184
   2186   2204   2205   2206   2208   2218   2219   2220   2222   2240
   2241   2242   2244   2257   2258   2259   2261   2276   2277   2278
   2280   2295   2296   2297   2299   2310   2311   2312   2314   2332
   2333   2334   2336   2351   2352   2353   2355   2370   2371   2372
   2374   2385   2386   2387   2389   2400   2401   2402   2404   2414
   2415   2416   2418   2431   2432   2433   2435   2445   2446   2447
   2449   2467   2468   2469   2473   2481   2482   2483   2485   2496
   2497   2498   2500   2508   2509   2510   2512   2524   2525   2526
   2528   2540   2541   2542   2544   2557   2558   2559   2561   2574
   2575   2576   2578   2593   2594   2595   2597   2612   2613   2614
   2616   2623   2624   2625   2627   2633   2634   2635   2637   2647
   2648   2649   2653   2661   2662   2663   2665   2673   2674   2675
   2677   2692   2693   2694   2696   2709   2710   2711   2713   2719
   2720   2721   2723   2735   2736   2737   2739   2755   2756   2757
   2761   2769   2770   2771   2773   2779   2780   2781   2783   2801
   2802   2803   2805   2811   2812   2813   2815   2827   2828   2829
   2831   2851   2852   2853   2855   2866   2867   2868   2870   2885
   2886   2887   2889   2896   2897   2898   2900   2903   2904   2905
   2907   2927   2928   2929   2931   2944   2945   2946   2948   2965
   2966   2967   2969   2981   2982   2983   2987   2995   2996   2997
   2999   3011   3012   3013   3015   3025   3026   3027   3029   3036
   3037   3038   3040   3053   3054   3055   3057   3070   3071   3072
   3074   3085   3086   3087   3089   3102   3103   3104   3106   3114
   3115   3116   3118   3130   3131   3132   3134   3144   3145   3146
   3148   3151   3152   3153   3155   3158   3159   3160   3162   3177
   3178   3179   3181   3199   3200   3201   3203   3221   3222   3223
   3225   3232   3233   3234   3236   3251   3252   3253   3255   3275
   3276   3277   3279   3291   3292   3293   3295   3308   3309   3310
   3312   3325   3326   3327   3329   3339   3340   3341   3343   3355
   3356   3357   3359   3372   3373   3374   3376   3386   3387   3388
   3390   3398   3399   3400   3402   3414   3415   3416   3420   3428
   3429   3430   3432   3445   3446   3447   3449   3457   3458   3459
   3461   3474   3475   3476   3478   3493   3494   3495   3497   3517
   3518   3519   3521   3534   3535   3536   3538   3550   3551   3552
   3554   3571   3572   3573   3575   3590   3591   3592   3594   3605
   3606   3607   3609   3627   3628   3629   3631   3637   3638   3639
   3641   3653   3654   3655   3657   3669   3670   3671   3673   3688
   3689   3690   3692   3712   3713   3714   3718   3726   3727   3728
   3730   3738   3741   3745   3758   3759   3760   3762   3777   3778
   3779   3781   3801   3802   3803   3805   3808   3809   3810   3812
   3827   3828   3829   3831   3851   3852   3853   3855   3858   3859
   3860   3862   3868   3869   3870   3872   3882   3883   3884   3886
   3896   3897   3898   3900   3912   3913   3914   3916   3927   3928
   3929   3931   3951   3952   3953   3955   3963   3964   3965   3967
   3977   3978   3979   3981   3992   3993   3994   3996   4007   4008
   4009   4011   4022   4023   4024   4026   4041   4042   4043   4045
   4060   4061   4062   4064   4077   4078   4079   4081   4099   4100
   4101   4103   4113   4114   4115   4117   4135   4136   4137   4139
   4152   4153   4154   4156   4171   4172   4173   4175   4190   4191
   4192   4194   4205   4206   4207   4209   4227   4228   4229   4231
   4246   4247   4248   4250   4265   4266   4267   4269   4280   4281
   4282   4284   4295   4296   4297   4299   4309   4310   4311   4313
   4326   4327   4328   4330   4340   4341   4342   4344   4362   4363
   4364   4368   4376   4377   4378   4380   4391   4392   4393   4395
   4403   4404   4405   4407   4419   4420   4421   4423   4435   4436
   4437   4439   4452   4453   4454   4456   4469   4470   4471   4473
   4488   4489   4490   4492   4507   4508   4509   4511   4518   4519
   4520   4522   4528   4529   4530   4532   4542   4543   4544   4548
   4556   4557   4558   4560   4568   4569   4570   4572   4587   4588
   4589   4591   4604   4605   4606   4608   4614   4615   4616   4618
   4630   4631   4632   4634   4650   4651   4652   4656   4664   4665
   4666   4668   4674   4675   4676   4678   4696   4697   4698   4700
   4706   4707   4708   4710   4722   4723   4724   4726   4746   4747
   4748   4750   4761   4762   4763   4765   4780   4781   4782   4784
   4791   4792   4793   4795   4798   4799   4800   4802   4822   4823
   4824   4826   4839   4840   4841   4843   4860   4861   4862   4864
   4876   4877   4878   4882   4890   4891   4892   4894   4906   4907
   4908   4910   4920   4921   4922   4924   4931   4932   4933   4935
   4948   4949   4950   4952   4965   4966   4967   4969   4980   4981
   4982   4984   4997   4998   4999   5001   5009   5010   5011   5013
   5025   5026   5027   5029   5039   5040   5041   5043   5046   5047
   5048   5050   5053   5054   5055   5057   5072   5073   5074   5076
   5094   5095   5096   5098   5116   5117   5118   5120   5127   5128
   5129   5131   5146   5147   5148   5150   5170   5171   5172   5174
   5186   5187   5188   5190   5203   5204   5205   5207   5220   5221
   5222   5224   5234   5235   5236   5238   5250   5251   5252   5254
   5267   5268   5269   5271   5281   5282   5283   5285   5293   5294
   5295   5297   5309   5310   5311   5315   5323   5324   5325   5327
   5340   5341   5342   5344   5352   5353   5354   5356   5369   5370
   5371   5373   5388   5389   5390   5392   5412   5413   5414   5416
   5429   5430   5431   5433   5445   5446   5447   5449   5466   5467
   5468   5470   5485   5486   5487   5489   5500   5501   5502   5504
   5522   5523   5524   5526   5532   5533   5534   5536   5548   5549
   5550   5552   5564   5565   5566   5568   5583   5584   5585   5587
   5607   5608   5609   5613   5621   5622   5623   5625   5633   5634
   5635   5637   5652
 group =     2, "(sid:PROA or sid:PROB or sid:PROC) and not (an:CA | an:C | an:O | an:N) and not hydrogen"
 # of atoms =  1385
 atomlist: 
      7     10     13     14     24     26     30     33     43     46
     49     52     54     55     58     74     76     80     83     93
     96     99    102    104    105    108    124    134    136    138
    148    150    152    162    164    168    178    181    184    185
    186    193    196    199    202    204    205    208    217    220
    221    222    229    231    233    243    246    249    250    251
    258    261    264    265    266    273    276    279    280    281
    288    290    294    297    307    310    312    316    326    329
    332    333    334    343    346    349    352    355    365    367
    369    379    382    385    388    391    401    404    407    408
    409    418    421    423    427    437    440    442    446    456
    459    462    463    464    471    474    477    480    483    493
    495    499    502    512    514    518    521    531    534    537
    538    539    546    549    552    553    554    561    564    565
    566    575    578    580    581    583    584    592    594    596
    606    609    612    615    618    625    630    633    642    645
    648    649    650    657    660    661    662    669    671    675
    685    687    691    701    704    707    708    709    718    721
    724    725    735    738    740    744    754    757    759    763
    773    776    784    794    796    798    805    810    813    822
    825    826    827    834    837    839    843    853    856    858
    859    861    862    870    880    882    886    896    899    900
    902    904    906    908    913    918    921    930    940    943
    946    949    952    962    972    974    978    988    991    994
    997    999   1000   1003   1012   1015   1018   1019   1020   1027
   1030   1032   1036   1046   1049   1064   1067   1068   1070   1072
   1073   1074   1076   1078   1080   1088   1091   1094   1095   1096
   1105   1108   1109   1111   1113   1114   1116   1118   1126   1128
   1132   1139   1144   1147   1156   1158   1162   1172   1174   1176
   1186   1189   1197   1200   1203   1204   1214   1217   1220   1221
   1222   1231   1234   1237   1238   1239   1246   1249   1252   1253
   1263   1266   1267   1268   1275   1277   1281   1291   1293   1295
   1319   1322   1324   1328   1338   1341   1344   1347   1350   1360
   1363   1366   1369   1372   1382   1385   1393   1395   1399   1402
   1412   1415   1418   1421   1423   1424   1427   1436   1438   1442
   1452   1455   1458   1459   1469   1472   1475   1476   1486   1488
   1490   1500   1502   1506   1516   1519   1522   1523   1524   1533
   1535   1537   1547   1550   1551   1552   1559   1561   1565   1572
   1577   1580   1589   1592   1595   1596   1597   1606   1609   1610
   1611   1618   1621   1624   1625   1626   1635   1637   1641   1644
   1654   1657   1660   1663   1665   1666   1669   1678   1681   1683
   1684   1686   1687   1695   1697   1701   1711   1714   1715   1717
   1719   1720   1722   1724   1732   1735   1737   1741   1751   1754
   1757   1758   1759   1766   1769   1772   1775   1778   1788   1798
   1800   1804   1814   1816   1820   1830   1833   1835   1839   1844
   1845   1852   1855   1858   1859   1869   1871   1875   1878   1888
   1891   1894   1897   1899   1900   1903   1919   1921   1925   1928
   1938   1941   1944   1947   1949   1950   1953   1969   1979   1981
   1983   1993   1995   1997   2007   2009   2013   2023   2026   2029
   2030   2031   2038   2041   2044   2047   2049   2050   2053   2062
   2065   2066   2067   2074   2076   2078   2088   2091   2094   2095
   2096   2103   2106   2109   2110   2111   2118   2121   2124   2125
   2126   2133   2135   2139   2142   2152   2155   2157   2161   2171
   2174   2177   2178   2179   2188   2191   2194   2197   2200   2210
   2212   2214   2224   2227   2230   2233   2236   2246   2249   2252
   2253   2254   2263   2266   2268   2272   2282   2285   2287   2291
   2301   2304   2307   2308   2309   2316   2319   2322   2325   2328
   2338   2340   2344   2347   2357   2359   2363   2366   2376   2379
   2382   2383   2384   2391   2394   2397   2398   2399   2406   2409
   2410   2411   2420   2423   2425   2426   2428   2429   2437   2439
   2441   2451   2454   2457   2460   2463   2470   2475   2478   2487
   2490   2493   2494   2495   2502   2505   2506   2507   2514   2516
   2520   2530   2532   2536   2546   2549   2552   2553   2554   2563
   2566   2569   2570   2580   2583   2585   2589   2599   2602   2604
   2608   2618   2621   2629   2639   2641   2643   2650   2655   2658
   2667   2670   2671   2672   2679   2682   2684   2688   2698   2701
   2703   2704   2706   2707   2715   2725   2727   2731   2741   2744
   2745   2747   2749   2751   2753   2758   2763   2766   2775   2785
   2788   2791   2794   2797   2807   2817   2819   2823   2833   2836
   2839   2842   2844   2845   2848   2857   2860   2863   2864   2865
   2872   2875   2877   2881   2891   2894   2909   2912   2913   2915
   2917   2918   2919   2921   2923   2925   2933   2936   2939   2940
   2941   2950   2953   2954   2956   2958   2959   2961   2963   2971
   2973   2977   2984   2989   2992   3001   3003   3007   3017   3019
   3021   3031   3034   3042   3045   3048   3049   3059   3062   3065
   3066   3067   3076   3079   3082   3083   3084   3091   3094   3097
   3098   3108   3111   3112   3113   3120   3122   3126   3136   3138
   3140   3164   3167   3169   3173   3183   3186   3189   3192   3195
   3205   3208   3211   3214   3217   3227   3230   3238   3240   3244
   3247   3257   3260   3263   3266   3268   3269   3272   3281   3283
   3287   3297   3300   3303   3304   3314   3317   3320   3321   3331
   3333   3335   3345   3347   3351   3361   3364   3367   3368   3369
   3378   3380   3382   3392   3395   3396   3397   3404   3406   3410
   3417   3422   3425   3434   3437   3440   3441   3442   3451   3454
   3455   3456   3463   3466   3469   3470   3471   3480   3482   3486
   3489   3499   3502   3505   3508   3510   3511   3514   3523   3526
   3528   3529   3531   3532   3540   3542   3546   3556   3559   3560
   3562   3564   3565   3567   3569   3577   3580   3582   3586   3596
   3599   3602   3603   3604   3611   3614   3617   3620   3623   3633
   3643   3645   3649   3659   3661   3665   3675   3678   3680   3684
   3694   3697   3700   3703   3705   3706   3709   3715   3720   3723
   3732   3735   3736   3737   3739   3740   3747   3750   3753   3754
   3764   3766   3770   3773   3783   3786   3789   3792   3794   3795
   3798   3814   3816   3820   3823   3833   3836   3839   3842   3844
   3845   3848   3864   3874   3876   3878   3888   3890   3892   3902
   3904   3908   3918   3921   3924   3925   3926   3933   3936   3939
   3942   3944   3945   3948   3957   3960   3961   3962   3969   3971
   3973   3983   3986   3989   3990   3991   3998   4001   4004   4005
   4006   4013   4016   4019   4020   4021   4028   4030   4034   4037
   4047   4050   4052   4056   4066   4069   4072   4073   4074   4083
   4086   4089   4092   4095   4105   4107   4109   4119   4122   4125
   4128   4131   4141   4144   4147   4148   4149   4158   4161   4163
   4167   4177   4180   4182   4186   4196   4199   4202   4203   4204
   4211   4214   4217   4220   4223   4233   4235   4239   4242   4252
   4254   4258   4261   4271   4274   4277   4278   4279   4286   4289
   4292   4293   4294   4301   4304   4305   4306   4315   4318   4320
   4321   4323   4324   4332   4334   4336   4346   4349   4352   4355
   4358   4365   4370   4373   4382   4385   4388   4389   4390   4397
   4400   4401   4402   4409   4411   4415   4425   4427   4431   4441
   4444   4447   4448   4449   4458   4461   4464   4465   4475   4478
   4480   4484   4494   4497   4499   4503   4513   4516   4524   4534
   4536   4538   4545   4550   4553   4562   4565   4566   4567   4574
   4577   4579   4583   4593   4596   4598   4599   4601   4602   4610
   4620   4622   4626   4636   4639   4640   4642   4644   4646   4648
   4653   4658   4661   4670   4680   4683   4686   4689   4692   4702
   4712   4714   4718   4728   4731   4734   4737   4739   4740   4743
   4752   4755   4758   4759   4760   4767   4770   4772   4776   4786
   4789   4804   4807   4808   4810   4812   4813   4814   4816   4818
   4820   4828   4831   4834   4835   4836   4845   4848   4849   4851
   4853   4854   4856   4858   4866   4868   4872   4879   4884   4887
   4896   4898   4902   4912   4914   4916   4926   4929   4937   4940
   4943   4944   4954   4957   4960   4961   4962   4971   4974   4977
   4978   4979   4986   4989   4992   4993   5003   5006   5007   5008
   5015   5017   5021   5031   5033   5035   5059   5062   5064   5068
   5078   5081   5084   5087   5090   5100   5103   5106   5109   5112
   5122   5125   5133   5135   5139   5142   5152   5155   5158   5161
   5163   5164   5167   5176   5178   5182   5192   5195   5198   5199
   5209   5212   5215   5216   5226   5228   5230   5240   5242   5246
   5256   5259   5262   5263   5264   5273   5275   5277   5287   5290
   5291   5292   5299   5301   5305   5312   5317   5320   5329   5332
   5335   5336   5337   5346   5349   5350   5351   5358   5361   5364
   5365   5366   5375   5377   5381   5384   5394   5397   5400   5403
   5405   5406   5409   5418   5421   5423   5424   5426   5427   5435
   5437   5441   5451   5454   5455   5457   5459   5460   5462   5464
   5472   5475   5477   5481   5491   5494   5497   5498   5499   5506
   5509   5512   5515   5518   5528   5538   5540   5544   5554   5556
   5560   5570   5573   5575   5579   5589   5592   5595   5598   5600
   5601   5604   5610   5615   5618   5627   5630   5631   5632   5639
   5642   5644   5648   5653   5654
 group =     3, "(sid:CHA or sid:CHA around_res:3.0) and not hydrogen"
 # of atoms =   125
 atomlist: 
     89     91     93     96     99    102    104    105    108    111
    112   1227   1229   1231   1234   1237   1238   1239   1240   1241
   1408   1410   1412   1415   1418   1421   1423   1424   1427   1430
   1431   1707   1709   1711   1714   1715   1717   1719   1720   1722
   1724   1726   1727   1826   1828   1830   1833   1835   1839   1843
   1844   1845   4632   4634   4636   4639   4640   4642   4644   4646
   4648   4650   4651   4666   4668   4670   4674   4675   4676   4678
   4680   4683   4686   4689   4692   4696   4697   4724   4726   4728
   4731   4734   4737   4739   4740   4743   4746   4747   4892   4894
   4896   4898   4902   4906   4907   4908   4910   4912   4914   4916
   4920   4921   4922   4924   4926   4929   4931   4932   5655   5656
   5657   5658   5659   5660   5661   5662   5663   5664   5665   5666
   5667   5668   5669   5670   5745
 group =     4, "(sid:CHB or sid:CHB around_res:3.0) or          (sid:CHC or sid:CHC around_res:3.0) and not hydrogen"
 # of atoms =   330
 atomlist: 
    892    893    894    895    896    897    898    899    900    901
    902    903    904    905    906    907    908    909    910    911
    926    927    928    929    930    931    932    933    934    935
    984    985    986    987    988    989    990    991    992    993
    994    995    996    997    998    999   1000   1001   1002   1003
   1004   1005   1006   1007   1152   1153   1154   1155   1156   1157
   1158   1159   1160   1161   1162   1163   1164   1165   1166   1167
   1168   1169   1170   1171   1172   1173   1174   1175   1176   1177
   1178   1179   1180   1181   1182   1183   1184   1185   1186   1187
   1188   1189   1190   1191   1192   1934   1935   1936   1937   1938
   1939   1940   1941   1942   1943   1944   1945   1946   1947   1948
   1949   1950   1951   1952   1953   1954   1955   1956   1957   2737
   2739   2741   2744   2745   2747   2749   2751   2753   2755   2756
   2771   2773   2775   2779   2780   2997   2999   3001   3003   3007
   3011   3012   3013   3015   3017   3019   3021   3025   3026   3027
   3029   3031   3034   3036   3037   3072   3073   3074   3075   3076
   3077   3078   3079   3080   3081   3082   3083   3084   3085   3086
   3253   3254   3255   3256   3257   3258   3259   3260   3261   3262
   3263   3264   3265   3266   3267   3268   3269   3270   3271   3272
   3273   3274   3275   3276   3552   3553   3554   3555   3556   3557
   3558   3559   3560   3561   3562   3563   3564   3565   3566   3567
   3568   3569   3570   3571   3572   3671   3672   3673   3674   3675
   3676   3677   3678   3679   3680   3681   3682   3683   3684   3685
   3686   3687   3688   3689   3829   3831   3833   3836   3839   3842
   3844   3845   3848   3851   3852   4967   4969   4971   4974   4977
   4978   4979   4980   4981   5148   5150   5152   5155   5158   5161
   5163   5164   5167   5170   5171   5447   5449   5451   5454   5455
   5457   5459   5460   5462   5464   5466   5467   5566   5568   5570
   5573   5575   5579   5583   5584   5679   5680   5681   5682   5683
   5684   5685   5686   5687   5688   5689   5690   5691   5692   5693
   5694   5695   5696   5697   5698   5699   5700   5701   5702   5703
   5704   5705   5706   5707   5708   5709   5710   5711   5712   5713
   5714   5715   5716   5717   5718   5826   5827   5828   6003   6009
 group =     5, "(sid:WATA or sid:WATB or sid:WATC) and an:OH2"
 # of atoms =   142
 atomlist: 
   5727   5730   5733   5736   5739   5742   5745   5748   5751   5754
   5757   5760   5763   5766   5769   5772   5775   5778   5781   5784
   5787   5790   5793   5796   5799   5802   5805   5808   5811   5814
   5817   5820   5823   5826   5829   5832   5835   5838   5841   5844
   5847   5850   5853   5856   5859   5862   5865   5868   5871   5874
   5877   5880   5883   5886   5889   5892   5895   5898   5901   5904
   5907   5910   5913   5916   5919   5922   5925   5928   5931   5934
   5937   5940   5943   5946   5949   5952   5955   5958   5961   5964
   5967   5970   5973   5976   5979   5982   5985   5988   5991   5994
   5997   6000   6003   6006   6009   6012   6015   6018   6021   6024
   6027   6030   6033   6036   6039   6042   6045   6048   6051   6054
   6057   6060   6063   6066   6069   6072   6075   6078   6081   6084
   6087   6090   6093   6096   6099   6102   6105   6108   6111   6114
   6117   6120   6123   6126   6129   6132   6135   6138   6141   6144
   6147   6150
Setup_Enefunc_Restraints> Setup restraint functions
 func  =     1 kind  =     1
 const(total, x, y, z) =   10.000   1.000   1.000   1.000
 exponend of function =     2
 # of groups  =     1
 grouplist:   1

 func  =     2 kind  =     1
 const(total, x, y, z) =    2.000   1.000   1.000   1.000
 exponend of function =     2
 # of groups  =     1
 grouplist:   2

 func  =     3 kind  =     1
 const(total, x, y, z) =    2.000   1.000   1.000   1.000
 exponend of function =     2
 # of groups  =     1
 grouplist:   3

 func  =     4 kind  =     1
 const(total, x, y, z) =    2.000   1.000   1.000   1.000
 exponend of function =     2
 # of groups  =     1
 grouplist:   4

 func  =     5 kind  =     1
 const(total, x, y, z) =    2.000   1.000   1.000   1.000
 exponend of function =     2
 # of groups  =     1
 grouplist:   5

Define_Enefunc_Charmm> Number of Interactions in Each Term
  bond_ene        =       2864  angle_ene       =      10500
  torsion_ene     =      18192  improper_ene    =        979
  cmap_ene        =        343
  nb_exclusions   =      95071  nb14_calc       =      15093
 
Setup_Fitting_Spdyn> NO fitting is applied, skip
  fitting method  =  NO
 

Setup_PME> Proper PME grid number was generated automatically
  pme_ngrid(x,y,z)=         96        96        96

Random_Init> Initialize the random number
  seed            = 886390

Setup_Fast_Water> Setup constraints for SETTLE
  r0(O-H)         =     0.9572  mass(O)         =    15.9994
  r0(H-H)         =     1.5139  mass(H)         =     1.0080
 
Update_Num_Deg_Freedom> Number of degrees of freedom was updated
  num_deg_freedom =     174837 (After setup of SETTLE)
 
Setup_Rigid_Bond> Setup constrains for SHAKE and RATTLE
  num_rigid_bonds =       2900
 
Update_Num_Deg_Freedom> Number of degrees of freedom was updated
  num_deg_freedom =     171937 (After setup of SHAKE/RATTLE)
 
[STEP4] Compute Single Point Energy for Molecules
 
            STEP            BOND           ANGLE    UREY-BRADLEY        DIHEDRAL        IMPROPER            CMAP         VDWAALS           ELECT RESTRAINT_TOTAL
 --------------- --------------- --------------- --------------- ---------------
               0        267.4271        922.6081         71.8882       3413.1543         45.2650       -137.1467      59370.0879    -429579.8315        605.6278

[STEP5] Perform Molecular Dynamics Simulation
 
Initial_Velocity> Generate initial velocities
  iseed           =     886390
  temperature     =      0.100
 
Random_Init_Velocity> Initialize the random number
  seed            = 886390

INFO:       STEP            TIME       TOTAL_ENE   POTENTIAL_ENE     KINETIC_ENE            RMSG            BOND           ANGLE    UREY-BRADLEY        DIHEDRAL        IMPROPER            CMAP         VDWAALS           ELECT RESTRAINT_TOTAL     TEMPERATURE          VOLUME
 --------------- --------------- --------------- --------------- ---------------
INFO:          0          0.0000    -324576.3468    -324593.4298         17.0830         15.4943        268.0585        921.1795         73.7704       3413.1572         45.1930       -137.2311      58284.6596    -388068.2702        606.0532          0.1000    1092727.0000

INFO:        500          1.0000    -325574.6260    -326150.5612        575.9352         15.0372        266.0695        919.6042         73.8343       3415.1747         45.1880       -136.1001      50369.8724    -381703.6930        599.4888          3.3713    1092727.0000

Simulated_Annealing_Leapfrog> Anneal temperature from     0.100 to      3.100
INFO:       1000          2.0000    -325913.0564    -326684.5182        771.4618         15.1011        269.1433        929.8770         75.0915       3406.1090         45.4786       -133.4648      51598.6416    -383476.4153        601.0211          4.5158    1092727.0000

Simulated_Annealing_Leapfrog> Anneal temperature from     3.100 to      6.100
INFO:       1500          3.0000    -325757.7301    -326859.6789       1101.9489         15.1216        276.1323        949.8411         78.8788       3409.1175         48.3540       -136.0579      51690.7419    -383783.1299        606.4433          6.4503    1092727.0000

Simulated_Annealing_Leapfrog> Anneal temperature from     6.100 to      9.100
INFO:       2000          4.0000    -325294.4455    -326795.1464       1500.7009         15.1293        283.2375        962.6462         79.9950       3407.8963         48.9544       -133.5278      51496.9834    -383549.7460        608.4147          8.7845    1092727.0000

Simulated_Annealing_Leapfrog> Anneal temperature from     9.100 to     12.100
INFO:       2500          5.0000    -324713.4186    -326661.4843       1948.0656         15.1296        294.6458        986.9555         84.5945       3412.2685         53.0737       -132.7771      51240.4839    -383213.4409        612.7119         11.4031    1092727.0000

Simulated_Annealing_Leapfrog> Anneal temperature from    12.100 to     15.100
INFO:       3000          6.0000    -323978.0259    -326381.5110       2403.4851         15.1238        296.0586       1003.8627         88.1906       3411.7240         51.6519       -134.2498      50995.5795    -382707.5609        613.2324         14.0690    1092727.0000

Simulated_Annealing_Leapfrog> Anneal temperature from    15.100 to     18.100
INFO:       3500          7.0000    -323184.9636    -326059.3127       2874.3491         15.1359        301.6669       1025.3353         89.9288       3419.1163         54.1836       -136.6564      51077.9022    -382504.2707        613.4813         16.8252    1092727.0000

Simulated_Annealing_Leapfrog> Anneal temperature from    18.100 to     21.100
INFO:       4000          8.0000    -322312.7835    -325700.5633       3387.7798         15.1342        314.7354       1043.5975         93.2374       3415.6714         53.6013       -135.6511      50890.5204    -381995.6988        619.4230         19.8306    1092727.0000

Simulated_Annealing_Leapfrog> Anneal temperature from    21.100 to     24.100
INFO:       4500          9.0000    -321456.4852    -325350.3277       3893.8425         15.1342        325.2775       1050.9375         97.0069       3429.6741         57.9753       -133.7181      50615.3653    -381411.1759        618.3297         22.7929    1092727.0000

Simulated_Annealing_Leapfrog> Anneal temperature from    24.100 to     27.100
INFO:       5000         10.0000    -320591.0282    -324998.9038       4407.8756         15.1370        329.5037       1077.7616         99.3877       3427.8028         59.9035       -136.4581      50443.4325    -380927.2953        627.0579         25.8018    1092727.0000

Simulated_Annealing_Leapfrog> Anneal temperature from    27.100 to     30.100
INFO:       5500         11.0000    -319723.7489    -324667.9843       4944.2354         15.1322        340.3492       1096.3183        103.0006       3423.9347         57.5765       -130.3043      50366.3206    -380555.4944        630.3146         28.9414    1092727.0000

Simulated_Annealing_Leapfrog> Anneal temperature from    30.100 to     33.100
INFO:       6000         12.0000    -318891.9324    -324354.5278       5462.5955         15.1322        341.5114       1120.2059        106.7855       3436.1840         63.5673       -128.2713      50129.3338    -380060.5089        636.6646         31.9757    1092727.0000

Simulated_Annealing_Leapfrog> Anneal temperature from    33.100 to     36.100
INFO:       6500         13.0000    -318050.4147    -323968.0724       5917.6577         15.1311        352.9859       1131.9211        109.3306       3436.6744         63.5981       -136.4252      50038.6548    -379610.4223        645.6102         34.6394    1092727.0000

Simulated_Annealing_Leapfrog> Anneal temperature from    36.100 to     39.100
INFO:       7000         14.0000    -317208.1925    -323642.8127       6434.6203         15.1297        373.1735       1136.6098        110.3768       3440.9119         64.1300       -126.3041      49868.0984    -379143.8702        634.0612         37.6655    1092727.0000

Simulated_Annealing_Leapfrog> Anneal temperature from    39.100 to     42.100
INFO:       7500         15.0000    -316370.5819    -323353.1451       6982.5632         15.1235        367.2720       1168.2678        116.8448       3433.8917         63.6191       -127.9525      49647.4276    -378652.7055        630.1900         40.8729    1092727.0000

Simulated_Annealing_Leapfrog> Anneal temperature from    42.100 to     45.100
INFO:       8000         16.0000    -315541.8339    -323033.3442       7491.5102         15.1314        377.8908       1210.2968        124.3979       3431.2716         68.8169       -130.4046      49496.4505    -378242.6437        630.5797         43.8521    1092727.0000

Simulated_Annealing_Leapfrog> Anneal temperature from    45.100 to     48.100
INFO:       8500         17.0000    -314618.7692    -322640.3756       8021.6063         15.1286        390.9975       1210.0280        124.4622       3443.6489         65.0403       -124.6813      49302.1629    -377692.8578        640.8237         46.9551    1092727.0000

Simulated_Annealing_Leapfrog> Anneal temperature from    48.100 to     51.100
INFO:       9000         18.0000    -313775.8848    -322275.1121       8499.2273         15.1256        398.8914       1241.8246        126.2263       3446.8643         66.0506       -126.0024      49183.9924    -377256.1788        643.2195         49.7508    1092727.0000

Simulated_Annealing_Leapfrog> Anneal temperature from    51.100 to     54.100
INFO:       9500         19.0000    -312859.4142    -321888.0662       9028.6520         15.1165        406.5169       1245.1556        126.2501       3451.8932         72.1058       -131.6931      48852.0867    -376566.7534        656.3720         52.8499    1092727.0000

Simulated_Annealing_Leapfrog> Anneal temperature from    54.100 to     57.100
INFO:      10000         20.0000    -312088.3486    -321579.2520       9490.9034         15.1198        412.6954       1259.3753        130.7864       3444.9479         76.8238       -130.5529      48787.6546    -376216.0847        655.1023         55.5557    1092727.0000

Simulated_Annealing_Leapfrog> Anneal temperature from    57.100 to     60.100
INFO:      10500         21.0000    -311190.2123    -321218.3491      10028.1368         15.1222        416.7744       1295.3014        132.5645       3451.9219         68.1963       -125.3156      48531.1156    -375635.5238        646.6164         58.7004    1092727.0000

Simulated_Annealing_Leapfrog> Anneal temperature from    60.100 to     63.100
INFO:      11000         22.0000    -310338.9612    -320890.5442      10551.5830         15.1303        429.0526       1297.2460        137.3824       3453.0895         76.3644       -128.0109      48458.8003    -375272.0274        657.5590         61.7645    1092727.0000

Simulated_Annealing_Leapfrog> Anneal temperature from    63.100 to     66.100
INFO:      11500         23.0000    -309498.5492    -320515.8784      11017.3292         15.1237        434.1717       1345.0602        137.8575       3475.0829         77.4486       -126.7176      48369.5964    -374882.8651        654.4869         64.4907    1092727.0000

Simulated_Annealing_Leapfrog> Anneal temperature from    66.100 to     69.100
INFO:      12000         24.0000    -308599.3840    -320130.7960      11531.4120         15.1279        446.3486       1370.5636        146.5294       3457.7541         81.4887       -132.0347      48074.1947    -374235.0745        659.4342         67.5000    1092727.0000

Simulated_Annealing_Leapfrog> Anneal temperature from    69.100 to     72.100
INFO:      12500         25.0000    -307738.3230    -319800.2841      12061.9611         15.1293        459.0245       1344.7004        143.3209       3463.7462         80.6455       -125.8359      48078.5696    -373912.6489        668.1936         70.6056    1092727.0000

Simulated_Annealing_Leapfrog> Anneal temperature from    72.100 to     75.100
INFO:      13000         26.0000    -306765.2257    -319490.6174      12725.3917         15.1231        455.9986       1383.0174        145.9801       3466.3238         80.6608       -122.7446      47881.7995    -373450.0849        668.4318         74.4890    1092727.0000

Simulated_Annealing_Leapfrog> Anneal temperature from    75.100 to     78.100
INFO:      13500         27.0000    -306020.7807    -319088.6791      13067.8983         15.1285        480.9850       1420.7828        149.8789       3474.4872         82.1305       -123.5768      47800.3157    -373034.1775        660.4952         76.4939    1092727.0000

Simulated_Annealing_Leapfrog> Anneal temperature from    78.100 to     81.100
INFO:      14000         28.0000    -305148.0927    -318784.1992      13636.1065         15.1260        478.2973       1432.2034        156.4192       3474.5171         81.7653       -119.6348      47449.8684    -372387.3436        649.7085         79.8199    1092727.0000

Simulated_Annealing_Leapfrog> Anneal temperature from    81.100 to     84.100
INFO:      14500         29.0000    -304337.6473    -318445.1353      14107.4880         15.1299        480.8416       1448.4998        156.3666       3477.3350         86.4091       -127.6146      47488.6734    -372135.3314        679.6852         82.5792    1092727.0000

Simulated_Annealing_Leapfrog> Anneal temperature from    84.100 to     87.100
INFO:      15000         30.0000    -303296.7882    -317943.8003      14647.0121         15.1188        508.1375       1484.3107        166.8071       3489.0767         86.0611       -120.8255      47066.5045    -371274.5980        650.7255         85.7374    1092727.0000

Simulated_Annealing_Leapfrog> Anneal temperature from    87.100 to     90.100
INFO:      15500         31.0000    -302458.1004    -317676.9603      15218.8599         15.1138        507.4626       1450.6357        161.3899       3499.8220         90.9290       -122.0219      46891.5883    -370821.9127        665.1469         89.0847    1092727.0000

Simulated_Annealing_Leapfrog> Anneal temperature from    90.100 to     93.100
INFO:      16000         32.0000    -301640.6552    -317251.0173      15610.3620         15.1259        525.5404       1496.2320        171.0887       3489.6873         86.2639       -118.9503      46850.9991    -370426.0180        674.1398         91.3764    1092727.0000

Simulated_Annealing_Leapfrog> Anneal temperature from    93.100 to     96.100
INFO:      16500         33.0000    -300762.1653    -316994.9540      16232.7886         15.1204        500.6284       1505.8572        169.8210       3495.3574         95.6544       -122.9188      46722.2971    -370035.7196        674.0691         95.0198    1092727.0000

Simulated_Annealing_Leapfrog> Anneal temperature from    96.100 to     99.100
INFO:      17000         34.0000    -299672.8478    -316277.0588      16604.2110         15.1138        536.2905       1523.6120        172.1585       3487.9811         92.9030       -119.7074      46396.6582    -369059.3487        692.3939         97.1940    1092727.0000

Simulated_Annealing_Leapfrog> Anneal temperature from    99.100 to    102.100
INFO:      17500         35.0000    -298807.8019    -316065.0137      17257.2118         15.1110        530.9754       1538.5514        177.8734       3493.7877         88.9675       -117.6349      46294.0242    -368747.6420        676.0836        101.0163    1092727.0000

Simulated_Annealing_Leapfrog> Anneal temperature from   102.100 to    105.100
INFO:      18000         36.0000    -297968.1221    -315540.5303      17572.4081         15.1047        531.2522       1582.0302        179.3184       3490.4935         95.5440       -126.5140      46099.2371    -368067.1778        675.2863        102.8614    1092727.0000

Simulated_Annealing_Leapfrog> Anneal temperature from   105.100 to    108.100
INFO:      18500         37.0000    -296841.5868    -315039.2054      18197.6186         15.1139        535.5191       1590.1205        182.4373       3505.2088         98.4150       -130.4997      46221.2804    -367731.2066        689.5198        106.5211    1092727.0000

Simulated_Annealing_Leapfrog> Anneal temperature from   108.100 to    111.100
INFO:      19000         38.0000    -295904.1878    -314621.4641      18717.2763         15.0941        533.5086       1586.2336        185.9090       3494.3279         96.2707       -115.5739      45558.4292    -366658.0936        697.5245        109.5629    1092727.0000

Simulated_Annealing_Leapfrog> Anneal temperature from   111.100 to    114.100
INFO:      19500         39.0000    -294964.5454    -314160.7161      19196.1706         15.0991        550.0543       1624.1745        180.8881       3502.2883        103.6294       -120.9608      45653.3510    -366377.6993        723.5585        112.3662    1092727.0000

Simulated_Annealing_Leapfrog> Anneal temperature from   114.100 to    117.100
INFO:      20000         40.0000    -294125.4499    -313870.0389      19744.5890         15.0865        563.5384       1644.2686        195.5728       3514.7677         99.3811       -120.9435      45434.0085    -365904.2643        703.6318        115.5764    1092727.0000

Simulated_Annealing_Leapfrog> Anneal temperature from   117.100 to    120.100
INFO:      20500         41.0000    -292924.9825    -313204.0126      20279.0301         15.0852        576.4773       1660.5774        193.5351       3525.0306        107.0849       -120.0456      45234.5996    -365092.6494        711.3774        118.7048    1092727.0000

Simulated_Annealing_Leapfrog> Anneal temperature from   120.100 to    123.100
INFO:      21000         42.0000    -292044.0210    -312744.3447      20700.3237         15.0877        584.6071       1687.0836        200.8323       3503.7634        100.1626       -124.7949      45076.4131    -364492.8570        720.4451        121.1709    1092727.0000

Simulated_Annealing_Leapfrog> Anneal temperature from   123.100 to    126.100
INFO:      21500         43.0000    -291077.9324    -312281.7998      21203.8674         15.0721        593.2496       1681.3901        201.5660       3542.8132        114.0239       -123.5343      44693.3989    -363692.2429        707.5357        124.1184    1092727.0000

Simulated_Annealing_Leapfrog> Anneal temperature from   126.100 to    129.100
INFO:      22000         44.0000    -289943.1633    -311706.3453      21763.1820         15.0669        620.4238       1724.6863        208.4796       3531.4666        100.0047       -120.2460      44449.2095    -362934.2195        713.8497        127.3924    1092727.0000

Simulated_Annealing_Leapfrog> Anneal temperature from   129.100 to    132.100
INFO:      22500         45.0000    -288979.4435    -311315.1936      22335.7501         15.0856        604.1733       1689.4353        202.5526       3534.3700        109.7872       -117.7409      44506.8828    -362549.6684        705.0145        130.7439    1092727.0000

Simulated_Annealing_Leapfrog> Anneal temperature from   132.100 to    135.100
INFO:      23000         46.0000    -287960.8868    -310794.6187      22833.7318         15.0721        630.0874       1800.5524        209.1024       3528.9209        112.4794       -121.3104      44060.5611    -361743.7887        728.7769        133.6589    1092727.0000

Simulated_Annealing_Leapfrog> Anneal temperature from   135.100 to    138.100
INFO:      23500         47.0000    -286948.0217    -310254.1056      23306.0839         15.0483        609.2364       1750.8082        209.3785       3539.6223        108.2648       -122.1280      43942.5341    -361006.0421        714.2201        136.4239    1092727.0000

Simulated_Annealing_Leapfrog> Anneal temperature from   138.100 to    141.100
INFO:      24000         48.0000    -285839.3250    -309776.5527      23937.2277         15.0320        621.7228       1778.3357        212.5698       3514.8656        107.1473       -107.8189      43499.8823    -360116.0560        712.7988        140.1183    1092727.0000

Simulated_Annealing_Leapfrog> Anneal temperature from   141.100 to    144.100
INFO:      24500         49.0000    -285077.7807    -309356.4112      24278.6305         15.0453        628.9366       1802.3961        221.8299       3518.3057        118.4661       -114.8906      43367.4328    -359631.7852        732.8973        142.1167    1092727.0000

Simulated_Annealing_Leapfrog> Anneal temperature from   144.100 to    147.100
INFO:      25000         50.0000    -283954.2168    -308822.2803      24868.0635         15.0282        649.6133       1835.2972        219.3697       3514.0221        117.5227       -123.2066      43255.4699    -359017.7128        727.3440        145.5670    1092727.0000

Simulated_Annealing_Leapfrog> Anneal temperature from   147.100 to    150.100
INFO:      25500         51.0000    -282883.6824    -308171.4542      25287.7718         15.0271        656.3415       1860.9139        218.5788       3522.7321        106.0233       -118.2306      42893.3967    -358047.2475        736.0376        148.0238    1092727.0000

Simulated_Annealing_Leapfrog> Anneal temperature from   150.100 to    153.100
INFO:      26000         52.0000    -281554.0288    -307413.7142      25859.6854         15.0197        635.7863       1855.9001        225.9793       3541.4717        112.8208       -112.5440      43232.1760    -357645.5580        740.2537        151.3716    1092727.0000

Simulated_Annealing_Leapfrog> Anneal temperature from   153.100 to    156.100
INFO:      26500         53.0000    -280682.8324    -306923.5669      26240.7345         15.0164        701.2074       1913.9131        231.4463       3538.2830        113.9278       -116.7909      42665.2770    -356702.0628        731.2322        153.6021    1092727.0000

Simulated_Annealing_Leapfrog> Anneal temperature from   156.100 to    159.100
INFO:      27000         54.0000    -279802.9924    -306664.1434      26861.1509         15.0143        681.3374       1891.4821        222.3002       3541.4233        116.8289       -113.2146      42512.0894    -356251.4502        735.0601        157.2337    1092727.0000

Simulated_Annealing_Leapfrog> Anneal temperature from   159.100 to    162.100
INFO:      27500         55.0000    -278715.8543    -306091.0081      27375.1538         14.9998        684.7689       1907.4950        236.7299       3539.3184        113.8812       -117.7426      42465.1074    -355673.4177        752.8513        160.2425    1092727.0000

Simulated_Annealing_Leapfrog> Anneal temperature from   162.100 to    165.100
INFO:      28000         56.0000    -277454.7678    -305319.3018      27864.5341         14.9777        686.2382       1915.1532        235.5141       3551.4853        127.2533       -115.5809      41861.8747    -354342.6389        761.3991        163.1071    1092727.0000

Simulated_Annealing_Leapfrog> Anneal temperature from   165.100 to    168.100
INFO:      28500         57.0000    -276519.0233    -304794.2802      28275.2569         14.9510        691.1366       1988.1573        244.0966       3552.9266        123.4108       -121.5891      41426.7113    -353449.2071        750.0769        165.5113    1092727.0000

Simulated_Annealing_Leapfrog> Anneal temperature from   168.100 to    171.100
INFO:      29000         58.0000    -275261.4720    -304128.8899      28867.4179         14.9657        734.7687       1941.0551        247.5594       3551.5447        127.0913       -112.7244      41387.0768    -352752.7968        747.5353        168.9775    1092727.0000

Simulated_Annealing_Leapfrog> Anneal temperature from   171.100 to    174.100
INFO:      29500         59.0000    -274064.8482    -303429.9584      29365.1102         14.9259        686.4501       1985.6054        240.3448       3566.7123        119.9226       -108.2753      40887.9482    -351552.0023        743.3357        171.8908    1092727.0000

Simulated_Annealing_Leapfrog> Anneal temperature from   174.100 to    177.100
INFO:      30000         60.0000    -272902.0779    -302885.0857      29983.0077         14.9335        699.7896       2007.0078        244.1537       3562.6065        119.6759       -121.0907      41090.1157    -351242.2959        754.9518        175.5077    1092727.0000

Simulated_Annealing_Leapfrog> Anneal temperature from   177.100 to    180.100
INFO:      30500         61.0000    -271704.9548    -302163.7675      30458.8126         14.9211        707.0035       2045.7838        249.7104       3603.6219        123.8201       -115.5203      40497.4269    -350019.5776        743.9637        178.2929    1092727.0000

Simulated_Annealing_Leapfrog> Anneal temperature from   180.100 to    183.100
INFO:      31000         62.0000    -270556.2315    -301458.9852      30902.7537         14.9084        739.6725       2027.9734        239.2458       3562.1583        137.0570       -117.8915      40481.6527    -349281.1856        752.3324        180.8915    1092727.0000

Simulated_Annealing_Leapfrog> Anneal temperature from   183.100 to    186.100
INFO:      31500         63.0000    -269269.1010    -300751.8095      31482.7086         14.9180        768.3976       2057.9030        265.3130       3595.6403        128.4398       -116.0836      40166.4182    -348349.5814        731.7436        184.2863    1092727.0000

Simulated_Annealing_Leapfrog> Anneal temperature from   186.100 to    189.100
INFO:      32000         64.0000    -267914.8817    -299742.2946      31827.4128         14.9136        765.3507       2138.3409        267.0103       3592.2069        144.7630       -121.1955      39882.3623    -347151.0503        739.9171        186.3041    1092727.0000

Simulated_Annealing_Leapfrog> Anneal temperature from   189.100 to    192.100
INFO:      32500         65.0000    -266557.6261    -298997.0387      32439.4126         14.8724        757.6486       2121.9521        276.9614       3613.7889        137.6984       -112.0748      39320.9065    -345845.9617        732.0418        189.8865    1092727.0000

Simulated_Annealing_Leapfrog> Anneal temperature from   192.100 to    195.100
INFO:      33000         66.0000    -265132.8703    -298079.3864      32946.5161         14.8407        794.3357       2102.4065        277.0099       3580.8850        140.7606       -115.6810      38932.3407    -344521.8473        730.4033        192.8548    1092727.0000

Simulated_Annealing_Leapfrog> Anneal temperature from   195.100 to    198.100
INFO:      33500         67.0000    -263959.9936    -297371.3783      33411.3847         14.8416        779.3380       2152.7867        269.7342       3576.8360        128.5286       -116.1345      38653.1852    -343567.3297        751.6773        195.5760    1092727.0000

Simulated_Annealing_Leapfrog> Anneal temperature from   198.100 to    201.100
INFO:      34000         68.0000    -262489.5690    -296626.3736      34136.8046         14.8187        758.1557       2139.7220        278.9425       3591.2909        139.8436       -116.6814      38327.4445    -342503.6835        758.5921        199.8223    1092727.0000

Simulated_Annealing_Leapfrog> Anneal temperature from   201.100 to    204.100
INFO:      34500         69.0000    -261063.0799    -295522.9947      34459.9147         14.8042        811.9083       2193.3892        279.6643       3630.0282        127.8678       -120.2488      38188.9946    -341422.2544        787.6561        201.7136    1092727.0000

Simulated_Annealing_Leapfrog> Anneal temperature from   204.100 to    207.100
INFO:      35000         70.0000    -259625.2633    -294562.7299      34937.4666         14.7730        818.9803       2198.6084        289.1389       3583.8892        143.7230       -116.1966      37462.7384    -339714.6246        771.0131        204.5090    1092727.0000

Simulated_Annealing_Leapfrog> Anneal temperature from   207.100 to    210.100
INFO:      35500         71.0000    -257858.2131    -293472.2961      35614.0830         14.7523        814.9371       2225.0424        287.0718       3620.2604        149.0055       -108.4365      37052.0142    -338289.9072        777.7163        208.4696    1092727.0000

Simulated_Annealing_Leapfrog> Anneal temperature from   210.100 to    213.100
INFO:      36000         72.0000    -256386.9142    -292348.9396      35962.0254         14.7243        833.1736       2241.6039        286.2859       3594.4653        144.5442       -117.4409      36747.8038    -336879.3109        799.9356        210.5063    1092727.0000

Simulated_Annealing_Leapfrog> Anneal temperature from   213.100 to    216.100
INFO:      36500         73.0000    -254824.6460    -291122.9975      36298.3515         14.7189        838.9042       2259.3446        302.5077       3580.6478        157.7649       -109.6858      36680.4236    -335639.3218        806.4173        212.4751    1092727.0000

Simulated_Annealing_Leapfrog> Anneal temperature from   216.100 to    219.100
INFO:      37000         74.0000    -253176.1140    -290053.3795      36877.2655         14.6407        840.0861       2262.6728        296.4262       3618.2061        149.6745       -108.8895      35447.4221    -333354.8666        795.8887        215.8638    1092727.0000

Simulated_Annealing_Leapfrog> Anneal temperature from   219.100 to    222.100
INFO:      37500         75.0000    -251439.2228    -288905.2038      37465.9810         14.6314        823.8302       2320.6383        288.9839       3635.6773        172.1924       -121.3754      35570.4914    -332363.2969        767.6551        219.3099    1092727.0000

Simulated_Annealing_Leapfrog> Anneal temperature from   222.100 to    225.100
INFO:      38000         76.0000    -249797.8748    -287774.7338      37976.8590         14.6074        880.1745       2302.4122        298.8979       3611.7571        154.2788       -113.6154      34903.2378    -330603.7681        791.8915        222.3003    1092727.0000

Simulated_Annealing_Leapfrog> Anneal temperature from   225.100 to    228.100
INFO:      38500         77.0000    -248177.5325    -286488.9255      38311.3930         14.5738        850.0114       2326.6850        306.1825       3614.9924        167.6109       -107.4693      34507.9908    -328937.6069        782.6777        224.2585    1092727.0000

Simulated_Annealing_Leapfrog> Anneal temperature from   228.100 to    231.100
INFO:      39000         78.0000    -246665.0862    -285417.2853      38752.1992         14.5419        866.1690       2363.5509        315.2931       3635.7721        160.1052       -115.1205      34228.1159    -327668.7692        797.5983        226.8388    1092727.0000

Simulated_Annealing_Leapfrog> Anneal temperature from   231.100 to    234.100
INFO:      39500         79.0000    -245250.7978    -284817.5674      39566.7697         14.5190        881.6442       2355.4319        306.1745       3623.0972        155.3565       -104.6181      34033.6679    -326881.4679        813.1464        231.6070    1092727.0000

Simulated_Annealing_Leapfrog> Anneal temperature from   234.100 to    237.100
INFO:      40000         80.0000    -243583.9460    -283230.6151      39646.6691         14.4827        897.0408       2381.8003        318.4313       3638.7291        167.5843       -120.2557      33275.9081    -324619.9683        830.1150        232.0747    1092727.0000

Simulated_Annealing_Leapfrog> Anneal temperature from   237.100 to    240.100
INFO:      40500         81.0000    -241852.6086    -282105.8782      40253.2696         14.4842        884.2704       2429.3993        319.9951       3669.2686        172.9300       -108.8566      33035.2544    -323328.3001        820.1606        235.6255    1092727.0000

Simulated_Annealing_Leapfrog> Anneal temperature from   240.100 to    243.100
INFO:      41000         82.0000    -240082.9070    -281049.3060      40966.3990         14.4242        893.2083       2454.6039        313.8978       3633.7557        155.5016       -108.5715      32484.9307    -321692.2344        815.6019        239.7998    1092727.0000

Simulated_Annealing_Leapfrog> Anneal temperature from   243.100 to    246.100
INFO:      41500         83.0000    -238580.9744    -280173.0512      41592.0768         14.4448        879.5184       2419.8683        317.3854       3641.2725        163.5004       -108.2178      32602.3105    -320900.3086        811.6196        243.4623    1092727.0000

Simulated_Annealing_Leapfrog> Anneal temperature from   246.100 to    249.100
INFO:      42000         84.0000    -236815.9228    -278613.1126      41797.1898         14.3868        959.5907       2462.5403        322.0568       3659.6969        162.1160       -116.5962      31678.5584    -318543.3875        802.3120        244.6629    1092727.0000

Simulated_Annealing_Leapfrog> Anneal temperature from   249.100 to    252.100
INFO:      42500         85.0000    -234974.9168    -277480.6722      42505.7554         14.3946        977.4442       2537.2236        337.8292       3666.6582        183.2371       -103.3516      31525.1491    -317451.7346        846.8725        248.8105    1092727.0000

Simulated_Annealing_Leapfrog> Anneal temperature from   252.100 to    255.100
INFO:      43000         86.0000    -233391.8765    -276202.9669      42811.0904         14.3559        934.3344       2527.5105        340.9829       3647.2946        181.1931       -114.3909      30968.4659    -315523.5358        835.1784        250.5978    1092727.0000

Simulated_Annealing_Leapfrog> Anneal temperature from   255.100 to    258.100
INFO:      43500         87.0000    -231653.7012    -275429.4152      43775.7139         14.2786        922.6598       2581.6794        337.3643       3650.4239        186.8127        -95.1066      30442.7228    -314282.4541        826.4826        256.2443    1092727.0000

Simulated_Annealing_Leapfrog> Anneal temperature from   258.100 to    261.100
INFO:      44000         88.0000    -230399.0413    -274225.7795      43826.7383         14.2829        961.3071       2479.4940        331.6885       3693.7823        179.5844       -110.9236      30603.8162    -313188.0543        823.5259        256.5430    1092727.0000

Simulated_Annealing_Leapfrog> Anneal temperature from   261.100 to    264.100
INFO:      44500         89.0000    -229109.2984    -273486.4171      44377.1187         14.2619        958.7729       2550.3146        330.9143       3665.6160        160.1999       -101.3162      30207.9243    -312056.9247        798.0819        259.7647    1092727.0000

Simulated_Annealing_Leapfrog> Anneal temperature from   264.100 to    267.100
INFO:      45000         90.0000    -227126.8424    -272294.7571      45167.9147         14.2454       1003.1235       2568.0536        350.5487       3666.9328        170.5442       -109.7123      29900.1165    -310690.8506        846.4866        264.3937    1092727.0000

Simulated_Annealing_Leapfrog> Anneal temperature from   267.100 to    270.100
INFO:      45500         91.0000    -225765.0051    -271435.1024      45670.0974         14.2180        923.0325       2594.8120        335.7093       3669.2395        188.4735       -110.8039      29841.6932    -309717.3055        840.0471        267.3332    1092727.0000

Simulated_Annealing_Leapfrog> Anneal temperature from   270.100 to    273.100
INFO:      46000         92.0000    -224288.5394    -270172.9186      45884.3792         14.2095        971.2367       2605.0658        333.6928       3683.8329        180.1275       -115.8241      29537.2850    -308240.2881        871.9529        268.5876    1092727.0000

Simulated_Annealing_Leapfrog> Anneal temperature from   273.100 to    276.100
INFO:      46500         93.0000    -222378.1621    -268982.1274      46603.9653         14.1168        990.3234       2668.1220        359.9361       3682.3339        173.0260       -105.1678      28413.5257    -306033.6160        869.3894        272.7997    1092727.0000

Simulated_Annealing_Leapfrog> Anneal temperature from   276.100 to    279.100
INFO:      47000         94.0000    -221287.8510    -268331.5165      47043.6654         14.1148       1017.1643       2560.4479        351.1876       3685.3598        174.8229       -118.4251      28269.1407    -305102.6968        831.4822        275.3735    1092727.0000

Simulated_Annealing_Leapfrog> Anneal temperature from   279.100 to    282.100
INFO:      47500         95.0000    -219645.1904    -267367.3376      47722.1472         14.1240       1000.5883       2656.9542        339.8765       3679.6142        170.7474       -117.4115      28680.5842    -304656.9872        878.6961        279.3451    1092727.0000

Simulated_Annealing_Leapfrog> Anneal temperature from   282.100 to    285.100
INFO:      48000         96.0000    -217935.1582    -266203.5514      48268.3932         14.0964       1048.1761       2671.4961        380.8111       3661.7664        169.9441       -103.7328      27802.5330    -302728.4797        893.9344        282.5426    1092727.0000

Simulated_Annealing_Leapfrog> Anneal temperature from   285.100 to    288.100
INFO:      48500         97.0000    -216726.6726    -265254.5786      48527.9061         14.0893       1075.2723       2675.8136        369.3301       3656.5855        182.1891       -109.7409      27903.9843    -301907.3459        899.3333        284.0616    1092727.0000

Simulated_Annealing_Leapfrog> Anneal temperature from   288.100 to    291.100
INFO:      49000         98.0000    -215452.3530    -264520.9802      49068.6271         14.0373       1005.4096       2711.1181        370.3466       3675.8108        194.8214       -105.6868      27575.6954    -300875.5529        927.0576        287.2268    1092727.0000

Simulated_Annealing_Leapfrog> Anneal temperature from   291.100 to    294.100
INFO:      49500         99.0000    -213579.5832    -263438.6678      49859.0846         14.0581       1059.0147       2747.0031        369.8865       3708.9745        190.4534       -117.8815      27526.5516    -299824.9079        902.2379        291.8538    1092727.0000

Simulated_Annealing_Leapfrog> Anneal temperature from   294.100 to    297.100
INFO:      50000        100.0000    -212074.9329    -262583.5244      50508.5915         14.0570       1058.2303       2785.6609        388.1820       3719.6615        181.9042       -110.1124      27439.4835    -298967.4976        920.9633        295.6557    1092727.0000

Simulated_Annealing_Leapfrog> Anneal temperature from   297.100 to    300.100
 
[STEP6] Deallocate Arrays
 
Output_Time> Averaged timer profile (Min, Max)
  total time      =     828.458
    setup         =       3.078
    dynamics      =     825.380
      energy      =     683.117
      integrator  =      88.205
      pairlist    =      52.078 (      50.737,      53.541)
  energy           
    bond          =       0.417 (       0.147,       0.885)
    angle         =       1.228 (       0.104,       2.773)
    dihedral      =       3.186 (       0.295,       6.920)
    nonbond       =     607.478 (     603.611,     610.799)
      pme real    =     378.507 (     290.454,     473.596)
      pme recip   =     228.944 (     136.688,     315.228)
    solvation     =       0.000 (       0.000,       0.000)
      polar       =       0.000 (       0.000,       0.000)
      non-polar   =       0.000 (       0.000,       0.000)
    restraint     =       0.632 (       0.548,       0.890)
    qmmm          =       0.000 (       0.000,       0.000)
  integrator       
    constraint    =       5.604 (       4.655,       6.845)
    update        =       8.363 (       7.728,       8.959)
    comm_coord    =      15.135 (       7.672,      21.624)
    comm_force    =      21.196 (       8.421,      34.496)
    comm_migrate  =       0.000 (       0.000,       0.000)

