(10.2.12.59:0,1,2,3,4,5,6,7)
(10.2.12.61:8,9,10,11,12,13,14,15)
(10.2.12.62:16,17,18,19,20,21,22,23)
(10.2.12.63:24,25,26,27,28,29,30,31)

[0] MPI startup(): libfabric version: 1.7.2a-impi
[0] MPI startup(): libfabric provider: verbs;ofi_rxm
[0] MPI startup(): Rank    Pid      Node name  Pin cpu
[0] MPI startup(): 0       163519   bwmpc0059  {0,1,2,3,4}
[0] MPI startup(): 1       163520   bwmpc0059  {5,6,7,8,9}
[0] MPI startup(): 2       163521   bwmpc0059  {10,11,12,13,14}
[0] MPI startup(): 3       163522   bwmpc0059  {15,16,17,18,19}
[0] MPI startup(): 4       163523   bwmpc0059  {20,21,22,23,24}
[0] MPI startup(): 5       163524   bwmpc0059  {25,26,27,28,29}
[0] MPI startup(): 6       163525   bwmpc0059  {30,31,32,33,34}
[0] MPI startup(): 7       163526   bwmpc0059  {35,36,37,38,39}
[0] MPI startup(): 8       110896   bwmpc0061  {0,1,2,3,4}
[0] MPI startup(): 9       110897   bwmpc0061  {5,6,7,8,9}
[0] MPI startup(): 10      110898   bwmpc0061  {10,11,12,13,14}
[0] MPI startup(): 11      110899   bwmpc0061  {15,16,17,18,19}
[0] MPI startup(): 12      110900   bwmpc0061  {20,21,22,23,24}
[0] MPI startup(): 13      110901   bwmpc0061  {25,26,27,28,29}
[0] MPI startup(): 14      110902   bwmpc0061  {30,31,32,33,34}
[0] MPI startup(): 15      110903   bwmpc0061  {35,36,37,38,39}
[0] MPI startup(): 16      239797   bwmpc0062  {0,1,2,3,4}
[0] MPI startup(): 17      239798   bwmpc0062  {5,6,7,8,9}
[0] MPI startup(): 18      239799   bwmpc0062  {10,11,12,13,14}
[0] MPI startup(): 19      239800   bwmpc0062  {15,16,17,18,19}
[0] MPI startup(): 20      239801   bwmpc0062  {20,21,22,23,24}
[0] MPI startup(): 21      239802   bwmpc0062  {25,26,27,28,29}
[0] MPI startup(): 22      239803   bwmpc0062  {30,31,32,33,34}
[0] MPI startup(): 23      239804   bwmpc0062  {35,36,37,38,39}
[0] MPI startup(): 24      190396   bwmpc0063  {0,1,2,3,4}
[0] MPI startup(): 25      190397   bwmpc0063  {5,6,7,8,9}
[0] MPI startup(): 26      190398   bwmpc0063  {10,11,12,13,14}
[0] MPI startup(): 27      190399   bwmpc0063  {15,16,17,18,19}
[0] MPI startup(): 28      190400   bwmpc0063  {20,21,22,23,24}
[0] MPI startup(): 29      190401   bwmpc0063  {25,26,27,28,29}
[0] MPI startup(): 30      190402   bwmpc0063  {30,31,32,33,34}
[0] MPI startup(): 31      190403   bwmpc0063  {35,36,37,38,39}
[0] MPI startup(): I_MPI_ROOT=/bwfefs/opt/x86_64/intel/compilers_and_libraries_2019.5.281/linux/mpi
[0] MPI startup(): I_MPI_HYDRA_BOOTSTRAP_EXEC=/bin/pjrsh
[0] MPI startup(): I_MPI_HYDRA_BOOTSTRAP_AUTOFORK=0
[0] MPI startup(): I_MPI_HYDRA_TOPOLIB=hwloc
[0] MPI startup(): I_MPI_HYDRA_HOST_FILE=/bwfefs/home/kyagi/cm4_2/4.equil/.d0012461095_nodeinfo
[0] MPI startup(): I_MPI_PERHOST=8
[0] MPI startup(): I_MPI_PIN=1
[0] MPI startup(): I_MPI_PIN_RESPECT_HCA=0
[0] MPI startup(): I_MPI_INTERNAL_MEM_POLICY=default
[0] MPI startup(): I_MPI_DEBUG=5
****************************************************
*                                                  *
*                  GENESIS ATDYN                   *
*                                                  *
*        A Molecular Dynamics Simulator with       *
*            Atomic Decomposition Scheme           *
*                                                  *
*               Developed by RIKEN                 *
*                                                  *
****************************************************
 
[STEP0] Architecture and Compiler Information
 
GENESIS_Information> GENESIS Information
  version      = 1.6.0
  commit ID    = $GENESIS_VERSION$
  precision    = double
  nonbonding   = CPU

Build_Information> Compiler Information
  build host   = kyagi@hokusai3
  fortran      = ifort (IFORT) 19.0.5.281 20190815
  option       = -xHost -O3 -ip -mkl=parallel  -assume byterecl -qopenmp 
  C            = icc (ICC) 19.0.5.281 20190815
  option       = -O3 -ip -axCORE-AVX2  -qopenmp
  defined var. = 
  -DHAVE_MPI_GENESIS -DOMP -DFFTE -DLAPACK -DDSFMT_MEXP=19937 -DINTEL
  link option  = 
  -assume byterecl -qopenmp  -lmkl_intel_lp64 -lmkl_sequential -lmkl_core -lmkl_
 lapack95_lp64 

Runtime_Information> Machine and Library Information
  date       = 2021/10/08 04:19:40
  cpu model    = Intel(R) Xeon(R) Gold 6148 CPU @ 2.40GHz
  exec. host   = kyagi@bwmpc0059
  LD library   = 
 /bwfefs/opt/x86_64/intel/impi/2019.5.281/intel64/lib/release:/bwfefs/opt/x86_64
 /intel/impi/2019.5.281/intel64/lib:/bwfefs/opt/x86_64/intel/impi/2019.5.281/int
 el64/libfabric/lib:/bwfefs/opt/x86_64/intel/parallel_studio_xe_2019.5.075/compi
 lers_and_libraries_2019/linux/compiler/lib/intel64:/bwfefs/opt/x86_64/intel/par
 allel_studio_xe_2019.5.075/compilers_and_libraries_2019/linux/compiler/lib/inte
 l64_lin:/bwfefs/opt/x86_64/intel/parallel_studio_xe_2019.5.075/compilers_and_li
 braries_2019/linux/mpi/intel64/lib:/bwfefs/opt/x86_64/intel/parallel_studio_xe_
 2019.5.075/compilers_and_libraries_2019/linux/mpi/intel64/libfabric/lib:/bwfefs
 /opt/x86_64/intel/parallel_studio_xe_2019.5.075/compilers_and_libraries_2019/li
 nux/ipp/lib/intel64:/bwfefs/opt/x86_64/intel/parallel_studio_xe_2019.5.075/comp
 ilers_and_libraries_2019/linux/compiler/lib/intel64:/bwfefs/opt/x86_64/intel/pa
 rallel_studio_xe_2019.5.075/compilers_and_libraries_2019/linux/mkl/lib/intel64:
 /bwfefs/opt/x86_64/intel/parallel_studio_xe_2019.5.075/compilers_and_libraries_
 2019/linux/tbb/lib/intel64/gcc4.7:/bwfefs/opt/x86_64/intel/debugger_2019/libipt
 /intel64/lib:/bwfefs/opt/x86_64/intel/parallel_studio_xe_2019.5.075/compilers_a
 nd_libraries_2019/linux/daal/lib/intel64_lin:/bwfefs/opt/x86_64/intel/parallel_
 studio_xe_2019.5.075/compilers_and_libraries_2019/linux/daal/../tbb/lib/intel64
 _lin/gcc4.7

[STEP1] Read Control Parameters
 
Read_Ctrl_Input> Input Files
  topfile = 
 toppar/top_all36_prot.rtf, toppar/top_all36_cgenff.rtf, toppar/cho.rtf
  parfile = 
 toppar/par_all36m_prot.prm, toppar/par_all36_cgenff.prm, toppar/cho.prm
  strfile = toppar/toppar_water_ions.str
  psffile = step3_nvt_100.psf
  pdbfile = step3_nvt_100.pdb
  rstfile = step4.5_nvt.rst
  reffile = step3_nvt_100.pdb
 
Read_Ctrl_Output> Output Files
  dcdfile    = step4.6_nvt.dcd
  rstfile    = step4.6_nvt.rst
 
Read_Ctrl_Energy> Parameters of Energy Calculations
  forcefield      =     CHARMM
  switchdist      =     16.000  cutoffdist      =     18.000
  pairlistdist    =     19.500  dielec_const    =      1.000
  vdW force_switch=        yes
  electrostatic   =  CUTOFF
  implicit_solvent=       none
  table_order     =          3
  table_density   =     20.000
  water_model     =       NONE
  output_style    =    GENESIS
  dispersion_corr =       none
  nonb_limiter    =      no
 
Read_Ctrl_Dynamics> Parameters of MD simulation
  integrator      =       VVER  nsteps          =      50000
  timestep        =     0.0020  initial_time    =     0.0000
  eneout_period   =        500  rstout_period   =        500
  crdout_period   =        500  velout_period   =          0
  nbupdate_period =         10  stoptr_period   =         10
  iseed           =   20190319
  annealing       =         no
  verbose         =         no
  target_md       =         no
  steered_md      =         no
  esp_mm          =         no
 
Read_Ctrl_Constraints> Parameters for Constraints
  rigid_bond      =        yes
  shake_iteration =        500  shake_tolerance =  0.100E-09
  fast_water      =        yes  water_model     =       TIP3
  hydrogen_type   =  name|mass
  noshake_index   =       none
  fixatm_select_index        =       none
 
Read_Ctrl_Ensemble> Parameters for Ensemble
  ensemble        =        NVT
  temperature     =    300.000
  tpcontrol       =      BUSSI
  tau_t           =      5.000
 
Read_Ctrl_Boundary> Parameters of Boundary Condition
  type            =       NOBC
  spherical_pot   =        yes  restart         =          T
  center_info     =       read  modify_ratio    =      1.000
  constant        =     10.000  exponent        =          2
  fixatom         =          T  fix_layer       =      1.000
 
Read_Ctrl_Selection> Parameters of Selection
  # of groups     =          2
    group 1 = ((sid:CHA or sid:CHA around_res:3.0) or           (sid:CHB or sid:CHB around_res:3.0) or           (sid:CHC or sid:CHC around_res:3.0)) and not hydrogen and not an:OH2
    group 2 = (sid:PROA or sid:PROB or sid:PROC) and          (an:CA | an:C | an:O | an:N)
  # of mole names =          0
 
Read_Ctrl_Restraints> Parameters of Restraint
  numfunc         =   2
  function1 = POSI     
    direction     = ALL 
    constant      = 2.0
    reference     = 
    select_index  = 1
    mode          =   0
    exponent      =   2
    exponent_dist = 
    weight_dist   = 

  function2 = POSI     
    direction     = ALL 
    constant      = 0.1
    reference     = 
    select_index  = 2
    mode          =   0
    exponent      =   2
    exponent_dist = 
    weight_dist   = 

  pressure_position   = NO
  pressure_rmsd     = NO

Read_Ctrl_Fitting_MD> Parameters of Fitting
  fitting method  =  TR+ROT   
  fitting atom    = group1
  mass_weight     =         no
 
[STEP2] Setup MPI
 
Setup_Mpi_Md> Summary of Setup MPI
  number of MPI processes   =         32
  number of OpenMP threads  =          5
  total number of CPU cores =        160

[STEP3] Set Relevant Variables and Structures
 
Input_Top> Summary of Topfile
  num_atom_class  =        214  num_resi_type   =        873
 
 Merge_Par> WARNING: BOND: Multiple definition: "CG2D1O"-"OG301"
 Merge_Par> WARNING: BOND: Multiple definition: "CG2DC1"-"CG2DC1"
 Merge_Par> WARNING: BOND: Multiple definition: "CG2DC1"-"CG2DC2"
 Merge_Par> WARNING: BOND: Multiple definition: "CG2DC1"-"CG2O3"
 Merge_Par> WARNING: BOND: Multiple definition: "CG2DC1"-"HGA4"
 Merge_Par> WARNING: BOND: Multiple definition: "CG2DC2"-"CG2DC2"
 Merge_Par> WARNING: BOND: Multiple definition: "CG2DC2"-"HGA4"
 Merge_Par> WARNING: BOND: Multiple definition: "CG2DC3"-"HGA5"
 Merge_Par> WARNING: BOND: Multiple definition: "CG2O3"-"OG2D2"
 Merge_Par> WARNING: BOND: Multiple definition: "CG311"-"CG311"
 Merge_Par> WARNING: BOND: Multiple definition: "CG311"-"OG301"
 Merge_Par> WARNING: BOND: Multiple definition: "CG311"-"OG311"
 Merge_Par> WARNING: BOND: Multiple definition: "CG311"-"HGA1"
 Merge_Par> WARNING: BOND: Multiple definition: "OG311"-"HGP1"
 Merge_Par> WARNING: ANGL: Multiple definition: "CG2DC1"-"CG2DC1"-"CG2DC2"
 Merge_Par> WARNING: ANGL: Multiple definition: "CG2DC1"-"CG2DC1"-"CG2O3"
 Merge_Par> WARNING: ANGL: Multiple definition: "CG2DC1"-"CG2DC1"-"HGA4"
 Merge_Par> WARNING: ANGL: Multiple definition: "CG2DC1"-"CG2DC2"-"CG2DC2"
 Merge_Par> WARNING: ANGL: Multiple definition: "CG2DC1"-"CG2DC2"-"HGA4"
 Merge_Par> WARNING: ANGL: Multiple definition: "CG2DC2"-"CG2DC2"-"HGA4"
 Merge_Par> WARNING: ANGL: Multiple definition: "HGA5"-"CG2DC3"-"HGA5"
 Merge_Par> WARNING: ANGL: Multiple definition: "CG2DC1"-"CG2O3"-"OG2D2"
 Merge_Par> WARNING: ANGL: Multiple definition: "OG2D2"-"CG2O3"-"OG2D2"
 Merge_Par> WARNING: ANGL: Multiple definition: "CG311"-"CG311"-"OG301"
 Merge_Par> WARNING: ANGL: Multiple definition: "CG311"-"CG311"-"OG311"
 Merge_Par> WARNING: ANGL: Multiple definition: "CG311"-"CG311"-"HGA1"
 Merge_Par> WARNING: ANGL: Multiple definition: "OG301"-"CG311"-"HGA1"
 Merge_Par> WARNING: ANGL: Multiple definition: "OG311"-"CG311"-"HGA1"
 Merge_Par> WARNING: ANGL: Multiple definition: "CG311"-"OG311"-"HGP1"
 Merge_Par> WARNING: DIHE: Multiple definition: "CG2DC2"-"CG2DC1"-"CG2DC1"-"HGA4"
 Merge_Par> WARNING: DIHE: Multiple definition: "CG2DC1"-"CG2DC1"-"CG2DC2"-"CG2DC2"
 Merge_Par> WARNING: DIHE: Multiple definition: "CG2DC1"-"CG2DC1"-"CG2DC2"-"CG2DC2"
 Merge_Par> WARNING: DIHE: Multiple definition: "CG2DC1"-"CG2DC1"-"CG2DC2"-"CG2DC2"
 Merge_Par> WARNING: DIHE: Multiple definition: "CG2DC1"-"CG2DC1"-"CG2DC2"-"HGA4"
 Merge_Par> WARNING: DIHE: Multiple definition: "CG2DC1"-"CG2DC1"-"CG2O3"-"OG2D2"
 Merge_Par> WARNING: DIHE: Multiple definition: "CG2DC1"-"CG2DC2"-"CG2DC2"-"HGA4"
 Merge_Par> WARNING: DIHE: Multiple definition: "HGA4"-"CG2DC2"-"CG2DC2"-"HGA4"
 Merge_Par> WARNING: DIHE: Multiple definition: "OG301"-"CG311"-"CG311"-"HGA1"
 Merge_Par> WARNING: DIHE: Multiple definition: "OG311"-"CG311"-"CG311"-"HGA1"
 Merge_Par> WARNING: DIHE: Multiple definition: "HGA1"-"CG311"-"CG311"-"HGA1"
 Merge_Par> WARNING: DIHE: Multiple definition: "CG311"-"CG311"-"OG311"-"HGP1"
 Merge_Par> WARNING: DIHE: Multiple definition: "CG311"-"CG311"-"OG311"-"HGP1"
 Merge_Par> WARNING: DIHE: Multiple definition: "CG311"-"CG311"-"OG311"-"HGP1"
 Merge_Par> WARNING: DIHE: Multiple definition: "HGA1"-"CG311"-"OG311"-"HGP1"
 Merge_Par> WARNING: IMPR: Multiple definition: "CG2O3"-"OG2D2"-"OG2D2"-"CG2DC1"
Input_Par> Summary of Parfile
  num_bonds       =        721  num_angles      =       2372
  num_dihedrals   =       6191  num_impropers   =        207
  num_atom_cls    =        214  num_nbfix       =         76
  num_cmap_terms  =          6
 
Input_Str> Summary of Top information
  num_atom_class  =        231  num_resi_type   =        888
 
Input_Str> Summary of Par information
  num_bonds       =        726  num_angles      =       2374
  num_dihedrals   =       6192  num_impropers   =        207
  num_atom_cls    =        231  num_nbfix       =         99
  num_cmap_terms  =          6
 
Read_Psf> Summary of Psffile
  psftype         =      xplor
  num_atoms       =      48752  num_bonds       =      48790
  num_angles      =      24842  num_dihedrals   =      15283
  num_impropers   =        979  num_cmap_terms  =        343
  num_HB_donors   =      29308  num_HB_acceptors=      14878
  num_NB_exclusion=          0  num_groups      =      15971
  total_charge    =    -15.000
 
Check_Pdb> 5-column residue sequence number
 
Read_Pdb> Summary of Data in PDB file
  num_atoms       =      48752
 
Read_Rst_Binary> Summary of RST file
  num_atoms       =      48752  iseed           =   20190319
  boxsize (x,y,z) =      0.000     0.000     0.000
  spherical_pot     =      yes
  nfunctions                 1  num_fixatm             13215

Define_Molecule> Summary of molecules
  num_atoms       =      48752  num_bonds       =      48790
  num_angles      =      24842  num_dihedrals   =      15283
  num_impropers   =        979  num_cmap_terms  =        343
  num_residues    =      14694  num_molecules   =      14348
  num_segments    =         10  num_deg_freedom =     146256
  total_charge    =    -15.000
 
Setup_Boundary> Setup Variables for Boundary Condition
  origin(x,y,z)   =      0.000     0.000     0.000
  nfunctions      =        1
    center(x,y,z) =      0.000     0.000     0.000
    radius        =     45.000
    constant      =     10.000
    exponent      =          2
 
  num_fixatm      =    13215
 
 
Random_Init> Initialize the random number
  seed            = 20190319

Select_Contacts> mode        : Resi
                 sel atoms A :      24
                 sel atoms B :   48728
                 distance    :    3.00
                contact atom list :     236
 
Select_Contacts> mode        : Resi
                 sel atoms A :      24
                 sel atoms B :   48728
                 distance    :    3.00
                contact atom list :     229
 
Select_Contacts> mode        : Resi
                 sel atoms A :      24
                 sel atoms B :   48728
                 distance    :    3.00
                contact atom list :     238
 
Setup_Enefunc_Cmap_Par> Natural spline is used to derive cmap coefs.

Setup_Enefunc_Table> Setup Variables for LookupTable
  num_solutes     =      48752  num_waters      =          0

Setup_Enefunc_Restraint> Setup restraint groups
 group =     1, "((sid:CHA or sid:CHA around_res:3.0) or           (sid:CHB or sid:CHB around_res:3.0) or           (sid:CHC or sid:CHC around_res:3.0)) and not hydrogen and not an:OH2"
 # of atoms =   370
 atomlist: 
     89     91     93     96     99    102    104    105    108    111
    112    892    894    896    899    900    902    904    906    908
    910    911    926    928    930    934    935    936    938    940
    943    946    949    952    956    957    984    986    988    991
    994    997    999   1000   1003   1006   1007   1152   1154   1156
   1158   1162   1166   1167   1168   1170   1172   1174   1176   1180
   1181   1182   1184   1186   1189   1191   1192   1227   1229   1231
   1234   1237   1238   1239   1240   1241   1408   1410   1412   1415
   1418   1421   1423   1424   1427   1430   1431   1707   1709   1711
   1714   1715   1717   1719   1720   1722   1724   1726   1727   1826
   1828   1830   1833   1835   1839   1843   1844   1845   1934   1936
   1938   1941   1944   1947   1949   1950   1953   1956   1957   2737
   2739   2741   2744   2745   2747   2749   2751   2753   2755   2756
   2771   2773   2775   2779   2780   2781   2783   2785   2788   2791
   2794   2797   2801   2802   2997   2999   3001   3003   3007   3011
   3012   3013   3015   3017   3019   3021   3025   3026   3027   3029
   3031   3034   3036   3037   3072   3074   3076   3079   3082   3083
   3084   3085   3086   3253   3255   3257   3260   3263   3266   3268
   3269   3272   3275   3276   3552   3554   3556   3559   3560   3562
   3564   3565   3567   3569   3571   3572   3671   3673   3675   3678
   3680   3684   3688   3689   3829   3831   3833   3836   3839   3842
   3844   3845   3848   3851   3852   4632   4634   4636   4639   4640
   4642   4644   4646   4648   4650   4651   4666   4668   4670   4674
   4675   4676   4678   4680   4683   4686   4689   4692   4696   4697
   4724   4726   4728   4731   4734   4737   4739   4740   4743   4746
   4747   4892   4894   4896   4898   4902   4906   4907   4908   4910
   4912   4914   4916   4920   4921   4922   4924   4926   4929   4931
   4932   4967   4969   4971   4974   4977   4978   4979   4980   4981
   5148   5150   5152   5155   5158   5161   5163   5164   5167   5170
   5171   5447   5449   5451   5454   5455   5457   5459   5460   5462
   5464   5466   5467   5566   5568   5570   5573   5575   5579   5583
   5584   5585   5587   5589   5592   5595   5598   5600   5601   5604
   5607   5608   5655   5656   5657   5658   5659   5660   5661   5662
   5663   5664   5665   5666   5667   5668   5669   5670   5679   5680
   5681   5682   5683   5684   5685   5686   5687   5688   5689   5690
   5691   5692   5693   5694   5703   5704   5705   5706   5707   5708
   5709   5710   5711   5712   5713   5714   5715   5716   5717   5718
 group =     2, "(sid:PROA or sid:PROB or sid:PROC) and          (an:CA | an:C | an:O | an:N)"
 # of atoms =  1393
 atomlist: 
      1      5     18     19     20     22     37     38     39     41
     61     62     63     65     68     69     70     72     87     88
     89     91    111    112    113    115    118    119    120    122
    128    129    130    132    142    143    144    146    156    157
    158    160    172    173    174    176    187    188    189    191
    211    212    213    215    223    224    225    227    237    238
    239    241    252    253    254    256    267    268    269    271
    282    283    284    286    301    302    303    305    320    321
    322    324    337    338    339    341    359    360    361    363
    373    374    375    377    395    396    397    399    412    413
    414    416    431    432    433    435    450    451    452    454
    465    466    467    469    487    488    489    491    506    507
    508    510    525    526    527    529    540    541    542    544
    555    556    557    559    569    570    571    573    586    587
    588    590    600    601    602    604    622    623    624    628
    636    637    638    640    651    652    653    655    663    664
    665    667    679    680    681    683    695    696    697    699
    712    713    714    716    729    730    731    733    748    749
    750    752    767    768    769    771    778    779    780    782
    788    789    790    792    802    803    804    808    816    817
    818    820    828    829    830    832    847    848    849    851
    864    865    866    868    874    875    876    878    890    891
    892    894    910    911    912    916    924    925    926    928
    934    935    936    938    956    957    958    960    966    967
    968    970    982    983    984    986   1006   1007   1008   1010
   1021   1022   1023   1025   1040   1041   1042   1044   1051   1052
   1053   1055   1058   1059   1060   1062   1082   1083   1084   1086
   1099   1100   1101   1103   1120   1121   1122   1124   1136   1137
   1138   1142   1150   1151   1152   1154   1166   1167   1168   1170
   1180   1181   1182   1184   1191   1192   1193   1195   1208   1209
   1210   1212   1225   1226   1227   1229   1240   1241   1242   1244
   1257   1258   1259   1261   1269   1270   1271   1273   1285   1286
   1287   1289   1299   1300   1301   1303   1306   1307   1308   1310
   1313   1314   1315   1317   1332   1333   1334   1336   1354   1355
   1356   1358   1376   1377   1378   1380   1387   1388   1389   1391
   1406   1407   1408   1410   1430   1431   1432   1434   1446   1447
   1448   1450   1463   1464   1465   1467   1480   1481   1482   1484
   1494   1495   1496   1498   1510   1511   1512   1514   1527   1528
   1529   1531   1541   1542   1543   1545   1553   1554   1555   1557
   1569   1570   1571   1575   1583   1584   1585   1587   1600   1601
   1602   1604   1612   1613   1614   1616   1629   1630   1631   1633
   1648   1649   1650   1652   1672   1673   1674   1676   1689   1690
   1691   1693   1705   1706   1707   1709   1726   1727   1728   1730
   1745   1746   1747   1749   1760   1761   1762   1764   1782   1783
   1784   1786   1792   1793   1794   1796   1808   1809   1810   1812
   1824   1825   1826   1828   1843   1846   1850   1863   1864   1865
   1867   1882   1883   1884   1886   1906   1907   1908   1910   1913
   1914   1915   1917   1932   1933   1934   1936   1956   1957   1958
   1960   1963   1964   1965   1967   1973   1974   1975   1977   1987
   1988   1989   1991   2001   2002   2003   2005   2017   2018   2019
   2021   2032   2033   2034   2036   2056   2057   2058   2060   2068
   2069   2070   2072   2082   2083   2084   2086   2097   2098   2099
   2101   2112   2113   2114   2116   2127   2128   2129   2131   2146
   2147   2148   2150   2165   2166   2167   2169   2182   2183   2184
   2186   2204   2205   2206   2208   2218   2219   2220   2222   2240
   2241   2242   2244   2257   2258   2259   2261   2276   2277   2278
   2280   2295   2296   2297   2299   2310   2311   2312   2314   2332
   2333   2334   2336   2351   2352   2353   2355   2370   2371   2372
   2374   2385   2386   2387   2389   2400   2401   2402   2404   2414
   2415   2416   2418   2431   2432   2433   2435   2445   2446   2447
   2449   2467   2468   2469   2473   2481   2482   2483   2485   2496
   2497   2498   2500   2508   2509   2510   2512   2524   2525   2526
   2528   2540   2541   2542   2544   2557   2558   2559   2561   2574
   2575   2576   2578   2593   2594   2595   2597   2612   2613   2614
   2616   2623   2624   2625   2627   2633   2634   2635   2637   2647
   2648   2649   2653   2661   2662   2663   2665   2673   2674   2675
   2677   2692   2693   2694   2696   2709   2710   2711   2713   2719
   2720   2721   2723   2735   2736   2737   2739   2755   2756   2757
   2761   2769   2770   2771   2773   2779   2780   2781   2783   2801
   2802   2803   2805   2811   2812   2813   2815   2827   2828   2829
   2831   2851   2852   2853   2855   2866   2867   2868   2870   2885
   2886   2887   2889   2896   2897   2898   2900   2903   2904   2905
   2907   2927   2928   2929   2931   2944   2945   2946   2948   2965
   2966   2967   2969   2981   2982   2983   2987   2995   2996   2997
   2999   3011   3012   3013   3015   3025   3026   3027   3029   3036
   3037   3038   3040   3053   3054   3055   3057   3070   3071   3072
   3074   3085   3086   3087   3089   3102   3103   3104   3106   3114
   3115   3116   3118   3130   3131   3132   3134   3144   3145   3146
   3148   3151   3152   3153   3155   3158   3159   3160   3162   3177
   3178   3179   3181   3199   3200   3201   3203   3221   3222   3223
   3225   3232   3233   3234   3236   3251   3252   3253   3255   3275
   3276   3277   3279   3291   3292   3293   3295   3308   3309   3310
   3312   3325   3326   3327   3329   3339   3340   3341   3343   3355
   3356   3357   3359   3372   3373   3374   3376   3386   3387   3388
   3390   3398   3399   3400   3402   3414   3415   3416   3420   3428
   3429   3430   3432   3445   3446   3447   3449   3457   3458   3459
   3461   3474   3475   3476   3478   3493   3494   3495   3497   3517
   3518   3519   3521   3534   3535   3536   3538   3550   3551   3552
   3554   3571   3572   3573   3575   3590   3591   3592   3594   3605
   3606   3607   3609   3627   3628   3629   3631   3637   3638   3639
   3641   3653   3654   3655   3657   3669   3670   3671   3673   3688
   3689   3690   3692   3712   3713   3714   3718   3726   3727   3728
   3730   3738   3741   3745   3758   3759   3760   3762   3777   3778
   3779   3781   3801   3802   3803   3805   3808   3809   3810   3812
   3827   3828   3829   3831   3851   3852   3853   3855   3858   3859
   3860   3862   3868   3869   3870   3872   3882   3883   3884   3886
   3896   3897   3898   3900   3912   3913   3914   3916   3927   3928
   3929   3931   3951   3952   3953   3955   3963   3964   3965   3967
   3977   3978   3979   3981   3992   3993   3994   3996   4007   4008
   4009   4011   4022   4023   4024   4026   4041   4042   4043   4045
   4060   4061   4062   4064   4077   4078   4079   4081   4099   4100
   4101   4103   4113   4114   4115   4117   4135   4136   4137   4139
   4152   4153   4154   4156   4171   4172   4173   4175   4190   4191
   4192   4194   4205   4206   4207   4209   4227   4228   4229   4231
   4246   4247   4248   4250   4265   4266   4267   4269   4280   4281
   4282   4284   4295   4296   4297   4299   4309   4310   4311   4313
   4326   4327   4328   4330   4340   4341   4342   4344   4362   4363
   4364   4368   4376   4377   4378   4380   4391   4392   4393   4395
   4403   4404   4405   4407   4419   4420   4421   4423   4435   4436
   4437   4439   4452   4453   4454   4456   4469   4470   4471   4473
   4488   4489   4490   4492   4507   4508   4509   4511   4518   4519
   4520   4522   4528   4529   4530   4532   4542   4543   4544   4548
   4556   4557   4558   4560   4568   4569   4570   4572   4587   4588
   4589   4591   4604   4605   4606   4608   4614   4615   4616   4618
   4630   4631   4632   4634   4650   4651   4652   4656   4664   4665
   4666   4668   4674   4675   4676   4678   4696   4697   4698   4700
   4706   4707   4708   4710   4722   4723   4724   4726   4746   4747
   4748   4750   4761   4762   4763   4765   4780   4781   4782   4784
   4791   4792   4793   4795   4798   4799   4800   4802   4822   4823
   4824   4826   4839   4840   4841   4843   4860   4861   4862   4864
   4876   4877   4878   4882   4890   4891   4892   4894   4906   4907
   4908   4910   4920   4921   4922   4924   4931   4932   4933   4935
   4948   4949   4950   4952   4965   4966   4967   4969   4980   4981
   4982   4984   4997   4998   4999   5001   5009   5010   5011   5013
   5025   5026   5027   5029   5039   5040   5041   5043   5046   5047
   5048   5050   5053   5054   5055   5057   5072   5073   5074   5076
   5094   5095   5096   5098   5116   5117   5118   5120   5127   5128
   5129   5131   5146   5147   5148   5150   5170   5171   5172   5174
   5186   5187   5188   5190   5203   5204   5205   5207   5220   5221
   5222   5224   5234   5235   5236   5238   5250   5251   5252   5254
   5267   5268   5269   5271   5281   5282   5283   5285   5293   5294
   5295   5297   5309   5310   5311   5315   5323   5324   5325   5327
   5340   5341   5342   5344   5352   5353   5354   5356   5369   5370
   5371   5373   5388   5389   5390   5392   5412   5413   5414   5416
   5429   5430   5431   5433   5445   5446   5447   5449   5466   5467
   5468   5470   5485   5486   5487   5489   5500   5501   5502   5504
   5522   5523   5524   5526   5532   5533   5534   5536   5548   5549
   5550   5552   5564   5565   5566   5568   5583   5584   5585   5587
   5607   5608   5609   5613   5621   5622   5623   5625   5633   5634
   5635   5637   5652
Setup_Enefunc_Restraint> Setup restraint functions
 func  =     1 kind  =     1
 const(total, x, y, z) =    2.000   1.000   1.000   1.000
 exponend of function =     2
 # of groups  =     1
 grouplist:   1

 func  =     2 kind  =     1
 const(total, x, y, z) =    0.100   1.000   1.000   1.000
 exponend of function =     2
 # of groups  =     1
 grouplist:   2

Define_Enefunc_CHARMM> Number of Interactions in Each Term
  bond_ene        =      48790  angle_ene       =      24842
  urey_ene        =       5157
  torsion_ene     =      18192  improper_ene    =        979
  cmap_ene        =        343
  restraint_groups=          2  restraint_funcs =          2
 
Setup_Fitting_Atdyn> NO fitting is applied, skip
  fitting method  =  NO
 
Update_Num_Deg_Freedom> Number of degrees of freedom was updated
  num_deg_freedom =     106611 (After setup of fixed atoms at boundary)
 
Remove_Fixatm> Modified Interactions
  bond_ene        =      35575  angle_ene       =      20437
  urey_ene        =       5157
  torsion_ene     =      18192  improper_ene    =        979
 
Setup_Settle> Setup constraints for SETTLE
  num_unconsbonds =       5764      num_Settle  =       9937
  r0(O-H)         =     0.9572  mass(O)         =    15.9994
  r0(H-H)         =     1.5139  mass(H)         =     1.0080
 
Setup_Shake> Setup constrains for SHAKE and RATTLE
  num_unconsbonds =       2864  num_rigid_bonds =       2900
 
Update_Num_Deg_Freedom> Number of degrees of freedom was updated
  num_deg_freedom =      76800 (After setup of SETTLE)
 
Update_Num_Deg_Freedom> Number of degrees of freedom was updated
  num_deg_freedom =      73900 (After setup of SHAKE/RATTLE)
 
[STEP4] Compute Single Point Energy for Molecules
 
            STEP            BOND           ANGLE    UREY-BRADLEY        DIHEDRAL        IMPROPER            CMAP         VDWAALS           ELECT    RESTRAINT001    RESTRAINT002    RESTR_CVS001    RESTR_CVS002            SPOT
 --------------- --------------- --------------- --------------- ---------------
               0       1097.2113       2887.9692        383.7670       3676.8840        178.0535       -100.5240      12690.9663    -164383.3733         63.3048         18.0686          0.0000          0.0000          6.9746

[STEP5] Perform Molecular Dynamics Simulation
 
INFO:       STEP            TIME       TOTAL_ENE   POTENTIAL_ENE     KINETIC_ENE            RMSG            BOND           ANGLE    UREY-BRADLEY        DIHEDRAL        IMPROPER            CMAP         VDWAALS           ELECT RESTRAINT_TOTAL    RESTRAINT001    RESTRAINT002    RESTR_CVS001    RESTR_CVS002     TEMPERATURE          VOLUME            SPOT
 --------------- --------------- --------------- --------------- ---------------
INFO:        500          1.0000    -121319.8753    -143218.9863      21899.1110         12.2730       1124.8492       2915.8707        384.2676       3680.8793        187.0020       -116.2553      12744.6987    -164236.8651         96.5665         67.3363         29.2302          0.0000          0.0000        298.2445          0.0000          6.8179

INFO:       1000          2.0000    -121357.4141    -143369.3278      22011.9137         12.2568       1148.8090       2813.1958        370.1661       3645.0955        187.6835        -94.7572      12666.6194    -164204.4530         98.3131         65.7557         32.5574          0.0000          0.0000        299.7808          0.0000          4.9388

INFO:       1500          3.0000    -121422.3600    -143504.9599      22082.6000         12.2658       1140.2455       2816.5329        373.0202       3691.1788        185.9281       -107.2497      12975.9952    -164678.2265         97.6157         66.3492         31.2665          0.0000          0.0000        300.7434          0.0000          7.8891

INFO:       2000          4.0000    -121424.1742    -143449.3208      22025.1466         12.2239       1152.5170       2805.0504        373.2715       3662.5803        176.6377       -105.9792      12415.0271    -164029.2876        100.8620         69.5301         31.3319          0.0000          0.0000        299.9610          0.0000         11.0014

INFO:       2500          5.0000    -121332.1937    -143334.2345      22002.0408         12.1647       1096.7450       2860.5343        370.7113       3664.4282        194.3696       -116.6707      12406.3079    -163911.2496        100.5896         67.7070         32.8826          0.0000          0.0000        299.6463          0.0000          6.1437

INFO:       3000          6.0000    -121352.8960    -143403.6448      22050.7488         12.2438       1121.5141       2906.7509        379.2597       3661.7717        185.9231       -102.0181      12576.2922    -164237.2692        104.1308         71.9071         32.2237          0.0000          0.0000        300.3096          0.0000         15.0225

INFO:       3500          7.0000    -121340.9451    -143550.9643      22210.0191         12.2478       1138.0056       2869.2861        387.7470       3688.5648        186.0068       -103.0143      12803.4323    -164615.8787         94.8861         63.6369         31.2492          0.0000          0.0000        302.4788          0.0000         12.8661

INFO:       4000          8.0000    -121323.3189    -143510.2787      22186.9598         12.2118       1120.4542       2903.1907        384.8036       3659.7124        167.6123        -99.9521      12370.5267    -164119.6028        102.9763         67.8477         35.1286          0.0000          0.0000        302.1647          0.0000          7.4373

INFO:       4500          9.0000    -121311.3646    -143363.2265      22051.8619         12.2819       1171.6892       2913.0042        377.1866       3657.5437        201.1799        -87.7647      12661.3113    -164364.1859        106.8091         70.6472         36.1620          0.0000          0.0000        300.3248          0.0000          9.7290

INFO:       5000         10.0000    -121365.8170    -143289.6588      21923.8418         12.2835       1133.0245       2960.4877        397.5450       3643.9632        203.4704       -103.0144      12358.7060    -163977.1369         93.2958         61.3309         31.9649          0.0000          0.0000        298.5813          0.0000         11.3299

INFO:       5500         11.0000    -121457.2618    -143586.9765      22129.7148         12.2450       1095.5478       2964.4925        385.6828       3646.7983        197.1907       -104.9090      12628.0175    -164501.1200        101.3229         66.6394         34.6836          0.0000          0.0000        301.3851          0.0000          4.5401

INFO:       6000         12.0000    -121476.7863    -143345.0364      21868.2501         12.1950       1049.2501       2907.3731        378.0152       3642.6283        194.0548       -108.6006      12702.0261    -164212.0238        102.2405         65.2836         36.9569          0.0000          0.0000        297.8242          0.0000         16.7772

INFO:       6500         13.0000    -121504.2875    -143501.8560      21997.5685         12.2448       1119.1418       2925.1912        378.2518       3628.5228        188.8023        -93.4847      12554.3210    -164300.6499         98.0478         66.4233         31.6244          0.0000          0.0000        299.5854          0.0000          9.1114

INFO:       7000         14.0000    -121419.5601    -143497.7126      22078.1525         12.2282       1142.0493       2938.3167        369.6350       3663.7822        179.3398       -111.7642      12544.9564    -164332.8628        108.8351         75.4437         33.3914          0.0000          0.0000        300.6829          0.0000          9.7746

INFO:       7500         15.0000    -121380.0404    -143511.8665      22131.8261         12.2908       1169.6200       2904.0764        382.3772       3656.6367        197.9409        -93.4377      12344.6112    -164175.8061        102.1149         69.7093         32.4057          0.0000          0.0000        301.4138          0.0000          7.6307

INFO:       8000         16.0000    -121493.9246    -143517.4627      22023.5381         12.2437       1113.4962       2861.1790        376.5913       3673.7205        194.6509       -102.0137      12488.2990    -164215.1324         91.7465         58.7711         32.9754          0.0000          0.0000        299.9391          0.0000         11.9305

INFO:       8500         17.0000    -121458.6265    -143548.7900      22090.1635         12.2690       1137.3740       2873.3798        381.0396       3649.4651        190.5757       -119.7880      12633.8670    -164390.4945         95.7914         63.6567         32.1347          0.0000          0.0000        300.8464          0.0000         13.1800

INFO:       9000         18.0000    -121476.6190    -143487.1011      22010.4821         12.3393       1136.0822       2995.3419        384.0845       3682.7630        187.2885       -114.1723      12687.0428    -164534.7874         89.2559         59.4546         29.8013          0.0000          0.0000        299.7613          0.0000         13.9951

INFO:       9500         19.0000    -121447.7782    -143583.8300      22136.0518         12.3033       1126.3235       2890.1407        375.4664       3673.3999        201.3855       -105.1539      12735.4387    -164574.7856         93.9549         58.9398         35.0151          0.0000          0.0000        301.4714          0.0000         14.5960

INFO:      10000         20.0000    -121464.1300    -143412.0203      21947.8903         12.1980       1124.4184       2867.7785        378.8184       3648.8832        195.2544        -86.0305      12560.3295    -164213.0104        111.5382         75.4914         36.0468          0.0000          0.0000        298.9088          0.0000         13.8169

INFO:      10500         21.0000    -121338.7357    -143465.9719      22127.2362         12.2443       1091.1315       2868.8745        382.3708       3691.4874        186.5869        -98.3277      12722.5140    -164408.0546         97.4454         60.6210         36.8244          0.0000          0.0000        301.3513          0.0000         22.9613

INFO:      11000         22.0000    -121305.3933    -143565.3368      22259.9435         12.2426       1109.6502       2923.1011        375.9773       3678.2140        194.6781       -102.9752      12864.1757    -164698.6678         90.5100         57.0438         33.4662          0.0000          0.0000        303.1587          0.0000         11.7839

INFO:      11500         23.0000    -121229.8505    -143320.9389      22091.0884         12.2085       1128.3029       2832.1837        375.6875       3647.2411        200.6520        -95.4010      12605.9698    -164108.3899         92.8151         59.2602         33.5548          0.0000          0.0000        300.8590          0.0000         14.4778

INFO:      12000         24.0000    -121132.2584    -143340.5364      22208.2780         12.2576       1097.6974       2909.1410        380.1254       3644.9521        180.3494        -90.3575      12399.4721    -163959.4125         97.4963         64.4187         33.0776          0.0000          0.0000        302.4550          0.0000          7.5615

INFO:      12500         25.0000    -121058.3096    -143088.2891      22029.9795         12.1971       1115.3440       2846.4812        366.5780       3661.2590        178.9139       -107.4738      12236.1962    -163479.8796         94.2920         59.9037         34.3884          0.0000          0.0000        300.0268          0.0000         10.0425

INFO:      13000         26.0000    -121103.6578    -143221.6718      22118.0140         12.2658       1129.9906       2860.2104        370.5356       3663.8582        199.9934        -97.5097      12686.9277    -164123.1639         87.4861         53.9068         33.5793          0.0000          0.0000        301.2257          0.0000         10.0058

INFO:      13500         27.0000    -121256.3302    -143352.7896      22096.4594         12.2215       1119.8302       2881.4138        364.7343       3662.2935        200.2529       -107.5872      12479.1661    -164051.1285         98.2354         64.6561         33.5793          0.0000          0.0000        300.9322          0.0000         12.7443

INFO:      14000         28.0000    -121350.2273    -143353.8870      22003.6597         12.2632       1125.2822       2912.3246        361.2251       3659.4205        195.7700       -107.7701      12308.5383    -163906.3887         97.7111         65.2882         32.4229          0.0000          0.0000        299.6683          0.0000         10.6546

INFO:      14500         29.0000    -121448.7998    -143602.6757      22153.8759         12.2497       1126.4346       2848.7602        379.0528       3680.3908        177.4915        -98.8243      12833.8625    -164641.6671         91.8232         58.9920         32.8312          0.0000          0.0000        301.7141          0.0000         10.4475

INFO:      15000         30.0000    -121366.8301    -143508.7015      22141.8714         12.2465       1174.2666       2898.1875        371.8229       3679.6283        186.7079       -105.5265      12628.9497    -164443.5269        100.7890         67.2088         33.5802          0.0000          0.0000        301.5507          0.0000         12.6700

INFO:      15500         31.0000    -121480.7896    -143645.2160      22164.4264         12.2402       1131.3843       2834.2023        371.9970       3656.9224        196.7792        -97.1222      12772.7601    -164610.0143         97.8751         58.2161         39.6590          0.0000          0.0000        301.8578          0.0000          8.2287

INFO:      16000         32.0000    -121491.0183    -143570.3051      22079.2868         12.2014       1109.1841       2801.8886        359.2939       3673.4821        176.1237       -114.6807      12587.5893    -164260.1260         96.9398         61.6818         35.2580          0.0000          0.0000        300.6983          0.0000         10.5632

INFO:      16500         33.0000    -121395.6590    -143377.0181      21981.3591         12.2141       1108.1615       2880.2273        375.2415       3686.8613        174.9707       -104.3946      12574.2410    -164180.8582        108.5314         70.5876         37.9438          0.0000          0.0000        299.3646          0.0000         12.1371

INFO:      17000         34.0000    -121406.9820    -143496.6889      22089.7069         12.2181       1100.7174       2869.6233        377.1488       3683.9859        183.6697        -96.4047      12715.6563    -164441.7313        110.6457         72.0782         38.5675          0.0000          0.0000        300.8402          0.0000         17.9201

INFO:      17500         35.0000    -121366.3774    -143451.2959      22084.9185         12.1912       1108.0729       2820.0652        370.5448       3669.3530        195.1713        -99.1392      12508.7448    -164129.1789        105.0701         72.3743         32.6958          0.0000          0.0000        300.7750          0.0000         13.9013

INFO:      18000         36.0000    -121397.3380    -143289.0999      21891.7618         12.2340       1161.8721       2829.9186        364.7382       3646.0460        186.1577        -99.6456      12646.2272    -164131.8434        107.4294         72.3120         35.1174          0.0000          0.0000        298.1444          0.0000         12.0635

INFO:      18500         37.0000    -121416.8822    -143168.2536      21751.3714         12.1739       1143.0847       2886.1371        367.3308       3727.4852        179.3226       -105.8895      12359.9594    -163834.0913        108.4073         70.9875         37.4197          0.0000          0.0000        296.2324          0.0000         10.5257

INFO:      19000         38.0000    -121251.0572    -143465.6779      22214.6206         12.1917       1085.9305       2821.0623        377.2135       3645.7344        181.3324       -107.3436      12512.6230    -164079.8298         97.5994         65.9353         31.6641          0.0000          0.0000        302.5414          0.0000          8.6823

INFO:      19500         39.0000    -121323.3153    -143498.9543      22175.6390         12.2749       1142.4834       2791.5052        368.9998       3660.7119        197.3824       -113.7915      12735.6147    -164375.8814         94.0212         59.5245         34.4966          0.0000          0.0000        302.0105          0.0000          4.9319

INFO:      20000         40.0000    -121358.8286    -143420.4211      22061.5926         12.1776       1125.5156       2874.2118        370.3422       3692.6855        182.5962       -114.7436      12559.2402    -164203.3157         93.0466         58.4139         34.6326          0.0000          0.0000        300.4573          0.0000          9.9512

INFO:      20500         41.0000    -121280.9374    -143586.3574      22305.4201         12.2229       1141.6197       2819.1569        365.7327       3682.6184        183.9862        -97.7297      12688.2131    -164482.7372        112.7825         77.7385         35.0439          0.0000          0.0000        303.7780          0.0000         10.3712

INFO:      21000         42.0000    -121368.5405    -143366.1298      21997.5893         12.2106       1145.5774       2889.6907        378.7642       3668.4976        182.5899       -115.6355      12496.1736    -164124.1497        112.3619         74.1498         38.2121          0.0000          0.0000        299.5857          0.0000         10.1671

INFO:      21500         43.0000    -121306.2938    -143414.9042      22108.6104         12.2360       1102.4068       2881.6509        366.0011       3647.3231        192.3160       -113.8725      12527.9837    -164126.5396        107.8264         66.8179         41.0086          0.0000          0.0000        301.0977          0.0000          9.2428

INFO:      22000         44.0000    -121375.4596    -143497.0900      22121.6304         12.2412       1102.8358       2910.3892        376.6159       3654.9511        193.2016        -98.8405      12567.3307    -164310.4487        106.8747         69.4477         37.4271          0.0000          0.0000        301.2750          0.0000          6.0660

INFO:      22500         45.0000    -121509.3844    -143483.0974      21973.7130         12.2147       1112.2248       2827.0055        369.4129       3654.8304        191.7135        -91.5026      12602.0489    -164248.4078         99.5771         63.8013         35.7758          0.0000          0.0000        299.2605          0.0000          7.9799

INFO:      23000         46.0000    -121499.1496    -143386.7623      21887.6126         12.2634       1131.1335       2830.5186        365.9337       3646.6143        205.0928        -89.0830      12477.4304    -164056.7365        102.3339         69.4335         32.9004          0.0000          0.0000        298.0879          0.0000         12.4088

INFO:      23500         47.0000    -121545.1189    -143596.3602      22051.2413         12.2393       1115.4053       2853.1266        357.1241       3666.3639        181.7396       -102.4979      12515.6270    -164289.2553        106.0066         66.3067         39.6999          0.0000          0.0000        300.3164          0.0000          7.2187

INFO:      24000         48.0000    -121564.0669    -143496.0941      21932.0271         12.2262       1141.4500       2861.0892        370.6111       3652.0411        189.2283       -108.4244      12619.9901    -164317.9866         95.9071         61.8070         34.1001          0.0000          0.0000        298.6928          0.0000          6.0255

INFO:      24500         49.0000    -121538.6904    -143455.9348      21917.2444         12.2113       1112.8257       2858.6489        371.9012       3656.1804        201.4219       -102.2507      12371.6768    -164028.8585        102.5194         65.5476         36.9718          0.0000          0.0000        298.4915          0.0000         10.1437

INFO:      25000         50.0000    -121560.4518    -143521.3866      21960.9348         12.1568       1091.5265       2834.0453        379.7980       3669.8762        172.7359       -116.0566      12665.9003    -164323.1698        103.9578         72.3263         31.6315          0.0000          0.0000        299.0865          0.0000          4.6808

INFO:      25500         51.0000    -121548.7868    -143569.5487      22020.7619         12.1634       1073.0454       2809.1949        359.0644       3661.5773        164.0589        -97.8491      12741.1179    -164389.3107        109.5522         77.5516         32.0006          0.0000          0.0000        299.9013          0.0000         10.2929

INFO:      26000         52.0000    -121623.8608    -143555.4642      21931.6034         12.1519       1103.4793       2813.6298        359.7327       3721.2429        197.1315       -119.4895      12370.6848    -164114.0327        112.1571         75.1069         37.0502          0.0000          0.0000        298.6870          0.0000          6.0065

INFO:      26500         53.0000    -121492.9503    -143533.0145      22040.0641         12.1475       1080.3114       2868.8619        372.0357       3652.1900        175.5890       -114.0892      12453.2240    -164127.8720        106.7348         72.8105         33.9243          0.0000          0.0000        300.1641          0.0000          7.1301

INFO:      27000         54.0000    -121643.3063    -143418.0002      21774.6939         12.1678       1080.6164       2921.5233        367.2326       3640.6460        176.4284       -107.9047      12331.8643    -163926.3703         97.9637         63.1499         34.8139          0.0000          0.0000        296.5501          0.0000          7.5868

INFO:      27500         55.0000    -121573.6410    -143559.5603      21985.9193         12.1707       1096.3993       2842.1953        362.9496       3648.4222        184.6401        -88.7961      12756.7898    -164456.7500         94.5896         56.7002         37.8894          0.0000          0.0000        299.4267          0.0000          6.5824

INFO:      28000         56.0000    -121483.0976    -143392.3450      21909.2474         12.1485       1081.4517       2815.7534        355.5614       3669.0929        178.0904       -101.1951      12636.3911    -164121.3138         93.8230         59.2379         34.5851          0.0000          0.0000        298.3825          0.0000         13.1119

INFO:      28500         57.0000    -121611.5712    -143641.0201      22029.4489         12.1580       1038.8050       2859.1969        363.8989       3700.0788        174.0280       -115.9512      12573.0802    -164352.1793        118.0227         79.1720         38.8507          0.0000          0.0000        300.0196          0.0000          7.9900

INFO:      29000         58.0000    -121582.9001    -143496.5316      21913.6315         12.1689       1090.6866       2834.0697        359.4872       3671.7238        203.5962       -103.4520      12411.3164    -164068.6102        104.6508         67.3616         37.2892          0.0000          0.0000        298.4422          0.0000          6.4804

INFO:      29500         59.0000    -121741.6740    -143512.0660      21770.3920         12.2164       1090.3816       2827.3620        364.2166       3673.7488        179.0273       -105.6022      12526.8924    -164173.6548        105.5622         67.8667         37.6955          0.0000          0.0000        296.4915          0.0000         11.3958

INFO:      30000         60.0000    -121688.7025    -143495.4808      21806.7783         12.1939       1120.6103       2799.3017        357.0109       3653.2934        187.1983       -102.6341      12471.6133    -164069.5687         87.6942         55.1330         32.5613          0.0000          0.0000        296.9870          0.0000          6.5884

INFO:      30500         61.0000    -121733.3889    -143405.9194      21672.5305         12.2159       1152.2765       2832.6446        370.8357       3679.0409        196.0757       -103.6171      12483.0630    -164117.2127        100.9739         64.4793         36.4946          0.0000          0.0000        295.1587          0.0000          9.0072

INFO:      31000         62.0000    -121752.9530    -143541.7482      21788.7952         12.2572       1128.2496       2780.2896        362.6285       3697.2446        193.0437        -97.1281      12423.6649    -164129.6525         99.9115         69.3964         30.5151          0.0000          0.0000        296.7421          0.0000         12.4842

INFO:      31500         63.0000    -121751.3741    -143443.0336      21691.6594         12.2486       1136.2698       2871.6364        367.2974       3653.9442        203.0981        -87.0362      12711.7409    -164419.4030        119.4189         77.7653         41.6536          0.0000          0.0000        295.4192          0.0000         13.2879

INFO:      32000         64.0000    -121597.6576    -143486.3734      21888.7158         12.2553       1108.9344       2860.5129        373.6470       3721.5722        177.6493       -105.2310      12754.5079    -164482.4126        104.4465         68.8723         35.5742          0.0000          0.0000        298.1029          0.0000         10.0807

INFO:      32500         65.0000    -121526.8604    -143531.0297      22004.1694         12.2612       1114.3390       2837.5324        370.2513       3640.1412        190.5041       -105.2290      12786.4391    -164461.8632         96.8553         64.7716         32.0837          0.0000          0.0000        299.6753          0.0000          8.8944

INFO:      33000         66.0000    -121461.5449    -143577.7064      22116.1615         12.2212       1125.4198       2868.9650        380.7582       3662.8319        195.4144        -99.3078      12397.3134    -164213.7751        104.6738         67.2635         37.4103          0.0000          0.0000        301.2005          0.0000         12.1387

INFO:      33500         67.0000    -121501.1657    -143546.6478      22045.4821         12.1710       1088.7163       2859.9219        372.6627       3642.1080        179.6434       -100.6051      12629.8806    -164314.8389         95.8633         61.7707         34.0927          0.0000          0.0000        300.2379          0.0000         12.6805

INFO:      34000         68.0000    -121523.2241    -143471.4052      21948.1811         12.2433       1142.8289       2855.9919        379.3902       3655.4396        186.2340        -89.7869      12567.8004    -164277.7764        108.4731         72.5133         35.9598          0.0000          0.0000        298.9128          0.0000          5.5239

INFO:      34500         69.0000    -121428.1018    -143351.3241      21923.2222         12.1916       1143.1740       2846.1243        383.6679       3659.1017        180.9146       -107.7572      12424.3185    -163986.8494        105.9815         68.0580         37.9235          0.0000          0.0000        298.5729          0.0000         11.3934

INFO:      35000         70.0000    -121545.3290    -143539.3304      21994.0014         12.2244       1136.3851       2816.8236        375.7369       3651.8427        190.8365       -114.4735      12685.7959    -164383.1418        100.8643         67.1284         33.7359          0.0000          0.0000        299.5368          0.0000          7.3799

INFO:      35500         71.0000    -121609.7888    -143448.5849      21838.7960         12.2163       1135.6083       2863.2581        373.6543       3656.3540        191.8373       -116.7736      12850.2805    -164498.2951         95.4911         61.9332         33.5579          0.0000          0.0000        297.4231          0.0000         10.9820

INFO:      36000         72.0000    -121590.8170    -143385.5943      21794.7773         12.1358       1076.1077       2819.3038        352.8543       3645.6867        189.9790       -104.1676      12155.8503    -163622.9618        101.7532         69.7860         31.9672          0.0000          0.0000        296.8236          0.0000          6.5277

INFO:      36500         73.0000    -121557.6882    -143409.3860      21851.6978         12.2340       1146.6830       2843.2132        382.3782       3678.6736        178.2532       -131.0205      12690.8730    -164300.5237        102.0839         67.6246         34.4593          0.0000          0.0000        297.5988          0.0000         16.6311

INFO:      37000         74.0000    -121617.3994    -143415.4575      21798.0581         12.2649       1155.1679       2827.5951        360.1160       3670.3807        200.5688       -105.8660      12636.8515    -164269.2646        108.9930         72.1482         36.8448          0.0000          0.0000        296.8682          0.0000         14.0759

INFO:      37500         75.0000    -121598.7023    -143530.2725      21931.5702         12.2199       1126.0508       2851.2125        377.2697       3651.9800        184.1653       -101.7469      12429.4300    -164139.0039         90.3699         57.8508         32.5192          0.0000          0.0000        298.6866          0.0000          9.3165

INFO:      38000         76.0000    -121505.1885    -143677.7601      22172.5716         12.2051       1116.1189       2828.2361        376.5978       3658.8966        186.0553        -88.8985      12622.5593    -164472.9559         95.6302         62.8609         32.7693          0.0000          0.0000        301.9688          0.0000         14.4202

INFO:      38500         77.0000    -121565.8132    -143485.7583      21919.9451         12.2115       1153.2472       2867.5912        368.1992       3647.3514        183.7506        -94.5533      12592.1760    -164308.2088        104.6882         70.7421         33.9461          0.0000          0.0000        298.5282          0.0000          8.6325

INFO:      39000         78.0000    -121527.1156    -143474.6662      21947.5506         12.2320       1180.1815       2823.9222        374.1567       3654.0847        186.0371        -98.8820      12301.8976    -164002.2424        106.1783         71.7371         34.4412          0.0000          0.0000        298.9042          0.0000          7.9736

INFO:      39500         79.0000    -121473.2832    -143407.4221      21934.1388         12.1997       1138.8832       2794.8478        359.9798       3658.8850        197.1804       -109.6041      12223.1407    -163772.1712        101.4364         68.4095         33.0268          0.0000          0.0000        298.7215          0.0000         13.5408

INFO:      40000         80.0000    -121540.3399    -143506.8439      21966.5040         12.2487       1133.2038       2857.8165        383.5348       3611.2143        181.8285        -96.7531      12654.2390    -164334.7501        102.8224         67.3093         35.5131          0.0000          0.0000        299.1623          0.0000         14.1215

INFO:      40500         81.0000    -121460.5921    -143258.4028      21797.8107         12.1899       1092.7792       2967.8408        377.4938       3633.7218        191.6540       -107.4510      12433.6584    -163949.2036        101.1039         65.2645         35.8394          0.0000          0.0000        296.8649          0.0000          8.2815

INFO:      41000         82.0000    -121412.8283    -143488.8305      22076.0022         12.2683       1120.0654       2831.5834        381.0291       3648.7196        200.1174       -105.0770      12832.9219    -164496.9142         98.7240         58.4303         40.2937          0.0000          0.0000        300.6536          0.0000          9.7567

INFO:      41500         83.0000    -121338.7140    -143449.0052      22110.2912         12.2123       1125.9196       2833.6322        362.6154       3669.5604        204.0370       -110.7252      12541.6938    -164177.0352        101.2967         66.6660         34.6307          0.0000          0.0000        301.1206          0.0000          5.1133

INFO:      42000         84.0000    -121384.5578    -143463.4918      22078.9340         12.2503       1126.8494       2893.7569        368.3745       3648.6669        178.2969       -116.1293      12557.9413    -164224.5761        103.3277         66.2025         37.1252          0.0000          0.0000        300.6935          0.0000         12.2257

INFO:      42500         85.0000    -121313.0669    -143420.9978      22107.9309         12.2592       1146.8045       2844.7043        382.0286       3643.3888        170.8070       -107.1723      12950.1520    -164548.2783         96.5676         62.8236         33.7441          0.0000          0.0000        301.0884          0.0000         10.6568

INFO:      43000         86.0000    -121307.9897    -143342.3256      22034.3359         12.2074       1093.8777       2856.6709        377.9244       3637.9918        182.8428       -109.9786      12699.4664    -164177.0443         95.9234         59.6252         36.2982          0.0000          0.0000        300.0861          0.0000         10.3877

INFO:      43500         87.0000    -121344.8827    -143325.0127      21980.1300         12.2207       1144.1003       2873.1710        392.9858       3677.3081        180.1366       -108.5404      12486.8872    -164066.9779         95.9165         61.2092         34.7072          0.0000          0.0000        299.3479          0.0000         10.6980

INFO:      44000         88.0000    -121481.6088    -143438.6941      21957.0853         12.1924       1132.4101       2845.9302        380.7095       3686.7088        178.3977       -111.0359      12496.1368    -164150.5476        102.5963         63.6960         38.9003          0.0000          0.0000        299.0340          0.0000         16.5842

INFO:      44500         89.0000    -121502.0544    -143438.2324      21936.1781         12.1875       1097.6979       2844.3224        371.4095       3661.4581        180.5894       -116.2704      12351.2683    -163922.0075         93.2998         57.1312         36.1686          0.0000          0.0000        298.7493          0.0000         13.9854

INFO:      45000         90.0000    -121465.6433    -143618.9624      22153.3191         12.1882       1098.9468       2783.2757        376.1261       3654.8663        171.9970       -110.5951      12632.0457    -164332.0373        106.4124         70.3883         36.0241          0.0000          0.0000        301.7066          0.0000         13.4303

INFO:      45500         91.0000    -121292.0493    -143184.6512      21892.6019         12.2272       1100.1298       2859.5414        394.2906       3692.3618        172.5980        -93.5904      12656.2216    -164071.3428        105.1390         67.5378         37.6011          0.0000          0.0000        298.1558          0.0000          8.1583

INFO:      46000         92.0000    -121350.9793    -143318.6603      21967.6811         12.1923       1110.5697       2789.2658        363.6446       3653.5465        202.9348       -102.1277      12566.4862    -164008.6612        105.6808         68.9446         36.7361          0.0000          0.0000        299.1783          0.0000          8.7074

INFO:      46500         93.0000    -121349.8853    -143411.5707      22061.6853         12.2226       1096.0993       2917.0406        378.0896       3655.9759        196.7600       -101.9959      12703.0964    -164364.4070        107.7704         72.0128         35.7577          0.0000          0.0000        300.4586          0.0000         11.3096

INFO:      47000         94.0000    -121316.1765    -143464.2766      22148.1001         12.2318       1071.1572       2896.2870        379.6152       3669.5075        197.1794       -101.2122      12813.3966    -164490.4997        100.2924         59.8882         40.4042          0.0000          0.0000        301.6355          0.0000          9.6064

INFO:      47500         95.0000    -121331.0658    -143525.3274      22194.2616         12.1978       1118.5360       2776.0207        373.9945       3665.0816        181.9178       -103.8326      12478.3117    -164117.0165        101.6594         63.4665         38.1928          0.0000          0.0000        302.2642          0.0000          9.9543

INFO:      48000         96.0000    -121277.7763    -143407.8904      22130.1141         12.1969       1107.9940       2825.9882        379.8714       3642.2256        205.8450       -107.4533      12506.5248    -164076.1217        107.2356         64.9008         42.3348          0.0000          0.0000        301.3905          0.0000          9.3038

INFO:      48500         97.0000    -121376.7788    -143486.1267      22109.3479         12.1855       1132.9646       2816.0343        359.8318       3650.3872        167.7050       -111.7210      12580.6908    -164186.9551        104.9356         68.2472         36.6884          0.0000          0.0000        301.1077          0.0000          7.1237

INFO:      49000         98.0000    -121401.2156    -143318.5431      21917.3275         12.2422       1147.9778       2918.0597        380.7237       3630.6420        176.5316        -99.1964      12463.8574    -164046.3560        109.2171         68.2802         40.9369          0.0000          0.0000        298.4926          0.0000          9.0244

INFO:      49500         99.0000    -121348.9512    -143417.2770      22068.3258         12.2003       1119.6159       2841.8960        372.5197       3679.1720        190.1980       -105.4651      12442.2744    -164053.9674         96.4796         59.4670         37.0126          0.0000          0.0000        300.5490          0.0000         15.7471

INFO:      50000        100.0000    -121330.4952    -143197.5579      21867.0627         12.1920       1077.8823       2904.4308        373.4264       3678.3983        204.1535       -103.9383      12624.8044    -164065.8033        109.0881         69.0288         40.0593          0.0000          0.0000        297.8080          0.0000         10.3078

 
[STEP6] Deallocate Arrays
 
Output_Time> Averaged timer profile (Min, Max)
  total time      =    1141.957
    setup         =       3.077
    dynamics      =    1138.880
      energy      =     902.424
      integrator  =     121.142
      pairlist    =     112.449 (     107.431,     117.980)
  energy           
    bond          =       0.304 (       0.275,       0.363)
    angle         =       0.936 (       0.873,       0.969)
    dihedral      =       2.118 (       2.025,       2.187)
    nonbond       =     773.615 (     744.563,     813.986)
      pme real    =     773.600 (     744.552,     813.971)
      pme recip   =       0.000 (       0.000,       0.000)
    solvation     =       0.000 (       0.000,       0.000)
      polar       =       0.000 (       0.000,       0.000)
      non-polar   =       0.000 (       0.000,       0.000)
    restraint     =       1.149 (       1.054,       1.755)
    qmmm          =       0.000 (       0.000,       0.000)
  integrator       
    constraint    =      57.228 (      54.780,      64.013)
    update        =       0.000 (       0.000,       0.000)
    comm_coord    =       0.000 (       0.000,       0.000)
    comm_force    =       0.000 (       0.000,       0.000)
    comm_migrate  =       0.000 (       0.000,       0.000)

