(10.2.12.64:0,1,2,3,4,5,6,7)
(10.2.12.75:8,9,10,11,12,13,14,15)

[0] MPI startup(): libfabric version: 1.7.2a-impi
[0] MPI startup(): libfabric provider: verbs;ofi_rxm
[0] MPI startup(): Rank    Pid      Node name  Pin cpu
[0] MPI startup(): 0       45631    bwmpc0064  {0,1,2,3,4}
[0] MPI startup(): 1       45632    bwmpc0064  {5,6,7,8,9}
[0] MPI startup(): 2       45633    bwmpc0064  {10,11,12,13,14}
[0] MPI startup(): 3       45634    bwmpc0064  {15,16,17,18,19}
[0] MPI startup(): 4       45635    bwmpc0064  {20,21,22,23,24}
[0] MPI startup(): 5       45636    bwmpc0064  {25,26,27,28,29}
[0] MPI startup(): 6       45637    bwmpc0064  {30,31,32,33,34}
[0] MPI startup(): 7       45638    bwmpc0064  {35,36,37,38,39}
[0] MPI startup(): 8       15686    bwmpc0075  {0,1,2,3,4}
[0] MPI startup(): 9       15687    bwmpc0075  {5,6,7,8,9}
[0] MPI startup(): 10      15688    bwmpc0075  {10,11,12,13,14}
[0] MPI startup(): 11      15689    bwmpc0075  {15,16,17,18,19}
[0] MPI startup(): 12      15690    bwmpc0075  {20,21,22,23,24}
[0] MPI startup(): 13      15691    bwmpc0075  {25,26,27,28,29}
[0] MPI startup(): 14      15692    bwmpc0075  {30,31,32,33,34}
[0] MPI startup(): 15      15693    bwmpc0075  {35,36,37,38,39}
[0] MPI startup(): I_MPI_ROOT=/bwfefs/opt/x86_64/intel/compilers_and_libraries_2019.5.281/linux/mpi
[0] MPI startup(): I_MPI_HYDRA_BOOTSTRAP_EXEC=/bin/pjrsh
[0] MPI startup(): I_MPI_HYDRA_BOOTSTRAP_AUTOFORK=0
[0] MPI startup(): I_MPI_HYDRA_TOPOLIB=hwloc
[0] MPI startup(): I_MPI_HYDRA_HOST_FILE=/bwfefs/home/kyagi/cm4_2/4.equil/.d0012460570_nodeinfo
[0] MPI startup(): I_MPI_PERHOST=8
[0] MPI startup(): I_MPI_PIN=1
[0] MPI startup(): I_MPI_PIN_RESPECT_HCA=0
[0] MPI startup(): I_MPI_INTERNAL_MEM_POLICY=default
[0] MPI startup(): I_MPI_DEBUG=5
****************************************************
*                                                  *
*                  GENESIS ATDYN                   *
*                                                  *
*        A Molecular Dynamics Simulator with       *
*            Atomic Decomposition Scheme           *
*                                                  *
*               Developed by RIKEN                 *
*                                                  *
****************************************************
 
[STEP0] Architecture and Compiler Information
 
GENESIS_Information> GENESIS Information
  version      = 1.6.0
  commit ID    = $GENESIS_VERSION$
  precision    = double
  nonbonding   = CPU

Build_Information> Compiler Information
  build host   = kyagi@hokusai3
  fortran      = ifort (IFORT) 19.0.5.281 20190815
  option       = -xHost -O3 -ip -mkl=parallel  -assume byterecl -qopenmp 
  C            = icc (ICC) 19.0.5.281 20190815
  option       = -O3 -ip -axCORE-AVX2  -qopenmp
  defined var. = 
  -DHAVE_MPI_GENESIS -DOMP -DFFTE -DLAPACK -DDSFMT_MEXP=19937 -DINTEL
  link option  = 
  -assume byterecl -qopenmp  -lmkl_intel_lp64 -lmkl_sequential -lmkl_core -lmkl_
 lapack95_lp64 

Runtime_Information> Machine and Library Information
  date       = 2021/10/08 02:08:15
  cpu model    = Intel(R) Xeon(R) Gold 6148 CPU @ 2.40GHz
  exec. host   = kyagi@bwmpc0064
  LD library   = 
 /bwfefs/opt/x86_64/intel/impi/2019.5.281/intel64/lib/release:/bwfefs/opt/x86_64
 /intel/impi/2019.5.281/intel64/lib:/bwfefs/opt/x86_64/intel/impi/2019.5.281/int
 el64/libfabric/lib:/bwfefs/opt/x86_64/intel/parallel_studio_xe_2019.5.075/compi
 lers_and_libraries_2019/linux/compiler/lib/intel64:/bwfefs/opt/x86_64/intel/par
 allel_studio_xe_2019.5.075/compilers_and_libraries_2019/linux/compiler/lib/inte
 l64_lin:/bwfefs/opt/x86_64/intel/parallel_studio_xe_2019.5.075/compilers_and_li
 braries_2019/linux/mpi/intel64/lib:/bwfefs/opt/x86_64/intel/parallel_studio_xe_
 2019.5.075/compilers_and_libraries_2019/linux/mpi/intel64/libfabric/lib:/bwfefs
 /opt/x86_64/intel/parallel_studio_xe_2019.5.075/compilers_and_libraries_2019/li
 nux/ipp/lib/intel64:/bwfefs/opt/x86_64/intel/parallel_studio_xe_2019.5.075/comp
 ilers_and_libraries_2019/linux/compiler/lib/intel64:/bwfefs/opt/x86_64/intel/pa
 rallel_studio_xe_2019.5.075/compilers_and_libraries_2019/linux/mkl/lib/intel64:
 /bwfefs/opt/x86_64/intel/parallel_studio_xe_2019.5.075/compilers_and_libraries_
 2019/linux/tbb/lib/intel64/gcc4.7:/bwfefs/opt/x86_64/intel/debugger_2019/libipt
 /intel64/lib:/bwfefs/opt/x86_64/intel/parallel_studio_xe_2019.5.075/compilers_a
 nd_libraries_2019/linux/daal/lib/intel64_lin:/bwfefs/opt/x86_64/intel/parallel_
 studio_xe_2019.5.075/compilers_and_libraries_2019/linux/daal/../tbb/lib/intel64
 _lin/gcc4.7

[STEP1] Read Control Parameters
 
Read_Ctrl_Input> Input Files
  topfile = 
 toppar/top_all36_prot.rtf, toppar/top_all36_cgenff.rtf, toppar/cho.rtf
  parfile = 
 toppar/par_all36m_prot.prm, toppar/par_all36_cgenff.prm, toppar/cho.prm
  strfile = toppar/toppar_water_ions.str
  psffile = step3_nvt_100.psf
  pdbfile = step3_nvt_100.pdb
  reffile = step3_nvt_100.pdb
 
Read_Ctrl_Output> Output Files
  dcdfile    = step4.1_nvt.dcd
  rstfile    = step4.1_nvt.rst
 
Read_Ctrl_Energy> Parameters of Energy Calculations
  forcefield      =     CHARMM
  switchdist      =     16.000  cutoffdist      =     18.000
  pairlistdist    =     19.500  dielec_const    =      1.000
  vdW force_switch=        yes
  electrostatic   =  CUTOFF
  implicit_solvent=       none
  table_order     =          3
  table_density   =     20.000
  water_model     =       NONE
  output_style    =    GENESIS
  dispersion_corr =       none
  nonb_limiter    =      no
 
Read_Ctrl_Dynamics> Parameters of MD simulation
  integrator      =       VVER  nsteps          =      50000
  timestep        =     0.0020  initial_time    =     0.0000
  eneout_period   =        500  rstout_period   =        500
  crdout_period   =        500  velout_period   =          0
  nbupdate_period =         10  stoptr_period   =         10
  iseed           =   20190319
  annealing       =         no
  verbose         =         no
  target_md       =         no
  steered_md      =         no
  esp_mm          =         no
 
Read_Ctrl_Constraints> Parameters for Constraints
  rigid_bond      =        yes
  shake_iteration =        500  shake_tolerance =  0.100E-09
  fast_water      =        yes  water_model     =       TIP3
  hydrogen_type   =  name|mass
  noshake_index   =       none
  fixatm_select_index        =       none
 
Read_Ctrl_Ensemble> Parameters for Ensemble
  ensemble        =        NVT
  temperature     =    300.000
  tpcontrol       =      BUSSI
  tau_t           =      5.000
 
Read_Ctrl_Boundary> Parameters of Boundary Condition
  type            =       NOBC
  spherical_pot   =        yes  restart         =          T
  center_info     =    control  nfunctions      =          1
  constant        =     10.000  exponent        =          2
  fixatom         =          T  fix_layer       =      1.000
 
Read_Ctrl_Selection> Parameters of Selection
  # of groups     =          4
    group 1 = ((sid:CHA or sid:CHA around_res:3.0) or           (sid:CHB or sid:CHB around_res:3.0) or           (sid:CHC or sid:CHC around_res:3.0)) and not hydrogen and not an:OH2
    group 2 = (sid:PROA or sid:PROB or sid:PROC) and          (an:CA | an:C | an:O | an:N)
    group 3 = (sid:PROA or sid:PROB or sid:PROC) and          not (an:CA | an:C | an:O | an:N) and not hydrogen
    group 4 = (sid:WATA or sid:WATB or sid:WATC) and an:OH2
  # of mole names =          0
 
Read_Ctrl_Restraints> Parameters of Restraint
  numfunc         =   4
  function1 = POSI     
    direction     = ALL 
    constant      = 2.0
    reference     = 
    select_index  = 1
    mode          =   0
    exponent      =   2
    exponent_dist = 
    weight_dist   = 

  function2 = POSI     
    direction     = ALL 
    constant      = 10.0
    reference     = 
    select_index  = 2
    mode          =   0
    exponent      =   2
    exponent_dist = 
    weight_dist   = 

  function3 = POSI     
    direction     = ALL 
    constant      = 2.0
    reference     = 
    select_index  = 3
    mode          =   0
    exponent      =   2
    exponent_dist = 
    weight_dist   = 

  function4 = POSI     
    direction     = ALL 
    constant      = 2.0
    reference     = 
    select_index  = 5
    mode          =   0
    exponent      =   2
    exponent_dist = 
    weight_dist   = 

  pressure_position   = NO
  pressure_rmsd     = NO

Read_Ctrl_Fitting_MD> Parameters of Fitting
  fitting method  =  TR+ROT   
  fitting atom    = group1
  mass_weight     =         no
 
[STEP2] Setup MPI
 
Setup_Mpi_Md> Summary of Setup MPI
  number of MPI processes   =         16
  number of OpenMP threads  =          5
  total number of CPU cores =         80

[STEP3] Set Relevant Variables and Structures
 
Input_Top> Summary of Topfile
  num_atom_class  =        214  num_resi_type   =        873
 
 Merge_Par> WARNING: BOND: Multiple definition: "CG2D1O"-"OG301"
 Merge_Par> WARNING: BOND: Multiple definition: "CG2DC1"-"CG2DC1"
 Merge_Par> WARNING: BOND: Multiple definition: "CG2DC1"-"CG2DC2"
 Merge_Par> WARNING: BOND: Multiple definition: "CG2DC1"-"CG2O3"
 Merge_Par> WARNING: BOND: Multiple definition: "CG2DC1"-"HGA4"
 Merge_Par> WARNING: BOND: Multiple definition: "CG2DC2"-"CG2DC2"
 Merge_Par> WARNING: BOND: Multiple definition: "CG2DC2"-"HGA4"
 Merge_Par> WARNING: BOND: Multiple definition: "CG2DC3"-"HGA5"
 Merge_Par> WARNING: BOND: Multiple definition: "CG2O3"-"OG2D2"
 Merge_Par> WARNING: BOND: Multiple definition: "CG311"-"CG311"
 Merge_Par> WARNING: BOND: Multiple definition: "CG311"-"OG301"
 Merge_Par> WARNING: BOND: Multiple definition: "CG311"-"OG311"
 Merge_Par> WARNING: BOND: Multiple definition: "CG311"-"HGA1"
 Merge_Par> WARNING: BOND: Multiple definition: "OG311"-"HGP1"
 Merge_Par> WARNING: ANGL: Multiple definition: "CG2DC1"-"CG2DC1"-"CG2DC2"
 Merge_Par> WARNING: ANGL: Multiple definition: "CG2DC1"-"CG2DC1"-"CG2O3"
 Merge_Par> WARNING: ANGL: Multiple definition: "CG2DC1"-"CG2DC1"-"HGA4"
 Merge_Par> WARNING: ANGL: Multiple definition: "CG2DC1"-"CG2DC2"-"CG2DC2"
 Merge_Par> WARNING: ANGL: Multiple definition: "CG2DC1"-"CG2DC2"-"HGA4"
 Merge_Par> WARNING: ANGL: Multiple definition: "CG2DC2"-"CG2DC2"-"HGA4"
 Merge_Par> WARNING: ANGL: Multiple definition: "HGA5"-"CG2DC3"-"HGA5"
 Merge_Par> WARNING: ANGL: Multiple definition: "CG2DC1"-"CG2O3"-"OG2D2"
 Merge_Par> WARNING: ANGL: Multiple definition: "OG2D2"-"CG2O3"-"OG2D2"
 Merge_Par> WARNING: ANGL: Multiple definition: "CG311"-"CG311"-"OG301"
 Merge_Par> WARNING: ANGL: Multiple definition: "CG311"-"CG311"-"OG311"
 Merge_Par> WARNING: ANGL: Multiple definition: "CG311"-"CG311"-"HGA1"
 Merge_Par> WARNING: ANGL: Multiple definition: "OG301"-"CG311"-"HGA1"
 Merge_Par> WARNING: ANGL: Multiple definition: "OG311"-"CG311"-"HGA1"
 Merge_Par> WARNING: ANGL: Multiple definition: "CG311"-"OG311"-"HGP1"
 Merge_Par> WARNING: DIHE: Multiple definition: "CG2DC2"-"CG2DC1"-"CG2DC1"-"HGA4"
 Merge_Par> WARNING: DIHE: Multiple definition: "CG2DC1"-"CG2DC1"-"CG2DC2"-"CG2DC2"
 Merge_Par> WARNING: DIHE: Multiple definition: "CG2DC1"-"CG2DC1"-"CG2DC2"-"CG2DC2"
 Merge_Par> WARNING: DIHE: Multiple definition: "CG2DC1"-"CG2DC1"-"CG2DC2"-"CG2DC2"
 Merge_Par> WARNING: DIHE: Multiple definition: "CG2DC1"-"CG2DC1"-"CG2DC2"-"HGA4"
 Merge_Par> WARNING: DIHE: Multiple definition: "CG2DC1"-"CG2DC1"-"CG2O3"-"OG2D2"
 Merge_Par> WARNING: DIHE: Multiple definition: "CG2DC1"-"CG2DC2"-"CG2DC2"-"HGA4"
 Merge_Par> WARNING: DIHE: Multiple definition: "HGA4"-"CG2DC2"-"CG2DC2"-"HGA4"
 Merge_Par> WARNING: DIHE: Multiple definition: "OG301"-"CG311"-"CG311"-"HGA1"
 Merge_Par> WARNING: DIHE: Multiple definition: "OG311"-"CG311"-"CG311"-"HGA1"
 Merge_Par> WARNING: DIHE: Multiple definition: "HGA1"-"CG311"-"CG311"-"HGA1"
 Merge_Par> WARNING: DIHE: Multiple definition: "CG311"-"CG311"-"OG311"-"HGP1"
 Merge_Par> WARNING: DIHE: Multiple definition: "CG311"-"CG311"-"OG311"-"HGP1"
 Merge_Par> WARNING: DIHE: Multiple definition: "CG311"-"CG311"-"OG311"-"HGP1"
 Merge_Par> WARNING: DIHE: Multiple definition: "HGA1"-"CG311"-"OG311"-"HGP1"
 Merge_Par> WARNING: IMPR: Multiple definition: "CG2O3"-"OG2D2"-"OG2D2"-"CG2DC1"
Input_Par> Summary of Parfile
  num_bonds       =        721  num_angles      =       2372
  num_dihedrals   =       6191  num_impropers   =        207
  num_atom_cls    =        214  num_nbfix       =         76
  num_cmap_terms  =          6
 
Input_Str> Summary of Top information
  num_atom_class  =        231  num_resi_type   =        888
 
Input_Str> Summary of Par information
  num_bonds       =        726  num_angles      =       2374
  num_dihedrals   =       6192  num_impropers   =        207
  num_atom_cls    =        231  num_nbfix       =         99
  num_cmap_terms  =          6
 
Read_Psf> Summary of Psffile
  psftype         =      xplor
  num_atoms       =      48752  num_bonds       =      48790
  num_angles      =      24842  num_dihedrals   =      15283
  num_impropers   =        979  num_cmap_terms  =        343
  num_HB_donors   =      29308  num_HB_acceptors=      14878
  num_NB_exclusion=          0  num_groups      =      15971
  total_charge    =    -15.000
 
Check_Pdb> 5-column residue sequence number
 
Read_Pdb> Summary of Data in PDB file
  num_atoms       =      48752
 
Define_Molecule> Summary of molecules
  num_atoms       =      48752  num_bonds       =      48790
  num_angles      =      24842  num_dihedrals   =      15283
  num_impropers   =        979  num_cmap_terms  =        343
  num_residues    =      14694  num_molecules   =      14348
  num_segments    =         10  num_deg_freedom =     146256
  total_charge    =    -15.000
 
Setup_Boundary> Setup Variables for Boundary Condition
  origin(x,y,z)   =      0.000     0.000     0.000
  nfunctions      =        1
    center(x,y,z) =      0.000     0.000     0.000
    radius        =     45.000
    constant      =     10.000
    exponent      =          2
 
  num_fixatm      =    13215
 
 
Random_Init> Initialize the random number
  seed            = 20190319

Select_Contacts> mode        : Resi
                 sel atoms A :      24
                 sel atoms B :   48728
                 distance    :    3.00
                contact atom list :     236
 
Select_Contacts> mode        : Resi
                 sel atoms A :      24
                 sel atoms B :   48728
                 distance    :    3.00
                contact atom list :     229
 
Select_Contacts> mode        : Resi
                 sel atoms A :      24
                 sel atoms B :   48728
                 distance    :    3.00
                contact atom list :     238
 
Setup_Enefunc_Cmap_Par> Natural spline is used to derive cmap coefs.

Setup_Enefunc_Table> Setup Variables for LookupTable
  num_solutes     =      48752  num_waters      =          0

Setup_Enefunc_Restraint> Setup restraint groups
 group =     1, "((sid:CHA or sid:CHA around_res:3.0) or           (sid:CHB or sid:CHB around_res:3.0) or           (sid:CHC or sid:CHC around_res:3.0)) and not hydrogen and not an:OH2"
 # of atoms =   370
 atomlist: 
     89     91     93     96     99    102    104    105    108    111
    112    892    894    896    899    900    902    904    906    908
    910    911    926    928    930    934    935    936    938    940
    943    946    949    952    956    957    984    986    988    991
    994    997    999   1000   1003   1006   1007   1152   1154   1156
   1158   1162   1166   1167   1168   1170   1172   1174   1176   1180
   1181   1182   1184   1186   1189   1191   1192   1227   1229   1231
   1234   1237   1238   1239   1240   1241   1408   1410   1412   1415
   1418   1421   1423   1424   1427   1430   1431   1707   1709   1711
   1714   1715   1717   1719   1720   1722   1724   1726   1727   1826
   1828   1830   1833   1835   1839   1843   1844   1845   1934   1936
   1938   1941   1944   1947   1949   1950   1953   1956   1957   2737
   2739   2741   2744   2745   2747   2749   2751   2753   2755   2756
   2771   2773   2775   2779   2780   2781   2783   2785   2788   2791
   2794   2797   2801   2802   2997   2999   3001   3003   3007   3011
   3012   3013   3015   3017   3019   3021   3025   3026   3027   3029
   3031   3034   3036   3037   3072   3074   3076   3079   3082   3083
   3084   3085   3086   3253   3255   3257   3260   3263   3266   3268
   3269   3272   3275   3276   3552   3554   3556   3559   3560   3562
   3564   3565   3567   3569   3571   3572   3671   3673   3675   3678
   3680   3684   3688   3689   3829   3831   3833   3836   3839   3842
   3844   3845   3848   3851   3852   4632   4634   4636   4639   4640
   4642   4644   4646   4648   4650   4651   4666   4668   4670   4674
   4675   4676   4678   4680   4683   4686   4689   4692   4696   4697
   4724   4726   4728   4731   4734   4737   4739   4740   4743   4746
   4747   4892   4894   4896   4898   4902   4906   4907   4908   4910
   4912   4914   4916   4920   4921   4922   4924   4926   4929   4931
   4932   4967   4969   4971   4974   4977   4978   4979   4980   4981
   5148   5150   5152   5155   5158   5161   5163   5164   5167   5170
   5171   5447   5449   5451   5454   5455   5457   5459   5460   5462
   5464   5466   5467   5566   5568   5570   5573   5575   5579   5583
   5584   5585   5587   5589   5592   5595   5598   5600   5601   5604
   5607   5608   5655   5656   5657   5658   5659   5660   5661   5662
   5663   5664   5665   5666   5667   5668   5669   5670   5679   5680
   5681   5682   5683   5684   5685   5686   5687   5688   5689   5690
   5691   5692   5693   5694   5703   5704   5705   5706   5707   5708
   5709   5710   5711   5712   5713   5714   5715   5716   5717   5718
 group =     2, "(sid:PROA or sid:PROB or sid:PROC) and          (an:CA | an:C | an:O | an:N)"
 # of atoms =  1393
 atomlist: 
      1      5     18     19     20     22     37     38     39     41
     61     62     63     65     68     69     70     72     87     88
     89     91    111    112    113    115    118    119    120    122
    128    129    130    132    142    143    144    146    156    157
    158    160    172    173    174    176    187    188    189    191
    211    212    213    215    223    224    225    227    237    238
    239    241    252    253    254    256    267    268    269    271
    282    283    284    286    301    302    303    305    320    321
    322    324    337    338    339    341    359    360    361    363
    373    374    375    377    395    396    397    399    412    413
    414    416    431    432    433    435    450    451    452    454
    465    466    467    469    487    488    489    491    506    507
    508    510    525    526    527    529    540    541    542    544
    555    556    557    559    569    570    571    573    586    587
    588    590    600    601    602    604    622    623    624    628
    636    637    638    640    651    652    653    655    663    664
    665    667    679    680    681    683    695    696    697    699
    712    713    714    716    729    730    731    733    748    749
    750    752    767    768    769    771    778    779    780    782
    788    789    790    792    802    803    804    808    816    817
    818    820    828    829    830    832    847    848    849    851
    864    865    866    868    874    875    876    878    890    891
    892    894    910    911    912    916    924    925    926    928
    934    935    936    938    956    957    958    960    966    967
    968    970    982    983    984    986   1006   1007   1008   1010
   1021   1022   1023   1025   1040   1041   1042   1044   1051   1052
   1053   1055   1058   1059   1060   1062   1082   1083   1084   1086
   1099   1100   1101   1103   1120   1121   1122   1124   1136   1137
   1138   1142   1150   1151   1152   1154   1166   1167   1168   1170
   1180   1181   1182   1184   1191   1192   1193   1195   1208   1209
   1210   1212   1225   1226   1227   1229   1240   1241   1242   1244
   1257   1258   1259   1261   1269   1270   1271   1273   1285   1286
   1287   1289   1299   1300   1301   1303   1306   1307   1308   1310
   1313   1314   1315   1317   1332   1333   1334   1336   1354   1355
   1356   1358   1376   1377   1378   1380   1387   1388   1389   1391
   1406   1407   1408   1410   1430   1431   1432   1434   1446   1447
   1448   1450   1463   1464   1465   1467   1480   1481   1482   1484
   1494   1495   1496   1498   1510   1511   1512   1514   1527   1528
   1529   1531   1541   1542   1543   1545   1553   1554   1555   1557
   1569   1570   1571   1575   1583   1584   1585   1587   1600   1601
   1602   1604   1612   1613   1614   1616   1629   1630   1631   1633
   1648   1649   1650   1652   1672   1673   1674   1676   1689   1690
   1691   1693   1705   1706   1707   1709   1726   1727   1728   1730
   1745   1746   1747   1749   1760   1761   1762   1764   1782   1783
   1784   1786   1792   1793   1794   1796   1808   1809   1810   1812
   1824   1825   1826   1828   1843   1846   1850   1863   1864   1865
   1867   1882   1883   1884   1886   1906   1907   1908   1910   1913
   1914   1915   1917   1932   1933   1934   1936   1956   1957   1958
   1960   1963   1964   1965   1967   1973   1974   1975   1977   1987
   1988   1989   1991   2001   2002   2003   2005   2017   2018   2019
   2021   2032   2033   2034   2036   2056   2057   2058   2060   2068
   2069   2070   2072   2082   2083   2084   2086   2097   2098   2099
   2101   2112   2113   2114   2116   2127   2128   2129   2131   2146
   2147   2148   2150   2165   2166   2167   2169   2182   2183   2184
   2186   2204   2205   2206   2208   2218   2219   2220   2222   2240
   2241   2242   2244   2257   2258   2259   2261   2276   2277   2278
   2280   2295   2296   2297   2299   2310   2311   2312   2314   2332
   2333   2334   2336   2351   2352   2353   2355   2370   2371   2372
   2374   2385   2386   2387   2389   2400   2401   2402   2404   2414
   2415   2416   2418   2431   2432   2433   2435   2445   2446   2447
   2449   2467   2468   2469   2473   2481   2482   2483   2485   2496
   2497   2498   2500   2508   2509   2510   2512   2524   2525   2526
   2528   2540   2541   2542   2544   2557   2558   2559   2561   2574
   2575   2576   2578   2593   2594   2595   2597   2612   2613   2614
   2616   2623   2624   2625   2627   2633   2634   2635   2637   2647
   2648   2649   2653   2661   2662   2663   2665   2673   2674   2675
   2677   2692   2693   2694   2696   2709   2710   2711   2713   2719
   2720   2721   2723   2735   2736   2737   2739   2755   2756   2757
   2761   2769   2770   2771   2773   2779   2780   2781   2783   2801
   2802   2803   2805   2811   2812   2813   2815   2827   2828   2829
   2831   2851   2852   2853   2855   2866   2867   2868   2870   2885
   2886   2887   2889   2896   2897   2898   2900   2903   2904   2905
   2907   2927   2928   2929   2931   2944   2945   2946   2948   2965
   2966   2967   2969   2981   2982   2983   2987   2995   2996   2997
   2999   3011   3012   3013   3015   3025   3026   3027   3029   3036
   3037   3038   3040   3053   3054   3055   3057   3070   3071   3072
   3074   3085   3086   3087   3089   3102   3103   3104   3106   3114
   3115   3116   3118   3130   3131   3132   3134   3144   3145   3146
   3148   3151   3152   3153   3155   3158   3159   3160   3162   3177
   3178   3179   3181   3199   3200   3201   3203   3221   3222   3223
   3225   3232   3233   3234   3236   3251   3252   3253   3255   3275
   3276   3277   3279   3291   3292   3293   3295   3308   3309   3310
   3312   3325   3326   3327   3329   3339   3340   3341   3343   3355
   3356   3357   3359   3372   3373   3374   3376   3386   3387   3388
   3390   3398   3399   3400   3402   3414   3415   3416   3420   3428
   3429   3430   3432   3445   3446   3447   3449   3457   3458   3459
   3461   3474   3475   3476   3478   3493   3494   3495   3497   3517
   3518   3519   3521   3534   3535   3536   3538   3550   3551   3552
   3554   3571   3572   3573   3575   3590   3591   3592   3594   3605
   3606   3607   3609   3627   3628   3629   3631   3637   3638   3639
   3641   3653   3654   3655   3657   3669   3670   3671   3673   3688
   3689   3690   3692   3712   3713   3714   3718   3726   3727   3728
   3730   3738   3741   3745   3758   3759   3760   3762   3777   3778
   3779   3781   3801   3802   3803   3805   3808   3809   3810   3812
   3827   3828   3829   3831   3851   3852   3853   3855   3858   3859
   3860   3862   3868   3869   3870   3872   3882   3883   3884   3886
   3896   3897   3898   3900   3912   3913   3914   3916   3927   3928
   3929   3931   3951   3952   3953   3955   3963   3964   3965   3967
   3977   3978   3979   3981   3992   3993   3994   3996   4007   4008
   4009   4011   4022   4023   4024   4026   4041   4042   4043   4045
   4060   4061   4062   4064   4077   4078   4079   4081   4099   4100
   4101   4103   4113   4114   4115   4117   4135   4136   4137   4139
   4152   4153   4154   4156   4171   4172   4173   4175   4190   4191
   4192   4194   4205   4206   4207   4209   4227   4228   4229   4231
   4246   4247   4248   4250   4265   4266   4267   4269   4280   4281
   4282   4284   4295   4296   4297   4299   4309   4310   4311   4313
   4326   4327   4328   4330   4340   4341   4342   4344   4362   4363
   4364   4368   4376   4377   4378   4380   4391   4392   4393   4395
   4403   4404   4405   4407   4419   4420   4421   4423   4435   4436
   4437   4439   4452   4453   4454   4456   4469   4470   4471   4473
   4488   4489   4490   4492   4507   4508   4509   4511   4518   4519
   4520   4522   4528   4529   4530   4532   4542   4543   4544   4548
   4556   4557   4558   4560   4568   4569   4570   4572   4587   4588
   4589   4591   4604   4605   4606   4608   4614   4615   4616   4618
   4630   4631   4632   4634   4650   4651   4652   4656   4664   4665
   4666   4668   4674   4675   4676   4678   4696   4697   4698   4700
   4706   4707   4708   4710   4722   4723   4724   4726   4746   4747
   4748   4750   4761   4762   4763   4765   4780   4781   4782   4784
   4791   4792   4793   4795   4798   4799   4800   4802   4822   4823
   4824   4826   4839   4840   4841   4843   4860   4861   4862   4864
   4876   4877   4878   4882   4890   4891   4892   4894   4906   4907
   4908   4910   4920   4921   4922   4924   4931   4932   4933   4935
   4948   4949   4950   4952   4965   4966   4967   4969   4980   4981
   4982   4984   4997   4998   4999   5001   5009   5010   5011   5013
   5025   5026   5027   5029   5039   5040   5041   5043   5046   5047
   5048   5050   5053   5054   5055   5057   5072   5073   5074   5076
   5094   5095   5096   5098   5116   5117   5118   5120   5127   5128
   5129   5131   5146   5147   5148   5150   5170   5171   5172   5174
   5186   5187   5188   5190   5203   5204   5205   5207   5220   5221
   5222   5224   5234   5235   5236   5238   5250   5251   5252   5254
   5267   5268   5269   5271   5281   5282   5283   5285   5293   5294
   5295   5297   5309   5310   5311   5315   5323   5324   5325   5327
   5340   5341   5342   5344   5352   5353   5354   5356   5369   5370
   5371   5373   5388   5389   5390   5392   5412   5413   5414   5416
   5429   5430   5431   5433   5445   5446   5447   5449   5466   5467
   5468   5470   5485   5486   5487   5489   5500   5501   5502   5504
   5522   5523   5524   5526   5532   5533   5534   5536   5548   5549
   5550   5552   5564   5565   5566   5568   5583   5584   5585   5587
   5607   5608   5609   5613   5621   5622   5623   5625   5633   5634
   5635   5637   5652
 group =     3, "(sid:PROA or sid:PROB or sid:PROC) and          not (an:CA | an:C | an:O | an:N) and not hydrogen"
 # of atoms =  1385
 atomlist: 
      7     10     13     14     24     26     30     33     43     46
     49     52     54     55     58     74     76     80     83     93
     96     99    102    104    105    108    124    134    136    138
    148    150    152    162    164    168    178    181    184    185
    186    193    196    199    202    204    205    208    217    220
    221    222    229    231    233    243    246    249    250    251
    258    261    264    265    266    273    276    279    280    281
    288    290    294    297    307    310    312    316    326    329
    332    333    334    343    346    349    352    355    365    367
    369    379    382    385    388    391    401    404    407    408
    409    418    421    423    427    437    440    442    446    456
    459    462    463    464    471    474    477    480    483    493
    495    499    502    512    514    518    521    531    534    537
    538    539    546    549    552    553    554    561    564    565
    566    575    578    580    581    583    584    592    594    596
    606    609    612    615    618    625    630    633    642    645
    648    649    650    657    660    661    662    669    671    675
    685    687    691    701    704    707    708    709    718    721
    724    725    735    738    740    744    754    757    759    763
    773    776    784    794    796    798    805    810    813    822
    825    826    827    834    837    839    843    853    856    858
    859    861    862    870    880    882    886    896    899    900
    902    904    906    908    913    918    921    930    940    943
    946    949    952    962    972    974    978    988    991    994
    997    999   1000   1003   1012   1015   1018   1019   1020   1027
   1030   1032   1036   1046   1049   1064   1067   1068   1070   1072
   1073   1074   1076   1078   1080   1088   1091   1094   1095   1096
   1105   1108   1109   1111   1113   1114   1116   1118   1126   1128
   1132   1139   1144   1147   1156   1158   1162   1172   1174   1176
   1186   1189   1197   1200   1203   1204   1214   1217   1220   1221
   1222   1231   1234   1237   1238   1239   1246   1249   1252   1253
   1263   1266   1267   1268   1275   1277   1281   1291   1293   1295
   1319   1322   1324   1328   1338   1341   1344   1347   1350   1360
   1363   1366   1369   1372   1382   1385   1393   1395   1399   1402
   1412   1415   1418   1421   1423   1424   1427   1436   1438   1442
   1452   1455   1458   1459   1469   1472   1475   1476   1486   1488
   1490   1500   1502   1506   1516   1519   1522   1523   1524   1533
   1535   1537   1547   1550   1551   1552   1559   1561   1565   1572
   1577   1580   1589   1592   1595   1596   1597   1606   1609   1610
   1611   1618   1621   1624   1625   1626   1635   1637   1641   1644
   1654   1657   1660   1663   1665   1666   1669   1678   1681   1683
   1684   1686   1687   1695   1697   1701   1711   1714   1715   1717
   1719   1720   1722   1724   1732   1735   1737   1741   1751   1754
   1757   1758   1759   1766   1769   1772   1775   1778   1788   1798
   1800   1804   1814   1816   1820   1830   1833   1835   1839   1844
   1845   1852   1855   1858   1859   1869   1871   1875   1878   1888
   1891   1894   1897   1899   1900   1903   1919   1921   1925   1928
   1938   1941   1944   1947   1949   1950   1953   1969   1979   1981
   1983   1993   1995   1997   2007   2009   2013   2023   2026   2029
   2030   2031   2038   2041   2044   2047   2049   2050   2053   2062
   2065   2066   2067   2074   2076   2078   2088   2091   2094   2095
   2096   2103   2106   2109   2110   2111   2118   2121   2124   2125
   2126   2133   2135   2139   2142   2152   2155   2157   2161   2171
   2174   2177   2178   2179   2188   2191   2194   2197   2200   2210
   2212   2214   2224   2227   2230   2233   2236   2246   2249   2252
   2253   2254   2263   2266   2268   2272   2282   2285   2287   2291
   2301   2304   2307   2308   2309   2316   2319   2322   2325   2328
   2338   2340   2344   2347   2357   2359   2363   2366   2376   2379
   2382   2383   2384   2391   2394   2397   2398   2399   2406   2409
   2410   2411   2420   2423   2425   2426   2428   2429   2437   2439
   2441   2451   2454   2457   2460   2463   2470   2475   2478   2487
   2490   2493   2494   2495   2502   2505   2506   2507   2514   2516
   2520   2530   2532   2536   2546   2549   2552   2553   2554   2563
   2566   2569   2570   2580   2583   2585   2589   2599   2602   2604
   2608   2618   2621   2629   2639   2641   2643   2650   2655   2658
   2667   2670   2671   2672   2679   2682   2684   2688   2698   2701
   2703   2704   2706   2707   2715   2725   2727   2731   2741   2744
   2745   2747   2749   2751   2753   2758   2763   2766   2775   2785
   2788   2791   2794   2797   2807   2817   2819   2823   2833   2836
   2839   2842   2844   2845   2848   2857   2860   2863   2864   2865
   2872   2875   2877   2881   2891   2894   2909   2912   2913   2915
   2917   2918   2919   2921   2923   2925   2933   2936   2939   2940
   2941   2950   2953   2954   2956   2958   2959   2961   2963   2971
   2973   2977   2984   2989   2992   3001   3003   3007   3017   3019
   3021   3031   3034   3042   3045   3048   3049   3059   3062   3065
   3066   3067   3076   3079   3082   3083   3084   3091   3094   3097
   3098   3108   3111   3112   3113   3120   3122   3126   3136   3138
   3140   3164   3167   3169   3173   3183   3186   3189   3192   3195
   3205   3208   3211   3214   3217   3227   3230   3238   3240   3244
   3247   3257   3260   3263   3266   3268   3269   3272   3281   3283
   3287   3297   3300   3303   3304   3314   3317   3320   3321   3331
   3333   3335   3345   3347   3351   3361   3364   3367   3368   3369
   3378   3380   3382   3392   3395   3396   3397   3404   3406   3410
   3417   3422   3425   3434   3437   3440   3441   3442   3451   3454
   3455   3456   3463   3466   3469   3470   3471   3480   3482   3486
   3489   3499   3502   3505   3508   3510   3511   3514   3523   3526
   3528   3529   3531   3532   3540   3542   3546   3556   3559   3560
   3562   3564   3565   3567   3569   3577   3580   3582   3586   3596
   3599   3602   3603   3604   3611   3614   3617   3620   3623   3633
   3643   3645   3649   3659   3661   3665   3675   3678   3680   3684
   3694   3697   3700   3703   3705   3706   3709   3715   3720   3723
   3732   3735   3736   3737   3739   3740   3747   3750   3753   3754
   3764   3766   3770   3773   3783   3786   3789   3792   3794   3795
   3798   3814   3816   3820   3823   3833   3836   3839   3842   3844
   3845   3848   3864   3874   3876   3878   3888   3890   3892   3902
   3904   3908   3918   3921   3924   3925   3926   3933   3936   3939
   3942   3944   3945   3948   3957   3960   3961   3962   3969   3971
   3973   3983   3986   3989   3990   3991   3998   4001   4004   4005
   4006   4013   4016   4019   4020   4021   4028   4030   4034   4037
   4047   4050   4052   4056   4066   4069   4072   4073   4074   4083
   4086   4089   4092   4095   4105   4107   4109   4119   4122   4125
   4128   4131   4141   4144   4147   4148   4149   4158   4161   4163
   4167   4177   4180   4182   4186   4196   4199   4202   4203   4204
   4211   4214   4217   4220   4223   4233   4235   4239   4242   4252
   4254   4258   4261   4271   4274   4277   4278   4279   4286   4289
   4292   4293   4294   4301   4304   4305   4306   4315   4318   4320
   4321   4323   4324   4332   4334   4336   4346   4349   4352   4355
   4358   4365   4370   4373   4382   4385   4388   4389   4390   4397
   4400   4401   4402   4409   4411   4415   4425   4427   4431   4441
   4444   4447   4448   4449   4458   4461   4464   4465   4475   4478
   4480   4484   4494   4497   4499   4503   4513   4516   4524   4534
   4536   4538   4545   4550   4553   4562   4565   4566   4567   4574
   4577   4579   4583   4593   4596   4598   4599   4601   4602   4610
   4620   4622   4626   4636   4639   4640   4642   4644   4646   4648
   4653   4658   4661   4670   4680   4683   4686   4689   4692   4702
   4712   4714   4718   4728   4731   4734   4737   4739   4740   4743
   4752   4755   4758   4759   4760   4767   4770   4772   4776   4786
   4789   4804   4807   4808   4810   4812   4813   4814   4816   4818
   4820   4828   4831   4834   4835   4836   4845   4848   4849   4851
   4853   4854   4856   4858   4866   4868   4872   4879   4884   4887
   4896   4898   4902   4912   4914   4916   4926   4929   4937   4940
   4943   4944   4954   4957   4960   4961   4962   4971   4974   4977
   4978   4979   4986   4989   4992   4993   5003   5006   5007   5008
   5015   5017   5021   5031   5033   5035   5059   5062   5064   5068
   5078   5081   5084   5087   5090   5100   5103   5106   5109   5112
   5122   5125   5133   5135   5139   5142   5152   5155   5158   5161
   5163   5164   5167   5176   5178   5182   5192   5195   5198   5199
   5209   5212   5215   5216   5226   5228   5230   5240   5242   5246
   5256   5259   5262   5263   5264   5273   5275   5277   5287   5290
   5291   5292   5299   5301   5305   5312   5317   5320   5329   5332
   5335   5336   5337   5346   5349   5350   5351   5358   5361   5364
   5365   5366   5375   5377   5381   5384   5394   5397   5400   5403
   5405   5406   5409   5418   5421   5423   5424   5426   5427   5435
   5437   5441   5451   5454   5455   5457   5459   5460   5462   5464
   5472   5475   5477   5481   5491   5494   5497   5498   5499   5506
   5509   5512   5515   5518   5528   5538   5540   5544   5554   5556
   5560   5570   5573   5575   5579   5589   5592   5595   5598   5600
   5601   5604   5610   5615   5618   5627   5630   5631   5632   5639
   5642   5644   5648   5653   5654
 group =     4, "(sid:WATA or sid:WATB or sid:WATC) and an:OH2"
 # of atoms =   142
 atomlist: 
   5727   5730   5733   5736   5739   5742   5745   5748   5751   5754
   5757   5760   5763   5766   5769   5772   5775   5778   5781   5784
   5787   5790   5793   5796   5799   5802   5805   5808   5811   5814
   5817   5820   5823   5826   5829   5832   5835   5838   5841   5844
   5847   5850   5853   5856   5859   5862   5865   5868   5871   5874
   5877   5880   5883   5886   5889   5892   5895   5898   5901   5904
   5907   5910   5913   5916   5919   5922   5925   5928   5931   5934
   5937   5940   5943   5946   5949   5952   5955   5958   5961   5964
   5967   5970   5973   5976   5979   5982   5985   5988   5991   5994
   5997   6000   6003   6006   6009   6012   6015   6018   6021   6024
   6027   6030   6033   6036   6039   6042   6045   6048   6051   6054
   6057   6060   6063   6066   6069   6072   6075   6078   6081   6084
   6087   6090   6093   6096   6099   6102   6105   6108   6111   6114
   6117   6120   6123   6126   6129   6132   6135   6138   6141   6144
   6147   6150
Setup_Enefunc_Restraint> Setup restraint functions
 func  =     1 kind  =     1
 const(total, x, y, z) =    2.000   1.000   1.000   1.000
 exponend of function =     2
 # of groups  =     1
 grouplist:   1

 func  =     2 kind  =     1
 const(total, x, y, z) =   10.000   1.000   1.000   1.000
 exponend of function =     2
 # of groups  =     1
 grouplist:   2

 func  =     3 kind  =     1
 const(total, x, y, z) =    2.000   1.000   1.000   1.000
 exponend of function =     2
 # of groups  =     1
 grouplist:   3

 func  =     4 kind  =     1
 const(total, x, y, z) =    2.000   1.000   1.000   1.000
 exponend of function =     2
 # of groups  =     1
 grouplist:   5

Define_Enefunc_CHARMM> Number of Interactions in Each Term
  bond_ene        =      48790  angle_ene       =      24842
  urey_ene        =       5157
  torsion_ene     =      18192  improper_ene    =        979
  cmap_ene        =        343
  restraint_groups=          4  restraint_funcs =          4
 
Setup_Fitting_Atdyn> NO fitting is applied, skip
  fitting method  =  NO
 
Update_Num_Deg_Freedom> Number of degrees of freedom was updated
  num_deg_freedom =     106611 (After setup of fixed atoms at boundary)
 
Remove_Fixatm> Modified Interactions
  bond_ene        =      35575  angle_ene       =      20437
  urey_ene        =       5157
  torsion_ene     =      18192  improper_ene    =        979
 
Setup_Settle> Setup constraints for SETTLE
  num_unconsbonds =       5764      num_Settle  =       9937
  r0(O-H)         =     0.9572  mass(O)         =    15.9994
  r0(H-H)         =     1.5139  mass(H)         =     1.0080
 
Setup_Shake> Setup constrains for SHAKE and RATTLE
  num_unconsbonds =       2864  num_rigid_bonds =       2900
 
Update_Num_Deg_Freedom> Number of degrees of freedom was updated
  num_deg_freedom =      76800 (After setup of SETTLE)
 
Update_Num_Deg_Freedom> Number of degrees of freedom was updated
  num_deg_freedom =      73900 (After setup of SHAKE/RATTLE)
 
[STEP4] Compute Single Point Energy for Molecules
 
            STEP            BOND           ANGLE    UREY-BRADLEY        DIHEDRAL        IMPROPER            CMAP         VDWAALS           ELECT    RESTRAINT001    RESTRAINT002    RESTRAINT003    RESTRAINT004    RESTR_CVS001    RESTR_CVS002    RESTR_CVS003    RESTR_CVS004            SPOT
 --------------- --------------- --------------- --------------- ---------------
               0       1088.6751       2813.1169        358.8539       3685.4827        177.5069       -107.6877      12294.8049    -161810.0782          0.0000          0.0000          0.0000          0.0000          0.0000          0.0000          0.0000          0.0000          0.0000

[STEP5] Perform Molecular Dynamics Simulation
 
Generate_Velocity> Generate initial velocities
  iseed           =   20190319
  temperature     =    300.000
 
Random_Init_Velocity> Initialize the random number
  seed            = 20190319

INFO:       STEP            TIME       TOTAL_ENE   POTENTIAL_ENE     KINETIC_ENE            RMSG            BOND           ANGLE    UREY-BRADLEY        DIHEDRAL        IMPROPER            CMAP         VDWAALS           ELECT RESTRAINT_TOTAL    RESTRAINT001    RESTRAINT002    RESTRAINT003    RESTRAINT004    RESTR_CVS001    RESTR_CVS002    RESTR_CVS003    RESTR_CVS004     TEMPERATURE          VOLUME            SPOT
 --------------- --------------- --------------- --------------- ---------------
INFO:          0          0.0000    -119316.2125    -141499.5355      22183.3230         12.1380       1088.6931       2813.0869        358.8636       3685.4850        177.5053       -107.6890      12294.8357    -161810.3160          0.0000          0.0000          0.0000          0.0000          0.0000          0.0000          0.0000          0.0000          0.0000        302.1152          0.0000          0.0000

INFO:        500          1.0000    -119344.4379    -141864.4126      22519.9747         12.2184       1082.8474       2780.1502        375.9474       3681.9396        171.2075       -120.4244      12507.6165    -162935.6340        591.9372         31.9511        327.0273        232.9588          0.0000          0.0000          0.0000          0.0000          0.0000        306.7000          0.0000          1.9581

INFO:       1000          2.0000    -119464.9213    -141963.7330      22498.8117         12.1692       1070.3126       2779.0150        382.5060       3714.9920        184.2776       -112.5227      12112.6356    -162681.9011        586.9519         28.8349        321.4388        236.6782          0.0000          0.0000          0.0000          0.0000          0.0000        306.4118          0.0000          6.5623

INFO:       1500          3.0000    -119596.5242    -142003.9398      22407.4157         12.1935       1074.9374       2719.7797        370.2114       3685.9094        175.7499       -114.5399      12460.4844    -162995.9478        619.4756         30.7411        342.2188        246.5157          0.0000          0.0000          0.0000          0.0000          0.0000        305.1671          0.0000          9.1950

INFO:       2000          4.0000    -119678.7937    -142228.6303      22549.8367         12.1711       1060.4247       2753.1750        363.1829       3682.6839        183.9757       -104.1314      12372.6812    -163144.3766        603.7543         28.1638        339.4187        236.1718          0.0000          0.0000          0.0000          0.0000          0.0000        307.1067          0.0000         11.1883

INFO:       2500          5.0000    -119659.7844    -142134.1303      22474.3459         12.2301       1077.0623       2821.2966        377.8033       3687.2413        176.3267       -119.1436      12634.3203    -163410.7222        621.6849         33.4005        346.6314        241.6531          0.0000          0.0000          0.0000          0.0000          0.0000        306.0786          0.0000          9.0186

INFO:       3000          6.0000    -119735.6169    -141981.1037      22245.4868         12.1545       1066.7273       2802.3218        378.9913       3718.8396        170.6292       -121.6024      12272.5258    -162871.0394        601.5032         37.1759        319.5872        244.7401          0.0000          0.0000          0.0000          0.0000          0.0000        302.9618          0.0000          2.4135

INFO:       3500          7.0000    -119784.6706    -142092.8648      22308.1942         12.2163       1045.3220       2813.8050        378.3158       3696.9506        191.5909       -114.2305      12666.2625    -163368.3170        597.4359         30.7285        321.8663        244.8411          0.0000          0.0000          0.0000          0.0000          0.0000        303.8158          0.0000         11.5796

INFO:       4000          8.0000    -119828.5759    -142278.4024      22449.8265         12.2787       1093.6344       2806.7052        376.9929       3692.8519        200.0001       -129.7479      12708.9733    -163633.4014        605.5890         37.3444        319.7783        248.4663          0.0000          0.0000          0.0000          0.0000          0.0000        305.7447          0.0000          7.2191

INFO:       4500          9.0000    -119867.0494    -142194.8272      22327.7777         12.2053       1053.7848       2782.3271        369.4834       3725.6046        154.9875       -123.9948      12412.2201    -163173.9383        604.6985         26.0643        327.8845        250.7497          0.0000          0.0000          0.0000          0.0000          0.0000        304.0825          0.0000          8.1387

INFO:       5000         10.0000    -119965.2279    -142056.5486      22091.3208         12.1951       1026.7204       2819.1465        367.7023       3675.0638        192.2533       -115.2342      12522.0483    -163157.9860        613.7370         34.6263        328.0311        251.0795          0.0000          0.0000          0.0000          0.0000          0.0000        300.8622          0.0000         10.1275

INFO:       5500         11.0000    -120108.1798    -142351.9591      22243.7793         12.1823       1048.4902       2863.6436        378.3005       3694.8361        198.7857       -119.8158      12358.4796    -163388.3808        613.7018         33.4398        325.7195        254.5425          0.0000          0.0000          0.0000          0.0000          0.0000        302.9385          0.0000          6.5322

INFO:       6000         12.0000    -120164.9239    -142338.5501      22173.6262         12.1650       1060.4848       2837.4690        382.0885       3713.4717        196.2853       -116.8007      12321.5627    -163369.4377        636.3263         29.9826        355.7553        250.5884          0.0000          0.0000          0.0000          0.0000          0.0000        301.9831          0.0000          6.1922

INFO:       6500         13.0000    -120238.1593    -142385.3345      22147.1752         12.1680       1081.0072       2764.7185        379.9172       3690.0239        205.6199       -114.8127      12230.3993    -163219.4506        597.2428         28.8411        325.4949        242.9068          0.0000          0.0000          0.0000          0.0000          0.0000        301.6229          0.0000          4.3596

INFO:       7000         14.0000    -120179.6194    -142436.5310      22256.9116         12.2260       1065.1656       2789.3675        377.3111       3699.8470        176.7347       -111.3062      12221.6621    -163242.7651        587.4524         33.7055        310.1025        243.6443          0.0000          0.0000          0.0000          0.0000          0.0000        303.1174          0.0000          6.0696

INFO:       7500         15.0000    -120173.5635    -142447.1939      22273.6304         12.2196       1056.5567       2775.0606        375.6384       3709.0834        180.7199       -109.7848      12656.1144    -163699.7627        609.1803         33.5097        318.3843        257.2862          0.0000          0.0000          0.0000          0.0000          0.0000        303.3451          0.0000         12.6442

INFO:       8000         16.0000    -120303.7755    -142525.3932      22221.6177         12.2010       1042.1897       2780.6773        375.6557       3725.5734        182.5146       -114.2901      12336.2437    -163451.5288        597.5712         32.1034        333.7341        231.7337          0.0000          0.0000          0.0000          0.0000          0.0000        302.6367          0.0000          8.0556

INFO:       8500         17.0000    -120301.3118    -142656.3159      22355.0042         12.3051       1121.3493       2828.7584        384.9222       3719.9228        171.5684       -112.9901      12778.6529    -164136.6005        588.1007         32.5535        303.1139        252.4332          0.0000          0.0000          0.0000          0.0000          0.0000        304.4533          0.0000          6.4571

INFO:       9000         18.0000    -120356.9514    -142558.6788      22201.7274         12.2471       1084.8385       2786.2490        360.2023       3719.1049        187.7175       -109.4273      12419.4240    -163613.9936        607.2059         29.7226        329.5156        247.9677          0.0000          0.0000          0.0000          0.0000          0.0000        302.3658          0.0000          8.3225

INFO:       9500         19.0000    -120355.5144    -142552.2862      22196.7718         12.2274       1063.8726       2818.5713        407.9655       3712.5809        208.2089       -103.3175      12518.2308    -163802.7138        624.3151         33.6739        334.2001        256.4411          0.0000          0.0000          0.0000          0.0000          0.0000        302.2983          0.0000         14.1921

INFO:      10000         20.0000    -120388.5279    -142456.8512      22068.3233         12.2359       1151.5459       2751.1239        373.0695       3700.5887        189.0484        -97.4563      12268.4371    -163389.2600        596.0516         30.5270        316.7369        248.7876          0.0000          0.0000          0.0000          0.0000          0.0000        300.5490          0.0000          5.2058

INFO:      10500         21.0000    -120274.2636    -142450.9129      22176.6493         12.2233       1073.0584       2848.1325        367.6662       3720.1957        187.8934       -121.5817      12293.1294    -163428.1902        608.7834         33.2074        318.3215        257.2546          0.0000          0.0000          0.0000          0.0000          0.0000        302.0243          0.0000          8.2136

INFO:      11000         22.0000    -120273.9258    -142382.2734      22108.3476         12.2136       1054.0220       2840.7925        370.9828       3712.8768        191.5891       -120.2834      12252.6892    -163301.6027        616.6603         29.9498        338.9953        247.7152          0.0000          0.0000          0.0000          0.0000          0.0000        301.0941          0.0000          6.6542

INFO:      11500         23.0000    -120231.8463    -142509.1725      22277.3262         12.2203       1054.8482       2747.5298        371.2733       3706.0242        185.7557       -108.2892      12686.7196    -163778.4047        625.3707         32.9631        337.3107        255.0969          0.0000          0.0000          0.0000          0.0000          0.0000        303.3954          0.0000          6.6956

INFO:      12000         24.0000    -120174.8825    -142486.1610      22311.2785         12.1864       1064.7807       2769.8121        386.0689       3645.7878        185.2836       -106.7124      12544.2004    -163578.4340        603.0519         31.0156        333.8582        238.1781          0.0000          0.0000          0.0000          0.0000          0.0000        303.8578          0.0000          7.9749

INFO:      12500         25.0000    -120118.2355    -142221.1911      22102.9555         12.2092       1113.7866       2798.6888        375.1621       3720.8808        177.3898       -110.8268      12431.0008    -163340.8449        613.5718         33.3655        337.8367        242.3697          0.0000          0.0000          0.0000          0.0000          0.0000        301.0207          0.0000          5.6358

INFO:      13000         26.0000    -120187.6803    -142426.5661      22238.8859         12.2272       1069.3336       2800.4946        381.3726       3699.8258        194.0406       -111.0963      12705.1414    -163774.1731        608.4947         33.5716        328.9737        245.9494          0.0000          0.0000          0.0000          0.0000          0.0000        302.8719          0.0000         17.3602

INFO:      13500         27.0000    -120341.0739    -142685.0874      22344.0134         12.2630       1066.2140       2835.4452        378.8906       3668.4593        188.0497       -114.5898      12670.2378    -163988.2571        610.4629         31.3069        333.6406        245.5153          0.0000          0.0000          0.0000          0.0000          0.0000        304.3036          0.0000          5.5559

INFO:      14000         28.0000    -120472.1578    -142656.7142      22184.5564         12.2262       1072.9875       2771.8021        374.4967       3682.7940        177.0398       -115.6629      12519.7397    -163733.4419        593.5308         30.7415        325.0055        237.7838          0.0000          0.0000          0.0000          0.0000          0.0000        302.1320          0.0000         14.9178

INFO:      14500         29.0000    -120578.5162    -142715.7385      22137.2223         12.2368       1068.4839       2790.9877        370.1207       3703.7138        184.2855       -112.8734      12543.5325    -163849.9218        585.9327         30.1103        304.7198        251.1027          0.0000          0.0000          0.0000          0.0000          0.0000        301.4873          0.0000         16.2558

INFO:      15000         30.0000    -120504.7236    -142823.9698      22319.2462         12.2297       1105.9689       2745.2842        382.1992       3673.4572        182.2466       -119.2926      12503.2152    -163893.0496        596.0009         30.9581        320.0698        244.9731          0.0000          0.0000          0.0000          0.0000          0.0000        303.9663          0.0000          9.4539

INFO:      15500         31.0000    -120626.3648    -142792.2342      22165.8694         12.1865       1058.0065       2847.8782        382.7288       3702.5941        178.4359       -120.1228      12353.4762    -163778.7268        583.4957         31.1256        309.1857        243.1843          0.0000          0.0000          0.0000          0.0000          0.0000        301.8775          0.0000          8.5695

INFO:      16000         32.0000    -120652.0700    -142628.7118      21976.6418         12.2407       1098.0365       2771.5175        375.0063       3726.1672        187.8393       -115.4798      12706.8380    -163973.3099        594.6732         30.3513        313.8059        250.5161          0.0000          0.0000          0.0000          0.0000          0.0000        299.3004          0.0000         12.8656

INFO:      16500         33.0000    -120562.7644    -142707.8501      22145.0857         12.2364       1098.1585       2780.5843        372.0846       3702.5658        202.4789       -120.4130      12591.2738    -163931.9267        597.3437         29.5053        322.7041        245.1344          0.0000          0.0000          0.0000          0.0000          0.0000        301.5944          0.0000          8.6942

INFO:      17000         34.0000    -120572.7967    -142460.9705      21888.1738         12.2057       1057.1800       2787.6117        382.3850       3657.2301        199.5157       -109.9103      12490.1402    -163551.9236        626.8005         32.4717        351.0441        243.2847          0.0000          0.0000          0.0000          0.0000          0.0000        298.0955          0.0000          6.6450

INFO:      17500         35.0000    -120553.4570    -142698.1949      22144.7380         12.1908       1042.0837       2771.1215        379.4315       3728.0766        177.4936       -115.7506      12628.1341    -163912.5657        603.7803         32.8688        334.0268        236.8847          0.0000          0.0000          0.0000          0.0000          0.0000        301.5897          0.0000          8.8739

INFO:      18000         36.0000    -120607.4242    -142714.8502      22107.4260         12.2357       1020.5052       2786.6199        375.0792       3679.7721        195.0052       -112.0222      12843.6589    -164120.8520        617.3835         30.7827        324.5485        262.0523          0.0000          0.0000          0.0000          0.0000          0.0000        301.0815          0.0000          8.6605

INFO:      18500         37.0000    -120643.4040    -142544.1828      21900.7787         12.2784       1121.7451       2781.3214        378.7098       3698.5492        193.1004       -113.6065      12400.5940    -163603.7899        599.1937         30.1758        323.2012        245.8168          0.0000          0.0000          0.0000          0.0000          0.0000        298.2672          0.0000         10.1625

INFO:      19000         38.0000    -120488.5064    -142632.3803      22143.8739         12.2466       1085.5618       2750.2969        359.0716       3705.1148        194.1795       -118.5718      12607.7851    -163823.3308        607.5127         28.9131        336.9112        241.6884          0.0000          0.0000          0.0000          0.0000          0.0000        301.5779          0.0000          9.4310

INFO:      19500         39.0000    -120559.3709    -142710.2546      22150.8837         12.2389       1061.7598       2819.8080        365.4209       3696.7828        174.4663       -110.2131      12591.6425    -163932.6435        622.7216         31.8901        335.9157        254.9159          0.0000          0.0000          0.0000          0.0000          0.0000        301.6734          0.0000          9.6513

INFO:      20000         40.0000    -120592.9257    -142711.1199      22118.1942         12.2658       1083.7826       2848.9408        371.0792       3691.6313        182.8406       -110.2481      12598.2215    -163972.9336        595.5658         30.9216        328.7026        235.9415          0.0000          0.0000          0.0000          0.0000          0.0000        301.2282          0.0000          8.4971

INFO:      20500         41.0000    -120530.2214    -142558.3040      22028.0826         12.2687       1130.8865       2838.3378        382.3093       3715.9205        190.5128       -112.5129      12688.1474    -163990.8620        598.9565         26.9355        336.4292        235.5917          0.0000          0.0000          0.0000          0.0000          0.0000        300.0010          0.0000          7.3581

INFO:      21000         42.0000    -120628.3327    -142781.3334      22153.0007         12.2616       1079.1607       2777.8291        383.2132       3691.0832        196.5088       -102.1728      12629.3649    -164040.0621        603.7415         31.9485        332.2336        239.5595          0.0000          0.0000          0.0000          0.0000          0.0000        301.7022          0.0000          7.0389

INFO:      21500         43.0000    -120566.6861    -142576.3563      22009.6702         12.2311       1072.8357       2795.4413        371.1196       3689.0861        188.4182       -106.9063      12506.9526    -163692.0308        598.7272         34.5184        313.5875        250.6212          0.0000          0.0000          0.0000          0.0000          0.0000        299.7502          0.0000          6.7483

INFO:      22000         44.0000    -120645.9660    -142868.4527      22222.4867         12.2622       1094.4415       2756.4977        369.1623       3685.2937        172.8285       -118.1079      12529.7702    -163980.4373        622.0986         29.1782        330.3425        262.5779          0.0000          0.0000          0.0000          0.0000          0.0000        302.6486          0.0000          8.4298

INFO:      22500         45.0000    -120781.1227    -142861.9652      22080.8426         12.2559       1097.2236       2770.8604        363.4925       3697.4414        205.6996       -122.8391      12539.1243    -163998.6186        585.6507         27.3234        314.2437        244.0836          0.0000          0.0000          0.0000          0.0000          0.0000        300.7195          0.0000          6.6861

INFO:      23000         46.0000    -120786.1237    -142903.3232      22117.1995         12.2852       1073.1617       2815.2113        378.1546       3698.5596        185.1468       -112.0333      12878.3539    -164433.7548        613.8769         31.7932        345.7894        236.2944          0.0000          0.0000          0.0000          0.0000          0.0000        301.2146          0.0000          8.5374

INFO:      23500         47.0000    -120832.7519    -142740.5851      21907.8331         12.2580       1080.6583       2712.6520        382.4822       3677.4876        209.7973       -104.8588      12662.9574    -163965.6757        603.9148         31.5481        332.7760        239.5907          0.0000          0.0000          0.0000          0.0000          0.0000        298.3633          0.0000          5.9356

INFO:      24000         48.0000    -120869.0847    -142834.8218      21965.7371         12.2474       1092.0518       2773.0395        383.5349       3693.7609        198.5318       -106.7167      12559.5403    -164043.7816        615.2175         30.2391        335.4953        249.4831          0.0000          0.0000          0.0000          0.0000          0.0000        299.1519          0.0000         16.1513

INFO:      24500         49.0000    -120849.1299    -142943.8347      22094.7047         12.1562       1029.0212       2815.9184        385.3951       3687.7362        164.6615       -141.7272      12361.7160    -163837.5368        590.9810         33.4205        313.3349        244.2256          0.0000          0.0000          0.0000          0.0000          0.0000        300.9083          0.0000         12.2386

INFO:      25000         50.0000    -120876.6162    -142743.3530      21866.7369         12.2433       1068.1238       2813.1538        388.2356       3680.8718        193.7440       -106.9947      12630.5862    -164018.6483        607.5748         35.3925        320.5811        251.6013          0.0000          0.0000          0.0000          0.0000          0.0000        297.8036          0.0000          6.4109

INFO:      25500         51.0000    -120873.5366    -142889.4373      22015.9007         12.2985       1058.1874       2818.5387        373.7265       3679.5800        180.3974       -118.0303      12795.3360    -164251.7874        574.6145         28.2704        309.2443        237.0998          0.0000          0.0000          0.0000          0.0000          0.0000        299.8351          0.0000          7.4960

INFO:      26000         52.0000    -120971.7342    -142934.4457      21962.7115         12.2628       1042.2806       2783.8999        356.6623       3701.5573        186.8364       -119.7793      12683.5133    -164164.6536        595.2374         30.1195        337.7574        227.3606          0.0000          0.0000          0.0000          0.0000          0.0000        299.1107          0.0000         13.9224

INFO:      26500         53.0000    -120852.5748    -142910.3306      22057.7558         12.2731       1084.4386       2783.0743        378.2226       3699.8473        190.8080       -112.3226      12822.9154    -164358.4852        601.1708         28.6463        332.3933        240.1312          0.0000          0.0000          0.0000          0.0000          0.0000        300.4051          0.0000          8.4318

INFO:      27000         54.0000    -121029.5620    -143034.5302      22004.9682         12.2645       1068.9872       2779.4230        378.7145       3706.0128        201.0113       -114.9039      12401.9246    -164052.9461        597.2465         29.8739        330.4037        236.9689          0.0000          0.0000          0.0000          0.0000          0.0000        299.6862          0.0000          7.4397

INFO:      27500         55.0000    -120965.0667    -143127.5867      22162.5200         12.2875       1096.8614       2822.6112        368.8223       3695.9875        195.5660       -112.7396      12492.7863    -164279.2184        591.7364         30.5193        321.7293        239.4877          0.0000          0.0000          0.0000          0.0000          0.0000        301.8319          0.0000          5.4327

INFO:      28000         56.0000    -120879.7120    -142857.9835      21978.2715         12.2765       1106.1204       2787.9366        389.7606       3692.9866        182.8570       -108.4736      12545.0349    -164069.8824        615.6765         31.6308        334.4592        249.5865          0.0000          0.0000          0.0000          0.0000          0.0000        299.3226          0.0000          4.0304

INFO:      28500         57.0000    -121020.0376    -142932.4831      21912.4455         12.2527       1112.5530       2823.3750        374.8849       3680.9696        181.4461       -115.3583      12431.6134    -164028.8213        606.8546         33.1945        324.7869        248.8733          0.0000          0.0000          0.0000          0.0000          0.0000        298.4261          0.0000         11.4164

INFO:      29000         58.0000    -120998.2824    -142770.3405      21772.0581         12.1984       1065.1002       2794.7888        376.0494       3680.5242        186.2743       -116.3776      12510.0146    -163858.8624        592.1480         28.6504        328.4419        235.0557          0.0000          0.0000          0.0000          0.0000          0.0000        296.5142          0.0000          9.4356

INFO:      29500         59.0000    -121168.4649    -143202.2017      22033.7368         12.1950       1062.0287       2766.3277        370.4069       3648.7219        167.9956       -112.1320      12491.2250    -164175.2266        578.4511         30.8803        309.3358        238.2351          0.0000          0.0000          0.0000          0.0000          0.0000        300.0780          0.0000         12.8962

INFO:      30000         60.0000    -121109.5300    -143088.5201      21978.9901         12.2226       1018.8853       2829.2565        368.1996       3713.0486        190.2839       -113.0285      12757.5547    -164460.0727        607.3525         27.6613        330.9594        248.7319          0.0000          0.0000          0.0000          0.0000          0.0000        299.3324          0.0000         11.1047

INFO:      30500         61.0000    -121154.6335    -143040.7426      21886.1091         12.2319       1066.3609       2778.8618        376.1382       3686.3021        190.7526       -123.2831      12509.0470    -164111.0288        586.1067         30.4314        313.8092        241.8661          0.0000          0.0000          0.0000          0.0000          0.0000        298.0674          0.0000          9.0966

INFO:      31000         62.0000    -121173.5350    -143126.6956      21953.1605         12.2755       1047.4923       2800.3358        380.7311       3688.6464        176.4152       -117.2542      12858.8035    -164563.2809        601.4153         30.9025        315.4757        255.0372          0.0000          0.0000          0.0000          0.0000          0.0000        298.9806          0.0000          9.5203

INFO:      31500         63.0000    -121175.4338    -143250.3037      22074.8699         12.2336       1090.0539       2811.9772        372.5781       3698.2116        189.2946       -116.0486      12689.5354    -164589.4362        603.5303         30.6881        325.7846        247.0576          0.0000          0.0000          0.0000          0.0000          0.0000        300.6382          0.0000          9.0478

INFO:      32000         64.0000    -121026.0212    -143148.7232      22122.7020         12.2571       1085.5368       2792.9780        377.4301       3728.6616        186.1289       -130.1714      12749.7222    -164540.5642        601.5549         31.6065        316.3669        253.5815          0.0000          0.0000          0.0000          0.0000          0.0000        301.2896          0.0000          4.1096

INFO:      32500         65.0000    -120961.9941    -142824.3366      21862.3426         12.2351       1059.9722       2802.7528        374.5410       3679.4788        198.8107       -120.8508      12442.0747    -163864.8104        603.6942         32.1466        333.5298        238.0178          0.0000          0.0000          0.0000          0.0000          0.0000        297.7437          0.0000         11.4537

INFO:      33000         66.0000    -120899.6329    -143060.2194      22160.5864         12.2816       1060.9408       2875.1048        376.3518       3705.0784        190.7157       -103.9388      12765.8617    -164525.7507        595.4171         33.1016        320.8685        241.4470          0.0000          0.0000          0.0000          0.0000          0.0000        301.8055          0.0000          6.6477

INFO:      33500         67.0000    -120938.4426    -142971.0248      22032.5821         12.3128       1156.8770       2812.4865        386.3491       3711.9696        188.1881       -124.5888      12921.4175    -164651.2813        627.5575         38.1137        337.7156        251.7282          0.0000          0.0000          0.0000          0.0000          0.0000        300.0622          0.0000          8.6913

INFO:      34000         68.0000    -120974.1754    -142818.8547      21844.6793         12.2824       1099.8922       2790.2159        378.3055       3690.4876        197.2352       -123.1030      12607.5596    -164053.3042        593.8563         36.2024        315.9468        241.7072          0.0000          0.0000          0.0000          0.0000          0.0000        297.5032          0.0000         11.3405

INFO:      34500         69.0000    -120872.7600    -142772.4412      21899.6812         12.2535       1095.0975       2806.5103        379.1614       3710.7410        184.4363       -113.8172      12769.0105    -164237.8164        634.2353         33.7079        346.2250        254.3024          0.0000          0.0000          0.0000          0.0000          0.0000        298.2523          0.0000          7.3620

INFO:      35000         70.0000    -120991.6764    -142923.1629      21931.4865         12.2618       1052.1738       2787.0381        365.5304       3673.3280        190.5026       -106.2567      12872.3730    -164375.5843        617.7320         33.5839        321.4143        262.7338          0.0000          0.0000          0.0000          0.0000          0.0000        298.6854          0.0000         10.1988

INFO:      35500         71.0000    -121059.1095    -143130.6038      22071.4942         12.2192       1053.2473       2775.9641        372.0114       3683.1669        196.3006       -106.6902      12581.5694    -164291.5748        605.4016         30.0553        323.9959        251.3504          0.0000          0.0000          0.0000          0.0000          0.0000        300.5922          0.0000         17.9231

INFO:      36000         72.0000    -121034.3063    -142750.9506      21716.6442         12.1880       1056.3512       2815.4034        379.0164       3696.9909        189.9474       -104.8278      12544.0060    -163918.5360        590.6979         34.0852        304.8546        251.7581          0.0000          0.0000          0.0000          0.0000          0.0000        295.7595          0.0000         17.0802

INFO:      36500         73.0000    -120999.0272    -142958.5620      21959.5348         12.2230       1079.4750       2741.8578        367.3729       3694.6708        198.8479       -127.4822      12801.4337    -164328.7804        614.0426         32.1576        337.2720        244.6129          0.0000          0.0000          0.0000          0.0000          0.0000        299.0674          0.0000         10.9623

INFO:      37000         74.0000    -121045.5349    -143043.3843      21997.8494         12.2797       1089.1761       2822.9476        379.5475       3687.2720        179.8334       -113.4564      12849.4278    -164510.3207        572.1882         34.1189        313.7127        224.3565          0.0000          0.0000          0.0000          0.0000          0.0000        299.5892          0.0000          4.3959

INFO:      37500         75.0000    -121015.2285    -143039.7446      22024.5162         12.2167       1061.4610       2775.5502        372.0787       3695.2965        165.2610       -108.7335      12688.1694    -164279.6875        590.8594         33.7025        312.3118        244.8451          0.0000          0.0000          0.0000          0.0000          0.0000        299.9524          0.0000          7.8369

INFO:      38000         76.0000    -120913.6578    -142830.6700      21917.0122         12.2432       1062.4678       2786.8765        368.5117       3698.8364        193.8021       -126.5407      12677.1354    -164094.3677        602.6085         35.0871        327.8255        239.6960          0.0000          0.0000          0.0000          0.0000          0.0000        298.4883          0.0000          8.8559

INFO:      38500         77.0000    -120996.3965    -143185.4233      22189.0268         12.2211       1030.2807       2726.6415        365.6936       3696.7173        193.4373       -137.2553      12693.2153    -164343.8892        589.7356         27.4290        316.3103        245.9964          0.0000          0.0000          0.0000          0.0000          0.0000        302.1929          0.0000         11.4044

INFO:      39000         78.0000    -120954.1710    -142963.2508      22009.0798         12.2097       1099.8395       2808.2852        376.8725       3707.5278        184.2699       -113.9316      12309.1321    -163927.7845        592.5382         37.7363        315.1269        239.6750          0.0000          0.0000          0.0000          0.0000          0.0000        299.7422          0.0000         10.6638

INFO:      39500         79.0000    -120902.0438    -142802.8450      21900.8011         12.2566       1111.8886       2841.5155        384.5738       3685.0081        193.9024       -115.0920      12361.9578    -163872.1394        605.5401         32.1071        333.4379        239.9952          0.0000          0.0000          0.0000          0.0000          0.0000        298.2675          0.0000          9.8833

INFO:      40000         80.0000    -120979.4979    -142878.2491      21898.7511         12.2437       1094.8995       2740.8425        387.5715       3685.7819        196.8334       -127.3323      12528.9421    -164009.6931        623.9054         32.3227        332.7159        258.8668          0.0000          0.0000          0.0000          0.0000          0.0000        298.2396          0.0000         12.8354

INFO:      40500         81.0000    -120903.4433    -142858.1271      21954.6838         12.2317       1051.8140       2796.8700        371.8291       3698.6262        213.8716       -117.4630      12608.5419    -164093.4406        611.2237         29.6638        327.4446        254.1153          0.0000          0.0000          0.0000          0.0000          0.0000        299.0013          0.0000         11.0366

INFO:      41000         82.0000    -120856.4899    -142855.3841      21998.8942         12.2364       1077.3904       2782.7801        379.9873       3721.1934        195.7058       -116.9907      12647.2667    -164132.5643        589.8471         31.1414        322.1719        236.5339          0.0000          0.0000          0.0000          0.0000          0.0000        299.6034          0.0000         11.1842

INFO:      41500         83.0000    -120789.9906    -142840.2248      22050.2342         12.2693       1094.8311       2752.6417        359.0574       3703.9296        192.1897       -127.1859      12615.3547    -164030.8475        599.8044         32.1901        322.7589        244.8554          0.0000          0.0000          0.0000          0.0000          0.0000        300.3026          0.0000         12.5143

INFO:      42000         84.0000    -120817.7012    -142514.3438      21696.6426         12.2026       1104.0086       2794.9174        376.3866       3687.9985        195.9093       -123.2124      12472.4537    -163619.9314        597.1259         32.2570        321.3921        243.4768          0.0000          0.0000          0.0000          0.0000          0.0000        295.4871          0.0000         10.8108

INFO:      42500         85.0000    -120750.9164    -142844.2522      22093.3357         12.2038       1030.9554       2725.8839        367.3968       3683.8495        188.3900       -103.4172      12456.9379    -163793.5087        599.2601         30.1105        325.8809        243.2687          0.0000          0.0000          0.0000          0.0000          0.0000        300.8896          0.0000         12.8538

INFO:      43000         86.0000    -120742.2146    -142880.3186      22138.1040         12.2135       1078.3694       2762.8290        377.6428       3665.7421        182.1661       -107.6476      12535.8812    -163988.6066        613.3050         29.5250        332.4530        251.3270          0.0000          0.0000          0.0000          0.0000          0.0000        301.4993          0.0000          6.0306

INFO:      43500         87.0000    -120790.6078    -142982.5725      22191.9648         12.2192       1089.7537       2751.2727        374.0951       3681.7858        187.9905       -110.3319      12514.3598    -164067.6141        596.1158         31.6751        319.1276        245.3130          0.0000          0.0000          0.0000          0.0000          0.0000        302.2329          0.0000         13.5955

INFO:      44000         88.0000    -120924.0552    -142981.2678      22057.2126         12.2237       1117.3027       2761.0690        379.8813       3693.8326        176.8234       -115.1078      12530.1118    -164110.0185        584.8377         29.1626        304.6370        251.0380          0.0000          0.0000          0.0000          0.0000          0.0000        300.3977          0.0000         13.1252

INFO:      44500         89.0000    -120953.3929    -142966.3471      22012.9542         12.2538       1092.4425       2838.6172        383.3769       3678.6910        171.1844       -124.9770      12590.2980    -164195.1767        599.1966         32.3594        330.7741        236.0630          0.0000          0.0000          0.0000          0.0000          0.0000        299.7949          0.0000         10.9878

INFO:      45000         90.0000    -120919.8803    -142860.0778      21940.1975         12.2503       1060.4373       2849.7367        362.9552       3713.9557        172.3194       -121.0045      12611.8104    -164094.5623        584.2744         29.1898        311.3074        243.7772          0.0000          0.0000          0.0000          0.0000          0.0000        298.8040          0.0000          8.9518

INFO:      45500         91.0000    -120757.7584    -142574.6299      21816.8716         12.2023       1085.3112       2881.6076        382.2922       3693.6400        171.7975       -108.2099      12472.3059    -163773.5867        620.2121         33.7130        330.1499        256.3492          0.0000          0.0000          0.0000          0.0000          0.0000        297.1245          0.0000         11.4124

INFO:      46000         92.0000    -120815.8146    -142978.6718      22162.8572         12.2185       1083.5342       2798.7465        385.4668       3686.7615        189.5461       -117.1800      12472.7899    -164060.5723        582.2355         25.6033        306.4009        250.2313          0.0000          0.0000          0.0000          0.0000          0.0000        301.8365          0.0000         10.0183

INFO:      46500         93.0000    -120817.9948    -142917.4907      22099.4959         12.2042       1087.9658       2777.0104        381.8831       3675.7281        196.9298       -113.2992      12574.5815    -164114.4469        616.1567         31.0232        335.0474        250.0861          0.0000          0.0000          0.0000          0.0000          0.0000        300.9735          0.0000         11.5756

INFO:      47000         94.0000    -120784.5327    -142814.5110      22029.9782         12.2128       1086.7654       2773.4455        370.6507       3685.8043        179.0959       -118.1244      12475.0010    -163855.2912        588.1418         32.9252        321.2177        233.9989          0.0000          0.0000          0.0000          0.0000          0.0000        300.0268          0.0000         10.1474

INFO:      47500         95.0000    -120794.4510    -142696.9385      21902.4875         12.2104       1069.0529       2843.0241        379.1546       3687.8769        208.0836       -121.3642      12447.5296    -163815.7763        605.4803         33.0886        335.6333        236.7585          0.0000          0.0000          0.0000          0.0000          0.0000        298.2905          0.0000          9.4654

INFO:      48000         96.0000    -120738.0590    -142714.0702      21976.0113         12.2064       1022.2798       2810.4487        373.8745       3676.4759        181.8086       -121.7534      12564.8824    -163805.5636        583.4769         27.5285        326.9583        228.9901          0.0000          0.0000          0.0000          0.0000          0.0000        299.2918          0.0000          9.5989

INFO:      48500         97.0000    -120839.7687    -142872.7386      22032.9699         12.2487       1094.7311       2790.1454        371.6147       3709.3234        199.6088       -123.9165      12542.2216    -164073.8727        617.4055         35.5255        327.3208        254.5591          0.0000          0.0000          0.0000          0.0000          0.0000        300.0675          0.0000          9.3977

INFO:      49000         98.0000    -120870.9766    -142815.4415      21944.4649         12.2536       1067.2885       2799.0464        381.6971       3690.1384        193.9565       -122.0263      12538.1023    -163982.6101        618.9658         30.4715        335.5802        252.9141          0.0000          0.0000          0.0000          0.0000          0.0000        298.8622          0.0000         11.3880

INFO:      49500         99.0000    -120811.8784    -142992.8944      22181.0160         12.1631        981.4949       2745.8926        368.0377       3716.6175        197.6123       -108.8786      12488.3690    -163985.4291        603.3893         31.0114        324.3613        248.0166          0.0000          0.0000          0.0000          0.0000          0.0000        302.0838          0.0000          8.6259

INFO:      50000        100.0000    -120805.8571    -142849.5572      22043.7001         12.2464       1049.1687       2738.2667        362.4004       3684.8639        197.5577       -102.7719      12599.7695    -164007.7820        628.9698         31.5266        345.5737        251.8694          0.0000          0.0000          0.0000          0.0000          0.0000        300.2137          0.0000          6.2415

 
[STEP6] Deallocate Arrays
 
Output_Time> Averaged timer profile (Min, Max)
  total time      =    1731.961
    setup         =       3.759
    dynamics      =    1728.202
      energy      =    1407.817
      integrator  =     118.270
      pairlist    =     199.212 (     188.448,     208.685)
  energy           
    bond          =       0.622 (       0.427,       0.726)
    angle         =       1.517 (       1.475,       1.580)
    dihedral      =       3.499 (       3.370,       3.589)
    nonbond       =    1252.773 (    1217.728,    1305.794)
      pme real    =    1252.758 (    1217.714,    1305.782)
      pme recip   =       0.000 (       0.000,       0.000)
    solvation     =       0.000 (       0.000,       0.000)
      polar       =       0.000 (       0.000,       0.000)
      non-polar   =       0.000 (       0.000,       0.000)
    restraint     =       1.541 (       1.436,       2.377)
    qmmm          =       0.000 (       0.000,       0.000)
  integrator       
    constraint    =      57.361 (      55.026,      63.171)
    update        =       0.000 (       0.000,       0.000)
    comm_coord    =       0.000 (       0.000,       0.000)
    comm_force    =       0.000 (       0.000,       0.000)
    comm_migrate  =       0.000 (       0.000,       0.000)

