(10.2.12.64:0,1,2,3,4,5,6,7)
(10.2.12.75:8,9,10,11,12,13,14,15)

[0] MPI startup(): libfabric version: 1.7.2a-impi
[0] MPI startup(): libfabric provider: verbs;ofi_rxm
[0] MPI startup(): Rank    Pid      Node name  Pin cpu
[0] MPI startup(): 0       46677    bwmpc0064  {0,1,2,3,4}
[0] MPI startup(): 1       46678    bwmpc0064  {5,6,7,8,9}
[0] MPI startup(): 2       46679    bwmpc0064  {10,11,12,13,14}
[0] MPI startup(): 3       46680    bwmpc0064  {15,16,17,18,19}
[0] MPI startup(): 4       46681    bwmpc0064  {20,21,22,23,24}
[0] MPI startup(): 5       46682    bwmpc0064  {25,26,27,28,29}
[0] MPI startup(): 6       46683    bwmpc0064  {30,31,32,33,34}
[0] MPI startup(): 7       46684    bwmpc0064  {35,36,37,38,39}
[0] MPI startup(): 8       16668    bwmpc0075  {0,1,2,3,4}
[0] MPI startup(): 9       16669    bwmpc0075  {5,6,7,8,9}
[0] MPI startup(): 10      16670    bwmpc0075  {10,11,12,13,14}
[0] MPI startup(): 11      16671    bwmpc0075  {15,16,17,18,19}
[0] MPI startup(): 12      16672    bwmpc0075  {20,21,22,23,24}
[0] MPI startup(): 13      16673    bwmpc0075  {25,26,27,28,29}
[0] MPI startup(): 14      16674    bwmpc0075  {30,31,32,33,34}
[0] MPI startup(): 15      16675    bwmpc0075  {35,36,37,38,39}
[0] MPI startup(): I_MPI_ROOT=/bwfefs/opt/x86_64/intel/compilers_and_libraries_2019.5.281/linux/mpi
[0] MPI startup(): I_MPI_HYDRA_BOOTSTRAP_EXEC=/bin/pjrsh
[0] MPI startup(): I_MPI_HYDRA_BOOTSTRAP_AUTOFORK=0
[0] MPI startup(): I_MPI_HYDRA_TOPOLIB=hwloc
[0] MPI startup(): I_MPI_HYDRA_HOST_FILE=/bwfefs/home/kyagi/cm4_2/4.equil/.d0012460570_nodeinfo
[0] MPI startup(): I_MPI_PERHOST=8
[0] MPI startup(): I_MPI_PIN=1
[0] MPI startup(): I_MPI_PIN_RESPECT_HCA=0
[0] MPI startup(): I_MPI_INTERNAL_MEM_POLICY=default
[0] MPI startup(): I_MPI_DEBUG=5
****************************************************
*                                                  *
*                  GENESIS ATDYN                   *
*                                                  *
*        A Molecular Dynamics Simulator with       *
*            Atomic Decomposition Scheme           *
*                                                  *
*               Developed by RIKEN                 *
*                                                  *
****************************************************
 
[STEP0] Architecture and Compiler Information
 
GENESIS_Information> GENESIS Information
  version      = 1.6.0
  commit ID    = $GENESIS_VERSION$
  precision    = double
  nonbonding   = CPU

Build_Information> Compiler Information
  build host   = kyagi@hokusai3
  fortran      = ifort (IFORT) 19.0.5.281 20190815
  option       = -xHost -O3 -ip -mkl=parallel  -assume byterecl -qopenmp 
  C            = icc (ICC) 19.0.5.281 20190815
  option       = -O3 -ip -axCORE-AVX2  -qopenmp
  defined var. = 
  -DHAVE_MPI_GENESIS -DOMP -DFFTE -DLAPACK -DDSFMT_MEXP=19937 -DINTEL
  link option  = 
  -assume byterecl -qopenmp  -lmkl_intel_lp64 -lmkl_sequential -lmkl_core -lmkl_
 lapack95_lp64 

Runtime_Information> Machine and Library Information
  date       = 2021/10/08 03:07:02
  cpu model    = Intel(R) Xeon(R) Gold 6148 CPU @ 2.40GHz
  exec. host   = kyagi@bwmpc0064
  LD library   = 
 /bwfefs/opt/x86_64/intel/impi/2019.5.281/intel64/lib/release:/bwfefs/opt/x86_64
 /intel/impi/2019.5.281/intel64/lib:/bwfefs/opt/x86_64/intel/impi/2019.5.281/int
 el64/libfabric/lib:/bwfefs/opt/x86_64/intel/parallel_studio_xe_2019.5.075/compi
 lers_and_libraries_2019/linux/compiler/lib/intel64:/bwfefs/opt/x86_64/intel/par
 allel_studio_xe_2019.5.075/compilers_and_libraries_2019/linux/compiler/lib/inte
 l64_lin:/bwfefs/opt/x86_64/intel/parallel_studio_xe_2019.5.075/compilers_and_li
 braries_2019/linux/mpi/intel64/lib:/bwfefs/opt/x86_64/intel/parallel_studio_xe_
 2019.5.075/compilers_and_libraries_2019/linux/mpi/intel64/libfabric/lib:/bwfefs
 /opt/x86_64/intel/parallel_studio_xe_2019.5.075/compilers_and_libraries_2019/li
 nux/ipp/lib/intel64:/bwfefs/opt/x86_64/intel/parallel_studio_xe_2019.5.075/comp
 ilers_and_libraries_2019/linux/compiler/lib/intel64:/bwfefs/opt/x86_64/intel/pa
 rallel_studio_xe_2019.5.075/compilers_and_libraries_2019/linux/mkl/lib/intel64:
 /bwfefs/opt/x86_64/intel/parallel_studio_xe_2019.5.075/compilers_and_libraries_
 2019/linux/tbb/lib/intel64/gcc4.7:/bwfefs/opt/x86_64/intel/debugger_2019/libipt
 /intel64/lib:/bwfefs/opt/x86_64/intel/parallel_studio_xe_2019.5.075/compilers_a
 nd_libraries_2019/linux/daal/lib/intel64_lin:/bwfefs/opt/x86_64/intel/parallel_
 studio_xe_2019.5.075/compilers_and_libraries_2019/linux/daal/../tbb/lib/intel64
 _lin/gcc4.7

[STEP1] Read Control Parameters
 
Read_Ctrl_Input> Input Files
  topfile = 
 toppar/top_all36_prot.rtf, toppar/top_all36_cgenff.rtf, toppar/cho.rtf
  parfile = 
 toppar/par_all36m_prot.prm, toppar/par_all36_cgenff.prm, toppar/cho.prm
  strfile = toppar/toppar_water_ions.str
  psffile = step3_nvt_100.psf
  pdbfile = step3_nvt_100.pdb
  rstfile = step4.2_nvt.rst
  reffile = step3_nvt_100.pdb
 
Read_Ctrl_Output> Output Files
  dcdfile    = step4.3_nvt.dcd
  rstfile    = step4.3_nvt.rst
 
Read_Ctrl_Energy> Parameters of Energy Calculations
  forcefield      =     CHARMM
  switchdist      =     16.000  cutoffdist      =     18.000
  pairlistdist    =     19.500  dielec_const    =      1.000
  vdW force_switch=        yes
  electrostatic   =  CUTOFF
  implicit_solvent=       none
  table_order     =          3
  table_density   =     20.000
  water_model     =       NONE
  output_style    =    GENESIS
  dispersion_corr =       none
  nonb_limiter    =      no
 
Read_Ctrl_Dynamics> Parameters of MD simulation
  integrator      =       VVER  nsteps          =      50000
  timestep        =     0.0020  initial_time    =     0.0000
  eneout_period   =        500  rstout_period   =        500
  crdout_period   =        500  velout_period   =          0
  nbupdate_period =         10  stoptr_period   =         10
  iseed           =   20190319
  annealing       =         no
  verbose         =         no
  target_md       =         no
  steered_md      =         no
  esp_mm          =         no
 
Read_Ctrl_Constraints> Parameters for Constraints
  rigid_bond      =        yes
  shake_iteration =        500  shake_tolerance =  0.100E-09
  fast_water      =        yes  water_model     =       TIP3
  hydrogen_type   =  name|mass
  noshake_index   =       none
  fixatm_select_index        =       none
 
Read_Ctrl_Ensemble> Parameters for Ensemble
  ensemble        =        NVT
  temperature     =    300.000
  tpcontrol       =      BUSSI
  tau_t           =      5.000
 
Read_Ctrl_Boundary> Parameters of Boundary Condition
  type            =       NOBC
  spherical_pot   =        yes  restart         =          T
  center_info     =       read  modify_ratio    =      1.000
  constant        =     10.000  exponent        =          2
  fixatom         =          T  fix_layer       =      1.000
 
Read_Ctrl_Selection> Parameters of Selection
  # of groups     =          4
    group 1 = ((sid:CHA or sid:CHA around_res:3.0) or           (sid:CHB or sid:CHB around_res:3.0) or           (sid:CHC or sid:CHC around_res:3.0)) and not hydrogen and not an:OH2
    group 2 = (sid:PROA or sid:PROB or sid:PROC) and          (an:CA | an:C | an:O | an:N)
    group 3 = (sid:PROA or sid:PROB or sid:PROC) and          not (an:CA | an:C | an:O | an:N) and not hydrogen
    group 4 = (sid:WATA or sid:WATB or sid:WATC) and an:OH2
  # of mole names =          0
 
Read_Ctrl_Restraints> Parameters of Restraint
  numfunc         =   4
  function1 = POSI     
    direction     = ALL 
    constant      = 2.0
    reference     = 
    select_index  = 1
    mode          =   0
    exponent      =   2
    exponent_dist = 
    weight_dist   = 

  function2 = POSI     
    direction     = ALL 
    constant      = 2.5
    reference     = 
    select_index  = 2
    mode          =   0
    exponent      =   2
    exponent_dist = 
    weight_dist   = 

  function3 = POSI     
    direction     = ALL 
    constant      = 0.5
    reference     = 
    select_index  = 3
    mode          =   0
    exponent      =   2
    exponent_dist = 
    weight_dist   = 

  function4 = POSI     
    direction     = ALL 
    constant      = 0.5
    reference     = 
    select_index  = 4
    mode          =   0
    exponent      =   2
    exponent_dist = 
    weight_dist   = 

  pressure_position   = NO
  pressure_rmsd     = NO

Read_Ctrl_Fitting_MD> Parameters of Fitting
  fitting method  =  TR+ROT   
  fitting atom    = group1
  mass_weight     =         no
 
[STEP2] Setup MPI
 
Setup_Mpi_Md> Summary of Setup MPI
  number of MPI processes   =         16
  number of OpenMP threads  =          5
  total number of CPU cores =         80

[STEP3] Set Relevant Variables and Structures
 
Input_Top> Summary of Topfile
  num_atom_class  =        214  num_resi_type   =        873
 
 Merge_Par> WARNING: BOND: Multiple definition: "CG2D1O"-"OG301"
 Merge_Par> WARNING: BOND: Multiple definition: "CG2DC1"-"CG2DC1"
 Merge_Par> WARNING: BOND: Multiple definition: "CG2DC1"-"CG2DC2"
 Merge_Par> WARNING: BOND: Multiple definition: "CG2DC1"-"CG2O3"
 Merge_Par> WARNING: BOND: Multiple definition: "CG2DC1"-"HGA4"
 Merge_Par> WARNING: BOND: Multiple definition: "CG2DC2"-"CG2DC2"
 Merge_Par> WARNING: BOND: Multiple definition: "CG2DC2"-"HGA4"
 Merge_Par> WARNING: BOND: Multiple definition: "CG2DC3"-"HGA5"
 Merge_Par> WARNING: BOND: Multiple definition: "CG2O3"-"OG2D2"
 Merge_Par> WARNING: BOND: Multiple definition: "CG311"-"CG311"
 Merge_Par> WARNING: BOND: Multiple definition: "CG311"-"OG301"
 Merge_Par> WARNING: BOND: Multiple definition: "CG311"-"OG311"
 Merge_Par> WARNING: BOND: Multiple definition: "CG311"-"HGA1"
 Merge_Par> WARNING: BOND: Multiple definition: "OG311"-"HGP1"
 Merge_Par> WARNING: ANGL: Multiple definition: "CG2DC1"-"CG2DC1"-"CG2DC2"
 Merge_Par> WARNING: ANGL: Multiple definition: "CG2DC1"-"CG2DC1"-"CG2O3"
 Merge_Par> WARNING: ANGL: Multiple definition: "CG2DC1"-"CG2DC1"-"HGA4"
 Merge_Par> WARNING: ANGL: Multiple definition: "CG2DC1"-"CG2DC2"-"CG2DC2"
 Merge_Par> WARNING: ANGL: Multiple definition: "CG2DC1"-"CG2DC2"-"HGA4"
 Merge_Par> WARNING: ANGL: Multiple definition: "CG2DC2"-"CG2DC2"-"HGA4"
 Merge_Par> WARNING: ANGL: Multiple definition: "HGA5"-"CG2DC3"-"HGA5"
 Merge_Par> WARNING: ANGL: Multiple definition: "CG2DC1"-"CG2O3"-"OG2D2"
 Merge_Par> WARNING: ANGL: Multiple definition: "OG2D2"-"CG2O3"-"OG2D2"
 Merge_Par> WARNING: ANGL: Multiple definition: "CG311"-"CG311"-"OG301"
 Merge_Par> WARNING: ANGL: Multiple definition: "CG311"-"CG311"-"OG311"
 Merge_Par> WARNING: ANGL: Multiple definition: "CG311"-"CG311"-"HGA1"
 Merge_Par> WARNING: ANGL: Multiple definition: "OG301"-"CG311"-"HGA1"
 Merge_Par> WARNING: ANGL: Multiple definition: "OG311"-"CG311"-"HGA1"
 Merge_Par> WARNING: ANGL: Multiple definition: "CG311"-"OG311"-"HGP1"
 Merge_Par> WARNING: DIHE: Multiple definition: "CG2DC2"-"CG2DC1"-"CG2DC1"-"HGA4"
 Merge_Par> WARNING: DIHE: Multiple definition: "CG2DC1"-"CG2DC1"-"CG2DC2"-"CG2DC2"
 Merge_Par> WARNING: DIHE: Multiple definition: "CG2DC1"-"CG2DC1"-"CG2DC2"-"CG2DC2"
 Merge_Par> WARNING: DIHE: Multiple definition: "CG2DC1"-"CG2DC1"-"CG2DC2"-"CG2DC2"
 Merge_Par> WARNING: DIHE: Multiple definition: "CG2DC1"-"CG2DC1"-"CG2DC2"-"HGA4"
 Merge_Par> WARNING: DIHE: Multiple definition: "CG2DC1"-"CG2DC1"-"CG2O3"-"OG2D2"
 Merge_Par> WARNING: DIHE: Multiple definition: "CG2DC1"-"CG2DC2"-"CG2DC2"-"HGA4"
 Merge_Par> WARNING: DIHE: Multiple definition: "HGA4"-"CG2DC2"-"CG2DC2"-"HGA4"
 Merge_Par> WARNING: DIHE: Multiple definition: "OG301"-"CG311"-"CG311"-"HGA1"
 Merge_Par> WARNING: DIHE: Multiple definition: "OG311"-"CG311"-"CG311"-"HGA1"
 Merge_Par> WARNING: DIHE: Multiple definition: "HGA1"-"CG311"-"CG311"-"HGA1"
 Merge_Par> WARNING: DIHE: Multiple definition: "CG311"-"CG311"-"OG311"-"HGP1"
 Merge_Par> WARNING: DIHE: Multiple definition: "CG311"-"CG311"-"OG311"-"HGP1"
 Merge_Par> WARNING: DIHE: Multiple definition: "CG311"-"CG311"-"OG311"-"HGP1"
 Merge_Par> WARNING: DIHE: Multiple definition: "HGA1"-"CG311"-"OG311"-"HGP1"
 Merge_Par> WARNING: IMPR: Multiple definition: "CG2O3"-"OG2D2"-"OG2D2"-"CG2DC1"
Input_Par> Summary of Parfile
  num_bonds       =        721  num_angles      =       2372
  num_dihedrals   =       6191  num_impropers   =        207
  num_atom_cls    =        214  num_nbfix       =         76
  num_cmap_terms  =          6
 
Input_Str> Summary of Top information
  num_atom_class  =        231  num_resi_type   =        888
 
Input_Str> Summary of Par information
  num_bonds       =        726  num_angles      =       2374
  num_dihedrals   =       6192  num_impropers   =        207
  num_atom_cls    =        231  num_nbfix       =         99
  num_cmap_terms  =          6
 
Read_Psf> Summary of Psffile
  psftype         =      xplor
  num_atoms       =      48752  num_bonds       =      48790
  num_angles      =      24842  num_dihedrals   =      15283
  num_impropers   =        979  num_cmap_terms  =        343
  num_HB_donors   =      29308  num_HB_acceptors=      14878
  num_NB_exclusion=          0  num_groups      =      15971
  total_charge    =    -15.000
 
Check_Pdb> 5-column residue sequence number
 
Read_Pdb> Summary of Data in PDB file
  num_atoms       =      48752
 
Read_Rst_Binary> Summary of RST file
  num_atoms       =      48752  iseed           =   20190319
  boxsize (x,y,z) =      0.000     0.000     0.000
  spherical_pot     =      yes
  nfunctions                 1  num_fixatm             13215

Define_Molecule> Summary of molecules
  num_atoms       =      48752  num_bonds       =      48790
  num_angles      =      24842  num_dihedrals   =      15283
  num_impropers   =        979  num_cmap_terms  =        343
  num_residues    =      14694  num_molecules   =      14348
  num_segments    =         10  num_deg_freedom =     146256
  total_charge    =    -15.000
 
Setup_Boundary> Setup Variables for Boundary Condition
  origin(x,y,z)   =      0.000     0.000     0.000
  nfunctions      =        1
    center(x,y,z) =      0.000     0.000     0.000
    radius        =     45.000
    constant      =     10.000
    exponent      =          2
 
  num_fixatm      =    13215
 
 
Random_Init> Initialize the random number
  seed            = 20190319

Select_Contacts> mode        : Resi
                 sel atoms A :      24
                 sel atoms B :   48728
                 distance    :    3.00
                contact atom list :     236
 
Select_Contacts> mode        : Resi
                 sel atoms A :      24
                 sel atoms B :   48728
                 distance    :    3.00
                contact atom list :     229
 
Select_Contacts> mode        : Resi
                 sel atoms A :      24
                 sel atoms B :   48728
                 distance    :    3.00
                contact atom list :     238
 
Setup_Enefunc_Cmap_Par> Natural spline is used to derive cmap coefs.

Setup_Enefunc_Table> Setup Variables for LookupTable
  num_solutes     =      48752  num_waters      =          0

Setup_Enefunc_Restraint> Setup restraint groups
 group =     1, "((sid:CHA or sid:CHA around_res:3.0) or           (sid:CHB or sid:CHB around_res:3.0) or           (sid:CHC or sid:CHC around_res:3.0)) and not hydrogen and not an:OH2"
 # of atoms =   370
 atomlist: 
     89     91     93     96     99    102    104    105    108    111
    112    892    894    896    899    900    902    904    906    908
    910    911    926    928    930    934    935    936    938    940
    943    946    949    952    956    957    984    986    988    991
    994    997    999   1000   1003   1006   1007   1152   1154   1156
   1158   1162   1166   1167   1168   1170   1172   1174   1176   1180
   1181   1182   1184   1186   1189   1191   1192   1227   1229   1231
   1234   1237   1238   1239   1240   1241   1408   1410   1412   1415
   1418   1421   1423   1424   1427   1430   1431   1707   1709   1711
   1714   1715   1717   1719   1720   1722   1724   1726   1727   1826
   1828   1830   1833   1835   1839   1843   1844   1845   1934   1936
   1938   1941   1944   1947   1949   1950   1953   1956   1957   2737
   2739   2741   2744   2745   2747   2749   2751   2753   2755   2756
   2771   2773   2775   2779   2780   2781   2783   2785   2788   2791
   2794   2797   2801   2802   2997   2999   3001   3003   3007   3011
   3012   3013   3015   3017   3019   3021   3025   3026   3027   3029
   3031   3034   3036   3037   3072   3074   3076   3079   3082   3083
   3084   3085   3086   3253   3255   3257   3260   3263   3266   3268
   3269   3272   3275   3276   3552   3554   3556   3559   3560   3562
   3564   3565   3567   3569   3571   3572   3671   3673   3675   3678
   3680   3684   3688   3689   3829   3831   3833   3836   3839   3842
   3844   3845   3848   3851   3852   4632   4634   4636   4639   4640
   4642   4644   4646   4648   4650   4651   4666   4668   4670   4674
   4675   4676   4678   4680   4683   4686   4689   4692   4696   4697
   4724   4726   4728   4731   4734   4737   4739   4740   4743   4746
   4747   4892   4894   4896   4898   4902   4906   4907   4908   4910
   4912   4914   4916   4920   4921   4922   4924   4926   4929   4931
   4932   4967   4969   4971   4974   4977   4978   4979   4980   4981
   5148   5150   5152   5155   5158   5161   5163   5164   5167   5170
   5171   5447   5449   5451   5454   5455   5457   5459   5460   5462
   5464   5466   5467   5566   5568   5570   5573   5575   5579   5583
   5584   5585   5587   5589   5592   5595   5598   5600   5601   5604
   5607   5608   5655   5656   5657   5658   5659   5660   5661   5662
   5663   5664   5665   5666   5667   5668   5669   5670   5679   5680
   5681   5682   5683   5684   5685   5686   5687   5688   5689   5690
   5691   5692   5693   5694   5703   5704   5705   5706   5707   5708
   5709   5710   5711   5712   5713   5714   5715   5716   5717   5718
 group =     2, "(sid:PROA or sid:PROB or sid:PROC) and          (an:CA | an:C | an:O | an:N)"
 # of atoms =  1393
 atomlist: 
      1      5     18     19     20     22     37     38     39     41
     61     62     63     65     68     69     70     72     87     88
     89     91    111    112    113    115    118    119    120    122
    128    129    130    132    142    143    144    146    156    157
    158    160    172    173    174    176    187    188    189    191
    211    212    213    215    223    224    225    227    237    238
    239    241    252    253    254    256    267    268    269    271
    282    283    284    286    301    302    303    305    320    321
    322    324    337    338    339    341    359    360    361    363
    373    374    375    377    395    396    397    399    412    413
    414    416    431    432    433    435    450    451    452    454
    465    466    467    469    487    488    489    491    506    507
    508    510    525    526    527    529    540    541    542    544
    555    556    557    559    569    570    571    573    586    587
    588    590    600    601    602    604    622    623    624    628
    636    637    638    640    651    652    653    655    663    664
    665    667    679    680    681    683    695    696    697    699
    712    713    714    716    729    730    731    733    748    749
    750    752    767    768    769    771    778    779    780    782
    788    789    790    792    802    803    804    808    816    817
    818    820    828    829    830    832    847    848    849    851
    864    865    866    868    874    875    876    878    890    891
    892    894    910    911    912    916    924    925    926    928
    934    935    936    938    956    957    958    960    966    967
    968    970    982    983    984    986   1006   1007   1008   1010
   1021   1022   1023   1025   1040   1041   1042   1044   1051   1052
   1053   1055   1058   1059   1060   1062   1082   1083   1084   1086
   1099   1100   1101   1103   1120   1121   1122   1124   1136   1137
   1138   1142   1150   1151   1152   1154   1166   1167   1168   1170
   1180   1181   1182   1184   1191   1192   1193   1195   1208   1209
   1210   1212   1225   1226   1227   1229   1240   1241   1242   1244
   1257   1258   1259   1261   1269   1270   1271   1273   1285   1286
   1287   1289   1299   1300   1301   1303   1306   1307   1308   1310
   1313   1314   1315   1317   1332   1333   1334   1336   1354   1355
   1356   1358   1376   1377   1378   1380   1387   1388   1389   1391
   1406   1407   1408   1410   1430   1431   1432   1434   1446   1447
   1448   1450   1463   1464   1465   1467   1480   1481   1482   1484
   1494   1495   1496   1498   1510   1511   1512   1514   1527   1528
   1529   1531   1541   1542   1543   1545   1553   1554   1555   1557
   1569   1570   1571   1575   1583   1584   1585   1587   1600   1601
   1602   1604   1612   1613   1614   1616   1629   1630   1631   1633
   1648   1649   1650   1652   1672   1673   1674   1676   1689   1690
   1691   1693   1705   1706   1707   1709   1726   1727   1728   1730
   1745   1746   1747   1749   1760   1761   1762   1764   1782   1783
   1784   1786   1792   1793   1794   1796   1808   1809   1810   1812
   1824   1825   1826   1828   1843   1846   1850   1863   1864   1865
   1867   1882   1883   1884   1886   1906   1907   1908   1910   1913
   1914   1915   1917   1932   1933   1934   1936   1956   1957   1958
   1960   1963   1964   1965   1967   1973   1974   1975   1977   1987
   1988   1989   1991   2001   2002   2003   2005   2017   2018   2019
   2021   2032   2033   2034   2036   2056   2057   2058   2060   2068
   2069   2070   2072   2082   2083   2084   2086   2097   2098   2099
   2101   2112   2113   2114   2116   2127   2128   2129   2131   2146
   2147   2148   2150   2165   2166   2167   2169   2182   2183   2184
   2186   2204   2205   2206   2208   2218   2219   2220   2222   2240
   2241   2242   2244   2257   2258   2259   2261   2276   2277   2278
   2280   2295   2296   2297   2299   2310   2311   2312   2314   2332
   2333   2334   2336   2351   2352   2353   2355   2370   2371   2372
   2374   2385   2386   2387   2389   2400   2401   2402   2404   2414
   2415   2416   2418   2431   2432   2433   2435   2445   2446   2447
   2449   2467   2468   2469   2473   2481   2482   2483   2485   2496
   2497   2498   2500   2508   2509   2510   2512   2524   2525   2526
   2528   2540   2541   2542   2544   2557   2558   2559   2561   2574
   2575   2576   2578   2593   2594   2595   2597   2612   2613   2614
   2616   2623   2624   2625   2627   2633   2634   2635   2637   2647
   2648   2649   2653   2661   2662   2663   2665   2673   2674   2675
   2677   2692   2693   2694   2696   2709   2710   2711   2713   2719
   2720   2721   2723   2735   2736   2737   2739   2755   2756   2757
   2761   2769   2770   2771   2773   2779   2780   2781   2783   2801
   2802   2803   2805   2811   2812   2813   2815   2827   2828   2829
   2831   2851   2852   2853   2855   2866   2867   2868   2870   2885
   2886   2887   2889   2896   2897   2898   2900   2903   2904   2905
   2907   2927   2928   2929   2931   2944   2945   2946   2948   2965
   2966   2967   2969   2981   2982   2983   2987   2995   2996   2997
   2999   3011   3012   3013   3015   3025   3026   3027   3029   3036
   3037   3038   3040   3053   3054   3055   3057   3070   3071   3072
   3074   3085   3086   3087   3089   3102   3103   3104   3106   3114
   3115   3116   3118   3130   3131   3132   3134   3144   3145   3146
   3148   3151   3152   3153   3155   3158   3159   3160   3162   3177
   3178   3179   3181   3199   3200   3201   3203   3221   3222   3223
   3225   3232   3233   3234   3236   3251   3252   3253   3255   3275
   3276   3277   3279   3291   3292   3293   3295   3308   3309   3310
   3312   3325   3326   3327   3329   3339   3340   3341   3343   3355
   3356   3357   3359   3372   3373   3374   3376   3386   3387   3388
   3390   3398   3399   3400   3402   3414   3415   3416   3420   3428
   3429   3430   3432   3445   3446   3447   3449   3457   3458   3459
   3461   3474   3475   3476   3478   3493   3494   3495   3497   3517
   3518   3519   3521   3534   3535   3536   3538   3550   3551   3552
   3554   3571   3572   3573   3575   3590   3591   3592   3594   3605
   3606   3607   3609   3627   3628   3629   3631   3637   3638   3639
   3641   3653   3654   3655   3657   3669   3670   3671   3673   3688
   3689   3690   3692   3712   3713   3714   3718   3726   3727   3728
   3730   3738   3741   3745   3758   3759   3760   3762   3777   3778
   3779   3781   3801   3802   3803   3805   3808   3809   3810   3812
   3827   3828   3829   3831   3851   3852   3853   3855   3858   3859
   3860   3862   3868   3869   3870   3872   3882   3883   3884   3886
   3896   3897   3898   3900   3912   3913   3914   3916   3927   3928
   3929   3931   3951   3952   3953   3955   3963   3964   3965   3967
   3977   3978   3979   3981   3992   3993   3994   3996   4007   4008
   4009   4011   4022   4023   4024   4026   4041   4042   4043   4045
   4060   4061   4062   4064   4077   4078   4079   4081   4099   4100
   4101   4103   4113   4114   4115   4117   4135   4136   4137   4139
   4152   4153   4154   4156   4171   4172   4173   4175   4190   4191
   4192   4194   4205   4206   4207   4209   4227   4228   4229   4231
   4246   4247   4248   4250   4265   4266   4267   4269   4280   4281
   4282   4284   4295   4296   4297   4299   4309   4310   4311   4313
   4326   4327   4328   4330   4340   4341   4342   4344   4362   4363
   4364   4368   4376   4377   4378   4380   4391   4392   4393   4395
   4403   4404   4405   4407   4419   4420   4421   4423   4435   4436
   4437   4439   4452   4453   4454   4456   4469   4470   4471   4473
   4488   4489   4490   4492   4507   4508   4509   4511   4518   4519
   4520   4522   4528   4529   4530   4532   4542   4543   4544   4548
   4556   4557   4558   4560   4568   4569   4570   4572   4587   4588
   4589   4591   4604   4605   4606   4608   4614   4615   4616   4618
   4630   4631   4632   4634   4650   4651   4652   4656   4664   4665
   4666   4668   4674   4675   4676   4678   4696   4697   4698   4700
   4706   4707   4708   4710   4722   4723   4724   4726   4746   4747
   4748   4750   4761   4762   4763   4765   4780   4781   4782   4784
   4791   4792   4793   4795   4798   4799   4800   4802   4822   4823
   4824   4826   4839   4840   4841   4843   4860   4861   4862   4864
   4876   4877   4878   4882   4890   4891   4892   4894   4906   4907
   4908   4910   4920   4921   4922   4924   4931   4932   4933   4935
   4948   4949   4950   4952   4965   4966   4967   4969   4980   4981
   4982   4984   4997   4998   4999   5001   5009   5010   5011   5013
   5025   5026   5027   5029   5039   5040   5041   5043   5046   5047
   5048   5050   5053   5054   5055   5057   5072   5073   5074   5076
   5094   5095   5096   5098   5116   5117   5118   5120   5127   5128
   5129   5131   5146   5147   5148   5150   5170   5171   5172   5174
   5186   5187   5188   5190   5203   5204   5205   5207   5220   5221
   5222   5224   5234   5235   5236   5238   5250   5251   5252   5254
   5267   5268   5269   5271   5281   5282   5283   5285   5293   5294
   5295   5297   5309   5310   5311   5315   5323   5324   5325   5327
   5340   5341   5342   5344   5352   5353   5354   5356   5369   5370
   5371   5373   5388   5389   5390   5392   5412   5413   5414   5416
   5429   5430   5431   5433   5445   5446   5447   5449   5466   5467
   5468   5470   5485   5486   5487   5489   5500   5501   5502   5504
   5522   5523   5524   5526   5532   5533   5534   5536   5548   5549
   5550   5552   5564   5565   5566   5568   5583   5584   5585   5587
   5607   5608   5609   5613   5621   5622   5623   5625   5633   5634
   5635   5637   5652
 group =     3, "(sid:PROA or sid:PROB or sid:PROC) and          not (an:CA | an:C | an:O | an:N) and not hydrogen"
 # of atoms =  1385
 atomlist: 
      7     10     13     14     24     26     30     33     43     46
     49     52     54     55     58     74     76     80     83     93
     96     99    102    104    105    108    124    134    136    138
    148    150    152    162    164    168    178    181    184    185
    186    193    196    199    202    204    205    208    217    220
    221    222    229    231    233    243    246    249    250    251
    258    261    264    265    266    273    276    279    280    281
    288    290    294    297    307    310    312    316    326    329
    332    333    334    343    346    349    352    355    365    367
    369    379    382    385    388    391    401    404    407    408
    409    418    421    423    427    437    440    442    446    456
    459    462    463    464    471    474    477    480    483    493
    495    499    502    512    514    518    521    531    534    537
    538    539    546    549    552    553    554    561    564    565
    566    575    578    580    581    583    584    592    594    596
    606    609    612    615    618    625    630    633    642    645
    648    649    650    657    660    661    662    669    671    675
    685    687    691    701    704    707    708    709    718    721
    724    725    735    738    740    744    754    757    759    763
    773    776    784    794    796    798    805    810    813    822
    825    826    827    834    837    839    843    853    856    858
    859    861    862    870    880    882    886    896    899    900
    902    904    906    908    913    918    921    930    940    943
    946    949    952    962    972    974    978    988    991    994
    997    999   1000   1003   1012   1015   1018   1019   1020   1027
   1030   1032   1036   1046   1049   1064   1067   1068   1070   1072
   1073   1074   1076   1078   1080   1088   1091   1094   1095   1096
   1105   1108   1109   1111   1113   1114   1116   1118   1126   1128
   1132   1139   1144   1147   1156   1158   1162   1172   1174   1176
   1186   1189   1197   1200   1203   1204   1214   1217   1220   1221
   1222   1231   1234   1237   1238   1239   1246   1249   1252   1253
   1263   1266   1267   1268   1275   1277   1281   1291   1293   1295
   1319   1322   1324   1328   1338   1341   1344   1347   1350   1360
   1363   1366   1369   1372   1382   1385   1393   1395   1399   1402
   1412   1415   1418   1421   1423   1424   1427   1436   1438   1442
   1452   1455   1458   1459   1469   1472   1475   1476   1486   1488
   1490   1500   1502   1506   1516   1519   1522   1523   1524   1533
   1535   1537   1547   1550   1551   1552   1559   1561   1565   1572
   1577   1580   1589   1592   1595   1596   1597   1606   1609   1610
   1611   1618   1621   1624   1625   1626   1635   1637   1641   1644
   1654   1657   1660   1663   1665   1666   1669   1678   1681   1683
   1684   1686   1687   1695   1697   1701   1711   1714   1715   1717
   1719   1720   1722   1724   1732   1735   1737   1741   1751   1754
   1757   1758   1759   1766   1769   1772   1775   1778   1788   1798
   1800   1804   1814   1816   1820   1830   1833   1835   1839   1844
   1845   1852   1855   1858   1859   1869   1871   1875   1878   1888
   1891   1894   1897   1899   1900   1903   1919   1921   1925   1928
   1938   1941   1944   1947   1949   1950   1953   1969   1979   1981
   1983   1993   1995   1997   2007   2009   2013   2023   2026   2029
   2030   2031   2038   2041   2044   2047   2049   2050   2053   2062
   2065   2066   2067   2074   2076   2078   2088   2091   2094   2095
   2096   2103   2106   2109   2110   2111   2118   2121   2124   2125
   2126   2133   2135   2139   2142   2152   2155   2157   2161   2171
   2174   2177   2178   2179   2188   2191   2194   2197   2200   2210
   2212   2214   2224   2227   2230   2233   2236   2246   2249   2252
   2253   2254   2263   2266   2268   2272   2282   2285   2287   2291
   2301   2304   2307   2308   2309   2316   2319   2322   2325   2328
   2338   2340   2344   2347   2357   2359   2363   2366   2376   2379
   2382   2383   2384   2391   2394   2397   2398   2399   2406   2409
   2410   2411   2420   2423   2425   2426   2428   2429   2437   2439
   2441   2451   2454   2457   2460   2463   2470   2475   2478   2487
   2490   2493   2494   2495   2502   2505   2506   2507   2514   2516
   2520   2530   2532   2536   2546   2549   2552   2553   2554   2563
   2566   2569   2570   2580   2583   2585   2589   2599   2602   2604
   2608   2618   2621   2629   2639   2641   2643   2650   2655   2658
   2667   2670   2671   2672   2679   2682   2684   2688   2698   2701
   2703   2704   2706   2707   2715   2725   2727   2731   2741   2744
   2745   2747   2749   2751   2753   2758   2763   2766   2775   2785
   2788   2791   2794   2797   2807   2817   2819   2823   2833   2836
   2839   2842   2844   2845   2848   2857   2860   2863   2864   2865
   2872   2875   2877   2881   2891   2894   2909   2912   2913   2915
   2917   2918   2919   2921   2923   2925   2933   2936   2939   2940
   2941   2950   2953   2954   2956   2958   2959   2961   2963   2971
   2973   2977   2984   2989   2992   3001   3003   3007   3017   3019
   3021   3031   3034   3042   3045   3048   3049   3059   3062   3065
   3066   3067   3076   3079   3082   3083   3084   3091   3094   3097
   3098   3108   3111   3112   3113   3120   3122   3126   3136   3138
   3140   3164   3167   3169   3173   3183   3186   3189   3192   3195
   3205   3208   3211   3214   3217   3227   3230   3238   3240   3244
   3247   3257   3260   3263   3266   3268   3269   3272   3281   3283
   3287   3297   3300   3303   3304   3314   3317   3320   3321   3331
   3333   3335   3345   3347   3351   3361   3364   3367   3368   3369
   3378   3380   3382   3392   3395   3396   3397   3404   3406   3410
   3417   3422   3425   3434   3437   3440   3441   3442   3451   3454
   3455   3456   3463   3466   3469   3470   3471   3480   3482   3486
   3489   3499   3502   3505   3508   3510   3511   3514   3523   3526
   3528   3529   3531   3532   3540   3542   3546   3556   3559   3560
   3562   3564   3565   3567   3569   3577   3580   3582   3586   3596
   3599   3602   3603   3604   3611   3614   3617   3620   3623   3633
   3643   3645   3649   3659   3661   3665   3675   3678   3680   3684
   3694   3697   3700   3703   3705   3706   3709   3715   3720   3723
   3732   3735   3736   3737   3739   3740   3747   3750   3753   3754
   3764   3766   3770   3773   3783   3786   3789   3792   3794   3795
   3798   3814   3816   3820   3823   3833   3836   3839   3842   3844
   3845   3848   3864   3874   3876   3878   3888   3890   3892   3902
   3904   3908   3918   3921   3924   3925   3926   3933   3936   3939
   3942   3944   3945   3948   3957   3960   3961   3962   3969   3971
   3973   3983   3986   3989   3990   3991   3998   4001   4004   4005
   4006   4013   4016   4019   4020   4021   4028   4030   4034   4037
   4047   4050   4052   4056   4066   4069   4072   4073   4074   4083
   4086   4089   4092   4095   4105   4107   4109   4119   4122   4125
   4128   4131   4141   4144   4147   4148   4149   4158   4161   4163
   4167   4177   4180   4182   4186   4196   4199   4202   4203   4204
   4211   4214   4217   4220   4223   4233   4235   4239   4242   4252
   4254   4258   4261   4271   4274   4277   4278   4279   4286   4289
   4292   4293   4294   4301   4304   4305   4306   4315   4318   4320
   4321   4323   4324   4332   4334   4336   4346   4349   4352   4355
   4358   4365   4370   4373   4382   4385   4388   4389   4390   4397
   4400   4401   4402   4409   4411   4415   4425   4427   4431   4441
   4444   4447   4448   4449   4458   4461   4464   4465   4475   4478
   4480   4484   4494   4497   4499   4503   4513   4516   4524   4534
   4536   4538   4545   4550   4553   4562   4565   4566   4567   4574
   4577   4579   4583   4593   4596   4598   4599   4601   4602   4610
   4620   4622   4626   4636   4639   4640   4642   4644   4646   4648
   4653   4658   4661   4670   4680   4683   4686   4689   4692   4702
   4712   4714   4718   4728   4731   4734   4737   4739   4740   4743
   4752   4755   4758   4759   4760   4767   4770   4772   4776   4786
   4789   4804   4807   4808   4810   4812   4813   4814   4816   4818
   4820   4828   4831   4834   4835   4836   4845   4848   4849   4851
   4853   4854   4856   4858   4866   4868   4872   4879   4884   4887
   4896   4898   4902   4912   4914   4916   4926   4929   4937   4940
   4943   4944   4954   4957   4960   4961   4962   4971   4974   4977
   4978   4979   4986   4989   4992   4993   5003   5006   5007   5008
   5015   5017   5021   5031   5033   5035   5059   5062   5064   5068
   5078   5081   5084   5087   5090   5100   5103   5106   5109   5112
   5122   5125   5133   5135   5139   5142   5152   5155   5158   5161
   5163   5164   5167   5176   5178   5182   5192   5195   5198   5199
   5209   5212   5215   5216   5226   5228   5230   5240   5242   5246
   5256   5259   5262   5263   5264   5273   5275   5277   5287   5290
   5291   5292   5299   5301   5305   5312   5317   5320   5329   5332
   5335   5336   5337   5346   5349   5350   5351   5358   5361   5364
   5365   5366   5375   5377   5381   5384   5394   5397   5400   5403
   5405   5406   5409   5418   5421   5423   5424   5426   5427   5435
   5437   5441   5451   5454   5455   5457   5459   5460   5462   5464
   5472   5475   5477   5481   5491   5494   5497   5498   5499   5506
   5509   5512   5515   5518   5528   5538   5540   5544   5554   5556
   5560   5570   5573   5575   5579   5589   5592   5595   5598   5600
   5601   5604   5610   5615   5618   5627   5630   5631   5632   5639
   5642   5644   5648   5653   5654
 group =     4, "(sid:WATA or sid:WATB or sid:WATC) and an:OH2"
 # of atoms =   142
 atomlist: 
   5727   5730   5733   5736   5739   5742   5745   5748   5751   5754
   5757   5760   5763   5766   5769   5772   5775   5778   5781   5784
   5787   5790   5793   5796   5799   5802   5805   5808   5811   5814
   5817   5820   5823   5826   5829   5832   5835   5838   5841   5844
   5847   5850   5853   5856   5859   5862   5865   5868   5871   5874
   5877   5880   5883   5886   5889   5892   5895   5898   5901   5904
   5907   5910   5913   5916   5919   5922   5925   5928   5931   5934
   5937   5940   5943   5946   5949   5952   5955   5958   5961   5964
   5967   5970   5973   5976   5979   5982   5985   5988   5991   5994
   5997   6000   6003   6006   6009   6012   6015   6018   6021   6024
   6027   6030   6033   6036   6039   6042   6045   6048   6051   6054
   6057   6060   6063   6066   6069   6072   6075   6078   6081   6084
   6087   6090   6093   6096   6099   6102   6105   6108   6111   6114
   6117   6120   6123   6126   6129   6132   6135   6138   6141   6144
   6147   6150
Setup_Enefunc_Restraint> Setup restraint functions
 func  =     1 kind  =     1
 const(total, x, y, z) =    2.000   1.000   1.000   1.000
 exponend of function =     2
 # of groups  =     1
 grouplist:   1

 func  =     2 kind  =     1
 const(total, x, y, z) =    2.500   1.000   1.000   1.000
 exponend of function =     2
 # of groups  =     1
 grouplist:   2

 func  =     3 kind  =     1
 const(total, x, y, z) =    0.500   1.000   1.000   1.000
 exponend of function =     2
 # of groups  =     1
 grouplist:   3

 func  =     4 kind  =     1
 const(total, x, y, z) =    0.500   1.000   1.000   1.000
 exponend of function =     2
 # of groups  =     1
 grouplist:   4

Define_Enefunc_CHARMM> Number of Interactions in Each Term
  bond_ene        =      48790  angle_ene       =      24842
  urey_ene        =       5157
  torsion_ene     =      18192  improper_ene    =        979
  cmap_ene        =        343
  restraint_groups=          4  restraint_funcs =          4
 
Setup_Fitting_Atdyn> NO fitting is applied, skip
  fitting method  =  NO
 
Update_Num_Deg_Freedom> Number of degrees of freedom was updated
  num_deg_freedom =     106611 (After setup of fixed atoms at boundary)
 
Remove_Fixatm> Modified Interactions
  bond_ene        =      35575  angle_ene       =      20437
  urey_ene        =       5157
  torsion_ene     =      18192  improper_ene    =        979
 
Setup_Settle> Setup constraints for SETTLE
  num_unconsbonds =       5764      num_Settle  =       9937
  r0(O-H)         =     0.9572  mass(O)         =    15.9994
  r0(H-H)         =     1.5139  mass(H)         =     1.0080
 
Setup_Shake> Setup constrains for SHAKE and RATTLE
  num_unconsbonds =       2864  num_rigid_bonds =       2900
 
Update_Num_Deg_Freedom> Number of degrees of freedom was updated
  num_deg_freedom =      76800 (After setup of SETTLE)
 
Update_Num_Deg_Freedom> Number of degrees of freedom was updated
  num_deg_freedom =      73900 (After setup of SHAKE/RATTLE)
 
[STEP4] Compute Single Point Energy for Molecules
 
            STEP            BOND           ANGLE    UREY-BRADLEY        DIHEDRAL        IMPROPER            CMAP         VDWAALS           ELECT    RESTRAINT001    RESTRAINT002    RESTRAINT003    RESTRAINT004    RESTR_CVS001    RESTR_CVS002    RESTR_CVS003    RESTR_CVS004            SPOT
 --------------- --------------- --------------- --------------- ---------------
               0       1075.4017       2863.9998        386.2038       3671.8330        181.3224       -119.3598      12730.6704    -164172.5156         42.5293        121.7654         95.0174         40.1125          0.0000          0.0000          0.0000          0.0000          8.9331

[STEP5] Perform Molecular Dynamics Simulation
 
INFO:       STEP            TIME       TOTAL_ENE   POTENTIAL_ENE     KINETIC_ENE            RMSG            BOND           ANGLE    UREY-BRADLEY        DIHEDRAL        IMPROPER            CMAP         VDWAALS           ELECT RESTRAINT_TOTAL    RESTRAINT001    RESTRAINT002    RESTRAINT003    RESTRAINT004    RESTR_CVS001    RESTR_CVS002    RESTR_CVS003    RESTR_CVS004     TEMPERATURE          VOLUME            SPOT
 --------------- --------------- --------------- --------------- ---------------
INFO:        500          1.0000    -120958.3355    -142956.3899      21998.0545         12.2196       1093.8189       2778.7094        364.1876       3675.0221        206.8790       -114.6427      12540.7115    -163917.6155        416.5397         41.9220        171.5094        137.0315         66.0768          0.0000          0.0000          0.0000          0.0000        299.5920          0.0000          8.7191

INFO:       1000          2.0000    -120989.4436    -143133.5436      22144.1000         12.1959       1082.3618       2830.2762        374.9744       3685.1096        187.4697       -117.5349      12421.6420    -164028.0147        430.1723         39.5400        183.1755        135.7732         71.6836          0.0000          0.0000          0.0000          0.0000        301.5810          0.0000          5.4124

INFO:       1500          3.0000    -121041.3375    -143004.2428      21962.9053         12.1737       1056.0385       2761.0918        375.4630       3649.4768        187.3339       -113.3501      12698.2052    -164063.4979        444.9960         48.4694        186.5758        140.6540         69.2969          0.0000          0.0000          0.0000          0.0000        299.1133          0.0000          6.9462

INFO:       2000          4.0000    -121040.8902    -142930.5558      21889.6657         12.1607       1077.2615       2727.9171        385.2936       3698.6650        189.7099       -102.1803      12593.1829    -163967.1750        466.7694         52.3557        194.2883        148.2860         71.8394          0.0000          0.0000          0.0000          0.0000        298.1159          0.0000          9.5727

INFO:       2500          5.0000    -120939.9646    -142887.1885      21947.2239         12.1604       1019.4464       2823.7950        376.4795       3728.3557        176.6782       -116.2314      12430.0762    -163779.9310        454.1427         49.7475        186.6292        142.1130         75.6530          0.0000          0.0000          0.0000          0.0000        298.8997          0.0000         13.5317

INFO:       3000          6.0000    -120928.0070    -143017.7980      22089.7910         12.1653       1048.1346       2765.6673        356.1825       3682.5503        187.8734        -99.7636      12480.5531    -163886.9439        447.9481         47.8555        194.5167        136.3506         69.2253          0.0000          0.0000          0.0000          0.0000        300.8414          0.0000          7.6891

INFO:       3500          7.0000    -120901.0238    -142928.6339      22027.6101         12.2542       1109.9146       2803.4656        379.6100       3691.1973        187.6347       -137.2307      12658.6052    -164087.6397        465.8091         49.1849        189.7519        143.4954         83.3770          0.0000          0.0000          0.0000          0.0000        299.9945          0.0000          3.8763

INFO:       4000          8.0000    -120894.6920    -142900.1505      22005.4585         12.1970       1099.5984       2729.5471        363.0973       3648.0061        190.0147       -111.7826      12474.4306    -163744.2074        451.1452         49.1658        185.5980        138.3220         78.0595          0.0000          0.0000          0.0000          0.0000        299.6928          0.0000         14.0030

INFO:       4500          9.0000    -120866.8371    -142810.8027      21943.9656         12.1713       1088.6792       2762.2653        370.3043       3682.7627        191.7478       -105.9446      12370.9777    -163626.3727        454.7776         45.2690        180.6455        152.7409         76.1221          0.0000          0.0000          0.0000          0.0000        298.8554          0.0000         13.4329

INFO:       5000         10.0000    -120913.9511    -143025.9004      22111.9493         12.1962       1061.1556       2783.1812        376.6007       3701.4589        185.4852       -113.1942      12322.8812    -163787.0052        443.5362         50.4991        179.8984        139.1472         73.9914          0.0000          0.0000          0.0000          0.0000        301.1431          0.0000         13.3673

INFO:       5500         11.0000    -120996.8722    -143040.3413      22043.4691         12.2444       1097.4210       2804.6834        370.8268       3650.4696        197.8218       -116.4024      12440.4622    -163955.9190        470.2953         44.2439        190.5805        153.2018         82.2691          0.0000          0.0000          0.0000          0.0000        300.2105          0.0000         10.3920

INFO:       6000         12.0000    -121005.8507    -142985.8953      21980.0446         12.2137       1066.4567       2876.7133        377.1269       3675.6150        192.1602       -110.6478      12615.3912    -164119.6993        440.9886         40.8624        178.7181        145.7705         75.6375          0.0000          0.0000          0.0000          0.0000        299.3467          0.0000          8.9956

INFO:       6500         13.0000    -121037.3239    -143148.7984      22111.4744         12.2246       1081.0839       2757.0535        366.3669       3660.6880        184.7248       -109.6702      12698.1132    -164263.7903        476.6319         45.5552        194.3920        148.2277         88.4571          0.0000          0.0000          0.0000          0.0000        301.1367          0.0000          9.2974

INFO:       7000         14.0000    -120948.6257    -143008.6488      22060.0231         12.2094       1086.2259       2766.0239        369.9823       3701.0967        200.7264       -114.5465      12226.2863    -163724.7925        480.3488         46.9250        197.1284        148.3507         87.9448          0.0000          0.0000          0.0000          0.0000        300.4360          0.0000          7.1184

INFO:       7500         15.0000    -120896.5944    -142992.8463      22096.2519         12.2404       1117.5564       2768.2706        367.2729       3710.7754        211.2700       -116.2809      12282.6434    -163794.1764        459.8222         43.0580        192.2056        143.7325         80.8261          0.0000          0.0000          0.0000          0.0000        300.9294          0.0000          6.6146

INFO:       8000         16.0000    -120995.2915    -142852.9376      21857.6461         12.2108       1091.0855       2747.2612        373.7569       3698.9700        208.4894       -109.3106      12806.5646    -164128.1434        458.3888         48.1079        187.0950        147.9901         75.1959          0.0000          0.0000          0.0000          0.0000        297.6798          0.0000          5.4788

INFO:       8500         17.0000    -120953.7251    -143026.4387      22072.7136         12.1396       1068.7975       2794.4938        376.2283       3693.5996        195.6150       -102.4113      12333.1516    -163842.2956        456.3822         41.9310        181.1750        150.6329         82.6434          0.0000          0.0000          0.0000          0.0000        300.6088          0.0000         10.7898

INFO:       9000         18.0000    -120956.5542    -143042.4041      22085.8499         12.2119       1097.3503       2772.3345        377.9938       3682.6400        172.2772       -110.1279      12656.2552    -164148.4551        457.3279         43.4820        188.4339        150.5865         74.8255          0.0000          0.0000          0.0000          0.0000        300.7877          0.0000          7.5264

INFO:       9500         19.0000    -120926.3239    -142954.5512      22028.2274         12.1948       1101.4917       2784.8436        374.9894       3663.8021        177.3225       -108.9053      12697.8701    -164116.7555        470.7902         43.6180        200.1803        145.9243         81.0676          0.0000          0.0000          0.0000          0.0000        300.0029          0.0000          8.3538

INFO:      10000         20.0000    -120943.8674    -142881.2653      21937.3979         12.1909       1064.3427       2839.0218        375.2207       3693.9163        181.9612        -86.8387      12696.1857    -164118.5483        473.4733         50.0973        189.7514        148.3304         85.2942          0.0000          0.0000          0.0000          0.0000        298.7659          0.0000         11.4563

INFO:      10500         21.0000    -120810.8774    -142892.8491      22081.9717         12.2278       1079.0880       2854.2321        374.6194       3651.0015        180.5592        -96.3145      12758.7621    -164144.5708        449.7740         50.0421        177.8052        143.8459         78.0808          0.0000          0.0000          0.0000          0.0000        300.7349          0.0000          7.3699

INFO:      11000         22.0000    -120796.7943    -142995.5191      22198.7247         12.2183       1136.0842       2773.3080        375.5076       3714.9300        205.4574       -121.6465      12636.0632    -164165.0317        449.8088         50.1149        177.5134        137.6871         84.4934          0.0000          0.0000          0.0000          0.0000        302.3249          0.0000          6.5004

INFO:      11500         23.0000    -120738.9542    -142863.3030      22124.3488         12.2039       1037.2615       2870.2970        374.3122       3673.6182        181.1351       -109.6105      12576.8026    -163940.1328        473.0135         46.2536        190.2580        149.0955         87.4065          0.0000          0.0000          0.0000          0.0000        301.3120          0.0000         13.8943

INFO:      12000         24.0000    -120641.5019    -142752.7236      22111.2217         12.2324       1096.6672       2850.8640        365.6413       3651.1388        194.2799        -82.2838      12428.2424    -163713.2940        456.0207         52.1518        176.0427        152.5086         75.3176          0.0000          0.0000          0.0000          0.0000        301.1332          0.0000          7.0676

INFO:      12500         25.0000    -120583.0794    -142745.5815      22162.5021         12.1892       1118.3122       2816.7600        368.6047       3683.0577        181.2894       -112.6273      12471.9796    -163742.2340        469.2763         52.2539        195.9494        150.9200         70.1529          0.0000          0.0000          0.0000          0.0000        301.8316          0.0000         13.0020

INFO:      13000         26.0000    -120620.9934    -142828.8356      22207.8422         12.2669       1135.6600       2813.7163        379.5410       3673.7366        200.2801       -112.2292      12675.3079    -164076.0866        481.2383         44.4468        205.0275        153.7724         77.9916          0.0000          0.0000          0.0000          0.0000        302.4491          0.0000         10.7546

INFO:      13500         27.0000    -120763.6172    -142900.9068      22137.2896         12.1775       1099.4749       2811.4864        384.1619       3687.4169        176.5889       -106.1570      12468.4750    -163884.2718        461.9180         48.1672        179.7702        147.8655         86.1151          0.0000          0.0000          0.0000          0.0000        301.4883          0.0000         13.6367

INFO:      14000         28.0000    -120853.1318    -142761.3424      21908.2106         12.1989       1055.0185       2783.1457        366.8995       3653.0377        197.8866       -110.8144      12622.3140    -163800.3780        471.5479         48.7661        181.1413        166.0987         75.5418          0.0000          0.0000          0.0000          0.0000        298.3684          0.0000          6.8430

INFO:      14500         29.0000    -120936.1462    -142912.5722      21976.4261         12.1746       1065.7279       2769.0598        358.9705       3691.3302        191.2001       -108.5887      12348.9873    -163710.0537        480.7943         48.3034        187.2197        161.5894         83.6818          0.0000          0.0000          0.0000          0.0000        299.2974          0.0000          8.8701

INFO:      15000         30.0000    -120844.6863    -142951.3113      22106.6250         12.1911       1102.2761       2799.3236        373.6537       3678.0404        200.7856       -111.2689      12469.4387    -163973.5496        509.9890         52.6530        198.4532        164.7068         94.1760          0.0000          0.0000          0.0000          0.0000        301.0706          0.0000          8.6096

INFO:      15500         31.0000    -120954.6812    -142961.4102      22006.7290         12.1759       1031.3220       2774.8578        366.1394       3670.9892        184.1409       -113.5824      12509.4954    -163890.6478        505.8754         55.3414        191.4644        171.1062         87.9634          0.0000          0.0000          0.0000          0.0000        299.7101          0.0000          5.7967

INFO:      16000         32.0000    -120957.2746    -142938.0150      21980.7404         12.2016       1115.6299       2862.0359        385.0746       3698.8282        174.0949       -110.6666      12355.7248    -163907.7333        488.9965         49.3882        184.8685        170.6864         84.0533          0.0000          0.0000          0.0000          0.0000        299.3562          0.0000         11.9983

INFO:      16500         33.0000    -120860.3120    -142899.5357      22039.2237         12.2179       1094.7894       2813.4563        367.1090       3666.9933        178.9352       -100.1028      12426.4498    -163797.3575        450.1915         45.1254        171.1668        158.4274         75.4719          0.0000          0.0000          0.0000          0.0000        300.1527          0.0000          5.1732

INFO:      17000         34.0000    -120874.5744    -142860.1311      21985.5567         12.2049       1075.6181       2826.8192        388.4344       3659.3590        182.8474       -101.5060      12499.4913    -163869.0621        477.8676         49.4518        184.6666        156.5460         87.2032          0.0000          0.0000          0.0000          0.0000        299.4218          0.0000          9.5665

INFO:      17500         35.0000    -120844.6180    -143035.5031      22190.8851         12.2402       1054.2520       2850.2236        382.8889       3697.1935        195.7950        -95.6230      12615.5961    -164236.0748        500.2457         52.7155        195.2730        160.8612         91.3960          0.0000          0.0000          0.0000          0.0000        302.2182          0.0000         10.5625

INFO:      18000         36.0000    -120896.1415    -142919.1479      22023.0064         12.2029       1049.8790       2870.1185        373.9833       3706.7766        173.0015       -105.9476      12541.2137    -164000.6866        472.5137         39.1325        184.3318        151.7362         97.3131          0.0000          0.0000          0.0000          0.0000        299.9318          0.0000         15.0379

INFO:      18500         37.0000    -120927.6386    -142955.1087      22027.4701         12.2210       1054.9409       2739.3158        366.4951       3689.5750        201.1306       -112.4294      12841.4716    -164206.7347        471.1264         48.1543        176.1331        151.2574         95.5816          0.0000          0.0000          0.0000          0.0000        299.9926          0.0000          8.2175

INFO:      19000         38.0000    -120761.5385    -142768.6399      22007.1014         12.2418       1079.0470       2877.5924        382.2522       3728.4168        190.1951        -98.9566      12364.0033    -163757.2908        466.1007         40.9676        184.7741        144.7186         95.6405          0.0000          0.0000          0.0000          0.0000        299.7152          0.0000         10.3616

INFO:      19500         39.0000    -120838.3765    -142898.5887      22060.2121         12.2122       1076.1369       2753.1010        365.0212       3683.3309        190.1548       -117.8983      12658.4515    -163990.1424        483.2558         43.3877        186.0438        158.6988         95.1255          0.0000          0.0000          0.0000          0.0000        300.4385          0.0000          8.4079

INFO:      20000         40.0000    -120861.8336    -142899.4113      22037.5777         12.1700       1062.3430       2780.5448        372.5065       3701.9591        180.2622       -106.4390      12490.9110    -163853.9126        472.4138         44.4117        186.9520        153.8646         87.1855          0.0000          0.0000          0.0000          0.0000        300.1303          0.0000          9.0851

INFO:      20500         41.0000    -120782.8249    -142914.5985      22131.7736         12.1805       1123.9429       2870.3272        367.4611       3702.0514        209.1597       -115.5380      12317.6620    -163882.2797        492.6150         44.7360        200.7003        151.2721         95.9066          0.0000          0.0000          0.0000          0.0000        301.4131          0.0000          7.3505

INFO:      21000         42.0000    -120879.4227    -143012.7408      22133.3181         12.1848       1064.9004       2775.7562        382.5042       3671.0436        190.0667       -102.5645      12676.9992    -164164.3361        492.8897         47.5587        194.9286        156.8824         93.5200          0.0000          0.0000          0.0000          0.0000        301.4342          0.0000         10.6682

INFO:      21500         43.0000    -120821.9265    -142840.3793      22018.4528         12.1831       1072.8372       2892.9461        383.8108       3670.1848        176.7063       -106.9037      12590.1886    -164018.2601        498.1107         48.0942        189.6258        159.4456        100.9451          0.0000          0.0000          0.0000          0.0000        299.8698          0.0000         10.1062

INFO:      22000         44.0000    -120894.0970    -143005.3571      22111.2601         12.1796       1079.3124       2859.7955        386.8797       3699.5751        184.0214       -109.4086      12374.0131    -163959.3217        479.7759         41.2682        191.5135        161.1587         85.8355          0.0000          0.0000          0.0000          0.0000        301.1338          0.0000          7.1192

INFO:      22500         45.0000    -121034.3419    -143138.3629      22104.0211         12.1611       1040.4697       2829.2347        363.1401       3678.6887        177.2860       -106.2878      12416.3177    -164016.4580        479.2458         40.1270        179.6494        161.2434         98.2259          0.0000          0.0000          0.0000          0.0000        301.0352          0.0000          9.8439

INFO:      23000         46.0000    -121028.4126    -143149.4553      22121.0427         12.2102       1103.7659       2774.2065        368.2097       3700.1503        200.9375       -108.6288      12416.0112    -164074.6946        470.5870         43.0774        186.4555        154.6087         86.4454          0.0000          0.0000          0.0000          0.0000        301.2670          0.0000          9.3850

INFO:      23500         47.0000    -121089.3434    -143164.5720      22075.2287         12.1938       1089.5580       2823.7476        370.2911       3647.8260        177.2201       -111.4696      12336.4345    -163973.7135        475.5339         41.7913        193.2994        159.1987         81.2446          0.0000          0.0000          0.0000          0.0000        300.6430          0.0000         10.3306

INFO:      24000         48.0000    -121108.4356    -143092.7184      21984.2828         12.2003       1073.3123       2760.6790        359.8251       3686.7561        190.8559       -104.9019      12817.0354    -164361.6239        485.3436         45.0687        193.6125        161.7940         84.8684          0.0000          0.0000          0.0000          0.0000        299.4044          0.0000          8.0247

INFO:      24500         49.0000    -121082.7992    -143027.2168      21944.4177         12.2079       1065.3368       2804.3535        375.1401       3678.1275        192.3055       -122.6120      12749.3184    -164248.3414        479.1548         47.3604        199.4948        149.0863         83.2134          0.0000          0.0000          0.0000          0.0000        298.8615          0.0000         12.5577

INFO:      25000         50.0000    -121113.0505    -142990.6983      21877.6477         12.1659       1089.9624       2783.1866        371.7613       3713.2281        189.5005       -132.1051      12356.0285    -163853.9026        491.6421         46.7272        188.7782        165.0729         91.0638          0.0000          0.0000          0.0000          0.0000        297.9522          0.0000         12.9317

INFO:      25500         51.0000    -121102.6605    -143043.2298      21940.5693         12.1672       1057.7632       2768.6279        361.7543       3688.9589        198.9994       -114.6918      12374.5671    -163873.1878        493.9789         39.2081        201.2396        153.4138        100.1175          0.0000          0.0000          0.0000          0.0000        298.8091          0.0000         13.6347

INFO:      26000         52.0000    -121164.8628    -143064.1754      21899.3126         12.1979       1071.4960       2811.9506        371.3864       3689.9595        186.9416       -113.0745      12295.2524    -163864.7041        486.6167         45.2777        197.7702        160.3534         83.2154          0.0000          0.0000          0.0000          0.0000        298.2472          0.0000         11.9819

INFO:      26500         53.0000    -121040.2965    -143038.2458      21997.9492         12.2485       1120.8477       2783.8881        374.1249       3681.7059        191.2767       -100.5544      12881.5520    -164464.6249        493.5383         47.6121        202.1291        159.3418         84.4552          0.0000          0.0000          0.0000          0.0000        299.5906          0.0000          8.4076

INFO:      27000         54.0000    -121222.3704    -143170.1696      21947.7992         12.2298       1132.4884       2738.8048        356.0421       3721.2703        199.2476       -116.8326      12509.8545    -164166.6677        455.6229         42.3577        184.1990        156.9323         72.1340          0.0000          0.0000          0.0000          0.0000        298.9076          0.0000         10.7229

INFO:      27500         55.0000    -121140.9045    -142949.4460      21808.5415         12.1767       1096.1783       2804.7148        372.9868       3699.4267        179.7863       -113.5859      12359.2201    -163818.9411        470.7680         43.4070        190.4411        157.5650         79.3550          0.0000          0.0000          0.0000          0.0000        297.0110          0.0000          5.7059

INFO:      28000         56.0000    -121043.4260    -143193.4976      22150.0716         12.2163       1093.3184       2767.4383        374.3211       3665.2932        195.0354       -126.3083      12449.0303    -164090.8842        479.2582         47.8344        192.2679        159.0824         80.0735          0.0000          0.0000          0.0000          0.0000        301.6623          0.0000          4.7032

INFO:      28500         57.0000    -121178.7648    -143005.4980      21826.7332         12.2566       1134.7942       2771.3887        367.6684       3686.4039        185.1796       -115.4171      12831.7579    -164371.5782        504.3047         44.9758        198.6513        168.1082         92.5695          0.0000          0.0000          0.0000          0.0000        297.2588          0.0000         10.6648

INFO:      29000         58.0000    -121163.0106    -143146.8884      21983.8778         12.1966       1095.3076       2743.2267        362.2331       3690.0128        203.8673       -104.8166      12550.3475    -164178.4378        491.3711         45.4333        209.1374        156.6234         80.1770          0.0000          0.0000          0.0000          0.0000        299.3989          0.0000         11.7986

INFO:      29500         59.0000    -121333.9895    -143212.9553      21878.9658         12.2061       1094.8607       2754.6591        375.0538       3662.5568        179.9992        -99.3691      12435.3153    -164084.4980        468.4670         46.2675        192.7569        150.8433         78.5993          0.0000          0.0000          0.0000          0.0000        297.9701          0.0000          8.8092

INFO:      30000         60.0000    -121281.4602    -143145.8979      21864.4377         12.1902       1049.5572       2779.5096        369.5292       3668.1053        188.9841       -113.7294      12641.0134    -164206.9345        478.0671         50.7620        173.3411        159.1415         94.8224          0.0000          0.0000          0.0000          0.0000        297.7723          0.0000          7.5159

INFO:      30500         61.0000    -121327.6418    -143430.8616      22103.2198         12.2028       1094.7862       2736.9563        371.4823       3688.5196        190.3931       -112.2579      12470.7875    -164341.2193        469.6905         44.5863        190.0096        161.3177         73.7770          0.0000          0.0000          0.0000          0.0000        301.0243          0.0000         10.3351

INFO:      31000         62.0000    -121342.0107    -143257.9587      21915.9480         12.2032       1069.2791       2784.0170        366.6239       3725.4903        177.8666        -95.2383      12715.2235    -164483.8520        482.6312         44.0698        192.2485        147.1021         99.2109          0.0000          0.0000          0.0000          0.0000        298.4738          0.0000         12.8105

INFO:      31500         63.0000    -121339.7321    -143216.7195      21876.9874         12.2249       1009.5566       2820.5133        350.8882       3716.0361        197.3078       -129.6475      12614.6852    -164276.8002        480.7411         46.2236        192.0072        152.2103         90.3000          0.0000          0.0000          0.0000          0.0000        297.9432          0.0000          9.5305

INFO:      32000         64.0000    -121192.3742    -143064.4606      21872.0864         12.2261       1091.7524       2803.6455        384.2677       3723.7095        187.2763       -105.6838      13113.0918    -164761.4330        498.9128         50.2505        193.7221        156.9717         97.9685          0.0000          0.0000          0.0000          0.0000        297.8764          0.0000          9.1060

INFO:      32500         65.0000    -121104.5562    -143162.9729      22058.4166         12.2208       1087.6839       2799.5441        375.7046       3686.6928        193.2681       -113.2343      12644.8019    -164305.0536        467.6195         47.6979        186.1530        155.2393         78.5293          0.0000          0.0000          0.0000          0.0000        300.4141          0.0000          5.7674

INFO:      33000         66.0000    -121040.2068    -143156.8453      22116.6385         12.2190       1078.2019       2857.8123        370.2604       3640.2326        196.0680       -115.8940      12623.8358    -164298.5744        491.2121         49.2072        189.1154        163.8075         89.0820          0.0000          0.0000          0.0000          0.0000        301.2070          0.0000         12.5464

INFO:      33500         67.0000    -121056.2006    -142938.7157      21882.5151         12.2429       1091.7989       2908.4463        379.4276       3710.3898        201.4027        -94.6893      12622.0899    -164252.3183        494.7367         46.0440        187.3098        163.0645         98.3184          0.0000          0.0000          0.0000          0.0000        298.0185          0.0000          6.8662

INFO:      34000         68.0000    -121099.1601    -143104.9050      22005.7449         12.2201       1076.6234       2847.6088        376.2763       3696.5058        197.7472       -104.6764      12538.2270    -164205.1462        471.9292         43.9334        190.0797        155.3725         82.5435          0.0000          0.0000          0.0000          0.0000        299.6967          0.0000          7.8728

INFO:      34500         69.0000    -121008.2465    -143099.2122      22090.9657         12.2363       1097.0703       2784.7624        371.0120       3671.5367        198.4247        -92.9983      12310.3948    -163916.2901        476.8753         46.6816        193.5464        162.5319         74.1154          0.0000          0.0000          0.0000          0.0000        300.8574          0.0000          6.5459

INFO:      35000         70.0000    -121119.9544    -143013.8088      21893.8544         12.2112       1084.4225       2791.2692        384.5694       3677.7918        194.5029       -114.9271      12647.2285    -164152.1478        473.4818         49.0194        171.5714        163.6654         89.2257          0.0000          0.0000          0.0000          0.0000        298.1729          0.0000          7.7852

INFO:      35500         71.0000    -121186.3066    -143056.1305      21869.8239         12.2276       1038.5246       2819.8414        366.7317       3682.6585        205.4214       -112.3186      12651.8573    -164177.2734        468.4265         43.2914        190.0396        151.8859         83.2096          0.0000          0.0000          0.0000          0.0000        297.8456          0.0000         12.0324

INFO:      36000         72.0000    -121156.4692    -143079.1764      21922.7072         12.2058       1063.0995       2799.8399        381.0930       3685.6601        181.8215        -99.4981      13009.8311    -164575.3591        474.3358         48.0772        191.2314        160.3079         74.7193          0.0000          0.0000          0.0000          0.0000        298.5658          0.0000          7.1390

INFO:      36500         73.0000    -121126.3525    -143074.1204      21947.7680         12.2078       1107.4029       2842.2154        378.3969       3665.8432        182.8914       -103.4050      12551.8683    -164177.4776        478.1442         44.2670        201.5590        156.4459         75.8723          0.0000          0.0000          0.0000          0.0000        298.9072          0.0000         11.6163

INFO:      37000         74.0000    -121185.4311    -143110.6052      21925.1741         12.2096       1074.0867       2831.7614        369.9665       3674.5075        189.9479        -99.0784      12486.7184    -164108.5338        470.0186         44.8635        189.1160        160.6213         75.4178          0.0000          0.0000          0.0000          0.0000        298.5994          0.0000          8.1462

INFO:      37500         75.0000    -121157.8233    -143029.2737      21871.4504         12.1772       1044.0159       2799.4612        374.3892       3704.0547        185.7684        -93.9447      12448.8350    -163981.5165        489.6631         43.1882        199.9391        165.5453         80.9906          0.0000          0.0000          0.0000          0.0000        297.8678          0.0000          9.2597

INFO:      38000         76.0000    -121053.0192    -143038.6612      21985.6420         12.1698       1103.8290       2783.7325        387.9845       3667.0717        180.8261       -111.0370      12311.5635    -163810.2574        447.6259         42.3555        175.4065        148.1059         81.7580          0.0000          0.0000          0.0000          0.0000        299.4230          0.0000          7.8427

INFO:      38500         77.0000    -121127.5185    -143174.7932      22047.2746         12.2102       1061.9883       2775.9918        362.4172       3651.3085        185.1047       -105.0968      12483.2976    -164060.6690        470.8645         45.6939        192.7534        154.6744         77.7427          0.0000          0.0000          0.0000          0.0000        300.2623          0.0000          8.3882

INFO:      39000         78.0000    -121073.1060    -142920.8494      21847.7434         12.2197       1087.9959       2816.3503        380.1644       3711.4857        185.0291       -104.6373      12597.5792    -164061.5881        466.7713         43.5887        196.6989        147.8573         78.6264          0.0000          0.0000          0.0000          0.0000        297.5449          0.0000          5.1033

INFO:      39500         79.0000    -121016.6293    -143133.2078      22116.5785         12.1986       1064.6666       2842.7860        376.6660       3681.7460        188.4140       -108.2104      12677.6952    -164326.1525        469.1812         40.7186        192.7024        159.2506         76.5096          0.0000          0.0000          0.0000          0.0000        301.2062          0.0000          5.5134

INFO:      40000         80.0000    -121088.9908    -143128.0788      22039.0880         12.1883       1104.1413       2766.0591        362.4127       3685.0062        186.5948       -109.5543      12546.0764    -164165.8153        497.0002         45.3953        201.3064        160.4997         89.7988          0.0000          0.0000          0.0000          0.0000        300.1508          0.0000          6.1293

INFO:      40500         81.0000    -121013.8625    -143001.8084      21987.9459         12.1392       1069.2736       2843.1182        378.4062       3680.2297        193.7218       -101.8513      12231.3121    -163784.1351        488.1165         48.7671        190.8167        166.8179         81.7149          0.0000          0.0000          0.0000          0.0000        299.4543          0.0000          6.9476

INFO:      41000         82.0000    -120959.1534    -142851.7323      21892.5789         12.2001       1074.8252       2844.1222        371.6470       3676.2806        188.7731       -115.4999      12246.6488    -163613.2094        474.6801         46.1270        194.6759        158.5360         75.3412          0.0000          0.0000          0.0000          0.0000        298.1555          0.0000          8.4181

INFO:      41500         83.0000    -120885.5169    -142922.6413      22037.1244         12.2040       1115.6602       2832.8593        382.2911       3646.5105        177.2483        -93.7842      12413.7621    -163863.3946        466.2061         43.2301        185.6762        163.1482         74.1515          0.0000          0.0000          0.0000          0.0000        300.1241          0.0000         10.5819

INFO:      42000         84.0000    -120931.9102    -142928.4580      21996.5479         12.2138       1125.8600       2832.2719        394.9420       3666.6785        207.3647       -112.2465      12499.3238    -164037.3412        494.6889         49.5979        190.9181        163.1628         91.0101          0.0000          0.0000          0.0000          0.0000        299.5715          0.0000         12.4633

INFO:      42500         85.0000    -120867.4168    -142811.5764      21944.1596         12.2011       1110.2871       2739.5718        376.6953       3680.7181        194.2339       -104.5172      12424.0743    -163732.3055        499.6657         51.1587        197.1220        165.8493         85.5357          0.0000          0.0000          0.0000          0.0000        298.8580          0.0000         14.8767

INFO:      43000         86.0000    -120866.9750    -142957.5056      22090.5306         12.2443       1115.3227       2859.0872        377.4517       3681.4178        180.8490       -103.2065      12476.2456    -164025.9991        481.3261         49.4913        191.9051        157.4247         82.5050          0.0000          0.0000          0.0000          0.0000        300.8514          0.0000         11.3073

INFO:      43500         87.0000    -120907.5303    -143032.7651      22125.2348         12.1848       1061.5298       2807.8802        373.7007       3673.1789        201.9630       -114.6176      12377.5829    -163904.1846        490.2015         52.5199        199.2200        155.8300         82.6317          0.0000          0.0000          0.0000          0.0000        301.3241          0.0000          4.6853

INFO:      44000         88.0000    -121035.6834    -142950.9816      21915.2983         12.2251       1116.7608       2848.8081        375.0084       3670.4858        179.9809       -111.5735      12656.7643    -164167.6951        480.4787         43.6451        190.7254        165.1672         80.9409          0.0000          0.0000          0.0000          0.0000        298.4649          0.0000          7.8204

INFO:      44500         89.0000    -121073.1661    -143104.4444      22031.2782         12.2019       1047.3376       2751.9479        366.8577       3718.7046        189.2400       -106.8224      12465.1412    -163987.9378        451.0867         48.0858        184.7866        145.5222         72.6922          0.0000          0.0000          0.0000          0.0000        300.0445          0.0000          8.2547

INFO:      45000         90.0000    -121037.3336    -142943.2239      21905.8903         12.2054       1087.3488       2813.8887        382.8008       3706.2248        191.2458       -114.1583      12673.4878    -164140.6020        456.5395         43.4713        187.9509        149.2482         75.8691          0.0000          0.0000          0.0000          0.0000        298.3368          0.0000          5.1561

INFO:      45500         91.0000    -120883.4577    -142951.8563      22068.3986         12.2380       1093.5820       2873.6928        391.0505       3690.5830        190.5249       -113.9123      12707.2833    -164279.7392        495.0788         48.9441        207.9893        159.3587         78.7867          0.0000          0.0000          0.0000          0.0000        300.5500          0.0000          4.9675

INFO:      46000         92.0000    -120945.1980    -143049.6939      22104.4958         12.2088       1082.6516       2872.0720        380.1948       3674.4402        199.2278       -119.8029      12320.7073    -163954.6845        495.5000         45.8222        197.0042        160.4031         92.2704          0.0000          0.0000          0.0000          0.0000        301.0416          0.0000          8.1983

INFO:      46500         93.0000    -120953.1029    -142994.2326      22041.1298         12.2881       1101.6772       2851.5645        371.7110       3702.5616        203.0540       -109.7635      12589.2595    -164169.1156        464.8186         41.3943        188.8222        153.3178         81.2844          0.0000          0.0000          0.0000          0.0000        300.1786          0.0000          6.1439

INFO:      47000         94.0000    -120933.1318    -142955.1446      22022.0128         12.2753       1133.6178       2753.4312        372.0118       3701.9212        185.6078       -108.9038      12574.6407    -164033.5845        466.1132         47.4479        187.5228        151.2438         79.8987          0.0000          0.0000          0.0000          0.0000        299.9183          0.0000          7.7522

INFO:      47500         95.0000    -120941.8448    -143006.6173      22064.7724         12.2016       1118.4921       2817.4997        369.6156       3715.6819        197.5521       -118.5459      12453.9019    -164037.2140        476.3994         47.8670        192.4354        147.4819         88.6151          0.0000          0.0000          0.0000          0.0000        300.5006          0.0000         10.7663

INFO:      48000         96.0000    -120888.0981    -143049.5233      22161.4252         12.2354       1123.3326       2766.0723        387.6659       3689.7358        182.7365        -98.1340      12639.8491    -164217.8925        477.1110         46.1258        191.5512        154.6322         84.8018          0.0000          0.0000          0.0000          0.0000        301.8170          0.0000          6.7623

INFO:      48500         97.0000    -120992.9442    -142916.0995      21923.1553         12.2365       1123.0254       2826.9340        384.2471       3651.3511        200.3660       -101.4691      12581.7972    -164048.9453        466.5941         45.6742        192.2657        155.1031         73.5510          0.0000          0.0000          0.0000          0.0000        298.5720          0.0000          5.5541

INFO:      49000         98.0000    -121020.5808    -143130.4571      22109.8763         12.2321       1110.2900       2770.3491        372.6559       3674.0903        195.2498       -110.7875      12534.4311    -164167.7014        490.9656         48.8227        190.0016        166.1583         85.9830          0.0000          0.0000          0.0000          0.0000        301.1149          0.0000          9.5681

INFO:      49500         99.0000    -120954.5813    -142874.5156      21919.9343         12.2300       1088.4146       2841.7615        366.3599       3693.9475        179.0350       -108.7989      12544.3825    -163948.1648        468.5472         40.3930        191.2151        150.5431         86.3960          0.0000          0.0000          0.0000          0.0000        298.5281          0.0000         11.0740

INFO:      50000        100.0000    -120945.4331    -143142.8199      22197.3869         12.2021       1127.7613       2758.8487        374.1078       3683.0017        192.3875       -100.9176      12498.7010    -164168.9433        492.2329         44.1351        202.7462        159.1392         86.2124          0.0000          0.0000          0.0000          0.0000        302.3067          0.0000          7.5814

 
[STEP6] Deallocate Arrays
 
Output_Time> Averaged timer profile (Min, Max)
  total time      =    1811.492
    setup         =       3.681
    dynamics      =    1807.811
      energy      =    1466.211
      integrator  =     123.912
      pairlist    =     214.650 (     208.710,     220.753)
  energy           
    bond          =       0.371 (       0.344,       0.394)
    angle         =       1.525 (       1.464,       1.586)
    dihedral      =       3.478 (       3.364,       3.571)
    nonbond       =    1320.474 (    1289.710,    1365.364)
      pme real    =    1320.458 (    1289.696,    1365.350)
      pme recip   =       0.000 (       0.000,       0.000)
    solvation     =       0.000 (       0.000,       0.000)
      polar       =       0.000 (       0.000,       0.000)
      non-polar   =       0.000 (       0.000,       0.000)
    restraint     =       1.641 (       1.519,       2.499)
    qmmm          =       0.000 (       0.000,       0.000)
  integrator       
    constraint    =      58.028 (      55.636,      63.475)
    update        =       0.000 (       0.000,       0.000)
    comm_coord    =       0.000 (       0.000,       0.000)
    comm_force    =       0.000 (       0.000,       0.000)
    comm_migrate  =       0.000 (       0.000,       0.000)

