(10.2.12.59:0,1,2,3,4,5,6,7)
(10.2.12.61:8,9,10,11,12,13,14,15)
(10.2.12.62:16,17,18,19,20,21,22,23)
(10.2.12.63:24,25,26,27,28,29,30,31)

[0] MPI startup(): libfabric version: 1.7.2a-impi
[0] MPI startup(): libfabric provider: verbs;ofi_rxm
[0] MPI startup(): Rank    Pid      Node name  Pin cpu
[0] MPI startup(): 0       162546   bwmpc0059  {0,1,2,3,4}
[0] MPI startup(): 1       162547   bwmpc0059  {5,6,7,8,9}
[0] MPI startup(): 2       162548   bwmpc0059  {10,11,12,13,14}
[0] MPI startup(): 3       162549   bwmpc0059  {15,16,17,18,19}
[0] MPI startup(): 4       162550   bwmpc0059  {20,21,22,23,24}
[0] MPI startup(): 5       162551   bwmpc0059  {25,26,27,28,29}
[0] MPI startup(): 6       162552   bwmpc0059  {30,31,32,33,34}
[0] MPI startup(): 7       162553   bwmpc0059  {35,36,37,38,39}
[0] MPI startup(): 8       110066   bwmpc0061  {0,1,2,3,4}
[0] MPI startup(): 9       110067   bwmpc0061  {5,6,7,8,9}
[0] MPI startup(): 10      110068   bwmpc0061  {10,11,12,13,14}
[0] MPI startup(): 11      110069   bwmpc0061  {15,16,17,18,19}
[0] MPI startup(): 12      110070   bwmpc0061  {20,21,22,23,24}
[0] MPI startup(): 13      110071   bwmpc0061  {25,26,27,28,29}
[0] MPI startup(): 14      110072   bwmpc0061  {30,31,32,33,34}
[0] MPI startup(): 15      110073   bwmpc0061  {35,36,37,38,39}
[0] MPI startup(): 16      238952   bwmpc0062  {0,1,2,3,4}
[0] MPI startup(): 17      238953   bwmpc0062  {5,6,7,8,9}
[0] MPI startup(): 18      238954   bwmpc0062  {10,11,12,13,14}
[0] MPI startup(): 19      238955   bwmpc0062  {15,16,17,18,19}
[0] MPI startup(): 20      238956   bwmpc0062  {20,21,22,23,24}
[0] MPI startup(): 21      238957   bwmpc0062  {25,26,27,28,29}
[0] MPI startup(): 22      238958   bwmpc0062  {30,31,32,33,34}
[0] MPI startup(): 23      238959   bwmpc0062  {35,36,37,38,39}
[0] MPI startup(): 24      189581   bwmpc0063  {0,1,2,3,4}
[0] MPI startup(): 25      189582   bwmpc0063  {5,6,7,8,9}
[0] MPI startup(): 26      189583   bwmpc0063  {10,11,12,13,14}
[0] MPI startup(): 27      189584   bwmpc0063  {15,16,17,18,19}
[0] MPI startup(): 28      189585   bwmpc0063  {20,21,22,23,24}
[0] MPI startup(): 29      189586   bwmpc0063  {25,26,27,28,29}
[0] MPI startup(): 30      189587   bwmpc0063  {30,31,32,33,34}
[0] MPI startup(): 31      189588   bwmpc0063  {35,36,37,38,39}
[0] MPI startup(): I_MPI_ROOT=/bwfefs/opt/x86_64/intel/compilers_and_libraries_2019.5.281/linux/mpi
[0] MPI startup(): I_MPI_HYDRA_BOOTSTRAP_EXEC=/bin/pjrsh
[0] MPI startup(): I_MPI_HYDRA_BOOTSTRAP_AUTOFORK=0
[0] MPI startup(): I_MPI_HYDRA_TOPOLIB=hwloc
[0] MPI startup(): I_MPI_HYDRA_HOST_FILE=/bwfefs/home/kyagi/cm4_2/4.equil/.d0012461095_nodeinfo
[0] MPI startup(): I_MPI_PERHOST=8
[0] MPI startup(): I_MPI_PIN=1
[0] MPI startup(): I_MPI_PIN_RESPECT_HCA=0
[0] MPI startup(): I_MPI_INTERNAL_MEM_POLICY=default
[0] MPI startup(): I_MPI_DEBUG=5
****************************************************
*                                                  *
*                  GENESIS ATDYN                   *
*                                                  *
*        A Molecular Dynamics Simulator with       *
*            Atomic Decomposition Scheme           *
*                                                  *
*               Developed by RIKEN                 *
*                                                  *
****************************************************
 
[STEP0] Architecture and Compiler Information
 
GENESIS_Information> GENESIS Information
  version      = 1.6.0
  commit ID    = $GENESIS_VERSION$
  precision    = double
  nonbonding   = CPU

Build_Information> Compiler Information
  build host   = kyagi@hokusai3
  fortran      = ifort (IFORT) 19.0.5.281 20190815
  option       = -xHost -O3 -ip -mkl=parallel  -assume byterecl -qopenmp 
  C            = icc (ICC) 19.0.5.281 20190815
  option       = -O3 -ip -axCORE-AVX2  -qopenmp
  defined var. = 
  -DHAVE_MPI_GENESIS -DOMP -DFFTE -DLAPACK -DDSFMT_MEXP=19937 -DINTEL
  link option  = 
  -assume byterecl -qopenmp  -lmkl_intel_lp64 -lmkl_sequential -lmkl_core -lmkl_
 lapack95_lp64 

Runtime_Information> Machine and Library Information
  date       = 2021/10/08 03:42:13
  cpu model    = Intel(R) Xeon(R) Gold 6148 CPU @ 2.40GHz
  exec. host   = kyagi@bwmpc0059
  LD library   = 
 /bwfefs/opt/x86_64/intel/impi/2019.5.281/intel64/lib/release:/bwfefs/opt/x86_64
 /intel/impi/2019.5.281/intel64/lib:/bwfefs/opt/x86_64/intel/impi/2019.5.281/int
 el64/libfabric/lib:/bwfefs/opt/x86_64/intel/parallel_studio_xe_2019.5.075/compi
 lers_and_libraries_2019/linux/compiler/lib/intel64:/bwfefs/opt/x86_64/intel/par
 allel_studio_xe_2019.5.075/compilers_and_libraries_2019/linux/compiler/lib/inte
 l64_lin:/bwfefs/opt/x86_64/intel/parallel_studio_xe_2019.5.075/compilers_and_li
 braries_2019/linux/mpi/intel64/lib:/bwfefs/opt/x86_64/intel/parallel_studio_xe_
 2019.5.075/compilers_and_libraries_2019/linux/mpi/intel64/libfabric/lib:/bwfefs
 /opt/x86_64/intel/parallel_studio_xe_2019.5.075/compilers_and_libraries_2019/li
 nux/ipp/lib/intel64:/bwfefs/opt/x86_64/intel/parallel_studio_xe_2019.5.075/comp
 ilers_and_libraries_2019/linux/compiler/lib/intel64:/bwfefs/opt/x86_64/intel/pa
 rallel_studio_xe_2019.5.075/compilers_and_libraries_2019/linux/mkl/lib/intel64:
 /bwfefs/opt/x86_64/intel/parallel_studio_xe_2019.5.075/compilers_and_libraries_
 2019/linux/tbb/lib/intel64/gcc4.7:/bwfefs/opt/x86_64/intel/debugger_2019/libipt
 /intel64/lib:/bwfefs/opt/x86_64/intel/parallel_studio_xe_2019.5.075/compilers_a
 nd_libraries_2019/linux/daal/lib/intel64_lin:/bwfefs/opt/x86_64/intel/parallel_
 studio_xe_2019.5.075/compilers_and_libraries_2019/linux/daal/../tbb/lib/intel64
 _lin/gcc4.7

[STEP1] Read Control Parameters
 
Read_Ctrl_Input> Input Files
  topfile = 
 toppar/top_all36_prot.rtf, toppar/top_all36_cgenff.rtf, toppar/cho.rtf
  parfile = 
 toppar/par_all36m_prot.prm, toppar/par_all36_cgenff.prm, toppar/cho.prm
  strfile = toppar/toppar_water_ions.str
  psffile = step3_nvt_100.psf
  pdbfile = step3_nvt_100.pdb
  rstfile = step4.3_nvt.rst
  reffile = step3_nvt_100.pdb
 
Read_Ctrl_Output> Output Files
  dcdfile    = step4.4_nvt.dcd
  rstfile    = step4.4_nvt.rst
 
Read_Ctrl_Energy> Parameters of Energy Calculations
  forcefield      =     CHARMM
  switchdist      =     16.000  cutoffdist      =     18.000
  pairlistdist    =     19.500  dielec_const    =      1.000
  vdW force_switch=        yes
  electrostatic   =  CUTOFF
  implicit_solvent=       none
  table_order     =          3
  table_density   =     20.000
  water_model     =       NONE
  output_style    =    GENESIS
  dispersion_corr =       none
  nonb_limiter    =      no
 
Read_Ctrl_Dynamics> Parameters of MD simulation
  integrator      =       VVER  nsteps          =      50000
  timestep        =     0.0020  initial_time    =     0.0000
  eneout_period   =        500  rstout_period   =        500
  crdout_period   =        500  velout_period   =          0
  nbupdate_period =         10  stoptr_period   =         10
  iseed           =   20190319
  annealing       =         no
  verbose         =         no
  target_md       =         no
  steered_md      =         no
  esp_mm          =         no
 
Read_Ctrl_Constraints> Parameters for Constraints
  rigid_bond      =        yes
  shake_iteration =        500  shake_tolerance =  0.100E-09
  fast_water      =        yes  water_model     =       TIP3
  hydrogen_type   =  name|mass
  noshake_index   =       none
  fixatm_select_index        =       none
 
Read_Ctrl_Ensemble> Parameters for Ensemble
  ensemble        =        NVT
  temperature     =    300.000
  tpcontrol       =      BUSSI
  tau_t           =      5.000
 
Read_Ctrl_Boundary> Parameters of Boundary Condition
  type            =       NOBC
  spherical_pot   =        yes  restart         =          T
  center_info     =       read  modify_ratio    =      1.000
  constant        =     10.000  exponent        =          2
  fixatom         =          T  fix_layer       =      1.000
 
Read_Ctrl_Selection> Parameters of Selection
  # of groups     =          2
    group 1 = ((sid:CHA or sid:CHA around_res:3.0) or           (sid:CHB or sid:CHB around_res:3.0) or           (sid:CHC or sid:CHC around_res:3.0)) and not hydrogen and not an:OH2
    group 2 = (sid:PROA or sid:PROB or sid:PROC) and          (an:CA | an:C | an:O | an:N)
  # of mole names =          0
 
Read_Ctrl_Restraints> Parameters of Restraint
  numfunc         =   2
  function1 = POSI     
    direction     = ALL 
    constant      = 2.0
    reference     = 
    select_index  = 1
    mode          =   0
    exponent      =   2
    exponent_dist = 
    weight_dist   = 

  function2 = POSI     
    direction     = ALL 
    constant      = 1.0
    reference     = 
    select_index  = 2
    mode          =   0
    exponent      =   2
    exponent_dist = 
    weight_dist   = 

  pressure_position   = NO
  pressure_rmsd     = NO

Read_Ctrl_Fitting_MD> Parameters of Fitting
  fitting method  =  TR+ROT   
  fitting atom    = group1
  mass_weight     =         no
 
[STEP2] Setup MPI
 
Setup_Mpi_Md> Summary of Setup MPI
  number of MPI processes   =         32
  number of OpenMP threads  =          5
  total number of CPU cores =        160

[STEP3] Set Relevant Variables and Structures
 
Input_Top> Summary of Topfile
  num_atom_class  =        214  num_resi_type   =        873
 
 Merge_Par> WARNING: BOND: Multiple definition: "CG2D1O"-"OG301"
 Merge_Par> WARNING: BOND: Multiple definition: "CG2DC1"-"CG2DC1"
 Merge_Par> WARNING: BOND: Multiple definition: "CG2DC1"-"CG2DC2"
 Merge_Par> WARNING: BOND: Multiple definition: "CG2DC1"-"CG2O3"
 Merge_Par> WARNING: BOND: Multiple definition: "CG2DC1"-"HGA4"
 Merge_Par> WARNING: BOND: Multiple definition: "CG2DC2"-"CG2DC2"
 Merge_Par> WARNING: BOND: Multiple definition: "CG2DC2"-"HGA4"
 Merge_Par> WARNING: BOND: Multiple definition: "CG2DC3"-"HGA5"
 Merge_Par> WARNING: BOND: Multiple definition: "CG2O3"-"OG2D2"
 Merge_Par> WARNING: BOND: Multiple definition: "CG311"-"CG311"
 Merge_Par> WARNING: BOND: Multiple definition: "CG311"-"OG301"
 Merge_Par> WARNING: BOND: Multiple definition: "CG311"-"OG311"
 Merge_Par> WARNING: BOND: Multiple definition: "CG311"-"HGA1"
 Merge_Par> WARNING: BOND: Multiple definition: "OG311"-"HGP1"
 Merge_Par> WARNING: ANGL: Multiple definition: "CG2DC1"-"CG2DC1"-"CG2DC2"
 Merge_Par> WARNING: ANGL: Multiple definition: "CG2DC1"-"CG2DC1"-"CG2O3"
 Merge_Par> WARNING: ANGL: Multiple definition: "CG2DC1"-"CG2DC1"-"HGA4"
 Merge_Par> WARNING: ANGL: Multiple definition: "CG2DC1"-"CG2DC2"-"CG2DC2"
 Merge_Par> WARNING: ANGL: Multiple definition: "CG2DC1"-"CG2DC2"-"HGA4"
 Merge_Par> WARNING: ANGL: Multiple definition: "CG2DC2"-"CG2DC2"-"HGA4"
 Merge_Par> WARNING: ANGL: Multiple definition: "HGA5"-"CG2DC3"-"HGA5"
 Merge_Par> WARNING: ANGL: Multiple definition: "CG2DC1"-"CG2O3"-"OG2D2"
 Merge_Par> WARNING: ANGL: Multiple definition: "OG2D2"-"CG2O3"-"OG2D2"
 Merge_Par> WARNING: ANGL: Multiple definition: "CG311"-"CG311"-"OG301"
 Merge_Par> WARNING: ANGL: Multiple definition: "CG311"-"CG311"-"OG311"
 Merge_Par> WARNING: ANGL: Multiple definition: "CG311"-"CG311"-"HGA1"
 Merge_Par> WARNING: ANGL: Multiple definition: "OG301"-"CG311"-"HGA1"
 Merge_Par> WARNING: ANGL: Multiple definition: "OG311"-"CG311"-"HGA1"
 Merge_Par> WARNING: ANGL: Multiple definition: "CG311"-"OG311"-"HGP1"
 Merge_Par> WARNING: DIHE: Multiple definition: "CG2DC2"-"CG2DC1"-"CG2DC1"-"HGA4"
 Merge_Par> WARNING: DIHE: Multiple definition: "CG2DC1"-"CG2DC1"-"CG2DC2"-"CG2DC2"
 Merge_Par> WARNING: DIHE: Multiple definition: "CG2DC1"-"CG2DC1"-"CG2DC2"-"CG2DC2"
 Merge_Par> WARNING: DIHE: Multiple definition: "CG2DC1"-"CG2DC1"-"CG2DC2"-"CG2DC2"
 Merge_Par> WARNING: DIHE: Multiple definition: "CG2DC1"-"CG2DC1"-"CG2DC2"-"HGA4"
 Merge_Par> WARNING: DIHE: Multiple definition: "CG2DC1"-"CG2DC1"-"CG2O3"-"OG2D2"
 Merge_Par> WARNING: DIHE: Multiple definition: "CG2DC1"-"CG2DC2"-"CG2DC2"-"HGA4"
 Merge_Par> WARNING: DIHE: Multiple definition: "HGA4"-"CG2DC2"-"CG2DC2"-"HGA4"
 Merge_Par> WARNING: DIHE: Multiple definition: "OG301"-"CG311"-"CG311"-"HGA1"
 Merge_Par> WARNING: DIHE: Multiple definition: "OG311"-"CG311"-"CG311"-"HGA1"
 Merge_Par> WARNING: DIHE: Multiple definition: "HGA1"-"CG311"-"CG311"-"HGA1"
 Merge_Par> WARNING: DIHE: Multiple definition: "CG311"-"CG311"-"OG311"-"HGP1"
 Merge_Par> WARNING: DIHE: Multiple definition: "CG311"-"CG311"-"OG311"-"HGP1"
 Merge_Par> WARNING: DIHE: Multiple definition: "CG311"-"CG311"-"OG311"-"HGP1"
 Merge_Par> WARNING: DIHE: Multiple definition: "HGA1"-"CG311"-"OG311"-"HGP1"
 Merge_Par> WARNING: IMPR: Multiple definition: "CG2O3"-"OG2D2"-"OG2D2"-"CG2DC1"
Input_Par> Summary of Parfile
  num_bonds       =        721  num_angles      =       2372
  num_dihedrals   =       6191  num_impropers   =        207
  num_atom_cls    =        214  num_nbfix       =         76
  num_cmap_terms  =          6
 
Input_Str> Summary of Top information
  num_atom_class  =        231  num_resi_type   =        888
 
Input_Str> Summary of Par information
  num_bonds       =        726  num_angles      =       2374
  num_dihedrals   =       6192  num_impropers   =        207
  num_atom_cls    =        231  num_nbfix       =         99
  num_cmap_terms  =          6
 
Read_Psf> Summary of Psffile
  psftype         =      xplor
  num_atoms       =      48752  num_bonds       =      48790
  num_angles      =      24842  num_dihedrals   =      15283
  num_impropers   =        979  num_cmap_terms  =        343
  num_HB_donors   =      29308  num_HB_acceptors=      14878
  num_NB_exclusion=          0  num_groups      =      15971
  total_charge    =    -15.000
 
Check_Pdb> 5-column residue sequence number
 
Read_Pdb> Summary of Data in PDB file
  num_atoms       =      48752
 
Read_Rst_Binary> Summary of RST file
  num_atoms       =      48752  iseed           =   20190319
  boxsize (x,y,z) =      0.000     0.000     0.000
  spherical_pot     =      yes
  nfunctions                 1  num_fixatm             13215

Define_Molecule> Summary of molecules
  num_atoms       =      48752  num_bonds       =      48790
  num_angles      =      24842  num_dihedrals   =      15283
  num_impropers   =        979  num_cmap_terms  =        343
  num_residues    =      14694  num_molecules   =      14348
  num_segments    =         10  num_deg_freedom =     146256
  total_charge    =    -15.000
 
Setup_Boundary> Setup Variables for Boundary Condition
  origin(x,y,z)   =      0.000     0.000     0.000
  nfunctions      =        1
    center(x,y,z) =      0.000     0.000     0.000
    radius        =     45.000
    constant      =     10.000
    exponent      =          2
 
  num_fixatm      =    13215
 
 
Random_Init> Initialize the random number
  seed            = 20190319

Select_Contacts> mode        : Resi
                 sel atoms A :      24
                 sel atoms B :   48728
                 distance    :    3.00
                contact atom list :     236
 
Select_Contacts> mode        : Resi
                 sel atoms A :      24
                 sel atoms B :   48728
                 distance    :    3.00
                contact atom list :     229
 
Select_Contacts> mode        : Resi
                 sel atoms A :      24
                 sel atoms B :   48728
                 distance    :    3.00
                contact atom list :     238
 
Setup_Enefunc_Cmap_Par> Natural spline is used to derive cmap coefs.

Setup_Enefunc_Table> Setup Variables for LookupTable
  num_solutes     =      48752  num_waters      =          0

Setup_Enefunc_Restraint> Setup restraint groups
 group =     1, "((sid:CHA or sid:CHA around_res:3.0) or           (sid:CHB or sid:CHB around_res:3.0) or           (sid:CHC or sid:CHC around_res:3.0)) and not hydrogen and not an:OH2"
 # of atoms =   370
 atomlist: 
     89     91     93     96     99    102    104    105    108    111
    112    892    894    896    899    900    902    904    906    908
    910    911    926    928    930    934    935    936    938    940
    943    946    949    952    956    957    984    986    988    991
    994    997    999   1000   1003   1006   1007   1152   1154   1156
   1158   1162   1166   1167   1168   1170   1172   1174   1176   1180
   1181   1182   1184   1186   1189   1191   1192   1227   1229   1231
   1234   1237   1238   1239   1240   1241   1408   1410   1412   1415
   1418   1421   1423   1424   1427   1430   1431   1707   1709   1711
   1714   1715   1717   1719   1720   1722   1724   1726   1727   1826
   1828   1830   1833   1835   1839   1843   1844   1845   1934   1936
   1938   1941   1944   1947   1949   1950   1953   1956   1957   2737
   2739   2741   2744   2745   2747   2749   2751   2753   2755   2756
   2771   2773   2775   2779   2780   2781   2783   2785   2788   2791
   2794   2797   2801   2802   2997   2999   3001   3003   3007   3011
   3012   3013   3015   3017   3019   3021   3025   3026   3027   3029
   3031   3034   3036   3037   3072   3074   3076   3079   3082   3083
   3084   3085   3086   3253   3255   3257   3260   3263   3266   3268
   3269   3272   3275   3276   3552   3554   3556   3559   3560   3562
   3564   3565   3567   3569   3571   3572   3671   3673   3675   3678
   3680   3684   3688   3689   3829   3831   3833   3836   3839   3842
   3844   3845   3848   3851   3852   4632   4634   4636   4639   4640
   4642   4644   4646   4648   4650   4651   4666   4668   4670   4674
   4675   4676   4678   4680   4683   4686   4689   4692   4696   4697
   4724   4726   4728   4731   4734   4737   4739   4740   4743   4746
   4747   4892   4894   4896   4898   4902   4906   4907   4908   4910
   4912   4914   4916   4920   4921   4922   4924   4926   4929   4931
   4932   4967   4969   4971   4974   4977   4978   4979   4980   4981
   5148   5150   5152   5155   5158   5161   5163   5164   5167   5170
   5171   5447   5449   5451   5454   5455   5457   5459   5460   5462
   5464   5466   5467   5566   5568   5570   5573   5575   5579   5583
   5584   5585   5587   5589   5592   5595   5598   5600   5601   5604
   5607   5608   5655   5656   5657   5658   5659   5660   5661   5662
   5663   5664   5665   5666   5667   5668   5669   5670   5679   5680
   5681   5682   5683   5684   5685   5686   5687   5688   5689   5690
   5691   5692   5693   5694   5703   5704   5705   5706   5707   5708
   5709   5710   5711   5712   5713   5714   5715   5716   5717   5718
 group =     2, "(sid:PROA or sid:PROB or sid:PROC) and          (an:CA | an:C | an:O | an:N)"
 # of atoms =  1393
 atomlist: 
      1      5     18     19     20     22     37     38     39     41
     61     62     63     65     68     69     70     72     87     88
     89     91    111    112    113    115    118    119    120    122
    128    129    130    132    142    143    144    146    156    157
    158    160    172    173    174    176    187    188    189    191
    211    212    213    215    223    224    225    227    237    238
    239    241    252    253    254    256    267    268    269    271
    282    283    284    286    301    302    303    305    320    321
    322    324    337    338    339    341    359    360    361    363
    373    374    375    377    395    396    397    399    412    413
    414    416    431    432    433    435    450    451    452    454
    465    466    467    469    487    488    489    491    506    507
    508    510    525    526    527    529    540    541    542    544
    555    556    557    559    569    570    571    573    586    587
    588    590    600    601    602    604    622    623    624    628
    636    637    638    640    651    652    653    655    663    664
    665    667    679    680    681    683    695    696    697    699
    712    713    714    716    729    730    731    733    748    749
    750    752    767    768    769    771    778    779    780    782
    788    789    790    792    802    803    804    808    816    817
    818    820    828    829    830    832    847    848    849    851
    864    865    866    868    874    875    876    878    890    891
    892    894    910    911    912    916    924    925    926    928
    934    935    936    938    956    957    958    960    966    967
    968    970    982    983    984    986   1006   1007   1008   1010
   1021   1022   1023   1025   1040   1041   1042   1044   1051   1052
   1053   1055   1058   1059   1060   1062   1082   1083   1084   1086
   1099   1100   1101   1103   1120   1121   1122   1124   1136   1137
   1138   1142   1150   1151   1152   1154   1166   1167   1168   1170
   1180   1181   1182   1184   1191   1192   1193   1195   1208   1209
   1210   1212   1225   1226   1227   1229   1240   1241   1242   1244
   1257   1258   1259   1261   1269   1270   1271   1273   1285   1286
   1287   1289   1299   1300   1301   1303   1306   1307   1308   1310
   1313   1314   1315   1317   1332   1333   1334   1336   1354   1355
   1356   1358   1376   1377   1378   1380   1387   1388   1389   1391
   1406   1407   1408   1410   1430   1431   1432   1434   1446   1447
   1448   1450   1463   1464   1465   1467   1480   1481   1482   1484
   1494   1495   1496   1498   1510   1511   1512   1514   1527   1528
   1529   1531   1541   1542   1543   1545   1553   1554   1555   1557
   1569   1570   1571   1575   1583   1584   1585   1587   1600   1601
   1602   1604   1612   1613   1614   1616   1629   1630   1631   1633
   1648   1649   1650   1652   1672   1673   1674   1676   1689   1690
   1691   1693   1705   1706   1707   1709   1726   1727   1728   1730
   1745   1746   1747   1749   1760   1761   1762   1764   1782   1783
   1784   1786   1792   1793   1794   1796   1808   1809   1810   1812
   1824   1825   1826   1828   1843   1846   1850   1863   1864   1865
   1867   1882   1883   1884   1886   1906   1907   1908   1910   1913
   1914   1915   1917   1932   1933   1934   1936   1956   1957   1958
   1960   1963   1964   1965   1967   1973   1974   1975   1977   1987
   1988   1989   1991   2001   2002   2003   2005   2017   2018   2019
   2021   2032   2033   2034   2036   2056   2057   2058   2060   2068
   2069   2070   2072   2082   2083   2084   2086   2097   2098   2099
   2101   2112   2113   2114   2116   2127   2128   2129   2131   2146
   2147   2148   2150   2165   2166   2167   2169   2182   2183   2184
   2186   2204   2205   2206   2208   2218   2219   2220   2222   2240
   2241   2242   2244   2257   2258   2259   2261   2276   2277   2278
   2280   2295   2296   2297   2299   2310   2311   2312   2314   2332
   2333   2334   2336   2351   2352   2353   2355   2370   2371   2372
   2374   2385   2386   2387   2389   2400   2401   2402   2404   2414
   2415   2416   2418   2431   2432   2433   2435   2445   2446   2447
   2449   2467   2468   2469   2473   2481   2482   2483   2485   2496
   2497   2498   2500   2508   2509   2510   2512   2524   2525   2526
   2528   2540   2541   2542   2544   2557   2558   2559   2561   2574
   2575   2576   2578   2593   2594   2595   2597   2612   2613   2614
   2616   2623   2624   2625   2627   2633   2634   2635   2637   2647
   2648   2649   2653   2661   2662   2663   2665   2673   2674   2675
   2677   2692   2693   2694   2696   2709   2710   2711   2713   2719
   2720   2721   2723   2735   2736   2737   2739   2755   2756   2757
   2761   2769   2770   2771   2773   2779   2780   2781   2783   2801
   2802   2803   2805   2811   2812   2813   2815   2827   2828   2829
   2831   2851   2852   2853   2855   2866   2867   2868   2870   2885
   2886   2887   2889   2896   2897   2898   2900   2903   2904   2905
   2907   2927   2928   2929   2931   2944   2945   2946   2948   2965
   2966   2967   2969   2981   2982   2983   2987   2995   2996   2997
   2999   3011   3012   3013   3015   3025   3026   3027   3029   3036
   3037   3038   3040   3053   3054   3055   3057   3070   3071   3072
   3074   3085   3086   3087   3089   3102   3103   3104   3106   3114
   3115   3116   3118   3130   3131   3132   3134   3144   3145   3146
   3148   3151   3152   3153   3155   3158   3159   3160   3162   3177
   3178   3179   3181   3199   3200   3201   3203   3221   3222   3223
   3225   3232   3233   3234   3236   3251   3252   3253   3255   3275
   3276   3277   3279   3291   3292   3293   3295   3308   3309   3310
   3312   3325   3326   3327   3329   3339   3340   3341   3343   3355
   3356   3357   3359   3372   3373   3374   3376   3386   3387   3388
   3390   3398   3399   3400   3402   3414   3415   3416   3420   3428
   3429   3430   3432   3445   3446   3447   3449   3457   3458   3459
   3461   3474   3475   3476   3478   3493   3494   3495   3497   3517
   3518   3519   3521   3534   3535   3536   3538   3550   3551   3552
   3554   3571   3572   3573   3575   3590   3591   3592   3594   3605
   3606   3607   3609   3627   3628   3629   3631   3637   3638   3639
   3641   3653   3654   3655   3657   3669   3670   3671   3673   3688
   3689   3690   3692   3712   3713   3714   3718   3726   3727   3728
   3730   3738   3741   3745   3758   3759   3760   3762   3777   3778
   3779   3781   3801   3802   3803   3805   3808   3809   3810   3812
   3827   3828   3829   3831   3851   3852   3853   3855   3858   3859
   3860   3862   3868   3869   3870   3872   3882   3883   3884   3886
   3896   3897   3898   3900   3912   3913   3914   3916   3927   3928
   3929   3931   3951   3952   3953   3955   3963   3964   3965   3967
   3977   3978   3979   3981   3992   3993   3994   3996   4007   4008
   4009   4011   4022   4023   4024   4026   4041   4042   4043   4045
   4060   4061   4062   4064   4077   4078   4079   4081   4099   4100
   4101   4103   4113   4114   4115   4117   4135   4136   4137   4139
   4152   4153   4154   4156   4171   4172   4173   4175   4190   4191
   4192   4194   4205   4206   4207   4209   4227   4228   4229   4231
   4246   4247   4248   4250   4265   4266   4267   4269   4280   4281
   4282   4284   4295   4296   4297   4299   4309   4310   4311   4313
   4326   4327   4328   4330   4340   4341   4342   4344   4362   4363
   4364   4368   4376   4377   4378   4380   4391   4392   4393   4395
   4403   4404   4405   4407   4419   4420   4421   4423   4435   4436
   4437   4439   4452   4453   4454   4456   4469   4470   4471   4473
   4488   4489   4490   4492   4507   4508   4509   4511   4518   4519
   4520   4522   4528   4529   4530   4532   4542   4543   4544   4548
   4556   4557   4558   4560   4568   4569   4570   4572   4587   4588
   4589   4591   4604   4605   4606   4608   4614   4615   4616   4618
   4630   4631   4632   4634   4650   4651   4652   4656   4664   4665
   4666   4668   4674   4675   4676   4678   4696   4697   4698   4700
   4706   4707   4708   4710   4722   4723   4724   4726   4746   4747
   4748   4750   4761   4762   4763   4765   4780   4781   4782   4784
   4791   4792   4793   4795   4798   4799   4800   4802   4822   4823
   4824   4826   4839   4840   4841   4843   4860   4861   4862   4864
   4876   4877   4878   4882   4890   4891   4892   4894   4906   4907
   4908   4910   4920   4921   4922   4924   4931   4932   4933   4935
   4948   4949   4950   4952   4965   4966   4967   4969   4980   4981
   4982   4984   4997   4998   4999   5001   5009   5010   5011   5013
   5025   5026   5027   5029   5039   5040   5041   5043   5046   5047
   5048   5050   5053   5054   5055   5057   5072   5073   5074   5076
   5094   5095   5096   5098   5116   5117   5118   5120   5127   5128
   5129   5131   5146   5147   5148   5150   5170   5171   5172   5174
   5186   5187   5188   5190   5203   5204   5205   5207   5220   5221
   5222   5224   5234   5235   5236   5238   5250   5251   5252   5254
   5267   5268   5269   5271   5281   5282   5283   5285   5293   5294
   5295   5297   5309   5310   5311   5315   5323   5324   5325   5327
   5340   5341   5342   5344   5352   5353   5354   5356   5369   5370
   5371   5373   5388   5389   5390   5392   5412   5413   5414   5416
   5429   5430   5431   5433   5445   5446   5447   5449   5466   5467
   5468   5470   5485   5486   5487   5489   5500   5501   5502   5504
   5522   5523   5524   5526   5532   5533   5534   5536   5548   5549
   5550   5552   5564   5565   5566   5568   5583   5584   5585   5587
   5607   5608   5609   5613   5621   5622   5623   5625   5633   5634
   5635   5637   5652
Setup_Enefunc_Restraint> Setup restraint functions
 func  =     1 kind  =     1
 const(total, x, y, z) =    2.000   1.000   1.000   1.000
 exponend of function =     2
 # of groups  =     1
 grouplist:   1

 func  =     2 kind  =     1
 const(total, x, y, z) =    1.000   1.000   1.000   1.000
 exponend of function =     2
 # of groups  =     1
 grouplist:   2

Define_Enefunc_CHARMM> Number of Interactions in Each Term
  bond_ene        =      48790  angle_ene       =      24842
  urey_ene        =       5157
  torsion_ene     =      18192  improper_ene    =        979
  cmap_ene        =        343
  restraint_groups=          2  restraint_funcs =          2
 
Setup_Fitting_Atdyn> NO fitting is applied, skip
  fitting method  =  NO
 
Update_Num_Deg_Freedom> Number of degrees of freedom was updated
  num_deg_freedom =     106611 (After setup of fixed atoms at boundary)
 
Remove_Fixatm> Modified Interactions
  bond_ene        =      35575  angle_ene       =      20437
  urey_ene        =       5157
  torsion_ene     =      18192  improper_ene    =        979
 
Setup_Settle> Setup constraints for SETTLE
  num_unconsbonds =       5764      num_Settle  =       9937
  r0(O-H)         =     0.9572  mass(O)         =    15.9994
  r0(H-H)         =     1.5139  mass(H)         =     1.0080
 
Setup_Shake> Setup constrains for SHAKE and RATTLE
  num_unconsbonds =       2864  num_rigid_bonds =       2900
 
Update_Num_Deg_Freedom> Number of degrees of freedom was updated
  num_deg_freedom =      76800 (After setup of SETTLE)
 
Update_Num_Deg_Freedom> Number of degrees of freedom was updated
  num_deg_freedom =      73900 (After setup of SHAKE/RATTLE)
 
[STEP4] Compute Single Point Energy for Molecules
 
            STEP            BOND           ANGLE    UREY-BRADLEY        DIHEDRAL        IMPROPER            CMAP         VDWAALS           ELECT    RESTRAINT001    RESTRAINT002    RESTR_CVS001    RESTR_CVS002            SPOT
 --------------- --------------- --------------- --------------- ---------------
               0       1127.7613       2758.8487        374.1078       3683.0017        192.3875       -100.9176      12498.7010    -164168.9433         44.1351         81.0985          0.0000          0.0000          7.5814

[STEP5] Perform Molecular Dynamics Simulation
 
INFO:       STEP            TIME       TOTAL_ENE   POTENTIAL_ENE     KINETIC_ENE            RMSG            BOND           ANGLE    UREY-BRADLEY        DIHEDRAL        IMPROPER            CMAP         VDWAALS           ELECT RESTRAINT_TOTAL    RESTRAINT001    RESTRAINT002    RESTR_CVS001    RESTR_CVS002     TEMPERATURE          VOLUME            SPOT
 --------------- --------------- --------------- --------------- ---------------
INFO:        500          1.0000    -121246.4045    -143124.3604      21877.9559         12.1693       1066.8628       2813.4784        387.1211       3692.8113        199.0648       -121.4278      12683.5865    -164023.0825        177.2249         49.8914        127.3335          0.0000          0.0000        297.9564          0.0000          7.1550

INFO:       1000          2.0000    -121282.2459    -143288.1983      22005.9524         12.1898       1092.4577       2868.1275        369.8810       3713.7710        176.4140       -120.0402      12449.2467    -164044.1939        206.1380         62.2772        143.8608          0.0000          0.0000        299.6996          0.0000          9.6647

INFO:       1500          3.0000    -121318.3427    -143215.0765      21896.7339         12.2562       1102.7812       2860.3404        367.9783       3714.4045        186.6258       -106.0361      12574.3656    -164115.2020        199.6658         55.3127        144.3531          0.0000          0.0000        298.2121          0.0000          7.3282

INFO:       2000          4.0000    -121308.2171    -143322.1095      22013.8924         12.2431       1141.7976       2802.0074        379.5056       3704.1080        198.7628       -109.0816      12436.7102    -164067.0401        191.1206         56.6237        134.4969          0.0000          0.0000        299.8077          0.0000          4.7603

INFO:       2500          5.0000    -121220.2495    -143396.8611      22176.6116         12.2553       1124.2365       2857.2623        380.3460       3713.2634        182.2493       -115.5502      12567.9235    -164321.3689        214.7771         68.2410        146.5361          0.0000          0.0000        302.0238          0.0000          9.9724

INFO:       3000          6.0000    -121225.1795    -143189.7994      21964.6199         12.2136       1096.0895       2852.3691        388.7138       3695.1125        182.7958       -107.3809      12762.0163    -164250.0132        190.4977         53.9681        136.5296          0.0000          0.0000        299.1367          0.0000          4.8260

INFO:       3500          7.0000    -121224.9823    -143408.0748      22183.0924         12.2384       1090.0812       2808.0629        357.6396       3713.6326        185.4048       -111.3375      12802.2627    -164452.9037        199.0826         56.4763        142.6063          0.0000          0.0000        302.1120          0.0000         10.9350

INFO:       4000          8.0000    -121204.9896    -143199.2336      21994.2439         12.2444       1124.2820       2810.1319        385.6817       3681.4544        188.4040       -111.3900      12554.9984    -164027.0409        194.2451         52.4211        141.8240          0.0000          0.0000        299.5401          0.0000          9.0689

INFO:       4500          9.0000    -121187.8009    -143332.6055      22144.8046         12.2030       1097.0322       2831.1936        371.6450       3703.6318        202.7368       -116.3426      12417.4971    -164033.5595        193.5601         54.5229        139.0372          0.0000          0.0000        301.5906          0.0000         11.3904

INFO:       5000         10.0000    -121224.6760    -143333.9477      22109.2717         12.2246       1099.5037       2767.4017        380.9546       3704.2684        187.9252       -114.8205      12701.3599    -164257.4556        196.9150         54.7450        142.1700          0.0000          0.0000        301.1067          0.0000          9.8886

INFO:       5500         11.0000    -121312.6729    -143332.4378      22019.7649         12.2603       1169.4371       2839.7915        393.3470       3673.8327        190.5885       -102.0656      12454.9345    -164166.8207        214.5172         57.7898        156.7274          0.0000          0.0000        299.8877          0.0000          7.3721

INFO:       6000         12.0000    -121314.9025    -143281.7294      21966.8269         12.2179       1101.0962       2896.7609        373.5346       3677.6943        178.4124        -98.3510      12429.3405    -164040.1693        199.9521         54.3421        145.6099          0.0000          0.0000        299.1667          0.0000          9.2338

INFO:       6500         13.0000    -121343.3852    -143487.9917      22144.6065         12.2271       1108.0820       2862.8242        366.5126       3692.5862        191.9245       -101.5227      12513.5322    -164327.1945        205.2638         53.0411        152.2228          0.0000          0.0000        301.5879          0.0000          5.1157

INFO:       7000         14.0000    -121256.9195    -143383.4070      22126.4874         12.2344       1112.3431       2862.1609        377.7796       3674.0878        184.1780       -105.8573      12511.0092    -164187.2298        188.1215         53.8744        134.2471          0.0000          0.0000        301.3411          0.0000          6.8862

INFO:       7500         15.0000    -121219.4380    -143347.4204      22127.9823         12.1939       1064.2773       2833.9576        387.9363       3695.2757        190.6450       -102.4220      12607.9671    -164220.1250        195.0675         58.6077        136.4598          0.0000          0.0000        301.3615          0.0000         16.4582

INFO:       8000         16.0000    -121317.8671    -143376.0127      22058.1456         12.2555       1135.8900       2887.4529        390.6166       3660.9589        202.0448       -110.3973      12603.0384    -164343.6340        198.0169         49.4874        148.5294          0.0000          0.0000        300.4104          0.0000         11.5660

INFO:       8500         17.0000    -121272.9470    -143296.3636      22023.4166         12.2194       1085.4809       2840.8250        383.4798       3680.1120        185.8773        -96.5047      12752.2433    -164332.6489        204.7717         59.6043        145.1674          0.0000          0.0000        299.9374          0.0000          6.5671

INFO:       9000         18.0000    -121305.4381    -143464.9119      22159.4738         12.2640       1100.0595       2897.2614        372.7549       3721.8933        176.2739       -129.2627      12708.0921    -164511.4266        199.4425         54.0262        145.4163          0.0000          0.0000        301.7904          0.0000         12.3368

INFO:       9500         19.0000    -121273.9019    -143429.4561      22155.5543         12.2989       1087.4684       2835.2802        382.8875       3679.2934        189.3028       -109.0920      12754.3832    -164471.7738        222.7942         63.3382        159.4560          0.0000          0.0000        301.7370          0.0000         10.3938

INFO:      10000         20.0000    -121290.4163    -143310.3077      22019.8914         12.2571       1112.4821       2851.9493        386.5033       3680.7121        182.9411       -104.5800      12749.0083    -164362.6201        193.2962         54.7666        138.5295          0.0000          0.0000        299.8894          0.0000          6.3130

INFO:      10500         21.0000    -121155.6497    -143416.7112      22261.0615         12.2396       1089.4051       2843.9088        376.1165       3709.6542        190.0769       -116.4725      12617.2315    -164317.7841        191.1524         48.7766        142.3758          0.0000          0.0000        303.1739          0.0000          7.4824

INFO:      11000         22.0000    -121127.3196    -143187.2082      22059.8886         12.2936       1083.1451       2936.8307        383.4010       3668.9245        221.2717       -105.6918      12618.3113    -164205.1661        211.7655         60.8382        150.9273          0.0000          0.0000        300.4341          0.0000          7.3107

INFO:      11500         23.0000    -121067.1877    -143194.1151      22126.9274         12.2472       1123.8190       2952.0156        385.8292       3700.3131        195.2087       -124.1661      12638.3207    -164288.9295        223.4743         67.7476        155.7267          0.0000          0.0000        301.3471          0.0000          9.5757

INFO:      12000         24.0000    -120981.1133    -143183.6104      22202.4971         12.2432       1169.4447       2895.8799        381.8786       3696.9015        194.9454        -96.0423      12712.4595    -164351.3786        212.3008         51.4009        160.8998          0.0000          0.0000        302.3763          0.0000         13.1060

INFO:      12500         25.0000    -120910.3095    -142951.6431      22041.3337         12.2448       1117.3425       2853.8714        387.6974       3710.7500        209.7334       -110.4949      12507.9902    -163827.0679        198.5347         51.7127        146.8220          0.0000          0.0000        300.1814          0.0000          9.6389

INFO:      13000         26.0000    -120953.9140    -142981.6662      22027.7523         12.2453       1185.8262       2829.3657        365.6091       3692.4969        182.3615        -99.9781      12379.4503    -163727.8253        211.0275         53.9812        157.0463          0.0000          0.0000        299.9965          0.0000         11.1148

INFO:      13500         27.0000    -121094.8626    -143174.8370      22079.9744         12.2277       1091.8569       2866.8676        393.4475       3672.5461        169.8372       -111.1781      12597.2530    -164068.5191        213.0519         54.9937        158.0583          0.0000          0.0000        300.7077          0.0000          8.4938

INFO:      14000         28.0000    -121202.7538    -143234.3718      22031.6180         12.2553       1121.7074       2831.8263        374.2728       3679.4706        198.1410       -102.6179      12536.6862    -164097.1291        223.2709         62.7691        160.5018          0.0000          0.0000        300.0491          0.0000          4.2468

INFO:      14500         29.0000    -121310.1238    -143431.8222      22121.6984         12.2287       1168.8966       2870.7787        384.2065       3668.1455        181.8795       -111.8803      12476.5541    -164268.6921        198.2894         58.2691        140.0203          0.0000          0.0000        301.2759          0.0000          8.6606

INFO:      15000         30.0000    -121234.1816    -143281.8403      22047.6587         12.2262       1095.6698       2825.8785        370.2883       3685.2831        186.8104        -90.5437      12619.5523    -164184.1553        209.3764         57.2941        152.0823          0.0000          0.0000        300.2676          0.0000         16.5759

INFO:      15500         31.0000    -121329.4811    -143396.0377      22066.5565         12.2462       1100.8369       2792.4290        382.5058       3699.7884        194.5724       -106.6313      12558.4112    -164213.0286        195.0786         58.4030        136.6755          0.0000          0.0000        300.5249          0.0000         10.2113

INFO:      16000         32.0000    -121342.1764    -143302.2189      21960.0424         12.2416       1137.8194       2800.3306        396.6373       3685.4002        200.8646       -111.3668      12612.9925    -164220.8403        195.9438         60.5329        135.4109          0.0000          0.0000        299.0743          0.0000          7.6314

INFO:      16500         33.0000    -121241.7249    -143232.8250      21991.1000         12.2797       1152.2870       2848.5029        372.6057       3702.5117        194.8898       -106.8556      12776.9581    -164368.5251        194.8005         55.8668        138.9337          0.0000          0.0000        299.4973          0.0000         10.5786

INFO:      17000         34.0000    -121254.9736    -143437.1278      22182.1542         12.1849       1092.4201       2860.0332        378.9694       3638.4128        191.6928       -105.3188      12291.5177    -163994.7035        209.8486         58.0814        151.7671          0.0000          0.0000        302.0993          0.0000          8.6652

INFO:      17500         35.0000    -121207.9715    -143160.9014      21952.9299         12.2474       1103.5831       2881.0801        375.9015       3718.5780        187.2831        -96.5400      12655.7305    -164173.2334        186.7157         56.3045        130.4112          0.0000          0.0000        298.9775          0.0000         10.1722

INFO:      18000         36.0000    -121257.8820    -143158.1023      21900.2203         12.2353       1085.1585       2879.1793        380.0363       3675.8227        175.3444        -93.0786      12541.1202    -163996.1632        194.4781         51.7640        142.7142          0.0000          0.0000        298.2596          0.0000         13.0681

INFO:      18500         37.0000    -121287.9676    -143326.1427      22038.1751         12.1812       1077.6053       2788.3238        376.6634       3685.0089        210.2786        -97.8058      12650.0027    -164217.1448        200.9253         59.3272        141.5981          0.0000          0.0000        300.1384          0.0000          7.4601

INFO:      19000         38.0000    -121130.8067    -143085.6356      21954.8289         12.2151       1101.3853       2805.4995        371.9477       3720.5013        211.7022       -102.3716      12588.0083    -163992.7535        210.4453         65.3994        145.0459          0.0000          0.0000        299.0033          0.0000          6.6732

INFO:      19500         39.0000    -121210.9031    -143383.8828      22172.9797         12.2124       1113.8626       2786.9578        361.5574       3658.3925        182.4776       -105.4455      12486.5571    -164067.0669        198.8245         60.7429        138.0816          0.0000          0.0000        301.9743          0.0000         10.3765

INFO:      20000         40.0000    -121224.5506    -143199.5301      21974.9795         12.2470       1131.8594       2812.8750        373.3926       3674.3511        168.1439        -98.7184      12549.5619    -164001.0924        190.0969         58.6752        131.4217          0.0000          0.0000        299.2777          0.0000          7.3391

INFO:      20500         41.0000    -121139.8764    -143225.5720      22085.6956         12.2242       1123.6554       2836.1336        370.9296       3660.5537        186.1630       -109.8975      12195.7019    -163693.1128        204.3011         60.1741        144.1270          0.0000          0.0000        300.7856          0.0000          9.3507

INFO:      21000         42.0000    -121230.5775    -143397.9756      22167.3981         12.2740       1136.3399       2806.8675        367.7230       3671.3327        181.8799       -112.4254      12568.2098    -164216.4908        198.5879         59.7510        138.8369          0.0000          0.0000        301.8983          0.0000          8.4561

INFO:      21500         43.0000    -121169.0416    -143147.5218      21978.4802         12.2153       1089.1147       2796.6655        367.9425       3700.8557        194.9892       -101.1759      12465.7858    -163868.0616        206.3622         59.9673        146.3950          0.0000          0.0000        299.3254          0.0000         14.3266

INFO:      22000         44.0000    -121235.0187    -143255.8884      22020.8697         12.1806       1093.6363       2829.3226        371.2509       3682.2958        208.7065       -108.1844      12611.2511    -164145.4694        201.3021         54.2687        147.0334          0.0000          0.0000        299.9027          0.0000          9.4791

INFO:      22500         45.0000    -121364.7172    -143511.0298      22146.3126         12.2282       1108.5097       2844.6709        370.9379       3681.8076        190.5185       -102.5604      12689.1333    -164494.7369        200.6893         55.0501        145.6392          0.0000          0.0000        301.6111          0.0000          7.6286

INFO:      23000         46.0000    -121368.9617    -143425.2697      22056.3079         12.1995       1121.6176       2821.2327        375.5796       3659.6962        200.1012        -99.8367      12464.2671    -164163.9071        195.9796         59.2985        136.6811          0.0000          0.0000        300.3854          0.0000          7.8461

INFO:      23500         47.0000    -121414.2209    -143340.5123      21926.2914         12.2198       1061.5556       2870.4410        375.1552       3641.6038        199.9519       -116.5331      12719.5040    -164279.9253        187.7345         52.2370        135.4975          0.0000          0.0000        298.6147          0.0000         13.3022

INFO:      24000         48.0000    -121431.5644    -143264.4686      21832.9042         12.2327       1094.8560       2748.8352        353.5508       3698.9905        197.7715       -108.4236      12572.7783    -164019.5523        196.7250         55.5347        141.1903          0.0000          0.0000        297.3428          0.0000          5.9967

INFO:      24500         49.0000    -121400.8420    -143330.3845      21929.5425         12.2471       1111.3254       2831.3119        375.1229       3679.8897        201.6028       -123.0280      12904.2719    -164511.5155        200.6344         56.0045        144.6299          0.0000          0.0000        298.6589          0.0000          9.2507

INFO:      25000         50.0000    -121434.0196    -143384.3728      21950.3532         12.2417       1120.5226       2813.5450        369.8665       3678.9162        198.4813       -112.8515      12418.0832    -164061.9926        191.0567         56.8852        134.1715          0.0000          0.0000        298.9424          0.0000         12.9719

INFO:      25500         51.0000    -121419.2578    -143423.0365      22003.7787         12.1869       1063.7482       2828.5497        372.6525       3703.4282        199.0972       -109.1826      12635.2917    -164318.3272        201.7057         58.2513        143.4544          0.0000          0.0000        299.6700          0.0000         12.3434

INFO:      26000         52.0000    -121498.9277    -143568.7960      22069.8683         12.1824       1056.5352       2777.9579        369.5218       3685.8464        192.0190       -100.1139      12761.4252    -164520.8535        208.8658         58.7470        150.1188          0.0000          0.0000        300.5700          0.0000         10.6690

INFO:      26500         53.0000    -121376.5545    -143499.6407      22123.0863         12.2235       1109.1645       2831.5146        389.3704       3648.2139        192.2054       -107.3517      12480.6011    -164242.9510        199.5920         57.8763        141.7157          0.0000          0.0000        301.2948          0.0000         15.8166

INFO:      27000         54.0000    -121543.5408    -143521.2328      21977.6920         12.1744       1068.9743       2792.8447        368.2433       3674.5632        181.1398       -109.7706      12562.6343    -164257.5075        197.6458         54.0499        143.5959          0.0000          0.0000        299.3147          0.0000          8.8459

INFO:      27500         55.0000    -121465.7661    -143476.0990      22010.3329         12.2465       1098.5370       2852.3029        388.9729       3673.3981        206.2410       -119.0888      12520.2643    -164287.8836        191.1573         55.3771        135.7802          0.0000          0.0000        299.7592          0.0000         10.8925

INFO:      28000         56.0000    -121369.3454    -143245.1655      21875.8200         12.2040       1077.3220       2823.5184        371.6429       3660.7300        188.7125       -102.4458      12203.8636    -163671.7657        203.2567         54.1363        149.1204          0.0000          0.0000        297.9273          0.0000          7.4253

INFO:      28500         57.0000    -121502.6204    -143427.2814      21924.6610         12.1953       1149.4248       2758.8754        362.4743       3652.4694        180.7550       -119.7318      12341.8854    -163957.3781        203.9441         60.7741        143.1700          0.0000          0.0000        298.5925          0.0000          8.3915

INFO:      29000         58.0000    -121481.1050    -143642.1478      22161.0428         12.1951       1089.5964       2866.2682        369.6060       3661.4338        186.3335       -113.5361      12630.1623    -164546.9127        214.9010         64.4965        150.4045          0.0000          0.0000        301.8117          0.0000         10.2939

INFO:      29500         59.0000    -121646.3659    -143705.8698      22059.5039         12.2273       1085.1174       2815.6948        365.3127       3664.5671        181.9664       -105.5442      12671.5689    -164586.1674        201.6145         62.0760        139.5385          0.0000          0.0000        300.4289          0.0000          8.3414

INFO:      30000         60.0000    -121599.1623    -143543.2762      21944.1138         12.1746       1049.9883       2801.4144        355.0566       3696.6491        195.0726       -108.5415      12335.9889    -164079.7057        210.8012         61.7747        149.0265          0.0000          0.0000        298.8574          0.0000          6.1575

INFO:      30500         61.0000    -121636.0327    -143456.0172      21819.9844         12.2030       1110.4330       2828.6896        362.0376       3672.1080        190.8791       -115.2112      12602.2944    -164306.7823        199.5347         58.0440        141.4906          0.0000          0.0000        297.1669          0.0000          6.3034

INFO:      31000         62.0000    -121652.1163    -143547.4070      21895.2907         12.2395       1105.9430       2729.4150        365.4204       3678.5821        185.3862       -109.9537      12809.0425    -164502.5820        191.3395         57.2681        134.0714          0.0000          0.0000        298.1925          0.0000          5.5926

INFO:      31500         63.0000    -121658.5928    -143526.6330      21868.0402         12.2930       1117.9265       2787.1322        358.4508       3668.3438        195.9786       -116.4012      12913.0501    -164643.0306        191.9168         53.9357        137.9811          0.0000          0.0000        297.8213          0.0000         13.4671

INFO:      32000         64.0000    -121515.5413    -143462.0416      21946.5003         12.2266       1099.6205       2801.1061        364.6054       3675.8741        194.0205       -114.3740      12637.8659    -164310.8383        190.0782         55.9087        134.1695          0.0000          0.0000        298.8899          0.0000         12.2348

INFO:      32500         65.0000    -121427.4127    -143372.9000      21945.4873         12.2137       1063.0415       2780.2467        363.8536       3657.0869        178.2832       -104.1026      12548.9328    -164073.6852        213.4430         63.3891        150.0539          0.0000          0.0000        298.8761          0.0000          8.7527

INFO:      33000         66.0000    -121364.1892    -143330.6812      21966.4920         12.1402       1035.3930       2801.5874        368.0424       3678.3375        198.4215       -101.4779      12343.4057    -163847.8652        193.4746         56.0585        137.4160          0.0000          0.0000        299.1622          0.0000         17.3416

INFO:      33500         67.0000    -121382.4936    -143424.1361      22041.6424         12.1676       1047.7127       2835.7126        363.5619       3663.1376        183.9951       -109.0366      12394.3543    -163995.6488        192.0750         62.3471        129.7278          0.0000          0.0000        300.1856          0.0000         10.9152

INFO:      34000         68.0000    -121418.8158    -143466.1850      22047.3692         12.2344       1073.0281       2826.2466        361.9731       3657.7799        194.6607       -108.6263      12628.5789    -164300.8699        201.0439         57.1661        143.8778          0.0000          0.0000        300.2636          0.0000         12.2611

INFO:      34500         69.0000    -121321.0026    -143382.6441      22061.6414         12.2016       1096.7321       2881.8083        375.5783       3673.6768        181.6957       -104.3083      12488.4542    -164164.6752        188.3940         57.9799        130.4141          0.0000          0.0000        300.4580          0.0000         12.9911

INFO:      35000         70.0000    -121439.0656    -143486.8328      22047.7672         12.2443       1086.7712       2893.3356        371.1883       3696.0410        188.0798       -123.1466      12477.8057    -164264.1434        187.2355         53.7166        133.5189          0.0000          0.0000        300.2690          0.0000          8.3825

INFO:      35500         71.0000    -121509.1916    -143516.9887      22007.7971         12.2603       1117.0482       2839.3255        369.2456       3672.0628        188.3317       -104.5254      12746.7332    -164535.0719        189.8616         57.0324        132.8292          0.0000          0.0000        299.7247          0.0000          9.6873

INFO:      36000         72.0000    -121488.8917    -143348.4826      21859.5909         12.2677       1121.8487       2851.9398        385.2165       3662.2684        207.4818       -112.1558      12795.7454    -164465.3094        204.4820         57.6102        146.8718          0.0000          0.0000        297.7063          0.0000         11.5325

INFO:      36500         73.0000    -121452.5462    -143256.9820      21804.4358         12.2038       1111.3392       2905.3968        375.9283       3664.5237        195.8886       -107.5974      12503.8717    -164110.6519        204.3191         55.6336        148.6855          0.0000          0.0000        296.9551          0.0000          8.7777

INFO:      37000         74.0000    -121503.9610    -143395.0495      21891.0885         12.2555       1084.8624       2827.1540        376.5533       3664.0189        195.5227        -94.2143      12408.1961    -164067.2907        210.1482         58.5072        151.6409          0.0000          0.0000        298.1352          0.0000          7.7838

INFO:      37500         75.0000    -121474.1566    -143493.1837      22019.0271         12.2171       1130.4928       2869.8712        383.9698       3673.3436        185.6709       -116.7001      12382.7413    -164216.5267        213.9536         59.3211        154.6326          0.0000          0.0000        299.8776          0.0000         10.9325

INFO:      38000         76.0000    -121368.6552    -143405.2353      22036.5801         12.2260       1109.6618       2865.2794        393.1186       3660.0304        197.3323       -110.2718      12776.8426    -164492.9403        195.7116         57.7347        137.9769          0.0000          0.0000        300.1167          0.0000         11.3647

INFO:      38500         77.0000    -121449.8337    -143273.5000      21823.6663         12.2293       1119.5178       2895.7198        375.7338       3676.8850        188.9337        -97.9191      12611.1606    -164274.4307        230.8992         67.9243        162.9749          0.0000          0.0000        297.2170          0.0000          8.1582

INFO:      39000         78.0000    -121399.7872    -143280.4364      21880.6492         12.2604       1134.6158       2826.2475        380.3946       3666.8459        197.5732       -105.5225      12553.8463    -164138.9045        204.4672         56.5256        147.9416          0.0000          0.0000        297.9931          0.0000          6.1710

INFO:      39500         79.0000    -121350.1551    -143437.5041      22087.3490         12.2055       1076.4957       2786.3038        378.9555       3679.7751        201.0292       -104.0878      12469.6108    -164130.1313        204.5448         56.2216        148.3232          0.0000          0.0000        300.8081          0.0000          7.7574

INFO:      40000         80.0000    -121430.3336    -143295.0440      21864.7104         12.2537       1140.0774       2852.4440        369.9302       3693.5353        193.8790        -99.3487      12644.0601    -164293.2520        203.6307         57.8996        145.7311          0.0000          0.0000        297.7760          0.0000         11.7849

INFO:      40500         81.0000    -121360.1326    -143420.7867      22060.6541         12.2345       1072.7275       2788.0162        385.6061       3669.4964        192.2582       -110.3132      12636.3987    -164248.6145        193.6378         55.1199        138.5178          0.0000          0.0000        300.4446          0.0000         10.8835

INFO:      41000         82.0000    -121300.1650    -143413.0761      22112.9111         12.2147       1083.2203       2843.9308        380.3436       3657.4090        174.4865        -93.6673      12748.1097    -164410.6543        203.7455         61.8478        141.8977          0.0000          0.0000        301.1562          0.0000          6.6373

INFO:      41500         83.0000    -121221.9513    -143154.3826      21932.4313         12.2749       1129.4684       2840.7881        380.1652       3666.3070        185.6107       -106.9240      12731.8134    -164175.9784        194.3670         59.3588        135.0082          0.0000          0.0000        298.6983          0.0000          4.1357

INFO:      42000         84.0000    -121260.3808    -143248.9758      21988.5949         12.2229       1135.5116       2805.7212        380.7981       3649.7349        186.5407       -104.8900      12477.0983    -163982.8492        203.3586         62.7989        140.5597          0.0000          0.0000        299.4632          0.0000         10.0277

INFO:      42500         85.0000    -121183.2250    -143197.1146      22013.8896         12.1925       1121.0815       2831.9236        372.1692       3659.0061        191.7951        -95.3977      12459.4317    -163941.6380        204.5139         60.1687        144.3452          0.0000          0.0000        299.8077          0.0000          5.9240

INFO:      43000         86.0000    -121184.5334    -143226.9819      22042.4485         12.2365       1112.7115       2789.4224        363.6420       3686.1316        173.3400       -103.6598      12681.7504    -164145.9434        215.6236         65.9631        149.6605          0.0000          0.0000        300.1966          0.0000          9.7284

INFO:      43500         87.0000    -121217.2705    -143040.5641      21823.2937         12.1794       1120.4264       2853.2562        374.1902       3697.5923        177.2177        -99.0839      12407.8215    -163782.3251        210.3406         62.9044        147.4362          0.0000          0.0000        297.2119          0.0000          9.9639

INFO:      44000         88.0000    -121347.7849    -143418.3654      22070.5805         12.1529       1073.8679       2802.8777        386.4946       3680.4646        192.2830        -93.7170      12585.5617    -164245.7613        199.5636         65.2072        134.3563          0.0000          0.0000        300.5797          0.0000          8.2249

INFO:      44500         89.0000    -121380.0412    -143302.9175      21922.8763         12.2047       1107.0386       2872.6474        374.9563       3654.1516        168.8067       -107.1998      12477.2055    -164062.1790        211.6551         60.1661        151.4890          0.0000          0.0000        298.5682          0.0000         11.3028

INFO:      45000         90.0000    -121345.9364    -143325.6737      21979.7372         12.1983       1108.9299       2796.7858        370.4226       3679.8200        202.8615       -107.3838      12551.8828    -164140.1564        211.1638         60.1745        150.9893          0.0000          0.0000        299.3425          0.0000          6.8079

INFO:      45500         91.0000    -121193.5899    -143299.0293      22105.4394         12.2144       1099.7292       2824.3194        370.2171       3671.0152        181.8394       -103.0929      12661.3458    -164209.7307        205.3284         59.6642        145.6642          0.0000          0.0000        301.0545          0.0000         12.5058

INFO:      46000         92.0000    -121251.8328    -143305.1098      22053.2769         12.2315       1136.8873       2809.2344        376.6942       3652.1134        181.6917       -120.3729      12450.9026    -163997.7662        205.5056         59.2504        146.2552          0.0000          0.0000        300.3441          0.0000         10.4623

INFO:      46500         93.0000    -121254.0297    -143252.4268      21998.3971         12.1720       1096.1040       2810.4333        366.9394       3669.6750        201.6352        -93.5015      12382.3192    -163892.8061        206.7746         53.7592        153.0154          0.0000          0.0000        299.5967          0.0000         11.8487

INFO:      47000         94.0000    -121206.5264    -143096.4367      21889.9103         12.1900       1086.8383       2902.9619        368.2639       3696.9041        199.5439       -116.2407      12416.2874    -163850.5424        199.5469         66.1168        133.4302          0.0000          0.0000        298.1192          0.0000          7.5443

INFO:      47500         95.0000    -121228.0574    -143208.0337      21979.9763         12.2355       1089.8470       2855.2581        370.6895       3636.6077        187.7257        -88.3357      12578.0840    -164043.2167        205.3065         59.5021        145.8044          0.0000          0.0000        299.3458          0.0000         10.4264

INFO:      48000         96.0000    -121177.3439    -143215.2599      22037.9161         12.2081       1085.4600       2782.4453        372.1863       3677.4855        202.1464       -102.6438      12374.3931    -163812.2162        205.4834         53.6919        151.7915          0.0000          0.0000        300.1349          0.0000         12.9203

INFO:      48500         97.0000    -121272.4863    -143289.4759      22016.9897         12.1884       1132.4987       2800.7462        372.6839       3662.6019        189.0647        -95.4543      12664.9260    -164218.4250        201.8821         57.9306        143.9515          0.0000          0.0000        299.8499          0.0000         11.0720

INFO:      49000         98.0000    -121286.5225    -143435.9241      22149.4016         12.1870       1060.3355       2831.8563        372.0651       3669.9610        181.8823        -95.6403      12555.4153    -164204.4911        192.6918         61.8350        130.8568          0.0000          0.0000        301.6532          0.0000         11.4702

INFO:      49500         99.0000    -121227.2088    -143284.2077      22056.9990         12.2279       1114.8036       2798.7620        383.6298       3681.0815        186.6086       -106.4147      12450.1256    -163989.6604        196.8563         58.0901        138.7662          0.0000          0.0000        300.3948          0.0000          7.8825

INFO:      50000        100.0000    -121220.2995    -143285.3244      22065.0249         12.1614       1085.2109       2832.1323        369.4233       3648.0770        181.6950       -120.1169      12524.3305    -164000.6118        194.5353         53.0473        141.4880          0.0000          0.0000        300.5041          0.0000          9.5245

 
[STEP6] Deallocate Arrays
 
Output_Time> Averaged timer profile (Min, Max)
  total time      =    1118.042
    setup         =       3.552
    dynamics      =    1114.490
      energy      =     889.960
      integrator  =     115.289
      pairlist    =     106.491 (     102.548,     112.826)
  energy           
    bond          =       0.733 (       0.701,       0.774)
    angle         =       0.942 (       0.896,       0.997)
    dihedral      =       2.152 (       2.072,       2.225)
    nonbond       =     758.962 (     733.716,     790.818)
      pme real    =     758.948 (     733.703,     790.804)
      pme recip   =       0.000 (       0.000,       0.000)
    solvation     =       0.000 (       0.000,       0.000)
      polar       =       0.000 (       0.000,       0.000)
      non-polar   =       0.000 (       0.000,       0.000)
    restraint     =       1.119 (       1.058,       1.762)
    qmmm          =       0.000 (       0.000,       0.000)
  integrator       
    constraint    =      56.132 (      53.865,      63.070)
    update        =       0.000 (       0.000,       0.000)
    comm_coord    =       0.000 (       0.000,       0.000)
    comm_force    =       0.000 (       0.000,       0.000)
    comm_migrate  =       0.000 (       0.000,       0.000)

