****************************************************
*                                                  *
*                   MBAR_ANALYSIS                  *
*                                                  *
*        Utility to analyze trajectory files       *
*                                                  *
*              Developed by RIKEN AICS             *
*                                                  *
****************************************************
 
[STEP1] Read Control Parameters for Analysis
 
Read_Ctrl_Input> Input Files
  cvfile          = ../../5.prod3_ob/prod3_{}.dis
 
Read_Ctrl_Output> Output Files
  fenefile        = fene.dat
  weightfile      = weight{}.dat
 
Read_Ctrl_Selection> Parameters of Selection
  # of groups     =          0
  # of mole names =          0
 
Read_Ctrl_Option> Parameters of MBAR

  check only      = no
  # of replicas : 21
  # of dimension : 1
  self_iteration  = 5
  newton_iteration= 40
  # of blocks     = 1
  temperature     = 300.0
  target_temperature =    300.000
  tolerance       =      0.000
   dimension :               1
  rest func no    = 1 2 3 4 5
  grids           = 
  output_unit     = NONE

Read_Ctrl_Option> Parameters of Restraints

  # of functions : 5
   function :                1
     constant     = 100.0     100.0     100.0... 100.0     100.0     100.0
     reference    = 2.5290    2.4308    2.334...1.0403    1.0233    1.0160
     is_periodic  = no

   function :                2
     constant     = 100.0     100.0     100.0... 100.0     100.0     100.0
     reference    = 1.0980    1.0968    1.095...1.7635    1.8362    1.8780
     is_periodic  = no

   function :                3
     constant     = 100.0     100.0     100.0... 100.0     100.0     100.0
     reference    = 1.7610    1.7863    1.820...2.1048    2.1654    2.2540
     is_periodic  = no

   function :                4
     constant     = 100.0     100.0     100.0... 100.0     100.0     100.0
     reference    = 1.8700    1.8618    1.856...1.7132    1.6848    1.6650
     is_periodic  = no

   function :                5
     constant     = 100.0     100.0     100.0... 100.0     100.0     100.0
     reference    = 2.7740    2.7611    2.750...2.7022    2.6869    2.6750
     is_periodic  = no


[STEP2] Set Relevant Variables and Structures
 
Setup_Option> Unit for fene and pmf is set to dimension less

[STEP3] Analysis trajectory files
 
Build_Data_K_From_Cv> 
  number of time steps       :         1000

  read cv file: ../../5.prod3_ob/prod3_1.dis
  read cv file: ../../5.prod3_ob/prod3_2.dis
  read cv file: ../../5.prod3_ob/prod3_3.dis
  read cv file: ../../5.prod3_ob/prod3_4.dis
  read cv file: ../../5.prod3_ob/prod3_5.dis
  read cv file: ../../5.prod3_ob/prod3_6.dis
  read cv file: ../../5.prod3_ob/prod3_7.dis
  read cv file: ../../5.prod3_ob/prod3_8.dis
  read cv file: ../../5.prod3_ob/prod3_9.dis
  read cv file: ../../5.prod3_ob/prod3_10.dis
  read cv file: ../../5.prod3_ob/prod3_11.dis
  read cv file: ../../5.prod3_ob/prod3_12.dis
  read cv file: ../../5.prod3_ob/prod3_13.dis
  read cv file: ../../5.prod3_ob/prod3_14.dis
  read cv file: ../../5.prod3_ob/prod3_15.dis
  read cv file: ../../5.prod3_ob/prod3_16.dis
  read cv file: ../../5.prod3_ob/prod3_17.dis
  read cv file: ../../5.prod3_ob/prod3_18.dis
  read cv file: ../../5.prod3_ob/prod3_19.dis
  read cv file: ../../5.prod3_ob/prod3_20.dis
  read cv file: ../../5.prod3_ob/prod3_21.dis
  ..done

Build_U_Kl_From_CV> 
  ..done

Solve_Mbar> 

[block     1]     1th iteration  delta =   0.324690433E+01  tolerance =   0.100000000E-06
[block     1]     2th iteration  delta =   0.144760744E+01  tolerance =   0.100000000E-06
[block     1]     3th iteration  delta =   0.888697228E+00  tolerance =   0.100000000E-06
[block     1]     4th iteration  delta =   0.627850475E+00  tolerance =   0.100000000E-06
[block     1]     5th iteration  delta =   0.481503640E+00  tolerance =   0.100000000E-06
[block     1]     6th iteration  delta =   0.141929465E+01  tolerance =   0.100000000E-06
[block     1]     7th iteration  delta =   0.235747267E+01  tolerance =   0.100000000E-06
[block     1]     8th iteration  delta =   0.374499449E-01  tolerance =   0.100000000E-06
[block     1]     9th iteration  delta =   0.318641351E-03  tolerance =   0.100000000E-06
[block     1]    10th iteration  delta =   0.338873227E-07  tolerance =   0.100000000E-06

Compute_Weight>


Assign_Bin>
Grids are not specified. Constructing histogram is skipped.

Compute_Pmf>
Grids are not specified. PMF evaluation is skipped.

[STEP4] Deallocate memory
 
Note: The following floating-point exceptions are signalling: IEEE_DIVIDE_BY_ZERO IEEE_UNDERFLOW_FLAG IEEE_DENORMAL
