****************************************************
*                                                  *
*                     CRD_CONVERT                  *
*                                                  *
*           Converter of trajectory files          *
*                                                  *
*              Developed by RIKEN AICS             *
*                                                  *
****************************************************
 
[STEP1] Read Control Parameters for Convert
 
Read_Ctrl_Input> Input Files
  psffile         = ../0.build/charmm-gui/step2_solvator.psf
  reffile         = ../0.build/charmm-gui/step2_solvator.pdb
 
Read_Ctrl_Output> Output Files
  trjfile         = step3.4_nvt_wrap.dcd
 
Read_Ctrl_Trajectory> Parameters of Trajectory
  # of trj files  =          1
    trajectory file 1 = step3.4_nvt.dcd
         md steps :      50000
     mdout period :        500
       ana period :      10000
     start step   :          1
  trj format      = DCD       
  trj type        =   COOR+BOX
 
Read_Ctrl_Selection> Parameters of Selection
  # of groups     =          2
    group 1 = all
    group 2 = sid:TIMA or sid:TIMB
  # of mole names =          0
 
Read_Ctrl_Fitting> Parameters of Fitting
  fitting method  =  NO       
  fitting atom    = group1
  z-rot # of grid =         10
  z-rot grid size =      1.000
  mass_weight     =         no
 
Read_Ctrl_Option> Parameters of Options
  check only      = no
  allow backup    = no
  trjout format   = DCD       
  trjout type     =   COOR+BOX
  trjout atom     = group1
  centering       = yes
  centering atom  = group2
  center_coord    = 0.0 0.0 0.0
  split_trjpdb    = no
  pbc correction  =   MOLECULE
  # of rename res =          0
 
[STEP2] Set Relevant Variables and Structures
 
Read_Psf> Summary of Psffile
  psftype         =      xplor
  num_atoms       =      84396  num_bonds       =      84448
  num_angles      =      39488  num_dihedrals   =      20268
  num_impropers   =       1292  num_cmap_terms  =        494
  num_HB_donors   =      52036  num_HB_acceptors=      26330
  num_NB_exclusion=          0  num_groups      =      27898
  total_charge    =      0.000
 
Check_Pdb> 6-column residue sequence number
 
Read_Pdb> Summary of Data in PDB file
  num_atoms       =      84396
 
Define_Molecule> Summary of molecules
  num_atoms       =      84396  num_bonds       =      84448
  num_angles      =      39488  num_dihedrals   =      20268
  num_impropers   =       1292  num_cmap_terms  =        494
  num_residues    =      26100  num_molecules   =      25608
  num_segments    =          7  num_deg_freedom =     253188
  total_charge    =     -0.000
 
Setup_Option> trj-out atom count:    84396
Setup_Option> centering atom count:     7574
Setup_Option> center coordinates:      0.000     0.000     0.000
 
[STEP3] Convert trajectory files
 
       number of structures =            1
       number of structures =            2
       number of structures =            3
       number of structures =            4
       number of structures =            5
[STEP4] Deallocate memory
 
