****************************************************
*                                                  *
*                  GENESIS SPDYN                   *
*                                                  *
*        A Molecular Dynamics Simulator with       *
*           Spatial Decomposition Scheme           *
*                                                  *
*               Developed by RIKEN                 *
*                                                  *
****************************************************
 
[STEP0] Architecture and Compiler Information
 
GENESIS_Information> GENESIS Information
  version      = 1.3.0
  commit ID    = $GENESIS_VERSION$
  precision    = double
  nonbonding   = CPU

Build_Information> Compiler Information
  build host   = yagi@beluga
  fortran      = ifort (IFORT) 18.0.1 20171018
  option       = -xHost -O3 -ip -mkl=parallel  -assume byterecl -qopenmp 
  C            = icc (ICC) 18.0.1 20171018
  option       = -O3 -ip -axCORE-AVX2  -qopenmp
  defined var. =  -DMPI -DOMP -DFFTE -DLAPACK -DDSFMT_MEXP=19937 -DINTEL
  link option  = 
  -assume byterecl -qopenmp -lmkl_intel_lp64 -lmkl_sequential -lmkl_core -lmkl_l
 apack95_lp64 

Runtime_Information> Machine and Library Information
  date       = 2019/03/12 00:39:41
  cpu model    = Intel(R) Xeon(R) CPU E5-2667 v3 @ 3.20GHz
  exec. host   = yagi@beluga03
  LD library   = 
 /home/mdsoft/mpi/mpi_cent-v7_intel64/openmpi-v3.1.2_intel_v18.0.1/lib:/opt/inte
 l/compilers_and_libraries_2018.1.163/linux/compiler/lib/intel64_lin:/opt/intel/
 compilers_and_libraries_2018.1.163/linux/mkl/lib/intel64_lin:/opt/intel/compile
 rs_and_libraries_2018.1.163/linux/compiler/lib/intel64:/opt/intel/compilers_and
 _libraries_2018.1.163/linux/compiler/lib/intel64_lin:/opt/intel/compilers_and_l
 ibraries_2018.1.163/linux/mpi/intel64/lib:/opt/intel/compilers_and_libraries_20
 18.1.163/linux/mpi/mic/lib:/opt/intel/compilers_and_libraries_2018.1.163/linux/
 ipp/lib/intel64:/opt/intel/compilers_and_libraries_2018.1.163/linux/compiler/li
 b/intel64_lin:/opt/intel/compilers_and_libraries_2018.1.163/linux/mkl/lib/intel
 64_lin:/opt/intel/compilers_and_libraries_2018.1.163/linux/tbb/lib/intel64/gcc4
 .7:/opt/intel/compilers_and_libraries_2018.1.163/linux/tbb/lib/intel64/gcc4.7:/
 opt/intel/compilers_and_libraries_2018.1.163/linux/daal/lib/intel64_lin:/home/m
 dsoft/mpi/mpi_cent-v7_intel64/openmpi-v3.1.2_intel_v18.0.1/lib:/opt/intel/compi
 lers_and_libraries_2018.1.163/linux/compiler/lib/intel64_lin:/opt/intel/compile
 rs_and_libraries_2018.1.163/linux/mkl/lib/intel64_lin:/opt/intel/compilers_and_
 libraries_2018.1.163/linux/compiler/lib/intel64:/opt/intel/compilers_and_librar
 ies_2018.1.163/linux/compiler/lib/intel64_lin:/opt/intel/compilers_and_librarie
 s_2018.1.163/linux/mpi/intel64/lib:/opt/intel/compilers_and_libraries_2018.1.16
 3/linux/mpi/mic/lib:/opt/intel/compilers_and_libraries_2018.1.163/linux/ipp/li

[STEP1] Read Control Parameters
 
Read_Ctrl_Input> Input Files
  topfile = toppar/top_all36_prot.rtf, toppar/top_all36_cgenff.rtf
  parfile = toppar/par_all36_prot.prm, toppar/par_all36_cgenff.prm
  strfile = toppar/toppar_water_ions.str, toppar/toppar_dhap.3.str
  psffile = ../0.build/charmm-gui/step2_solvator.psf
  pdbfile = ../0.build/charmm-gui/step2_solvator.pdb
  rstfile = step3.3_npt.rst
  reffile = ../0.build/charmm-gui/step2_solvator.pdb
 
Read_Ctrl_Output> Output Files
  dcdfile    = step3.4_nvt.dcd
  rstfile    = step3.4_nvt.rst
 
Read_Ctrl_Energy> Parameters of Energy Calculations
  forcefield      =     CHARMM
  switchdist      =     10.000  cutoffdist      =     12.000
  pairlistdist    =     13.500  dielec_const    =      1.000
 vdW force_switch =        yes
  electrostatic   =        PME
  pme_nspline     =          4
  pme_alpha       =    0.22664  pme_alpha_tol   =  0.100E-04
  fft_scheme      = 1DALLTOALL
  table_order     =          1
  table_density   =     20.000
  water_model     =       NONE
  output_style    =    GENESIS
  dispersion_corr =       none
  nonb_limiter    =      no
  contact_check   =      no
 
Read_Ctrl_Dynamics> Parameters of MD simulation
  integrator      =       VVER  nsteps          =      50000
  timestep        =     0.0020  initial_time    =     0.0000
  eneout_period   =        500  rstout_period   =       1000
  crdout_period   =        500  velout_period   =          0
  nbupdate_period =         10  stoptr_period   =         10
  iseed           =         -1
  annealing       =         no
  verbose         =         no
  target_md       =         no
  steered_md      =         no
 
Read_Ctrl_Constraints> Parameters for Constraints
  rigid_bond      =        yes
  shake_iteration =        500  shake_tolerance =  0.100E-09
  fast_bond       =         no
  fast_water      =        yes  water_model     =       TIP3
  hydrogen_type   =  name|mass
 
Read_Ctrl_Ensemble> Parameters for Ensemble
  ensemble        =        NVT
  temperature     =    300.000
  tpcontrol       =      BUSSI
  tau_t           =      5.000
 
Read_Ctrl_Boundary> Parameters of Boundary Condition
  type            =       PBC 
  box_size(x,y,z) =      0.000     0.000     0.000
 
Read_Ctrl_Selection> Parameters of Selection
  # of groups     =          4
    group 1 = (sid:TIMA or sid:TIMB) and (an:CA | an:C | an:O | an:N)
    group 2 = (sid:TIMA or sid:TIMB) and not (an:CA | an:C | an:O | an:N) and not hydrogen
    group 3 = (sid:DHA or sid:DHA around_res:3.0) and not hydrogen
    group 4 = sid:WAT and an:OH2
  # of mole names =          0
 
Read_Ctrl_Restraints> Parameters of Restraint
  numfunc         =   4
  function1 = POSI     
    direction     = ALL 
    constant      = 10.0
    reference     = 
    select_index  = 1
    exponent      =   2
    exponent_dist = 
    weight_dist   = 
  function2 = POSI     
    direction     = ALL 
    constant      = 2.0
    reference     = 
    select_index  = 2
    exponent      =   2
    exponent_dist = 
    weight_dist   = 
  function3 = POSI     
    direction     = ALL 
    constant      = 2.0
    reference     = 
    select_index  = 3
    exponent      =   2
    exponent_dist = 
    weight_dist   = 
  function4 = POSI     
    direction     = ALL 
    constant      = 2.0
    reference     = 
    select_index  = 4
    exponent      =   2
    exponent_dist = 
    weight_dist   = 
  pressure_position   = NO
  pressure_rmsd     = NO

Read_Ctrl_Fitting_MD> Parameters of Fitting
  fitting method  =  TR+ROT   
  fitting atom    = group1
  mass_weight     =         no
 
[STEP2] Setup MPI
 
Setup_Mpi_Md> Summary of Setup MPI
  number of MPI processes   =         16
  number of OpenMP threads  =          4
  total number of CPU cores =         64

[STEP3] Set Relevant Variables and Structures
 
Input_Top> Summary of Topfile
  num_atom_class  =        212  num_resi_type   =        685
 
Input_Par> Summary of Parfile
  num_bonds       =        658  num_angles      =       2003
  num_dihedrals   =       4838  num_impropers   =        163
  num_atom_cls    =        212  num_nbfix       =         75
  num_cmap_terms  =          6
 
 Merge_Par> WARNING: BOND: Multiple definition: "CG321"-"OG311"
Input_Str> Summary of Top information
  num_atom_class  =        227  num_resi_type   =        700
 
Input_Str> Summary of Par information
  num_bonds       =        663  num_angles      =       2006
  num_dihedrals   =       4850  num_impropers   =        163
  num_atom_cls    =        227  num_nbfix       =         90
  num_cmap_terms  =          6
 
Read_Psf> Summary of Psffile
  psftype         =      xplor
  num_atoms       =      84396  num_bonds       =      84448
  num_angles      =      39488  num_dihedrals   =      20268
  num_impropers   =       1292  num_cmap_terms  =        494
  num_HB_donors   =      52036  num_HB_acceptors=      26330
  num_NB_exclusion=          0  num_groups      =      27898
  total_charge    =      0.000
 
Check_Pdb> 6-column residue sequence number
 
Read_Pdb> Summary of Data in PDB file
  num_atoms       =      84396
 
Read_Rst_Binary> Summary of RST file
  num_atoms       =      84396  iseed           =     414850
  boxsize (x,y,z) =    108.100    88.445    88.445
Check_Pdb> 6-column residue sequence number
 
Read_Pdb> Summary of Data in PDB file
  num_atoms       =      84396
 
Define_Molecule> Summary of molecules
  num_atoms       =      84396  num_bonds       =      84448
  num_angles      =      39488  num_dihedrals   =      20268
  num_impropers   =       1292  num_cmap_terms  =        494
  num_residues    =      26100  num_molecules   =      25608
  num_segments    =          7  num_deg_freedom =     253188
  total_charge    =     -0.000
 
Setup_Restart_Pre> Coordinates and velocities were replaced

Setup_Boundary_Cell> Set Variables for Boundary Condition
  domains (x,y,z) =          2         4         2
  ncells (x,y,z)  =         12         8        10
 
Select_Contacts> mode        : Resi
                 sel atoms A :      15
                 sel atoms B :   84381
                 distance    :    3.00
                contact atom list :     163
 
Setup_Enefunc_Cmap> Natural spline is used to derive cmap coefs.

Setup_Enefunc_Restraints> Setup restraint groups
 group =     1, "(sid:TIMA or sid:TIMB) and (an:CA | an:C | an:O | an:N)"
 # of atoms =  1976
 atomlist: 
      7      9     15     16     17     19     39     40     41     43
     53     54     55     57     73     74     75     77     93     94
     95     97    109    110    111    113    116    117    118    120
    123    124    125    127    137    138    139    141    157    158
    159    161    179    180    181    183    198    199    200    202
    212    213    214    216    219    220    221    223    230    231
    232    234    252    253    254    256    269    270    271    273
    280    281    282    284    299    300    301    303    321    322
    323    325    336    337    338    340    355    356    357    359
    371    372    373    375    386    387    388    390    410    411
    412    414    429    430    431    433    443    444    445    447
    457    458    459    461    467    468    469    471    478    479
    480    482    497    498    499    503    511    512    513    515
    526    527    528    530    540    541    542    544    556    557
    558    560    571    572    573    575    587    588    589    591
    603    604    605    607    622    623    624    626    633    634
    635    639    647    648    649    653    661    662    663    665
    671    672    673    675    685    686    687    689    706    707
    708    710    725    726    727    729    737    738    739    741
    758    759    760    762    769    770    771    773    785    786
    787    789    796    797    798    800    815    816    817    819
    831    832    833    835    853    854    855    857    875    876
    877    881    889    890    891    893    906    907    908    910
    922    923    924    926    936    937    938    940    952    953
    954    956    959    960    961    963    969    970    971    973
    986    987    988    990   1000   1001   1002   1004   1010   1011
   1012   1014   1031   1032   1033   1035   1050   1051   1052   1054
   1072   1073   1074   1076   1082   1083   1084   1086   1093   1094
   1095   1097   1100   1101   1102   1104   1110   1111   1112   1114
   1130   1131   1132   1134   1144   1145   1146   1148   1151   1152
   1153   1155   1166   1167   1168   1170   1180   1181   1182   1184
   1191   1192   1193   1195   1207   1208   1209   1211   1219   1220
   1221   1223   1236   1237   1238   1240   1255   1256   1257   1259
   1277   1278   1279   1281   1289   1290   1291   1293   1305   1306
   1307   1309   1312   1313   1314   1316   1322   1323   1324   1326
   1344   1345   1346   1348   1368   1369   1370   1372   1384   1385
   1386   1388   1403   1404   1405   1407   1422   1423   1424   1426
   1429   1430   1431   1433   1446   1447   1448   1450   1457   1458
   1459   1461   1472   1473   1474   1476   1496   1497   1498   1500
   1520   1521   1522   1524   1531   1532   1533   1535   1552   1553
   1554   1556   1572   1573   1574   1576   1589   1590   1591   1593
   1604   1605   1606   1608   1616   1617   1618   1620   1628   1629
   1630   1632   1650   1651   1652   1654   1670   1671   1672   1674
   1689   1690   1691   1693   1699   1700   1701   1703   1711   1712
   1713   1715   1733   1734   1735   1737   1747   1748   1749   1751
   1769   1770   1771   1773   1789   1790   1791   1793   1799   1800
   1801   1803   1818   1819   1820   1822   1825   1826   1827   1829
   1842   1843   1844   1846   1849   1850   1851   1853   1865   1866
   1867   1869   1872   1873   1874   1876   1888   1889   1890   1892
   1907   1908   1909   1911   1926   1927   1928   1930   1937   1938
   1939   1941   1956   1957   1958   1960   1963   1964   1965   1967
   1978   1979   1980   1982   1992   1993   1994   1996   2011   2012
   2013   2015   2026   2027   2028   2030   2041   2042   2043   2045
   2063   2064   2065   2067   2085   2086   2087   2089   2095   2096
   2097   2099   2102   2103   2104   2106   2124   2125   2126   2128
   2138   2139   2140   2142   2157   2158   2159   2161   2169   2170
   2171   2173   2185   2186   2187   2189   2201   2202   2203   2205
   2216   2217   2218   2220   2240   2241   2242   2244   2257   2258
   2259   2261   2276   2277   2278   2280   2290   2291   2292   2294
   2300   2301   2302   2304   2316   2317   2318   2320   2335   2336
   2337   2339   2350   2351   2352   2354   2365   2366   2367   2369
   2381   2382   2383   2385   2403   2404   2405   2407   2415   2416
   2417   2419   2439   2440   2441   2443   2453   2454   2455   2457
   2467   2468   2469   2471   2483   2484   2485   2487   2499   2500
   2501   2503   2515   2516   2517   2519   2525   2526   2527   2529
   2546   2547   2548   2550   2561   2562   2563   2567   2575   2576
   2577   2579   2591   2592   2593   2595   2615   2616   2617   2619
   2625   2626   2627   2629   2644   2645   2646   2648   2651   2652
   2653   2655   2665   2666   2667   2669   2672   2673   2674   2676
   2691   2692   2693   2695   2701   2702   2703   2705   2711   2712
   2713   2715   2725   2726   2727   2731   2739   2740   2741   2743
   2754   2755   2756   2758   2766   2767   2768   2770   2776   2777
   2778   2780   2793   2794   2795   2797   2805   2806   2807   2809
   2824   2825   2826   2828   2841   2842   2843   2845   2851   2852
   2853   2855   2862   2863   2864   2866   2881   2882   2883   2885
   2905   2906   2907   2909   2927   2928   2929   2931   2947   2948
   2949   2951   2966   2967   2968   2970   2976   2977   2978   2980
   2987   2988   2989   2991   3009   3010   3011   3013   3028   3029
   3030   3032   3035   3036   3037   3039   3047   3048   3049   3051
   3069   3070   3071   3073   3079   3080   3081   3083   3089   3090
   3091   3093   3100   3101   3102   3104   3115   3116   3117   3119
   3134   3135   3136   3138   3158   3159   3160   3162   3177   3178
   3179   3181   3196   3197   3198   3200   3217   3218   3219   3221
   3224   3225   3226   3228   3231   3232   3233   3235   3242   3243
   3244   3246   3252   3253   3254   3256   3266   3267   3268   3270
   3273   3274   3275   3277   3284   3285   3286   3288   3298   3299
   3300   3302   3308   3309   3310   3312   3324   3325   3326   3328
   3338   3339   3340   3342   3358   3359   3360   3362   3380   3381
   3382   3384   3392   3393   3394   3396   3414   3415   3416   3418
   3424   3425   3426   3428   3436   3437   3438   3440   3452   3453
   3454   3456   3464   3465   3466   3468   3471   3472   3473   3475
   3491   3492   3493   3495   3510   3511   3512   3514   3526   3527
   3528   3530   3533   3534   3535   3537   3540   3541   3542   3544
   3550   3551   3552   3554   3561   3562   3563   3565   3580   3581
   3582   3584   3602   3603   3604   3608   3616   3617   3618   3620
   3631   3632   3633   3635   3651   3652   3653   3655   3667   3668
   3669   3671   3679   3680   3681   3683   3698   3699   3700   3702
   3717   3718   3719   3721   3731   3732   3733   3735   3742   3743
   3744   3746   3766   3767   3768   3770   3780   3781   3794   3796
   3802   3803   3804   3806   3826   3827   3828   3830   3840   3841
   3842   3844   3860   3861   3862   3864   3880   3881   3882   3884
   3896   3897   3898   3900   3903   3904   3905   3907   3910   3911
   3912   3914   3924   3925   3926   3928   3944   3945   3946   3948
   3966   3967   3968   3970   3985   3986   3987   3989   3999   4000
   4001   4003   4006   4007   4008   4010   4017   4018   4019   4021
   4039   4040   4041   4043   4056   4057   4058   4060   4067   4068
   4069   4071   4086   4087   4088   4090   4108   4109   4110   4112
   4123   4124   4125   4127   4142   4143   4144   4146   4158   4159
   4160   4162   4173   4174   4175   4177   4197   4198   4199   4201
   4216   4217   4218   4220   4230   4231   4232   4234   4244   4245
   4246   4248   4254   4255   4256   4258   4265   4266   4267   4269
   4284   4285   4286   4290   4298   4299   4300   4302   4313   4314
   4315   4317   4327   4328   4329   4331   4343   4344   4345   4347
   4358   4359   4360   4362   4374   4375   4376   4378   4390   4391
   4392   4394   4409   4410   4411   4413   4420   4421   4422   4426
   4434   4435   4436   4440   4448   4449   4450   4452   4458   4459
   4460   4462   4472   4473   4474   4476   4493   4494   4495   4497
   4512   4513   4514   4516   4524   4525   4526   4528   4545   4546
   4547   4549   4556   4557   4558   4560   4572   4573   4574   4576
   4583   4584   4585   4587   4602   4603   4604   4606   4618   4619
   4620   4622   4640   4641   4642   4644   4662   4663   4664   4668
   4676   4677   4678   4680   4693   4694   4695   4697   4709   4710
   4711   4713   4723   4724   4725   4727   4739   4740   4741   4743
   4746   4747   4748   4750   4756   4757   4758   4760   4773   4774
   4775   4777   4787   4788   4789   4791   4797   4798   4799   4801
   4818   4819   4820   4822   4837   4838   4839   4841   4859   4860
   4861   4863   4869   4870   4871   4873   4880   4881   4882   4884
   4887   4888   4889   4891   4897   4898   4899   4901   4917   4918
   4919   4921   4931   4932   4933   4935   4938   4939   4940   4942
   4953   4954   4955   4957   4967   4968   4969   4971   4978   4979
   4980   4982   4994   4995   4996   4998   5006   5007   5008   5010
   5023   5024   5025   5027   5042   5043   5044   5046   5064   5065
   5066   5068   5076   5077   5078   5080   5092   5093   5094   5096
   5099   5100   5101   5103   5109   5110   5111   5113   5131   5132
   5133   5135   5155   5156   5157   5159   5171   5172   5173   5175
   5190   5191   5192   5194   5209   5210   5211   5213   5216   5217
   5218   5220   5233   5234   5235   5237   5244   5245   5246   5248
   5259   5260   5261   5263   5283   5284   5285   5287   5307   5308
   5309   5311   5318   5319   5320   5322   5339   5340   5341   5343
   5359   5360   5361   5363   5376   5377   5378   5380   5391   5392
   5393   5395   5403   5404   5405   5407   5415   5416   5417   5419
   5437   5438   5439   5441   5457   5458   5459   5461   5476   5477
   5478   5480   5486   5487   5488   5490   5498   5499   5500   5502
   5520   5521   5522   5524   5534   5535   5536   5538   5556   5557
   5558   5560   5576   5577   5578   5580   5586   5587   5588   5590
   5605   5606   5607   5609   5612   5613   5614   5616   5629   5630
   5631   5633   5636   5637   5638   5640   5652   5653   5654   5656
   5659   5660   5661   5663   5675   5676   5677   5679   5694   5695
   5696   5698   5713   5714   5715   5717   5724   5725   5726   5728
   5743   5744   5745   5747   5750   5751   5752   5754   5765   5766
   5767   5769   5779   5780   5781   5783   5798   5799   5800   5802
   5813   5814   5815   5817   5828   5829   5830   5832   5850   5851
   5852   5854   5872   5873   5874   5876   5882   5883   5884   5886
   5889   5890   5891   5893   5911   5912   5913   5915   5925   5926
   5927   5929   5944   5945   5946   5948   5956   5957   5958   5960
   5972   5973   5974   5976   5988   5989   5990   5992   6003   6004
   6005   6007   6027   6028   6029   6031   6044   6045   6046   6048
   6063   6064   6065   6067   6077   6078   6079   6081   6087   6088
   6089   6091   6103   6104   6105   6107   6122   6123   6124   6126
   6137   6138   6139   6141   6152   6153   6154   6156   6168   6169
   6170   6172   6190   6191   6192   6194   6202   6203   6204   6206
   6226   6227   6228   6230   6240   6241   6242   6244   6254   6255
   6256   6258   6270   6271   6272   6274   6286   6287   6288   6290
   6302   6303   6304   6306   6312   6313   6314   6316   6333   6334
   6335   6337   6348   6349   6350   6354   6362   6363   6364   6366
   6378   6379   6380   6382   6402   6403   6404   6406   6412   6413
   6414   6416   6431   6432   6433   6435   6438   6439   6440   6442
   6452   6453   6454   6456   6459   6460   6461   6463   6478   6479
   6480   6482   6488   6489   6490   6492   6498   6499   6500   6502
   6512   6513   6514   6518   6526   6527   6528   6530   6541   6542
   6543   6545   6553   6554   6555   6557   6563   6564   6565   6567
   6580   6581   6582   6584   6592   6593   6594   6596   6611   6612
   6613   6615   6628   6629   6630   6632   6638   6639   6640   6642
   6649   6650   6651   6653   6668   6669   6670   6672   6692   6693
   6694   6696   6714   6715   6716   6718   6734   6735   6736   6738
   6753   6754   6755   6757   6763   6764   6765   6767   6774   6775
   6776   6778   6796   6797   6798   6800   6815   6816   6817   6819
   6822   6823   6824   6826   6834   6835   6836   6838   6856   6857
   6858   6860   6866   6867   6868   6870   6876   6877   6878   6880
   6887   6888   6889   6891   6902   6903   6904   6906   6921   6922
   6923   6925   6945   6946   6947   6949   6964   6965   6966   6968
   6983   6984   6985   6987   7004   7005   7006   7008   7011   7012
   7013   7015   7018   7019   7020   7022   7029   7030   7031   7033
   7039   7040   7041   7043   7053   7054   7055   7057   7060   7061
   7062   7064   7071   7072   7073   7075   7085   7086   7087   7089
   7095   7096   7097   7099   7111   7112   7113   7115   7125   7126
   7127   7129   7145   7146   7147   7149   7167   7168   7169   7171
   7179   7180   7181   7183   7201   7202   7203   7205   7211   7212
   7213   7215   7223   7224   7225   7227   7239   7240   7241   7243
   7251   7252   7253   7255   7258   7259   7260   7262   7278   7279
   7280   7282   7297   7298   7299   7301   7313   7314   7315   7317
   7320   7321   7322   7324   7327   7328   7329   7331   7337   7338
   7339   7341   7348   7349   7350   7352   7367   7368   7369   7371
   7389   7390   7391   7395   7403   7404   7405   7407   7418   7419
   7420   7422   7438   7439   7440   7442   7454   7455   7456   7458
   7466   7467   7468   7470   7485   7486   7487   7489   7504   7505
   7506   7508   7518   7519   7520   7522   7529   7530   7531   7533
   7553   7554   7555   7557   7567   7568
 group =     2, "(sid:TIMA or sid:TIMB) and not (an:CA | an:C | an:O | an:N) and not hydrogen"
 # of atoms =  1798
 atomlist: 
      1      5      6     11     21     24     27     30     32     33
     36     45     47     49     59     62     63     65     67     69
     71     79     82     83     85     87     89     91     99    101
    105    129    132    133    134    143    146    147    149    151
    153    155    163    166    169    172    175    185    188    190
    194    204    207    208    209    225    228    236    239    242
    245    248    258    261    264    265    266    275    278    286
    288    292    295    305    308    311    314    317    327    330
    333    334    335    342    344    348    351    361    363    367
    377    380    383    384    385    392    395    398    401    403
    404    407    416    419    421    425    435    438    439    440
    449    451    453    463    473    476    484    486    490    493
    500    505    508    517    520    523    524    525    532    535
    536    537    546    548    552    562    565    568    569    570
    577    579    583    593    595    599    609    611    615    618
    628    631    636    641    644    650    655    658    667    677
    679    681    691    694    695    697    699    700    702    704
    712    715    717    721    731    734    735    736    743    746
    747    749    751    752    754    756    764    767    775    777
    781    791    794    802    805    807    811    821    823    827
    837    840    843    846    849    859    862    865    868    871
    878    883    886    895    898    901    902    903    912    914
    918    928    930    932    942    944    948    965    975    978
    981    982    983    992    995    996    997   1006   1016   1019
   1020   1022   1024   1025   1027   1029   1037   1040   1042   1046
   1056   1059   1062   1065   1068   1078   1088   1091   1106   1116
   1119   1120   1122   1124   1126   1128   1136   1138   1140   1157
   1160   1163   1164   1165   1172   1175   1176   1177   1186   1189
   1197   1199   1203   1213   1216   1217   1218   1225   1228   1231
   1232   1233   1242   1244   1248   1251   1261   1264   1267   1270
   1273   1283   1286   1287   1288   1295   1297   1301   1318   1328
   1331   1334   1337   1340   1350   1353   1354   1356   1358   1359
   1360   1362   1364   1366   1374   1376   1380   1390   1392   1396
   1399   1409   1412   1414   1418   1435   1438   1439   1440   1442
   1444   1452   1455   1463   1466   1469   1470   1471   1478   1481
   1484   1487   1489   1490   1493   1502   1505   1508   1511   1513
   1514   1517   1526   1529   1537   1540   1541   1543   1545   1546
   1548   1550   1558   1561   1562   1564   1566   1568   1570   1578
   1581   1583   1584   1586   1587   1595   1598   1601   1602   1603
   1610   1613   1614   1615   1622   1625   1626   1627   1634   1637
   1640   1643   1646   1656   1659   1660   1662   1664   1666   1668
   1676   1678   1682   1685   1695   1705   1708   1709   1710   1717
   1720   1723   1726   1729   1739   1741   1743   1753   1756   1759
   1762   1765   1775   1778   1779   1781   1783   1785   1787   1795
   1805   1808   1810   1814   1831   1834   1837   1838   1839   1855
   1857   1861   1878   1880   1884   1894   1896   1900   1903   1913
   1916   1918   1922   1932   1935   1943   1945   1949   1952   1969
   1972   1975   1976   1977   1984   1986   1988   1998   2001   2003
   2007   2017   2020   2023   2024   2025   2032   2035   2038   2039
   2040   2047   2050   2053   2056   2059   2069   2072   2075   2078
   2081   2091   2108   2111   2114   2117   2120   2130   2132   2134
   2144   2147   2149   2153   2163   2166   2167   2168   2175   2177
   2181   2191   2193   2197   2207   2210   2213   2214   2215   2222
   2225   2228   2231   2233   2234   2237   2246   2249   2252   2253
   2254   2263   2266   2268   2272   2282   2285   2286   2287   2296
   2306   2308   2312   2322   2325   2327   2331   2341   2344   2347
   2348   2349   2356   2359   2362   2363   2364   2371   2373   2377
   2387   2390   2393   2396   2399   2409   2412   2413   2414   2421
   2424   2425   2427   2429   2430   2431   2433   2435   2437   2445
   2447   2449   2459   2462   2463   2464   2473   2475   2479   2489
   2491   2495   2505   2507   2511   2521   2531   2534   2535   2537
   2539   2540   2542   2544   2552   2555   2558   2559   2560   2564
   2569   2572   2581   2583   2587   2597   2600   2601   2603   2605
   2606   2607   2609   2611   2613   2621   2631   2633   2637   2640
   2657   2659   2661   2678   2681   2683   2687   2697   2707   2717
   2719   2721   2728   2733   2736   2745   2748   2751   2752   2753
   2760   2763   2764   2765   2772   2782   2785   2788   2789   2790
   2799   2802   2803   2804   2811   2813   2817   2820   2830   2833
   2835   2836   2838   2839   2847   2857   2860   2868   2870   2874
   2877   2887   2890   2893   2896   2898   2899   2902   2911   2914
   2917   2920   2923   2933   2936   2937   2939   2941   2943   2945
   2953   2956   2958   2962   2972   2982   2985   2993   2996   2999
   3002   3005   3015   3018   3020   3024   3041   3044   3045   3046
   3053   3056   3059   3062   3065   3075   3085   3095   3098   3106
   3109   3112   3113   3114   3121   3124   3126   3130   3140   3143
   3146   3149   3151   3152   3155   3164   3166   3170   3173   3183
   3186   3188   3192   3202   3205   3206   3208   3210   3211   3213
   3215   3237   3240   3248   3258   3261   3262   3263   3279   3282
   3290   3293   3294   3295   3304   3314   3316   3320   3330   3332
   3334   3344   3347   3348   3350   3352   3354   3356   3364   3367
   3370   3373   3376   3386   3389   3390   3391   3398   3401   3404
   3407   3410   3420   3430   3433   3434   3435   3442   3444   3448
   3458   3461   3462   3463   3477   3480   3481   3483   3485   3487
   3489   3497   3500   3502   3506   3516   3518   3522   3546   3556
   3559   3567   3570   3572   3576   3586   3589   3592   3595   3598
   3605   3610   3613   3622   3625   3628   3629   3630   3637   3640
   3641   3643   3645   3647   3649   3657   3659   3663   3673   3676
   3677   3678   3685   3687   3691   3694   3704   3706   3710   3713
   3723   3726   3727   3728   3737   3740   3748   3751   3754   3757
   3759   3760   3763   3772   3775   3776   3777   3782   3784   3788
   3792   3793   3798   3808   3811   3814   3817   3819   3820   3823
   3832   3834   3836   3846   3849   3850   3852   3854   3856   3858
   3866   3869   3870   3872   3874   3876   3878   3886   3888   3892
   3916   3919   3920   3921   3930   3933   3934   3936   3938   3940
   3942   3950   3953   3956   3959   3962   3972   3975   3977   3981
   3991   3994   3995   3996   4012   4015   4023   4026   4029   4032
   4035   4045   4048   4051   4052   4053   4062   4065   4073   4075
   4079   4082   4092   4095   4098   4101   4104   4114   4117   4120
   4121   4122   4129   4131   4135   4138   4148   4150   4154   4164
   4167   4170   4171   4172   4179   4182   4185   4188   4190   4191
   4194   4203   4206   4208   4212   4222   4225   4226   4227   4236
   4238   4240   4250   4260   4263   4271   4273   4277   4280   4287
   4292   4295   4304   4307   4310   4311   4312   4319   4322   4323
   4324   4333   4335   4339   4349   4352   4355   4356   4357   4364
   4366   4370   4380   4382   4386   4396   4398   4402   4405   4415
   4418   4423   4428   4431   4437   4442   4445   4454   4464   4466
   4468   4478   4481   4482   4484   4486   4487   4489   4491   4499
   4502   4504   4508   4518   4521   4522   4523   4530   4533   4534
   4536   4538   4539   4541   4543   4551   4554   4562   4564   4568
   4578   4581   4589   4592   4594   4598   4608   4610   4614   4624
   4627   4630   4633   4636   4646   4649   4652   4655   4658   4665
   4670   4673   4682   4685   4688   4689   4690   4699   4701   4705
   4715   4717   4719   4729   4731   4735   4752   4762   4765   4768
   4769   4770   4779   4782   4783   4784   4793   4803   4806   4807
   4809   4811   4812   4814   4816   4824   4827   4829   4833   4843
   4846   4849   4852   4855   4865   4875   4878   4893   4903   4906
   4907   4909   4911   4913   4915   4923   4925   4927   4944   4947
   4950   4951   4952   4959   4962   4963   4964   4973   4976   4984
   4986   4990   5000   5003   5004   5005   5012   5015   5018   5019
   5020   5029   5031   5035   5038   5048   5051   5054   5057   5060
   5070   5073   5074   5075   5082   5084   5088   5105   5115   5118
   5121   5124   5127   5137   5140   5141   5143   5145   5146   5147
   5149   5151   5153   5161   5163   5167   5177   5179   5183   5186
   5196   5199   5201   5205   5222   5225   5226   5227   5229   5231
   5239   5242   5250   5253   5256   5257   5258   5265   5268   5271
   5274   5276   5277   5280   5289   5292   5295   5298   5300   5301
   5304   5313   5316   5324   5327   5328   5330   5332   5333   5335
   5337   5345   5348   5349   5351   5353   5355   5357   5365   5368
   5370   5371   5373   5374   5382   5385   5388   5389   5390   5397
   5400   5401   5402   5409   5412   5413   5414   5421   5424   5427
   5430   5433   5443   5446   5447   5449   5451   5453   5455   5463
   5465   5469   5472   5482   5492   5495   5496   5497   5504   5507
   5510   5513   5516   5526   5528   5530   5540   5543   5546   5549
   5552   5562   5565   5566   5568   5570   5572   5574   5582   5592
   5595   5597   5601   5618   5621   5624   5625   5626   5642   5644
   5648   5665   5667   5671   5681   5683   5687   5690   5700   5703
   5705   5709   5719   5722   5730   5732   5736   5739   5756   5759
   5762   5763   5764   5771   5773   5775   5785   5788   5790   5794
   5804   5807   5810   5811   5812   5819   5822   5825   5826   5827
   5834   5837   5840   5843   5846   5856   5859   5862   5865   5868
   5878   5895   5898   5901   5904   5907   5917   5919   5921   5931
   5934   5936   5940   5950   5953   5954   5955   5962   5964   5968
   5978   5980   5984   5994   5997   6000   6001   6002   6009   6012
   6015   6018   6020   6021   6024   6033   6036   6039   6040   6041
   6050   6053   6055   6059   6069   6072   6073   6074   6083   6093
   6095   6099   6109   6112   6114   6118   6128   6131   6134   6135
   6136   6143   6146   6149   6150   6151   6158   6160   6164   6174
   6177   6180   6183   6186   6196   6199   6200   6201   6208   6211
   6212   6214   6216   6217   6218   6220   6222   6224   6232   6234
   6236   6246   6249   6250   6251   6260   6262   6266   6276   6278
   6282   6292   6294   6298   6308   6318   6321   6322   6324   6326
   6327   6329   6331   6339   6342   6345   6346   6347   6351   6356
   6359   6368   6370   6374   6384   6387   6388   6390   6392   6393
   6394   6396   6398   6400   6408   6418   6420   6424   6427   6444
   6446   6448   6465   6468   6470   6474   6484   6494   6504   6506
   6508   6515   6520   6523   6532   6535   6538   6539   6540   6547
   6550   6551   6552   6559   6569   6572   6575   6576   6577   6586
   6589   6590   6591   6598   6600   6604   6607   6617   6620   6622
   6623   6625   6626   6634   6644   6647   6655   6657   6661   6664
   6674   6677   6680   6683   6685   6686   6689   6698   6701   6704
   6707   6710   6720   6723   6724   6726   6728   6730   6732   6740
   6743   6745   6749   6759   6769   6772   6780   6783   6786   6789
   6792   6802   6805   6807   6811   6828   6831   6832   6833   6840
   6843   6846   6849   6852   6862   6872   6882   6885   6893   6896
   6899   6900   6901   6908   6911   6913   6917   6927   6930   6933
   6936   6938   6939   6942   6951   6953   6957   6960   6970   6973
   6975   6979   6989   6992   6993   6995   6997   6998   7000   7002
   7024   7027   7035   7045   7048   7049   7050   7066   7069   7077
   7080   7081   7082   7091   7101   7103   7107   7117   7119   7121
   7131   7134   7135   7137   7139   7141   7143   7151   7154   7157
   7160   7163   7173   7176   7177   7178   7185   7188   7191   7194
   7197   7207   7217   7220   7221   7222   7229   7231   7235   7245
   7248   7249   7250   7264   7267   7268   7270   7272   7274   7276
   7284   7287   7289   7293   7303   7305   7309   7333   7343   7346
   7354   7357   7359   7363   7373   7376   7379   7382   7385   7392
   7397   7400   7409   7412   7415   7416   7417   7424   7427   7428
   7430   7432   7434   7436   7444   7446   7450   7460   7463   7464
   7465   7472   7474   7478   7481   7491   7493   7497   7500   7510
   7513   7514   7515   7524   7527   7535   7538   7541   7544   7546
   7547   7550   7559   7562   7563   7564   7569   7571
 group =     3, "(sid:DHA or sid:DHA around_res:3.0) and not hydrogen"
 # of atoms =    90
 atomlist: 
    125    127    129    132    133    134    137    138    159    161
    163    166    169    172    175    179    180   1431   1433   1435
   1438   1439   1440   1442   1444   1446   1447   2548   2550   2552
   2555   2558   2559   2560   2561   2562   2627   2629   2631   2633
   2637   2640   2644   2645   2646   2648   2651   2652   3226   3228
   3231   3232   3233   3235   3237   3240   3242   3243   3493   3495
   3497   3500   3502   3506   3510   3511   3528   3530   3533   3534
   3535   3537   3540   3541   7575   7576   7577   7578   7579   7580
   7583   7584   7585   7586   7629   7632   7635   7638   8019  34680
 group =     4, "sid:WAT and an:OH2"
 # of atoms =   251
 atomlist: 
   7605   7608   7611   7614   7617   7620   7623   7626   7629   7632
   7635   7638   7641   7644   7647   7650   7653   7656   7659   7662
   7665   7668   7671   7674   7677   7680   7683   7686   7689   7692
   7695   7698   7701   7704   7707   7710   7713   7716   7719   7722
   7725   7728   7731   7734   7737   7740   7743   7746   7749   7752
   7755   7758   7761   7764   7767   7770   7773   7776   7779   7782
   7785   7788   7791   7794   7797   7800   7803   7806   7809   7812
   7815   7818   7821   7824   7827   7830   7833   7836   7839   7842
   7845   7848   7851   7854   7857   7860   7863   7866   7869   7872
   7875   7878   7881   7884   7887   7890   7893   7896   7899   7902
   7905   7908   7911   7914   7917   7920   7923   7926   7929   7932
   7935   7938   7941   7944   7947   7950   7953   7956   7959   7962
   7965   7968   7971   7974   7977   7980   7983   7986   7989   7992
   7995   7998   8001   8004   8007   8010   8013   8016   8019   8022
   8025   8028   8031   8034   8037   8040   8043   8046   8049   8052
   8055   8058   8061   8064   8067   8070   8073   8076   8079   8082
   8085   8088   8091   8094   8097   8100   8103   8106   8109   8112
   8115   8118   8121   8124   8127   8130   8133   8136   8139   8142
   8145   8148   8151   8154   8157   8160   8163   8166   8169   8172
   8175   8178   8181   8184   8187   8190   8193   8196   8199   8202
   8205   8208   8211   8214   8217   8220   8223   8226   8229   8232
   8235   8238   8241   8244   8247   8250   8253   8256   8259   8262
   8265   8268   8271   8274   8277   8280   8283   8286   8289   8292
   8295   8298   8301   8304   8307   8310   8313   8316   8319   8322
   8325   8328   8331   8334   8337   8340   8343   8346   8349   8352
   8355
Setup_Enefunc_Restraints> Setup restraint functions
 func  =     1 kind  =     1
 const(total, x, y, z) =   10.000   1.000   1.000   1.000
 exponend of function =     2
 # of groups  =     1
 grouplist:   1

 func  =     2 kind  =     1
 const(total, x, y, z) =    2.000   1.000   1.000   1.000
 exponend of function =     2
 # of groups  =     1
 grouplist:   2

 func  =     3 kind  =     1
 const(total, x, y, z) =    2.000   1.000   1.000   1.000
 exponend of function =     2
 # of groups  =     1
 grouplist:   3

 func  =     4 kind  =     1
 const(total, x, y, z) =    2.000   1.000   1.000   1.000
 exponend of function =     2
 # of groups  =     1
 grouplist:   4

Define_Enefunc_Charmm> Number of Interactions in Each Term
  bond_ene        =       3856  angle_ene       =      13894
  torsion_ene     =      23932  improper_ene    =       1292
  cmap_ene        =        494
  nb_exclusions   =      98342  nb14_calc       =      20018
 
Setup_Fitting_Spdyn> NO fitting is applied, skip
  fitting method  =  NO
 

Setup_PME> Proper PME grid number was generated automatically
  pme_ngrid(x,y,z)=         96        80        80

Random_Init> Initialize the random number
  seed            = 229790

Setup_Fast_Water> Setup constraints for SETTLE
  r0(O-H)         =     0.9572  mass(O)         =    15.9994
  r0(H-H)         =     1.5139  mass(H)         =     1.0080
 
Update_Num_Deg_Freedom> Number of degrees of freedom was updated
  num_deg_freedom =     176406 (After setup of SETTLE)
 
Setup_Rigid_Bond> Setup constrains for SHAKE and RATTLE
  num_rigid_bonds =       3810
 
Update_Num_Deg_Freedom> Number of degrees of freedom was updated
  num_deg_freedom =     172596 (After setup of SHAKE/RATTLE)
 
Setup_Restart_Post> Read random seed  from RST file and Overwrite it

Setup_Restart_Post> Parameters were replaced

[STEP4] Compute Single Point Energy for Molecules
 
            STEP            BOND           ANGLE    UREY-BRADLEY        DIHEDRAL        IMPROPER            CMAP         VDWAALS           ELECT RESTRAINT_TOTAL
 --------------- --------------- --------------- --------------- ---------------
               0       1404.8494       3641.0652        474.0346       4566.5366        263.9358       -162.2267      24368.2778    -291594.0663       1559.9690

[STEP5] Perform Molecular Dynamics Simulation
 
INFO:       STEP            TIME       TOTAL_ENE   POTENTIAL_ENE     KINETIC_ENE            RMSG            BOND           ANGLE    UREY-BRADLEY        DIHEDRAL        IMPROPER            CMAP         VDWAALS           ELECT RESTRAINT_TOTAL     TEMPERATURE          VOLUME
 --------------- --------------- --------------- --------------- ---------------
INFO:        500          1.0000    -203898.2562    -255761.6770      51863.4208         13.8135       1382.0212       3678.5210        484.3911       4552.2710        242.4373       -155.3218      25080.1650    -292217.3698       1191.2079        302.4272     845622.7431

INFO:       1000          2.0000    -203794.6625    -255574.7967      51780.1342         13.7662       1397.5927       3596.2242        471.2926       4527.8843        273.0883       -144.7210      24275.2789    -291136.5188       1165.0821        301.9415     845622.7431

INFO:       1500          3.0000    -203808.2410    -255741.3244      51933.0834         13.7918       1438.4446       3558.3845        462.0806       4551.0573        253.7712       -162.3938      24917.1046    -291958.3884       1198.6150        302.8334     845622.7431

INFO:       2000          4.0000    -203978.5665    -255744.4936      51765.9271         13.7977       1384.9266       3592.2344        469.9973       4572.8420        267.9430       -161.0826      24819.2057    -291874.3030       1183.7430        301.8587     845622.7431

INFO:       2500          5.0000    -203942.9478    -255623.1444      51680.1966         13.8337       1440.9940       3687.6442        486.6578       4533.7618        261.6972       -152.6660      25067.3733    -292143.2518       1194.6451        301.3588     845622.7431

INFO:       3000          6.0000    -204112.1091    -255618.4828      51506.3737         13.8336       1394.8928       3702.1506        469.9347       4535.9860        265.7132       -166.0362      24921.1141    -291935.2457       1193.0076        300.3452     845622.7431

INFO:       3500          7.0000    -204000.4272    -255657.8801      51657.4529         13.7929       1420.7381       3555.9227        489.0637       4582.9980        241.2212       -155.1676      24586.2924    -291547.8849       1168.9364        301.2261     845622.7431

INFO:       4000          8.0000    -204101.8534    -255602.4875      51500.6340         13.8050       1435.8431       3583.6159        474.6924       4539.5632        252.9187       -150.0952      24508.0791    -291381.5867       1134.4820        300.3117     845622.7431

INFO:       4500          9.0000    -204065.2460    -255966.5014      51901.2554         13.8283       1415.8562       3682.1723        484.4177       4550.3258        272.1637       -156.8463      24886.6581    -292231.2005       1129.9517        302.6478     845622.7431

INFO:       5000         10.0000    -204486.1406    -256176.0983      51689.9577         13.7992       1376.6383       3618.3556        474.9143       4526.2061        247.7942       -151.6120      24837.1659    -292284.7560       1179.1954        301.4157     845622.7431

INFO:       5500         11.0000    -204574.4145    -256126.3744      51551.9599         13.7707       1365.4240       3600.9658        478.6089       4555.4753        264.8152       -169.8708      24568.7963    -291958.2152       1167.6261        300.6110     845622.7431

INFO:       6000         12.0000    -204403.9395    -255869.4886      51465.5492         13.7485       1372.4139       3588.5403        460.3296       4584.7938        223.6939       -165.1791      24297.8634    -291391.8674       1159.9230        300.1071     845622.7431

INFO:       6500         13.0000    -204321.4731    -256001.4756      51680.0025         13.8194       1398.7697       3588.7331        461.6692       4579.2136        262.0417       -151.5678      24934.5636    -292204.1418       1129.2430        301.3576     845622.7431

INFO:       7000         14.0000    -204459.9661    -256060.3457      51600.3796         13.8156       1404.2654       3579.4081        475.4605       4522.5099        253.4622       -167.6332      24833.4851    -292117.5663       1156.2626        300.8933     845622.7431

INFO:       7500         15.0000    -204501.8734    -255969.3171      51467.4437         13.8221       1400.3862       3627.0651        473.3789       4545.1125        258.6805       -157.6779      24819.7958    -292086.5427       1150.4845        300.1181     845622.7431

INFO:       8000         16.0000    -204621.5279    -256127.0914      51505.5634         13.7922       1399.8622       3646.8508        461.8879       4524.8822        247.4398       -140.6648      24545.1760    -291992.4974       1179.9718        300.3404     845622.7431

INFO:       8500         17.0000    -204484.3109    -256046.1409      51561.8300         13.8447       1440.7662       3601.6308        473.1689       4517.1208        260.2363       -151.4958      24961.1022    -292307.4029       1158.7327        300.6685     845622.7431

INFO:       9000         18.0000    -204582.6263    -255921.9286      51339.3023         13.8028       1417.9014       3568.7233        465.4965       4568.6878        254.0184       -158.2288      24683.3321    -291882.2419       1160.3827        299.3709     845622.7431

INFO:       9500         19.0000    -204498.7841    -255905.4252      51406.6411         13.7966       1427.9292       3656.6311        483.5695       4543.7122        245.6922       -158.7899      24525.3675    -291798.7166       1169.1797        299.7636     845622.7431

INFO:      10000         20.0000    -204606.7828    -256306.0555      51699.2727         13.7893       1370.9586       3607.9952        477.5720       4561.0439        265.6656       -159.1993      24751.8995    -292351.4614       1169.4703        301.4700     845622.7431

INFO:      10500         21.0000    -204710.0516    -256303.7704      51593.7188         13.8042       1448.6292       3551.1906        474.1531       4570.4291        268.5966       -146.6168      24713.1523    -292348.9922       1165.6877        300.8545     845622.7431

INFO:      11000         22.0000    -204818.6296    -256161.8036      51343.1740         13.8012       1374.5588       3617.8300        468.7852       4559.4299        259.3845       -166.4840      24785.4763    -292219.6540       1158.8698        299.3935     845622.7431

INFO:      11500         23.0000    -204750.4225    -256363.4821      51613.0596         13.7760       1337.3771       3612.8903        470.8038       4577.0240        260.1451       -153.2133      24825.9341    -292457.1373       1162.6941        300.9673     845622.7431

INFO:      12000         24.0000    -204571.9664    -256016.0587      51444.0923         13.8216       1434.1456       3625.4908        468.0654       4569.4467        260.9211       -147.4650      24731.7537    -292134.0003       1175.5833        299.9820     845622.7431

INFO:      12500         25.0000    -204755.7375    -256065.4588      51309.7213         13.7904       1345.2694       3549.5525        469.5026       4566.3510        257.4293       -158.3223      24753.7115    -292036.2140       1187.2614        299.1984     845622.7431

INFO:      13000         26.0000    -204814.7583    -256298.2134      51483.4551         13.7915       1435.5481       3596.1990        461.9378       4557.5426        241.4956       -146.1626      24479.1780    -292112.7523       1188.8004        300.2115     845622.7431

INFO:      13500         27.0000    -204843.3535    -256392.5574      51549.2040         13.7967       1441.4151       3603.5275        482.6081       4544.1022        262.3036       -162.7677      24704.4526    -292459.2013       1191.0025        300.5949     845622.7431

INFO:      14000         28.0000    -204845.6820    -256396.8622      51551.1802         13.7765       1383.2905       3662.7852        483.5038       4520.5552        273.4280       -167.3825      24355.9751    -292099.6891       1190.6717        300.6064     845622.7431

INFO:      14500         29.0000    -204861.6429    -256235.8195      51374.1765         13.8023       1399.0707       3657.4860        477.5806       4537.7837        252.5534       -167.8168      24974.6412    -292543.5513       1176.4331        299.5743     845622.7431

INFO:      15000         30.0000    -204980.6353    -256448.3257      51467.6904         13.8196       1353.9665       3685.5267        483.2960       4533.3591        254.1319       -155.8432      24682.6622    -292441.7698       1156.3449        300.1196     845622.7431

INFO:      15500         31.0000    -204841.2685    -256264.6764      51423.4079         13.7963       1437.4565       3603.3520        448.8850       4554.2277        251.8960       -156.7433      24965.5299    -292548.6164       1179.3363        299.8614     845622.7431

INFO:      16000         32.0000    -204858.3044    -256454.0836      51595.7791         13.8026       1386.2227       3652.4719        477.6611       4550.6999        256.1892       -141.7315      24478.4986    -292261.3226       1147.2270        300.8665     845622.7431

INFO:      16500         33.0000    -204918.0925    -256591.1707      51673.0782         13.7980       1334.3904       3567.1759        470.3035       4564.1984        273.0634       -142.1497      24776.6541    -292587.6062       1152.7995        301.3172     845622.7431

INFO:      17000         34.0000    -205117.0979    -256469.9641      51352.8662         13.7842       1461.7800       3560.4010        460.7578       4574.2924        267.3083       -155.1576      24444.3572    -292282.8306       1199.1275        299.4500     845622.7431

INFO:      17500         35.0000    -205070.3075    -256269.2955      51198.9880         13.7923       1417.4067       3567.1688        467.0684       4549.0679        228.0268       -153.2177      24697.3262    -292217.3622       1175.2195        298.5527     845622.7431

INFO:      18000         36.0000    -205124.9753    -256363.9369      51238.9616         13.8126       1434.7685       3626.3061        462.8805       4597.5079        248.0845       -140.2210      24823.0501    -292572.9026       1156.5891        298.7858     845622.7431

INFO:      18500         37.0000    -204985.6425    -256484.0072      51498.3647         13.7810       1370.9837       3584.6936        469.8065       4572.9117        234.2893       -165.1958      24708.7772    -292431.2698       1170.9964        300.2985     845622.7431

INFO:      19000         38.0000    -205016.6385    -256416.3885      51399.7500         13.7965       1343.7142       3651.8619        457.3718       4562.0320        251.3743       -155.7569      24812.3521    -292511.9636       1172.6256        299.7234     845622.7431

INFO:      19500         39.0000    -205034.8057    -256491.9456      51457.1398         13.7908       1381.6768       3589.6326        462.9350       4553.6076        250.3486       -140.4255      24535.2728    -292312.7608       1187.7674        300.0581     845622.7431

INFO:      20000         40.0000    -204793.6315    -256291.0181      51497.3866         13.8161       1404.6196       3663.6392        463.9707       4567.2070        268.1820       -152.1139      24943.7840    -292637.1915       1186.8848        300.2928     845622.7431

INFO:      20500         41.0000    -204815.8953    -256381.5680      51565.6728         13.8458       1438.6030       3602.0148        476.6523       4577.6782        273.0935       -147.2656      24861.3609    -292629.2730       1165.5678        300.6909     845622.7431

INFO:      21000         42.0000    -204717.2902    -256684.6954      51967.4052         13.8105       1411.8617       3621.5381        473.3831       4533.4962        243.6725       -148.0539      24599.1832    -292562.3889       1142.6126        303.0335     845622.7431

INFO:      21500         43.0000    -204670.4492    -256065.5352      51395.0859         13.7802       1380.3110       3618.6825        474.5083       4577.1415        275.6834       -156.0529      24278.3605    -291684.6424       1170.4729        299.6962     845622.7431

INFO:      22000         44.0000    -204646.7999    -255986.7188      51339.9189         13.8168       1414.9496       3691.9279        473.8845       4575.5270        260.7376       -142.6548      24839.5625    -292275.2705       1174.6174        299.3745     845622.7431

INFO:      22500         45.0000    -204495.9079    -256171.8836      51675.9757         13.8219       1415.6519       3585.0949        469.0847       4571.4640        250.4978       -152.5739      24763.1144    -292251.3520       1177.1346        301.3341     845622.7431

INFO:      23000         46.0000    -204509.7376    -256200.9222      51691.1846         13.8167       1441.0916       3606.0940        474.5344       4573.5673        233.9461       -170.4869      24768.4621    -292288.4142       1160.2834        301.4228     845622.7431

INFO:      23500         47.0000    -204595.1321    -256177.8014      51582.6693         13.8091       1460.5807       3530.0081        474.7191       4566.0146        244.5364       -157.9373      24699.5614    -292157.3538       1162.0694        300.7901     845622.7431

INFO:      24000         48.0000    -204588.8766    -255936.6371      51347.7604         13.8095       1375.3901       3622.1727        471.9034       4590.6941        247.5858       -161.3284      25278.3024    -292545.8275       1184.4703        299.4202     845622.7431

INFO:      24500         49.0000    -204462.9879    -255919.0257      51456.0378         13.8114       1418.7216       3604.2366        490.2453       4565.0853        241.3984       -142.1658      24933.0705    -292213.7863       1184.1688        300.0516     845622.7431

INFO:      25000         50.0000    -204375.1395    -256140.7713      51765.6318         13.7659       1396.8249       3564.5445        473.4069       4570.5569        253.0794       -160.1571      24252.6475    -291675.9371       1184.2627        301.8569     845622.7431

INFO:      25500         51.0000    -204298.3906    -255932.8935      51634.5029         13.7860       1418.6286       3590.2684        475.0553       4597.3920        242.0005       -151.3426      24774.9697    -292047.2981       1167.4326        301.0923     845622.7431

INFO:      26000         52.0000    -204325.6191    -255723.2762      51397.6571         13.7815       1386.3947       3689.7952        472.2071       4546.0955        247.9870       -152.0112      24674.6310    -291749.4876       1161.1121        299.7112     845622.7431

INFO:      26500         53.0000    -204275.2486    -256025.8690      51750.6204         13.8113       1462.5300       3540.7225        482.0288       4564.5689        243.7103       -144.3172      24867.5209    -292180.4968       1137.8637        301.7694     845622.7431

INFO:      27000         54.0000    -204143.1070    -255948.8626      51805.7556         13.7604       1359.1616       3643.4280        474.9218       4573.7663        259.5498       -158.5404      24555.4404    -291826.6846       1170.0945        302.0909     845622.7431

INFO:      27500         55.0000    -204086.2846    -255778.9402      51692.6556         13.7877       1422.8376       3686.3596        465.0022       4574.1610        263.8343       -161.5111      24549.4734    -291715.4150       1136.3177        301.4314     845622.7431

INFO:      28000         56.0000    -204204.8849    -255902.9370      51698.0521         13.7682       1396.6100       3565.0555        473.0823       4572.2748        258.2556       -149.8692      24517.7284    -291687.6130       1151.5386        301.4629     845622.7431

INFO:      28500         57.0000    -204157.5388    -255689.6983      51532.1595         13.7960       1409.0731       3559.8213        467.3710       4572.1510        252.0241       -163.5250      24767.6171    -291701.7005       1147.4696        300.4955     845622.7431

INFO:      29000         58.0000    -204246.4999    -255850.9618      51604.4619         13.8050       1423.0151       3608.3810        483.4849       4523.7477        255.4456       -154.7320      24639.0058    -291785.6070       1156.2972        300.9171     845622.7431

INFO:      29500         59.0000    -204289.5477    -255901.7341      51612.1864         13.8169       1440.1982       3579.1223        465.6865       4555.7266        260.1348       -151.8476      24828.5461    -292057.1659       1177.8649        300.9622     845622.7431

INFO:      30000         60.0000    -204375.2454    -255915.5350      51540.2896         13.8298       1403.4290       3634.9887        476.5457       4551.4348        261.7089       -159.0963      24907.7767    -292152.4130       1160.0904        300.5429     845622.7431

INFO:      30500         61.0000    -204348.5676    -256093.9933      51745.4257         13.8160       1422.8504       3599.0900        481.6033       4560.8999        254.2256       -151.0181      24857.9098    -292307.9521       1188.3980        301.7391     845622.7431

INFO:      31000         62.0000    -204389.1116    -256011.4927      51622.3811         13.8304       1431.4445       3554.3509        459.7418       4535.9971        257.8720       -143.1802      25189.9838    -292483.4214       1185.7189        301.0216     845622.7431

INFO:      31500         63.0000    -204430.9889    -255797.7335      51366.7446         13.8027       1413.5327       3596.0652        484.9075       4580.3745        251.1669       -141.4673      24936.7897    -292084.7474       1165.6447        299.5309     845622.7431

INFO:      32000         64.0000    -204440.8411    -256148.8314      51707.9903         13.8124       1378.4065       3635.3187        495.8505       4567.5923        269.1044       -137.2096      24697.3969    -292238.0087       1182.7177        301.5208     845622.7431

INFO:      32500         65.0000    -204571.3856    -256058.4139      51487.0283         13.8028       1376.3466       3653.0466        469.4670       4551.7629        262.6423       -161.0377      24836.4435    -292211.7543       1164.6692        300.2323     845622.7431

INFO:      33000         66.0000    -204641.3917    -255933.0989      51291.7072         13.8091       1414.7176       3629.3615        463.5845       4547.0176        263.7062       -154.0731      24790.1464    -292068.9727       1181.4131        299.0934     845622.7431

INFO:      33500         67.0000    -204689.5316    -256477.4110      51787.8794         13.8219       1360.7273       3643.2618        458.8809       4510.1168        266.6831       -159.3668      25124.0583    -292802.3779       1120.6055        301.9867     845622.7431

INFO:      34000         68.0000    -204813.7105    -256156.7299      51343.0194         13.8116       1399.2806       3639.2417        470.7438       4544.2350        259.2621       -151.3861      24862.2660    -292315.7592       1135.3861        299.3926     845622.7431

INFO:      34500         69.0000    -204781.5556    -256089.6775      51308.1219         13.7642       1367.7997       3602.7483        468.9444       4539.8669        247.7000       -151.0358      24832.4516    -292155.6782       1157.5258        299.1891     845622.7431

INFO:      35000         70.0000    -204647.9455    -256170.9559      51523.0104         13.7884       1323.1379       3613.2473        469.7040       4567.7286        258.2564       -157.4531      24931.0358    -292368.5901       1191.9772        300.4422     845622.7431

INFO:      35500         71.0000    -204573.3544    -256269.6183      51696.2639         13.7766       1422.1926       3617.0916        471.6037       4549.6544        275.5954       -153.5684      24471.1108    -292096.9315       1173.6332        301.4524     845622.7431

INFO:      36000         72.0000    -204607.7611    -256240.5771      51632.8159         13.8169       1359.6063       3673.9944        455.3399       4563.9180        262.6698       -153.5267      24947.8366    -292510.3512       1159.9359        301.0825     845622.7431

INFO:      36500         73.0000    -204733.2062    -256327.1735      51593.9673         13.8187       1314.3996       3612.0245        450.5270       4551.9703        252.7476       -157.4985      24886.8025    -292396.2830       1158.1364        300.8559     845622.7431

INFO:      37000         74.0000    -204738.2211    -256082.9593      51344.7382         13.8055       1373.3873       3609.4659        471.8449       4531.3767        255.2282       -144.7383      24798.1407    -292139.4142       1161.7496        299.4026     845622.7431

INFO:      37500         75.0000    -204627.7766    -256135.1925      51507.4159         13.8057       1381.5406       3648.5387        463.4927       4543.4419        257.9583       -162.4792      24963.5636    -292395.9840       1164.7350        300.3512     845622.7431

INFO:      38000         76.0000    -204524.8506    -255969.9968      51445.1463         13.7948       1402.1834       3588.3248        469.3687       4550.7506        246.2448       -165.1959      24879.3022    -292090.4320       1149.4566        299.9881     845622.7431

INFO:      38500         77.0000    -204404.5222    -255852.8071      51448.2849         13.7756       1368.0381       3605.0990        465.1249       4529.5522        253.1092       -162.0961      24693.0481    -291773.9556       1169.2731        300.0064     845622.7431

INFO:      39000         78.0000    -204393.2634    -255815.4536      51422.1902         13.7595       1363.8528       3587.0716        472.5747       4563.6307        271.6518       -154.6682      24492.4090    -291582.8123       1170.8365        299.8543     845622.7431

INFO:      39500         79.0000    -204648.0044    -256241.9043      51593.8999         13.7910       1410.8543       3603.6494        477.1439       4579.9358        258.9722       -160.6009      24597.2249    -292175.0040       1165.9201        300.8555     845622.7431

INFO:      40000         80.0000    -204607.4814    -256220.5914      51613.1100         13.7800       1335.8795       3568.0560        467.2539       4541.4968        267.8667       -158.0240      24510.8170    -291908.3331       1154.3959        300.9676     845622.7431

INFO:      40500         81.0000    -204651.6983    -256298.2666      51646.5683         13.7845       1318.6134       3665.2469        487.9204       4564.8064        248.0229       -159.2866      25189.7394    -292786.9913       1173.6619        301.1627     845622.7431

INFO:      41000         82.0000    -204571.4255    -256072.6991      51501.2736         13.7991       1376.6530       3541.8468        478.8438       4526.8109        235.0530       -145.8828      24752.9774    -291989.7133       1150.7121        300.3154     845622.7431

INFO:      41500         83.0000    -204663.3654    -256144.5845      51481.2191         13.7934       1363.4910       3629.9044        457.3244       4533.5858        264.0440       -143.3271      24813.5938    -292209.8776       1146.6768        300.1985     845622.7431

INFO:      42000         84.0000    -204857.0847    -256334.5197      51477.4350         13.7909       1368.4575       3567.7028        465.0614       4554.2595        258.7560       -164.7958      24682.9726    -292216.7567       1149.8230        300.1764     845622.7431

INFO:      42500         85.0000    -204965.3534    -256193.5021      51228.1487         13.7515       1372.8410       3549.1953        473.2891       4529.4850        235.0430       -167.5142      24558.2975    -291907.9358       1163.7970        298.7228     845622.7431

INFO:      43000         86.0000    -204862.5973    -256191.4547      51328.8574         13.7848       1368.5695       3592.8756        467.8320       4573.6844        268.7829       -160.0974      24718.2156    -292188.6927       1167.3752        299.3100     845622.7431

INFO:      43500         87.0000    -204922.9291    -256279.1794      51356.2503         13.7907       1409.9194       3599.3632        482.0569       4505.5637        271.2322       -142.2648      24810.1080    -292399.0139       1183.8558        299.4698     845622.7431

INFO:      44000         88.0000    -205016.7309    -256347.5123      51330.7813         13.8058       1379.6154       3545.4172        482.4503       4519.6037        271.1953       -146.2266      25056.1705    -292639.5666       1183.8286        299.3212     845622.7431

INFO:      44500         89.0000    -205005.6370    -256392.4785      51386.8415         13.7626       1330.3725       3592.4315        467.1865       4553.1301        282.7649       -159.2404      24589.1585    -292209.5452       1161.2631        299.6481     845622.7431

INFO:      45000         90.0000    -205083.1803    -256189.4843      51106.3039         13.7960       1400.2442       3571.0932        465.1249       4547.2615        255.5005       -155.3662      24640.0952    -292068.9938       1155.5562        298.0123     845622.7431

INFO:      45500         91.0000    -205084.4750    -256295.2336      51210.7586         13.7928       1371.7311       3657.8835        472.6575       4542.7026        246.1811       -163.6354      24955.1623    -292535.7995       1157.8832        298.6214     845622.7431

INFO:      46000         92.0000    -205026.6568    -256596.0834      51569.4266         13.7866       1446.9494       3528.9672        467.1472       4577.7590        268.0132       -163.5509      24198.4915    -292108.8314       1188.9713        300.7128     845622.7431

INFO:      46500         93.0000    -205056.0704    -256623.4903      51567.4200         13.8136       1396.0107       3596.1390        472.8753       4565.1377        247.4989       -151.0142      25054.7424    -292971.3759       1166.4958        300.7011     845622.7431

INFO:      47000         94.0000    -204785.4832    -256148.3082      51362.8250         13.8157       1440.9733       3637.4966        479.1612       4546.0047        245.4234       -145.6207      24579.6423    -292127.6782       1196.2892        299.5081     845622.7431

INFO:      47500         95.0000    -204648.3152    -256191.4680      51543.1528         13.8265       1476.1127       3652.6794        483.5716       4556.7172        257.5223       -160.1410      24620.5861    -292242.4931       1163.9768        300.5596     845622.7431

INFO:      48000         96.0000    -204698.6968    -255917.9635      51219.2667         13.8176       1409.6647       3664.6060        466.0657       4560.4432        257.6440       -152.5131      24532.6725    -291815.4148       1158.8682        298.6710     845622.7431

INFO:      48500         97.0000    -204664.7092    -256326.8508      51662.1417         13.8293       1423.8543       3628.3922        477.9127       4556.3021        262.4995       -157.9903      25120.3849    -292812.1550       1173.9487        301.2535     845622.7431

INFO:      49000         98.0000    -204719.5194    -256240.7361      51521.2167         13.8127       1363.4567       3712.9527        480.3410       4551.3796        268.2877       -159.7305      24942.0696    -292601.5026       1202.0096        300.4317     845622.7431

INFO:      49500         99.0000    -204621.5056    -256140.5091      51519.0035         13.8340       1424.1531       3623.8284        458.5128       4522.8816        263.7939       -138.1362      24797.6943    -292255.5699       1162.3329        300.4188     845622.7431

INFO:      50000        100.0000    -204974.7916    -256356.1879      51381.3963         13.7997       1392.8874       3598.8725        463.5879       4545.7499        255.4024       -167.1386      24611.7069    -292212.5436       1155.2873        299.6164     845622.7431

 
[STEP6] Deallocate Arrays
 
Output_Time> Averaged timer profile (Min, Max)
  total time      =     957.455
    setup         =       2.888
    dynamics      =     954.567
      energy      =     762.726
      integrator  =     116.656
      pairlist    =      73.210 (      67.920,      77.435)
  energy           
    bond          =       0.404 (       0.183,       0.670)
    angle         =       1.316 (       0.122,       2.730)
    dihedral      =       3.402 (       0.234,       6.826)
    nonbond       =     706.117 (     703.548,     707.999)
      pme real    =     474.761 (     442.808,     500.705)
      pme recip   =     230.938 (     205.537,     260.911)
    solvation     =       0.000 (       0.000,       0.000)
      polar       =       0.000 (       0.000,       0.000)
      non-polar   =       0.000 (       0.000,       0.000)
    restraint     =       0.498 (       0.339,       0.777)
    qmmm          =       0.000 (       0.000,       0.000)
  integrator       
    constraint    =       7.932 (       7.054,       8.885)
    update        =      28.169 (      25.022,      32.337)
    comm_coord    =      33.523 (      28.749,      38.961)
    comm_force    =      36.839 (      30.957,      43.593)
    comm_migrate  =       0.000 (       0.000,       0.000)

