****************************************************
*                                                  *
*                  GENESIS SPDYN                   *
*                                                  *
*        A Molecular Dynamics Simulator with       *
*           Spatial Decomposition Scheme           *
*                                                  *
*               Developed by RIKEN                 *
*                                                  *
****************************************************
 
[STEP0] Architecture and Compiler Information
 
GENESIS_Information> GENESIS Information
  version      = 1.3.0
  commit ID    = $GENESIS_VERSION$
  precision    = double
  nonbonding   = CPU

Build_Information> Compiler Information
  build host   = yagi@beluga
  fortran      = ifort (IFORT) 18.0.1 20171018
  option       = -xHost -O3 -ip -mkl=parallel  -assume byterecl -qopenmp 
  C            = icc (ICC) 18.0.1 20171018
  option       = -O3 -ip -axCORE-AVX2  -qopenmp
  defined var. =  -DMPI -DOMP -DFFTE -DLAPACK -DDSFMT_MEXP=19937 -DINTEL
  link option  = 
  -assume byterecl -qopenmp -lmkl_intel_lp64 -lmkl_sequential -lmkl_core -lmkl_l
 apack95_lp64 

Runtime_Information> Machine and Library Information
  date       = 2019/03/12 00:05:45
  cpu model    = Intel(R) Xeon(R) CPU E5-2667 v3 @ 3.20GHz
  exec. host   = yagi@beluga03
  LD library   = 
 /home/mdsoft/mpi/mpi_cent-v7_intel64/openmpi-v3.1.2_intel_v18.0.1/lib:/opt/inte
 l/compilers_and_libraries_2018.1.163/linux/compiler/lib/intel64_lin:/opt/intel/
 compilers_and_libraries_2018.1.163/linux/mkl/lib/intel64_lin:/opt/intel/compile
 rs_and_libraries_2018.1.163/linux/compiler/lib/intel64:/opt/intel/compilers_and
 _libraries_2018.1.163/linux/compiler/lib/intel64_lin:/opt/intel/compilers_and_l
 ibraries_2018.1.163/linux/mpi/intel64/lib:/opt/intel/compilers_and_libraries_20
 18.1.163/linux/mpi/mic/lib:/opt/intel/compilers_and_libraries_2018.1.163/linux/
 ipp/lib/intel64:/opt/intel/compilers_and_libraries_2018.1.163/linux/compiler/li
 b/intel64_lin:/opt/intel/compilers_and_libraries_2018.1.163/linux/mkl/lib/intel
 64_lin:/opt/intel/compilers_and_libraries_2018.1.163/linux/tbb/lib/intel64/gcc4
 .7:/opt/intel/compilers_and_libraries_2018.1.163/linux/tbb/lib/intel64/gcc4.7:/
 opt/intel/compilers_and_libraries_2018.1.163/linux/daal/lib/intel64_lin:/home/m
 dsoft/mpi/mpi_cent-v7_intel64/openmpi-v3.1.2_intel_v18.0.1/lib:/opt/intel/compi
 lers_and_libraries_2018.1.163/linux/compiler/lib/intel64_lin:/opt/intel/compile
 rs_and_libraries_2018.1.163/linux/mkl/lib/intel64_lin:/opt/intel/compilers_and_
 libraries_2018.1.163/linux/compiler/lib/intel64:/opt/intel/compilers_and_librar
 ies_2018.1.163/linux/compiler/lib/intel64_lin:/opt/intel/compilers_and_librarie
 s_2018.1.163/linux/mpi/intel64/lib:/opt/intel/compilers_and_libraries_2018.1.16
 3/linux/mpi/mic/lib:/opt/intel/compilers_and_libraries_2018.1.163/linux/ipp/li

[STEP1] Read Control Parameters
 
Read_Ctrl_Input> Input Files
  topfile = toppar/top_all36_prot.rtf, toppar/top_all36_cgenff.rtf
  parfile = toppar/par_all36_prot.prm, toppar/par_all36_cgenff.prm
  strfile = toppar/toppar_water_ions.str, toppar/toppar_dhap.3.str
  psffile = ../0.build/charmm-gui/step2_solvator.psf
  pdbfile = ../0.build/charmm-gui/step2_solvator.pdb
  rstfile = step3.1_minimization.rst
  reffile = ../0.build/charmm-gui/step2_solvator.pdb
 
Read_Ctrl_Output> Output Files
  dcdfile    = step3.2_heating.dcd
  rstfile    = step3.2_heating.rst
 
Read_Ctrl_Energy> Parameters of Energy Calculations
  forcefield      =     CHARMM
  switchdist      =     10.000  cutoffdist      =     12.000
  pairlistdist    =     13.500  dielec_const    =      1.000
 vdW force_switch =        yes
  electrostatic   =        PME
  pme_nspline     =          4
  pme_alpha       =    0.22664  pme_alpha_tol   =  0.100E-04
  fft_scheme      = 1DALLTOALL
  table_order     =          1
  table_density   =     20.000
  water_model     =       NONE
  output_style    =    GENESIS
  dispersion_corr =       none
  nonb_limiter    =      no
  contact_check   =      no
 
Read_Ctrl_Dynamics> Parameters of MD simulation
  integrator      =       LEAP  nsteps          =      50000
  timestep        =     0.0020  initial_time    =     0.0000
  eneout_period   =        500  rstout_period   =       1000
  crdout_period   =        500  velout_period   =          0
  nbupdate_period =         10  stoptr_period   =         10
  iseed           =         -1
  annealing       =        yes
  anneal_period   =        500  dtemperature    =      3.000
  verbose         =         no
  target_md       =         no
  steered_md      =         no
 
Read_Ctrl_Constraints> Parameters for Constraints
  rigid_bond      =        yes
  shake_iteration =        500  shake_tolerance =  0.100E-09
  fast_bond       =         no
  fast_water      =        yes  water_model     =       TIP3
  hydrogen_type   =  name|mass
 
Read_Ctrl_Ensemble> Parameters for Ensemble
  ensemble        =        NVT
  temperature     =      0.100
  tpcontrol       =   LANGEVIN
  gamma_t         =      1.000
 
Read_Ctrl_Boundary> Parameters of Boundary Condition
  type            =       PBC 
  box_size(x,y,z) =      0.000     0.000     0.000
 
Read_Ctrl_Selection> Parameters of Selection
  # of groups     =          4
    group 1 = (sid:TIMA or sid:TIMB) and (an:CA | an:C | an:O | an:N)
    group 2 = (sid:TIMA or sid:TIMB) and not (an:CA | an:C | an:O | an:N) and not hydrogen
    group 3 = (sid:DHA or sid:DHA around_res:3.0) and not hydrogen
    group 4 = sid:WAT and an:OH2
  # of mole names =          0
 
Read_Ctrl_Restraints> Parameters of Restraint
  numfunc         =   4
  function1 = POSI     
    direction     = ALL 
    constant      = 10.0
    reference     = 
    select_index  = 1
    exponent      =   2
    exponent_dist = 
    weight_dist   = 
  function2 = POSI     
    direction     = ALL 
    constant      = 2.0
    reference     = 
    select_index  = 2
    exponent      =   2
    exponent_dist = 
    weight_dist   = 
  function3 = POSI     
    direction     = ALL 
    constant      = 2.0
    reference     = 
    select_index  = 3
    exponent      =   2
    exponent_dist = 
    weight_dist   = 
  function4 = POSI     
    direction     = ALL 
    constant      = 2.0
    reference     = 
    select_index  = 4
    exponent      =   2
    exponent_dist = 
    weight_dist   = 
  pressure_position   = NO
  pressure_rmsd     = NO

Read_Ctrl_Fitting_MD> Parameters of Fitting
  fitting method  =  TR+ROT   
  fitting atom    = group1
  mass_weight     =         no
 
[STEP2] Setup MPI
 
Setup_Mpi_Md> Summary of Setup MPI
  number of MPI processes   =         16
  number of OpenMP threads  =          4
  total number of CPU cores =         64

[STEP3] Set Relevant Variables and Structures
 
Input_Top> Summary of Topfile
  num_atom_class  =        212  num_resi_type   =        685
 
Input_Par> Summary of Parfile
  num_bonds       =        658  num_angles      =       2003
  num_dihedrals   =       4838  num_impropers   =        163
  num_atom_cls    =        212  num_nbfix       =         75
  num_cmap_terms  =          6
 
 Merge_Par> WARNING: BOND: Multiple definition: "CG321"-"OG311"
Input_Str> Summary of Top information
  num_atom_class  =        227  num_resi_type   =        700
 
Input_Str> Summary of Par information
  num_bonds       =        663  num_angles      =       2006
  num_dihedrals   =       4850  num_impropers   =        163
  num_atom_cls    =        227  num_nbfix       =         90
  num_cmap_terms  =          6
 
Read_Psf> Summary of Psffile
  psftype         =      xplor
  num_atoms       =      84396  num_bonds       =      84448
  num_angles      =      39488  num_dihedrals   =      20268
  num_impropers   =       1292  num_cmap_terms  =        494
  num_HB_donors   =      52036  num_HB_acceptors=      26330
  num_NB_exclusion=          0  num_groups      =      27898
  total_charge    =      0.000
 
Check_Pdb> 6-column residue sequence number
 
Read_Pdb> Summary of Data in PDB file
  num_atoms       =      84396
 
Read_Rst_Binary> Summary of RST file
  num_atoms       =      84396  iseed           =          0
  boxsize (x,y,z) =    110.000    90.000    90.000
Check_Pdb> 6-column residue sequence number
 
Read_Pdb> Summary of Data in PDB file
  num_atoms       =      84396
 
Define_Molecule> Summary of molecules
  num_atoms       =      84396  num_bonds       =      84448
  num_angles      =      39488  num_dihedrals   =      20268
  num_impropers   =       1292  num_cmap_terms  =        494
  num_residues    =      26100  num_molecules   =      25608
  num_segments    =          7  num_deg_freedom =     253188
  total_charge    =     -0.000
 
Setup_Restart_Pre> Coordinates were replaced

Setup_Boundary_Cell> Set Variables for Boundary Condition
  domains (x,y,z) =          2         4         2
  ncells (x,y,z)  =         14         8        10
 
Select_Contacts> mode        : Resi
                 sel atoms A :      15
                 sel atoms B :   84381
                 distance    :    3.00
                contact atom list :     157
 
Setup_Enefunc_Cmap> Natural spline is used to derive cmap coefs.

Setup_Enefunc_Restraints> Setup restraint groups
 group =     1, "(sid:TIMA or sid:TIMB) and (an:CA | an:C | an:O | an:N)"
 # of atoms =  1976
 atomlist: 
      7      9     15     16     17     19     39     40     41     43
     53     54     55     57     73     74     75     77     93     94
     95     97    109    110    111    113    116    117    118    120
    123    124    125    127    137    138    139    141    157    158
    159    161    179    180    181    183    198    199    200    202
    212    213    214    216    219    220    221    223    230    231
    232    234    252    253    254    256    269    270    271    273
    280    281    282    284    299    300    301    303    321    322
    323    325    336    337    338    340    355    356    357    359
    371    372    373    375    386    387    388    390    410    411
    412    414    429    430    431    433    443    444    445    447
    457    458    459    461    467    468    469    471    478    479
    480    482    497    498    499    503    511    512    513    515
    526    527    528    530    540    541    542    544    556    557
    558    560    571    572    573    575    587    588    589    591
    603    604    605    607    622    623    624    626    633    634
    635    639    647    648    649    653    661    662    663    665
    671    672    673    675    685    686    687    689    706    707
    708    710    725    726    727    729    737    738    739    741
    758    759    760    762    769    770    771    773    785    786
    787    789    796    797    798    800    815    816    817    819
    831    832    833    835    853    854    855    857    875    876
    877    881    889    890    891    893    906    907    908    910
    922    923    924    926    936    937    938    940    952    953
    954    956    959    960    961    963    969    970    971    973
    986    987    988    990   1000   1001   1002   1004   1010   1011
   1012   1014   1031   1032   1033   1035   1050   1051   1052   1054
   1072   1073   1074   1076   1082   1083   1084   1086   1093   1094
   1095   1097   1100   1101   1102   1104   1110   1111   1112   1114
   1130   1131   1132   1134   1144   1145   1146   1148   1151   1152
   1153   1155   1166   1167   1168   1170   1180   1181   1182   1184
   1191   1192   1193   1195   1207   1208   1209   1211   1219   1220
   1221   1223   1236   1237   1238   1240   1255   1256   1257   1259
   1277   1278   1279   1281   1289   1290   1291   1293   1305   1306
   1307   1309   1312   1313   1314   1316   1322   1323   1324   1326
   1344   1345   1346   1348   1368   1369   1370   1372   1384   1385
   1386   1388   1403   1404   1405   1407   1422   1423   1424   1426
   1429   1430   1431   1433   1446   1447   1448   1450   1457   1458
   1459   1461   1472   1473   1474   1476   1496   1497   1498   1500
   1520   1521   1522   1524   1531   1532   1533   1535   1552   1553
   1554   1556   1572   1573   1574   1576   1589   1590   1591   1593
   1604   1605   1606   1608   1616   1617   1618   1620   1628   1629
   1630   1632   1650   1651   1652   1654   1670   1671   1672   1674
   1689   1690   1691   1693   1699   1700   1701   1703   1711   1712
   1713   1715   1733   1734   1735   1737   1747   1748   1749   1751
   1769   1770   1771   1773   1789   1790   1791   1793   1799   1800
   1801   1803   1818   1819   1820   1822   1825   1826   1827   1829
   1842   1843   1844   1846   1849   1850   1851   1853   1865   1866
   1867   1869   1872   1873   1874   1876   1888   1889   1890   1892
   1907   1908   1909   1911   1926   1927   1928   1930   1937   1938
   1939   1941   1956   1957   1958   1960   1963   1964   1965   1967
   1978   1979   1980   1982   1992   1993   1994   1996   2011   2012
   2013   2015   2026   2027   2028   2030   2041   2042   2043   2045
   2063   2064   2065   2067   2085   2086   2087   2089   2095   2096
   2097   2099   2102   2103   2104   2106   2124   2125   2126   2128
   2138   2139   2140   2142   2157   2158   2159   2161   2169   2170
   2171   2173   2185   2186   2187   2189   2201   2202   2203   2205
   2216   2217   2218   2220   2240   2241   2242   2244   2257   2258
   2259   2261   2276   2277   2278   2280   2290   2291   2292   2294
   2300   2301   2302   2304   2316   2317   2318   2320   2335   2336
   2337   2339   2350   2351   2352   2354   2365   2366   2367   2369
   2381   2382   2383   2385   2403   2404   2405   2407   2415   2416
   2417   2419   2439   2440   2441   2443   2453   2454   2455   2457
   2467   2468   2469   2471   2483   2484   2485   2487   2499   2500
   2501   2503   2515   2516   2517   2519   2525   2526   2527   2529
   2546   2547   2548   2550   2561   2562   2563   2567   2575   2576
   2577   2579   2591   2592   2593   2595   2615   2616   2617   2619
   2625   2626   2627   2629   2644   2645   2646   2648   2651   2652
   2653   2655   2665   2666   2667   2669   2672   2673   2674   2676
   2691   2692   2693   2695   2701   2702   2703   2705   2711   2712
   2713   2715   2725   2726   2727   2731   2739   2740   2741   2743
   2754   2755   2756   2758   2766   2767   2768   2770   2776   2777
   2778   2780   2793   2794   2795   2797   2805   2806   2807   2809
   2824   2825   2826   2828   2841   2842   2843   2845   2851   2852
   2853   2855   2862   2863   2864   2866   2881   2882   2883   2885
   2905   2906   2907   2909   2927   2928   2929   2931   2947   2948
   2949   2951   2966   2967   2968   2970   2976   2977   2978   2980
   2987   2988   2989   2991   3009   3010   3011   3013   3028   3029
   3030   3032   3035   3036   3037   3039   3047   3048   3049   3051
   3069   3070   3071   3073   3079   3080   3081   3083   3089   3090
   3091   3093   3100   3101   3102   3104   3115   3116   3117   3119
   3134   3135   3136   3138   3158   3159   3160   3162   3177   3178
   3179   3181   3196   3197   3198   3200   3217   3218   3219   3221
   3224   3225   3226   3228   3231   3232   3233   3235   3242   3243
   3244   3246   3252   3253   3254   3256   3266   3267   3268   3270
   3273   3274   3275   3277   3284   3285   3286   3288   3298   3299
   3300   3302   3308   3309   3310   3312   3324   3325   3326   3328
   3338   3339   3340   3342   3358   3359   3360   3362   3380   3381
   3382   3384   3392   3393   3394   3396   3414   3415   3416   3418
   3424   3425   3426   3428   3436   3437   3438   3440   3452   3453
   3454   3456   3464   3465   3466   3468   3471   3472   3473   3475
   3491   3492   3493   3495   3510   3511   3512   3514   3526   3527
   3528   3530   3533   3534   3535   3537   3540   3541   3542   3544
   3550   3551   3552   3554   3561   3562   3563   3565   3580   3581
   3582   3584   3602   3603   3604   3608   3616   3617   3618   3620
   3631   3632   3633   3635   3651   3652   3653   3655   3667   3668
   3669   3671   3679   3680   3681   3683   3698   3699   3700   3702
   3717   3718   3719   3721   3731   3732   3733   3735   3742   3743
   3744   3746   3766   3767   3768   3770   3780   3781   3794   3796
   3802   3803   3804   3806   3826   3827   3828   3830   3840   3841
   3842   3844   3860   3861   3862   3864   3880   3881   3882   3884
   3896   3897   3898   3900   3903   3904   3905   3907   3910   3911
   3912   3914   3924   3925   3926   3928   3944   3945   3946   3948
   3966   3967   3968   3970   3985   3986   3987   3989   3999   4000
   4001   4003   4006   4007   4008   4010   4017   4018   4019   4021
   4039   4040   4041   4043   4056   4057   4058   4060   4067   4068
   4069   4071   4086   4087   4088   4090   4108   4109   4110   4112
   4123   4124   4125   4127   4142   4143   4144   4146   4158   4159
   4160   4162   4173   4174   4175   4177   4197   4198   4199   4201
   4216   4217   4218   4220   4230   4231   4232   4234   4244   4245
   4246   4248   4254   4255   4256   4258   4265   4266   4267   4269
   4284   4285   4286   4290   4298   4299   4300   4302   4313   4314
   4315   4317   4327   4328   4329   4331   4343   4344   4345   4347
   4358   4359   4360   4362   4374   4375   4376   4378   4390   4391
   4392   4394   4409   4410   4411   4413   4420   4421   4422   4426
   4434   4435   4436   4440   4448   4449   4450   4452   4458   4459
   4460   4462   4472   4473   4474   4476   4493   4494   4495   4497
   4512   4513   4514   4516   4524   4525   4526   4528   4545   4546
   4547   4549   4556   4557   4558   4560   4572   4573   4574   4576
   4583   4584   4585   4587   4602   4603   4604   4606   4618   4619
   4620   4622   4640   4641   4642   4644   4662   4663   4664   4668
   4676   4677   4678   4680   4693   4694   4695   4697   4709   4710
   4711   4713   4723   4724   4725   4727   4739   4740   4741   4743
   4746   4747   4748   4750   4756   4757   4758   4760   4773   4774
   4775   4777   4787   4788   4789   4791   4797   4798   4799   4801
   4818   4819   4820   4822   4837   4838   4839   4841   4859   4860
   4861   4863   4869   4870   4871   4873   4880   4881   4882   4884
   4887   4888   4889   4891   4897   4898   4899   4901   4917   4918
   4919   4921   4931   4932   4933   4935   4938   4939   4940   4942
   4953   4954   4955   4957   4967   4968   4969   4971   4978   4979
   4980   4982   4994   4995   4996   4998   5006   5007   5008   5010
   5023   5024   5025   5027   5042   5043   5044   5046   5064   5065
   5066   5068   5076   5077   5078   5080   5092   5093   5094   5096
   5099   5100   5101   5103   5109   5110   5111   5113   5131   5132
   5133   5135   5155   5156   5157   5159   5171   5172   5173   5175
   5190   5191   5192   5194   5209   5210   5211   5213   5216   5217
   5218   5220   5233   5234   5235   5237   5244   5245   5246   5248
   5259   5260   5261   5263   5283   5284   5285   5287   5307   5308
   5309   5311   5318   5319   5320   5322   5339   5340   5341   5343
   5359   5360   5361   5363   5376   5377   5378   5380   5391   5392
   5393   5395   5403   5404   5405   5407   5415   5416   5417   5419
   5437   5438   5439   5441   5457   5458   5459   5461   5476   5477
   5478   5480   5486   5487   5488   5490   5498   5499   5500   5502
   5520   5521   5522   5524   5534   5535   5536   5538   5556   5557
   5558   5560   5576   5577   5578   5580   5586   5587   5588   5590
   5605   5606   5607   5609   5612   5613   5614   5616   5629   5630
   5631   5633   5636   5637   5638   5640   5652   5653   5654   5656
   5659   5660   5661   5663   5675   5676   5677   5679   5694   5695
   5696   5698   5713   5714   5715   5717   5724   5725   5726   5728
   5743   5744   5745   5747   5750   5751   5752   5754   5765   5766
   5767   5769   5779   5780   5781   5783   5798   5799   5800   5802
   5813   5814   5815   5817   5828   5829   5830   5832   5850   5851
   5852   5854   5872   5873   5874   5876   5882   5883   5884   5886
   5889   5890   5891   5893   5911   5912   5913   5915   5925   5926
   5927   5929   5944   5945   5946   5948   5956   5957   5958   5960
   5972   5973   5974   5976   5988   5989   5990   5992   6003   6004
   6005   6007   6027   6028   6029   6031   6044   6045   6046   6048
   6063   6064   6065   6067   6077   6078   6079   6081   6087   6088
   6089   6091   6103   6104   6105   6107   6122   6123   6124   6126
   6137   6138   6139   6141   6152   6153   6154   6156   6168   6169
   6170   6172   6190   6191   6192   6194   6202   6203   6204   6206
   6226   6227   6228   6230   6240   6241   6242   6244   6254   6255
   6256   6258   6270   6271   6272   6274   6286   6287   6288   6290
   6302   6303   6304   6306   6312   6313   6314   6316   6333   6334
   6335   6337   6348   6349   6350   6354   6362   6363   6364   6366
   6378   6379   6380   6382   6402   6403   6404   6406   6412   6413
   6414   6416   6431   6432   6433   6435   6438   6439   6440   6442
   6452   6453   6454   6456   6459   6460   6461   6463   6478   6479
   6480   6482   6488   6489   6490   6492   6498   6499   6500   6502
   6512   6513   6514   6518   6526   6527   6528   6530   6541   6542
   6543   6545   6553   6554   6555   6557   6563   6564   6565   6567
   6580   6581   6582   6584   6592   6593   6594   6596   6611   6612
   6613   6615   6628   6629   6630   6632   6638   6639   6640   6642
   6649   6650   6651   6653   6668   6669   6670   6672   6692   6693
   6694   6696   6714   6715   6716   6718   6734   6735   6736   6738
   6753   6754   6755   6757   6763   6764   6765   6767   6774   6775
   6776   6778   6796   6797   6798   6800   6815   6816   6817   6819
   6822   6823   6824   6826   6834   6835   6836   6838   6856   6857
   6858   6860   6866   6867   6868   6870   6876   6877   6878   6880
   6887   6888   6889   6891   6902   6903   6904   6906   6921   6922
   6923   6925   6945   6946   6947   6949   6964   6965   6966   6968
   6983   6984   6985   6987   7004   7005   7006   7008   7011   7012
   7013   7015   7018   7019   7020   7022   7029   7030   7031   7033
   7039   7040   7041   7043   7053   7054   7055   7057   7060   7061
   7062   7064   7071   7072   7073   7075   7085   7086   7087   7089
   7095   7096   7097   7099   7111   7112   7113   7115   7125   7126
   7127   7129   7145   7146   7147   7149   7167   7168   7169   7171
   7179   7180   7181   7183   7201   7202   7203   7205   7211   7212
   7213   7215   7223   7224   7225   7227   7239   7240   7241   7243
   7251   7252   7253   7255   7258   7259   7260   7262   7278   7279
   7280   7282   7297   7298   7299   7301   7313   7314   7315   7317
   7320   7321   7322   7324   7327   7328   7329   7331   7337   7338
   7339   7341   7348   7349   7350   7352   7367   7368   7369   7371
   7389   7390   7391   7395   7403   7404   7405   7407   7418   7419
   7420   7422   7438   7439   7440   7442   7454   7455   7456   7458
   7466   7467   7468   7470   7485   7486   7487   7489   7504   7505
   7506   7508   7518   7519   7520   7522   7529   7530   7531   7533
   7553   7554   7555   7557   7567   7568
 group =     2, "(sid:TIMA or sid:TIMB) and not (an:CA | an:C | an:O | an:N) and not hydrogen"
 # of atoms =  1798
 atomlist: 
      1      5      6     11     21     24     27     30     32     33
     36     45     47     49     59     62     63     65     67     69
     71     79     82     83     85     87     89     91     99    101
    105    129    132    133    134    143    146    147    149    151
    153    155    163    166    169    172    175    185    188    190
    194    204    207    208    209    225    228    236    239    242
    245    248    258    261    264    265    266    275    278    286
    288    292    295    305    308    311    314    317    327    330
    333    334    335    342    344    348    351    361    363    367
    377    380    383    384    385    392    395    398    401    403
    404    407    416    419    421    425    435    438    439    440
    449    451    453    463    473    476    484    486    490    493
    500    505    508    517    520    523    524    525    532    535
    536    537    546    548    552    562    565    568    569    570
    577    579    583    593    595    599    609    611    615    618
    628    631    636    641    644    650    655    658    667    677
    679    681    691    694    695    697    699    700    702    704
    712    715    717    721    731    734    735    736    743    746
    747    749    751    752    754    756    764    767    775    777
    781    791    794    802    805    807    811    821    823    827
    837    840    843    846    849    859    862    865    868    871
    878    883    886    895    898    901    902    903    912    914
    918    928    930    932    942    944    948    965    975    978
    981    982    983    992    995    996    997   1006   1016   1019
   1020   1022   1024   1025   1027   1029   1037   1040   1042   1046
   1056   1059   1062   1065   1068   1078   1088   1091   1106   1116
   1119   1120   1122   1124   1126   1128   1136   1138   1140   1157
   1160   1163   1164   1165   1172   1175   1176   1177   1186   1189
   1197   1199   1203   1213   1216   1217   1218   1225   1228   1231
   1232   1233   1242   1244   1248   1251   1261   1264   1267   1270
   1273   1283   1286   1287   1288   1295   1297   1301   1318   1328
   1331   1334   1337   1340   1350   1353   1354   1356   1358   1359
   1360   1362   1364   1366   1374   1376   1380   1390   1392   1396
   1399   1409   1412   1414   1418   1435   1438   1439   1440   1442
   1444   1452   1455   1463   1466   1469   1470   1471   1478   1481
   1484   1487   1489   1490   1493   1502   1505   1508   1511   1513
   1514   1517   1526   1529   1537   1540   1541   1543   1545   1546
   1548   1550   1558   1561   1562   1564   1566   1568   1570   1578
   1581   1583   1584   1586   1587   1595   1598   1601   1602   1603
   1610   1613   1614   1615   1622   1625   1626   1627   1634   1637
   1640   1643   1646   1656   1659   1660   1662   1664   1666   1668
   1676   1678   1682   1685   1695   1705   1708   1709   1710   1717
   1720   1723   1726   1729   1739   1741   1743   1753   1756   1759
   1762   1765   1775   1778   1779   1781   1783   1785   1787   1795
   1805   1808   1810   1814   1831   1834   1837   1838   1839   1855
   1857   1861   1878   1880   1884   1894   1896   1900   1903   1913
   1916   1918   1922   1932   1935   1943   1945   1949   1952   1969
   1972   1975   1976   1977   1984   1986   1988   1998   2001   2003
   2007   2017   2020   2023   2024   2025   2032   2035   2038   2039
   2040   2047   2050   2053   2056   2059   2069   2072   2075   2078
   2081   2091   2108   2111   2114   2117   2120   2130   2132   2134
   2144   2147   2149   2153   2163   2166   2167   2168   2175   2177
   2181   2191   2193   2197   2207   2210   2213   2214   2215   2222
   2225   2228   2231   2233   2234   2237   2246   2249   2252   2253
   2254   2263   2266   2268   2272   2282   2285   2286   2287   2296
   2306   2308   2312   2322   2325   2327   2331   2341   2344   2347
   2348   2349   2356   2359   2362   2363   2364   2371   2373   2377
   2387   2390   2393   2396   2399   2409   2412   2413   2414   2421
   2424   2425   2427   2429   2430   2431   2433   2435   2437   2445
   2447   2449   2459   2462   2463   2464   2473   2475   2479   2489
   2491   2495   2505   2507   2511   2521   2531   2534   2535   2537
   2539   2540   2542   2544   2552   2555   2558   2559   2560   2564
   2569   2572   2581   2583   2587   2597   2600   2601   2603   2605
   2606   2607   2609   2611   2613   2621   2631   2633   2637   2640
   2657   2659   2661   2678   2681   2683   2687   2697   2707   2717
   2719   2721   2728   2733   2736   2745   2748   2751   2752   2753
   2760   2763   2764   2765   2772   2782   2785   2788   2789   2790
   2799   2802   2803   2804   2811   2813   2817   2820   2830   2833
   2835   2836   2838   2839   2847   2857   2860   2868   2870   2874
   2877   2887   2890   2893   2896   2898   2899   2902   2911   2914
   2917   2920   2923   2933   2936   2937   2939   2941   2943   2945
   2953   2956   2958   2962   2972   2982   2985   2993   2996   2999
   3002   3005   3015   3018   3020   3024   3041   3044   3045   3046
   3053   3056   3059   3062   3065   3075   3085   3095   3098   3106
   3109   3112   3113   3114   3121   3124   3126   3130   3140   3143
   3146   3149   3151   3152   3155   3164   3166   3170   3173   3183
   3186   3188   3192   3202   3205   3206   3208   3210   3211   3213
   3215   3237   3240   3248   3258   3261   3262   3263   3279   3282
   3290   3293   3294   3295   3304   3314   3316   3320   3330   3332
   3334   3344   3347   3348   3350   3352   3354   3356   3364   3367
   3370   3373   3376   3386   3389   3390   3391   3398   3401   3404
   3407   3410   3420   3430   3433   3434   3435   3442   3444   3448
   3458   3461   3462   3463   3477   3480   3481   3483   3485   3487
   3489   3497   3500   3502   3506   3516   3518   3522   3546   3556
   3559   3567   3570   3572   3576   3586   3589   3592   3595   3598
   3605   3610   3613   3622   3625   3628   3629   3630   3637   3640
   3641   3643   3645   3647   3649   3657   3659   3663   3673   3676
   3677   3678   3685   3687   3691   3694   3704   3706   3710   3713
   3723   3726   3727   3728   3737   3740   3748   3751   3754   3757
   3759   3760   3763   3772   3775   3776   3777   3782   3784   3788
   3792   3793   3798   3808   3811   3814   3817   3819   3820   3823
   3832   3834   3836   3846   3849   3850   3852   3854   3856   3858
   3866   3869   3870   3872   3874   3876   3878   3886   3888   3892
   3916   3919   3920   3921   3930   3933   3934   3936   3938   3940
   3942   3950   3953   3956   3959   3962   3972   3975   3977   3981
   3991   3994   3995   3996   4012   4015   4023   4026   4029   4032
   4035   4045   4048   4051   4052   4053   4062   4065   4073   4075
   4079   4082   4092   4095   4098   4101   4104   4114   4117   4120
   4121   4122   4129   4131   4135   4138   4148   4150   4154   4164
   4167   4170   4171   4172   4179   4182   4185   4188   4190   4191
   4194   4203   4206   4208   4212   4222   4225   4226   4227   4236
   4238   4240   4250   4260   4263   4271   4273   4277   4280   4287
   4292   4295   4304   4307   4310   4311   4312   4319   4322   4323
   4324   4333   4335   4339   4349   4352   4355   4356   4357   4364
   4366   4370   4380   4382   4386   4396   4398   4402   4405   4415
   4418   4423   4428   4431   4437   4442   4445   4454   4464   4466
   4468   4478   4481   4482   4484   4486   4487   4489   4491   4499
   4502   4504   4508   4518   4521   4522   4523   4530   4533   4534
   4536   4538   4539   4541   4543   4551   4554   4562   4564   4568
   4578   4581   4589   4592   4594   4598   4608   4610   4614   4624
   4627   4630   4633   4636   4646   4649   4652   4655   4658   4665
   4670   4673   4682   4685   4688   4689   4690   4699   4701   4705
   4715   4717   4719   4729   4731   4735   4752   4762   4765   4768
   4769   4770   4779   4782   4783   4784   4793   4803   4806   4807
   4809   4811   4812   4814   4816   4824   4827   4829   4833   4843
   4846   4849   4852   4855   4865   4875   4878   4893   4903   4906
   4907   4909   4911   4913   4915   4923   4925   4927   4944   4947
   4950   4951   4952   4959   4962   4963   4964   4973   4976   4984
   4986   4990   5000   5003   5004   5005   5012   5015   5018   5019
   5020   5029   5031   5035   5038   5048   5051   5054   5057   5060
   5070   5073   5074   5075   5082   5084   5088   5105   5115   5118
   5121   5124   5127   5137   5140   5141   5143   5145   5146   5147
   5149   5151   5153   5161   5163   5167   5177   5179   5183   5186
   5196   5199   5201   5205   5222   5225   5226   5227   5229   5231
   5239   5242   5250   5253   5256   5257   5258   5265   5268   5271
   5274   5276   5277   5280   5289   5292   5295   5298   5300   5301
   5304   5313   5316   5324   5327   5328   5330   5332   5333   5335
   5337   5345   5348   5349   5351   5353   5355   5357   5365   5368
   5370   5371   5373   5374   5382   5385   5388   5389   5390   5397
   5400   5401   5402   5409   5412   5413   5414   5421   5424   5427
   5430   5433   5443   5446   5447   5449   5451   5453   5455   5463
   5465   5469   5472   5482   5492   5495   5496   5497   5504   5507
   5510   5513   5516   5526   5528   5530   5540   5543   5546   5549
   5552   5562   5565   5566   5568   5570   5572   5574   5582   5592
   5595   5597   5601   5618   5621   5624   5625   5626   5642   5644
   5648   5665   5667   5671   5681   5683   5687   5690   5700   5703
   5705   5709   5719   5722   5730   5732   5736   5739   5756   5759
   5762   5763   5764   5771   5773   5775   5785   5788   5790   5794
   5804   5807   5810   5811   5812   5819   5822   5825   5826   5827
   5834   5837   5840   5843   5846   5856   5859   5862   5865   5868
   5878   5895   5898   5901   5904   5907   5917   5919   5921   5931
   5934   5936   5940   5950   5953   5954   5955   5962   5964   5968
   5978   5980   5984   5994   5997   6000   6001   6002   6009   6012
   6015   6018   6020   6021   6024   6033   6036   6039   6040   6041
   6050   6053   6055   6059   6069   6072   6073   6074   6083   6093
   6095   6099   6109   6112   6114   6118   6128   6131   6134   6135
   6136   6143   6146   6149   6150   6151   6158   6160   6164   6174
   6177   6180   6183   6186   6196   6199   6200   6201   6208   6211
   6212   6214   6216   6217   6218   6220   6222   6224   6232   6234
   6236   6246   6249   6250   6251   6260   6262   6266   6276   6278
   6282   6292   6294   6298   6308   6318   6321   6322   6324   6326
   6327   6329   6331   6339   6342   6345   6346   6347   6351   6356
   6359   6368   6370   6374   6384   6387   6388   6390   6392   6393
   6394   6396   6398   6400   6408   6418   6420   6424   6427   6444
   6446   6448   6465   6468   6470   6474   6484   6494   6504   6506
   6508   6515   6520   6523   6532   6535   6538   6539   6540   6547
   6550   6551   6552   6559   6569   6572   6575   6576   6577   6586
   6589   6590   6591   6598   6600   6604   6607   6617   6620   6622
   6623   6625   6626   6634   6644   6647   6655   6657   6661   6664
   6674   6677   6680   6683   6685   6686   6689   6698   6701   6704
   6707   6710   6720   6723   6724   6726   6728   6730   6732   6740
   6743   6745   6749   6759   6769   6772   6780   6783   6786   6789
   6792   6802   6805   6807   6811   6828   6831   6832   6833   6840
   6843   6846   6849   6852   6862   6872   6882   6885   6893   6896
   6899   6900   6901   6908   6911   6913   6917   6927   6930   6933
   6936   6938   6939   6942   6951   6953   6957   6960   6970   6973
   6975   6979   6989   6992   6993   6995   6997   6998   7000   7002
   7024   7027   7035   7045   7048   7049   7050   7066   7069   7077
   7080   7081   7082   7091   7101   7103   7107   7117   7119   7121
   7131   7134   7135   7137   7139   7141   7143   7151   7154   7157
   7160   7163   7173   7176   7177   7178   7185   7188   7191   7194
   7197   7207   7217   7220   7221   7222   7229   7231   7235   7245
   7248   7249   7250   7264   7267   7268   7270   7272   7274   7276
   7284   7287   7289   7293   7303   7305   7309   7333   7343   7346
   7354   7357   7359   7363   7373   7376   7379   7382   7385   7392
   7397   7400   7409   7412   7415   7416   7417   7424   7427   7428
   7430   7432   7434   7436   7444   7446   7450   7460   7463   7464
   7465   7472   7474   7478   7481   7491   7493   7497   7500   7510
   7513   7514   7515   7524   7527   7535   7538   7541   7544   7546
   7547   7550   7559   7562   7563   7564   7569   7571
 group =     3, "(sid:DHA or sid:DHA around_res:3.0) and not hydrogen"
 # of atoms =    88
 atomlist: 
    125    127    129    132    133    134    137    138    159    161
    163    166    169    172    175    179    180   1431   1433   1435
   1438   1439   1440   1442   1444   1446   1447   2548   2550   2552
   2555   2558   2559   2560   2561   2562   2627   2629   2631   2633
   2637   2640   2644   2645   2646   2648   2651   2652   3226   3228
   3231   3232   3233   3235   3237   3240   3242   3243   3493   3495
   3497   3500   3502   3506   3510   3511   3528   3530   3533   3534
   3535   3537   3540   3541   7575   7576   7577   7578   7579   7580
   7583   7584   7585   7586   7629   7632   7635   7638
 group =     4, "sid:WAT and an:OH2"
 # of atoms =   251
 atomlist: 
   7605   7608   7611   7614   7617   7620   7623   7626   7629   7632
   7635   7638   7641   7644   7647   7650   7653   7656   7659   7662
   7665   7668   7671   7674   7677   7680   7683   7686   7689   7692
   7695   7698   7701   7704   7707   7710   7713   7716   7719   7722
   7725   7728   7731   7734   7737   7740   7743   7746   7749   7752
   7755   7758   7761   7764   7767   7770   7773   7776   7779   7782
   7785   7788   7791   7794   7797   7800   7803   7806   7809   7812
   7815   7818   7821   7824   7827   7830   7833   7836   7839   7842
   7845   7848   7851   7854   7857   7860   7863   7866   7869   7872
   7875   7878   7881   7884   7887   7890   7893   7896   7899   7902
   7905   7908   7911   7914   7917   7920   7923   7926   7929   7932
   7935   7938   7941   7944   7947   7950   7953   7956   7959   7962
   7965   7968   7971   7974   7977   7980   7983   7986   7989   7992
   7995   7998   8001   8004   8007   8010   8013   8016   8019   8022
   8025   8028   8031   8034   8037   8040   8043   8046   8049   8052
   8055   8058   8061   8064   8067   8070   8073   8076   8079   8082
   8085   8088   8091   8094   8097   8100   8103   8106   8109   8112
   8115   8118   8121   8124   8127   8130   8133   8136   8139   8142
   8145   8148   8151   8154   8157   8160   8163   8166   8169   8172
   8175   8178   8181   8184   8187   8190   8193   8196   8199   8202
   8205   8208   8211   8214   8217   8220   8223   8226   8229   8232
   8235   8238   8241   8244   8247   8250   8253   8256   8259   8262
   8265   8268   8271   8274   8277   8280   8283   8286   8289   8292
   8295   8298   8301   8304   8307   8310   8313   8316   8319   8322
   8325   8328   8331   8334   8337   8340   8343   8346   8349   8352
   8355
Setup_Enefunc_Restraints> Setup restraint functions
 func  =     1 kind  =     1
 const(total, x, y, z) =   10.000   1.000   1.000   1.000
 exponend of function =     2
 # of groups  =     1
 grouplist:   1

 func  =     2 kind  =     1
 const(total, x, y, z) =    2.000   1.000   1.000   1.000
 exponend of function =     2
 # of groups  =     1
 grouplist:   2

 func  =     3 kind  =     1
 const(total, x, y, z) =    2.000   1.000   1.000   1.000
 exponend of function =     2
 # of groups  =     1
 grouplist:   3

 func  =     4 kind  =     1
 const(total, x, y, z) =    2.000   1.000   1.000   1.000
 exponend of function =     2
 # of groups  =     1
 grouplist:   4

Define_Enefunc_Charmm> Number of Interactions in Each Term
  bond_ene        =       3856  angle_ene       =      13894
  torsion_ene     =      23932  improper_ene    =       1292
  cmap_ene        =        494
  nb_exclusions   =      98342  nb14_calc       =      20018
 
Setup_Fitting_Spdyn> NO fitting is applied, skip
  fitting method  =  NO
 

Setup_PME> Proper PME grid number was generated automatically
  pme_ngrid(x,y,z)=         96        80        80

Random_Init> Initialize the random number
  seed            = 414850

Setup_Fast_Water> Setup constraints for SETTLE
  r0(O-H)         =     0.9572  mass(O)         =    15.9994
  r0(H-H)         =     1.5139  mass(H)         =     1.0080
 
Update_Num_Deg_Freedom> Number of degrees of freedom was updated
  num_deg_freedom =     176406 (After setup of SETTLE)
 
Setup_Rigid_Bond> Setup constrains for SHAKE and RATTLE
  num_rigid_bonds =       3810
 
Update_Num_Deg_Freedom> Number of degrees of freedom was updated
  num_deg_freedom =     172596 (After setup of SHAKE/RATTLE)
 
[STEP4] Compute Single Point Energy for Molecules
 
            STEP            BOND           ANGLE    UREY-BRADLEY        DIHEDRAL        IMPROPER            CMAP         VDWAALS           ELECT RESTRAINT_TOTAL
 --------------- --------------- --------------- --------------- ---------------
               0        262.3872       1377.6387        125.1300       4375.6308         76.9466       -133.7458      19586.8179    -279013.9837         74.5237

[STEP5] Perform Molecular Dynamics Simulation
 
Initial_Velocity> Generate initial velocities
  iseed           =     414850
  temperature     =      0.100
 
Random_Init_Velocity> Initialize the random number
  seed            = 414850

INFO:       STEP            TIME       TOTAL_ENE   POTENTIAL_ENE     KINETIC_ENE            RMSG            BOND           ANGLE    UREY-BRADLEY        DIHEDRAL        IMPROPER            CMAP         VDWAALS           ELECT RESTRAINT_TOTAL     TEMPERATURE          VOLUME
 --------------- --------------- --------------- --------------- ---------------
INFO:          0          0.0000    -253119.3179    -253136.5441         17.2262         12.0657        262.2919       1379.9363        121.0632       4375.8246         76.7688       -133.7812      19653.3662    -278946.4405         74.4266          0.1004     891000.0000

INFO:        500          1.0000    -293091.7200    -307201.2525      14109.5325         14.2493        401.2683       1379.6269        111.6122       4180.0511         80.9597       -200.9126      36801.6370    -350817.3858        861.8906         82.2758     891000.0000

Simulated_Annealing_Leapfrog> Anneal temperature from     0.100 to      3.100
INFO:       1000          2.0000    -311745.7444    -318165.6455       6419.9010         14.5780        382.1484       1298.3775        102.0817       4125.1143         67.8547       -210.3361      39211.7446    -363920.1348        777.5043         37.4359     891000.0000

Simulated_Annealing_Leapfrog> Anneal temperature from     3.100 to      6.100
INFO:       1500          3.0000    -318891.9649    -322161.6913       3269.7264         14.7146        381.4615       1274.0941        100.4377       4118.4304         64.1103       -215.6847      40224.0745    -368872.0703        763.4552         19.0665     891000.0000

Simulated_Annealing_Leapfrog> Anneal temperature from     6.100 to      9.100
INFO:       2000          4.0000    -321171.2522    -323437.7598       2266.5076         14.7593        380.4419       1277.5906        100.9326       4108.8356         66.4500       -211.9925      40506.6487    -370417.8235        751.1567         13.2165     891000.0000

Simulated_Annealing_Leapfrog> Anneal temperature from     9.100 to     12.100
INFO:       2500          5.0000    -321464.4616    -323638.5279       2174.0663         14.7853        393.5164       1294.5982        103.9631       4108.1557         68.0513       -208.2523      40710.2282    -370861.1249        752.3364         12.6775     891000.0000

Simulated_Annealing_Leapfrog> Anneal temperature from    12.100 to     15.100
INFO:       3000          6.0000    -320976.9914    -323441.0456       2464.0542         14.7962        401.7806       1320.1119        106.8248       4116.1335         70.0512       -210.0905      40691.3669    -370689.2547        752.0307         14.3684     891000.0000

Simulated_Annealing_Leapfrog> Anneal temperature from    15.100 to     18.100
INFO:       3500          7.0000    -320141.0002    -323036.0393       2895.0391         14.8019        418.5674       1351.6170        110.3992       4117.4645         72.2163       -209.7950      40794.1911    -370447.9267        757.2269         16.8816     891000.0000

Simulated_Annealing_Leapfrog> Anneal temperature from    18.100 to     21.100
INFO:       4000          8.0000    -319234.8665    -322605.9254       3371.0589         14.8067        423.7995       1377.9909        114.5529       4130.9938         73.4609       -211.0286      40776.7497    -370061.2263        768.7819         19.6574     891000.0000

Simulated_Annealing_Leapfrog> Anneal temperature from    21.100 to     24.100
INFO:       4500          9.0000    -318277.5234    -322109.5451       3832.0217         14.8081        427.8833       1386.8090        119.4999       4126.4370         74.1990       -205.9568      40837.0531    -369643.6760        768.2065         22.3454     891000.0000

Simulated_Annealing_Leapfrog> Anneal temperature from    24.100 to     27.100
INFO:       5000         10.0000    -317291.8297    -321651.6220       4359.7924         14.8180        438.0058       1431.0656        124.8813       4132.3658         77.7065       -203.1755      40853.3286    -369284.4914        778.6914         25.4229     891000.0000

Simulated_Annealing_Leapfrog> Anneal temperature from    27.100 to     30.100
INFO:       5500         11.0000    -316303.1065    -321189.6773       4886.5708         14.8148        462.1746       1445.6668        125.8142       4136.5579         78.3559       -205.5660      40793.7036    -368810.9259        784.5414         28.4947     891000.0000

Simulated_Annealing_Leapfrog> Anneal temperature from    30.100 to     33.100
INFO:       6000         12.0000    -315324.7451    -320709.2510       5384.5059         14.8202        454.0789       1472.7069        127.8705       4146.1948         79.5084       -209.0784      40937.4652    -368511.5329        793.5356         31.3983     891000.0000

Simulated_Annealing_Leapfrog> Anneal temperature from    33.100 to     36.100
INFO:       6500         13.0000    -314368.2989    -320255.7478       5887.4489         14.8262        482.7186       1490.9898        134.0613       4149.8911         84.8701       -208.3628      41000.7189    -368171.3949        780.7601         34.3310     891000.0000

Simulated_Annealing_Leapfrog> Anneal temperature from    36.100 to     39.100
INFO:       7000         14.0000    -313357.1118    -319788.6754       6431.5637         14.8278        484.7481       1520.9555        141.4203       4142.4812         81.7779       -201.0226      40901.8815    -367645.0528        784.1353         37.5039     891000.0000

Simulated_Annealing_Leapfrog> Anneal temperature from    39.100 to     42.100
INFO:       7500         15.0000    -312356.9418    -319323.3920       6966.4502         14.8300        494.4829       1525.1572        141.1387       4154.5254         88.3871       -203.3080      40976.8162    -367293.1476        792.5562         40.6229     891000.0000

Simulated_Annealing_Leapfrog> Anneal temperature from    42.100 to     45.100
INFO:       8000         16.0000    -311505.3037    -318947.2765       7441.9728         14.8355        488.1974       1555.1057        143.5143       4161.4869         82.8059       -203.1307      40913.7562    -366886.8004        797.7881         43.3958     891000.0000

Simulated_Annealing_Leapfrog> Anneal temperature from    45.100 to     48.100
INFO:       8500         17.0000    -310515.8157    -318472.9758       7957.1601         14.8391        516.6576       1593.0516        151.1366       4168.3120         91.7423       -207.0131      40927.1243    -366527.8819        813.8948         46.4000     891000.0000

Simulated_Annealing_Leapfrog> Anneal temperature from    48.100 to     51.100
INFO:       9000         18.0000    -309556.1665    -318043.8089       8487.6424         14.8325        527.7127       1620.1505        152.7488       4169.2907         92.2970       -199.7712      40778.3189    -365986.2669        801.7106         49.4933     891000.0000

Simulated_Annealing_Leapfrog> Anneal temperature from    51.100 to     54.100
INFO:       9500         19.0000    -308563.3963    -317545.2344       8981.8381         14.8354        548.5902       1639.9567        158.6759       4178.5757         96.9071       -203.0082      40636.3167    -365402.6503        801.4017         52.3751     891000.0000

Simulated_Annealing_Leapfrog> Anneal temperature from    54.100 to     57.100
INFO:      10000         20.0000    -307592.4511    -317094.6601       9502.2089         14.8487        547.1310       1635.1956        160.8842       4182.2266         95.4207       -200.3576      40848.1108    -365176.2837        813.0124         55.4095     891000.0000

Simulated_Annealing_Leapfrog> Anneal temperature from    57.100 to     60.100
INFO:      10500         21.0000    -306586.1700    -316624.9975      10038.8275         14.8503        576.5003       1699.0222        167.5271       4172.0897         96.3154       -191.5881      40813.3608    -364780.4919        822.2671         58.5386     891000.0000

Simulated_Annealing_Leapfrog> Anneal temperature from    60.100 to     63.100
INFO:      11000         22.0000    -305658.2319    -316241.1563      10582.9243         14.8544        572.6121       1690.2075        166.4471       4178.3825        101.5717       -193.0739      40748.6749    -364333.4106        827.4325         61.7114     891000.0000

Simulated_Annealing_Leapfrog> Anneal temperature from    63.100 to     66.100
INFO:      11500         23.0000    -304661.4659    -315695.2424      11033.7766         14.8602        576.6956       1715.7303        171.8396       4211.6338         99.0359       -199.0783      40762.8804    -363859.0344        825.0547         64.3404     891000.0000

Simulated_Annealing_Leapfrog> Anneal temperature from    66.100 to     69.100
INFO:      12000         24.0000    -303752.1126    -315317.2614      11565.1488         14.8705        594.0991       1745.2914        175.3161       4202.1069        102.3760       -203.0500      40689.5724    -363449.0177        826.0444         67.4390     891000.0000

Simulated_Annealing_Leapfrog> Anneal temperature from    69.100 to     72.100
INFO:      12500         25.0000    -302702.1890    -314817.9001      12115.7110         14.8659        605.6600       1767.4046        181.6606       4199.2691        104.6076       -188.0430      40734.8296    -363056.2186        832.9300         70.6494     891000.0000

Simulated_Annealing_Leapfrog> Anneal temperature from    72.100 to     75.100
INFO:      13000         26.0000    -301772.7376    -314413.8336      12641.0960         14.8747        623.2802       1825.6838        186.9947       4202.7502        105.1413       -192.9286      40639.2823    -362652.4676        848.4302         73.7131     891000.0000

Simulated_Annealing_Leapfrog> Anneal temperature from    75.100 to     78.100
INFO:      13500         27.0000    -300927.3506    -314029.9416      13102.5910         14.8807        619.1543       1839.7757        192.1181       4222.4812        112.9076       -193.8340      40678.9110    -362344.4315        842.9762         76.4041     891000.0000

Simulated_Annealing_Leapfrog> Anneal temperature from    78.100 to     81.100
INFO:      14000         28.0000    -299822.9019    -313525.5765      13702.6746         14.8682        622.4451       1837.4047        193.6876       4215.5349        116.8925       -193.9961      40791.6514    -361966.6240        857.4274         79.9034     891000.0000

Simulated_Annealing_Leapfrog> Anneal temperature from    81.100 to     84.100
INFO:      14500         29.0000    -298979.3177    -313124.3490      14145.0313         14.8963        640.6594       1881.2166        196.8524       4199.2965        109.9083       -191.9167      40847.0103    -361680.5104        873.1344         82.4828     891000.0000

Simulated_Annealing_Leapfrog> Anneal temperature from    84.100 to     87.100
INFO:      15000         30.0000    -298168.3883    -312796.7823      14628.3940         14.8983        665.8566       1895.4579        200.6575       4233.5171        123.2658       -192.5576      40625.6406    -361196.3498        847.7297         85.3014     891000.0000

Simulated_Annealing_Leapfrog> Anneal temperature from    87.100 to     90.100
INFO:      15500         31.0000    -297241.9297    -312359.2754      15117.3457         14.8868        652.1289       1956.5812        208.1132       4236.2645        122.7212       -202.2966      40828.3455    -361026.6017        865.4685         88.1526     891000.0000

Simulated_Annealing_Leapfrog> Anneal temperature from    90.100 to     93.100
INFO:      16000         32.0000    -296366.3128    -312020.8114      15654.4986         14.8854        672.5972       1957.4033        207.9856       4230.8542        116.1940       -194.2701      40623.6345    -360489.2951        854.0851         91.2849     891000.0000

Simulated_Annealing_Leapfrog> Anneal temperature from    93.100 to     96.100
INFO:      16500         33.0000    -295329.1144    -311488.4737      16159.3593         14.8995        696.9205       1986.2195        211.3604       4234.0324        117.4834       -191.9896      40715.9415    -360106.8393        848.3975         94.2288     891000.0000

Simulated_Annealing_Leapfrog> Anneal temperature from    96.100 to     99.100
INFO:      17000         34.0000    -294403.9530    -311118.8934      16714.9403         14.9177        720.8379       1995.7521        220.9651       4242.0103        126.2902       -182.1302      40677.9414    -359802.5875        882.0275         97.4685     891000.0000

Simulated_Annealing_Leapfrog> Anneal temperature from    99.100 to    102.100
INFO:      17500         35.0000    -293352.1706    -310578.4465      17226.2758         14.9277        710.4250       2040.1433        220.3784       4250.3910        124.7234       -194.8981      40731.9856    -359326.7100        865.1148        100.4503     891000.0000

Simulated_Annealing_Leapfrog> Anneal temperature from   102.100 to    105.100
INFO:      18000         36.0000    -292449.3271    -310192.0944      17742.7673         14.9118        722.9369       2086.4204        237.0597       4264.4255        126.9466       -186.8697      40248.9961    -358573.9830        881.9730        103.4620     891000.0000

Simulated_Annealing_Leapfrog> Anneal temperature from   105.100 to    108.100
INFO:      18500         37.0000    -291434.1873    -309661.7410      18227.5538         14.8944        731.4381       2062.5555        225.6945       4263.5762        134.3805       -188.2016      40279.0294    -358065.8205        895.6068        106.2889     891000.0000

Simulated_Annealing_Leapfrog> Anneal temperature from   108.100 to    111.100
INFO:      19000         38.0000    -290538.8268    -309356.8832      18818.0564         14.9226        731.2174       2110.9693        238.7401       4266.6725        129.3170       -196.0156      40634.4675    -358141.9712        869.7199        109.7323     891000.0000

Simulated_Annealing_Leapfrog> Anneal temperature from   111.100 to    114.100
INFO:      19500         39.0000    -289639.2160    -308852.1452      19212.9292         14.9193        770.1726       2126.7677        236.5805       4258.0748        150.5667       -184.3978      40536.6376    -357634.2406        887.6932        112.0349     891000.0000

Simulated_Annealing_Leapfrog> Anneal temperature from   114.100 to    117.100
INFO:      20000         40.0000    -288541.7529    -308340.0311      19798.2782         14.9131        753.9520       2179.6208        239.4836       4276.4845        146.6149       -188.0021      40012.0728    -356654.3831        894.1255        115.4482     891000.0000

Simulated_Annealing_Leapfrog> Anneal temperature from   117.100 to    120.100
INFO:      20500         41.0000    -287712.5268    -308024.7754      20312.2486         14.9398        798.6361       2157.0354        243.6514       4263.3040        143.1121       -183.6561      39901.7386    -356248.1761        899.5793        118.4453     891000.0000

Simulated_Annealing_Leapfrog> Anneal temperature from   120.100 to    123.100
INFO:      21000         42.0000    -286616.0687    -307411.6800      20795.6113         14.9394        805.5875       2196.6102        247.4101       4284.6366        136.9140       -173.5993      40248.1819    -356054.3026        896.8816        121.2638     891000.0000

Simulated_Annealing_Leapfrog> Anneal temperature from   123.100 to    126.100
INFO:      21500         43.0000    -285733.7638    -307097.9168      21364.1530         14.9328        799.4674       2191.7122        251.9643       4304.7682        144.1019       -193.6845      40070.6043    -355572.7576        905.9069        124.5791     891000.0000

Simulated_Annealing_Leapfrog> Anneal temperature from   126.100 to    129.100
INFO:      22000         44.0000    -284661.2433    -306565.5142      21904.2709         14.9481        812.2936       2238.5319        259.8985       4301.0635        152.7645       -178.9213      39987.7028    -355027.0127        888.1651        127.7287     891000.0000

Simulated_Annealing_Leapfrog> Anneal temperature from   129.100 to    132.100
INFO:      22500         45.0000    -283638.4347    -306065.3269      22426.8922         14.9441        821.7054       2313.4295        265.4985       4275.1451        146.0944       -186.7088      40278.7583    -354865.9886        886.7394        130.7762     891000.0000

Simulated_Annealing_Leapfrog> Anneal temperature from   132.100 to    135.100
INFO:      23000         46.0000    -282516.8896    -305516.4297      22999.5401         14.9435        849.2394       2290.4141        272.5320       4308.5253        151.6185       -186.8980      39862.7963    -353957.9070        893.2497        134.1154     891000.0000

Simulated_Annealing_Leapfrog> Anneal temperature from   135.100 to    138.100
INFO:      23500         47.0000    -281649.4796    -305186.2053      23536.7257         14.9466        838.6884       2302.3592        260.6667       4306.8151        149.3601       -187.6732      39832.4749    -353577.6819        888.7855        137.2479     891000.0000

Simulated_Annealing_Leapfrog> Anneal temperature from   138.100 to    141.100
INFO:      24000         48.0000    -280612.8268    -304583.7058      23970.8790         14.9234        836.4690       2378.5248        268.9785       4292.5688        145.5936       -183.4765      39589.9284    -352828.0082        915.7158        139.7795     891000.0000

Simulated_Annealing_Leapfrog> Anneal temperature from   141.100 to    144.100
INFO:      24500         49.0000    -279562.4671    -303904.2897      24341.8226         14.9258        879.8236       2348.8252        281.0001       4321.2583        153.2315       -179.0229      39356.0400    -351987.3215        921.8762        141.9426     891000.0000

Simulated_Annealing_Leapfrog> Anneal temperature from   144.100 to    147.100
INFO:      25000         50.0000    -278772.4631    -303786.6244      25014.1613         14.9591        865.5707       2364.9322        274.4507       4319.6907        144.7598       -183.6141      39420.8237    -351921.0881        927.8499        145.8632     891000.0000

Simulated_Annealing_Leapfrog> Anneal temperature from   147.100 to    150.100
INFO:      25500         51.0000    -277690.3975    -303091.5046      25401.1071         14.9321        879.5284       2454.2413        284.7870       4294.5801        159.8085       -188.9755      39219.2112    -351119.9818        925.2962        148.1195     891000.0000

Simulated_Annealing_Leapfrog> Anneal temperature from   150.100 to    153.100
INFO:      26000         52.0000    -276565.5831    -302438.8740      25873.2909         14.9313        917.5169       2455.6006        289.4684       4339.6464        166.3653       -185.3786      39228.1795    -350562.5842        912.3117        150.8729     891000.0000

Simulated_Annealing_Leapfrog> Anneal temperature from   153.100 to    156.100
INFO:      26500         53.0000    -275498.2808    -301996.8514      26498.5706         14.9102        900.4432       2492.0422        292.5120       4327.2899        163.0957       -182.5115      39066.2526    -349975.8518        919.8764        154.5191     891000.0000

Simulated_Annealing_Leapfrog> Anneal temperature from   156.100 to    159.100
INFO:      27000         54.0000    -274331.0792    -301289.9225      26958.8433         14.9091        894.4751       2469.2945        297.8662       4325.7015        166.2265       -168.3757      38644.5884    -348846.4636        926.7645        157.2030     891000.0000

Simulated_Annealing_Leapfrog> Anneal temperature from   159.100 to    162.100
INFO:      27500         55.0000    -273268.6984    -300904.7249      27636.0265         14.9128        928.7049       2473.3653        297.3725       4340.9647        166.5884       -190.2579      38945.9042    -348806.5383        939.1712        161.1518     891000.0000

Simulated_Annealing_Leapfrog> Anneal temperature from   162.100 to    165.100
INFO:      28000         56.0000    -272286.7680    -300246.6074      27959.8394         14.9087        922.3899       2522.0850        299.2076       4353.3882        155.8072       -174.3563      38407.4050    -347704.0339        971.4999        163.0401     891000.0000

Simulated_Annealing_Leapfrog> Anneal temperature from   165.100 to    168.100
INFO:      28500         57.0000    -271076.6848    -299672.1693      28595.4844         14.9236        974.0413       2582.2530        306.6639       4344.4548        167.0831       -170.0594      38538.6253    -347370.7614        955.5300        166.7466     891000.0000

Simulated_Annealing_Leapfrog> Anneal temperature from   168.100 to    171.100
INFO:      29000         58.0000    -270106.2272    -299103.2111      28996.9839         14.9043        963.4617       2580.6482        308.6366       4363.8143        162.9911       -176.3632      38067.1902    -346332.6877        959.0975        169.0879     891000.0000

Simulated_Annealing_Leapfrog> Anneal temperature from   171.100 to    174.100
INFO:      29500         59.0000    -268784.7593    -298299.7599      29515.0005         14.9043        972.8706       2667.8139        332.3520       4358.4942        174.1303       -175.0351      38305.3955    -345872.1851        936.4038        172.1086     891000.0000

Simulated_Annealing_Leapfrog> Anneal temperature from   174.100 to    177.100
INFO:      30000         60.0000    -267921.4122    -297912.3436      29990.9314         14.9122        985.9208       2651.0597        325.6267       4361.1204        178.1765       -174.1109      38236.3602    -345435.5675        959.0705        174.8838     891000.0000

Simulated_Annealing_Leapfrog> Anneal temperature from   177.100 to    180.100
INFO:      30500         61.0000    -266736.3899    -297112.6727      30376.2828         14.8787        998.6148       2655.3361        329.4888       4380.9409        176.5518       -173.1205      37628.6923    -344066.4082        957.2314        177.1309     891000.0000

Simulated_Annealing_Leapfrog> Anneal temperature from   180.100 to    183.100
INFO:      31000         62.0000    -265433.0880    -296256.3617      30823.2737         14.8873        990.9705       2759.4564        333.5975       4378.4171        185.0736       -175.6844      37472.7961    -343168.6477        967.6590        179.7374     891000.0000

Simulated_Annealing_Leapfrog> Anneal temperature from   183.100 to    186.100
INFO:      31500         63.0000    -264332.1727    -295784.8186      31452.6459         14.8849       1069.8272       2664.2224        331.2449       4379.3352        179.6731       -183.8449      37504.4492    -342735.9958       1006.2701        183.4074     891000.0000

Simulated_Annealing_Leapfrog> Anneal temperature from   186.100 to    189.100
INFO:      32000         64.0000    -263125.1278    -295325.3842      32200.2564         14.8763       1037.4630       2756.9022        334.3712       4372.6971        179.4487       -170.2758      37500.2538    -342327.8737        991.6293        187.7669     891000.0000

Simulated_Annealing_Leapfrog> Anneal temperature from   189.100 to    192.100
INFO:      32500         65.0000    -262034.4385    -294512.4809      32478.0424         14.8610       1049.5863       2759.6800        343.8069       4386.8974        196.5005       -179.6879      37176.6176    -341226.4506        980.5690        189.3867     891000.0000

Simulated_Annealing_Leapfrog> Anneal temperature from   192.100 to    195.100
INFO:      33000         66.0000    -260671.4278    -293569.9483      32898.5205         14.8587       1012.7871       2782.6199        343.5255       4380.7887        190.7814       -161.1349      36946.2980    -340043.2022        977.5883        191.8386     891000.0000

Simulated_Annealing_Leapfrog> Anneal temperature from   195.100 to    198.100
INFO:      33500         67.0000    -259072.4297    -292389.8841      33317.4544         14.8575       1081.5075       2885.9623        350.7293       4391.4030        186.8500       -165.1482      36753.5244    -338867.3198        992.6075        194.2815     891000.0000

Simulated_Annealing_Leapfrog> Anneal temperature from   198.100 to    201.100
INFO:      34000         68.0000    -257883.1665    -291895.7017      34012.5352         14.8076       1080.2576       2841.2100        347.3405       4438.1243        201.2317       -172.1980      35950.0773    -337594.1509       1012.4058        198.3347     891000.0000

Simulated_Annealing_Leapfrog> Anneal temperature from   201.100 to    204.100
INFO:      34500         69.0000    -256659.8774    -291151.5404      34491.6630         14.8147       1091.9406       2907.7631        349.1076       4425.3643        177.1602       -167.6089      35746.8655    -336702.6515       1020.5187        201.1286     891000.0000

Simulated_Annealing_Leapfrog> Anneal temperature from   204.100 to    207.100
INFO:      35000         70.0000    -254950.5081    -290131.7591      35181.2510         14.7918       1088.3969       2906.0008        353.5353       4406.6027        179.2947       -183.4175      35481.5168    -335371.9218       1008.2331        205.1497     891000.0000

Simulated_Annealing_Leapfrog> Anneal temperature from   207.100 to    210.100
INFO:      35500         71.0000    -253776.1144    -289242.1921      35466.0777         14.7772       1101.6399       2875.1086        365.6836       4424.1477        190.0904       -149.5631      35189.4679    -334249.1390       1010.3719        206.8106     891000.0000

Simulated_Annealing_Leapfrog> Anneal temperature from   210.100 to    213.100
INFO:      36000         72.0000    -251897.8320    -288219.4356      36321.6036         14.7628       1126.4246       2952.9174        384.0521       4416.8361        204.7946       -167.0012      34830.5968    -332981.5067       1013.4508        211.7994     891000.0000

Simulated_Annealing_Leapfrog> Anneal temperature from   213.100 to    216.100
INFO:      36500         73.0000    -250437.3405    -286972.8209      36535.4804         14.7168       1130.3979       2977.1617        371.8757       4427.9901        203.2823       -166.7627      34473.1255    -331411.3743       1021.4830        213.0465     891000.0000

Simulated_Annealing_Leapfrog> Anneal temperature from   216.100 to    219.100
INFO:      37000         74.0000    -248769.9030    -286097.0457      37327.1428         14.7086       1133.6265       2949.7765        372.7663       4410.3414        202.0594       -155.9176      33931.0827    -329968.7106       1027.9296        217.6629     891000.0000

Simulated_Annealing_Leapfrog> Anneal temperature from   219.100 to    222.100
INFO:      37500         75.0000    -247475.5760    -284944.7711      37469.1952         14.6634       1154.3413       2997.7490        373.8870       4419.6409        216.1450       -176.0954      33569.1225    -328521.2391       1021.6777        218.4912     891000.0000

Simulated_Annealing_Leapfrog> Anneal temperature from   222.100 to    225.100
INFO:      38000         76.0000    -245586.1549    -283825.6407      38239.4858         14.6151       1139.4420       3018.0727        392.3138       4403.4865        215.4269       -166.9993      32867.1209    -326707.1862       1012.6820        222.9830     891000.0000

Simulated_Annealing_Leapfrog> Anneal temperature from   225.100 to    228.100
INFO:      38500         77.0000    -244316.5072    -282609.6869      38293.1797         14.6235       1158.5488       3111.5340        391.3997       4411.0537        210.4518       -162.7256      32715.9536    -325469.3974       1023.4945        223.2961     891000.0000

Simulated_Annealing_Leapfrog> Anneal temperature from   228.100 to    231.100
INFO:      39000         78.0000    -242794.0206    -281919.4321      39125.4116         14.6121       1155.1944       3158.0371        392.1177       4432.6540        226.9540       -174.3414      32672.9122    -324852.3661       1069.4059        228.1490     891000.0000

Simulated_Annealing_Leapfrog> Anneal temperature from   231.100 to    234.100
INFO:      39500         79.0000    -240711.2900    -280083.5085      39372.2185         14.5812       1220.1857       3129.7461        404.9600       4410.0286        225.6786       -164.7733      31803.8448    -322175.9198       1062.7408        229.5882     891000.0000

Simulated_Annealing_Leapfrog> Anneal temperature from   234.100 to    237.100
INFO:      40000         80.0000    -239112.3065    -278908.1293      39795.8228         14.5398       1192.6776       3155.1721        397.8827       4454.4992        214.5064       -172.7756      31255.4388    -320470.0571       1064.5266        232.0583     891000.0000

Simulated_Annealing_Leapfrog> Anneal temperature from   237.100 to    240.100
INFO:      40500         81.0000    -237308.7437    -277887.7343      40578.9906         14.4997       1234.1331       3164.1219        404.2587       4450.5095        216.2926       -163.2359      30985.1094    -319202.9812       1024.0575        236.6251     891000.0000

Simulated_Annealing_Leapfrog> Anneal temperature from   240.100 to    243.100
INFO:      41000         82.0000    -235062.0130    -275958.1300      40896.1170         14.4726       1231.3846       3221.8070        409.0509       4474.9399        211.4203       -172.9599      30545.8245    -316965.6635       1086.0662        238.4744     891000.0000

Simulated_Annealing_Leapfrog> Anneal temperature from   243.100 to    246.100
INFO:      41500         83.0000    -233200.1382    -274792.9277      41592.7895         14.4412       1222.4865       3195.3415        398.3479       4496.5267        208.0590       -155.9238      30160.1477    -315413.6792       1095.7661        242.5368     891000.0000

Simulated_Annealing_Leapfrog> Anneal temperature from   246.100 to    249.100
INFO:      42000         84.0000    -231564.7455    -273554.2093      41989.4638         14.4018       1195.8307       3227.6672        410.4464       4458.8245        226.8108       -169.6460      29487.1486    -313457.0569       1065.7655        244.8499     891000.0000

Simulated_Annealing_Leapfrog> Anneal temperature from   249.100 to    252.100
INFO:      42500         85.0000    -229373.6218    -271842.2087      42468.5869         14.3792       1290.6258       3231.8253        413.8356       4468.7348        219.0840       -152.0458      29108.1174    -311541.9461       1119.5603        247.6438     891000.0000

Simulated_Annealing_Leapfrog> Anneal temperature from   252.100 to    255.100
INFO:      43000         86.0000    -227916.4851    -270890.3543      42973.8692         14.3536       1244.5657       3281.2191        421.1134       4457.0393        219.9713       -177.2456      28468.8982    -309881.3860       1075.4702        250.5902     891000.0000

Simulated_Annealing_Leapfrog> Anneal temperature from   255.100 to    258.100
INFO:      43500         87.0000    -225748.4121    -269540.7571      43792.3450         14.3188       1253.2409       3290.0005        417.7323       4437.8624        235.4568       -159.6978      28612.1178    -308703.4957       1076.0257        255.3629     891000.0000

Simulated_Annealing_Leapfrog> Anneal temperature from   258.100 to    261.100
INFO:      44000         88.0000    -224322.2298    -268468.1255      44145.8957         14.3041       1252.3695       3355.9501        413.9494       4503.0133        245.9106       -160.3720      28295.6663    -307447.0619       1072.4490        257.4246     891000.0000

Simulated_Annealing_Leapfrog> Anneal temperature from   261.100 to    264.100
INFO:      44500         89.0000    -222555.3070    -267185.3053      44629.9983         14.3013       1327.0383       3341.9958        423.6376       4523.6651        237.0614       -166.5202      27583.2776    -305573.6023       1118.1412        260.2475     891000.0000

Simulated_Annealing_Leapfrog> Anneal temperature from   264.100 to    267.100
INFO:      45000         90.0000    -221148.1194    -266115.7544      44967.6350         14.2404       1309.6220       3360.4097        442.2203       4487.4029        242.2763       -154.5921      27372.7185    -304294.8711       1119.0590        262.2163     891000.0000

Simulated_Annealing_Leapfrog> Anneal temperature from   267.100 to    270.100
INFO:      45500         91.0000    -219901.4242    -265438.9916      45537.5674         14.2353       1326.3727       3414.1509        435.7766       4480.8995        231.1165       -148.8847      26869.2011    -303146.1925       1098.5683        265.5397     891000.0000

Simulated_Annealing_Leapfrog> Anneal temperature from   270.100 to    273.100
INFO:      46000         92.0000    -217718.0320    -263839.3250      46121.2930         14.1848       1281.5329       3419.0537        440.7978       4499.4221        255.4090       -148.0860      26700.7791    -301395.6554       1107.4219        268.9435     891000.0000

Simulated_Annealing_Leapfrog> Anneal temperature from   273.100 to    276.100
INFO:      46500         93.0000    -216014.2602    -262665.7890      46651.5288         14.1889       1335.1073       3462.3721        456.2729       4510.1759        236.9968       -156.3738      26282.8448    -299884.0567       1090.8717        272.0355     891000.0000

Simulated_Annealing_Leapfrog> Anneal temperature from   276.100 to    279.100
INFO:      47000         94.0000    -214202.9285    -261326.2939      47123.3654         14.1829       1338.1950       3569.7932        456.3502       4526.7193        255.4958       -156.9473      26043.6614    -298428.8135       1069.2520        274.7869     891000.0000

Simulated_Annealing_Leapfrog> Anneal temperature from   279.100 to    282.100
INFO:      47500         95.0000    -212641.2584    -260579.7585      47938.5001         14.1963       1373.7128       3461.4541        448.1797       4505.6612        234.1054       -153.0558      26210.0825    -297790.3622       1130.4637        279.5401     891000.0000

Simulated_Annealing_Leapfrog> Anneal temperature from   282.100 to    285.100
INFO:      48000         96.0000    -211224.1960    -259422.9628      48198.7668         14.1437       1335.3796       3520.8654        467.3081       4523.1803        245.7873       -161.9470      25774.2124    -296241.7244       1113.9756        281.0578     891000.0000

Simulated_Annealing_Leapfrog> Anneal temperature from   285.100 to    288.100
INFO:      48500         97.0000    -209178.3416    -258123.0518      48944.7102         14.0993       1364.7108       3517.2174        446.2441       4554.0973        250.7426       -139.5206      25706.6369    -294957.3362       1134.1558        285.4075     891000.0000

Simulated_Annealing_Leapfrog> Anneal temperature from   288.100 to    291.100
INFO:      49000         98.0000    -208317.5833    -257539.9204      49222.3371         14.0820       1394.9801       3627.8211        467.0853       4545.8366        266.5617       -150.5125      25058.6313    -293879.1922       1128.8681        287.0264     891000.0000

Simulated_Annealing_Leapfrog> Anneal temperature from   291.100 to    294.100
INFO:      49500         99.0000    -206342.4113    -256066.6118      49724.2006         14.0735       1380.9574       3588.9749        457.3756       4573.0663        262.1249       -166.9280      24971.0553    -292289.7589       1156.5206        289.9529     891000.0000

Simulated_Annealing_Leapfrog> Anneal temperature from   294.100 to    297.100
INFO:      50000        100.0000    -204860.0730    -255410.6778      50550.6047         14.0872       1446.1548       3644.8702        480.5776       4554.6600        251.1931       -156.1672      24671.0127    -291486.1274       1183.1484        294.7719     891000.0000

Simulated_Annealing_Leapfrog> Anneal temperature from   297.100 to    300.100
 
[STEP6] Deallocate Arrays
 
Output_Time> Averaged timer profile (Min, Max)
  total time      =     950.400
    setup         =       2.803
    dynamics      =     947.598
      energy      =     747.966
      integrator  =     130.788
      pairlist    =      65.537 (      61.718,      70.086)
  energy           
    bond          =       0.391 (       0.164,       0.719)
    angle         =       1.328 (       0.086,       2.914)
    dihedral      =       3.385 (       0.232,       7.547)
    nonbond       =     689.502 (     684.405,     694.608)
      pme real    =     453.479 (     430.278,     489.849)
      pme recip   =     235.580 (     197.651,     261.661)
    solvation     =       0.000 (       0.000,       0.000)
      polar       =       0.000 (       0.000,       0.000)
      non-polar   =       0.000 (       0.000,       0.000)
    restraint     =       0.525 (       0.324,       0.893)
    qmmm          =       0.000 (       0.000,       0.000)
  integrator       
    constraint    =       5.076 (       4.431,       5.717)
    update        =      14.067 (      13.642,      14.580)
    comm_coord    =      34.351 (      29.627,      39.194)
    comm_force    =      36.456 (      29.916,      42.604)
    comm_migrate  =       0.000 (       0.000,       0.000)

