****************************************************
*                                                  *
*                  GENESIS SPDYN                   *
*                                                  *
*        A Molecular Dynamics Simulator with       *
*           Spatial Decomposition Scheme           *
*                                                  *
*               Developed by RIKEN                 *
*                                                  *
****************************************************
 
[STEP0] Architecture and Compiler Information
 
GENESIS_Information> GENESIS Information
  version      = 1.3.0
  commit ID    = $GENESIS_VERSION$
  precision    = double
  nonbonding   = CPU

Build_Information> Compiler Information
  build host   = yagi@beluga
  fortran      = ifort (IFORT) 18.0.1 20171018
  option       = -xHost -O3 -ip -mkl=parallel  -assume byterecl -qopenmp 
  C            = icc (ICC) 18.0.1 20171018
  option       = -O3 -ip -axCORE-AVX2  -qopenmp
  defined var. =  -DMPI -DOMP -DFFTE -DLAPACK -DDSFMT_MEXP=19937 -DINTEL
  link option  = 
  -assume byterecl -qopenmp -lmkl_intel_lp64 -lmkl_sequential -lmkl_core -lmkl_l
 apack95_lp64 

Runtime_Information> Machine and Library Information
  date       = 2019/03/12 00:05:16
  cpu model    = Intel(R) Xeon(R) CPU E5-2667 v3 @ 3.20GHz
  exec. host   = yagi@beluga03
  LD library   = 
 /home/mdsoft/mpi/mpi_cent-v7_intel64/openmpi-v3.1.2_intel_v18.0.1/lib:/opt/inte
 l/compilers_and_libraries_2018.1.163/linux/compiler/lib/intel64_lin:/opt/intel/
 compilers_and_libraries_2018.1.163/linux/mkl/lib/intel64_lin:/opt/intel/compile
 rs_and_libraries_2018.1.163/linux/compiler/lib/intel64:/opt/intel/compilers_and
 _libraries_2018.1.163/linux/compiler/lib/intel64_lin:/opt/intel/compilers_and_l
 ibraries_2018.1.163/linux/mpi/intel64/lib:/opt/intel/compilers_and_libraries_20
 18.1.163/linux/mpi/mic/lib:/opt/intel/compilers_and_libraries_2018.1.163/linux/
 ipp/lib/intel64:/opt/intel/compilers_and_libraries_2018.1.163/linux/compiler/li
 b/intel64_lin:/opt/intel/compilers_and_libraries_2018.1.163/linux/mkl/lib/intel
 64_lin:/opt/intel/compilers_and_libraries_2018.1.163/linux/tbb/lib/intel64/gcc4
 .7:/opt/intel/compilers_and_libraries_2018.1.163/linux/tbb/lib/intel64/gcc4.7:/
 opt/intel/compilers_and_libraries_2018.1.163/linux/daal/lib/intel64_lin:/home/m
 dsoft/mpi/mpi_cent-v7_intel64/openmpi-v3.1.2_intel_v18.0.1/lib:/opt/intel/compi
 lers_and_libraries_2018.1.163/linux/compiler/lib/intel64_lin:/opt/intel/compile
 rs_and_libraries_2018.1.163/linux/mkl/lib/intel64_lin:/opt/intel/compilers_and_
 libraries_2018.1.163/linux/compiler/lib/intel64:/opt/intel/compilers_and_librar
 ies_2018.1.163/linux/compiler/lib/intel64_lin:/opt/intel/compilers_and_librarie
 s_2018.1.163/linux/mpi/intel64/lib:/opt/intel/compilers_and_libraries_2018.1.16
 3/linux/mpi/mic/lib:/opt/intel/compilers_and_libraries_2018.1.163/linux/ipp/li

[STEP1] Read Control Parameters
 
Read_Ctrl_Input> Input Files
  topfile = toppar/top_all36_prot.rtf, toppar/top_all36_cgenff.rtf
  parfile = toppar/par_all36_prot.prm, toppar/par_all36_cgenff.prm
  strfile = toppar/toppar_water_ions.str, toppar/toppar_dhap.3.str
  psffile = ../0.build/charmm-gui/step2_solvator.psf
  pdbfile = ../0.build/charmm-gui/step2_solvator.pdb
  reffile = ../0.build/charmm-gui/step2_solvator.pdb
 
Read_Ctrl_Output> Output Files
  dcdfile    = step3.1_minimization.dcd
  rstfile    = step3.1_minimization.rst
 
Read_Ctrl_Energy> Parameters of Energy Calculations
  forcefield      =     CHARMM
  switchdist      =     10.000  cutoffdist      =     12.000
  pairlistdist    =     13.500  dielec_const    =      1.000
 vdW force_switch =        yes
  electrostatic   =        PME
  pme_nspline     =          4
  pme_alpha       =    0.22664  pme_alpha_tol   =  0.100E-04
  fft_scheme      = 1DALLTOALL
  table_order     =          1
  table_density   =     20.000
  water_model     =       NONE
  output_style    =    GENESIS
  dispersion_corr =       none
  nonb_limiter    =     yes
 minimum_contact  =      0.500
  contact_check   =     yes
  minimum_contact =      0.500
  structure_check =  FIRST
 
Read_Ctrl_Minimize> Parameters of MIN
  method          =         SD  nsteps          =       1000
  eneout_period   =         10  crdout_period   =        100
  rstout_period   =        100  nbupdate_period =         10
  force_scale_init=      0.000  force_scale_max =      0.000
  verbose         =         no
 
Read_Ctrl_Constraints> Parameters for Constraints
  rigid_bond      =        yes
  shake_iteration =        500  shake_tolerance =  0.100E-09
  fast_bond       =         no
  fast_water      =        yes  water_model     =       TIP3
  hydrogen_type   =       name
 
Read_Ctrl_Boundary> Parameters of Boundary Condition
  type            =       PBC 
  box_size(x,y,z) =    110.000    90.000    90.000
 
Read_Ctrl_Selection> Parameters of Selection
  # of groups     =          4
    group 1 = (sid:TIMA or sid:TIMB) and (an:CA | an:C | an:O | an:N)
    group 2 = (sid:TIMA or sid:TIMB) and not (an:CA | an:C | an:O | an:N) and not hydrogen
    group 3 = (sid:DHA or sid:DHA around_res:3.0) and not hydrogen
    group 4 = sid:WAT and an:OH2
  # of mole names =          0
 
Read_Ctrl_Restraints> Parameters of Restraint
  numfunc         =   4
  function1 = POSI     
    direction     = ALL 
    constant      = 10.0
    reference     = 
    select_index  = 1
    exponent      =   2
    exponent_dist = 
    weight_dist   = 
  function2 = POSI     
    direction     = ALL 
    constant      = 2.0
    reference     = 
    select_index  = 2
    exponent      =   2
    exponent_dist = 
    weight_dist   = 
  function3 = POSI     
    direction     = ALL 
    constant      = 2.0
    reference     = 
    select_index  = 3
    exponent      =   2
    exponent_dist = 
    weight_dist   = 
  function4 = POSI     
    direction     = ALL 
    constant      = 2.0
    reference     = 
    select_index  = 4
    exponent      =   2
    exponent_dist = 
    weight_dist   = 
  pressure_position   = NO
  pressure_rmsd     = NO

Read_Ctrl_Fitting_MD> Parameters of Fitting
  fitting method  =  TR+ROT   
  fitting atom    = group1
  mass_weight     =         no
 
[STEP2] Setup MPI
 
Setup_Mpi_Md> Summary of Setup MPI
  number of MPI processes   =         16
  number of OpenMP threads  =          4
  total number of CPU cores =         64

[STEP3] Set Relevant Variables and Structures
 
Input_Top> Summary of Topfile
  num_atom_class  =        212  num_resi_type   =        685
 
Input_Par> Summary of Parfile
  num_bonds       =        658  num_angles      =       2003
  num_dihedrals   =       4838  num_impropers   =        163
  num_atom_cls    =        212  num_nbfix       =         75
  num_cmap_terms  =          6
 
 Merge_Par> WARNING: BOND: Multiple definition: "CG321"-"OG311"
Input_Str> Summary of Top information
  num_atom_class  =        227  num_resi_type   =        700
 
Input_Str> Summary of Par information
  num_bonds       =        663  num_angles      =       2006
  num_dihedrals   =       4850  num_impropers   =        163
  num_atom_cls    =        227  num_nbfix       =         90
  num_cmap_terms  =          6
 
Read_Psf> Summary of Psffile
  psftype         =      xplor
  num_atoms       =      84396  num_bonds       =      84448
  num_angles      =      39488  num_dihedrals   =      20268
  num_impropers   =       1292  num_cmap_terms  =        494
  num_HB_donors   =      52036  num_HB_acceptors=      26330
  num_NB_exclusion=          0  num_groups      =      27898
  total_charge    =      0.000
 
Check_Pdb> 6-column residue sequence number
 
Read_Pdb> Summary of Data in PDB file
  num_atoms       =      84396
 
Check_Pdb> 6-column residue sequence number
 
Read_Pdb> Summary of Data in PDB file
  num_atoms       =      84396
 
Define_Molecule> Summary of molecules
  num_atoms       =      84396  num_bonds       =      84448
  num_angles      =      39488  num_dihedrals   =      20268
  num_impropers   =       1292  num_cmap_terms  =        494
  num_residues    =      26100  num_molecules   =      25608
  num_segments    =          7  num_deg_freedom =     253188
  total_charge    =     -0.000
 
Setup_Boundary_Cell> Set Variables for Boundary Condition
  domains (x,y,z) =          2         4         2
  ncells (x,y,z)  =         14         8        10
 
Setup_Constraints> WARNING :  constraints are applied only for water

Select_Contacts> mode        : Resi
                 sel atoms A :      15
                 sel atoms B :   84381
                 distance    :    3.00
                contact atom list :     173
 
Setup_Enefunc_Cmap> Natural spline is used to derive cmap coefs.

Setup_Enefunc_Restraints> Setup restraint groups
 group =     1, "(sid:TIMA or sid:TIMB) and (an:CA | an:C | an:O | an:N)"
 # of atoms =  1976
 atomlist: 
      7      9     15     16     17     19     39     40     41     43
     53     54     55     57     73     74     75     77     93     94
     95     97    109    110    111    113    116    117    118    120
    123    124    125    127    137    138    139    141    157    158
    159    161    179    180    181    183    198    199    200    202
    212    213    214    216    219    220    221    223    230    231
    232    234    252    253    254    256    269    270    271    273
    280    281    282    284    299    300    301    303    321    322
    323    325    336    337    338    340    355    356    357    359
    371    372    373    375    386    387    388    390    410    411
    412    414    429    430    431    433    443    444    445    447
    457    458    459    461    467    468    469    471    478    479
    480    482    497    498    499    503    511    512    513    515
    526    527    528    530    540    541    542    544    556    557
    558    560    571    572    573    575    587    588    589    591
    603    604    605    607    622    623    624    626    633    634
    635    639    647    648    649    653    661    662    663    665
    671    672    673    675    685    686    687    689    706    707
    708    710    725    726    727    729    737    738    739    741
    758    759    760    762    769    770    771    773    785    786
    787    789    796    797    798    800    815    816    817    819
    831    832    833    835    853    854    855    857    875    876
    877    881    889    890    891    893    906    907    908    910
    922    923    924    926    936    937    938    940    952    953
    954    956    959    960    961    963    969    970    971    973
    986    987    988    990   1000   1001   1002   1004   1010   1011
   1012   1014   1031   1032   1033   1035   1050   1051   1052   1054
   1072   1073   1074   1076   1082   1083   1084   1086   1093   1094
   1095   1097   1100   1101   1102   1104   1110   1111   1112   1114
   1130   1131   1132   1134   1144   1145   1146   1148   1151   1152
   1153   1155   1166   1167   1168   1170   1180   1181   1182   1184
   1191   1192   1193   1195   1207   1208   1209   1211   1219   1220
   1221   1223   1236   1237   1238   1240   1255   1256   1257   1259
   1277   1278   1279   1281   1289   1290   1291   1293   1305   1306
   1307   1309   1312   1313   1314   1316   1322   1323   1324   1326
   1344   1345   1346   1348   1368   1369   1370   1372   1384   1385
   1386   1388   1403   1404   1405   1407   1422   1423   1424   1426
   1429   1430   1431   1433   1446   1447   1448   1450   1457   1458
   1459   1461   1472   1473   1474   1476   1496   1497   1498   1500
   1520   1521   1522   1524   1531   1532   1533   1535   1552   1553
   1554   1556   1572   1573   1574   1576   1589   1590   1591   1593
   1604   1605   1606   1608   1616   1617   1618   1620   1628   1629
   1630   1632   1650   1651   1652   1654   1670   1671   1672   1674
   1689   1690   1691   1693   1699   1700   1701   1703   1711   1712
   1713   1715   1733   1734   1735   1737   1747   1748   1749   1751
   1769   1770   1771   1773   1789   1790   1791   1793   1799   1800
   1801   1803   1818   1819   1820   1822   1825   1826   1827   1829
   1842   1843   1844   1846   1849   1850   1851   1853   1865   1866
   1867   1869   1872   1873   1874   1876   1888   1889   1890   1892
   1907   1908   1909   1911   1926   1927   1928   1930   1937   1938
   1939   1941   1956   1957   1958   1960   1963   1964   1965   1967
   1978   1979   1980   1982   1992   1993   1994   1996   2011   2012
   2013   2015   2026   2027   2028   2030   2041   2042   2043   2045
   2063   2064   2065   2067   2085   2086   2087   2089   2095   2096
   2097   2099   2102   2103   2104   2106   2124   2125   2126   2128
   2138   2139   2140   2142   2157   2158   2159   2161   2169   2170
   2171   2173   2185   2186   2187   2189   2201   2202   2203   2205
   2216   2217   2218   2220   2240   2241   2242   2244   2257   2258
   2259   2261   2276   2277   2278   2280   2290   2291   2292   2294
   2300   2301   2302   2304   2316   2317   2318   2320   2335   2336
   2337   2339   2350   2351   2352   2354   2365   2366   2367   2369
   2381   2382   2383   2385   2403   2404   2405   2407   2415   2416
   2417   2419   2439   2440   2441   2443   2453   2454   2455   2457
   2467   2468   2469   2471   2483   2484   2485   2487   2499   2500
   2501   2503   2515   2516   2517   2519   2525   2526   2527   2529
   2546   2547   2548   2550   2561   2562   2563   2567   2575   2576
   2577   2579   2591   2592   2593   2595   2615   2616   2617   2619
   2625   2626   2627   2629   2644   2645   2646   2648   2651   2652
   2653   2655   2665   2666   2667   2669   2672   2673   2674   2676
   2691   2692   2693   2695   2701   2702   2703   2705   2711   2712
   2713   2715   2725   2726   2727   2731   2739   2740   2741   2743
   2754   2755   2756   2758   2766   2767   2768   2770   2776   2777
   2778   2780   2793   2794   2795   2797   2805   2806   2807   2809
   2824   2825   2826   2828   2841   2842   2843   2845   2851   2852
   2853   2855   2862   2863   2864   2866   2881   2882   2883   2885
   2905   2906   2907   2909   2927   2928   2929   2931   2947   2948
   2949   2951   2966   2967   2968   2970   2976   2977   2978   2980
   2987   2988   2989   2991   3009   3010   3011   3013   3028   3029
   3030   3032   3035   3036   3037   3039   3047   3048   3049   3051
   3069   3070   3071   3073   3079   3080   3081   3083   3089   3090
   3091   3093   3100   3101   3102   3104   3115   3116   3117   3119
   3134   3135   3136   3138   3158   3159   3160   3162   3177   3178
   3179   3181   3196   3197   3198   3200   3217   3218   3219   3221
   3224   3225   3226   3228   3231   3232   3233   3235   3242   3243
   3244   3246   3252   3253   3254   3256   3266   3267   3268   3270
   3273   3274   3275   3277   3284   3285   3286   3288   3298   3299
   3300   3302   3308   3309   3310   3312   3324   3325   3326   3328
   3338   3339   3340   3342   3358   3359   3360   3362   3380   3381
   3382   3384   3392   3393   3394   3396   3414   3415   3416   3418
   3424   3425   3426   3428   3436   3437   3438   3440   3452   3453
   3454   3456   3464   3465   3466   3468   3471   3472   3473   3475
   3491   3492   3493   3495   3510   3511   3512   3514   3526   3527
   3528   3530   3533   3534   3535   3537   3540   3541   3542   3544
   3550   3551   3552   3554   3561   3562   3563   3565   3580   3581
   3582   3584   3602   3603   3604   3608   3616   3617   3618   3620
   3631   3632   3633   3635   3651   3652   3653   3655   3667   3668
   3669   3671   3679   3680   3681   3683   3698   3699   3700   3702
   3717   3718   3719   3721   3731   3732   3733   3735   3742   3743
   3744   3746   3766   3767   3768   3770   3780   3781   3794   3796
   3802   3803   3804   3806   3826   3827   3828   3830   3840   3841
   3842   3844   3860   3861   3862   3864   3880   3881   3882   3884
   3896   3897   3898   3900   3903   3904   3905   3907   3910   3911
   3912   3914   3924   3925   3926   3928   3944   3945   3946   3948
   3966   3967   3968   3970   3985   3986   3987   3989   3999   4000
   4001   4003   4006   4007   4008   4010   4017   4018   4019   4021
   4039   4040   4041   4043   4056   4057   4058   4060   4067   4068
   4069   4071   4086   4087   4088   4090   4108   4109   4110   4112
   4123   4124   4125   4127   4142   4143   4144   4146   4158   4159
   4160   4162   4173   4174   4175   4177   4197   4198   4199   4201
   4216   4217   4218   4220   4230   4231   4232   4234   4244   4245
   4246   4248   4254   4255   4256   4258   4265   4266   4267   4269
   4284   4285   4286   4290   4298   4299   4300   4302   4313   4314
   4315   4317   4327   4328   4329   4331   4343   4344   4345   4347
   4358   4359   4360   4362   4374   4375   4376   4378   4390   4391
   4392   4394   4409   4410   4411   4413   4420   4421   4422   4426
   4434   4435   4436   4440   4448   4449   4450   4452   4458   4459
   4460   4462   4472   4473   4474   4476   4493   4494   4495   4497
   4512   4513   4514   4516   4524   4525   4526   4528   4545   4546
   4547   4549   4556   4557   4558   4560   4572   4573   4574   4576
   4583   4584   4585   4587   4602   4603   4604   4606   4618   4619
   4620   4622   4640   4641   4642   4644   4662   4663   4664   4668
   4676   4677   4678   4680   4693   4694   4695   4697   4709   4710
   4711   4713   4723   4724   4725   4727   4739   4740   4741   4743
   4746   4747   4748   4750   4756   4757   4758   4760   4773   4774
   4775   4777   4787   4788   4789   4791   4797   4798   4799   4801
   4818   4819   4820   4822   4837   4838   4839   4841   4859   4860
   4861   4863   4869   4870   4871   4873   4880   4881   4882   4884
   4887   4888   4889   4891   4897   4898   4899   4901   4917   4918
   4919   4921   4931   4932   4933   4935   4938   4939   4940   4942
   4953   4954   4955   4957   4967   4968   4969   4971   4978   4979
   4980   4982   4994   4995   4996   4998   5006   5007   5008   5010
   5023   5024   5025   5027   5042   5043   5044   5046   5064   5065
   5066   5068   5076   5077   5078   5080   5092   5093   5094   5096
   5099   5100   5101   5103   5109   5110   5111   5113   5131   5132
   5133   5135   5155   5156   5157   5159   5171   5172   5173   5175
   5190   5191   5192   5194   5209   5210   5211   5213   5216   5217
   5218   5220   5233   5234   5235   5237   5244   5245   5246   5248
   5259   5260   5261   5263   5283   5284   5285   5287   5307   5308
   5309   5311   5318   5319   5320   5322   5339   5340   5341   5343
   5359   5360   5361   5363   5376   5377   5378   5380   5391   5392
   5393   5395   5403   5404   5405   5407   5415   5416   5417   5419
   5437   5438   5439   5441   5457   5458   5459   5461   5476   5477
   5478   5480   5486   5487   5488   5490   5498   5499   5500   5502
   5520   5521   5522   5524   5534   5535   5536   5538   5556   5557
   5558   5560   5576   5577   5578   5580   5586   5587   5588   5590
   5605   5606   5607   5609   5612   5613   5614   5616   5629   5630
   5631   5633   5636   5637   5638   5640   5652   5653   5654   5656
   5659   5660   5661   5663   5675   5676   5677   5679   5694   5695
   5696   5698   5713   5714   5715   5717   5724   5725   5726   5728
   5743   5744   5745   5747   5750   5751   5752   5754   5765   5766
   5767   5769   5779   5780   5781   5783   5798   5799   5800   5802
   5813   5814   5815   5817   5828   5829   5830   5832   5850   5851
   5852   5854   5872   5873   5874   5876   5882   5883   5884   5886
   5889   5890   5891   5893   5911   5912   5913   5915   5925   5926
   5927   5929   5944   5945   5946   5948   5956   5957   5958   5960
   5972   5973   5974   5976   5988   5989   5990   5992   6003   6004
   6005   6007   6027   6028   6029   6031   6044   6045   6046   6048
   6063   6064   6065   6067   6077   6078   6079   6081   6087   6088
   6089   6091   6103   6104   6105   6107   6122   6123   6124   6126
   6137   6138   6139   6141   6152   6153   6154   6156   6168   6169
   6170   6172   6190   6191   6192   6194   6202   6203   6204   6206
   6226   6227   6228   6230   6240   6241   6242   6244   6254   6255
   6256   6258   6270   6271   6272   6274   6286   6287   6288   6290
   6302   6303   6304   6306   6312   6313   6314   6316   6333   6334
   6335   6337   6348   6349   6350   6354   6362   6363   6364   6366
   6378   6379   6380   6382   6402   6403   6404   6406   6412   6413
   6414   6416   6431   6432   6433   6435   6438   6439   6440   6442
   6452   6453   6454   6456   6459   6460   6461   6463   6478   6479
   6480   6482   6488   6489   6490   6492   6498   6499   6500   6502
   6512   6513   6514   6518   6526   6527   6528   6530   6541   6542
   6543   6545   6553   6554   6555   6557   6563   6564   6565   6567
   6580   6581   6582   6584   6592   6593   6594   6596   6611   6612
   6613   6615   6628   6629   6630   6632   6638   6639   6640   6642
   6649   6650   6651   6653   6668   6669   6670   6672   6692   6693
   6694   6696   6714   6715   6716   6718   6734   6735   6736   6738
   6753   6754   6755   6757   6763   6764   6765   6767   6774   6775
   6776   6778   6796   6797   6798   6800   6815   6816   6817   6819
   6822   6823   6824   6826   6834   6835   6836   6838   6856   6857
   6858   6860   6866   6867   6868   6870   6876   6877   6878   6880
   6887   6888   6889   6891   6902   6903   6904   6906   6921   6922
   6923   6925   6945   6946   6947   6949   6964   6965   6966   6968
   6983   6984   6985   6987   7004   7005   7006   7008   7011   7012
   7013   7015   7018   7019   7020   7022   7029   7030   7031   7033
   7039   7040   7041   7043   7053   7054   7055   7057   7060   7061
   7062   7064   7071   7072   7073   7075   7085   7086   7087   7089
   7095   7096   7097   7099   7111   7112   7113   7115   7125   7126
   7127   7129   7145   7146   7147   7149   7167   7168   7169   7171
   7179   7180   7181   7183   7201   7202   7203   7205   7211   7212
   7213   7215   7223   7224   7225   7227   7239   7240   7241   7243
   7251   7252   7253   7255   7258   7259   7260   7262   7278   7279
   7280   7282   7297   7298   7299   7301   7313   7314   7315   7317
   7320   7321   7322   7324   7327   7328   7329   7331   7337   7338
   7339   7341   7348   7349   7350   7352   7367   7368   7369   7371
   7389   7390   7391   7395   7403   7404   7405   7407   7418   7419
   7420   7422   7438   7439   7440   7442   7454   7455   7456   7458
   7466   7467   7468   7470   7485   7486   7487   7489   7504   7505
   7506   7508   7518   7519   7520   7522   7529   7530   7531   7533
   7553   7554   7555   7557   7567   7568
 group =     2, "(sid:TIMA or sid:TIMB) and not (an:CA | an:C | an:O | an:N) and not hydrogen"
 # of atoms =  1798
 atomlist: 
      1      5      6     11     21     24     27     30     32     33
     36     45     47     49     59     62     63     65     67     69
     71     79     82     83     85     87     89     91     99    101
    105    129    132    133    134    143    146    147    149    151
    153    155    163    166    169    172    175    185    188    190
    194    204    207    208    209    225    228    236    239    242
    245    248    258    261    264    265    266    275    278    286
    288    292    295    305    308    311    314    317    327    330
    333    334    335    342    344    348    351    361    363    367
    377    380    383    384    385    392    395    398    401    403
    404    407    416    419    421    425    435    438    439    440
    449    451    453    463    473    476    484    486    490    493
    500    505    508    517    520    523    524    525    532    535
    536    537    546    548    552    562    565    568    569    570
    577    579    583    593    595    599    609    611    615    618
    628    631    636    641    644    650    655    658    667    677
    679    681    691    694    695    697    699    700    702    704
    712    715    717    721    731    734    735    736    743    746
    747    749    751    752    754    756    764    767    775    777
    781    791    794    802    805    807    811    821    823    827
    837    840    843    846    849    859    862    865    868    871
    878    883    886    895    898    901    902    903    912    914
    918    928    930    932    942    944    948    965    975    978
    981    982    983    992    995    996    997   1006   1016   1019
   1020   1022   1024   1025   1027   1029   1037   1040   1042   1046
   1056   1059   1062   1065   1068   1078   1088   1091   1106   1116
   1119   1120   1122   1124   1126   1128   1136   1138   1140   1157
   1160   1163   1164   1165   1172   1175   1176   1177   1186   1189
   1197   1199   1203   1213   1216   1217   1218   1225   1228   1231
   1232   1233   1242   1244   1248   1251   1261   1264   1267   1270
   1273   1283   1286   1287   1288   1295   1297   1301   1318   1328
   1331   1334   1337   1340   1350   1353   1354   1356   1358   1359
   1360   1362   1364   1366   1374   1376   1380   1390   1392   1396
   1399   1409   1412   1414   1418   1435   1438   1439   1440   1442
   1444   1452   1455   1463   1466   1469   1470   1471   1478   1481
   1484   1487   1489   1490   1493   1502   1505   1508   1511   1513
   1514   1517   1526   1529   1537   1540   1541   1543   1545   1546
   1548   1550   1558   1561   1562   1564   1566   1568   1570   1578
   1581   1583   1584   1586   1587   1595   1598   1601   1602   1603
   1610   1613   1614   1615   1622   1625   1626   1627   1634   1637
   1640   1643   1646   1656   1659   1660   1662   1664   1666   1668
   1676   1678   1682   1685   1695   1705   1708   1709   1710   1717
   1720   1723   1726   1729   1739   1741   1743   1753   1756   1759
   1762   1765   1775   1778   1779   1781   1783   1785   1787   1795
   1805   1808   1810   1814   1831   1834   1837   1838   1839   1855
   1857   1861   1878   1880   1884   1894   1896   1900   1903   1913
   1916   1918   1922   1932   1935   1943   1945   1949   1952   1969
   1972   1975   1976   1977   1984   1986   1988   1998   2001   2003
   2007   2017   2020   2023   2024   2025   2032   2035   2038   2039
   2040   2047   2050   2053   2056   2059   2069   2072   2075   2078
   2081   2091   2108   2111   2114   2117   2120   2130   2132   2134
   2144   2147   2149   2153   2163   2166   2167   2168   2175   2177
   2181   2191   2193   2197   2207   2210   2213   2214   2215   2222
   2225   2228   2231   2233   2234   2237   2246   2249   2252   2253
   2254   2263   2266   2268   2272   2282   2285   2286   2287   2296
   2306   2308   2312   2322   2325   2327   2331   2341   2344   2347
   2348   2349   2356   2359   2362   2363   2364   2371   2373   2377
   2387   2390   2393   2396   2399   2409   2412   2413   2414   2421
   2424   2425   2427   2429   2430   2431   2433   2435   2437   2445
   2447   2449   2459   2462   2463   2464   2473   2475   2479   2489
   2491   2495   2505   2507   2511   2521   2531   2534   2535   2537
   2539   2540   2542   2544   2552   2555   2558   2559   2560   2564
   2569   2572   2581   2583   2587   2597   2600   2601   2603   2605
   2606   2607   2609   2611   2613   2621   2631   2633   2637   2640
   2657   2659   2661   2678   2681   2683   2687   2697   2707   2717
   2719   2721   2728   2733   2736   2745   2748   2751   2752   2753
   2760   2763   2764   2765   2772   2782   2785   2788   2789   2790
   2799   2802   2803   2804   2811   2813   2817   2820   2830   2833
   2835   2836   2838   2839   2847   2857   2860   2868   2870   2874
   2877   2887   2890   2893   2896   2898   2899   2902   2911   2914
   2917   2920   2923   2933   2936   2937   2939   2941   2943   2945
   2953   2956   2958   2962   2972   2982   2985   2993   2996   2999
   3002   3005   3015   3018   3020   3024   3041   3044   3045   3046
   3053   3056   3059   3062   3065   3075   3085   3095   3098   3106
   3109   3112   3113   3114   3121   3124   3126   3130   3140   3143
   3146   3149   3151   3152   3155   3164   3166   3170   3173   3183
   3186   3188   3192   3202   3205   3206   3208   3210   3211   3213
   3215   3237   3240   3248   3258   3261   3262   3263   3279   3282
   3290   3293   3294   3295   3304   3314   3316   3320   3330   3332
   3334   3344   3347   3348   3350   3352   3354   3356   3364   3367
   3370   3373   3376   3386   3389   3390   3391   3398   3401   3404
   3407   3410   3420   3430   3433   3434   3435   3442   3444   3448
   3458   3461   3462   3463   3477   3480   3481   3483   3485   3487
   3489   3497   3500   3502   3506   3516   3518   3522   3546   3556
   3559   3567   3570   3572   3576   3586   3589   3592   3595   3598
   3605   3610   3613   3622   3625   3628   3629   3630   3637   3640
   3641   3643   3645   3647   3649   3657   3659   3663   3673   3676
   3677   3678   3685   3687   3691   3694   3704   3706   3710   3713
   3723   3726   3727   3728   3737   3740   3748   3751   3754   3757
   3759   3760   3763   3772   3775   3776   3777   3782   3784   3788
   3792   3793   3798   3808   3811   3814   3817   3819   3820   3823
   3832   3834   3836   3846   3849   3850   3852   3854   3856   3858
   3866   3869   3870   3872   3874   3876   3878   3886   3888   3892
   3916   3919   3920   3921   3930   3933   3934   3936   3938   3940
   3942   3950   3953   3956   3959   3962   3972   3975   3977   3981
   3991   3994   3995   3996   4012   4015   4023   4026   4029   4032
   4035   4045   4048   4051   4052   4053   4062   4065   4073   4075
   4079   4082   4092   4095   4098   4101   4104   4114   4117   4120
   4121   4122   4129   4131   4135   4138   4148   4150   4154   4164
   4167   4170   4171   4172   4179   4182   4185   4188   4190   4191
   4194   4203   4206   4208   4212   4222   4225   4226   4227   4236
   4238   4240   4250   4260   4263   4271   4273   4277   4280   4287
   4292   4295   4304   4307   4310   4311   4312   4319   4322   4323
   4324   4333   4335   4339   4349   4352   4355   4356   4357   4364
   4366   4370   4380   4382   4386   4396   4398   4402   4405   4415
   4418   4423   4428   4431   4437   4442   4445   4454   4464   4466
   4468   4478   4481   4482   4484   4486   4487   4489   4491   4499
   4502   4504   4508   4518   4521   4522   4523   4530   4533   4534
   4536   4538   4539   4541   4543   4551   4554   4562   4564   4568
   4578   4581   4589   4592   4594   4598   4608   4610   4614   4624
   4627   4630   4633   4636   4646   4649   4652   4655   4658   4665
   4670   4673   4682   4685   4688   4689   4690   4699   4701   4705
   4715   4717   4719   4729   4731   4735   4752   4762   4765   4768
   4769   4770   4779   4782   4783   4784   4793   4803   4806   4807
   4809   4811   4812   4814   4816   4824   4827   4829   4833   4843
   4846   4849   4852   4855   4865   4875   4878   4893   4903   4906
   4907   4909   4911   4913   4915   4923   4925   4927   4944   4947
   4950   4951   4952   4959   4962   4963   4964   4973   4976   4984
   4986   4990   5000   5003   5004   5005   5012   5015   5018   5019
   5020   5029   5031   5035   5038   5048   5051   5054   5057   5060
   5070   5073   5074   5075   5082   5084   5088   5105   5115   5118
   5121   5124   5127   5137   5140   5141   5143   5145   5146   5147
   5149   5151   5153   5161   5163   5167   5177   5179   5183   5186
   5196   5199   5201   5205   5222   5225   5226   5227   5229   5231
   5239   5242   5250   5253   5256   5257   5258   5265   5268   5271
   5274   5276   5277   5280   5289   5292   5295   5298   5300   5301
   5304   5313   5316   5324   5327   5328   5330   5332   5333   5335
   5337   5345   5348   5349   5351   5353   5355   5357   5365   5368
   5370   5371   5373   5374   5382   5385   5388   5389   5390   5397
   5400   5401   5402   5409   5412   5413   5414   5421   5424   5427
   5430   5433   5443   5446   5447   5449   5451   5453   5455   5463
   5465   5469   5472   5482   5492   5495   5496   5497   5504   5507
   5510   5513   5516   5526   5528   5530   5540   5543   5546   5549
   5552   5562   5565   5566   5568   5570   5572   5574   5582   5592
   5595   5597   5601   5618   5621   5624   5625   5626   5642   5644
   5648   5665   5667   5671   5681   5683   5687   5690   5700   5703
   5705   5709   5719   5722   5730   5732   5736   5739   5756   5759
   5762   5763   5764   5771   5773   5775   5785   5788   5790   5794
   5804   5807   5810   5811   5812   5819   5822   5825   5826   5827
   5834   5837   5840   5843   5846   5856   5859   5862   5865   5868
   5878   5895   5898   5901   5904   5907   5917   5919   5921   5931
   5934   5936   5940   5950   5953   5954   5955   5962   5964   5968
   5978   5980   5984   5994   5997   6000   6001   6002   6009   6012
   6015   6018   6020   6021   6024   6033   6036   6039   6040   6041
   6050   6053   6055   6059   6069   6072   6073   6074   6083   6093
   6095   6099   6109   6112   6114   6118   6128   6131   6134   6135
   6136   6143   6146   6149   6150   6151   6158   6160   6164   6174
   6177   6180   6183   6186   6196   6199   6200   6201   6208   6211
   6212   6214   6216   6217   6218   6220   6222   6224   6232   6234
   6236   6246   6249   6250   6251   6260   6262   6266   6276   6278
   6282   6292   6294   6298   6308   6318   6321   6322   6324   6326
   6327   6329   6331   6339   6342   6345   6346   6347   6351   6356
   6359   6368   6370   6374   6384   6387   6388   6390   6392   6393
   6394   6396   6398   6400   6408   6418   6420   6424   6427   6444
   6446   6448   6465   6468   6470   6474   6484   6494   6504   6506
   6508   6515   6520   6523   6532   6535   6538   6539   6540   6547
   6550   6551   6552   6559   6569   6572   6575   6576   6577   6586
   6589   6590   6591   6598   6600   6604   6607   6617   6620   6622
   6623   6625   6626   6634   6644   6647   6655   6657   6661   6664
   6674   6677   6680   6683   6685   6686   6689   6698   6701   6704
   6707   6710   6720   6723   6724   6726   6728   6730   6732   6740
   6743   6745   6749   6759   6769   6772   6780   6783   6786   6789
   6792   6802   6805   6807   6811   6828   6831   6832   6833   6840
   6843   6846   6849   6852   6862   6872   6882   6885   6893   6896
   6899   6900   6901   6908   6911   6913   6917   6927   6930   6933
   6936   6938   6939   6942   6951   6953   6957   6960   6970   6973
   6975   6979   6989   6992   6993   6995   6997   6998   7000   7002
   7024   7027   7035   7045   7048   7049   7050   7066   7069   7077
   7080   7081   7082   7091   7101   7103   7107   7117   7119   7121
   7131   7134   7135   7137   7139   7141   7143   7151   7154   7157
   7160   7163   7173   7176   7177   7178   7185   7188   7191   7194
   7197   7207   7217   7220   7221   7222   7229   7231   7235   7245
   7248   7249   7250   7264   7267   7268   7270   7272   7274   7276
   7284   7287   7289   7293   7303   7305   7309   7333   7343   7346
   7354   7357   7359   7363   7373   7376   7379   7382   7385   7392
   7397   7400   7409   7412   7415   7416   7417   7424   7427   7428
   7430   7432   7434   7436   7444   7446   7450   7460   7463   7464
   7465   7472   7474   7478   7481   7491   7493   7497   7500   7510
   7513   7514   7515   7524   7527   7535   7538   7541   7544   7546
   7547   7550   7559   7562   7563   7564   7569   7571
 group =     3, "(sid:DHA or sid:DHA around_res:3.0) and not hydrogen"
 # of atoms =    95
 atomlist: 
    125    127    129    132    133    134    137    138    159    161
    163    166    169    172    175    179    180   1431   1433   1435
   1438   1439   1440   1442   1444   1446   1447   2548   2550   2552
   2555   2558   2559   2560   2561   2562   2627   2629   2631   2633
   2637   2640   2644   2645   2646   2648   2651   2652   3226   3228
   3231   3232   3233   3235   3237   3240   3242   3243   3493   3495
   3497   3500   3502   3506   3510   3511   3512   3514   3516   3518
   3522   3526   3527   3528   3530   3533   3534   3535   3537   3540
   3541   7575   7576   7577   7578   7579   7580   7583   7584   7585
   7586   7629   7632   7635   7638
 group =     4, "sid:WAT and an:OH2"
 # of atoms =   251
 atomlist: 
   7605   7608   7611   7614   7617   7620   7623   7626   7629   7632
   7635   7638   7641   7644   7647   7650   7653   7656   7659   7662
   7665   7668   7671   7674   7677   7680   7683   7686   7689   7692
   7695   7698   7701   7704   7707   7710   7713   7716   7719   7722
   7725   7728   7731   7734   7737   7740   7743   7746   7749   7752
   7755   7758   7761   7764   7767   7770   7773   7776   7779   7782
   7785   7788   7791   7794   7797   7800   7803   7806   7809   7812
   7815   7818   7821   7824   7827   7830   7833   7836   7839   7842
   7845   7848   7851   7854   7857   7860   7863   7866   7869   7872
   7875   7878   7881   7884   7887   7890   7893   7896   7899   7902
   7905   7908   7911   7914   7917   7920   7923   7926   7929   7932
   7935   7938   7941   7944   7947   7950   7953   7956   7959   7962
   7965   7968   7971   7974   7977   7980   7983   7986   7989   7992
   7995   7998   8001   8004   8007   8010   8013   8016   8019   8022
   8025   8028   8031   8034   8037   8040   8043   8046   8049   8052
   8055   8058   8061   8064   8067   8070   8073   8076   8079   8082
   8085   8088   8091   8094   8097   8100   8103   8106   8109   8112
   8115   8118   8121   8124   8127   8130   8133   8136   8139   8142
   8145   8148   8151   8154   8157   8160   8163   8166   8169   8172
   8175   8178   8181   8184   8187   8190   8193   8196   8199   8202
   8205   8208   8211   8214   8217   8220   8223   8226   8229   8232
   8235   8238   8241   8244   8247   8250   8253   8256   8259   8262
   8265   8268   8271   8274   8277   8280   8283   8286   8289   8292
   8295   8298   8301   8304   8307   8310   8313   8316   8319   8322
   8325   8328   8331   8334   8337   8340   8343   8346   8349   8352
   8355
Setup_Enefunc_Restraints> Setup restraint functions
 func  =     1 kind  =     1
 const(total, x, y, z) =   10.000   1.000   1.000   1.000
 exponend of function =     2
 # of groups  =     1
 grouplist:   1

 func  =     2 kind  =     1
 const(total, x, y, z) =    2.000   1.000   1.000   1.000
 exponend of function =     2
 # of groups  =     1
 grouplist:   2

 func  =     3 kind  =     1
 const(total, x, y, z) =    2.000   1.000   1.000   1.000
 exponend of function =     2
 # of groups  =     1
 grouplist:   3

 func  =     4 kind  =     1
 const(total, x, y, z) =    2.000   1.000   1.000   1.000
 exponend of function =     2
 # of groups  =     1
 grouplist:   4

Define_Enefunc_Charmm> Number of Interactions in Each Term
  bond_ene        =      84448  angle_ene       =      39488
  torsion_ene     =      23932  improper_ene    =       1292
  cmap_ene        =        494
  nb_exclusions   =      98342  nb14_calc       =      20018
 
Setup_Fitting_Spdyn> NO fitting is applied, skip
  fitting method  =  NO
 
Setup_Fast_Water> Setup constraints for SETTLE
  r0(O-H)         =     0.9572  mass(O)         =    15.9994
  r0(H-H)         =     1.5139  mass(H)         =     1.0080
 

Setup_PME> Proper PME grid number was generated automatically
  pme_ngrid(x,y,z)=         96        80        80

Setup_Spdyn_Min> nonb_limiter : minimim distance=   0.61418620

[STEP4] Compute Single Point Energy for Molecules
 
            STEP            BOND           ANGLE    UREY-BRADLEY        DIHEDRAL        IMPROPER            CMAP         VDWAALS           ELECT RESTRAINT_TOTAL
 --------------- --------------- --------------- --------------- ---------------
               0       1110.3439       1784.2536        193.6241       4406.8015         79.2645        -50.3686    3831883.8878    -275013.8497          0.0000

[STEP5] Perform Energy Minimization
 
INFO:       STEP   POTENTIAL_ENE            RMSG            BOND           ANGLE    UREY-BRADLEY        DIHEDRAL        IMPROPER            CMAP         VDWAALS           ELECT RESTRAINT_TOTAL
 --------------- --------------- --------------- --------------- ---------------
INFO:          0    3564393.9572      24858.5148       1110.3439       1784.2536        193.6241       4406.8015         79.2645        -50.3686    3831883.8878    -275013.8497          0.0000

INFO:         10    3416397.5704      27997.0947       1106.4978       1783.7178        193.6240       4406.8008         79.2617        -50.3712    3684055.9856    -275177.9461          0.0000

INFO:         20    2966877.0548      27400.9805       1106.3898       1783.6820        193.6241       4406.8001         79.2589        -50.3737    3234664.6484    -275306.9748          0.0000

INFO:         30     935317.9093       5977.5113       1106.1394       1783.5959        193.6251       4406.7981         79.2522        -50.3800    1202764.1156    -274965.2371          0.0000

INFO:         40     349293.1038       1865.5534       1105.2759       1783.2742        193.6338       4406.7894         79.2267        -50.4036     616581.1680    -274805.8608          0.0000

INFO:         50     102143.9567        791.8404       1103.1871       1782.4300        193.6661       4406.7605         79.1586        -50.4669     369416.0702    -274786.8492          0.0003

INFO:         60     -22698.4967        401.1780       1098.7995       1780.6682        193.7165       4406.6884         79.0142        -50.6019     244629.4075    -274836.1905          0.0014

INFO:         70     -92779.5977        228.1360       1090.3811       1777.4774        193.7465       4406.5450         78.7496        -50.8515     174639.7303    -274915.3819          0.0057

INFO:         80    -135358.5245        141.3782       1075.9234       1772.2810        193.7088       4406.3002         78.3140        -51.2685     132170.3210    -275004.1222          0.0179

INFO:         90    -162869.9974         93.6255       1053.5640       1764.5239        193.5584       4405.9245         77.6553        -51.9121     104778.8948    -275092.2527          0.0465

INFO:        100    -181501.7829         65.4237       1021.9222       1753.7696        193.2509       4405.3905         76.7280        -52.8429      86276.3251    -275176.4312          0.1049

INFO:        110    -194585.0063         47.9185        980.5207       1739.8318        192.7390       4404.6771         75.5053        -54.1149      73330.4866    -275254.8634          0.2115

INFO:        120    -204040.5196         36.6826        930.2618       1722.9199        191.9782       4403.7765         73.9939        -55.7626      64021.8582    -275329.9355          0.3900

INFO:        130    -211038.3634         29.3148        873.6524       1703.7165        190.9390       4402.7011         72.2450        -57.7878      57180.1047    -275404.6005          0.6662

INFO:        140    -216324.8719         24.4164        814.4446       1683.2989        189.6185       4401.4860         70.3532        -60.1519      52055.0640    -275480.0473          1.0622

INFO:        150    -220397.0332         21.1228        756.6880       1662.8877        188.0431       4400.1836         68.4379        -62.7803      48145.9538    -275558.0361          1.5890

INFO:        160    -223595.0164         18.8799        703.6648       1643.5417        186.2623       4398.8515         66.6156        -65.5789      45107.9401    -275638.5574          2.2438

INFO:        170    -226158.8936         17.3273        657.2789       1625.9566        184.3349       4397.5414         64.9767        -68.4538      42700.3152    -275723.8549          3.0113

INFO:        180    -228255.7563         16.2315        618.0704       1610.4340        182.3183       4396.2917         63.5759        -71.3256      40753.7766    -275812.7665          3.8689

INFO:        190    -230002.9465         15.4412        585.6169       1596.9686        180.2611       4395.1264         62.4347        -74.1353      39149.2974    -275903.3084          4.7921

INFO:        200    -231486.4026         14.8586        558.9992       1585.3720        178.2013       4394.0572         61.5498        -76.8437      37802.3523    -275995.8495          5.7588

INFO:        210    -232766.7269         14.4196        537.1553       1575.3754        176.1668       4393.0868         60.9031        -79.4279      36652.6946    -276089.4318          6.7508

INFO:        220    -233887.6933         14.0819        519.0853       1566.6982        174.1768       4392.2121         60.4682        -81.8768      35656.6987    -276182.9103          7.7545

INFO:        230    -234882.3216         13.8172        503.9402       1559.0834        172.2443       4391.4268         60.2165        -84.1874      34782.4407    -276276.2462          8.7602

INFO:        240    -235775.7930         13.6059        491.0433       1552.3129        170.3771       4390.7227         60.1195        -86.3620      34006.1466    -276369.9146          9.7614

INFO:        250    -236586.0042         13.4345        479.8750       1546.2096        168.5798       4390.0914         60.1509        -88.4060      33309.9536    -276463.2129         10.7543

INFO:        260    -237327.0190         13.2934        470.0461       1540.6339        166.8541       4389.5244         60.2873        -90.3265      32679.9375    -276555.7125         11.7366

INFO:        270    -238010.1251         13.1756        461.2697       1535.4780        165.2001       4389.0137         60.5084        -92.1316      32105.4276    -276647.5985         12.7075

INFO:        280    -238643.1798         13.0762        453.3352       1530.6595        163.6168       4388.5520         60.7967        -93.8293      31577.9246    -276737.9021         13.6669

INFO:        290    -239234.3427         12.9912        446.0887       1526.1161        162.1021       4388.1328         61.1376        -95.4277      31090.5777    -276827.6849         14.6150

INFO:        300    -239788.1712         12.9179        439.4167       1521.8007        160.6537       4387.7503         61.5187        -96.9345      30638.0652    -276915.9947         15.5527

INFO:        310    -240309.1943         12.8541        433.2348       1517.6779        159.2687       4387.3995         61.9298        -98.3569      30215.7718    -277002.6006         16.4807

INFO:        320    -240801.8975         12.7980        427.4793       1513.7207        157.9442       4387.0760         62.3625        -99.7015      29820.0515    -277088.2302         17.3998

INFO:        330    -241268.9736         12.7484        422.1013       1509.9085        156.6773       4386.7759         62.8098       -100.9744      29447.7825    -277172.3654         18.3110

INFO:        340    -241713.3899         12.7042        417.0618       1506.2253        155.4650       4386.4959         63.2660       -102.1814      29096.4393    -277255.3769         19.2150

INFO:        350    -242136.7771         12.6646        412.3297       1502.6589        154.3043       4386.2333         63.7265       -103.3275      28763.8101    -277336.6250         20.1126

INFO:        360    -242541.4015         12.6288        407.8791       1499.1993        153.1925       4385.9855         64.1874       -104.4175      28447.9563    -277416.3886         21.0045

INFO:        370    -242927.7605         12.5964        403.6878       1495.8384        152.1270       4385.7505         64.6459       -105.4556      28147.3258    -277493.5715         21.8912

INFO:        380    -243298.8775         12.5668        399.7368       1492.5696        151.1053       4385.5265         65.0995       -106.4457      27860.5148    -277569.7576         22.7734

INFO:        390    -243655.3099         12.5397        396.0092       1489.3873        150.1249       4385.3120         65.5463       -107.3914      27586.2862    -277644.2357         23.6514

INFO:        400    -243998.3454         12.5148        392.4899       1486.2865        149.1836       4385.1057         65.9848       -108.2958      27323.5953    -277717.2210         24.5256

INFO:        410    -244328.3941         12.4918        389.1653       1483.2631        148.2794       4384.9064         66.4138       -109.1620      27071.5458    -277788.2024         25.3965

INFO:        420    -244646.2466         12.4705        386.0228       1480.3132        147.4102       4384.7131         66.8326       -109.9925      26829.2791    -277857.0896         26.2644

INFO:        430    -244953.1635         12.4507        383.0510       1477.4334        146.5743       4384.5251         67.2405       -110.7899      26596.0690    -277924.3963         27.1294

INFO:        440    -245249.9702         12.4322        380.2392       1474.6205        145.7698       4384.3417         67.6371       -111.5564      26371.2598    -277990.2738         27.9919

INFO:        450    -245537.1690         12.4149        377.5775       1471.8716        144.9953       4384.1622         68.0220       -112.2939      26154.3243    -278054.6800         28.8519

INFO:        460    -245814.7559         12.3986        375.0568       1469.1840        144.2492       4383.9862         68.3953       -113.0045      25944.6458    -278116.9785         29.7098

INFO:        470    -246083.0151         12.3833        372.6686       1466.5553        143.5300       4383.8131         68.7567       -113.6899      25741.7447    -278176.9594         30.5657

INFO:        480    -246342.7229         12.3689        370.4049       1463.9831        142.8365       4383.6426         69.1065       -114.3515      25545.2728    -278235.0375         31.4196

INFO:        490    -246594.3443         12.3552        368.2584       1461.4652        142.1675       4383.4745         69.4446       -114.9910      25354.8828    -278291.3181         32.2718

INFO:        500    -246838.3944         12.3423        366.2221       1458.9995        141.5217       4383.3083         69.7714       -115.6095      25170.1004    -278345.8305         33.1222

INFO:        510    -247075.1361         12.3300        364.2896       1456.5842        140.8981       4383.1439         70.0868       -116.2084      24990.6396    -278398.5410         33.9711

INFO:        520    -247304.5980         12.3183        362.4548       1454.2173        140.2957       4382.9810         70.3913       -116.7888      24816.2601    -278449.2279         34.8184

INFO:        530    -247527.1696         12.3071        360.7122       1451.8973        139.7135       4382.8194         70.6851       -117.3518      24646.6327    -278497.9424         35.6643

INFO:        540    -247743.3576         12.2964        359.0564       1449.6226        139.1506       4382.6591         70.9684       -117.8982      24481.5175    -278544.9427         36.5088

INFO:        550    -247953.6838         12.2862        357.4826       1447.3915        138.6062       4382.4998         71.2416       -118.4291      24320.6964    -278590.5248         37.3520

INFO:        560    -248158.2201         12.2764        355.9862       1445.2027        138.0795       4382.3414         71.5049       -118.9453      24163.9706    -278634.5540         38.1940

INFO:        570    -248357.1604         12.2670        354.5628       1443.0548        137.5696       4382.1839         71.7586       -119.4474      24011.1218    -278676.9992         39.0347

INFO:        580    -248550.6376         12.2579        353.2084       1440.9466        137.0759       4382.0272         72.0032       -119.9364      23861.9546    -278717.7914         39.8743

INFO:        590    -248738.6292         12.2492        351.9193       1438.8768        136.5977       4381.8711         72.2387       -120.4128      23716.3288    -278756.7617         40.7128

INFO:        600    -248921.4616         12.2407        350.6921       1436.8444        136.1344       4381.7155         72.4657       -120.8772      23574.0731    -278794.0598         41.5502

INFO:        610    -249099.4109         12.2326        349.5232       1434.8482        135.6854       4381.5605         72.6842       -121.3303      23435.0187    -278829.7874         42.3865

INFO:        620    -249272.5028         12.2247        348.4097       1432.8872        135.2500       4381.4060         72.8947       -121.7726      23299.0597    -278863.8595         43.2218

INFO:        630    -249440.9877         12.2171        347.3486       1430.9605        134.8278       4381.2519         73.0974       -122.2046      23166.0646    -278896.3903         44.0562

INFO:        640    -249604.7540         12.2097        346.3373       1429.0671        134.4182       4381.0982         73.2926       -122.6267      23035.8824    -278927.1128         44.8897

INFO:        650    -249763.6769         12.2025        345.3731       1427.2062        134.0207       4380.9448         73.4805       -123.0396      22908.4361    -278955.8210         45.7222

INFO:        660    -249918.4096         12.1955        344.4537       1425.3769        133.6348       4380.7917         73.6614       -123.4434      22783.5812    -278983.0198         46.5539

INFO:        670    -250068.7554         12.1888        343.5767       1423.5784        133.2602       4380.6389         73.8355       -123.8387      22661.2494    -279008.4405         47.3847

INFO:        680    -250215.1466         12.1821        342.7402       1421.8100        132.8963       4380.4863         74.0031       -124.2259      22541.3170    -279032.3882         48.2147

INFO:        690    -250357.3051         12.1757        341.9419       1420.0709        132.5428       4380.3339         74.1644       -124.6052      22423.6919    -279054.4896         49.0439

INFO:        700    -250495.6480         12.1694        341.1802       1418.3605        132.1992       4380.1817         74.3196       -124.9770      22308.3179    -279075.1023         49.8724

INFO:        710    -250630.2976         12.1633        340.4532       1416.6780        131.8652       4380.0296         74.4690       -125.3416      22195.1047    -279094.2557         50.7001

INFO:        720    -250761.2669         12.1573        339.7592       1415.0229        131.5405       4379.8777         74.6126       -125.6994      22083.9621    -279111.8697         51.5271

INFO:        730    -250888.5684         12.1514        339.0967       1413.3944        131.2247       4379.7260         74.7508       -126.0505      21974.8458    -279127.9096         52.3534

INFO:        740    -251012.6630         12.1457        338.4642       1411.7920        130.9175       4379.5743         74.8837       -126.3952      21867.6365    -279142.7149         53.1790

INFO:        750    -251132.9982         12.1401        337.8604       1410.2152        130.6185       4379.4227         75.0115       -126.7339      21762.3228    -279155.7194         54.0039

INFO:        760    -251249.5854         12.1346        337.2837       1408.6634        130.3275       4379.2712         75.1343       -127.0666      21658.8003    -279166.8275         54.8283

INFO:        770    -251363.1708         12.1292        336.7331       1407.1361        130.0443       4379.1198         75.2523       -127.3937      21557.0114    -279176.7262         55.6520

INFO:        780    -251473.4026         12.1238        336.2074       1405.6327        129.7684       4378.9685         75.3657       -127.7153      21456.9403    -279185.0454         56.4751

INFO:        790    -251580.3224         12.1186        335.7054       1404.1527        129.4998       4378.8172         75.4746       -128.0316      21358.4987    -279191.7369         57.2977

INFO:        800    -251684.2428         12.1135        335.2261       1402.6958        129.2380       4378.6660         75.5792       -128.3429      21261.6376    -279197.0622         58.1197

INFO:        810    -251785.2707         12.1084        334.7684       1401.2613        128.9829       4378.5148         75.6796       -128.6493      21166.3298    -279201.0995         58.9412

INFO:        820    -251883.6697         12.1035        334.3314       1399.8489        128.7342       4378.3636         75.7760       -128.9509      21072.4720    -279204.0071         59.7622

INFO:        830    -251978.8211         12.0986        333.9143       1398.4581        128.4918       4378.2125         75.8684       -129.2480      20980.0692    -279205.1701         60.5826

INFO:        840    -252070.8412         12.0937        333.5161       1397.0885        128.2554       4378.0614         75.9571       -129.5407      20889.0943    -279204.6759         61.4026

INFO:        850    -252160.2394         12.0890        333.1361       1395.7396        128.0248       4377.9103         76.0420       -129.8291      20799.4523    -279202.9376         62.2221

INFO:        860    -252246.7859         12.0842        332.7735       1394.4111        127.7998       4377.7593         76.1234       -130.1133      20711.1472    -279199.7280         63.0412

INFO:        870    -252330.5561         12.0796        332.4276       1393.1026        127.5803       4377.6082         76.2013       -130.3936      20624.1023    -279195.0445         63.8598

INFO:        880    -252411.8426         12.0750        332.0976       1391.8136        127.3659       4377.4572         76.2759       -130.6700      20538.2964    -279189.1573         64.6781

INFO:        890    -252490.3023         12.0705        331.7829       1390.5438        127.1567       4377.3062         76.3472       -130.9426      20453.7132    -279181.7056         65.4959

INFO:        900    -252566.3807         12.0660        331.4830       1389.2929        126.9523       4377.1552         76.4153       -131.2115      20370.2989    -279173.0801         66.3133

INFO:        910    -252639.9544         12.0616        331.1971       1388.0605        126.7527       4377.0042         76.4804       -131.4770      20288.0396    -279163.1424         67.1303

INFO:        920    -252711.0904         12.0572        330.9248       1386.8462        126.5577       4376.8532         76.5425       -131.7389      20206.8717    -279151.8947         67.9470

INFO:        930    -252779.8955         12.0528        330.6655       1385.6497        126.3672       4376.7022         76.6018       -131.9976      20126.7846    -279139.4323         68.7634

INFO:        940    -252846.0906         12.0485        330.4187       1384.4706        126.1809       4376.5513         76.6582       -132.2530      20047.7477    -279125.4444         69.5794

INFO:        950    -252910.2006         12.0442        330.1838       1383.3088        125.9988       4376.4003         76.7120       -132.5053      19969.7308    -279110.4249         70.3951

INFO:        960    -252971.9443         12.0400        329.9605       1382.1637        125.8207       4376.2494         76.7631       -132.7544      19892.7182    -279094.0760         71.2104

INFO:        970    -253031.6564         12.0358        329.7482       1381.0352        125.6465       4376.0985         76.8116       -133.0007      19816.6733    -279076.6945         72.0255

INFO:        980    -253088.8874         12.0316        329.5466       1379.9230        125.4761       4375.9476         76.8577       -133.2440      19741.5781    -279057.8127         72.8403

INFO:        990    -253143.7861         12.0275        329.3552       1378.8266        125.3093       4375.7967         76.9013       -133.4845      19667.3980    -279037.5436         73.6548

INFO:       1000    -253196.6927         12.0234        329.1736       1377.7459        125.1461       4375.6459         76.9426       -133.7222      19594.0989    -279016.1926         74.4691

 
[STEP6] Deallocate Arrays
 
Output_Time> Averaged timer profile (Min, Max)
  total time      =      27.050
    setup         =       2.991
    dynamics      =      24.059
      energy      =      20.146
      integrator  =       0.856
      pairlist    =       1.422 (       1.362,       1.502)
  energy           
    bond          =       0.052 (       0.041,       0.063)
    angle         =       0.067 (       0.037,       0.101)
    dihedral      =       0.066 (       0.004,       0.144)
    nonbond       =      18.003 (      17.925,      18.104)
      pme real    =      12.899 (      12.150,      13.836)
      pme recip   =       5.096 (       4.189,       5.844)
    solvation     =       0.000 (       0.000,       0.000)
      polar       =       0.000 (       0.000,       0.000)
      non-polar   =       0.000 (       0.000,       0.000)
    restraint     =       0.010 (       0.003,       0.016)
    qmmm          =       0.000 (       0.000,       0.000)
  integrator       
    constraint    =       0.000 (       0.000,       0.000)
    update        =       0.000 (       0.000,       0.000)
    comm_coord    =       0.000 (       0.000,       0.000)
    comm_force    =       0.000 (       0.000,       0.000)
    comm_migrate  =       0.000 (       0.000,       0.000)

