(10.2.13.46:0,1,2,3)

[0] MPI startup(): libfabric version: 1.7.2a-impi
[0] MPI startup(): libfabric provider: verbs;ofi_rxm
[0] MPI startup(): Rank    Pid      Node name  Pin cpu
[0] MPI startup(): 0       241851   bwmpc0270  {0,1,2,3,4,5,6,7,8,9}
[0] MPI startup(): 1       241852   bwmpc0270  {10,11,12,13,14,15,16,17,18,19}
[0] MPI startup(): 2       241853   bwmpc0270  {20,21,22,23,24,25,26,27,28,29}
[0] MPI startup(): 3       241854   bwmpc0270  {30,31,32,33,34,35,36,37,38,39}
[0] MPI startup(): I_MPI_ROOT=/bwfefs/opt/x86_64/intel/compilers_and_libraries_2019.5.281/linux/mpi
[0] MPI startup(): I_MPI_HYDRA_BOOTSTRAP_EXEC=/bin/pjrsh
[0] MPI startup(): I_MPI_HYDRA_BOOTSTRAP_AUTOFORK=0
[0] MPI startup(): I_MPI_HYDRA_TOPOLIB=hwloc
[0] MPI startup(): I_MPI_HYDRA_HOST_FILE=/bwfefs/home/kyagi/tim/tim5/b3lypD3.rpath1/3.equil1/.d0011452918_nodeinfo
[0] MPI startup(): I_MPI_PERHOST=4
[0] MPI startup(): I_MPI_PIN=1
[0] MPI startup(): I_MPI_PIN_RESPECT_HCA=0
[0] MPI startup(): I_MPI_INTERNAL_MEM_POLICY=default
[0] MPI startup(): I_MPI_DEBUG=5
****************************************************
*                                                  *
*                  GENESIS ATDYN                   *
*                                                  *
*        A Molecular Dynamics Simulator with       *
*            Atomic Decomposition Scheme           *
*                                                  *
*               Developed by RIKEN                 *
*                                                  *
****************************************************
 
[STEP0] Architecture and Compiler Information
 
GENESIS_Information> GENESIS Information
  version      = 1.6.0
  commit ID    = $GENESIS_VERSION$
  precision    = double
  nonbonding   = CPU

Build_Information> Compiler Information
  build host   = kyagi@bwmpc0837
  fortran      = GNU Fortran (GCC) 7.2.0
  option       = -O3 -ffast-math -march=native -ffree-line-length-none -fopenmp 
  C            = gcc (GCC) 7.2.0
  option       = -O3 -ffast-math -march=native -fopenmp
  defined var. =  -DMPI -DOMP -DFFTE -DLAPACK -DDSFMT_MEXP=19937 -D__GFORTRAN__
  link option  = -L/home/kyagi/local/lib -fopenmp -lmkl_scalapack_lp64 -lmkl_blacs_intelmpi_lp64 -lmkl_intel_lp64 -lmkl_intel_thread -lmkl_core -liomp5 -lpthread -lm 

Runtime_Information> Machine and Library Information
  date       = 2021/02/03 13:31:31
  cpu model    = Intel(R) Xeon(R) Gold 6148 CPU @ 2.40GHz
  exec. host   = kyagi@bwmpc0270
  LD library   = /home/kyagi/local/lib:/bwfefs/opt/x86_64/intel/compilers_and_libraries_2019.5.281/linux/compiler/lib/intel64_lin:/bwfefs/opt/x86_64/intel/compilers_and_libraries_2019.5.281/linux/mkl/lib/intel64_lin:/bwfefs/opt/x86_64/gcc/7.2.0/lib64:/bwfefs/opt/x86_64/gcc/7.2.0/lib:/bwfefs/opt/x86_64/intel/impi/2019.5.281/intel64/lib/release:/bwfefs/opt/x86_64/intel/impi/2019.5.281/intel64/lib:/bwfefs/opt/x86_64/intel/impi/2019.5.281/intel64/libfabric/lib:/bwfefs/opt/x86_64/intel/parallel_studio_xe_2019.5.075/compilers_and_libraries_2019//linux/compiler/lib/intel64:/bwfefs/opt/x86_64/intel/parallel_studio_xe_2019.5.075/compilers_and_libraries_2019//linux/compiler/lib/intel64_lin:/bwfefs/opt/x86_64/intel/parallel_studio_xe_2019.5.075/compilers_and_libraries_2019//linux/mpi/intel64/lib:/bwfefs/opt/x86_64/intel/parallel_studio_xe_2019.5.075/compilers_and_libraries_2019//linux/mpi/intel64/libfabric/lib:/bwfefs/opt/x86_64/intel/parallel_studio_xe_2019.5.075/compilers_and_libraries_2019//linux/ipp/lib/intel64:/bwfefs/opt/x86_64/intel/parallel_studio_xe_2019.5.075/compilers_and_libraries_2019//linux/compiler/lib/intel64:/bwfefs/opt/x86_64/intel/parallel_studio_xe_2019.5.075/compilers_and_libraries_2019//linux/mkl/lib/intel64:/bwfefs/opt/x86_64/intel/parallel_studio_xe_2019.5.075/compilers_and_libraries_2019//linux/tbb/lib/intel64/gcc4.7:/bwfefs/opt/x86_64/intel/debugger_2019/iga/lib:/bwfefs/opt/x86_64/intel/debugger_2019/libipt/intel64/lib:/bwfefs/opt/x86_64/intel/parallel_studio_xe_2019.5.075/comp

[STEP1] Read Control Parameters
 
Read_Ctrl_Input> Input Files
  topfile = toppar/top_all36_prot.rtf, toppar/top_all36_cgenff.rtf
  parfile = toppar/par_all36_prot.prm, toppar/par_all36_cgenff.prm
  strfile = toppar/toppar_water_ions.str, toppar/toppar_dhap.3.str
  psffile = ../../2.equil/step4_nvt_100.psf
  pdbfile = ../../2.equil/step4_nvt_100.pdb
  rstfile = equil1_7.rst
  reffile = ../../2.equil/step4_nvt_100.pdb
 
Read_Ctrl_Output> Output Files
  dcdfile    = equil1_8.dcd
  rstfile    = equil1_8.rst
 
Read_Ctrl_Energy> Parameters of Energy Calculations
  forcefield      =     CHARMM
  switchdist      =     16.000  cutoffdist      =     18.000
  pairlistdist    =     19.500  dielec_const    =      1.000
  vdW force_switch=        yes
  electrostatic   =  CUTOFF
  implicit_solvent=       none
  table_order     =          3
  table_density   =     20.000
  water_model     =       NONE
  output_style    =    GENESIS
  dispersion_corr =       none
  nonb_limiter    =      no
 
Read_Ctrl_Dynamics> Parameters of MD simulation
  integrator      =       VVER  nsteps          =      20000
  timestep        =     0.0005  initial_time    =     0.0000
  eneout_period   =        500  rstout_period   =        500
  crdout_period   =        500  velout_period   =          0
  nbupdate_period =         10  stoptr_period   =         10
  iseed           =   20190319
  annealing       =         no
  verbose         =         no
  target_md       =         no
  steered_md      =         no
  esp_mm          =         no
 
Read_Ctrl_Constraints> Parameters for Constraints
  rigid_bond      =        yes
  shake_iteration =        500  shake_tolerance =  0.100E-09
  fast_water      =        yes  water_model     =       TIP3
  hydrogen_type   =  name|mass
  noshake_index   = 4  11  12  13
  fixatm_select_index        =       none
 
Read_Ctrl_Ensemble> Parameters for Ensemble
  ensemble        =        NVT
  temperature     =    300.000
  tpcontrol       =      BUSSI
  tau_t           =      5.000
 
Read_Ctrl_Boundary> Parameters of Boundary Condition
  type            =       NOBC
  spherical_pot   =        yes  restart         =          T
  center_info     =       read  modify_ratio    =      1.000
  constant        =     10.000  exponent        =          2
  fixatom         =          T  fix_layer       =      1.000
 
Read_Ctrl_Selection> Parameters of Selection
  # of groups     =         13
    group 1 = sid:DHA or (sid:TIMA and (rno:95 or rno:165) and          not (an:CA  | an:C   | an:O   | an:N | an:HN | an:HA))
    group 2 = atomno:1900 or atomno:5687
    group 3 = atomno:1442
    group 4 = atomno:1443
    group 5 = atomno:2559
    group 6 = atomno:2560
    group 7 = atomno:7583
    group 8 = atomno:7584
    group 9 = atomno:7585
    group 10 = atomno:7586
    group 11 = atomno:7587
    group 12 = atomno:7588
    group 13 = atomno:7589
  # of mole names =          0
 
Read_Ctrl_Restraints> Parameters of Restraint
  numfunc         =   6
  function1 = POSI     
    direction     = ALL 
    constant      = 10.0
    reference     = 
    select_index  = 2
    mode          =   0
    exponent      =   2
    exponent_dist = 
    weight_dist   = 

  function2 = DIST     
    constant      = 300.0
    reference     = 1.8534
    select_index  = 6  12
    mode          =   0
    exponent      =   2
    exponent_dist = 
    weight_dist   = 

  function3 = DIST     
    constant      = 300.0
    reference     = 1.1050
    select_index  = 9  12
    mode          =   0
    exponent      =   2
    exponent_dist = 
    weight_dist   = 

  function4 = DIST     
    constant      = 300.0
    reference     = 1.9944
    select_index  = 5  11
    mode          =   0
    exponent      =   2
    exponent_dist = 
    weight_dist   = 

  function5 = DIST     
    constant      = 300.0
    reference     = 1.8577
    select_index  = 8   4
    mode          =   0
    exponent      =   2
    exponent_dist = 
    weight_dist   = 

  function6 = DIST     
    constant      = 300.0
    reference     = 2.7301
    select_index  = 3  11
    mode          =   0
    exponent      =   2
    exponent_dist = 
    weight_dist   = 

  pressure_position   = NO
  pressure_rmsd     = NO

Read_Ctrl_Fitting_MD> Parameters of Fitting
  fitting method  =  TR+ROT   
  fitting atom    = group1
  mass_weight     =         no
 
Read_Ctrl_QMMM> Parameters of QM/MM
  qmtyp              = qsimulate
  qmcnt              = qsimulate.json
  qmexe              = 
  workdir            = equil1_8
  savedir            = none
  basename           = job
  qmsave_period      = 500
  qmmaxtrial         = 1
  qmatm_select_index = 1
  exclude_charge     = GROUP
 
[STEP2] Setup MPI
 
Setup_Mpi_Md> Summary of Setup MPI
  number of MPI processes   =          4
  number of OpenMP threads  =         10
  total number of CPU cores =         40

[STEP3] Set Relevant Variables and Structures
 
Input_Top> Summary of Topfile
  num_atom_class  =        212  num_resi_type   =        685
 
Input_Par> Summary of Parfile
  num_bonds       =        658  num_angles      =       2003
  num_dihedrals   =       4838  num_impropers   =        163
  num_atom_cls    =        212  num_nbfix       =         75
  num_cmap_terms  =          6
 
Input_Str> Summary of Top information
  num_atom_class  =        227  num_resi_type   =        700
 
Input_Str> Summary of Par information
  num_bonds       =        663  num_angles      =       2006
  num_dihedrals   =       4850  num_impropers   =        163
  num_atom_cls    =        227  num_nbfix       =         90
  num_cmap_terms  =          6
 
Read_Psf> Summary of Psffile
  psftype         =      xplor
  num_atoms       =      37226  num_bonds       =      37288
  num_angles      =      23768  num_dihedrals   =      20268
  num_impropers   =       1292  num_cmap_terms  =        494
  num_HB_donors   =      20596  num_HB_acceptors=      10610
  num_NB_exclusion=          0  num_groups      =      12168
  total_charge    =    -10.000
 
Check_Pdb> 6-column residue sequence number
 
Read_Pdb> Summary of Data in PDB file
  num_atoms       =      37226
 
Read_Rst_Binary> Summary of RST file
  num_atoms       =      37226  iseed           =   20190319
  boxsize (x,y,z) =      0.000     0.000     0.000
  spherical_pot     =      yes
  nfunctions                 2  num_fixatm              9645
  num_of_qm_charge          35

Define_Molecule> Summary of molecules
  num_atoms       =      37226  num_bonds       =      37288
  num_angles      =      23768  num_dihedrals   =      20268
  num_impropers   =       1292  num_cmap_terms  =        494
  num_residues    =      10370  num_molecules   =       9878
  num_segments    =          6  num_deg_freedom =     111678
  total_charge    =    -10.000
 
Setup_Boundary> Setup Variables for Boundary Condition
  origin(x,y,z)   =      0.000     0.000     0.000
  nfunctions      =        2
    center(x,y,z) =     17.000     0.000     0.000
    radius        =     35.000
    constant      =     10.000
    exponent      =          2
    center(x,y,z) =    -17.000     0.000     0.000
    radius        =     35.000
    constant      =     10.000
    exponent      =          2

  num_fixatm      =     9645

 
Random_Init> Initialize the random number
  seed            = 20190319

Setup_QMMM> Setup QM region
  QM assignment info
  1435 TIMA     95 HSE    CB   CT2    assigned to QM atom    1 of element: C     6
  1436 TIMA     95 HSE    HB1  HA2    assigned to QM atom    2 of element: H     1
  1437 TIMA     95 HSE    HB2  HA2    assigned to QM atom    3 of element: H     1
  1438 TIMA     95 HSE    ND1  NR2    assigned to QM atom    4 of element: N     7
  1439 TIMA     95 HSE    CG   CPH1   assigned to QM atom    5 of element: C     6
  1440 TIMA     95 HSE    CE1  CPH2   assigned to QM atom    6 of element: C     6
  1441 TIMA     95 HSE    HE1  HR1    assigned to QM atom    7 of element: H     1
  1442 TIMA     95 HSE    NE2  NR1    assigned to QM atom    8 of element: N     7
  1443 TIMA     95 HSE    HE2  H      assigned to QM atom    9 of element: H     1
  1444 TIMA     95 HSE    CD2  CPH1   assigned to QM atom   10 of element: C     6
  1445 TIMA     95 HSE    HD2  HR3    assigned to QM atom   11 of element: H     1
  2552 TIMA    165 GLU    CB   CT2A   assigned to QM atom   12 of element: C     6
  2553 TIMA    165 GLU    HB1  HA2    assigned to QM atom   13 of element: H     1
  2554 TIMA    165 GLU    HB2  HA2    assigned to QM atom   14 of element: H     1
  2555 TIMA    165 GLU    CG   CT2    assigned to QM atom   15 of element: C     6
  2556 TIMA    165 GLU    HG1  HA2    assigned to QM atom   16 of element: H     1
  2557 TIMA    165 GLU    HG2  HA2    assigned to QM atom   17 of element: H     1
  2558 TIMA    165 GLU    CD   CC     assigned to QM atom   18 of element: C     6
  2559 TIMA    165 GLU    OE1  OC     assigned to QM atom   19 of element: O     8
  2560 TIMA    165 GLU    OE2  OC     assigned to QM atom   20 of element: O     8
  7575 DHA     249 DHAP   P    PG2    assigned to QM atom   21 of element: P    15
  7576 DHA     249 DHAP   O1P  OG303  assigned to QM atom   22 of element: O     8
  7577 DHA     249 DHAP   O2P  OG2P1  assigned to QM atom   23 of element: O     8
  7578 DHA     249 DHAP   O3P  OG2P1  assigned to QM atom   24 of element: O     8
  7579 DHA     249 DHAP   O4P  OG2P1  assigned to QM atom   25 of element: O     8
  7580 DHA     249 DHAP   C1   CG321  assigned to QM atom   26 of element: C     6
  7581 DHA     249 DHAP   H11  HGA2   assigned to QM atom   27 of element: H     1
  7582 DHA     249 DHAP   H12  HGA2   assigned to QM atom   28 of element: H     1
  7583 DHA     249 DHAP   C2   CG2O5  assigned to QM atom   29 of element: C     6
  7584 DHA     249 DHAP   O2   OG2D3  assigned to QM atom   30 of element: O     8
  7585 DHA     249 DHAP   C3   CG321  assigned to QM atom   31 of element: C     6
  7586 DHA     249 DHAP   O3   OG311  assigned to QM atom   32 of element: O     8
  7587 DHA     249 DHAP   HO3  HGP1   assigned to QM atom   33 of element: H     1
  7588 DHA     249 DHAP   H31  HGA2   assigned to QM atom   34 of element: H     1
  7589 DHA     249 DHAP   H32  HGA2   assigned to QM atom   35 of element: H     1
  number of QM atoms = 35
 
  QM charges retreived from rstfile.
 

Generate_LinkAtoms> QM-MM interface info. Link hydrogen is set between:
              [ QM atom ]             -             [ MM atom ]
  1435 TIMA     95 HSE    CB   CT2    -   1433 TIMA     95 HSE    CA   CT1   
                                          1431 TIMA     95 HSE    N    NH1    excluded
                                          1432 TIMA     95 HSE    HN   H      excluded
                                          1434 TIMA     95 HSE    HA   HB1    excluded
  2552 TIMA    165 GLU    CB   CT2A   -   2550 TIMA    165 GLU    CA   CT1   
                                          2548 TIMA    165 GLU    N    NH1    excluded
                                          2549 TIMA    165 GLU    HN   H      excluded
                                          2551 TIMA    165 GLU    HA   HB1    excluded

  number of link atoms           = 2
  number of external MM charges  = 37183


  Check the input file for QSimulate [ qsimulate.json ]
Setup_Enefunc_Cmap_Par> Natural spline is used to derive cmap coefs.

Setup_Enefunc_Table> Setup Variables for LookupTable
  num_solutes     =      37226  num_waters      =          0

Setup_Enefunc_Restraint> Setup restraint groups
 group =     1, "sid:DHA or (sid:TIMA and (rno:95 or rno:165) and          not (an:CA  | an:C   | an:O   | an:N | an:HN | an:HA))"
 # of atoms =    35
 atomlist: 
   1435   1436   1437   1438   1439   1440   1441   1442   1443   1444
   1445   2552   2553   2554   2555   2556   2557   2558   2559   2560
   7575   7576   7577   7578   7579   7580   7581   7582   7583   7584
   7585   7586   7587   7588   7589
 group =     2, "atomno:1900 or atomno:5687"
 # of atoms =     2
 atomlist: 
   1900   5687
 group =     3, "atomno:1442"
 # of atoms =     1
 atomlist: 
   1442
 group =     4, "atomno:1443"
 # of atoms =     1
 atomlist: 
   1443
 group =     5, "atomno:2559"
 # of atoms =     1
 atomlist: 
   2559
 group =     6, "atomno:2560"
 # of atoms =     1
 atomlist: 
   2560
 group =     7, "atomno:7583"
 # of atoms =     1
 atomlist: 
   7583
 group =     8, "atomno:7584"
 # of atoms =     1
 atomlist: 
   7584
 group =     9, "atomno:7585"
 # of atoms =     1
 atomlist: 
   7585
 group =    10, "atomno:7586"
 # of atoms =     1
 atomlist: 
   7586
 group =    11, "atomno:7587"
 # of atoms =     1
 atomlist: 
   7587
 group =    12, "atomno:7588"
 # of atoms =     1
 atomlist: 
   7588
 group =    13, "atomno:7589"
 # of atoms =     1
 atomlist: 
   7589
Setup_Enefunc_Restraint> Setup restraint functions
 func  =     1 kind  =     1
 const(total, x, y, z) =   10.000   1.000   1.000   1.000
 exponend of function =     2
 # of groups  =     1
 grouplist:   2

 func  =     2 kind  =     2
 const             =  300.000
 ref               =    1.853
 exponend of function =     2
 # of distances  =     1
 distancelist: 
 group = (  6, 12) weight =    1.000 exponent =     1

 func  =     3 kind  =     2
 const             =  300.000
 ref               =    1.105
 exponend of function =     2
 # of distances  =     1
 distancelist: 
 group = (  9, 12) weight =    1.000 exponent =     1

 func  =     4 kind  =     2
 const             =  300.000
 ref               =    1.994
 exponend of function =     2
 # of distances  =     1
 distancelist: 
 group = (  5, 11) weight =    1.000 exponent =     1

 func  =     5 kind  =     2
 const             =  300.000
 ref               =    1.858
 exponend of function =     2
 # of distances  =     1
 distancelist: 
 group = (  8,  4) weight =    1.000 exponent =     1

 func  =     6 kind  =     2
 const             =  300.000
 ref               =    2.730
 exponend of function =     2
 # of distances  =     1
 distancelist: 
 group = (  3, 11) weight =    1.000 exponent =     1

Define_Enefunc_CHARMM> Number of Interactions in Each Term
  bond_ene        =      37255  angle_ene       =      23717
  urey_ene        =       6639
  torsion_ene     =      23862  improper_ene    =       1285
  cmap_ene        =        494
  restraint_groups=         13  restraint_funcs =          6
 
Setup_Fitting_Atdyn> NO fitting is applied, skip
  fitting method  =  NO

Update_Num_Deg_Freedom> Number of degrees of freedom was updated
  num_deg_freedom =      82743 (After setup of fixed atoms at boundary)
 
Remove_Fixatm> Modified Interactions
  bond_ene        =      27610  angle_ene       =      20502
  urey_ene        =       6639
  torsion_ene     =      23862  improper_ene    =       1285
 
Setup_Constraints> The following atoms are excluded from SHAKE:
    1443    7587    7588    7589
Setup_Settle> Setup constraints for SETTLE
  num_unconsbonds =       7633      num_Settle  =       6659
  r0(O-H)         =     0.9572  mass(O)         =    15.9994
  r0(H-H)         =     1.5139  mass(H)         =     1.0080
 
Setup_Shake> Setup constrains for SHAKE and RATTLE
  num_unconsbonds =       3837  num_rigid_bonds =       3796
 
  num_qm_rigid_bonds =         10
 
Update_Num_Deg_Freedom> Number of degrees of freedom was updated
  num_deg_freedom =      62766 (After setup of SETTLE)
 
Update_Num_Deg_Freedom> Number of degrees of freedom was updated
  num_deg_freedom =      58960 (After setup of SHAKE/RATTLE)
 
[STEP4] Compute Single Point Energy for Molecules
 
            STEP            BOND           ANGLE    UREY-BRADLEY        DIHEDRAL        IMPROPER            CMAP         VDWAALS           ELECT    RESTRAINT001    RESTRAINT002    RESTRAINT003    RESTRAINT004    RESTRAINT005    RESTRAINT006    RESTR_CVS001    RESTR_CVS002    RESTR_CVS003    RESTR_CVS004    RESTR_CVS005    RESTR_CVS006              QM            SPOT
 --------------- --------------- --------------- --------------- ---------------
               0       1487.1149       3776.4940        455.5018       4505.4501        270.2810       -185.2746       7163.7698    -117199.2311          5.8120          2.1705          0.6185          0.9837          0.0038          0.0937          0.0000          1.9385          1.0596          1.9371          1.8613          2.7478     -35997.5759         17.1529

[STEP5] Perform Molecular Dynamics Simulation
 
INFO:       STEP            TIME       TOTAL_ENE   POTENTIAL_ENE     KINETIC_ENE            RMSG            BOND           ANGLE    UREY-BRADLEY        DIHEDRAL        IMPROPER            CMAP         VDWAALS           ELECT RESTRAINT_TOTAL    RESTRAINT001    RESTRAINT002    RESTRAINT003    RESTRAINT004    RESTRAINT005    RESTRAINT006    RESTR_CVS001    RESTR_CVS002    RESTR_CVS003    RESTR_CVS004    RESTR_CVS005    RESTR_CVS006     TEMPERATURE          VOLUME              QM            SPOT
 --------------- --------------- --------------- --------------- ---------------
INFO:        500          0.2500    -117982.8403    -135825.1506      17842.3103         12.5810       1490.1062       3720.3196        460.1257       4480.5142        268.1262       -175.1805       7046.4102    -117089.6189          3.7529          2.4876          0.1763          0.0002          0.8529          0.1508          0.0850          0.0000          1.8776          1.1057          2.0477          1.8801          2.7469        304.5678          0.0000     -36029.7061         20.2675

INFO:       1000          0.5000    -117993.1608    -135615.2894      17622.1286         12.6779       1525.5643       3746.0634        461.9307       4464.3056        300.2516       -209.9960       7518.8158    -117419.4649          5.2594          2.7385          0.6442          1.0822          0.2944          0.3525          0.1476          0.0000          1.8071          1.1651          1.9631          1.8920          2.7523        300.8093          0.0000     -36008.0194         18.2468

INFO:       1500          0.7500    -118033.7636    -135804.2707      17770.5071         12.6182       1493.3302       3731.2613        467.2070       4482.2105        280.3863       -194.6755       7470.7036    -117512.3411          4.0364          2.2442          0.0504          0.1717          0.0079          0.0410          1.5211          0.0000          1.8664          1.1289          1.9995          1.8694          2.6589        303.3421          0.0000     -36026.3893         19.4099

INFO:       2000          1.0000    -118036.8977    -135699.6322      17662.7345         12.5970       1495.8201       3726.5725        466.8162       4483.6083        258.9201       -185.1759       7153.4260    -117105.1845          7.4108          3.9240          2.5766          0.1014          0.5761          0.0757          0.1569          0.0000          1.9461          1.0866          1.9506          1.8736          2.7530        301.5025          0.0000     -36001.8456         15.6180

INFO:       2500          1.2500    -118003.2463    -135618.1840      17614.9377         12.5735       1489.8338       3650.7287        464.9803       4517.2171        279.4483       -176.5288       6981.0745    -116823.0649          3.2410          2.1539          0.5851          0.0480          0.3873          0.0664          0.0004          0.0000          1.8092          1.0924          2.0303          1.8726          2.7289        300.6866          0.0000     -36005.1141         17.3685

INFO:       3000          1.5000    -118010.5478    -135691.9331      17681.3853         12.6174       1520.3413       3794.1190        461.5268       4480.9599        239.7118       -184.3363       7190.3456    -117201.5467          3.0542          1.6194          0.4186          0.2983          0.5708          0.0000          0.1472          0.0000          1.8908          1.1365          1.9508          1.8577          2.7079        301.8208          0.0000     -35996.1086         20.2803

INFO:       3500          1.7500    -118007.1184    -135766.0623      17758.9439         12.5923       1494.9641       3772.2664        468.8631       4470.2298        260.8492       -186.0147       7152.0891    -117183.4930          2.8924          1.8578          0.0316          0.8369          0.1329          0.0225          0.0108          0.0000          1.8637          1.1578          2.0154          1.8490          2.7241        303.1447          0.0000     -36018.7088         18.5222

INFO:       4000          2.0000    -117991.8935    -135705.8899      17713.9963         12.6062       1484.1640       3775.1318        471.9579       4506.6829        267.5835       -198.1812       7273.9641    -117286.4870          4.7681          3.6024          0.1490          0.6562          0.2799          0.0067          0.0739          0.0000          1.8311          1.1518          1.9639          1.8624          2.7144        302.3775          0.0000     -36005.4741         12.4077

INFO:       4500          2.2500    -117998.8466    -135711.7334      17712.8869         12.5775       1480.5252       3793.9697        468.8810       4510.9227        281.3223       -198.7213       7243.9527    -117301.1878          5.5225          3.1452          0.0430          0.7614          0.6980          0.2429          0.6322          0.0000          1.8654          1.0546          2.0426          1.8862          2.7760        302.3586          0.0000     -35996.9204         24.4040

INFO:       5000          2.5000    -118011.7546    -135719.8053      17708.0507         12.5963       1466.8549       3798.1909        469.6281       4512.4037        260.7387       -185.1211       7194.5760    -117231.3251          3.8350          2.0327          0.0350          0.7480          0.0009          0.7193          0.2992          0.0000          1.8426          1.1549          1.9927          1.9067          2.6985        302.2760          0.0000     -36009.5864         19.4990

INFO:       5500          2.7500    -118047.6441    -135750.1010      17702.4568         12.6067       1506.3054       3743.1830        470.5843       4509.2684        245.9100       -193.2898       7198.9395    -117259.2832          3.9110          2.1779          1.2762          0.1740          0.2432          0.0003          0.0394          0.0000          1.9186          1.0809          2.0229          1.8567          2.7416        302.1805          0.0000     -35975.6295         12.1207

INFO:       6000          3.0000    -118057.2937    -135664.4987      17607.2050         12.6028       1578.9939       3705.2388        466.5596       4467.4453        269.7349       -181.7109       7320.6863    -117266.8702          3.5656          2.9044          0.1577          0.2766          0.2074          0.0067          0.0129          0.0000          1.8763          1.1354          1.9681          1.8530          2.7367        300.5546          0.0000     -36028.1422         12.0458

INFO:       6500          3.2500    -118078.2880    -135720.6353      17642.3472         12.5721       1482.9994       3758.3873        473.1113       4527.3993        274.8342       -205.2096       7309.6765    -117350.8175          2.9413          1.5567          0.6497          0.0176          0.0002          0.5638          0.1531          0.0000          1.8069          1.1127          1.9953          1.9011          2.7075        301.1544          0.0000     -35993.9574         14.8783

INFO:       7000          3.5000    -118049.4546    -135768.2962      17718.8416         12.5370       1471.3780       3712.6505        467.9057       4490.0139        242.5950       -197.8289       7191.8007    -117153.8888          1.6675          1.1449          0.0458          0.0013          0.2211          0.2403          0.0141          0.0000          1.8410          1.1029          2.0215          1.8860          2.7370        302.4602          0.0000     -35994.5899         16.8446

INFO:       7500          3.7500    -118024.2840    -135391.0710      17366.7870         12.5864       1506.0073       3793.1143        460.8320       4489.1657        251.0364       -189.8312       7336.0260    -117012.3709          1.2405          0.7057          0.0861          0.0651          0.0671          0.2549          0.0615          0.0000          1.8703          1.1197          1.9794          1.8285          2.7444        296.4506          0.0000     -36026.2911         17.3539

INFO:       8000          4.0000    -118067.1780    -135623.5589      17556.3810         12.5504       1521.0638       3728.7469        456.9127       4505.2183        255.9827       -189.5987       7148.1351    -117059.2795          2.6467          1.7618          0.0398          0.0023          0.4245          0.1018          0.3164          0.0000          1.8649          1.1078          2.0320          1.8761          2.7626        299.6870          0.0000     -35993.3870         14.3953

INFO:       8500          4.2500    -118055.5688    -135781.2128      17725.6440         12.5912       1540.2532       3668.6835        449.6336       4477.2533        250.2038       -199.8729       7066.8867    -117022.1833          2.9076          0.8873          0.2038          0.0002          1.4003          0.0004          0.4157          0.0000          1.8273          1.1058          1.9261          1.8588          2.7673        302.5763          0.0000     -36014.9783         15.9764

INFO:       9000          4.5000    -118064.9909    -135665.1054      17600.1145         12.5724       1506.7254       3741.0868        452.0815       4477.2379        251.4794       -189.8697       7297.7250    -117170.1286          3.4921          1.3936          0.2860          0.3599          0.2256          0.7787          0.4483          0.0000          1.8843          1.1396          1.9670          1.9086          2.7688        300.4335          0.0000     -36034.9352         12.6392

INFO:       9500          4.7500    -118057.1116    -135580.6724      17523.5608         12.6122       1515.8897       3725.4033        458.3871       4516.8401        274.5923       -208.7875       7146.0738    -116975.5460          2.5222          0.3016          2.0573          0.0095          0.0706          0.0650          0.0181          0.0000          1.9362          1.1106          1.9791          1.8724          2.7223        299.1268          0.0000     -36036.0473         16.7904

INFO:      10000          5.0000    -118062.9405    -135694.8299      17631.8894         12.5773       1451.3396       3718.0367        468.9937       4496.8040        271.3287       -191.5534       7176.7430    -117060.6337          4.1313          3.5480          0.2853          0.0057          0.0126          0.2561          0.0236          0.0000          1.8842          1.1094          1.9879          1.8869          2.7212        300.9759          0.0000     -36030.0198         19.0475

INFO:      10500          5.2500    -117994.9017    -135581.2081      17586.3064         12.6280       1499.3379       3796.4920        476.8869       4497.6114        267.3753       -184.5306       7143.4500    -117068.4355          1.9284          1.3372          0.2214          0.0499          0.0064          0.1159          0.1975          0.0000          1.8806          1.0921          1.9990          1.8774          2.7044        300.1978          0.0000     -36011.3240         16.0282

INFO:      11000          5.5000    -117984.0088    -135566.3767      17582.3679         12.5373       1428.7455       3753.6754        466.8661       4483.1099        261.2067       -189.3879       6945.6543    -116666.9433          3.2592          2.2066          0.1240          0.0616          0.1353          0.4011          0.3306          0.0000          1.8331          1.0907          1.9732          1.8211          2.7633        300.1306          0.0000     -36052.5626         17.2106

INFO:      11500          5.7500    -117942.7984    -135591.1726      17648.3742         12.6557       1526.2671       3764.6219        481.7112       4506.3377        257.6112       -194.5299       7335.1790    -117230.8347          2.5442          0.7264          0.6913          0.2792          0.0354          0.0036          0.8082          0.0000          1.9014          1.1355          1.9835          1.8612          2.6782        301.2573          0.0000     -36040.0803         12.3919

INFO:      12000          6.0000    -117899.1646    -135641.3607      17742.1961         12.5885       1536.0342       3783.4691        466.5491       4470.2586        260.8300       -193.5052       6800.0447    -116753.1168          2.0818          1.1756          0.0016          0.0306          0.8647          0.0041          0.0051          0.0000          1.8557          1.0949          2.0481          1.8614          2.7342        302.8589          0.0000     -36014.0061         12.9968

INFO:      12500          6.2500    -117865.8601    -135590.3468      17724.4867         12.5865       1533.6723       3703.7469        479.4274       4501.8177        282.3340       -174.1189       7131.3665    -117051.5865          2.4693          1.1970          0.6430          0.1134          0.0596          0.0087          0.4476          0.0000          1.8997          1.1244          1.9803          1.8631          2.6915        302.5566          0.0000     -35999.4756         15.5723

INFO:      13000          6.5000    -117886.8352    -135481.2635      17594.4283         12.5980       1512.0402       3791.6742        470.2321       4499.4500        268.5123       -189.1353       7337.5712    -117136.2963          3.3819          1.6164          0.2074          0.0002          0.0255          0.0007          1.5318          0.0000          1.8797          1.1043          2.0036          1.8562          2.6586        300.3365          0.0000     -36038.6938         21.3742

INFO:      13500          6.7500    -117936.3065    -135657.1760      17720.8695         12.6167       1479.0921       3832.3499        484.1505       4549.4820        271.5487       -214.4174       7082.7975    -117101.9333          2.6765          1.6874          0.0990          0.0126          0.0001          0.7079          0.1694          0.0000          1.8352          1.0985          1.9950          1.9063          2.7063        302.4948          0.0000     -36042.9226          9.9452

INFO:      14000          7.0000    -117986.2633    -135716.4145      17730.1512         12.6107       1482.1726       3827.1842        473.4176       4458.3570        263.2159       -173.6607       7199.6370    -117253.3740          2.3205          1.8024          0.0916          0.1309          0.2914          0.0000          0.0042          0.0000          1.8709          1.0841          1.9632          1.8574          2.7338        302.6533          0.0000     -35995.6847         12.8819

INFO:      14500          7.2500    -118024.3073    -135723.4898      17699.1825         12.5119       1460.9728       3704.0335        469.4226       4507.5925        260.7208       -207.0077       7193.4589    -117140.1570          5.1537          2.9322          0.0181          0.0423          0.1812          1.1044          0.8755          0.0000          1.8612          1.0931          2.0190          1.7970          2.6761        302.1246          0.0000     -35977.6800         15.6452

INFO:      15000          7.5000    -117995.7660    -135657.0567      17661.2907         12.5874       1518.0048       3725.6711        486.5690       4499.3944        268.3319       -174.7083       7072.4834    -117069.7137          3.5418          2.5562          0.0439          0.1467          0.0144          0.4736          0.3069          0.0000          1.8413          1.1271          2.0013          1.8974          2.7621        301.4778          0.0000     -35986.6311         17.2585

INFO:      15500          7.7500    -118042.8650    -135585.6575      17542.7925         12.5699       1440.9299       3755.7168        461.0353       4462.1499        279.8924       -178.1932       7329.4509    -117139.8125          2.4461          1.6796          0.0308          0.3014          0.1869          0.0242          0.2233          0.0000          1.8635          1.1367          1.9694          1.8667          2.7574        299.4550          0.0000     -35999.2730         15.1387

INFO:      16000          8.0000    -118048.3332    -135681.2893      17632.9561         12.5472       1507.3793       3720.4437        494.6865       4470.8516        283.2516       -193.1984       7254.0993    -117220.9989          3.1005          2.1867          0.0551          0.0890          0.0627          0.3484          0.3586          0.0000          1.8669          1.0878          2.0089          1.8918          2.6955        300.9941          0.0000     -36000.9046         18.0527

INFO:      16500          8.2500    -118008.7703    -135549.5514      17540.7811         12.6091       1446.5692       3789.9089        476.6369       4490.8108        265.5313       -184.4422       7163.1567    -116995.3932          3.2574          1.2143          0.2147          0.0143          0.8146          0.1498          0.8497          0.0000          1.8267          1.1119          1.9423          1.8800          2.6769        299.4207          0.0000     -36005.5874         19.8573

INFO:      17000          8.5000    -118008.7673    -135651.9763      17643.2091         12.6042       1469.0741       3834.2108        479.2198       4465.8589        261.3640       -191.5624       7388.5023    -117356.9854          4.8304          2.4770          0.4650          0.2078          0.0116          1.6363          0.0328          0.0000          1.8928          1.1313          2.0006          1.9316          2.7406        301.1692          0.0000     -36006.4889         14.6520

INFO:      17500          8.7500    -117990.3960    -135468.7819      17478.3859         12.5437       1482.4831       3759.1653        469.2567       4452.1296        266.5343       -185.6519       7295.0913    -116983.6946          7.1319          6.0958          0.3384          0.0309          0.0848          0.0142          0.5679          0.0000          1.8198          1.0948          1.9776          1.8508          2.6866        298.3556          0.0000     -36031.2276         13.7945

INFO:      18000          9.0000    -118013.1751    -135619.5222      17606.3471         12.5683       1507.2742       3771.1203        482.4478       4467.8118        287.9772       -185.4330       7176.2940    -117108.7278          3.7524          2.7404          0.1354          0.5367          0.0531          0.2563          0.0305          0.0000          1.8746          1.1473          1.9811          1.8869          2.7200        300.5399          0.0000     -36022.0392         11.8659

INFO:      18500          9.2500    -118032.4164    -135492.2360      17459.8196         12.5679       1479.3783       3778.0578        484.5189       4478.1381        264.0965       -186.7538       7298.6221    -117072.9122          3.6520          1.7004          1.0783          0.1260          0.0807          0.2923          0.3743          0.0000          1.9134          1.1255          2.0108          1.8889          2.6948        298.0387          0.0000     -36019.0337         19.6663

INFO:      19000          9.5000    -117970.2113    -135582.9292      17612.7178         12.5936       1454.5734       3820.2238        475.4509       4508.8424        281.6894       -197.4966       7376.3707    -117276.8892          5.9521          4.9334          0.0398          0.5710          0.0210          0.3794          0.0076          0.0000          1.8649          1.1486          2.0028          1.8933          2.7351        300.6487          0.0000     -36031.6460         25.9651

INFO:      19500          9.7500    -117993.7524    -135613.9640      17620.2116         12.5946       1445.1442       3806.5026        473.2010       4514.5115        283.3874       -183.0152       7110.7617    -117050.7390          1.7398          0.8991          0.0015          0.1061          0.6393          0.0040          0.0898          0.0000          1.8557          1.1238          1.9482          1.8541          2.7474        300.7766          0.0000     -36015.4581         12.8822

INFO:      20000         10.0000    -118008.4458    -135663.6549      17655.2091         12.5298       1453.5655       3728.1817        467.7410       4485.2757        264.1601       -168.1291       7146.1071    -117056.8972          6.1560          2.9806          2.2218          0.0078          0.0330          0.6455          0.2672          0.0000          1.9395          1.1101          1.9839          1.8113          2.7003        301.3740          0.0000     -35989.8156         17.7952

 
[STEP6] Deallocate Arrays
 
Output_Time> Averaged timer profile (Min, Max)
  total time      =    2620.551
    setup         =       8.181
    dynamics      =    2612.370
      energy      =    2426.726
      integrator  =      41.736
      pairlist    =     143.711 (     136.840,     158.185)
  energy           
    bond          =       0.482 (       0.473,       0.501)
    angle         =       2.764 (       2.675,       2.831)
    dihedral      =       6.682 (       6.380,       6.966)
    nonbond       =     799.030 (     773.798,     820.721)
      pme real    =     799.025 (     773.792,     820.716)
      pme recip   =       0.000 (       0.000,       0.000)
    solvation     =       0.000 (       0.000,       0.000)
      polar       =       0.000 (       0.000,       0.000)
      non-polar   =       0.000 (       0.000,       0.000)
    restraint     =       0.122 (       0.112,       0.136)
    qmmm          =    1566.230 (    1566.184,    1566.299)
  integrator       
    constraint    =      22.708 (      22.098,      23.442)
    update        =       0.000 (       0.000,       0.000)
    comm_coord    =       0.000 (       0.000,       0.000)
    comm_force    =       0.000 (       0.000,       0.000)
    comm_migrate  =       0.000 (       0.000,       0.000)

Note: The following floating-point exceptions are signalling: IEEE_OVERFLOW_FLAGNote: The following floating-point exceptions are signalling:Note: The following floating-point exceptions are signalling: IEEE_OVERFLOW_FLAG IEEE_UNDERFLOW_FLAG IEEE_DENORMAL
 IEEE_UNDERFLOW_FLAG IEEE_DENORMAL
Note: The following floating-point exceptions are signalling: IEEE_OVERFLOW_FLAG IEEE_UNDERFLOW_FLAG IEEE_DENORMAL
 IEEE_OVERFLOW_FLAG IEEE_UNDERFLOW_FLAG IEEE_DENORMAL
