(10.2.13.46:0,1,2,3)

[0] MPI startup(): libfabric version: 1.7.2a-impi
[0] MPI startup(): libfabric provider: verbs;ofi_rxm
[0] MPI startup(): Rank    Pid      Node name  Pin cpu
[0] MPI startup(): 0       233576   bwmpc0270  {0,1,2,3,4,5,6,7,8,9}
[0] MPI startup(): 1       233577   bwmpc0270  {10,11,12,13,14,15,16,17,18,19}
[0] MPI startup(): 2       233578   bwmpc0270  {20,21,22,23,24,25,26,27,28,29}
[0] MPI startup(): 3       233579   bwmpc0270  {30,31,32,33,34,35,36,37,38,39}
[0] MPI startup(): I_MPI_ROOT=/bwfefs/opt/x86_64/intel/compilers_and_libraries_2019.5.281/linux/mpi
[0] MPI startup(): I_MPI_HYDRA_BOOTSTRAP_EXEC=/bin/pjrsh
[0] MPI startup(): I_MPI_HYDRA_BOOTSTRAP_AUTOFORK=0
[0] MPI startup(): I_MPI_HYDRA_TOPOLIB=hwloc
[0] MPI startup(): I_MPI_HYDRA_HOST_FILE=/bwfefs/home/kyagi/tim/tim5/b3lypD3.rpath1/3.equil1/.d0011452918_nodeinfo
[0] MPI startup(): I_MPI_PERHOST=4
[0] MPI startup(): I_MPI_PIN=1
[0] MPI startup(): I_MPI_PIN_RESPECT_HCA=0
[0] MPI startup(): I_MPI_INTERNAL_MEM_POLICY=default
[0] MPI startup(): I_MPI_DEBUG=5
****************************************************
*                                                  *
*                  GENESIS ATDYN                   *
*                                                  *
*        A Molecular Dynamics Simulator with       *
*            Atomic Decomposition Scheme           *
*                                                  *
*               Developed by RIKEN                 *
*                                                  *
****************************************************
 
[STEP0] Architecture and Compiler Information
 
GENESIS_Information> GENESIS Information
  version      = 1.6.0
  commit ID    = $GENESIS_VERSION$
  precision    = double
  nonbonding   = CPU

Build_Information> Compiler Information
  build host   = kyagi@bwmpc0837
  fortran      = GNU Fortran (GCC) 7.2.0
  option       = -O3 -ffast-math -march=native -ffree-line-length-none -fopenmp 
  C            = gcc (GCC) 7.2.0
  option       = -O3 -ffast-math -march=native -fopenmp
  defined var. =  -DMPI -DOMP -DFFTE -DLAPACK -DDSFMT_MEXP=19937 -D__GFORTRAN__
  link option  = -L/home/kyagi/local/lib -fopenmp -lmkl_scalapack_lp64 -lmkl_blacs_intelmpi_lp64 -lmkl_intel_lp64 -lmkl_intel_thread -lmkl_core -liomp5 -lpthread -lm 

Runtime_Information> Machine and Library Information
  date       = 2021/02/03 12:47:49
  cpu model    = Intel(R) Xeon(R) Gold 6148 CPU @ 2.40GHz
  exec. host   = kyagi@bwmpc0270
  LD library   = /home/kyagi/local/lib:/bwfefs/opt/x86_64/intel/compilers_and_libraries_2019.5.281/linux/compiler/lib/intel64_lin:/bwfefs/opt/x86_64/intel/compilers_and_libraries_2019.5.281/linux/mkl/lib/intel64_lin:/bwfefs/opt/x86_64/gcc/7.2.0/lib64:/bwfefs/opt/x86_64/gcc/7.2.0/lib:/bwfefs/opt/x86_64/intel/impi/2019.5.281/intel64/lib/release:/bwfefs/opt/x86_64/intel/impi/2019.5.281/intel64/lib:/bwfefs/opt/x86_64/intel/impi/2019.5.281/intel64/libfabric/lib:/bwfefs/opt/x86_64/intel/parallel_studio_xe_2019.5.075/compilers_and_libraries_2019//linux/compiler/lib/intel64:/bwfefs/opt/x86_64/intel/parallel_studio_xe_2019.5.075/compilers_and_libraries_2019//linux/compiler/lib/intel64_lin:/bwfefs/opt/x86_64/intel/parallel_studio_xe_2019.5.075/compilers_and_libraries_2019//linux/mpi/intel64/lib:/bwfefs/opt/x86_64/intel/parallel_studio_xe_2019.5.075/compilers_and_libraries_2019//linux/mpi/intel64/libfabric/lib:/bwfefs/opt/x86_64/intel/parallel_studio_xe_2019.5.075/compilers_and_libraries_2019//linux/ipp/lib/intel64:/bwfefs/opt/x86_64/intel/parallel_studio_xe_2019.5.075/compilers_and_libraries_2019//linux/compiler/lib/intel64:/bwfefs/opt/x86_64/intel/parallel_studio_xe_2019.5.075/compilers_and_libraries_2019//linux/mkl/lib/intel64:/bwfefs/opt/x86_64/intel/parallel_studio_xe_2019.5.075/compilers_and_libraries_2019//linux/tbb/lib/intel64/gcc4.7:/bwfefs/opt/x86_64/intel/debugger_2019/iga/lib:/bwfefs/opt/x86_64/intel/debugger_2019/libipt/intel64/lib:/bwfefs/opt/x86_64/intel/parallel_studio_xe_2019.5.075/comp

[STEP1] Read Control Parameters
 
Read_Ctrl_Input> Input Files
  topfile = toppar/top_all36_prot.rtf, toppar/top_all36_cgenff.rtf
  parfile = toppar/par_all36_prot.prm, toppar/par_all36_cgenff.prm
  strfile = toppar/toppar_water_ions.str, toppar/toppar_dhap.3.str
  psffile = ../../2.equil/step4_nvt_100.psf
  pdbfile = ../../2.equil/step4_nvt_100.pdb
  rstfile = equil1_6.rst
  reffile = ../../2.equil/step4_nvt_100.pdb
 
Read_Ctrl_Output> Output Files
  dcdfile    = equil1_7.dcd
  rstfile    = equil1_7.rst
 
Read_Ctrl_Energy> Parameters of Energy Calculations
  forcefield      =     CHARMM
  switchdist      =     16.000  cutoffdist      =     18.000
  pairlistdist    =     19.500  dielec_const    =      1.000
  vdW force_switch=        yes
  electrostatic   =  CUTOFF
  implicit_solvent=       none
  table_order     =          3
  table_density   =     20.000
  water_model     =       NONE
  output_style    =    GENESIS
  dispersion_corr =       none
  nonb_limiter    =      no
 
Read_Ctrl_Dynamics> Parameters of MD simulation
  integrator      =       VVER  nsteps          =      20000
  timestep        =     0.0005  initial_time    =     0.0000
  eneout_period   =        500  rstout_period   =        500
  crdout_period   =        500  velout_period   =          0
  nbupdate_period =         10  stoptr_period   =         10
  iseed           =   20190319
  annealing       =         no
  verbose         =         no
  target_md       =         no
  steered_md      =         no
  esp_mm          =         no
 
Read_Ctrl_Constraints> Parameters for Constraints
  rigid_bond      =        yes
  shake_iteration =        500  shake_tolerance =  0.100E-09
  fast_water      =        yes  water_model     =       TIP3
  hydrogen_type   =  name|mass
  noshake_index   = 4  11  12  13
  fixatm_select_index        =       none
 
Read_Ctrl_Ensemble> Parameters for Ensemble
  ensemble        =        NVT
  temperature     =    300.000
  tpcontrol       =      BUSSI
  tau_t           =      5.000
 
Read_Ctrl_Boundary> Parameters of Boundary Condition
  type            =       NOBC
  spherical_pot   =        yes  restart         =          T
  center_info     =       read  modify_ratio    =      1.000
  constant        =     10.000  exponent        =          2
  fixatom         =          T  fix_layer       =      1.000
 
Read_Ctrl_Selection> Parameters of Selection
  # of groups     =         13
    group 1 = sid:DHA or (sid:TIMA and (rno:95 or rno:165) and          not (an:CA  | an:C   | an:O   | an:N | an:HN | an:HA))
    group 2 = atomno:1900 or atomno:5687
    group 3 = atomno:1442
    group 4 = atomno:1443
    group 5 = atomno:2559
    group 6 = atomno:2560
    group 7 = atomno:7583
    group 8 = atomno:7584
    group 9 = atomno:7585
    group 10 = atomno:7586
    group 11 = atomno:7587
    group 12 = atomno:7588
    group 13 = atomno:7589
  # of mole names =          0
 
Read_Ctrl_Restraints> Parameters of Restraint
  numfunc         =   6
  function1 = POSI     
    direction     = ALL 
    constant      = 10.0
    reference     = 
    select_index  = 2
    mode          =   0
    exponent      =   2
    exponent_dist = 
    weight_dist   = 

  function2 = DIST     
    constant      = 300.0
    reference     = 1.9522
    select_index  = 6  12
    mode          =   0
    exponent      =   2
    exponent_dist = 
    weight_dist   = 

  function3 = DIST     
    constant      = 300.0
    reference     = 1.0997
    select_index  = 9  12
    mode          =   0
    exponent      =   2
    exponent_dist = 
    weight_dist   = 

  function4 = DIST     
    constant      = 300.0
    reference     = 1.9667
    select_index  = 5  11
    mode          =   0
    exponent      =   2
    exponent_dist = 
    weight_dist   = 

  function5 = DIST     
    constant      = 300.0
    reference     = 1.8587
    select_index  = 8   4
    mode          =   0
    exponent      =   2
    exponent_dist = 
    weight_dist   = 

  function6 = DIST     
    constant      = 300.0
    reference     = 2.7306
    select_index  = 3  11
    mode          =   0
    exponent      =   2
    exponent_dist = 
    weight_dist   = 

  pressure_position   = NO
  pressure_rmsd     = NO

Read_Ctrl_Fitting_MD> Parameters of Fitting
  fitting method  =  TR+ROT   
  fitting atom    = group1
  mass_weight     =         no
 
Read_Ctrl_QMMM> Parameters of QM/MM
  qmtyp              = qsimulate
  qmcnt              = qsimulate.json
  qmexe              = 
  workdir            = equil1_7
  savedir            = none
  basename           = job
  qmsave_period      = 500
  qmmaxtrial         = 1
  qmatm_select_index = 1
  exclude_charge     = GROUP
 
[STEP2] Setup MPI
 
Setup_Mpi_Md> Summary of Setup MPI
  number of MPI processes   =          4
  number of OpenMP threads  =         10
  total number of CPU cores =         40

[STEP3] Set Relevant Variables and Structures
 
Input_Top> Summary of Topfile
  num_atom_class  =        212  num_resi_type   =        685
 
Input_Par> Summary of Parfile
  num_bonds       =        658  num_angles      =       2003
  num_dihedrals   =       4838  num_impropers   =        163
  num_atom_cls    =        212  num_nbfix       =         75
  num_cmap_terms  =          6
 
Input_Str> Summary of Top information
  num_atom_class  =        227  num_resi_type   =        700
 
Input_Str> Summary of Par information
  num_bonds       =        663  num_angles      =       2006
  num_dihedrals   =       4850  num_impropers   =        163
  num_atom_cls    =        227  num_nbfix       =         90
  num_cmap_terms  =          6
 
Read_Psf> Summary of Psffile
  psftype         =      xplor
  num_atoms       =      37226  num_bonds       =      37288
  num_angles      =      23768  num_dihedrals   =      20268
  num_impropers   =       1292  num_cmap_terms  =        494
  num_HB_donors   =      20596  num_HB_acceptors=      10610
  num_NB_exclusion=          0  num_groups      =      12168
  total_charge    =    -10.000
 
Check_Pdb> 6-column residue sequence number
 
Read_Pdb> Summary of Data in PDB file
  num_atoms       =      37226
 
Read_Rst_Binary> Summary of RST file
  num_atoms       =      37226  iseed           =   20190319
  boxsize (x,y,z) =      0.000     0.000     0.000
  spherical_pot     =      yes
  nfunctions                 2  num_fixatm              9645
  num_of_qm_charge          35

Define_Molecule> Summary of molecules
  num_atoms       =      37226  num_bonds       =      37288
  num_angles      =      23768  num_dihedrals   =      20268
  num_impropers   =       1292  num_cmap_terms  =        494
  num_residues    =      10370  num_molecules   =       9878
  num_segments    =          6  num_deg_freedom =     111678
  total_charge    =    -10.000
 
Setup_Boundary> Setup Variables for Boundary Condition
  origin(x,y,z)   =      0.000     0.000     0.000
  nfunctions      =        2
    center(x,y,z) =     17.000     0.000     0.000
    radius        =     35.000
    constant      =     10.000
    exponent      =          2
    center(x,y,z) =    -17.000     0.000     0.000
    radius        =     35.000
    constant      =     10.000
    exponent      =          2

  num_fixatm      =     9645

 
Random_Init> Initialize the random number
  seed            = 20190319

Setup_QMMM> Setup QM region
  QM assignment info
  1435 TIMA     95 HSE    CB   CT2    assigned to QM atom    1 of element: C     6
  1436 TIMA     95 HSE    HB1  HA2    assigned to QM atom    2 of element: H     1
  1437 TIMA     95 HSE    HB2  HA2    assigned to QM atom    3 of element: H     1
  1438 TIMA     95 HSE    ND1  NR2    assigned to QM atom    4 of element: N     7
  1439 TIMA     95 HSE    CG   CPH1   assigned to QM atom    5 of element: C     6
  1440 TIMA     95 HSE    CE1  CPH2   assigned to QM atom    6 of element: C     6
  1441 TIMA     95 HSE    HE1  HR1    assigned to QM atom    7 of element: H     1
  1442 TIMA     95 HSE    NE2  NR1    assigned to QM atom    8 of element: N     7
  1443 TIMA     95 HSE    HE2  H      assigned to QM atom    9 of element: H     1
  1444 TIMA     95 HSE    CD2  CPH1   assigned to QM atom   10 of element: C     6
  1445 TIMA     95 HSE    HD2  HR3    assigned to QM atom   11 of element: H     1
  2552 TIMA    165 GLU    CB   CT2A   assigned to QM atom   12 of element: C     6
  2553 TIMA    165 GLU    HB1  HA2    assigned to QM atom   13 of element: H     1
  2554 TIMA    165 GLU    HB2  HA2    assigned to QM atom   14 of element: H     1
  2555 TIMA    165 GLU    CG   CT2    assigned to QM atom   15 of element: C     6
  2556 TIMA    165 GLU    HG1  HA2    assigned to QM atom   16 of element: H     1
  2557 TIMA    165 GLU    HG2  HA2    assigned to QM atom   17 of element: H     1
  2558 TIMA    165 GLU    CD   CC     assigned to QM atom   18 of element: C     6
  2559 TIMA    165 GLU    OE1  OC     assigned to QM atom   19 of element: O     8
  2560 TIMA    165 GLU    OE2  OC     assigned to QM atom   20 of element: O     8
  7575 DHA     249 DHAP   P    PG2    assigned to QM atom   21 of element: P    15
  7576 DHA     249 DHAP   O1P  OG303  assigned to QM atom   22 of element: O     8
  7577 DHA     249 DHAP   O2P  OG2P1  assigned to QM atom   23 of element: O     8
  7578 DHA     249 DHAP   O3P  OG2P1  assigned to QM atom   24 of element: O     8
  7579 DHA     249 DHAP   O4P  OG2P1  assigned to QM atom   25 of element: O     8
  7580 DHA     249 DHAP   C1   CG321  assigned to QM atom   26 of element: C     6
  7581 DHA     249 DHAP   H11  HGA2   assigned to QM atom   27 of element: H     1
  7582 DHA     249 DHAP   H12  HGA2   assigned to QM atom   28 of element: H     1
  7583 DHA     249 DHAP   C2   CG2O5  assigned to QM atom   29 of element: C     6
  7584 DHA     249 DHAP   O2   OG2D3  assigned to QM atom   30 of element: O     8
  7585 DHA     249 DHAP   C3   CG321  assigned to QM atom   31 of element: C     6
  7586 DHA     249 DHAP   O3   OG311  assigned to QM atom   32 of element: O     8
  7587 DHA     249 DHAP   HO3  HGP1   assigned to QM atom   33 of element: H     1
  7588 DHA     249 DHAP   H31  HGA2   assigned to QM atom   34 of element: H     1
  7589 DHA     249 DHAP   H32  HGA2   assigned to QM atom   35 of element: H     1
  number of QM atoms = 35
 
  QM charges retreived from rstfile.
 

Generate_LinkAtoms> QM-MM interface info. Link hydrogen is set between:
              [ QM atom ]             -             [ MM atom ]
  1435 TIMA     95 HSE    CB   CT2    -   1433 TIMA     95 HSE    CA   CT1   
                                          1431 TIMA     95 HSE    N    NH1    excluded
                                          1432 TIMA     95 HSE    HN   H      excluded
                                          1434 TIMA     95 HSE    HA   HB1    excluded
  2552 TIMA    165 GLU    CB   CT2A   -   2550 TIMA    165 GLU    CA   CT1   
                                          2548 TIMA    165 GLU    N    NH1    excluded
                                          2549 TIMA    165 GLU    HN   H      excluded
                                          2551 TIMA    165 GLU    HA   HB1    excluded

  number of link atoms           = 2
  number of external MM charges  = 37183


  Check the input file for QSimulate [ qsimulate.json ]
Setup_Enefunc_Cmap_Par> Natural spline is used to derive cmap coefs.

Setup_Enefunc_Table> Setup Variables for LookupTable
  num_solutes     =      37226  num_waters      =          0

Setup_Enefunc_Restraint> Setup restraint groups
 group =     1, "sid:DHA or (sid:TIMA and (rno:95 or rno:165) and          not (an:CA  | an:C   | an:O   | an:N | an:HN | an:HA))"
 # of atoms =    35
 atomlist: 
   1435   1436   1437   1438   1439   1440   1441   1442   1443   1444
   1445   2552   2553   2554   2555   2556   2557   2558   2559   2560
   7575   7576   7577   7578   7579   7580   7581   7582   7583   7584
   7585   7586   7587   7588   7589
 group =     2, "atomno:1900 or atomno:5687"
 # of atoms =     2
 atomlist: 
   1900   5687
 group =     3, "atomno:1442"
 # of atoms =     1
 atomlist: 
   1442
 group =     4, "atomno:1443"
 # of atoms =     1
 atomlist: 
   1443
 group =     5, "atomno:2559"
 # of atoms =     1
 atomlist: 
   2559
 group =     6, "atomno:2560"
 # of atoms =     1
 atomlist: 
   2560
 group =     7, "atomno:7583"
 # of atoms =     1
 atomlist: 
   7583
 group =     8, "atomno:7584"
 # of atoms =     1
 atomlist: 
   7584
 group =     9, "atomno:7585"
 # of atoms =     1
 atomlist: 
   7585
 group =    10, "atomno:7586"
 # of atoms =     1
 atomlist: 
   7586
 group =    11, "atomno:7587"
 # of atoms =     1
 atomlist: 
   7587
 group =    12, "atomno:7588"
 # of atoms =     1
 atomlist: 
   7588
 group =    13, "atomno:7589"
 # of atoms =     1
 atomlist: 
   7589
Setup_Enefunc_Restraint> Setup restraint functions
 func  =     1 kind  =     1
 const(total, x, y, z) =   10.000   1.000   1.000   1.000
 exponend of function =     2
 # of groups  =     1
 grouplist:   2

 func  =     2 kind  =     2
 const             =  300.000
 ref               =    1.952
 exponend of function =     2
 # of distances  =     1
 distancelist: 
 group = (  6, 12) weight =    1.000 exponent =     1

 func  =     3 kind  =     2
 const             =  300.000
 ref               =    1.100
 exponend of function =     2
 # of distances  =     1
 distancelist: 
 group = (  9, 12) weight =    1.000 exponent =     1

 func  =     4 kind  =     2
 const             =  300.000
 ref               =    1.967
 exponend of function =     2
 # of distances  =     1
 distancelist: 
 group = (  5, 11) weight =    1.000 exponent =     1

 func  =     5 kind  =     2
 const             =  300.000
 ref               =    1.859
 exponend of function =     2
 # of distances  =     1
 distancelist: 
 group = (  8,  4) weight =    1.000 exponent =     1

 func  =     6 kind  =     2
 const             =  300.000
 ref               =    2.731
 exponend of function =     2
 # of distances  =     1
 distancelist: 
 group = (  3, 11) weight =    1.000 exponent =     1

Define_Enefunc_CHARMM> Number of Interactions in Each Term
  bond_ene        =      37255  angle_ene       =      23717
  urey_ene        =       6639
  torsion_ene     =      23862  improper_ene    =       1285
  cmap_ene        =        494
  restraint_groups=         13  restraint_funcs =          6
 
Setup_Fitting_Atdyn> NO fitting is applied, skip
  fitting method  =  NO

Update_Num_Deg_Freedom> Number of degrees of freedom was updated
  num_deg_freedom =      82743 (After setup of fixed atoms at boundary)
 
Remove_Fixatm> Modified Interactions
  bond_ene        =      27610  angle_ene       =      20502
  urey_ene        =       6639
  torsion_ene     =      23862  improper_ene    =       1285
 
Setup_Constraints> The following atoms are excluded from SHAKE:
    1443    7587    7588    7589
Setup_Settle> Setup constraints for SETTLE
  num_unconsbonds =       7633      num_Settle  =       6659
  r0(O-H)         =     0.9572  mass(O)         =    15.9994
  r0(H-H)         =     1.5139  mass(H)         =     1.0080
 
Setup_Shake> Setup constrains for SHAKE and RATTLE
  num_unconsbonds =       3837  num_rigid_bonds =       3796
 
  num_qm_rigid_bonds =         10
 
Update_Num_Deg_Freedom> Number of degrees of freedom was updated
  num_deg_freedom =      62766 (After setup of SETTLE)
 
Update_Num_Deg_Freedom> Number of degrees of freedom was updated
  num_deg_freedom =      58960 (After setup of SHAKE/RATTLE)
 
[STEP4] Compute Single Point Energy for Molecules
 
            STEP            BOND           ANGLE    UREY-BRADLEY        DIHEDRAL        IMPROPER            CMAP         VDWAALS           ELECT    RESTRAINT001    RESTRAINT002    RESTRAINT003    RESTRAINT004    RESTRAINT005    RESTRAINT006    RESTR_CVS001    RESTR_CVS002    RESTR_CVS003    RESTR_CVS004    RESTR_CVS005    RESTR_CVS006              QM            SPOT
 --------------- --------------- --------------- --------------- ---------------
               0       1566.9332       3685.5697        476.5052       4486.4924        275.5462       -191.4062       6952.6320    -116885.3626          4.8759          5.7046          0.0010          0.0151          0.1257          0.6871          0.0000          2.0901          1.0978          1.9738          1.8382          2.7785     -35987.4598         16.2864

[STEP5] Perform Molecular Dynamics Simulation
 
INFO:       STEP            TIME       TOTAL_ENE   POTENTIAL_ENE     KINETIC_ENE            RMSG            BOND           ANGLE    UREY-BRADLEY        DIHEDRAL        IMPROPER            CMAP         VDWAALS           ELECT RESTRAINT_TOTAL    RESTRAINT001    RESTRAINT002    RESTRAINT003    RESTRAINT004    RESTRAINT005    RESTRAINT006    RESTR_CVS001    RESTR_CVS002    RESTR_CVS003    RESTR_CVS004    RESTR_CVS005    RESTR_CVS006     TEMPERATURE          VOLUME              QM            SPOT
 --------------- --------------- --------------- --------------- ---------------
INFO:        500          0.2500    -117972.9369    -135697.7319      17724.7950         12.5871       1462.4053       3757.1330        459.1990       4488.1018        271.1844       -196.2220       6920.4546    -116868.3868          5.3999          2.9395          2.3104          0.0066          0.0278          0.0005          0.1151          0.0000          2.0400          1.0950          1.9763          1.8574          2.7502        302.5618          0.0000     -35997.0010         15.4663

INFO:       1000          0.5000    -117989.2423    -135730.3966      17741.1544         12.5331       1481.3053       3693.5750        462.2608       4491.8181        264.3039       -180.1004       7253.2143    -117237.0915          7.0551          5.9709          0.0058          0.6063          0.4516          0.0103          0.0100          0.0000          1.9566          1.1447          1.9279          1.8528          2.7248        302.8411          0.0000     -35966.7371         19.2408

INFO:       1500          0.7500    -118036.5097    -135757.4176      17720.9079         12.5761       1495.4658       3738.9479        472.9945       4485.7165        289.3250       -191.0690       7109.9100    -117161.8140          5.4400          2.9567          1.8158          0.1051          0.1841          0.3783          0.0001          0.0000          2.0300          1.0810          1.9419          1.8942          2.7311        302.4955          0.0000     -36002.3345         30.3257

INFO:       2000          1.0000    -118026.7984    -135613.8208      17587.0224         12.5856       1479.8925       3748.9312        460.1975       4490.6882        254.3947       -186.6308       7333.2867    -117180.5129          4.7291          3.0220          1.5057          0.0004          0.0811          0.0096          0.1104          0.0000          2.0230          1.1008          1.9831          1.8530          2.7498        300.2100          0.0000     -36018.7970         12.1227

INFO:       2500          1.2500    -118000.9846    -135800.7885      17799.8040         12.5608       1531.2416       3727.8421        452.4005       4490.8761        253.9415       -190.5560       7140.4593    -117199.1628          3.7001          2.3197          0.0035          0.2688          0.4316          0.2214          0.4551          0.0000          1.9556          1.1296          2.0046          1.8859          2.7696        303.8422          0.0000     -36011.5309         16.4771

INFO:       3000          1.5000    -118007.8404    -135688.0810      17680.2406         12.5831       1484.7424       3756.1052        463.9050       4481.9417        269.2939       -205.1658       7164.1554    -117072.6136          2.4008          0.8430          0.0076          0.2532          0.0590          0.1452          1.0928          0.0000          1.9572          1.1287          1.9527          1.8807          2.6702        301.8013          0.0000     -36032.8460         16.9955

INFO:       3500          1.7500    -118008.5141    -135627.8929      17619.3788         12.6443       1491.1802       3696.9667        457.5198       4504.9999        275.6245       -196.1163       7236.7176    -117105.3989          2.8974          1.2537          0.0002          0.0282          0.0037          1.3564          0.2553          0.0000          1.9529          1.1094          1.9632          1.9259          2.7598        300.7624          0.0000     -35992.2840         18.3187

INFO:       4000          2.0000    -117996.3657    -135636.0611      17639.6954         12.5456       1436.5327       3742.4485        469.2723       4496.4939        261.1701       -189.4752       7104.3958    -116953.6658          7.2425          5.1573          1.2537          0.0890          0.4394          0.2965          0.0065          0.0000          2.0168          1.1169          1.9284          1.8273          2.7259        301.1092          0.0000     -36010.4758         16.9067

INFO:       4500          2.2500    -117984.1939    -135512.7968      17528.6029         12.5644       1495.0518       3745.4049        458.9057       4501.5710        281.9010       -182.6539       7202.3018    -117008.7759          2.9242          1.5457          0.2810          0.0010          0.0525          0.6808          0.3632          0.0000          1.9216          1.0979          1.9535          1.9063          2.7654        299.2128          0.0000     -36009.4274         11.8926

INFO:       5000          2.5000    -118001.5567    -135663.3640      17661.8072         12.5578       1488.0222       3750.5461        458.0359       4525.7856        274.9162       -202.0185       7108.8562    -117089.9700          5.0751          2.3178          2.0881          0.4869          0.0034          0.0232          0.1557          0.0000          2.0356          1.0594          1.9633          1.8675          2.7534        301.4866          0.0000     -35982.6129         13.7210

INFO:       5500          2.7500    -118043.1017    -135572.9001      17529.7984         12.5840       1494.8020       3829.9788        470.0818       4479.6380        275.5964       -206.7598       6974.8225    -116879.0164          3.9540          3.0031          0.5828          0.1106          0.0722          0.0738          0.1115          0.0000          1.9963          1.0805          1.9512          1.8430          2.7499        299.2332          0.0000     -36015.9972         17.2871

INFO:       6000          3.0000    -118043.7466    -135675.9528      17632.2062         12.5898       1520.5237       3784.2527        464.3693       4481.8200        264.0583       -194.2409       7240.5378    -117221.6786          3.6406          2.4809          0.1131          0.9788          0.0086          0.0565          0.0028          0.0000          1.9716          1.1568          1.9614          1.8724          2.7275        300.9813          0.0000     -36019.2359         11.9910

INFO:       6500          3.2500    -118072.0077    -135837.1207      17765.1130         12.5565       1498.5551       3694.7138        448.2178       4512.0758        266.1648       -238.7852       7203.6682    -117209.5410          3.1108          1.6218          1.4210          0.0318          0.0096          0.0000          0.0265          0.0000          2.0210          1.0894          1.9724          1.8589          2.7212        303.2501          0.0000     -36015.3007         20.8778

INFO:       7000          3.5000    -118028.8860    -135598.1832      17569.2972         12.5727       1471.1240       3730.4669        465.9429       4508.6416        249.7415       -184.2571       7161.2687    -116986.0602          4.1071          2.7193          0.6807          0.5010          0.0919          0.0398          0.0745          0.0000          1.9998          1.0588          1.9492          1.8702          2.7464        299.9075          0.0000     -36019.1585         11.3062

INFO:       7500          3.7500    -118010.8741    -135638.9571      17628.0830         12.5619       1446.8939       3716.7689        450.0956       4518.0904        262.0796       -181.7673       7152.0298    -116997.9893          3.6305          2.9118          0.0148          0.6516          0.0182          0.0299          0.0041          0.0000          1.9452          1.1463          1.9589          1.8487          2.7343        300.9110          0.0000     -36008.7891         18.5298

INFO:       8000          4.0000    -118056.4212    -135693.4010      17636.9799         12.5879       1492.7648       3709.7128        458.4741       4492.5290        262.8387       -213.8556       7088.6691    -117013.5031          4.1929          1.0668          0.5524          1.2140          1.2021          0.0637          0.0939          0.0000          1.9951          1.0361          1.9034          1.8733          2.7483        301.0628          0.0000     -35975.2237         17.6925

INFO:       8500          4.2500    -118043.7436    -135666.2418      17622.4982         12.5555       1487.7983       3714.4050        461.8694       4463.0041        261.6913       -178.2738       7179.3104    -117065.4963          4.5371          3.3221          0.1532          0.1567          0.2657          0.3511          0.2882          0.0000          1.9748          1.0768          1.9965          1.8929          2.6996        300.8156          0.0000     -35995.0873         16.8117

INFO:       9000          4.5000    -118044.5180    -135644.5569      17600.0389         12.6176       1509.5154       3742.8777        465.6079       4512.5339        262.6047       -195.3289       7069.0212    -116997.3766          2.9099          2.1080          0.3580          0.2321          0.0199          0.1356          0.0563          0.0000          1.9867          1.0719          1.9586          1.8374          2.7443        300.4322          0.0000     -36016.9221          7.0937

INFO:       9500          4.7500    -118047.7229    -135585.8501      17538.1272         12.6099       1454.9783       3800.9910        454.2749       4495.2488        252.0441       -205.0756       7253.6083    -117102.1686          3.7424          1.8111          0.3322          0.9918          0.0021          0.4201          0.1851          0.0000          1.9855          1.0422          1.9693          1.8961          2.7554        299.3754          0.0000     -35993.4936         20.2325

INFO:      10000          5.0000    -118054.0711    -135679.7730      17625.7020         12.5774       1456.1274       3777.9399        465.2010       4503.9640        268.8938       -191.4086       7128.3787    -117088.2572          3.3672          1.6456          0.2560          0.6460          0.4655          0.1089          0.2452          0.0000          1.9814          1.0533          1.9273          1.8778          2.7020        300.8703          0.0000     -36003.9791         21.2906

INFO:      10500          5.2500    -117979.9457    -135471.6535      17491.7077         12.5660       1489.9066       3731.9423        478.2769       4477.3061        279.6354       -193.2021       7272.2557    -117015.3094          3.4293          1.6060          0.0602          1.4362          0.2992          0.0183          0.0095          0.0000          1.9380          1.1689          1.9351          1.8665          2.7250        298.5830          0.0000     -35995.8943         13.0502

INFO:      11000          5.5000    -117981.3748    -135687.8403      17706.4654         12.5427       1433.7810       3746.5876        456.2892       4466.7756        261.7149       -192.9954       7281.0879    -117165.7752          2.5244          1.4595          0.4982          0.0151          0.4534          0.0979          0.0003          0.0000          1.9930          1.1068          1.9278          1.8406          2.7296        302.2489          0.0000     -35977.8303         24.3883

INFO:      11500          5.7500    -117945.9348    -135533.3841      17587.4493         12.5400       1419.2770       3743.4187        463.8647       4473.3743        259.2284       -187.0281       7149.8867    -116854.9438          3.7415          2.5077          0.9643          0.0612          0.1847          0.0212          0.0025          0.0000          2.0089          1.0854          1.9419          1.8671          2.7277        300.2173          0.0000     -36004.2035         24.2691

INFO:      12000          6.0000    -117895.8962    -135733.0777      17837.1815         12.5996       1465.4039       3704.9144        458.8290       4479.1626        256.6066       -198.9119       7194.5002    -117101.8260          2.3672          1.7134          0.0075          0.3353          0.1637          0.1084          0.0388          0.0000          1.9472          1.0663          1.9433          1.8397          2.7192        304.4803          0.0000     -35994.1237         18.8849

INFO:      12500          6.2500    -117866.6700    -135525.5018      17658.8318         12.6234       1570.1339       3707.2279        467.0040       4498.9870        248.6283       -188.8663       7174.0984    -117020.4770          2.5275          1.2989          0.0392          0.0222          0.5608          0.2112          0.3952          0.0000          1.9636          1.1083          1.9235          1.8852          2.7669        301.4358          0.0000     -35984.7654         23.4139

INFO:      13000          6.5000    -117872.9583    -135763.7331      17890.7748         12.5479       1464.2692       3731.4230        460.6650       4485.2666        245.9157       -190.2589       6999.8189    -116986.3746          2.7408          0.5525          0.0037          0.2959          0.7641          1.1234          0.0012          0.0000          1.9487          1.0683          1.9162          1.9199          2.7326        305.3951          0.0000     -35977.1988         16.3106

INFO:      13500          6.7500    -117942.3664    -135599.9261      17657.5597         12.5780       1492.8976       3777.5261        457.5287       4469.5060        264.3786       -179.2073       7228.0747    -117087.2702          3.0813          2.1935          0.2887          0.1764          0.0662          0.3287          0.0279          0.0000          1.9212          1.1239          1.9518          1.8918          2.7402        301.4141          0.0000     -36026.4415         24.1320

INFO:      14000          7.0000    -117983.7406    -135822.3925      17838.6519         12.5449       1477.8014       3680.8830        451.9818       4451.4588        255.6473       -193.0192       7280.8835    -117219.7565          2.8609          1.6403          0.3506          0.0102          0.0007          0.8452          0.0139          0.0000          1.9180          1.0939          1.9683          1.9118          2.7238        304.5054          0.0000     -36011.1335         18.3666

INFO:      14500          7.2500    -118019.1926    -135658.4821      17639.2895         12.5994       1482.5977       3755.4538        461.8233       4538.2378        273.3351       -170.8080       7219.1917    -117242.9771          5.2529          3.4252          1.5246          0.2099          0.0004          0.0344          0.0584          0.0000          2.0235          1.1262          1.9679          1.8694          2.7446        301.1022          0.0000     -35980.5893         19.7363

INFO:      15000          7.5000    -117986.3946    -135488.7682      17502.3736         12.5906       1512.1476       3819.8570        460.6223       4476.8185        256.3331       -184.8568       7156.0413    -116995.6274          2.2966          0.5225          0.0019          0.7695          0.4430          0.5451          0.0146          0.0000          1.9547          1.1503          1.9283          1.9013          2.7376        298.7651          0.0000     -35992.4005         19.0914

INFO:      15500          7.7500    -118030.2482    -135829.7019      17799.4537         12.5555       1514.1478       3712.8663        454.4606       4477.8980        266.8071       -185.4062       7054.3465    -117148.7816          2.4367          1.7488          0.0005          0.5042          0.0094          0.0075          0.1662          0.0000          1.9509          1.1407          1.9611          1.8637          2.7071        303.8362          0.0000     -35978.4771         15.0170

INFO:      16000          8.0000    -118032.9038    -135659.1311      17626.2273         12.5065       1437.7063       3734.2576        449.7664       4473.0116        278.3046       -181.7500       7044.7592    -116940.7913          5.6305          2.5691          0.2613          0.9770          0.6955          0.8357          0.2920          0.0000          1.9817          1.1568          1.9186          1.9115          2.6994        300.8793          0.0000     -35960.0261         16.6024

INFO:      16500          8.2500    -117990.6646    -135620.5350      17629.8704         12.6719       1517.6870       3765.4702        462.5703       4517.5377        264.5394       -175.4377       7310.9439    -117284.1388          6.7744          5.6635          0.0879          0.0097          0.9813          0.0271          0.0050          0.0000          1.9351          1.1054          2.0239          1.8492          2.7347        300.9415          0.0000     -36006.4816         17.5842

INFO:      17000          8.5000    -117996.0414    -135703.6150      17707.5735         12.6398       1533.0473       3735.7219        469.5609       4520.6741        279.7393       -180.9944       7252.0379    -117313.0651          1.3351          0.9948          0.2896          0.0176          0.0114          0.0004          0.0214          0.0000          1.9833          1.1074          1.9729          1.8598          2.7222        302.2679          0.0000     -36001.6720         16.3407

INFO:      17500          8.7500    -117971.7313    -135548.5086      17576.7773         12.6003       1491.7998       3750.9345        462.3216       4468.5335        285.5473       -189.7420       7073.5784    -116911.3347          2.3473          1.2069          0.4291          0.1752          0.3860          0.0443          0.1057          0.0000          1.9900          1.1239          1.9308          1.8708          2.7494        300.0352          0.0000     -35982.4943         11.0066

INFO:      18000          9.0000    -117995.8130    -135634.7413      17638.9283         12.6068       1500.3443       3793.4323        470.8730       4497.8487        251.1825       -182.9278       7055.8173    -117042.9046          5.2622          3.4181          1.2490          0.0152          0.2113          0.0085          0.3601          0.0000          2.0167          1.0926          1.9932          1.8534          2.6960        301.0961          0.0000     -35983.6692         11.0412

INFO:      18500          9.2500    -118015.3703    -135628.7627      17613.3924         12.6153       1505.1750       3739.5170        453.0287       4513.7613        286.4936       -188.6564       7287.9215    -117251.5516          2.0010          1.1664          0.0027          0.1269          0.0143          0.6632          0.0275          0.0000          1.9552          1.1203          1.9598          1.9057          2.7402        300.6602          0.0000     -35976.4527         16.6749

INFO:      19000          9.5000    -117957.3194    -135729.4844      17772.1650         12.5981       1469.4026       3791.1273        472.6131       4514.5892        270.8725       -208.9357       7190.0880    -117211.2157          5.3711          4.5998          0.0826          0.3790          0.1482          0.0886          0.0730          0.0000          1.9688          1.0642          1.9889          1.8759          2.7462        303.3704          0.0000     -36023.3968         20.0898

INFO:      19500          9.7500    -117988.0333    -135686.2537      17698.2204         12.5766       1497.7173       3722.2271        454.3977       4513.3190        258.2740       -199.6875       7127.3971    -117090.5324          1.2065          0.4447          0.3026          0.1296          0.0349          0.0067          0.2879          0.0000          1.9204          1.1205          1.9559          1.8540          2.7616        302.1082          0.0000     -35970.5725         15.5713

INFO:      20000         10.0000    -118001.5203    -135716.7661      17715.2458         12.5748       1487.1149       3776.4940        455.5018       4505.4501        270.2810       -185.2746       7163.7698    -117199.2311          6.7038          5.8120          0.0566          0.4825          0.2622          0.0020          0.0885          0.0000          1.9385          1.0596          1.9371          1.8613          2.7478        302.3988          0.0000     -35997.5759         17.1529

 
[STEP6] Deallocate Arrays
 
Output_Time> Averaged timer profile (Min, Max)
  total time      =    2620.968
    setup         =       7.750
    dynamics      =    2613.218
      energy      =    2424.423
      integrator  =      41.719
      pairlist    =     146.981 (     136.881,     175.556)
  energy           
    bond          =       0.480 (       0.473,       0.484)
    angle         =       2.774 (       2.710,       2.839)
    dihedral      =       6.678 (       6.366,       7.010)
    nonbond       =     800.129 (     780.958,     825.952)
      pme real    =     800.124 (     780.954,     825.947)
      pme recip   =       0.000 (       0.000,       0.000)
    solvation     =       0.000 (       0.000,       0.000)
      polar       =       0.000 (       0.000,       0.000)
      non-polar   =       0.000 (       0.000,       0.000)
    restraint     =       0.122 (       0.107,       0.130)
    qmmm          =    1543.904 (    1543.851,    1543.956)
  integrator       
    constraint    =      22.762 (      22.253,      23.327)
    update        =       0.000 (       0.000,       0.000)
    comm_coord    =       0.000 (       0.000,       0.000)
    comm_force    =       0.000 (       0.000,       0.000)
    comm_migrate  =       0.000 (       0.000,       0.000)

Note: The following floating-point exceptions are signalling:Note: The following floating-point exceptions are signalling: IEEE_OVERFLOW_FLAG IEEE_UNDERFLOW_FLAG IEEE_DENORMAL
Note: The following floating-point exceptions are signalling: IEEE_OVERFLOW_FLAG IEEE_UNDERFLOW_FLAG IEEE_DENORMAL
Note: The following floating-point exceptions are signalling: IEEE_OVERFLOW_FLAG IEEE_UNDERFLOW_FLAG IEEE_DENORMAL
 IEEE_OVERFLOW_FLAG IEEE_UNDERFLOW_FLAG IEEE_DENORMAL
