(10.2.13.46:0,1,2,3)

[0] MPI startup(): libfabric version: 1.7.2a-impi
[0] MPI startup(): libfabric provider: verbs;ofi_rxm
[0] MPI startup(): Rank    Pid      Node name  Pin cpu
[0] MPI startup(): 0       258367   bwmpc0270  {0,1,2,3,4,5,6,7,8,9}
[0] MPI startup(): 1       258368   bwmpc0270  {10,11,12,13,14,15,16,17,18,19}
[0] MPI startup(): 2       258369   bwmpc0270  {20,21,22,23,24,25,26,27,28,29}
[0] MPI startup(): 3       258370   bwmpc0270  {30,31,32,33,34,35,36,37,38,39}
[0] MPI startup(): I_MPI_ROOT=/bwfefs/opt/x86_64/intel/compilers_and_libraries_2019.5.281/linux/mpi
[0] MPI startup(): I_MPI_HYDRA_BOOTSTRAP_EXEC=/bin/pjrsh
[0] MPI startup(): I_MPI_HYDRA_BOOTSTRAP_AUTOFORK=0
[0] MPI startup(): I_MPI_HYDRA_TOPOLIB=hwloc
[0] MPI startup(): I_MPI_HYDRA_HOST_FILE=/bwfefs/home/kyagi/tim/tim5/b3lypD3.rpath1/3.equil1/.d0011452918_nodeinfo
[0] MPI startup(): I_MPI_PERHOST=4
[0] MPI startup(): I_MPI_PIN=1
[0] MPI startup(): I_MPI_PIN_RESPECT_HCA=0
[0] MPI startup(): I_MPI_INTERNAL_MEM_POLICY=default
[0] MPI startup(): I_MPI_DEBUG=5
****************************************************
*                                                  *
*                  GENESIS ATDYN                   *
*                                                  *
*        A Molecular Dynamics Simulator with       *
*            Atomic Decomposition Scheme           *
*                                                  *
*               Developed by RIKEN                 *
*                                                  *
****************************************************
 
[STEP0] Architecture and Compiler Information
 
GENESIS_Information> GENESIS Information
  version      = 1.6.0
  commit ID    = $GENESIS_VERSION$
  precision    = double
  nonbonding   = CPU

Build_Information> Compiler Information
  build host   = kyagi@bwmpc0837
  fortran      = GNU Fortran (GCC) 7.2.0
  option       = -O3 -ffast-math -march=native -ffree-line-length-none -fopenmp 
  C            = gcc (GCC) 7.2.0
  option       = -O3 -ffast-math -march=native -fopenmp
  defined var. =  -DMPI -DOMP -DFFTE -DLAPACK -DDSFMT_MEXP=19937 -D__GFORTRAN__
  link option  = -L/home/kyagi/local/lib -fopenmp -lmkl_scalapack_lp64 -lmkl_blacs_intelmpi_lp64 -lmkl_intel_lp64 -lmkl_intel_thread -lmkl_core -liomp5 -lpthread -lm 

Runtime_Information> Machine and Library Information
  date       = 2021/02/03 14:58:47
  cpu model    = Intel(R) Xeon(R) Gold 6148 CPU @ 2.40GHz
  exec. host   = kyagi@bwmpc0270
  LD library   = /home/kyagi/local/lib:/bwfefs/opt/x86_64/intel/compilers_and_libraries_2019.5.281/linux/compiler/lib/intel64_lin:/bwfefs/opt/x86_64/intel/compilers_and_libraries_2019.5.281/linux/mkl/lib/intel64_lin:/bwfefs/opt/x86_64/gcc/7.2.0/lib64:/bwfefs/opt/x86_64/gcc/7.2.0/lib:/bwfefs/opt/x86_64/intel/impi/2019.5.281/intel64/lib/release:/bwfefs/opt/x86_64/intel/impi/2019.5.281/intel64/lib:/bwfefs/opt/x86_64/intel/impi/2019.5.281/intel64/libfabric/lib:/bwfefs/opt/x86_64/intel/parallel_studio_xe_2019.5.075/compilers_and_libraries_2019//linux/compiler/lib/intel64:/bwfefs/opt/x86_64/intel/parallel_studio_xe_2019.5.075/compilers_and_libraries_2019//linux/compiler/lib/intel64_lin:/bwfefs/opt/x86_64/intel/parallel_studio_xe_2019.5.075/compilers_and_libraries_2019//linux/mpi/intel64/lib:/bwfefs/opt/x86_64/intel/parallel_studio_xe_2019.5.075/compilers_and_libraries_2019//linux/mpi/intel64/libfabric/lib:/bwfefs/opt/x86_64/intel/parallel_studio_xe_2019.5.075/compilers_and_libraries_2019//linux/ipp/lib/intel64:/bwfefs/opt/x86_64/intel/parallel_studio_xe_2019.5.075/compilers_and_libraries_2019//linux/compiler/lib/intel64:/bwfefs/opt/x86_64/intel/parallel_studio_xe_2019.5.075/compilers_and_libraries_2019//linux/mkl/lib/intel64:/bwfefs/opt/x86_64/intel/parallel_studio_xe_2019.5.075/compilers_and_libraries_2019//linux/tbb/lib/intel64/gcc4.7:/bwfefs/opt/x86_64/intel/debugger_2019/iga/lib:/bwfefs/opt/x86_64/intel/debugger_2019/libipt/intel64/lib:/bwfefs/opt/x86_64/intel/parallel_studio_xe_2019.5.075/comp

[STEP1] Read Control Parameters
 
Read_Ctrl_Input> Input Files
  topfile = toppar/top_all36_prot.rtf, toppar/top_all36_cgenff.rtf
  parfile = toppar/par_all36_prot.prm, toppar/par_all36_cgenff.prm
  strfile = toppar/toppar_water_ions.str, toppar/toppar_dhap.3.str
  psffile = ../../2.equil/step4_nvt_100.psf
  pdbfile = ../../2.equil/step4_nvt_100.pdb
  rstfile = equil1_9.rst
  reffile = ../../2.equil/step4_nvt_100.pdb
 
Read_Ctrl_Output> Output Files
  dcdfile    = equil1_10.dcd
  rstfile    = equil1_10.rst
 
Read_Ctrl_Energy> Parameters of Energy Calculations
  forcefield      =     CHARMM
  switchdist      =     16.000  cutoffdist      =     18.000
  pairlistdist    =     19.500  dielec_const    =      1.000
  vdW force_switch=        yes
  electrostatic   =  CUTOFF
  implicit_solvent=       none
  table_order     =          3
  table_density   =     20.000
  water_model     =       NONE
  output_style    =    GENESIS
  dispersion_corr =       none
  nonb_limiter    =      no
 
Read_Ctrl_Dynamics> Parameters of MD simulation
  integrator      =       VVER  nsteps          =      20000
  timestep        =     0.0005  initial_time    =     0.0000
  eneout_period   =        500  rstout_period   =        500
  crdout_period   =        500  velout_period   =          0
  nbupdate_period =         10  stoptr_period   =         10
  iseed           =   20190319
  annealing       =         no
  verbose         =         no
  target_md       =         no
  steered_md      =         no
  esp_mm          =         no
 
Read_Ctrl_Constraints> Parameters for Constraints
  rigid_bond      =        yes
  shake_iteration =        500  shake_tolerance =  0.100E-09
  fast_water      =        yes  water_model     =       TIP3
  hydrogen_type   =  name|mass
  noshake_index   = 4  11  12  13
  fixatm_select_index        =       none
 
Read_Ctrl_Ensemble> Parameters for Ensemble
  ensemble        =        NVT
  temperature     =    300.000
  tpcontrol       =      BUSSI
  tau_t           =      5.000
 
Read_Ctrl_Boundary> Parameters of Boundary Condition
  type            =       NOBC
  spherical_pot   =        yes  restart         =          T
  center_info     =       read  modify_ratio    =      1.000
  constant        =     10.000  exponent        =          2
  fixatom         =          T  fix_layer       =      1.000
 
Read_Ctrl_Selection> Parameters of Selection
  # of groups     =         13
    group 1 = sid:DHA or (sid:TIMA and (rno:95 or rno:165) and          not (an:CA  | an:C   | an:O   | an:N | an:HN | an:HA))
    group 2 = atomno:1900 or atomno:5687
    group 3 = atomno:1442
    group 4 = atomno:1443
    group 5 = atomno:2559
    group 6 = atomno:2560
    group 7 = atomno:7583
    group 8 = atomno:7584
    group 9 = atomno:7585
    group 10 = atomno:7586
    group 11 = atomno:7587
    group 12 = atomno:7588
    group 13 = atomno:7589
  # of mole names =          0
 
Read_Ctrl_Restraints> Parameters of Restraint
  numfunc         =   6
  function1 = POSI     
    direction     = ALL 
    constant      = 10.0
    reference     = 
    select_index  = 2
    mode          =   0
    exponent      =   2
    exponent_dist = 
    weight_dist   = 

  function2 = DIST     
    constant      = 300.0
    reference     = 1.6541
    select_index  = 6  12
    mode          =   0
    exponent      =   2
    exponent_dist = 
    weight_dist   = 

  function3 = DIST     
    constant      = 300.0
    reference     = 1.1328
    select_index  = 9  12
    mode          =   0
    exponent      =   2
    exponent_dist = 
    weight_dist   = 

  function4 = DIST     
    constant      = 300.0
    reference     = 2.0303
    select_index  = 5  11
    mode          =   0
    exponent      =   2
    exponent_dist = 
    weight_dist   = 

  function5 = DIST     
    constant      = 300.0
    reference     = 1.8417
    select_index  = 8   4
    mode          =   0
    exponent      =   2
    exponent_dist = 
    weight_dist   = 

  function6 = DIST     
    constant      = 300.0
    reference     = 2.7288
    select_index  = 3  11
    mode          =   0
    exponent      =   2
    exponent_dist = 
    weight_dist   = 

  pressure_position   = NO
  pressure_rmsd     = NO

Read_Ctrl_Fitting_MD> Parameters of Fitting
  fitting method  =  TR+ROT   
  fitting atom    = group1
  mass_weight     =         no
 
Read_Ctrl_QMMM> Parameters of QM/MM
  qmtyp              = qsimulate
  qmcnt              = qsimulate.json
  qmexe              = 
  workdir            = equil1_10
  savedir            = none
  basename           = job
  qmsave_period      = 500
  qmmaxtrial         = 1
  qmatm_select_index = 1
  exclude_charge     = GROUP
 
[STEP2] Setup MPI
 
Setup_Mpi_Md> Summary of Setup MPI
  number of MPI processes   =          4
  number of OpenMP threads  =         10
  total number of CPU cores =         40

[STEP3] Set Relevant Variables and Structures
 
Input_Top> Summary of Topfile
  num_atom_class  =        212  num_resi_type   =        685
 
Input_Par> Summary of Parfile
  num_bonds       =        658  num_angles      =       2003
  num_dihedrals   =       4838  num_impropers   =        163
  num_atom_cls    =        212  num_nbfix       =         75
  num_cmap_terms  =          6
 
Input_Str> Summary of Top information
  num_atom_class  =        227  num_resi_type   =        700
 
Input_Str> Summary of Par information
  num_bonds       =        663  num_angles      =       2006
  num_dihedrals   =       4850  num_impropers   =        163
  num_atom_cls    =        227  num_nbfix       =         90
  num_cmap_terms  =          6
 
Read_Psf> Summary of Psffile
  psftype         =      xplor
  num_atoms       =      37226  num_bonds       =      37288
  num_angles      =      23768  num_dihedrals   =      20268
  num_impropers   =       1292  num_cmap_terms  =        494
  num_HB_donors   =      20596  num_HB_acceptors=      10610
  num_NB_exclusion=          0  num_groups      =      12168
  total_charge    =    -10.000
 
Check_Pdb> 6-column residue sequence number
 
Read_Pdb> Summary of Data in PDB file
  num_atoms       =      37226
 
Read_Rst_Binary> Summary of RST file
  num_atoms       =      37226  iseed           =   20190319
  boxsize (x,y,z) =      0.000     0.000     0.000
  spherical_pot     =      yes
  nfunctions                 2  num_fixatm              9645
  num_of_qm_charge          35

Define_Molecule> Summary of molecules
  num_atoms       =      37226  num_bonds       =      37288
  num_angles      =      23768  num_dihedrals   =      20268
  num_impropers   =       1292  num_cmap_terms  =        494
  num_residues    =      10370  num_molecules   =       9878
  num_segments    =          6  num_deg_freedom =     111678
  total_charge    =    -10.000
 
Setup_Boundary> Setup Variables for Boundary Condition
  origin(x,y,z)   =      0.000     0.000     0.000
  nfunctions      =        2
    center(x,y,z) =     17.000     0.000     0.000
    radius        =     35.000
    constant      =     10.000
    exponent      =          2
    center(x,y,z) =    -17.000     0.000     0.000
    radius        =     35.000
    constant      =     10.000
    exponent      =          2

  num_fixatm      =     9645

 
Random_Init> Initialize the random number
  seed            = 20190319

Setup_QMMM> Setup QM region
  QM assignment info
  1435 TIMA     95 HSE    CB   CT2    assigned to QM atom    1 of element: C     6
  1436 TIMA     95 HSE    HB1  HA2    assigned to QM atom    2 of element: H     1
  1437 TIMA     95 HSE    HB2  HA2    assigned to QM atom    3 of element: H     1
  1438 TIMA     95 HSE    ND1  NR2    assigned to QM atom    4 of element: N     7
  1439 TIMA     95 HSE    CG   CPH1   assigned to QM atom    5 of element: C     6
  1440 TIMA     95 HSE    CE1  CPH2   assigned to QM atom    6 of element: C     6
  1441 TIMA     95 HSE    HE1  HR1    assigned to QM atom    7 of element: H     1
  1442 TIMA     95 HSE    NE2  NR1    assigned to QM atom    8 of element: N     7
  1443 TIMA     95 HSE    HE2  H      assigned to QM atom    9 of element: H     1
  1444 TIMA     95 HSE    CD2  CPH1   assigned to QM atom   10 of element: C     6
  1445 TIMA     95 HSE    HD2  HR3    assigned to QM atom   11 of element: H     1
  2552 TIMA    165 GLU    CB   CT2A   assigned to QM atom   12 of element: C     6
  2553 TIMA    165 GLU    HB1  HA2    assigned to QM atom   13 of element: H     1
  2554 TIMA    165 GLU    HB2  HA2    assigned to QM atom   14 of element: H     1
  2555 TIMA    165 GLU    CG   CT2    assigned to QM atom   15 of element: C     6
  2556 TIMA    165 GLU    HG1  HA2    assigned to QM atom   16 of element: H     1
  2557 TIMA    165 GLU    HG2  HA2    assigned to QM atom   17 of element: H     1
  2558 TIMA    165 GLU    CD   CC     assigned to QM atom   18 of element: C     6
  2559 TIMA    165 GLU    OE1  OC     assigned to QM atom   19 of element: O     8
  2560 TIMA    165 GLU    OE2  OC     assigned to QM atom   20 of element: O     8
  7575 DHA     249 DHAP   P    PG2    assigned to QM atom   21 of element: P    15
  7576 DHA     249 DHAP   O1P  OG303  assigned to QM atom   22 of element: O     8
  7577 DHA     249 DHAP   O2P  OG2P1  assigned to QM atom   23 of element: O     8
  7578 DHA     249 DHAP   O3P  OG2P1  assigned to QM atom   24 of element: O     8
  7579 DHA     249 DHAP   O4P  OG2P1  assigned to QM atom   25 of element: O     8
  7580 DHA     249 DHAP   C1   CG321  assigned to QM atom   26 of element: C     6
  7581 DHA     249 DHAP   H11  HGA2   assigned to QM atom   27 of element: H     1
  7582 DHA     249 DHAP   H12  HGA2   assigned to QM atom   28 of element: H     1
  7583 DHA     249 DHAP   C2   CG2O5  assigned to QM atom   29 of element: C     6
  7584 DHA     249 DHAP   O2   OG2D3  assigned to QM atom   30 of element: O     8
  7585 DHA     249 DHAP   C3   CG321  assigned to QM atom   31 of element: C     6
  7586 DHA     249 DHAP   O3   OG311  assigned to QM atom   32 of element: O     8
  7587 DHA     249 DHAP   HO3  HGP1   assigned to QM atom   33 of element: H     1
  7588 DHA     249 DHAP   H31  HGA2   assigned to QM atom   34 of element: H     1
  7589 DHA     249 DHAP   H32  HGA2   assigned to QM atom   35 of element: H     1
  number of QM atoms = 35
 
  QM charges retreived from rstfile.
 

Generate_LinkAtoms> QM-MM interface info. Link hydrogen is set between:
              [ QM atom ]             -             [ MM atom ]
  1435 TIMA     95 HSE    CB   CT2    -   1433 TIMA     95 HSE    CA   CT1   
                                          1431 TIMA     95 HSE    N    NH1    excluded
                                          1432 TIMA     95 HSE    HN   H      excluded
                                          1434 TIMA     95 HSE    HA   HB1    excluded
  2552 TIMA    165 GLU    CB   CT2A   -   2550 TIMA    165 GLU    CA   CT1   
                                          2548 TIMA    165 GLU    N    NH1    excluded
                                          2549 TIMA    165 GLU    HN   H      excluded
                                          2551 TIMA    165 GLU    HA   HB1    excluded

  number of link atoms           = 2
  number of external MM charges  = 37183


  Check the input file for QSimulate [ qsimulate.json ]
Setup_Enefunc_Cmap_Par> Natural spline is used to derive cmap coefs.

Setup_Enefunc_Table> Setup Variables for LookupTable
  num_solutes     =      37226  num_waters      =          0

Setup_Enefunc_Restraint> Setup restraint groups
 group =     1, "sid:DHA or (sid:TIMA and (rno:95 or rno:165) and          not (an:CA  | an:C   | an:O   | an:N | an:HN | an:HA))"
 # of atoms =    35
 atomlist: 
   1435   1436   1437   1438   1439   1440   1441   1442   1443   1444
   1445   2552   2553   2554   2555   2556   2557   2558   2559   2560
   7575   7576   7577   7578   7579   7580   7581   7582   7583   7584
   7585   7586   7587   7588   7589
 group =     2, "atomno:1900 or atomno:5687"
 # of atoms =     2
 atomlist: 
   1900   5687
 group =     3, "atomno:1442"
 # of atoms =     1
 atomlist: 
   1442
 group =     4, "atomno:1443"
 # of atoms =     1
 atomlist: 
   1443
 group =     5, "atomno:2559"
 # of atoms =     1
 atomlist: 
   2559
 group =     6, "atomno:2560"
 # of atoms =     1
 atomlist: 
   2560
 group =     7, "atomno:7583"
 # of atoms =     1
 atomlist: 
   7583
 group =     8, "atomno:7584"
 # of atoms =     1
 atomlist: 
   7584
 group =     9, "atomno:7585"
 # of atoms =     1
 atomlist: 
   7585
 group =    10, "atomno:7586"
 # of atoms =     1
 atomlist: 
   7586
 group =    11, "atomno:7587"
 # of atoms =     1
 atomlist: 
   7587
 group =    12, "atomno:7588"
 # of atoms =     1
 atomlist: 
   7588
 group =    13, "atomno:7589"
 # of atoms =     1
 atomlist: 
   7589
Setup_Enefunc_Restraint> Setup restraint functions
 func  =     1 kind  =     1
 const(total, x, y, z) =   10.000   1.000   1.000   1.000
 exponend of function =     2
 # of groups  =     1
 grouplist:   2

 func  =     2 kind  =     2
 const             =  300.000
 ref               =    1.654
 exponend of function =     2
 # of distances  =     1
 distancelist: 
 group = (  6, 12) weight =    1.000 exponent =     1

 func  =     3 kind  =     2
 const             =  300.000
 ref               =    1.133
 exponend of function =     2
 # of distances  =     1
 distancelist: 
 group = (  9, 12) weight =    1.000 exponent =     1

 func  =     4 kind  =     2
 const             =  300.000
 ref               =    2.030
 exponend of function =     2
 # of distances  =     1
 distancelist: 
 group = (  5, 11) weight =    1.000 exponent =     1

 func  =     5 kind  =     2
 const             =  300.000
 ref               =    1.842
 exponend of function =     2
 # of distances  =     1
 distancelist: 
 group = (  8,  4) weight =    1.000 exponent =     1

 func  =     6 kind  =     2
 const             =  300.000
 ref               =    2.729
 exponend of function =     2
 # of distances  =     1
 distancelist: 
 group = (  3, 11) weight =    1.000 exponent =     1

Define_Enefunc_CHARMM> Number of Interactions in Each Term
  bond_ene        =      37255  angle_ene       =      23717
  urey_ene        =       6639
  torsion_ene     =      23862  improper_ene    =       1285
  cmap_ene        =        494
  restraint_groups=         13  restraint_funcs =          6
 
Setup_Fitting_Atdyn> NO fitting is applied, skip
  fitting method  =  NO

Update_Num_Deg_Freedom> Number of degrees of freedom was updated
  num_deg_freedom =      82743 (After setup of fixed atoms at boundary)
 
Remove_Fixatm> Modified Interactions
  bond_ene        =      27610  angle_ene       =      20502
  urey_ene        =       6639
  torsion_ene     =      23862  improper_ene    =       1285
 
Setup_Constraints> The following atoms are excluded from SHAKE:
    1443    7587    7588    7589
Setup_Settle> Setup constraints for SETTLE
  num_unconsbonds =       7633      num_Settle  =       6659
  r0(O-H)         =     0.9572  mass(O)         =    15.9994
  r0(H-H)         =     1.5139  mass(H)         =     1.0080
 
Setup_Shake> Setup constrains for SHAKE and RATTLE
  num_unconsbonds =       3837  num_rigid_bonds =       3796
 
  num_qm_rigid_bonds =         10
 
Update_Num_Deg_Freedom> Number of degrees of freedom was updated
  num_deg_freedom =      62766 (After setup of SETTLE)
 
Update_Num_Deg_Freedom> Number of degrees of freedom was updated
  num_deg_freedom =      58960 (After setup of SHAKE/RATTLE)
 
[STEP4] Compute Single Point Energy for Molecules
 
            STEP            BOND           ANGLE    UREY-BRADLEY        DIHEDRAL        IMPROPER            CMAP         VDWAALS           ELECT    RESTRAINT001    RESTRAINT002    RESTRAINT003    RESTRAINT004    RESTRAINT005    RESTRAINT006    RESTR_CVS001    RESTR_CVS002    RESTR_CVS003    RESTR_CVS004    RESTR_CVS005    RESTR_CVS006              QM            SPOT
 --------------- --------------- --------------- --------------- ---------------
               0       1466.8330       3843.1942        472.9483       4495.3468        255.7853       -175.8261       7127.0954    -117160.9854          3.3257          2.4129          0.0172          0.7856          0.0004          0.5093          0.0000          1.7438          1.1404          1.9791          1.8428          2.7700     -36021.0378         11.8030

[STEP5] Perform Molecular Dynamics Simulation
 
INFO:       STEP            TIME       TOTAL_ENE   POTENTIAL_ENE     KINETIC_ENE            RMSG            BOND           ANGLE    UREY-BRADLEY        DIHEDRAL        IMPROPER            CMAP         VDWAALS           ELECT RESTRAINT_TOTAL    RESTRAINT001    RESTRAINT002    RESTRAINT003    RESTRAINT004    RESTRAINT005    RESTRAINT006    RESTR_CVS001    RESTR_CVS002    RESTR_CVS003    RESTR_CVS004    RESTR_CVS005    RESTR_CVS006     TEMPERATURE          VOLUME              QM            SPOT
 --------------- --------------- --------------- --------------- ---------------
INFO:        500          0.2500    -118020.3825    -135662.3396      17641.9571         12.6591       1502.6571       3751.8238        468.8734       4497.2905        278.4190       -185.3630       7291.8490    -117238.5003          2.7858          0.8492          0.7505          0.0415          0.1251          0.0236          0.9960          0.0000          1.7041          1.1210          2.0099          1.8328          2.6712        301.1478          0.0000     -36032.1749         15.4177

INFO:       1000          0.5000    -118036.8751    -135681.9987      17645.1236         12.5447       1493.7482       3746.1696        479.2847       4462.8724        287.3483       -195.9882       7052.5899    -116986.4105          7.8799          3.7797          1.3524          0.0499          0.4955          1.9648          0.2376          0.0000          1.7212          1.1199          2.0709          1.9226          2.7569        301.2018          0.0000     -36029.4930         18.0904

INFO:       1500          0.7500    -118072.3468    -135751.9653      17679.6185         12.6747       1477.8074       3740.6319        468.7197       4490.3986        279.4077       -187.8507       7339.9357    -117377.4050          2.8073          1.8413          0.0531          0.0071          0.3404          0.0761          0.4894          0.0000          1.6674          1.1279          2.0640          1.8576          2.6884        301.7907          0.0000     -35986.4178         17.3653

INFO:       2000          1.0000    -118081.9749    -135729.1913      17647.2164         12.6405       1441.3216       3818.2194        474.5189       4481.0859        271.0457       -183.3764       7444.8731    -117479.2539          6.8057          4.7050          0.5621          0.3961          0.0713          0.9493          0.1219          0.0000          1.6974          1.0965          2.0149          1.8980          2.7086        301.2376          0.0000     -36004.4314         16.9433

INFO:       2500          1.2500    -118055.1622    -135832.1378      17776.9756         12.6341       1499.0175       3728.1842        457.4433       4523.6726        269.9082       -190.6615       7190.8173    -117309.2784          4.4397          4.0120          0.0811          0.1349          0.0373          0.1181          0.0564          0.0000          1.6705          1.1116          2.0415          1.8615          2.7151        303.4525          0.0000     -36005.6807         21.0104

INFO:       3000          1.5000    -118058.6461    -135756.1215      17697.4753         12.5945       1529.3147       3783.6015        469.6482       4510.8745        264.9315       -190.5065       7146.9216    -117294.4784          3.5866          2.2363          0.0683          0.3597          0.0010          0.0937          0.8276          0.0000          1.6390          1.1674          2.0321          1.8240          2.7813        302.0955          0.0000     -35980.0153         17.9217

INFO:       3500          1.7500    -118060.6907    -135863.4545      17802.7638         12.6608       1521.3176       3836.8133        477.1038       4462.5824        252.2874       -174.3092       7476.6479    -117740.7326          3.0386          2.6829          0.0032          0.0301          0.1486          0.1690          0.0047          0.0000          1.6574          1.1228          2.0080          1.8654          2.7248        303.8928          0.0000     -35978.2037         18.4390

INFO:       4000          2.0000    -118044.2801    -135591.4164      17547.1364         12.6263       1501.2439       3824.6716        482.7123       4462.7250        260.9027       -205.3594       7203.3774    -117140.0189          3.2038          0.6167          0.2813          0.0298          0.5002          1.0750          0.7006          0.0000          1.6847          1.1228          1.9895          1.9016          2.7771        299.5292          0.0000     -35984.8750         11.6853

INFO:       4500          2.2500    -118040.7351    -135677.7532      17637.0181         12.6467       1541.3083       3764.4690        471.8041       4486.4203        269.1761       -198.9729       7381.9915    -117401.6036          3.6576          2.3103          0.6869          0.5110          0.0006          0.0710          0.0776          0.0000          1.7020          1.1741          2.0317          1.8571          2.7127        301.0635          0.0000     -35996.0036         12.8277

INFO:       5000          2.5000    -118062.2000    -135808.0949      17745.8949         12.6483       1493.1871       3838.1220        486.1305       4478.7424        256.2068       -177.7321       7221.5696    -117398.9359          4.7477          2.6493          0.0046          0.4559          0.8460          0.5339          0.2581          0.0000          1.6580          1.1718          1.9772          1.8839          2.7581        302.9220          0.0000     -36010.1330         15.6575

INFO:       5500          2.7500    -118108.6590    -135835.6630      17727.0040         12.5437       1454.1609       3757.0902        472.2971       4499.9621        261.6452       -197.5260       7241.6049    -117366.4332          3.2852          1.6370          0.0000          0.2223          0.2942          0.0215          1.1103          0.0000          1.6538          1.1600          1.9990          1.8502          2.6680        302.5995          0.0000     -35961.7494         17.9256

INFO:       6000          3.0000    -118112.8943    -135821.2168      17708.3224         12.6348       1509.5603       3695.5338        468.2702       4496.5734        260.1726       -190.3928       7237.1382    -117300.7204          3.7389          2.1200          0.6899          0.0347          0.0706          0.0577          0.7659          0.0000          1.7021          1.1220          2.0150          1.8278          2.7793        302.2806          0.0000     -36001.0911         14.7208

INFO:       6500          3.2500    -118129.3764    -135762.4444      17633.0681         12.6049       1471.1988       3853.9003        475.3557       4469.1975        270.4410       -185.0374       7276.7539    -117404.0239          3.6254          1.0845          0.1100          0.0277          1.5732          0.1321          0.6978          0.0000          1.6349          1.1424          1.9579          1.8207          2.6806        300.9960          0.0000     -35993.8558         13.7546

INFO:       7000          3.5000    -118103.0594    -135686.9965      17583.9371         12.5546       1463.1180       3828.7826        477.3751       4523.2738        273.3215       -198.2268       7239.2080    -117299.3258          2.2601          1.5465          0.0021          0.0013          0.5866          0.0541          0.0694          0.0000          1.6514          1.1349          1.9861          1.8551          2.7440        300.1574          0.0000     -35996.7830         17.4651

INFO:       7500          3.7500    -118077.4492    -135653.8550      17576.4057         12.6527       1504.2875       3775.6969        472.5727       4514.4146        268.7703       -169.2342       7237.4798    -117284.0702          3.6277          1.1766          0.0332          0.2123          1.8697          0.3157          0.0203          0.0000          1.6646          1.1594          2.1092          1.8741          2.7370        300.0288          0.0000     -35977.4002         16.2406

INFO:       8000          4.0000    -118124.4218    -135734.3036      17609.8818         12.6463       1478.0618       3782.5080        467.8798       4541.2224        271.0585       -191.6951       7328.9405    -117436.1582          5.5369          4.2506          0.7349          0.3216          0.1755          0.0087          0.0455          0.0000          1.7036          1.1655          2.0061          1.8471          2.7411        300.6003          0.0000     -35981.6582         16.2924

INFO:       8500          4.2500    -118108.5785    -135875.8114      17767.2329         12.6212       1488.6038       3708.4973        466.5659       4499.4227        264.4142       -187.9429       7233.8341    -117361.1457          2.8996          1.7644          0.0881          0.0117          0.6303          0.0599          0.3451          0.0000          1.6712          1.1390          1.9845          1.8558          2.6949        303.2862          0.0000     -35990.9604         10.1915

INFO:       9000          4.5000    -118130.7638    -135841.9109      17711.1471         12.6191       1474.7988       3743.2856        469.8470       4548.0396        245.3437       -194.9535       7227.9543    -117335.3510          2.5740          1.1311          0.1128          0.1208          0.2590          0.8860          0.0643          0.0000          1.6735          1.1127          2.0009          1.7874          2.7142        302.3289          0.0000     -36023.4494         20.9215

INFO:       9500          4.7500    -118116.3667    -135985.3093      17868.9426         12.6389       1521.8636       3772.6515        452.7899       4489.3123        261.7988       -205.8835       7341.8732    -117580.0132          2.6410          1.8731          0.0005          0.3736          0.2903          0.1023          0.0012          0.0000          1.6554          1.0975          2.0614          1.8232          2.7268        305.0224          0.0000     -36042.3429         12.6627

INFO:      10000          5.0000    -118131.1297    -135693.5329      17562.4032         12.6275       1489.2047       3789.2699        468.7543       4493.0805        260.5243       -174.6746       7270.3043    -117294.7476          2.6878          0.9423          0.8071          0.0022          0.2270          0.4770          0.2323          0.0000          1.7060          1.1355          2.0028          1.8816          2.7566        299.7898          0.0000     -35997.9366         17.3395

INFO:      10500          5.2500    -118072.2773    -135838.0229      17765.7456         12.6421       1544.9174       3716.4263        476.6148       4516.7081        266.7255       -193.6092       7316.5255    -117473.2010          1.5847          1.2186          0.1044          0.0086          0.1905          0.0527          0.0099          0.0000          1.6354          1.1275          2.0555          1.8284          2.7345        303.2608          0.0000     -36010.7149         18.3557

INFO:      11000          5.5000    -118062.3132    -135722.5058      17660.1926         12.6299       1473.6362       3822.1660        485.6859       4478.7855        258.7479       -185.4715       7459.2246    -117510.2336          3.3709          1.9674          0.2662          0.5226          0.4963          0.0578          0.0606          0.0000          1.6839          1.1745          2.0710          1.8556          2.7430        301.4591          0.0000     -36008.4177         16.6963

INFO:      11500          5.7500    -118033.3961    -135895.4562      17862.0602         12.6110       1506.9991       3793.0330        477.0710       4482.4628        253.7230       -180.0560       7139.2636    -117365.7465          4.1798          2.3715          0.3067          0.6801          0.7775          0.0033          0.0407          0.0000          1.6861          1.1804          2.0812          1.8450          2.7404        304.9049          0.0000     -36006.3860         20.9740

INFO:      12000          6.0000    -117984.1225    -135665.3603      17681.2378         12.6698       1500.6372       3778.1227        469.0180       4488.2733        285.4658       -169.0891       7150.6462    -117168.3065          4.2494          2.1731          0.4373          0.3592          0.3892          0.4848          0.4058          0.0000          1.6923          1.1674          1.9943          1.8819          2.7656        301.8183          0.0000     -36004.3774         13.7846

INFO:      12500          6.2500    -117952.7254    -135665.9982      17713.2728         12.6396       1518.2839       3778.0130        464.4179       4491.8272        285.2512       -178.7238       7138.0349    -117158.8844          2.2703          1.2332          0.5254          0.1898          0.0578          0.0413          0.2229          0.0000          1.6959          1.1580          2.0442          1.8534          2.7015        302.3651          0.0000     -36006.4883         17.4528

INFO:      13000          6.5000    -117962.3541    -135842.1803      17879.8263         12.5883       1501.5079       3752.5155        453.3293       4461.1539        255.9127       -190.9191       7044.3669    -117115.2453          1.8909          1.2003          0.3150          0.0106          0.2192          0.0804          0.0654          0.0000          1.6865          1.1269          2.0573          1.8581          2.7436        305.2082          0.0000     -36006.6930         13.0469

INFO:      13500          6.7500    -118026.7213    -135727.3102      17700.5888         12.6150       1457.5413       3752.2030        470.9845       4500.3567        271.6669       -187.9630       7128.5299    -117154.7005          4.5419          2.2431          0.0826          0.3035          1.6312          0.2665          0.0149          0.0000          1.6707          1.1010          2.1040          1.8715          2.7358        302.1486          0.0000     -35970.4708         14.3028

INFO:      14000          7.0000    -118078.5473    -135811.6741      17733.1268         12.6272       1478.6682       3813.9895        460.5642       4500.9989        240.2824       -168.9852       7230.0154    -117354.9028          1.4253          0.9663          0.2586          0.0441          0.0874          0.0337          0.0352          0.0000          1.6835          1.1207          2.0132          1.8523          2.7396        302.7040          0.0000     -36013.7300         16.9610

INFO:      14500          7.2500    -118106.2150    -135681.1629      17574.9479         12.6776       1517.3799       3761.2068        477.7721       4483.9308        279.0955       -190.0898       7087.3025    -117081.8026          4.1636          2.4376          0.0033          0.2828          1.2567          0.1748          0.0085          0.0000          1.6574          1.1635          2.0950          1.8658          2.7341        300.0039          0.0000     -36020.1217          9.5938

INFO:      15000          7.5000    -118078.5221    -135611.1482      17532.6261         12.6012       1478.9581       3786.7530        469.0140       4463.9368        290.9154       -184.9913       7349.8589    -117273.1364          2.5317          1.3775          0.0041          0.1668          0.6316          0.0453          0.3063          0.0000          1.6578          1.1092          2.0762          1.8294          2.7608        299.2815          0.0000     -35994.9884         10.9014

INFO:      15500          7.7500    -118132.0398    -135762.2230      17630.1832         12.6123       1544.0808       3660.9712        462.4776       4514.9508        286.7598       -178.7447       7251.0541    -117301.2589          2.8590          1.3573          0.7183          0.0036          0.3439          0.3121          0.1237          0.0000          1.7030          1.1363          1.9964          1.8740          2.7085        300.9468          0.0000     -36005.3728         13.0616

INFO:      16000          8.0000    -118136.4613    -135867.9426      17731.4813         12.5858       1483.0763       3774.1834        470.5126       4493.8633        270.5684       -193.3276       7331.4621    -117501.2270          2.2299          1.6532          0.1088          0.0661          0.1691          0.0578          0.1747          0.0000          1.6351          1.1180          2.0066          1.8556          2.7529        302.6760          0.0000     -35999.2839         13.7172

INFO:      16500          8.2500    -118099.2941    -135709.6671      17610.3730         12.6216       1477.3446       3868.8421        474.6248       4495.9765        255.4053       -174.3435       7112.1979    -117228.9686          3.9690          1.5620          0.5621          0.0300          1.5206          0.2135          0.0809          0.0000          1.6974          1.1228          1.9591          1.8684          2.7124        300.6086          0.0000     -35994.7151         16.3453

INFO:      17000          8.5000    -118112.2840    -135723.9017      17611.6177         12.6242       1489.1001       3837.7160        485.4716       4472.5424        273.1575       -198.4354       7275.5634    -117366.9735          1.7364          1.1745          0.1929          0.1208          0.1176          0.0003          0.1302          0.0000          1.6795          1.1127          2.0501          1.8428          2.7080        300.6299          0.0000     -35993.7802         19.7590

INFO:      17500          8.7500    -118090.4523    -135730.8716      17640.4193         12.5411       1474.5987       3750.4646        472.1366       4488.0195        267.0051       -185.7549       7077.2910    -117100.0756          1.3617          1.2802          0.0065          0.0092          0.0034          0.0193          0.0431          0.0000          1.6494          1.1383          2.0269          1.8337          2.7408        301.1215          0.0000     -35975.9183         15.4636

INFO:      18000          9.0000    -118116.4586    -135693.5980      17577.1394         12.5241       1447.3265       3791.8251        459.2304       4500.6132        275.4769       -209.7061       6960.6674    -116942.7035          2.4831          1.7008          0.0284          0.0016          0.1250          0.4169          0.2103          0.0000          1.6444          1.1351          2.0507          1.8790          2.7023        300.0413          0.0000     -35978.8109         17.9309

INFO:      18500          9.2500    -118134.2753    -135752.7409      17618.4656         12.6055       1492.9799       3777.8638        471.0903       4489.7901        276.6123       -203.1045       7324.5867    -117421.2385          2.1566          1.2132          0.0257          0.0563          0.8456          0.0002          0.0156          0.0000          1.6448          1.1191          1.9772          1.8425          2.7360        300.7468          0.0000     -35963.4776         21.9391

INFO:      19000          9.5000    -118077.6534    -135809.0983      17731.4448         12.6061       1496.5493       3742.0393        467.5395       4487.3338        265.6903       -183.4995       7143.1881    -117209.1107          4.8927          2.7743          0.6097          0.0041          1.4745          0.0283          0.0018          0.0000          1.6992          1.1365          2.1004          1.8514          2.7263        302.6753          0.0000     -36023.7211         28.1435

INFO:      19500          9.7500    -118106.2544    -135684.7841      17578.5297         12.5852       1489.4160       3791.7903        469.5388       4493.6217        265.4086       -206.8961       7361.1641    -117350.0788          1.7418          1.1024          0.3572          0.0001          0.0029          0.0348          0.2444          0.0000          1.6886          1.1334          2.0334          1.8525          2.7573        300.0651          0.0000     -36000.4904         22.4274

INFO:      20000         10.0000    -118119.5030    -135708.2951      17588.7920         12.5730       1484.5563       3780.0513        475.2918       4490.1588        242.5028       -198.7216       7091.3090    -117109.7662          2.6941          1.6974          0.4457          0.0278          0.0767          0.1153          0.3312          0.0000          1.6926          1.1232          2.0143          1.8221          2.7620        300.2403          0.0000     -35966.3715         25.7255

 
[STEP6] Deallocate Arrays
 
Output_Time> Averaged timer profile (Min, Max)
  total time      =    2620.052
    setup         =       8.042
    dynamics      =    2612.010
      energy      =    2423.002
      integrator  =      41.705
      pairlist    =     147.378 (     138.020,     173.854)
  energy           
    bond          =       0.473 (       0.461,       0.484)
    angle         =       2.742 (       2.684,       2.779)
    dihedral      =       6.672 (       6.365,       6.977)
    nonbond       =     800.472 (     773.879,     814.545)
      pme real    =     800.468 (     773.874,     814.541)
      pme recip   =       0.000 (       0.000,       0.000)
    solvation     =       0.000 (       0.000,       0.000)
      polar       =       0.000 (       0.000,       0.000)
      non-polar   =       0.000 (       0.000,       0.000)
    restraint     =       0.123 (       0.112,       0.131)
    qmmm          =    1554.306 (    1554.260,    1554.353)
  integrator       
    constraint    =      22.692 (      22.112,      23.239)
    update        =       0.000 (       0.000,       0.000)
    comm_coord    =       0.000 (       0.000,       0.000)
    comm_force    =       0.000 (       0.000,       0.000)
    comm_migrate  =       0.000 (       0.000,       0.000)

Note: The following floating-point exceptions are signalling:Note: The following floating-point exceptions are signalling: IEEE_OVERFLOW_FLAGNote: The following floating-point exceptions are signalling: IEEE_OVERFLOW_FLAG IEEE_UNDERFLOW_FLAG IEEE_DENORMAL
Note: The following floating-point exceptions are signalling: IEEE_OVERFLOW_FLAG IEEE_UNDERFLOW_FLAG IEEE_DENORMAL
 IEEE_OVERFLOW_FLAG IEEE_UNDERFLOW_FLAG IEEE_DENORMAL
 IEEE_UNDERFLOW_FLAG IEEE_DENORMAL
