(10.2.13.46:0,1,2,3)

[0] MPI startup(): libfabric version: 1.7.2a-impi
[0] MPI startup(): libfabric provider: verbs;ofi_rxm
[0] MPI startup(): Rank    Pid      Node name  Pin cpu
[0] MPI startup(): 0       5381     bwmpc0270  {0,1,2,3,4,5,6,7,8,9}
[0] MPI startup(): 1       5382     bwmpc0270  {10,11,12,13,14,15,16,17,18,19}
[0] MPI startup(): 2       5383     bwmpc0270  {20,21,22,23,24,25,26,27,28,29}
[0] MPI startup(): 3       5384     bwmpc0270  {30,31,32,33,34,35,36,37,38,39}
[0] MPI startup(): I_MPI_ROOT=/bwfefs/opt/x86_64/intel/compilers_and_libraries_2019.5.281/linux/mpi
[0] MPI startup(): I_MPI_HYDRA_BOOTSTRAP_EXEC=/bin/pjrsh
[0] MPI startup(): I_MPI_HYDRA_BOOTSTRAP_AUTOFORK=0
[0] MPI startup(): I_MPI_HYDRA_TOPOLIB=hwloc
[0] MPI startup(): I_MPI_HYDRA_HOST_FILE=/bwfefs/home/kyagi/tim/tim5/b3lypD3.rpath1/3.equil1/.d0011452918_nodeinfo
[0] MPI startup(): I_MPI_PERHOST=4
[0] MPI startup(): I_MPI_PIN=1
[0] MPI startup(): I_MPI_PIN_RESPECT_HCA=0
[0] MPI startup(): I_MPI_INTERNAL_MEM_POLICY=default
[0] MPI startup(): I_MPI_DEBUG=5
****************************************************
*                                                  *
*                  GENESIS ATDYN                   *
*                                                  *
*        A Molecular Dynamics Simulator with       *
*            Atomic Decomposition Scheme           *
*                                                  *
*               Developed by RIKEN                 *
*                                                  *
****************************************************
 
[STEP0] Architecture and Compiler Information
 
GENESIS_Information> GENESIS Information
  version      = 1.6.0
  commit ID    = $GENESIS_VERSION$
  precision    = double
  nonbonding   = CPU

Build_Information> Compiler Information
  build host   = kyagi@bwmpc0837
  fortran      = GNU Fortran (GCC) 7.2.0
  option       = -O3 -ffast-math -march=native -ffree-line-length-none -fopenmp 
  C            = gcc (GCC) 7.2.0
  option       = -O3 -ffast-math -march=native -fopenmp
  defined var. =  -DMPI -DOMP -DFFTE -DLAPACK -DDSFMT_MEXP=19937 -D__GFORTRAN__
  link option  = -L/home/kyagi/local/lib -fopenmp -lmkl_scalapack_lp64 -lmkl_blacs_intelmpi_lp64 -lmkl_intel_lp64 -lmkl_intel_thread -lmkl_core -liomp5 -lpthread -lm 

Runtime_Information> Machine and Library Information
  date       = 2021/02/03 15:42:28
  cpu model    = Intel(R) Xeon(R) Gold 6148 CPU @ 2.40GHz
  exec. host   = kyagi@bwmpc0270
  LD library   = /home/kyagi/local/lib:/bwfefs/opt/x86_64/intel/compilers_and_libraries_2019.5.281/linux/compiler/lib/intel64_lin:/bwfefs/opt/x86_64/intel/compilers_and_libraries_2019.5.281/linux/mkl/lib/intel64_lin:/bwfefs/opt/x86_64/gcc/7.2.0/lib64:/bwfefs/opt/x86_64/gcc/7.2.0/lib:/bwfefs/opt/x86_64/intel/impi/2019.5.281/intel64/lib/release:/bwfefs/opt/x86_64/intel/impi/2019.5.281/intel64/lib:/bwfefs/opt/x86_64/intel/impi/2019.5.281/intel64/libfabric/lib:/bwfefs/opt/x86_64/intel/parallel_studio_xe_2019.5.075/compilers_and_libraries_2019//linux/compiler/lib/intel64:/bwfefs/opt/x86_64/intel/parallel_studio_xe_2019.5.075/compilers_and_libraries_2019//linux/compiler/lib/intel64_lin:/bwfefs/opt/x86_64/intel/parallel_studio_xe_2019.5.075/compilers_and_libraries_2019//linux/mpi/intel64/lib:/bwfefs/opt/x86_64/intel/parallel_studio_xe_2019.5.075/compilers_and_libraries_2019//linux/mpi/intel64/libfabric/lib:/bwfefs/opt/x86_64/intel/parallel_studio_xe_2019.5.075/compilers_and_libraries_2019//linux/ipp/lib/intel64:/bwfefs/opt/x86_64/intel/parallel_studio_xe_2019.5.075/compilers_and_libraries_2019//linux/compiler/lib/intel64:/bwfefs/opt/x86_64/intel/parallel_studio_xe_2019.5.075/compilers_and_libraries_2019//linux/mkl/lib/intel64:/bwfefs/opt/x86_64/intel/parallel_studio_xe_2019.5.075/compilers_and_libraries_2019//linux/tbb/lib/intel64/gcc4.7:/bwfefs/opt/x86_64/intel/debugger_2019/iga/lib:/bwfefs/opt/x86_64/intel/debugger_2019/libipt/intel64/lib:/bwfefs/opt/x86_64/intel/parallel_studio_xe_2019.5.075/comp

[STEP1] Read Control Parameters
 
Read_Ctrl_Input> Input Files
  topfile = toppar/top_all36_prot.rtf, toppar/top_all36_cgenff.rtf
  parfile = toppar/par_all36_prot.prm, toppar/par_all36_cgenff.prm
  strfile = toppar/toppar_water_ions.str, toppar/toppar_dhap.3.str
  psffile = ../../2.equil/step4_nvt_100.psf
  pdbfile = ../../2.equil/step4_nvt_100.pdb
  rstfile = equil1_10.rst
  reffile = ../../2.equil/step4_nvt_100.pdb
 
Read_Ctrl_Output> Output Files
  dcdfile    = equil1_11.dcd
  rstfile    = equil1_11.rst
 
Read_Ctrl_Energy> Parameters of Energy Calculations
  forcefield      =     CHARMM
  switchdist      =     16.000  cutoffdist      =     18.000
  pairlistdist    =     19.500  dielec_const    =      1.000
  vdW force_switch=        yes
  electrostatic   =  CUTOFF
  implicit_solvent=       none
  table_order     =          3
  table_density   =     20.000
  water_model     =       NONE
  output_style    =    GENESIS
  dispersion_corr =       none
  nonb_limiter    =      no
 
Read_Ctrl_Dynamics> Parameters of MD simulation
  integrator      =       VVER  nsteps          =      20000
  timestep        =     0.0005  initial_time    =     0.0000
  eneout_period   =        500  rstout_period   =        500
  crdout_period   =        500  velout_period   =          0
  nbupdate_period =         10  stoptr_period   =         10
  iseed           =   20190319
  annealing       =         no
  verbose         =         no
  target_md       =         no
  steered_md      =         no
  esp_mm          =         no
 
Read_Ctrl_Constraints> Parameters for Constraints
  rigid_bond      =        yes
  shake_iteration =        500  shake_tolerance =  0.100E-09
  fast_water      =        yes  water_model     =       TIP3
  hydrogen_type   =  name|mass
  noshake_index   = 4  11  12  13
  fixatm_select_index        =       none
 
Read_Ctrl_Ensemble> Parameters for Ensemble
  ensemble        =        NVT
  temperature     =    300.000
  tpcontrol       =      BUSSI
  tau_t           =      5.000
 
Read_Ctrl_Boundary> Parameters of Boundary Condition
  type            =       NOBC
  spherical_pot   =        yes  restart         =          T
  center_info     =       read  modify_ratio    =      1.000
  constant        =     10.000  exponent        =          2
  fixatom         =          T  fix_layer       =      1.000
 
Read_Ctrl_Selection> Parameters of Selection
  # of groups     =         13
    group 1 = sid:DHA or (sid:TIMA and (rno:95 or rno:165) and          not (an:CA  | an:C   | an:O   | an:N | an:HN | an:HA))
    group 2 = atomno:1900 or atomno:5687
    group 3 = atomno:1442
    group 4 = atomno:1443
    group 5 = atomno:2559
    group 6 = atomno:2560
    group 7 = atomno:7583
    group 8 = atomno:7584
    group 9 = atomno:7585
    group 10 = atomno:7586
    group 11 = atomno:7587
    group 12 = atomno:7588
    group 13 = atomno:7589
  # of mole names =          0
 
Read_Ctrl_Restraints> Parameters of Restraint
  numfunc         =   6
  function1 = POSI     
    direction     = ALL 
    constant      = 10.0
    reference     = 
    select_index  = 2
    mode          =   0
    exponent      =   2
    exponent_dist = 
    weight_dist   = 

  function2 = DIST     
    constant      = 300.0
    reference     = 1.5578
    select_index  = 6  12
    mode          =   0
    exponent      =   2
    exponent_dist = 
    weight_dist   = 

  function3 = DIST     
    constant      = 300.0
    reference     = 1.1650
    select_index  = 9  12
    mode          =   0
    exponent      =   2
    exponent_dist = 
    weight_dist   = 

  function4 = DIST     
    constant      = 300.0
    reference     = 2.0379
    select_index  = 5  11
    mode          =   0
    exponent      =   2
    exponent_dist = 
    weight_dist   = 

  function5 = DIST     
    constant      = 300.0
    reference     = 1.8280
    select_index  = 8   4
    mode          =   0
    exponent      =   2
    exponent_dist = 
    weight_dist   = 

  function6 = DIST     
    constant      = 300.0
    reference     = 2.7274
    select_index  = 3  11
    mode          =   0
    exponent      =   2
    exponent_dist = 
    weight_dist   = 

  pressure_position   = NO
  pressure_rmsd     = NO

Read_Ctrl_Fitting_MD> Parameters of Fitting
  fitting method  =  TR+ROT   
  fitting atom    = group1
  mass_weight     =         no
 
Read_Ctrl_QMMM> Parameters of QM/MM
  qmtyp              = qsimulate
  qmcnt              = qsimulate.json
  qmexe              = 
  workdir            = equil1_11
  savedir            = none
  basename           = job
  qmsave_period      = 500
  qmmaxtrial         = 1
  qmatm_select_index = 1
  exclude_charge     = GROUP
 
[STEP2] Setup MPI
 
Setup_Mpi_Md> Summary of Setup MPI
  number of MPI processes   =          4
  number of OpenMP threads  =         10
  total number of CPU cores =         40

[STEP3] Set Relevant Variables and Structures
 
Input_Top> Summary of Topfile
  num_atom_class  =        212  num_resi_type   =        685
 
Input_Par> Summary of Parfile
  num_bonds       =        658  num_angles      =       2003
  num_dihedrals   =       4838  num_impropers   =        163
  num_atom_cls    =        212  num_nbfix       =         75
  num_cmap_terms  =          6
 
Input_Str> Summary of Top information
  num_atom_class  =        227  num_resi_type   =        700
 
Input_Str> Summary of Par information
  num_bonds       =        663  num_angles      =       2006
  num_dihedrals   =       4850  num_impropers   =        163
  num_atom_cls    =        227  num_nbfix       =         90
  num_cmap_terms  =          6
 
Read_Psf> Summary of Psffile
  psftype         =      xplor
  num_atoms       =      37226  num_bonds       =      37288
  num_angles      =      23768  num_dihedrals   =      20268
  num_impropers   =       1292  num_cmap_terms  =        494
  num_HB_donors   =      20596  num_HB_acceptors=      10610
  num_NB_exclusion=          0  num_groups      =      12168
  total_charge    =    -10.000
 
Check_Pdb> 6-column residue sequence number
 
Read_Pdb> Summary of Data in PDB file
  num_atoms       =      37226
 
Read_Rst_Binary> Summary of RST file
  num_atoms       =      37226  iseed           =   20190319
  boxsize (x,y,z) =      0.000     0.000     0.000
  spherical_pot     =      yes
  nfunctions                 2  num_fixatm              9645
  num_of_qm_charge          35

Define_Molecule> Summary of molecules
  num_atoms       =      37226  num_bonds       =      37288
  num_angles      =      23768  num_dihedrals   =      20268
  num_impropers   =       1292  num_cmap_terms  =        494
  num_residues    =      10370  num_molecules   =       9878
  num_segments    =          6  num_deg_freedom =     111678
  total_charge    =    -10.000
 
Setup_Boundary> Setup Variables for Boundary Condition
  origin(x,y,z)   =      0.000     0.000     0.000
  nfunctions      =        2
    center(x,y,z) =     17.000     0.000     0.000
    radius        =     35.000
    constant      =     10.000
    exponent      =          2
    center(x,y,z) =    -17.000     0.000     0.000
    radius        =     35.000
    constant      =     10.000
    exponent      =          2

  num_fixatm      =     9645

 
Random_Init> Initialize the random number
  seed            = 20190319

Setup_QMMM> Setup QM region
  QM assignment info
  1435 TIMA     95 HSE    CB   CT2    assigned to QM atom    1 of element: C     6
  1436 TIMA     95 HSE    HB1  HA2    assigned to QM atom    2 of element: H     1
  1437 TIMA     95 HSE    HB2  HA2    assigned to QM atom    3 of element: H     1
  1438 TIMA     95 HSE    ND1  NR2    assigned to QM atom    4 of element: N     7
  1439 TIMA     95 HSE    CG   CPH1   assigned to QM atom    5 of element: C     6
  1440 TIMA     95 HSE    CE1  CPH2   assigned to QM atom    6 of element: C     6
  1441 TIMA     95 HSE    HE1  HR1    assigned to QM atom    7 of element: H     1
  1442 TIMA     95 HSE    NE2  NR1    assigned to QM atom    8 of element: N     7
  1443 TIMA     95 HSE    HE2  H      assigned to QM atom    9 of element: H     1
  1444 TIMA     95 HSE    CD2  CPH1   assigned to QM atom   10 of element: C     6
  1445 TIMA     95 HSE    HD2  HR3    assigned to QM atom   11 of element: H     1
  2552 TIMA    165 GLU    CB   CT2A   assigned to QM atom   12 of element: C     6
  2553 TIMA    165 GLU    HB1  HA2    assigned to QM atom   13 of element: H     1
  2554 TIMA    165 GLU    HB2  HA2    assigned to QM atom   14 of element: H     1
  2555 TIMA    165 GLU    CG   CT2    assigned to QM atom   15 of element: C     6
  2556 TIMA    165 GLU    HG1  HA2    assigned to QM atom   16 of element: H     1
  2557 TIMA    165 GLU    HG2  HA2    assigned to QM atom   17 of element: H     1
  2558 TIMA    165 GLU    CD   CC     assigned to QM atom   18 of element: C     6
  2559 TIMA    165 GLU    OE1  OC     assigned to QM atom   19 of element: O     8
  2560 TIMA    165 GLU    OE2  OC     assigned to QM atom   20 of element: O     8
  7575 DHA     249 DHAP   P    PG2    assigned to QM atom   21 of element: P    15
  7576 DHA     249 DHAP   O1P  OG303  assigned to QM atom   22 of element: O     8
  7577 DHA     249 DHAP   O2P  OG2P1  assigned to QM atom   23 of element: O     8
  7578 DHA     249 DHAP   O3P  OG2P1  assigned to QM atom   24 of element: O     8
  7579 DHA     249 DHAP   O4P  OG2P1  assigned to QM atom   25 of element: O     8
  7580 DHA     249 DHAP   C1   CG321  assigned to QM atom   26 of element: C     6
  7581 DHA     249 DHAP   H11  HGA2   assigned to QM atom   27 of element: H     1
  7582 DHA     249 DHAP   H12  HGA2   assigned to QM atom   28 of element: H     1
  7583 DHA     249 DHAP   C2   CG2O5  assigned to QM atom   29 of element: C     6
  7584 DHA     249 DHAP   O2   OG2D3  assigned to QM atom   30 of element: O     8
  7585 DHA     249 DHAP   C3   CG321  assigned to QM atom   31 of element: C     6
  7586 DHA     249 DHAP   O3   OG311  assigned to QM atom   32 of element: O     8
  7587 DHA     249 DHAP   HO3  HGP1   assigned to QM atom   33 of element: H     1
  7588 DHA     249 DHAP   H31  HGA2   assigned to QM atom   34 of element: H     1
  7589 DHA     249 DHAP   H32  HGA2   assigned to QM atom   35 of element: H     1
  number of QM atoms = 35
 
  QM charges retreived from rstfile.
 

Generate_LinkAtoms> QM-MM interface info. Link hydrogen is set between:
              [ QM atom ]             -             [ MM atom ]
  1435 TIMA     95 HSE    CB   CT2    -   1433 TIMA     95 HSE    CA   CT1   
                                          1431 TIMA     95 HSE    N    NH1    excluded
                                          1432 TIMA     95 HSE    HN   H      excluded
                                          1434 TIMA     95 HSE    HA   HB1    excluded
  2552 TIMA    165 GLU    CB   CT2A   -   2550 TIMA    165 GLU    CA   CT1   
                                          2548 TIMA    165 GLU    N    NH1    excluded
                                          2549 TIMA    165 GLU    HN   H      excluded
                                          2551 TIMA    165 GLU    HA   HB1    excluded

  number of link atoms           = 2
  number of external MM charges  = 37183


  Check the input file for QSimulate [ qsimulate.json ]
Setup_Enefunc_Cmap_Par> Natural spline is used to derive cmap coefs.

Setup_Enefunc_Table> Setup Variables for LookupTable
  num_solutes     =      37226  num_waters      =          0

Setup_Enefunc_Restraint> Setup restraint groups
 group =     1, "sid:DHA or (sid:TIMA and (rno:95 or rno:165) and          not (an:CA  | an:C   | an:O   | an:N | an:HN | an:HA))"
 # of atoms =    35
 atomlist: 
   1435   1436   1437   1438   1439   1440   1441   1442   1443   1444
   1445   2552   2553   2554   2555   2556   2557   2558   2559   2560
   7575   7576   7577   7578   7579   7580   7581   7582   7583   7584
   7585   7586   7587   7588   7589
 group =     2, "atomno:1900 or atomno:5687"
 # of atoms =     2
 atomlist: 
   1900   5687
 group =     3, "atomno:1442"
 # of atoms =     1
 atomlist: 
   1442
 group =     4, "atomno:1443"
 # of atoms =     1
 atomlist: 
   1443
 group =     5, "atomno:2559"
 # of atoms =     1
 atomlist: 
   2559
 group =     6, "atomno:2560"
 # of atoms =     1
 atomlist: 
   2560
 group =     7, "atomno:7583"
 # of atoms =     1
 atomlist: 
   7583
 group =     8, "atomno:7584"
 # of atoms =     1
 atomlist: 
   7584
 group =     9, "atomno:7585"
 # of atoms =     1
 atomlist: 
   7585
 group =    10, "atomno:7586"
 # of atoms =     1
 atomlist: 
   7586
 group =    11, "atomno:7587"
 # of atoms =     1
 atomlist: 
   7587
 group =    12, "atomno:7588"
 # of atoms =     1
 atomlist: 
   7588
 group =    13, "atomno:7589"
 # of atoms =     1
 atomlist: 
   7589
Setup_Enefunc_Restraint> Setup restraint functions
 func  =     1 kind  =     1
 const(total, x, y, z) =   10.000   1.000   1.000   1.000
 exponend of function =     2
 # of groups  =     1
 grouplist:   2

 func  =     2 kind  =     2
 const             =  300.000
 ref               =    1.558
 exponend of function =     2
 # of distances  =     1
 distancelist: 
 group = (  6, 12) weight =    1.000 exponent =     1

 func  =     3 kind  =     2
 const             =  300.000
 ref               =    1.165
 exponend of function =     2
 # of distances  =     1
 distancelist: 
 group = (  9, 12) weight =    1.000 exponent =     1

 func  =     4 kind  =     2
 const             =  300.000
 ref               =    2.038
 exponend of function =     2
 # of distances  =     1
 distancelist: 
 group = (  5, 11) weight =    1.000 exponent =     1

 func  =     5 kind  =     2
 const             =  300.000
 ref               =    1.828
 exponend of function =     2
 # of distances  =     1
 distancelist: 
 group = (  8,  4) weight =    1.000 exponent =     1

 func  =     6 kind  =     2
 const             =  300.000
 ref               =    2.727
 exponend of function =     2
 # of distances  =     1
 distancelist: 
 group = (  3, 11) weight =    1.000 exponent =     1

Define_Enefunc_CHARMM> Number of Interactions in Each Term
  bond_ene        =      37255  angle_ene       =      23717
  urey_ene        =       6639
  torsion_ene     =      23862  improper_ene    =       1285
  cmap_ene        =        494
  restraint_groups=         13  restraint_funcs =          6
 
Setup_Fitting_Atdyn> NO fitting is applied, skip
  fitting method  =  NO

Update_Num_Deg_Freedom> Number of degrees of freedom was updated
  num_deg_freedom =      82743 (After setup of fixed atoms at boundary)
 
Remove_Fixatm> Modified Interactions
  bond_ene        =      27610  angle_ene       =      20502
  urey_ene        =       6639
  torsion_ene     =      23862  improper_ene    =       1285
 
Setup_Constraints> The following atoms are excluded from SHAKE:
    1443    7587    7588    7589
Setup_Settle> Setup constraints for SETTLE
  num_unconsbonds =       7633      num_Settle  =       6659
  r0(O-H)         =     0.9572  mass(O)         =    15.9994
  r0(H-H)         =     1.5139  mass(H)         =     1.0080
 
Setup_Shake> Setup constrains for SHAKE and RATTLE
  num_unconsbonds =       3837  num_rigid_bonds =       3796
 
  num_qm_rigid_bonds =         10
 
Update_Num_Deg_Freedom> Number of degrees of freedom was updated
  num_deg_freedom =      62766 (After setup of SETTLE)
 
Update_Num_Deg_Freedom> Number of degrees of freedom was updated
  num_deg_freedom =      58960 (After setup of SHAKE/RATTLE)
 
[STEP4] Compute Single Point Energy for Molecules
 
            STEP            BOND           ANGLE    UREY-BRADLEY        DIHEDRAL        IMPROPER            CMAP         VDWAALS           ELECT    RESTRAINT001    RESTRAINT002    RESTRAINT003    RESTRAINT004    RESTRAINT005    RESTRAINT006    RESTR_CVS001    RESTR_CVS002    RESTR_CVS003    RESTR_CVS004    RESTR_CVS005    RESTR_CVS006              QM            SPOT
 --------------- --------------- --------------- --------------- ---------------
               0       1484.5563       3780.0513        475.2918       4490.1588        242.5028       -198.7216       7091.3090    -117109.7662          1.6974          5.4549          0.5247          0.1669          0.0105          0.3597          0.0000          1.6926          1.1232          2.0143          1.8221          2.7620     -35966.3715         25.7255

[STEP5] Perform Molecular Dynamics Simulation
 
INFO:       STEP            TIME       TOTAL_ENE   POTENTIAL_ENE     KINETIC_ENE            RMSG            BOND           ANGLE    UREY-BRADLEY        DIHEDRAL        IMPROPER            CMAP         VDWAALS           ELECT RESTRAINT_TOTAL    RESTRAINT001    RESTRAINT002    RESTRAINT003    RESTRAINT004    RESTRAINT005    RESTRAINT006    RESTR_CVS001    RESTR_CVS002    RESTR_CVS003    RESTR_CVS004    RESTR_CVS005    RESTR_CVS006     TEMPERATURE          VOLUME              QM            SPOT
 --------------- --------------- --------------- --------------- ---------------
INFO:        500          0.2500    -118087.7939    -135737.7265      17649.9326         12.6547       1543.3784       3699.1656        463.7282       4520.3572        245.7742       -192.8878       7365.4009    -117397.0083          7.5225          3.8261          0.3473          1.5248          1.0825          0.3886          0.3531          0.0000          1.5918          1.2363          1.9778          1.8640          2.6931        301.2839          0.0000     -35993.1574         17.8589

INFO:       1000          0.5000    -118099.8946    -135653.9629      17554.0683         12.6018       1511.6642       3744.2567        478.5411       4515.4454        270.0948       -204.6016       7084.2659    -117073.8285          4.4745          2.3139          0.9388          1.1332          0.0744          0.0074          0.0069          0.0000          1.6137          1.1035          2.0536          1.8230          2.7322        299.6475          0.0000     -35984.2753         18.4707

INFO:       1500          0.7500    -118134.5650    -135835.7894      17701.2244         12.5807       1483.0740       3749.5013        457.5531       4495.7825        271.6105       -199.6340       7149.1224    -117235.3123          5.4421          1.6191          0.2660          0.8950          1.7877          0.2246          0.6498          0.0000          1.5280          1.2196          2.1151          1.8006          2.7739        302.1595          0.0000     -36012.9290         21.4685

INFO:       2000          1.0000    -118135.8341    -135841.8114      17705.9773         12.5840       1511.7889       3771.8110        483.0517       4506.4981        266.0885       -185.3086       7243.2873    -117482.6786          5.5242          1.9293          1.9307          1.1178          0.2466          0.2299          0.0699          0.0000          1.6380          1.1040          2.0092          1.8557          2.7121        302.2406          0.0000     -35961.8738         14.8815

INFO:       2500          1.2500    -118105.9243    -135793.2407      17687.3165         12.6609       1520.3258       3638.5671        456.6280       4493.4305        254.3120       -179.6671       7387.7910    -117387.1585          3.3499          1.7210          0.3687          0.9932          0.2230          0.0408          0.0032          0.0000          1.5227          1.2225          2.0106          1.8163          2.7242        301.9221          0.0000     -35980.8194         15.3971

INFO:       3000          1.5000    -118110.4429    -135702.8946      17592.4517         12.5754       1444.6888       3836.8854        458.2333       4521.4121        263.5770       -185.4766       7210.4613    -117281.1692          6.4311          1.9488          1.9517          0.8699          0.0634          1.5008          0.0966          0.0000          1.6385          1.1112          2.0524          1.8987          2.7095        300.3027          0.0000     -35977.9381         17.8512

INFO:       3500          1.7500    -118107.4371    -135771.0091      17663.5720         12.5531       1450.9302       3777.0291        459.6709       4509.2168        258.7908       -184.0729       7171.1825    -117259.8045          3.7538          2.9174          0.2310          0.1195          0.0720          0.1489          0.2650          0.0000          1.5301          1.1850          2.0534          1.8057          2.7571        301.5167          0.0000     -35957.7056         18.0035

INFO:       4000          2.0000    -118098.3351    -135684.4201      17586.0850         12.6231       1491.1588       3690.2061        483.2933       4517.6500        260.9838       -181.6205       7278.9110    -117252.3687          2.9075          0.7148          1.6520          0.0614          0.0067          0.4165          0.0561          0.0000          1.6320          1.1793          2.0332          1.8653          2.7137        300.1940          0.0000     -35975.5413         20.5872

INFO:       4500          2.2500    -118084.4795    -135634.4036      17549.9241         12.6170       1493.8525       3698.8742        471.3437       4484.1747        285.5580       -204.7087       7213.4478    -117090.3417          2.5190          1.7398          0.5328          0.0027          0.0066          0.2199          0.0171          0.0000          1.5999          1.1620          2.0332          1.8551          2.7350        299.5768          0.0000     -35989.1230         16.4446

INFO:       5000          2.5000    -118105.1399    -135777.5572      17672.4173         12.6138       1477.2282       3737.6079        452.8075       4480.1868        256.4773       -195.0591       7301.7532    -117319.2406          3.8509          1.8608          0.1551          0.1816          0.2859          1.3153          0.0522          0.0000          1.5805          1.1404          2.0070          1.8942          2.7142        301.6677          0.0000     -35973.1692         21.5610

INFO:       5500          2.7500    -118139.6795    -135715.5779      17575.8985         12.6373       1497.8531       3773.5998        459.1933       4499.3193        273.1613       -195.8976       7175.6703    -117166.5732          1.0266          0.0938          0.1735          0.0725          0.5786          0.0464          0.0618          0.0000          1.5818          1.1495          2.0818          1.8404          2.7418        300.0202          0.0000     -36032.9308         14.8745

INFO:       6000          3.0000    -118145.9422    -135743.2700      17597.3278         12.5746       1441.7041       3816.5530        482.9916       4504.2464        255.8493       -199.1220       7266.6689    -117313.4792          5.2429          2.0895          2.3302          0.3812          0.0000          0.0488          0.3932          0.0000          1.6459          1.2006          2.0382          1.8152          2.6912        300.3860          0.0000     -36003.9251         12.8686

INFO:       6500          3.2500    -118165.2250    -135870.5972      17705.3723         12.5921       1493.5198       3733.9979        458.7905       4479.5088        256.4228       -180.1019       7101.8776    -117187.1152          3.8851          2.5843          0.0153          0.3570          0.3360          0.4797          0.1129          0.0000          1.5649          1.1995          2.0714          1.8680          2.7468        302.2303          0.0000     -36031.3827         15.3758

INFO:       7000          3.5000    -118137.7608    -135690.4617      17552.7009         12.5832       1532.7607       3746.7393        485.3977       4482.6359        243.0706       -175.1720       7278.3342    -117253.3454          4.7600          1.2401          2.9788          0.2325          0.1059          0.0192          0.1834          0.0000          1.6574          1.1372          2.0191          1.8360          2.7027        299.6242          0.0000     -36035.6426         19.4587

INFO:       7500          3.7500    -118106.7659    -135788.5718      17681.8059         12.5889       1521.9484       3747.4216        469.3362       4516.9296        258.7372       -194.5743       7255.4887    -117348.6823          3.1229          2.1266          0.4314          0.1460          0.2570          0.1496          0.0123          0.0000          1.5199          1.1871          2.0086          1.8503          2.7210        301.8280          0.0000     -36018.2997         13.2855

INFO:       8000          4.0000    -118159.0027    -135763.6991      17604.6964         12.6469       1498.6898       3804.8109        471.5400       4501.8726        257.5662       -171.8271       7471.4999    -117566.7324          6.6620          2.4239          3.5625          0.5411          0.0123          0.0188          0.1033          0.0000          1.6668          1.1225          2.0315          1.8201          2.7088        300.5117          0.0000     -36037.7811         19.7961

INFO:       8500          4.2500    -118142.2553    -135660.2976      17518.0423         12.6364       1477.3634       3780.3116        460.0704       4487.0849        270.3899       -189.5853       7360.7828    -117298.7254          5.1832          3.4320          0.0427          1.1218          0.2480          0.0704          0.2682          0.0000          1.5697          1.2261          2.0091          1.8433          2.7573        299.0326          0.0000     -36013.1731         15.8588

INFO:       9000          4.5000    -118157.2461    -135711.9823      17554.7361         12.6128       1493.8450       3812.2621        459.6484       4457.1400        272.3984       -177.8543       7172.5850    -117165.5908          7.3820          2.9889          1.2549          0.8380          0.5224          0.7807          0.9971          0.0000          1.6225          1.1121          1.9962          1.8790          2.6697        299.6589          0.0000     -36043.7981         19.1140

INFO:       9500          4.7500    -118143.9758    -135877.1413      17733.1654         12.6701       1505.4216       3717.3412        478.9178       4529.2458        252.9927       -204.8681       7472.9363    -117571.0559          4.8723          3.1277          0.7964          0.2945          0.2016          0.4512          0.0009          0.0000          1.5063          1.1963          2.0120          1.8668          2.7292        302.7047          0.0000     -36062.9450         11.7886

INFO:      10000          5.0000    -118159.8918    -135838.9729      17679.0811         12.6393       1507.3739       3747.2721        462.2086       4482.1462        268.0981       -195.4238       7266.7384    -117353.3220          7.4636          2.0687          5.1357          0.0823          0.1751          0.0003          0.0015          0.0000          1.6886          1.1484          2.0137          1.8290          2.7297        301.7815          0.0000     -36031.5279         20.0740

INFO:      10500          5.2500    -118092.7716    -135857.0831      17764.3115         12.6273       1503.5985       3727.5517        468.4342       4474.4942        279.8773       -181.4717       7234.1830    -117345.2792          2.7186          1.9365          0.1134          0.2097          0.0000          0.4005          0.0585          0.0000          1.5384          1.1914          2.0382          1.8645          2.7414        303.2364          0.0000     -36021.1898         15.5293

INFO:      11000          5.5000    -118085.0121    -135623.4872      17538.4751         12.5805       1482.8252       3716.9946        452.9837       4530.0094        273.1457       -192.4373       7238.6919    -117097.1681          3.3495          2.5961          0.1736          0.0352          0.0054          0.4538          0.0854          0.0000          1.5819          1.1758          2.0337          1.8669          2.7443        299.3813          0.0000     -36031.8818         18.2789

INFO:      11500          5.7500    -118052.8734    -135654.5971      17601.7237         12.5987       1502.5967       3724.3269        461.4822       4468.2489        284.2407       -187.9842       7334.8338    -117222.7328          8.0228          3.5835          2.7738          0.1485          1.4067          0.1044          0.0060          0.0000          1.6540          1.1428          2.1064          1.8093          2.7229        300.4610          0.0000     -36027.6321         22.2026

INFO:      12000          6.0000    -118006.5032    -135675.4334      17668.9302         12.6028       1554.4625       3754.7360        472.9308       4453.2310        268.0405       -195.0946       7015.8586    -116978.8427          7.5525          4.8674          0.0639          1.6441          0.4719          0.2818          0.2234          0.0000          1.5724          1.2390          1.9982          1.8586          2.7547        301.6082          0.0000     -36028.3080         22.9784

INFO:      12500          6.2500    -117967.3011    -135624.0157      17656.7146         12.6528       1554.7908       3713.4898        463.1437       4510.7942        269.2585       -219.3825       7318.6776    -117227.6966          4.0383          2.1137          0.4001          1.3922          0.0997          0.0084          0.0243          0.0000          1.5943          1.0969          2.0561          1.8333          2.7184        301.3997          0.0000     -36011.1294         22.5937

INFO:      13000          6.5000    -117976.5759    -135612.4390      17635.8631         12.5422       1415.3970       3857.9293        480.6879       4519.6775        267.4197       -202.2616       7183.6581    -117193.3031          3.8154          1.5757          0.0240          1.6124          0.0644          0.0632          0.4757          0.0000          1.5668          1.2383          2.0526          1.8425          2.7672        301.0438          0.0000     -35945.4593         22.9748

INFO:      13500          6.7500    -118025.6538    -135787.5835      17761.9297         12.4948       1450.1898       3735.5799        451.8028       4494.8927        253.5115       -189.9032       7017.2987    -117026.6440          6.3294          2.1659          0.4850          2.9082          0.0929          0.0326          0.6448          0.0000          1.5176          1.0665          2.0555          1.8176          2.6810        303.1957          0.0000     -35980.6409         12.3225

INFO:      14000          7.0000    -118066.1757    -135650.1450      17583.9693         12.6121       1511.4431       3781.6514        470.2700       4482.9244        262.5693       -185.1142       7177.2109    -117148.4641          4.6871          1.8421          0.0072          0.8423          0.0697          1.1455          0.7803          0.0000          1.5529          1.2180          2.0227          1.8898          2.7784        300.1579          0.0000     -36007.3230         11.7542

INFO:      14500          7.2500    -118107.3778    -135622.6220      17515.2441         12.5060       1423.3475       3781.7653        460.4616       4498.1261        264.5742       -213.9143       7223.4833    -117050.0808          6.6821          3.4381          0.8389          1.2432          0.6583          0.0364          0.4673          0.0000          1.6107          1.1006          1.9911          1.8390          2.7669        298.9848          0.0000     -36017.0671         20.5007

INFO:      15000          7.5000    -118070.7081    -135803.6603      17732.9522         12.6169       1467.7720       3789.5074        461.5217       4492.4758        264.0059       -199.1297       7069.6347    -117143.2496          5.4786          3.4111          0.1083          0.5129          0.0441          1.2910          0.1111          0.0000          1.5388          1.2063          2.0500          1.8936          2.7466        302.7011          0.0000     -36011.6769         17.5209

INFO:      15500          7.7500    -118120.8250    -135783.2972      17662.4722         12.6612       1472.2666       3812.6335        471.9508       4465.6869        243.5331       -197.9459       7418.3368    -117466.3504          3.6973          2.1186          1.0239          0.0566          0.4454          0.0007          0.0521          0.0000          1.6162          1.1513          1.9994          1.8265          2.7406        301.4980          0.0000     -36007.1058         16.7397

INFO:      16000          8.0000    -118123.9888    -135723.0230      17599.0342         12.5923       1457.3099       3848.7724        491.0416       4485.3073        245.8255       -206.6664       7119.5581    -117180.0442          5.0219          1.8302          1.3859          1.0453          0.3069          0.2649          0.1887          0.0000          1.6258          1.1060          2.0699          1.8577          2.7023        300.4151          0.0000     -35989.1491         17.5831

INFO:      16500          8.2500    -118087.6123    -135773.4636      17685.8513         12.6578       1556.4790       3751.3426        483.7135       4502.7077        261.0922       -213.0091       7221.5609    -117348.9579          4.1526          3.1999          0.1895          0.7181          0.0037          0.0062          0.0352          0.0000          1.5327          1.2139          2.0414          1.8235          2.7166        301.8971          0.0000     -35992.5451         23.1474

INFO:      17000          8.5000    -118090.6674    -135819.7673      17729.0999         12.6082       1503.1462       3694.9409        470.1582       4485.0809        275.2241       -198.6374       7445.3081    -117488.8203          4.0721          1.1132          1.7479          0.9723          0.1642          0.0468          0.0276          0.0000          1.6341          1.1081          2.0145          1.8155          2.7370        302.6353          0.0000     -36010.2401         18.1368

INFO:      17500          8.7500    -118074.5155    -135662.7395      17588.2240         12.6575       1461.9521       3831.0418        470.6513       4500.4387        264.3136       -196.1787       7472.8949    -117479.4858          2.2630          0.9408          0.6642          0.4173          0.0004          0.1745          0.0659          0.0000          1.5107          1.2023          2.0390          1.8039          2.7422        300.2306          0.0000     -35990.6304         17.5251

INFO:      18000          9.0000    -118102.0851    -135684.2238      17582.1387         12.5361       1451.2209       3810.1743        463.2653       4488.1646        260.3125       -182.9753       7253.1388    -117229.2409          5.5626          2.9689          1.2640          0.6424          0.3036          0.2080          0.1758          0.0000          1.6227          1.1187          2.0061          1.8543          2.7032        300.1267          0.0000     -36003.8468         21.3127

INFO:      18500          9.2500    -118107.5789    -135807.8185      17700.2396         12.5894       1524.7130       3780.2589        474.8457       4448.9306        274.9986       -191.6059       7026.3428    -117168.2598          3.7764          1.9365          0.0142          1.1731          0.0574          0.1535          0.4418          0.0000          1.5509          1.2275          2.0517          1.8506          2.7658        302.1427          0.0000     -35981.8189         14.9665

INFO:      19000          9.5000    -118043.7904    -135587.5103      17543.7198         12.6039       1524.3084       3795.8661        470.8005       4480.4952        286.3337       -211.3833       6995.4877    -116919.2127          2.0243          0.4334          0.4609          0.5820          0.1030          0.3352          0.1098          0.0000          1.5970          1.1210          2.0564          1.8614          2.7083        299.4709          0.0000     -36012.2303         18.6779

INFO:      19500          9.7500    -118077.4716    -135849.1651      17771.6935         12.5717       1502.9619       3726.2481        457.7002       4450.2098        253.9928       -202.0580       6900.1235    -116950.2946          3.6542          2.1085          0.3017          0.5452          0.0001          0.3336          0.3652          0.0000          1.5261          1.2076          2.0386          1.8613          2.7623        303.3624          0.0000     -35991.7032         17.7856

INFO:      20000         10.0000    -118084.3397    -135754.1822      17669.8425         12.6224       1517.7325       3720.5338        465.2895       4470.3924        255.5232       -213.1186       7036.6992    -117016.3284          5.8049          0.7287          3.5041          0.3121          0.0823          0.7238          0.4538          0.0000          1.6659          1.1327          2.0213          1.8771          2.6885        301.6238          0.0000     -35996.7106         14.8545

 
[STEP6] Deallocate Arrays
 
Output_Time> Averaged timer profile (Min, Max)
  total time      =    2638.694
    setup         =       5.077
    dynamics      =    2633.617
      energy      =    2448.111
      integrator  =      41.822
      pairlist    =     143.503 (     137.160,     158.672)
  energy           
    bond          =       0.480 (       0.466,       0.496)
    angle         =       2.764 (       2.716,       2.796)
    dihedral      =       6.685 (       6.366,       6.967)
    nonbond       =     801.097 (     782.849,     813.479)
      pme real    =     801.092 (     782.843,     813.475)
      pme recip   =       0.000 (       0.000,       0.000)
    solvation     =       0.000 (       0.000,       0.000)
      polar       =       0.000 (       0.000,       0.000)
      non-polar   =       0.000 (       0.000,       0.000)
    restraint     =       0.121 (       0.112,       0.130)
    qmmm          =    1593.720 (    1593.673,    1593.768)
  integrator       
    constraint    =      22.757 (      22.095,      23.382)
    update        =       0.000 (       0.000,       0.000)
    comm_coord    =       0.000 (       0.000,       0.000)
    comm_force    =       0.000 (       0.000,       0.000)
    comm_migrate  =       0.000 (       0.000,       0.000)

Note: The following floating-point exceptions are signalling: IEEE_OVERFLOW_FLAG IEEE_UNDERFLOW_FLAG IEEE_DENORMAL
Note: The following floating-point exceptions are signalling: IEEE_OVERFLOW_FLAG IEEE_UNDERFLOW_FLAG IEEE_DENORMAL
Note: The following floating-point exceptions are signalling: IEEE_OVERFLOW_FLAG IEEE_UNDERFLOW_FLAG IEEE_DENORMAL
Note: The following floating-point exceptions are signalling: IEEE_OVERFLOW_FLAG IEEE_UNDERFLOW_FLAG IEEE_DENORMAL
