(10.2.13.46:0,1,2,3)

[0] MPI startup(): libfabric version: 1.7.2a-impi
[0] MPI startup(): libfabric provider: verbs;ofi_rxm
[0] MPI startup(): Rank    Pid      Node name  Pin cpu
[0] MPI startup(): 0       208791   bwmpc0270  {0,1,2,3,4,5,6,7,8,9}
[0] MPI startup(): 1       208792   bwmpc0270  {10,11,12,13,14,15,16,17,18,19}
[0] MPI startup(): 2       208793   bwmpc0270  {20,21,22,23,24,25,26,27,28,29}
[0] MPI startup(): 3       208794   bwmpc0270  {30,31,32,33,34,35,36,37,38,39}
[0] MPI startup(): I_MPI_ROOT=/bwfefs/opt/x86_64/intel/compilers_and_libraries_2019.5.281/linux/mpi
[0] MPI startup(): I_MPI_HYDRA_BOOTSTRAP_EXEC=/bin/pjrsh
[0] MPI startup(): I_MPI_HYDRA_BOOTSTRAP_AUTOFORK=0
[0] MPI startup(): I_MPI_HYDRA_TOPOLIB=hwloc
[0] MPI startup(): I_MPI_HYDRA_HOST_FILE=/bwfefs/home/kyagi/tim/tim5/b3lypD3.rpath1/3.equil1/.d0011452918_nodeinfo
[0] MPI startup(): I_MPI_PERHOST=4
[0] MPI startup(): I_MPI_PIN=1
[0] MPI startup(): I_MPI_PIN_RESPECT_HCA=0
[0] MPI startup(): I_MPI_INTERNAL_MEM_POLICY=default
[0] MPI startup(): I_MPI_DEBUG=5
****************************************************
*                                                  *
*                  GENESIS ATDYN                   *
*                                                  *
*        A Molecular Dynamics Simulator with       *
*            Atomic Decomposition Scheme           *
*                                                  *
*               Developed by RIKEN                 *
*                                                  *
****************************************************
 
[STEP0] Architecture and Compiler Information
 
GENESIS_Information> GENESIS Information
  version      = 1.6.0
  commit ID    = $GENESIS_VERSION$
  precision    = double
  nonbonding   = CPU

Build_Information> Compiler Information
  build host   = kyagi@bwmpc0837
  fortran      = GNU Fortran (GCC) 7.2.0
  option       = -O3 -ffast-math -march=native -ffree-line-length-none -fopenmp 
  C            = gcc (GCC) 7.2.0
  option       = -O3 -ffast-math -march=native -fopenmp
  defined var. =  -DMPI -DOMP -DFFTE -DLAPACK -DDSFMT_MEXP=19937 -D__GFORTRAN__
  link option  = -L/home/kyagi/local/lib -fopenmp -lmkl_scalapack_lp64 -lmkl_blacs_intelmpi_lp64 -lmkl_intel_lp64 -lmkl_intel_thread -lmkl_core -liomp5 -lpthread -lm 

Runtime_Information> Machine and Library Information
  date       = 2021/02/03 10:38:34
  cpu model    = Intel(R) Xeon(R) Gold 6148 CPU @ 2.40GHz
  exec. host   = kyagi@bwmpc0270
  LD library   = /home/kyagi/local/lib:/bwfefs/opt/x86_64/intel/compilers_and_libraries_2019.5.281/linux/compiler/lib/intel64_lin:/bwfefs/opt/x86_64/intel/compilers_and_libraries_2019.5.281/linux/mkl/lib/intel64_lin:/bwfefs/opt/x86_64/gcc/7.2.0/lib64:/bwfefs/opt/x86_64/gcc/7.2.0/lib:/bwfefs/opt/x86_64/intel/impi/2019.5.281/intel64/lib/release:/bwfefs/opt/x86_64/intel/impi/2019.5.281/intel64/lib:/bwfefs/opt/x86_64/intel/impi/2019.5.281/intel64/libfabric/lib:/bwfefs/opt/x86_64/intel/parallel_studio_xe_2019.5.075/compilers_and_libraries_2019//linux/compiler/lib/intel64:/bwfefs/opt/x86_64/intel/parallel_studio_xe_2019.5.075/compilers_and_libraries_2019//linux/compiler/lib/intel64_lin:/bwfefs/opt/x86_64/intel/parallel_studio_xe_2019.5.075/compilers_and_libraries_2019//linux/mpi/intel64/lib:/bwfefs/opt/x86_64/intel/parallel_studio_xe_2019.5.075/compilers_and_libraries_2019//linux/mpi/intel64/libfabric/lib:/bwfefs/opt/x86_64/intel/parallel_studio_xe_2019.5.075/compilers_and_libraries_2019//linux/ipp/lib/intel64:/bwfefs/opt/x86_64/intel/parallel_studio_xe_2019.5.075/compilers_and_libraries_2019//linux/compiler/lib/intel64:/bwfefs/opt/x86_64/intel/parallel_studio_xe_2019.5.075/compilers_and_libraries_2019//linux/mkl/lib/intel64:/bwfefs/opt/x86_64/intel/parallel_studio_xe_2019.5.075/compilers_and_libraries_2019//linux/tbb/lib/intel64/gcc4.7:/bwfefs/opt/x86_64/intel/debugger_2019/iga/lib:/bwfefs/opt/x86_64/intel/debugger_2019/libipt/intel64/lib:/bwfefs/opt/x86_64/intel/parallel_studio_xe_2019.5.075/comp

[STEP1] Read Control Parameters
 
Read_Ctrl_Input> Input Files
  topfile = toppar/top_all36_prot.rtf, toppar/top_all36_cgenff.rtf
  parfile = toppar/par_all36_prot.prm, toppar/par_all36_cgenff.prm
  strfile = toppar/toppar_water_ions.str, toppar/toppar_dhap.3.str
  psffile = ../../2.equil/step4_nvt_100.psf
  pdbfile = ../../2.equil/step4_nvt_100.pdb
  rstfile = equil1_3.rst
  reffile = ../../2.equil/step4_nvt_100.pdb
 
Read_Ctrl_Output> Output Files
  dcdfile    = equil1_4.dcd
  rstfile    = equil1_4.rst
 
Read_Ctrl_Energy> Parameters of Energy Calculations
  forcefield      =     CHARMM
  switchdist      =     16.000  cutoffdist      =     18.000
  pairlistdist    =     19.500  dielec_const    =      1.000
  vdW force_switch=        yes
  electrostatic   =  CUTOFF
  implicit_solvent=       none
  table_order     =          3
  table_density   =     20.000
  water_model     =       NONE
  output_style    =    GENESIS
  dispersion_corr =       none
  nonb_limiter    =      no
 
Read_Ctrl_Dynamics> Parameters of MD simulation
  integrator      =       VVER  nsteps          =      20000
  timestep        =     0.0005  initial_time    =     0.0000
  eneout_period   =        500  rstout_period   =        500
  crdout_period   =        500  velout_period   =          0
  nbupdate_period =         10  stoptr_period   =         10
  iseed           =   20190319
  annealing       =         no
  verbose         =         no
  target_md       =         no
  steered_md      =         no
  esp_mm          =         no
 
Read_Ctrl_Constraints> Parameters for Constraints
  rigid_bond      =        yes
  shake_iteration =        500  shake_tolerance =  0.100E-09
  fast_water      =        yes  water_model     =       TIP3
  hydrogen_type   =  name|mass
  noshake_index   = 4  11  12  13
  fixatm_select_index        =       none
 
Read_Ctrl_Ensemble> Parameters for Ensemble
  ensemble        =        NVT
  temperature     =    300.000
  tpcontrol       =      BUSSI
  tau_t           =      5.000
 
Read_Ctrl_Boundary> Parameters of Boundary Condition
  type            =       NOBC
  spherical_pot   =        yes  restart         =          T
  center_info     =       read  modify_ratio    =      1.000
  constant        =     10.000  exponent        =          2
  fixatom         =          T  fix_layer       =      1.000
 
Read_Ctrl_Selection> Parameters of Selection
  # of groups     =         13
    group 1 = sid:DHA or (sid:TIMA and (rno:95 or rno:165) and          not (an:CA  | an:C   | an:O   | an:N | an:HN | an:HA))
    group 2 = atomno:1900 or atomno:5687
    group 3 = atomno:1442
    group 4 = atomno:1443
    group 5 = atomno:2559
    group 6 = atomno:2560
    group 7 = atomno:7583
    group 8 = atomno:7584
    group 9 = atomno:7585
    group 10 = atomno:7586
    group 11 = atomno:7587
    group 12 = atomno:7588
    group 13 = atomno:7589
  # of mole names =          0
 
Read_Ctrl_Restraints> Parameters of Restraint
  numfunc         =   6
  function1 = POSI     
    direction     = ALL 
    constant      = 10.0
    reference     = 
    select_index  = 2
    mode          =   0
    exponent      =   2
    exponent_dist = 
    weight_dist   = 

  function2 = DIST     
    constant      = 300.0
    reference     = 2.2400
    select_index  = 6  12
    mode          =   0
    exponent      =   2
    exponent_dist = 
    weight_dist   = 

  function3 = DIST     
    constant      = 300.0
    reference     = 1.0949
    select_index  = 9  12
    mode          =   0
    exponent      =   2
    exponent_dist = 
    weight_dist   = 

  function4 = DIST     
    constant      = 300.0
    reference     = 1.8586
    select_index  = 5  11
    mode          =   0
    exponent      =   2
    exponent_dist = 
    weight_dist   = 

  function5 = DIST     
    constant      = 300.0
    reference     = 1.8556
    select_index  = 8   4
    mode          =   0
    exponent      =   2
    exponent_dist = 
    weight_dist   = 

  function6 = DIST     
    constant      = 300.0
    reference     = 2.7421
    select_index  = 3  11
    mode          =   0
    exponent      =   2
    exponent_dist = 
    weight_dist   = 

  pressure_position   = NO
  pressure_rmsd     = NO

Read_Ctrl_Fitting_MD> Parameters of Fitting
  fitting method  =  TR+ROT   
  fitting atom    = group1
  mass_weight     =         no
 
Read_Ctrl_QMMM> Parameters of QM/MM
  qmtyp              = qsimulate
  qmcnt              = qsimulate.json
  qmexe              = 
  workdir            = equil1_4
  savedir            = none
  basename           = job
  qmsave_period      = 500
  qmmaxtrial         = 1
  qmatm_select_index = 1
  exclude_charge     = GROUP
 
[STEP2] Setup MPI
 
Setup_Mpi_Md> Summary of Setup MPI
  number of MPI processes   =          4
  number of OpenMP threads  =         10
  total number of CPU cores =         40

[STEP3] Set Relevant Variables and Structures
 
Input_Top> Summary of Topfile
  num_atom_class  =        212  num_resi_type   =        685
 
Input_Par> Summary of Parfile
  num_bonds       =        658  num_angles      =       2003
  num_dihedrals   =       4838  num_impropers   =        163
  num_atom_cls    =        212  num_nbfix       =         75
  num_cmap_terms  =          6
 
Input_Str> Summary of Top information
  num_atom_class  =        227  num_resi_type   =        700
 
Input_Str> Summary of Par information
  num_bonds       =        663  num_angles      =       2006
  num_dihedrals   =       4850  num_impropers   =        163
  num_atom_cls    =        227  num_nbfix       =         90
  num_cmap_terms  =          6
 
Read_Psf> Summary of Psffile
  psftype         =      xplor
  num_atoms       =      37226  num_bonds       =      37288
  num_angles      =      23768  num_dihedrals   =      20268
  num_impropers   =       1292  num_cmap_terms  =        494
  num_HB_donors   =      20596  num_HB_acceptors=      10610
  num_NB_exclusion=          0  num_groups      =      12168
  total_charge    =    -10.000
 
Check_Pdb> 6-column residue sequence number
 
Read_Pdb> Summary of Data in PDB file
  num_atoms       =      37226
 
Read_Rst_Binary> Summary of RST file
  num_atoms       =      37226  iseed           =   20190319
  boxsize (x,y,z) =      0.000     0.000     0.000
  spherical_pot     =      yes
  nfunctions                 2  num_fixatm              9645
  num_of_qm_charge          35

Define_Molecule> Summary of molecules
  num_atoms       =      37226  num_bonds       =      37288
  num_angles      =      23768  num_dihedrals   =      20268
  num_impropers   =       1292  num_cmap_terms  =        494
  num_residues    =      10370  num_molecules   =       9878
  num_segments    =          6  num_deg_freedom =     111678
  total_charge    =    -10.000
 
Setup_Boundary> Setup Variables for Boundary Condition
  origin(x,y,z)   =      0.000     0.000     0.000
  nfunctions      =        2
    center(x,y,z) =     17.000     0.000     0.000
    radius        =     35.000
    constant      =     10.000
    exponent      =          2
    center(x,y,z) =    -17.000     0.000     0.000
    radius        =     35.000
    constant      =     10.000
    exponent      =          2

  num_fixatm      =     9645

 
Random_Init> Initialize the random number
  seed            = 20190319

Setup_QMMM> Setup QM region
  QM assignment info
  1435 TIMA     95 HSE    CB   CT2    assigned to QM atom    1 of element: C     6
  1436 TIMA     95 HSE    HB1  HA2    assigned to QM atom    2 of element: H     1
  1437 TIMA     95 HSE    HB2  HA2    assigned to QM atom    3 of element: H     1
  1438 TIMA     95 HSE    ND1  NR2    assigned to QM atom    4 of element: N     7
  1439 TIMA     95 HSE    CG   CPH1   assigned to QM atom    5 of element: C     6
  1440 TIMA     95 HSE    CE1  CPH2   assigned to QM atom    6 of element: C     6
  1441 TIMA     95 HSE    HE1  HR1    assigned to QM atom    7 of element: H     1
  1442 TIMA     95 HSE    NE2  NR1    assigned to QM atom    8 of element: N     7
  1443 TIMA     95 HSE    HE2  H      assigned to QM atom    9 of element: H     1
  1444 TIMA     95 HSE    CD2  CPH1   assigned to QM atom   10 of element: C     6
  1445 TIMA     95 HSE    HD2  HR3    assigned to QM atom   11 of element: H     1
  2552 TIMA    165 GLU    CB   CT2A   assigned to QM atom   12 of element: C     6
  2553 TIMA    165 GLU    HB1  HA2    assigned to QM atom   13 of element: H     1
  2554 TIMA    165 GLU    HB2  HA2    assigned to QM atom   14 of element: H     1
  2555 TIMA    165 GLU    CG   CT2    assigned to QM atom   15 of element: C     6
  2556 TIMA    165 GLU    HG1  HA2    assigned to QM atom   16 of element: H     1
  2557 TIMA    165 GLU    HG2  HA2    assigned to QM atom   17 of element: H     1
  2558 TIMA    165 GLU    CD   CC     assigned to QM atom   18 of element: C     6
  2559 TIMA    165 GLU    OE1  OC     assigned to QM atom   19 of element: O     8
  2560 TIMA    165 GLU    OE2  OC     assigned to QM atom   20 of element: O     8
  7575 DHA     249 DHAP   P    PG2    assigned to QM atom   21 of element: P    15
  7576 DHA     249 DHAP   O1P  OG303  assigned to QM atom   22 of element: O     8
  7577 DHA     249 DHAP   O2P  OG2P1  assigned to QM atom   23 of element: O     8
  7578 DHA     249 DHAP   O3P  OG2P1  assigned to QM atom   24 of element: O     8
  7579 DHA     249 DHAP   O4P  OG2P1  assigned to QM atom   25 of element: O     8
  7580 DHA     249 DHAP   C1   CG321  assigned to QM atom   26 of element: C     6
  7581 DHA     249 DHAP   H11  HGA2   assigned to QM atom   27 of element: H     1
  7582 DHA     249 DHAP   H12  HGA2   assigned to QM atom   28 of element: H     1
  7583 DHA     249 DHAP   C2   CG2O5  assigned to QM atom   29 of element: C     6
  7584 DHA     249 DHAP   O2   OG2D3  assigned to QM atom   30 of element: O     8
  7585 DHA     249 DHAP   C3   CG321  assigned to QM atom   31 of element: C     6
  7586 DHA     249 DHAP   O3   OG311  assigned to QM atom   32 of element: O     8
  7587 DHA     249 DHAP   HO3  HGP1   assigned to QM atom   33 of element: H     1
  7588 DHA     249 DHAP   H31  HGA2   assigned to QM atom   34 of element: H     1
  7589 DHA     249 DHAP   H32  HGA2   assigned to QM atom   35 of element: H     1
  number of QM atoms = 35
 
  QM charges retreived from rstfile.
 

Generate_LinkAtoms> QM-MM interface info. Link hydrogen is set between:
              [ QM atom ]             -             [ MM atom ]
  1435 TIMA     95 HSE    CB   CT2    -   1433 TIMA     95 HSE    CA   CT1   
                                          1431 TIMA     95 HSE    N    NH1    excluded
                                          1432 TIMA     95 HSE    HN   H      excluded
                                          1434 TIMA     95 HSE    HA   HB1    excluded
  2552 TIMA    165 GLU    CB   CT2A   -   2550 TIMA    165 GLU    CA   CT1   
                                          2548 TIMA    165 GLU    N    NH1    excluded
                                          2549 TIMA    165 GLU    HN   H      excluded
                                          2551 TIMA    165 GLU    HA   HB1    excluded

  number of link atoms           = 2
  number of external MM charges  = 37183


  Check the input file for QSimulate [ qsimulate.json ]
Setup_Enefunc_Cmap_Par> Natural spline is used to derive cmap coefs.

Setup_Enefunc_Table> Setup Variables for LookupTable
  num_solutes     =      37226  num_waters      =          0

Setup_Enefunc_Restraint> Setup restraint groups
 group =     1, "sid:DHA or (sid:TIMA and (rno:95 or rno:165) and          not (an:CA  | an:C   | an:O   | an:N | an:HN | an:HA))"
 # of atoms =    35
 atomlist: 
   1435   1436   1437   1438   1439   1440   1441   1442   1443   1444
   1445   2552   2553   2554   2555   2556   2557   2558   2559   2560
   7575   7576   7577   7578   7579   7580   7581   7582   7583   7584
   7585   7586   7587   7588   7589
 group =     2, "atomno:1900 or atomno:5687"
 # of atoms =     2
 atomlist: 
   1900   5687
 group =     3, "atomno:1442"
 # of atoms =     1
 atomlist: 
   1442
 group =     4, "atomno:1443"
 # of atoms =     1
 atomlist: 
   1443
 group =     5, "atomno:2559"
 # of atoms =     1
 atomlist: 
   2559
 group =     6, "atomno:2560"
 # of atoms =     1
 atomlist: 
   2560
 group =     7, "atomno:7583"
 # of atoms =     1
 atomlist: 
   7583
 group =     8, "atomno:7584"
 # of atoms =     1
 atomlist: 
   7584
 group =     9, "atomno:7585"
 # of atoms =     1
 atomlist: 
   7585
 group =    10, "atomno:7586"
 # of atoms =     1
 atomlist: 
   7586
 group =    11, "atomno:7587"
 # of atoms =     1
 atomlist: 
   7587
 group =    12, "atomno:7588"
 # of atoms =     1
 atomlist: 
   7588
 group =    13, "atomno:7589"
 # of atoms =     1
 atomlist: 
   7589
Setup_Enefunc_Restraint> Setup restraint functions
 func  =     1 kind  =     1
 const(total, x, y, z) =   10.000   1.000   1.000   1.000
 exponend of function =     2
 # of groups  =     1
 grouplist:   2

 func  =     2 kind  =     2
 const             =  300.000
 ref               =    2.240
 exponend of function =     2
 # of distances  =     1
 distancelist: 
 group = (  6, 12) weight =    1.000 exponent =     1

 func  =     3 kind  =     2
 const             =  300.000
 ref               =    1.095
 exponend of function =     2
 # of distances  =     1
 distancelist: 
 group = (  9, 12) weight =    1.000 exponent =     1

 func  =     4 kind  =     2
 const             =  300.000
 ref               =    1.859
 exponend of function =     2
 # of distances  =     1
 distancelist: 
 group = (  5, 11) weight =    1.000 exponent =     1

 func  =     5 kind  =     2
 const             =  300.000
 ref               =    1.856
 exponend of function =     2
 # of distances  =     1
 distancelist: 
 group = (  8,  4) weight =    1.000 exponent =     1

 func  =     6 kind  =     2
 const             =  300.000
 ref               =    2.742
 exponend of function =     2
 # of distances  =     1
 distancelist: 
 group = (  3, 11) weight =    1.000 exponent =     1

Define_Enefunc_CHARMM> Number of Interactions in Each Term
  bond_ene        =      37255  angle_ene       =      23717
  urey_ene        =       6639
  torsion_ene     =      23862  improper_ene    =       1285
  cmap_ene        =        494
  restraint_groups=         13  restraint_funcs =          6
 
Setup_Fitting_Atdyn> NO fitting is applied, skip
  fitting method  =  NO

Update_Num_Deg_Freedom> Number of degrees of freedom was updated
  num_deg_freedom =      82743 (After setup of fixed atoms at boundary)
 
Remove_Fixatm> Modified Interactions
  bond_ene        =      27610  angle_ene       =      20502
  urey_ene        =       6639
  torsion_ene     =      23862  improper_ene    =       1285
 
Setup_Constraints> The following atoms are excluded from SHAKE:
    1443    7587    7588    7589
Setup_Settle> Setup constraints for SETTLE
  num_unconsbonds =       7633      num_Settle  =       6659
  r0(O-H)         =     0.9572  mass(O)         =    15.9994
  r0(H-H)         =     1.5139  mass(H)         =     1.0080
 
Setup_Shake> Setup constrains for SHAKE and RATTLE
  num_unconsbonds =       3837  num_rigid_bonds =       3796
 
  num_qm_rigid_bonds =         10
 
Update_Num_Deg_Freedom> Number of degrees of freedom was updated
  num_deg_freedom =      62766 (After setup of SETTLE)
 
Update_Num_Deg_Freedom> Number of degrees of freedom was updated
  num_deg_freedom =      58960 (After setup of SHAKE/RATTLE)
 
[STEP4] Compute Single Point Energy for Molecules
 
            STEP            BOND           ANGLE    UREY-BRADLEY        DIHEDRAL        IMPROPER            CMAP         VDWAALS           ELECT    RESTRAINT001    RESTRAINT002    RESTRAINT003    RESTRAINT004    RESTRAINT005    RESTRAINT006    RESTR_CVS001    RESTR_CVS002    RESTR_CVS003    RESTR_CVS004    RESTR_CVS005    RESTR_CVS006              QM            SPOT
 --------------- --------------- --------------- --------------- ---------------
               0       1524.0972       3744.7174        476.6413       4467.2317        279.9610       -172.4478       7066.4816    -117024.1329          1.4051          3.7056          0.0004          2.6420          0.0155          0.5684          0.0000          2.3511          1.0960          1.7648          1.8484          2.7856     -35978.9444         12.3448

[STEP5] Perform Molecular Dynamics Simulation
 
INFO:       STEP            TIME       TOTAL_ENE   POTENTIAL_ENE     KINETIC_ENE            RMSG            BOND           ANGLE    UREY-BRADLEY        DIHEDRAL        IMPROPER            CMAP         VDWAALS           ELECT RESTRAINT_TOTAL    RESTRAINT001    RESTRAINT002    RESTRAINT003    RESTRAINT004    RESTRAINT005    RESTRAINT006    RESTR_CVS001    RESTR_CVS002    RESTR_CVS003    RESTR_CVS004    RESTR_CVS005    RESTR_CVS006     TEMPERATURE          VOLUME              QM            SPOT
 --------------- --------------- --------------- --------------- ---------------
INFO:        500          0.2500    -117947.1092    -135669.9481      17722.8389         12.6857       1489.1852       3779.5708        455.3612       4524.8034        272.0402       -169.7645       7250.5069    -117288.0601          2.8444          2.1712          0.1083          0.0023          0.2197          0.3037          0.0392          0.0000          2.2590          1.0977          1.8857          1.8874          2.7535        302.5284          0.0000     -35986.4356         25.1734

INFO:       1000          0.5000    -117948.9109    -135461.1148      17512.2039         12.6982       1518.6415       3808.1363        477.6238       4464.1574        262.5952       -183.6515       7203.1494    -117006.6608          4.2028          1.7781          0.1388          0.1528          0.5658          0.3783          1.1890          0.0000          2.2185          1.1175          1.8152          1.8201          2.8051        298.9329          0.0000     -36009.3090         14.9187

INFO:       1500          0.7500    -117984.3755    -135744.8682      17760.4926         12.6696       1524.7645       3740.6904        454.2901       4478.0406        277.2280       -198.6907       7149.9064    -117177.4066          2.7676          0.4033          1.0796          0.0202          0.6924          0.0068          0.5654          0.0000          2.3000          1.0867          1.9066          1.8508          2.6987        303.1712          0.0000     -35996.4586         12.8856

INFO:       2000          1.0000    -117992.9158    -135806.2457      17813.3299         12.6867       1553.1948       3695.8398        470.0753       4473.3705        259.4460       -171.8999       7402.1999    -117482.0646          3.8228          1.0958          0.5677          0.0586          0.1560          1.6708          0.2739          0.0000          2.2835          1.0809          1.8358          1.9302          2.7119        304.0731          0.0000     -36010.2303         12.8308

INFO:       2500          1.2500    -117964.9553    -135785.2516      17820.2963         12.6245       1498.8405       3721.9938        469.3616       4459.8981        264.3295       -186.2608       7361.3934    -117372.2075          2.7873          1.3006          0.1947          0.0145          1.1746          0.0976          0.0053          0.0000          2.2145          1.1019          1.9212          1.8736          2.7379        304.1920          0.0000     -36005.3875         13.2993

INFO:       3000          1.5000    -117970.5155    -135759.7652      17789.2497         12.6052       1481.2935       3701.9150        463.6523       4496.1201        277.9760       -174.1120       7367.9309    -117392.6700          2.0563          0.8493          0.0629          0.6379          0.0057          0.2032          0.2972          0.0000          2.2255          1.1410          1.8630          1.8296          2.7736        303.6621          0.0000     -35983.9274         13.4204

INFO:       3500          1.7500    -117982.5866    -135606.2093      17623.6227         12.6557       1500.1534       3766.0732        467.4429       4473.6263        285.6250       -173.5966       7290.8643    -117226.4753          1.2421          1.0452          0.0131          0.0776          0.0228          0.0298          0.0537          0.0000          2.2334          1.1110          1.8499          1.8656          2.7287        300.8348          0.0000     -35991.1646         25.0366

INFO:       4000          2.0000    -117966.4233    -135687.4399      17721.0166         12.6265       1541.0148       3797.7416        457.0119       4485.8293        282.1976       -192.6876       7087.9158    -117154.4355          4.7009          1.7696          1.1332          0.0053          0.7923          0.8001          0.2004          0.0000          2.3015          1.0991          1.8072          1.9072          2.7679        302.4973          0.0000     -35996.7287         20.0768

INFO:       4500          2.2500    -117954.8311    -135764.1013      17809.2702         12.6042       1446.6666       3748.8839        489.3167       4452.6497        269.7659       -196.2016       7269.8751    -117259.5514          5.2738          3.7128          0.1656          0.0093          0.4627          0.3924          0.5310          0.0000          2.2635          1.0893          1.8979          1.8918          2.7000        304.0038          0.0000     -35990.7799         14.2191

INFO:       5000          2.5000    -117977.2896    -135687.7531      17710.4635         12.7090       1544.5140       3743.7513        470.8740       4499.0759        281.3319       -183.3399       7327.5293    -117352.5909          3.4849          1.3265          0.0032          0.5931          1.1865          0.3722          0.0034          0.0000          2.2367          1.1394          1.9215          1.8908          2.7387        302.3172          0.0000     -36022.3836         17.1039

INFO:       5500          2.7500    -118019.6512    -135506.3605      17486.7094         12.6132       1504.4641       3646.6321        475.7526       4528.3969        279.8890       -194.2589       7089.2783    -116809.3261          2.2822          1.6761          0.0520          0.0052          0.0251          0.3299          0.1938          0.0000          2.2532          1.0991          1.8495          1.8888          2.7675        298.4977          0.0000     -36029.4707         14.4717

INFO:       6000          3.0000    -118031.6829    -135627.7556      17596.0728         12.6052       1481.6366       3775.0953        469.5057       4485.6321        258.8694       -189.3560       7123.4030    -117028.0586          1.7993          0.7640          0.0010          0.1670          0.0372          0.7334          0.0968          0.0000          2.2382          1.0713          1.8697          1.9050          2.7241        300.3645          0.0000     -36006.2825         18.6380

INFO:       6500          3.2500    -118046.3206    -135742.1040      17695.7834         12.5621       1474.1024       3691.3594        446.5921       4496.8509        254.6022       -195.2214       7165.9091    -117099.4587          2.8729          2.1696          0.0494          0.3824          0.0000          0.2669          0.0046          0.0000          2.2272          1.1306          1.8585          1.8258          2.7382        302.0666          0.0000     -35979.7130         14.9804

INFO:       7000          3.5000    -118011.5985    -135707.3755      17695.7770         12.6569       1553.8714       3709.7495        480.9845       4477.4266        264.8772       -170.7033       7435.9945    -117458.2046          2.9607          2.3627          0.0381          0.0032          0.1477          0.0528          0.3563          0.0000          2.2513          1.0982          1.8364          1.8689          2.7076        302.0665          0.0000     -36004.3319         11.0778

INFO:       7500          3.7500    -117997.6317    -135545.5027      17547.8710         12.6578       1495.8064       3820.3472        466.5972       4485.7647        285.6621       -188.4604       7277.7749    -117200.9467          3.7260          1.9531          0.0115          0.3600          0.0168          1.1119          0.2727          0.0000          2.2462          1.0603          1.8511          1.9165          2.7120        299.5417          0.0000     -35991.7742         22.5300

INFO:       8000          4.0000    -118038.2033    -135546.8296      17508.6263         12.6293       1470.0161       3808.9923        482.8186       4498.8199        269.8650       -194.7255       7271.4531    -117127.5656          5.2237          1.6091          0.0808          0.3467          1.3412          1.3201          0.5258          0.0000          2.2564          1.1289          1.7917          1.9219          2.7002        298.8718          0.0000     -36031.7271         15.1366

INFO:       8500          4.2500    -118025.8922    -135699.4108      17673.5187         12.6513       1541.9825       3773.3828        458.7583       4474.2939        268.1341       -184.2891       6970.4429    -117016.3042          1.8868          1.0299          0.0183          0.1579          0.6043          0.0076          0.0687          0.0000          2.2478          1.1178          1.9035          1.8506          2.7572        301.6865          0.0000     -35987.6990         15.9122

INFO:       9000          4.5000    -118043.0251    -135753.5070      17710.4820         12.6784       1521.1384       3663.5964        472.4521       4454.4017        275.0550       -194.0702       7271.6034    -117256.9458          4.9810          3.6394          1.1244          0.0812          0.0036          0.0288          0.1037          0.0000          2.3012          1.0784          1.8621          1.8458          2.7235        302.3175          0.0000     -35965.7190         20.8664

INFO:       9500          4.7500    -118031.2454    -135551.6134      17520.3680         12.6012       1486.3876       3823.1890        473.0090       4507.1120        282.6698       -192.0421       7141.6618    -117091.7023          2.0844          1.6951          0.0113          0.0049          0.0126          0.2832          0.0771          0.0000          2.2461          1.0908          1.8521          1.8249          2.7261        299.0723          0.0000     -35983.9826         16.7356

INFO:      10000          5.0000    -118037.0770    -135714.5904      17677.5134         12.5815       1469.7441       3771.7586        464.6495       4489.1123        262.8005       -194.1443       7338.2557    -117332.3774          4.4542          2.3186          0.2055          0.0646          1.0405          0.8226          0.0025          0.0000          2.2138          1.1096          1.9175          1.9080          2.7450        301.7547          0.0000     -35988.8438         12.7950

INFO:      10500          5.2500    -117976.9144    -135560.6005      17583.6861         12.6238       1526.6283       3713.6444        457.0710       4500.1726        260.8852       -190.0079       7143.2976    -116923.1256          2.0127          1.2918          0.0044          0.0049          0.5609          0.0026          0.1482          0.0000          2.2438          1.0989          1.9018          1.8527          2.7199        300.1531          0.0000     -36051.1788         14.6147

INFO:      11000          5.5000    -117968.6804    -135627.9302      17659.2498         12.6358       1502.7568       3755.5563        470.9848       4507.1030        277.4684       -184.2796       7120.5514    -117052.3526          2.9147          1.3254          0.1511          0.2152          0.5399          0.0216          0.6615          0.0000          2.2624          1.1217          1.8162          1.8471          2.6951        301.4430          0.0000     -36028.6335         15.0120

INFO:      11500          5.7500    -117934.4439    -135801.6851      17867.2412         12.6105       1543.2594       3811.1536        467.4237       4491.0262        267.7832       -202.5203       7017.1468    -117157.9396          2.8705          2.2196          0.4121          0.1039          0.0127          0.1161          0.0061          0.0000          2.2029          1.0763          1.8651          1.8359          2.7376        304.9934          0.0000     -36041.8885         13.2801

INFO:      12000          6.0000    -117896.6466    -135742.0347      17845.3882         12.6843       1548.4065       3701.1166        458.2724       4505.9069        268.9769       -160.6231       7276.5135    -117323.0418          3.8032          2.4715          0.8769          0.0130          0.0212          0.4111          0.0095          0.0000          2.1859          1.0883          1.8502          1.8926          2.7477        304.6203          0.0000     -36021.3660         18.0527

INFO:      12500          6.2500    -117856.3613    -135536.3929      17680.0316         12.6761       1499.1335       3768.6231        474.9730       4454.1196        275.7713       -183.9687       7144.7757    -116971.3254          4.7556          3.3843          0.0976          0.0412          0.9498          0.2742          0.0087          0.0000          2.2580          1.1066          1.8023          1.8858          2.7475        301.7977          0.0000     -36003.2507         11.8703

INFO:      13000          6.5000    -117870.7825    -135444.1219      17573.3393         12.7203       1537.5981       3843.5854        475.6623       4472.4321        272.4205       -199.1003       7363.4892    -117194.9233          4.3171          1.0324          1.4974          0.5229          0.3127          0.9503          0.0014          0.0000          2.3106          1.1367          1.8263          1.9119          2.7443        299.9765          0.0000     -36019.6032         14.0371

INFO:      13500          6.7500    -117935.6529    -135617.9644      17682.3115         12.6026       1483.4874       3768.6723        456.0171       4488.8747        276.1467       -193.8676       7089.7475    -116976.6289          3.8406          2.8621          0.5707          0.0092          0.1441          0.0854          0.1691          0.0000          2.2836          1.1004          1.8805          1.8725          2.7184        301.8366          0.0000     -36014.2542         16.7238

INFO:      14000          7.0000    -117977.3002    -135611.6656      17634.3654         12.5938       1491.4542       3737.5246        467.6440       4497.4425        275.5288       -174.7778       7236.6721    -117116.9371          5.5764          1.0319          0.0024          0.0049          2.0208          0.6638          1.8527          0.0000          2.2372          1.0909          1.7765          1.9026          2.6635        301.0182          0.0000     -36031.7932         12.3431

INFO:      14500          7.2500    -118013.7660    -135621.8567      17608.0907         12.6332       1513.5541       3812.4102        479.5227       4543.8454        268.6274       -199.0386       7178.9208    -117235.6826          4.8905          2.3856          0.0949          0.0003          0.5433          0.8752          0.9913          0.0000          2.2222          1.0940          1.9012          1.9096          2.7996        300.5697          0.0000     -35988.9067         17.8047

INFO:      15000          7.5000    -117979.1591    -135593.9561      17614.7970         12.6208       1480.1492       3700.9610        458.2268       4498.9391        275.9732       -182.2153       7250.9516    -117046.8700          8.1831          1.8902          0.0511          0.0784          5.9091          0.0035          0.2508          0.0000          2.2531          1.1111          1.9989          1.8590          2.7710        300.6842          0.0000     -36038.2548         12.2493

INFO:      15500          7.7500    -118031.6333    -135684.2234      17652.5902         12.6059       1470.5574       3699.4754        471.6648       4482.2612        273.5255       -181.9323       7339.6195    -117218.2567          3.3272          1.6596          0.9378          0.3071          0.0041          0.0604          0.3581          0.0000          2.2959          1.1269          1.8623          1.8698          2.7767        301.3293          0.0000     -36024.4656         13.8286

INFO:      16000          8.0000    -118043.4673    -135598.2402      17554.7729         12.5905       1488.4310       3749.5298        469.8307       4523.7759        265.1811       -174.7909       7180.6300    -117093.4554          2.0634          0.7047          0.1588          0.2493          0.0012          0.8039          0.1455          0.0000          2.2630          1.0661          1.8606          1.8038          2.7201        299.6596          0.0000     -36009.4359         22.0036

INFO:      16500          8.2500    -118002.6979    -135716.7152      17714.0174         12.6507       1546.2305       3779.4920        492.6997       4475.1798        261.2687       -186.8808       7114.9047    -117212.2087          3.4010          3.0985          0.0651          0.0628          0.1469          0.0001          0.0276          0.0000          2.2547          1.1094          1.8365          1.8551          2.7325        302.3779          0.0000     -35990.8021         20.5211

INFO:      17000          8.5000    -118013.4233    -135736.5635      17723.1402         12.6151       1472.7087       3783.1309        464.7379       4503.0323        277.7423       -186.6546       7517.0394    -117590.8294          5.9774          2.9367          0.0863          0.5717          1.8064          0.5385          0.0378          0.0000          2.2570          1.1386          1.7810          1.8980          2.7309        302.5336          0.0000     -35983.4484         20.3413

INFO:      17500          8.7500    -117988.6523    -135650.7842      17662.1319         12.6940       1579.0083       3741.7029        477.7331       4460.6721        292.8017       -192.1213       7341.3819    -117378.1763          4.4635          1.3640          1.1169          0.4816          1.2793          0.0521          0.1696          0.0000          2.3010          1.0548          1.7933          1.8688          2.7659        301.4922          0.0000     -35978.2502         11.7855

INFO:      18000          9.0000    -118013.2291    -135692.9958      17679.7667         12.6754       1559.2010       3743.4160        457.3540       4471.3528        267.9726       -194.2837       7243.7391    -117259.5295          5.9100          2.1746          0.7085          0.0054          2.4344          0.2000          0.3870          0.0000          2.1914          1.0907          1.7685          1.8814          2.7062        301.7932          0.0000     -35988.1280         10.7037

INFO:      18500          9.2500    -118036.8362    -135735.5934      17698.7572         12.5453       1492.8713       3741.4579        472.6434       4441.0829        254.2136       -178.7971       7093.3023    -117090.0996          8.2073          2.6372          0.0688          0.3940          4.3714          0.0587          0.6772          0.0000          2.2249          1.1311          1.7379          1.8416          2.6946        302.1174          0.0000     -35970.4755         19.5383

INFO:      19000          9.5000    -117966.6332    -135552.8977      17586.2644         12.6286       1489.1324       3723.2299        459.1293       4502.9697        265.9545       -178.0005       7336.1840    -117174.9861          2.6437          1.3261          0.0351          0.5602          0.4544          0.1230          0.1450          0.0000          2.2508          1.1381          1.8197          1.8758          2.7201        300.1971          0.0000     -35979.1545         15.3997

INFO:      19500          9.7500    -118000.9336    -135610.5353      17609.6017         12.6472       1503.9708       3704.2176        454.5840       4522.9433        279.0809       -187.5793       7261.0690    -117165.3328          3.7871          1.0744          0.2690          0.0377          1.3811          1.0199          0.0051          0.0000          2.2699          1.0837          1.7908          1.7973          2.7462        300.5955          0.0000     -35987.2759         15.4498

INFO:      20000         10.0000    -118022.4742    -135612.6171      17590.1429         12.6418       1546.7030       3778.8198        481.1760       4488.7152        249.7544       -188.7610       7192.4753    -117188.3873          3.5841          1.0202          0.9989          0.2091          0.3542          0.7969          0.2048          0.0000          2.2977          1.0685          1.8242          1.8041          2.7160        300.2633          0.0000     -35976.6965         25.3838

 
[STEP6] Deallocate Arrays
 
Output_Time> Averaged timer profile (Min, Max)
  total time      =    2577.950
    setup         =       5.084
    dynamics      =    2572.866
      energy      =    2387.672
      integrator  =      41.796
      pairlist    =     143.270 (     136.854,     158.997)
  energy           
    bond          =       0.469 (       0.462,       0.477)
    angle         =       2.764 (       2.708,       2.836)
    dihedral      =       6.688 (       6.404,       6.960)
    nonbond       =     798.944 (     781.926,     816.113)
      pme real    =     798.939 (     781.919,     816.109)
      pme recip   =       0.000 (       0.000,       0.000)
    solvation     =       0.000 (       0.000,       0.000)
      polar       =       0.000 (       0.000,       0.000)
      non-polar   =       0.000 (       0.000,       0.000)
    restraint     =       0.123 (       0.114,       0.129)
    qmmm          =    1532.132 (    1532.068,    1532.185)
  integrator       
    constraint    =      22.805 (      22.188,      23.407)
    update        =       0.000 (       0.000,       0.000)
    comm_coord    =       0.000 (       0.000,       0.000)
    comm_force    =       0.000 (       0.000,       0.000)
    comm_migrate  =       0.000 (       0.000,       0.000)

Note: The following floating-point exceptions are signalling: IEEE_OVERFLOW_FLAG IEEE_UNDERFLOW_FLAG IEEE_DENORMAL
Note: The following floating-point exceptions are signalling: IEEE_OVERFLOW_FLAG IEEE_UNDERFLOW_FLAG IEEE_DENORMAL
Note: The following floating-point exceptions are signalling: IEEE_OVERFLOW_FLAG IEEE_UNDERFLOW_FLAG IEEE_DENORMAL
Note: The following floating-point exceptions are signalling: IEEE_OVERFLOW_FLAG IEEE_UNDERFLOW_FLAG IEEE_DENORMAL
