(10.2.13.46:0,1,2,3)

[0] MPI startup(): libfabric version: 1.7.2a-impi
[0] MPI startup(): libfabric provider: verbs;ofi_rxm
[0] MPI startup(): Rank    Pid      Node name  Pin cpu
[0] MPI startup(): 0       63461    bwmpc0270  {0,1,2,3,4,5,6,7,8,9}
[0] MPI startup(): 1       63462    bwmpc0270  {10,11,12,13,14,15,16,17,18,19}
[0] MPI startup(): 2       63463    bwmpc0270  {20,21,22,23,24,25,26,27,28,29}
[0] MPI startup(): 3       63464    bwmpc0270  {30,31,32,33,34,35,36,37,38,39}
[0] MPI startup(): I_MPI_ROOT=/bwfefs/opt/x86_64/intel/compilers_and_libraries_2019.5.281/linux/mpi
[0] MPI startup(): I_MPI_HYDRA_BOOTSTRAP_EXEC=/bin/pjrsh
[0] MPI startup(): I_MPI_HYDRA_BOOTSTRAP_AUTOFORK=0
[0] MPI startup(): I_MPI_HYDRA_TOPOLIB=hwloc
[0] MPI startup(): I_MPI_HYDRA_HOST_FILE=/bwfefs/home/kyagi/tim/tim5/b3lypD3.rpath1/3.equil1/.d0011452918_nodeinfo
[0] MPI startup(): I_MPI_PERHOST=4
[0] MPI startup(): I_MPI_PIN=1
[0] MPI startup(): I_MPI_PIN_RESPECT_HCA=0
[0] MPI startup(): I_MPI_INTERNAL_MEM_POLICY=default
[0] MPI startup(): I_MPI_DEBUG=5
****************************************************
*                                                  *
*                  GENESIS ATDYN                   *
*                                                  *
*        A Molecular Dynamics Simulator with       *
*            Atomic Decomposition Scheme           *
*                                                  *
*               Developed by RIKEN                 *
*                                                  *
****************************************************
 
[STEP0] Architecture and Compiler Information
 
GENESIS_Information> GENESIS Information
  version      = 1.6.0
  commit ID    = $GENESIS_VERSION$
  precision    = double
  nonbonding   = CPU

Build_Information> Compiler Information
  build host   = kyagi@bwmpc0837
  fortran      = GNU Fortran (GCC) 7.2.0
  option       = -O3 -ffast-math -march=native -ffree-line-length-none -fopenmp 
  C            = gcc (GCC) 7.2.0
  option       = -O3 -ffast-math -march=native -fopenmp
  defined var. =  -DMPI -DOMP -DFFTE -DLAPACK -DDSFMT_MEXP=19937 -D__GFORTRAN__
  link option  = -L/home/kyagi/local/lib -fopenmp -lmkl_scalapack_lp64 -lmkl_blacs_intelmpi_lp64 -lmkl_intel_lp64 -lmkl_intel_thread -lmkl_core -liomp5 -lpthread -lm 

Runtime_Information> Machine and Library Information
  date       = 2021/02/03 21:02:09
  cpu model    = Intel(R) Xeon(R) Gold 6148 CPU @ 2.40GHz
  exec. host   = kyagi@bwmpc0270
  LD library   = /home/kyagi/local/lib:/bwfefs/opt/x86_64/intel/compilers_and_libraries_2019.5.281/linux/compiler/lib/intel64_lin:/bwfefs/opt/x86_64/intel/compilers_and_libraries_2019.5.281/linux/mkl/lib/intel64_lin:/bwfefs/opt/x86_64/gcc/7.2.0/lib64:/bwfefs/opt/x86_64/gcc/7.2.0/lib:/bwfefs/opt/x86_64/intel/impi/2019.5.281/intel64/lib/release:/bwfefs/opt/x86_64/intel/impi/2019.5.281/intel64/lib:/bwfefs/opt/x86_64/intel/impi/2019.5.281/intel64/libfabric/lib:/bwfefs/opt/x86_64/intel/parallel_studio_xe_2019.5.075/compilers_and_libraries_2019//linux/compiler/lib/intel64:/bwfefs/opt/x86_64/intel/parallel_studio_xe_2019.5.075/compilers_and_libraries_2019//linux/compiler/lib/intel64_lin:/bwfefs/opt/x86_64/intel/parallel_studio_xe_2019.5.075/compilers_and_libraries_2019//linux/mpi/intel64/lib:/bwfefs/opt/x86_64/intel/parallel_studio_xe_2019.5.075/compilers_and_libraries_2019//linux/mpi/intel64/libfabric/lib:/bwfefs/opt/x86_64/intel/parallel_studio_xe_2019.5.075/compilers_and_libraries_2019//linux/ipp/lib/intel64:/bwfefs/opt/x86_64/intel/parallel_studio_xe_2019.5.075/compilers_and_libraries_2019//linux/compiler/lib/intel64:/bwfefs/opt/x86_64/intel/parallel_studio_xe_2019.5.075/compilers_and_libraries_2019//linux/mkl/lib/intel64:/bwfefs/opt/x86_64/intel/parallel_studio_xe_2019.5.075/compilers_and_libraries_2019//linux/tbb/lib/intel64/gcc4.7:/bwfefs/opt/x86_64/intel/debugger_2019/iga/lib:/bwfefs/opt/x86_64/intel/debugger_2019/libipt/intel64/lib:/bwfefs/opt/x86_64/intel/parallel_studio_xe_2019.5.075/comp

[STEP1] Read Control Parameters
 
Read_Ctrl_Input> Input Files
  topfile = toppar/top_all36_prot.rtf, toppar/top_all36_cgenff.rtf
  parfile = toppar/par_all36_prot.prm, toppar/par_all36_cgenff.prm
  strfile = toppar/toppar_water_ions.str, toppar/toppar_dhap.3.str
  psffile = ../../2.equil/step4_nvt_100.psf
  pdbfile = ../../2.equil/step4_nvt_100.pdb
  rstfile = equil1_17.rst
  reffile = ../../2.equil/step4_nvt_100.pdb
 
Read_Ctrl_Output> Output Files
  dcdfile    = equil1_18.dcd
  rstfile    = equil1_18.rst
 
Read_Ctrl_Energy> Parameters of Energy Calculations
  forcefield      =     CHARMM
  switchdist      =     16.000  cutoffdist      =     18.000
  pairlistdist    =     19.500  dielec_const    =      1.000
  vdW force_switch=        yes
  electrostatic   =  CUTOFF
  implicit_solvent=       none
  table_order     =          3
  table_density   =     20.000
  water_model     =       NONE
  output_style    =    GENESIS
  dispersion_corr =       none
  nonb_limiter    =      no
 
Read_Ctrl_Dynamics> Parameters of MD simulation
  integrator      =       VVER  nsteps          =      20000
  timestep        =     0.0005  initial_time    =     0.0000
  eneout_period   =        500  rstout_period   =        500
  crdout_period   =        500  velout_period   =          0
  nbupdate_period =         10  stoptr_period   =         10
  iseed           =   20190319
  annealing       =         no
  verbose         =         no
  target_md       =         no
  steered_md      =         no
  esp_mm          =         no
 
Read_Ctrl_Constraints> Parameters for Constraints
  rigid_bond      =        yes
  shake_iteration =        500  shake_tolerance =  0.100E-09
  fast_water      =        yes  water_model     =       TIP3
  hydrogen_type   =  name|mass
  noshake_index   = 4  11  12  13
  fixatm_select_index        =       none
 
Read_Ctrl_Ensemble> Parameters for Ensemble
  ensemble        =        NVT
  temperature     =    300.000
  tpcontrol       =      BUSSI
  tau_t           =      5.000
 
Read_Ctrl_Boundary> Parameters of Boundary Condition
  type            =       NOBC
  spherical_pot   =        yes  restart         =          T
  center_info     =       read  modify_ratio    =      1.000
  constant        =     10.000  exponent        =          2
  fixatom         =          T  fix_layer       =      1.000
 
Read_Ctrl_Selection> Parameters of Selection
  # of groups     =         13
    group 1 = sid:DHA or (sid:TIMA and (rno:95 or rno:165) and          not (an:CA  | an:C   | an:O   | an:N | an:HN | an:HA))
    group 2 = atomno:1900 or atomno:5687
    group 3 = atomno:1442
    group 4 = atomno:1443
    group 5 = atomno:2559
    group 6 = atomno:2560
    group 7 = atomno:7583
    group 8 = atomno:7584
    group 9 = atomno:7585
    group 10 = atomno:7586
    group 11 = atomno:7587
    group 12 = atomno:7588
    group 13 = atomno:7589
  # of mole names =          0
 
Read_Ctrl_Restraints> Parameters of Restraint
  numfunc         =   6
  function1 = POSI     
    direction     = ALL 
    constant      = 10.0
    reference     = 
    select_index  = 2
    mode          =   0
    exponent      =   2
    exponent_dist = 
    weight_dist   = 

  function2 = DIST     
    constant      = 300.0
    reference     = 1.0729
    select_index  = 6  12
    mode          =   0
    exponent      =   2
    exponent_dist = 
    weight_dist   = 

  function3 = DIST     
    constant      = 300.0
    reference     = 1.6838
    select_index  = 9  12
    mode          =   0
    exponent      =   2
    exponent_dist = 
    weight_dist   = 

  function4 = DIST     
    constant      = 300.0
    reference     = 2.0682
    select_index  = 5  11
    mode          =   0
    exponent      =   2
    exponent_dist = 
    weight_dist   = 

  function5 = DIST     
    constant      = 300.0
    reference     = 1.7359
    select_index  = 8   4
    mode          =   0
    exponent      =   2
    exponent_dist = 
    weight_dist   = 

  function6 = DIST     
    constant      = 300.0
    reference     = 2.7115
    select_index  = 3  11
    mode          =   0
    exponent      =   2
    exponent_dist = 
    weight_dist   = 

  pressure_position   = NO
  pressure_rmsd     = NO

Read_Ctrl_Fitting_MD> Parameters of Fitting
  fitting method  =  TR+ROT   
  fitting atom    = group1
  mass_weight     =         no
 
Read_Ctrl_QMMM> Parameters of QM/MM
  qmtyp              = qsimulate
  qmcnt              = qsimulate.json
  qmexe              = 
  workdir            = equil1_18
  savedir            = none
  basename           = job
  qmsave_period      = 500
  qmmaxtrial         = 1
  qmatm_select_index = 1
  exclude_charge     = GROUP
 
[STEP2] Setup MPI
 
Setup_Mpi_Md> Summary of Setup MPI
  number of MPI processes   =          4
  number of OpenMP threads  =         10
  total number of CPU cores =         40

[STEP3] Set Relevant Variables and Structures
 
Input_Top> Summary of Topfile
  num_atom_class  =        212  num_resi_type   =        685
 
Input_Par> Summary of Parfile
  num_bonds       =        658  num_angles      =       2003
  num_dihedrals   =       4838  num_impropers   =        163
  num_atom_cls    =        212  num_nbfix       =         75
  num_cmap_terms  =          6
 
Input_Str> Summary of Top information
  num_atom_class  =        227  num_resi_type   =        700
 
Input_Str> Summary of Par information
  num_bonds       =        663  num_angles      =       2006
  num_dihedrals   =       4850  num_impropers   =        163
  num_atom_cls    =        227  num_nbfix       =         90
  num_cmap_terms  =          6
 
Read_Psf> Summary of Psffile
  psftype         =      xplor
  num_atoms       =      37226  num_bonds       =      37288
  num_angles      =      23768  num_dihedrals   =      20268
  num_impropers   =       1292  num_cmap_terms  =        494
  num_HB_donors   =      20596  num_HB_acceptors=      10610
  num_NB_exclusion=          0  num_groups      =      12168
  total_charge    =    -10.000
 
Check_Pdb> 6-column residue sequence number
 
Read_Pdb> Summary of Data in PDB file
  num_atoms       =      37226
 
Read_Rst_Binary> Summary of RST file
  num_atoms       =      37226  iseed           =   20190319
  boxsize (x,y,z) =      0.000     0.000     0.000
  spherical_pot     =      yes
  nfunctions                 2  num_fixatm              9645
  num_of_qm_charge          35

Define_Molecule> Summary of molecules
  num_atoms       =      37226  num_bonds       =      37288
  num_angles      =      23768  num_dihedrals   =      20268
  num_impropers   =       1292  num_cmap_terms  =        494
  num_residues    =      10370  num_molecules   =       9878
  num_segments    =          6  num_deg_freedom =     111678
  total_charge    =    -10.000
 
Setup_Boundary> Setup Variables for Boundary Condition
  origin(x,y,z)   =      0.000     0.000     0.000
  nfunctions      =        2
    center(x,y,z) =     17.000     0.000     0.000
    radius        =     35.000
    constant      =     10.000
    exponent      =          2
    center(x,y,z) =    -17.000     0.000     0.000
    radius        =     35.000
    constant      =     10.000
    exponent      =          2

  num_fixatm      =     9645

 
Random_Init> Initialize the random number
  seed            = 20190319

Setup_QMMM> Setup QM region
  QM assignment info
  1435 TIMA     95 HSE    CB   CT2    assigned to QM atom    1 of element: C     6
  1436 TIMA     95 HSE    HB1  HA2    assigned to QM atom    2 of element: H     1
  1437 TIMA     95 HSE    HB2  HA2    assigned to QM atom    3 of element: H     1
  1438 TIMA     95 HSE    ND1  NR2    assigned to QM atom    4 of element: N     7
  1439 TIMA     95 HSE    CG   CPH1   assigned to QM atom    5 of element: C     6
  1440 TIMA     95 HSE    CE1  CPH2   assigned to QM atom    6 of element: C     6
  1441 TIMA     95 HSE    HE1  HR1    assigned to QM atom    7 of element: H     1
  1442 TIMA     95 HSE    NE2  NR1    assigned to QM atom    8 of element: N     7
  1443 TIMA     95 HSE    HE2  H      assigned to QM atom    9 of element: H     1
  1444 TIMA     95 HSE    CD2  CPH1   assigned to QM atom   10 of element: C     6
  1445 TIMA     95 HSE    HD2  HR3    assigned to QM atom   11 of element: H     1
  2552 TIMA    165 GLU    CB   CT2A   assigned to QM atom   12 of element: C     6
  2553 TIMA    165 GLU    HB1  HA2    assigned to QM atom   13 of element: H     1
  2554 TIMA    165 GLU    HB2  HA2    assigned to QM atom   14 of element: H     1
  2555 TIMA    165 GLU    CG   CT2    assigned to QM atom   15 of element: C     6
  2556 TIMA    165 GLU    HG1  HA2    assigned to QM atom   16 of element: H     1
  2557 TIMA    165 GLU    HG2  HA2    assigned to QM atom   17 of element: H     1
  2558 TIMA    165 GLU    CD   CC     assigned to QM atom   18 of element: C     6
  2559 TIMA    165 GLU    OE1  OC     assigned to QM atom   19 of element: O     8
  2560 TIMA    165 GLU    OE2  OC     assigned to QM atom   20 of element: O     8
  7575 DHA     249 DHAP   P    PG2    assigned to QM atom   21 of element: P    15
  7576 DHA     249 DHAP   O1P  OG303  assigned to QM atom   22 of element: O     8
  7577 DHA     249 DHAP   O2P  OG2P1  assigned to QM atom   23 of element: O     8
  7578 DHA     249 DHAP   O3P  OG2P1  assigned to QM atom   24 of element: O     8
  7579 DHA     249 DHAP   O4P  OG2P1  assigned to QM atom   25 of element: O     8
  7580 DHA     249 DHAP   C1   CG321  assigned to QM atom   26 of element: C     6
  7581 DHA     249 DHAP   H11  HGA2   assigned to QM atom   27 of element: H     1
  7582 DHA     249 DHAP   H12  HGA2   assigned to QM atom   28 of element: H     1
  7583 DHA     249 DHAP   C2   CG2O5  assigned to QM atom   29 of element: C     6
  7584 DHA     249 DHAP   O2   OG2D3  assigned to QM atom   30 of element: O     8
  7585 DHA     249 DHAP   C3   CG321  assigned to QM atom   31 of element: C     6
  7586 DHA     249 DHAP   O3   OG311  assigned to QM atom   32 of element: O     8
  7587 DHA     249 DHAP   HO3  HGP1   assigned to QM atom   33 of element: H     1
  7588 DHA     249 DHAP   H31  HGA2   assigned to QM atom   34 of element: H     1
  7589 DHA     249 DHAP   H32  HGA2   assigned to QM atom   35 of element: H     1
  number of QM atoms = 35
 
  QM charges retreived from rstfile.
 

Generate_LinkAtoms> QM-MM interface info. Link hydrogen is set between:
              [ QM atom ]             -             [ MM atom ]
  1435 TIMA     95 HSE    CB   CT2    -   1433 TIMA     95 HSE    CA   CT1   
                                          1431 TIMA     95 HSE    N    NH1    excluded
                                          1432 TIMA     95 HSE    HN   H      excluded
                                          1434 TIMA     95 HSE    HA   HB1    excluded
  2552 TIMA    165 GLU    CB   CT2A   -   2550 TIMA    165 GLU    CA   CT1   
                                          2548 TIMA    165 GLU    N    NH1    excluded
                                          2549 TIMA    165 GLU    HN   H      excluded
                                          2551 TIMA    165 GLU    HA   HB1    excluded

  number of link atoms           = 2
  number of external MM charges  = 37183


  Check the input file for QSimulate [ qsimulate.json ]
Setup_Enefunc_Cmap_Par> Natural spline is used to derive cmap coefs.

Setup_Enefunc_Table> Setup Variables for LookupTable
  num_solutes     =      37226  num_waters      =          0

Setup_Enefunc_Restraint> Setup restraint groups
 group =     1, "sid:DHA or (sid:TIMA and (rno:95 or rno:165) and          not (an:CA  | an:C   | an:O   | an:N | an:HN | an:HA))"
 # of atoms =    35
 atomlist: 
   1435   1436   1437   1438   1439   1440   1441   1442   1443   1444
   1445   2552   2553   2554   2555   2556   2557   2558   2559   2560
   7575   7576   7577   7578   7579   7580   7581   7582   7583   7584
   7585   7586   7587   7588   7589
 group =     2, "atomno:1900 or atomno:5687"
 # of atoms =     2
 atomlist: 
   1900   5687
 group =     3, "atomno:1442"
 # of atoms =     1
 atomlist: 
   1442
 group =     4, "atomno:1443"
 # of atoms =     1
 atomlist: 
   1443
 group =     5, "atomno:2559"
 # of atoms =     1
 atomlist: 
   2559
 group =     6, "atomno:2560"
 # of atoms =     1
 atomlist: 
   2560
 group =     7, "atomno:7583"
 # of atoms =     1
 atomlist: 
   7583
 group =     8, "atomno:7584"
 # of atoms =     1
 atomlist: 
   7584
 group =     9, "atomno:7585"
 # of atoms =     1
 atomlist: 
   7585
 group =    10, "atomno:7586"
 # of atoms =     1
 atomlist: 
   7586
 group =    11, "atomno:7587"
 # of atoms =     1
 atomlist: 
   7587
 group =    12, "atomno:7588"
 # of atoms =     1
 atomlist: 
   7588
 group =    13, "atomno:7589"
 # of atoms =     1
 atomlist: 
   7589
Setup_Enefunc_Restraint> Setup restraint functions
 func  =     1 kind  =     1
 const(total, x, y, z) =   10.000   1.000   1.000   1.000
 exponend of function =     2
 # of groups  =     1
 grouplist:   2

 func  =     2 kind  =     2
 const             =  300.000
 ref               =    1.073
 exponend of function =     2
 # of distances  =     1
 distancelist: 
 group = (  6, 12) weight =    1.000 exponent =     1

 func  =     3 kind  =     2
 const             =  300.000
 ref               =    1.684
 exponend of function =     2
 # of distances  =     1
 distancelist: 
 group = (  9, 12) weight =    1.000 exponent =     1

 func  =     4 kind  =     2
 const             =  300.000
 ref               =    2.068
 exponend of function =     2
 # of distances  =     1
 distancelist: 
 group = (  5, 11) weight =    1.000 exponent =     1

 func  =     5 kind  =     2
 const             =  300.000
 ref               =    1.736
 exponend of function =     2
 # of distances  =     1
 distancelist: 
 group = (  8,  4) weight =    1.000 exponent =     1

 func  =     6 kind  =     2
 const             =  300.000
 ref               =    2.712
 exponend of function =     2
 # of distances  =     1
 distancelist: 
 group = (  3, 11) weight =    1.000 exponent =     1

Define_Enefunc_CHARMM> Number of Interactions in Each Term
  bond_ene        =      37255  angle_ene       =      23717
  urey_ene        =       6639
  torsion_ene     =      23862  improper_ene    =       1285
  cmap_ene        =        494
  restraint_groups=         13  restraint_funcs =          6
 
Setup_Fitting_Atdyn> NO fitting is applied, skip
  fitting method  =  NO

Update_Num_Deg_Freedom> Number of degrees of freedom was updated
  num_deg_freedom =      82743 (After setup of fixed atoms at boundary)
 
Remove_Fixatm> Modified Interactions
  bond_ene        =      27610  angle_ene       =      20502
  urey_ene        =       6639
  torsion_ene     =      23862  improper_ene    =       1285
 
Setup_Constraints> The following atoms are excluded from SHAKE:
    1443    7587    7588    7589
Setup_Settle> Setup constraints for SETTLE
  num_unconsbonds =       7633      num_Settle  =       6659
  r0(O-H)         =     0.9572  mass(O)         =    15.9994
  r0(H-H)         =     1.5139  mass(H)         =     1.0080
 
Setup_Shake> Setup constrains for SHAKE and RATTLE
  num_unconsbonds =       3837  num_rigid_bonds =       3796
 
  num_qm_rigid_bonds =         10
 
Update_Num_Deg_Freedom> Number of degrees of freedom was updated
  num_deg_freedom =      62766 (After setup of SETTLE)
 
Update_Num_Deg_Freedom> Number of degrees of freedom was updated
  num_deg_freedom =      58960 (After setup of SHAKE/RATTLE)
 
[STEP4] Compute Single Point Energy for Molecules
 
            STEP            BOND           ANGLE    UREY-BRADLEY        DIHEDRAL        IMPROPER            CMAP         VDWAALS           ELECT    RESTRAINT001    RESTRAINT002    RESTRAINT003    RESTRAINT004    RESTRAINT005    RESTRAINT006    RESTR_CVS001    RESTR_CVS002    RESTR_CVS003    RESTR_CVS004    RESTR_CVS005    RESTR_CVS006              QM            SPOT
 --------------- --------------- --------------- --------------- ---------------
               0       1543.6936       3735.5074        467.8905       4474.2644        256.5498       -171.2557       7310.3655    -117193.1694          2.0226          0.6830          0.1879          0.1208          1.8885          1.7376          0.0000          1.0252          1.6588          2.0481          1.8152          2.7876     -36052.6205         14.1913

[STEP5] Perform Molecular Dynamics Simulation
 
INFO:       STEP            TIME       TOTAL_ENE   POTENTIAL_ENE     KINETIC_ENE            RMSG            BOND           ANGLE    UREY-BRADLEY        DIHEDRAL        IMPROPER            CMAP         VDWAALS           ELECT RESTRAINT_TOTAL    RESTRAINT001    RESTRAINT002    RESTRAINT003    RESTRAINT004    RESTRAINT005    RESTRAINT006    RESTR_CVS001    RESTR_CVS002    RESTR_CVS003    RESTR_CVS004    RESTR_CVS005    RESTR_CVS006     TEMPERATURE          VOLUME              QM            SPOT
 --------------- --------------- --------------- --------------- ---------------
INFO:        500          0.2500    -117998.2255    -135625.5463      17627.3209         12.6851       1512.6819       3744.8255        459.0728       4501.4382        262.7527       -159.6726       7320.5591    -117259.6679          8.4918          2.6760          0.0051          2.1111          1.3885          0.1467          2.1645          0.0000          1.0770          1.7677          2.0002          1.7580          2.7964        300.8979          0.0000     -36016.0279         16.2261

INFO:       1000          0.5000    -118008.2869    -135635.5417      17627.2548         12.5766       1475.7617       3720.1661        463.2080       4481.6423        251.0813       -179.4790       7292.2977    -117123.4733          9.2420          1.3913          0.4173          3.4610          2.2019          1.7677          0.0027          0.0000          1.0356          1.7912          2.1539          1.8127          2.7085        300.8968          0.0000     -36025.9885         17.2346

INFO:       1500          0.7500    -118042.0730    -135582.3731      17540.3002         12.5928       1518.2548       3753.4865        476.5497       4498.5553        276.9947       -200.6790       7327.4525    -117208.3317          4.2876          1.0639          0.1002          0.9442          0.4639          1.3198          0.3956          0.0000          1.0546          1.7399          2.1075          1.8022          2.6752        299.4125          0.0000     -36028.9436         19.1460

INFO:       2000          1.0000    -118046.4433    -135486.5772      17440.1339         12.5741       1532.7911       3769.0913        469.5389       4501.4464        277.5829       -195.8625       7313.7034    -117175.2096          7.2410          1.3050          0.0979          0.1074          1.8368          2.8499          1.0440          0.0000          1.0548          1.7027          1.9900          1.8334          2.7705        297.7027          0.0000     -35986.9001         16.5392

INFO:       2500          1.2500    -118009.8481    -135531.0226      17521.1745         12.5715       1522.0783       3725.8649        475.3428       4514.1677        280.3482       -187.1368       7345.3851    -117165.8783          7.7362          1.1976          0.3902          0.0447          0.4523          1.8071          3.8443          0.0000          1.0368          1.6716          2.0294          1.8135          2.5983        299.0860          0.0000     -36048.9307         12.2073

INFO:       3000          1.5000    -118016.1826    -135571.6203      17555.4377         12.5471       1494.8754       3821.4335        463.4956       4529.4427        266.3826       -215.1357       7299.2463    -117178.3601          3.4274          1.3639          0.0204          1.0559          0.4270          0.1179          0.4422          0.0000          1.0812          1.6245          2.1059          1.7161          2.7499        299.6709          0.0000     -36056.4281         15.0011

INFO:       3500          1.7500    -118010.0348    -135605.6243      17595.5895         12.6447       1436.1279       3734.8474        475.6497       4520.4969        269.9786       -220.8931       7452.6957    -117239.4322          3.6342          2.0699          0.0007          0.5531          0.7171          0.0073          0.2862          0.0000          1.0714          1.6409          2.0193          1.7408          2.7424        300.3563          0.0000     -36038.7294         11.9701

INFO:       4000          2.0000    -117998.7224    -135655.6931      17656.9707         12.6097       1506.6656       3750.6868        468.6671       4509.8554        253.7193       -187.7626       7212.0565    -117115.9193          3.0295          2.0586          0.0197          0.6875          0.2228          0.0308          0.0101          0.0000          1.0810          1.6359          2.0955          1.7460          2.7173        301.4041          0.0000     -36056.6914         12.0212

INFO:       4500          2.2500    -117994.4561    -135580.9232      17586.4672         12.6639       1521.7074       3799.0477        448.4161       4508.0792        256.1756       -195.7486       7279.9733    -117158.4373          2.3707          1.5604          0.0594          0.0222          0.4242          0.2926          0.0119          0.0000          1.0870          1.6924          2.1058          1.7047          2.7178        300.2006          0.0000     -36042.5074         14.7888

INFO:       5000          2.5000    -118008.1411    -135430.4232      17422.2821         12.5747       1494.2485       3795.7708        471.2528       4484.3490        289.1883       -195.3043       7077.1105    -116802.4387          4.4472          2.1037          1.8631          0.4116          0.0239          0.0027          0.0423          0.0000          0.9941          1.7208          2.0593          1.7389          2.6996        297.3979          0.0000     -36049.0474         12.4125

INFO:       5500          2.7500    -118056.1779    -135655.7125      17599.5346         12.6864       1508.7603       3806.7128        472.9587       4508.0212        263.6191       -181.7970       7085.5218    -117084.2427          2.8629          1.0656          0.6020          0.2812          0.2971          0.0988          0.5181          0.0000          1.1177          1.7144          2.0997          1.7540          2.7531        300.4236          0.0000     -36038.1296         17.4393

INFO:       6000          3.0000    -118068.4160    -135750.5795      17682.1635         12.5326       1490.9944       3721.5965        456.3936       4475.3928        278.5645       -184.6572       7232.6952    -117158.8725          2.3398          1.4055          0.0452          0.1812          0.1325          0.5716          0.0039          0.0000          1.0606          1.7084          2.0892          1.6923          2.7151        301.8341          0.0000     -36065.0265         19.0909

INFO:       6500          3.2500    -118081.5990    -135610.7081      17529.1090         12.6115       1504.3206       3672.8695        475.2607       4485.4205        248.8374       -159.1511       7229.2638    -117026.0073          5.6043          2.9805          0.5824          0.1754          0.0218          1.2977          0.5465          0.0000          1.0288          1.7080          2.0597          1.8017          2.6688        299.2215          0.0000     -36047.1264         17.1892

INFO:       7000          3.5000    -118045.9777    -135740.8287      17694.8510         12.5701       1503.0972       3750.7665        468.1211       4462.0579        241.3202       -189.7482       7159.6701    -117090.5429          3.1841          1.9544          0.0183          0.1119          0.1451          0.4227          0.5316          0.0000          1.0807          1.6645          2.0902          1.6984          2.6694        302.0507          0.0000     -36048.7545         12.7532

INFO:       7500          3.7500    -118022.9696    -135892.8136      17869.8440         12.6348       1522.7891       3691.0046        468.6748       4498.7969        261.6162       -201.8335       7265.6372    -117390.0033          3.8468          1.9206          0.4301          0.3334          0.4456          0.1335          0.5837          0.0000          1.0350          1.7171          2.0297          1.7148          2.7556        305.0378          0.0000     -36013.3424         11.3910

INFO:       8000          4.0000    -118074.2601    -135576.7869      17502.5268         12.6430       1504.9951       3761.8113        458.4878       4497.8337        257.9383       -190.5277       7066.4044    -116894.2596          4.2611          2.1151          0.0877          0.0169          1.4397          0.5213          0.0803          0.0000          1.0558          1.6763          1.9989          1.6942          2.7279        298.7677          0.0000     -36043.7313         14.7819

INFO:       8500          4.2500    -118065.3717    -135607.4755      17542.1038         12.5850       1469.0154       3747.6080        462.1327       4491.9019        269.8604       -193.0158       7342.7518    -117163.2597          3.6133          1.6971          0.0219          0.0191          0.1668          1.3529          0.3556          0.0000          1.0644          1.6758          2.0446          1.8031          2.7459        299.4433          0.0000     -36038.0837         18.6125

INFO:       9000          4.5000    -118069.8582    -135676.5235      17606.6654         12.6113       1418.1064       3731.7051        470.2746       4500.4572        227.7172       -180.3893       7398.1138    -117222.4028          2.7967          1.2568          0.0011          0.0378          0.0852          0.0018          1.4141          0.0000          1.0709          1.6726          2.0851          1.7335          2.6428        300.5454          0.0000     -36022.9027         11.0364

INFO:       9500          4.7500    -118073.4582    -135643.8983      17570.4400         12.5878       1519.7364       3725.3185        449.2745       4465.5813        260.7758       -189.1175       7173.4070    -116978.9709          2.7457          0.7469          0.6588          0.2823          0.1722          0.0356          0.8499          0.0000          1.0260          1.7145          2.0922          1.7250          2.6583        299.9270          0.0000     -36072.6491         21.4122

INFO:      10000          5.0000    -118076.7687    -135666.8209      17590.0523         12.6542       1509.9069       3759.9300        459.7662       4529.3927        272.5201       -199.1633       7202.9041    -117160.0405          1.6942          0.8985          0.3194          0.2004          0.0052          0.0378          0.2329          0.0000          1.0403          1.7096          2.0724          1.7247          2.6836        300.2618          0.0000     -36043.7312         15.2185

INFO:      10500          5.2500    -118016.8351    -135690.8986      17674.0635         12.6264       1469.2878       3721.7638        462.3229       4502.1820        282.3740       -198.9842       7288.4078    -117206.1666          3.0768          0.8176          0.3474          0.0479          0.0062          1.0333          0.8245          0.0000          1.0389          1.6712          2.0637          1.7946          2.7639        301.6958          0.0000     -36015.1630         16.2388

INFO:      11000          5.5000    -118009.4640    -135531.1982      17521.7342         12.5481       1501.6812       3695.7713        466.5178       4518.5026        260.2100       -185.5077       7098.2974    -116837.0682          2.3249          1.1739          0.1231          0.1999          0.0556          0.1369          0.6355          0.0000          1.0526          1.7096          2.0546          1.7145          2.6655        299.0956          0.0000     -36051.9276         22.3513

INFO:      11500          5.7500    -117963.0902    -135739.7724      17776.6822         12.5886       1481.8505       3758.1155        475.8903       4505.3901        262.7031       -182.0865       7271.3747    -117271.8440          1.4045          0.7863          0.4303          0.0955          0.0611          0.0035          0.0277          0.0000          1.0350          1.6660          2.0539          1.7393          2.7019        303.4475          0.0000     -36042.5707         12.5581

INFO:      12000          6.0000    -117921.5554    -135668.4713      17746.9159         12.6442       1455.7431       3771.8852        453.0065       4491.2062        277.0567       -183.9268       7284.6221    -117192.7359          2.7910          2.1767          0.0842          0.0021          0.0609          0.4179          0.0493          0.0000          1.0562          1.6812          2.0824          1.7732          2.6987        302.9394          0.0000     -36028.1194         15.2546

INFO:      12500          6.2500    -117884.8316    -135623.8668      17739.0351         12.5724       1522.4906       3808.3155        471.9586       4493.3846        273.6437       -178.2874       7123.6968    -117086.5634          2.7820          1.5175          0.1278          0.5507          0.0842          0.4759          0.0259          0.0000          1.0523          1.6410          2.0514          1.7757          2.7022        302.8049          0.0000     -36055.2877         14.3450

INFO:      13000          6.5000    -117898.4677    -135524.1428      17625.6750         12.5972       1499.3497       3774.8831        461.4848       4505.3134        256.7349       -185.0733       7088.8269    -116859.0239          2.5502          2.1073          0.2577          0.0138          0.0029          0.1345          0.0340          0.0000          1.0436          1.6906          2.0651          1.7147          2.7009        300.8698          0.0000     -36069.1886         17.0529

INFO:      13500          6.7500    -117960.0362    -135633.9262      17673.8901         12.6282       1517.7062       3742.2676        467.5391       4485.6956        247.1588       -166.2197       7279.0238    -117173.9963          1.5082          0.8056          0.1048          0.1583          0.0913          0.3263          0.0219          0.0000          1.0916          1.7068          2.0508          1.7689          2.7200        301.6929          0.0000     -36034.6094         17.2022

INFO:      14000          7.0000    -118004.4439    -135630.2062      17625.7624         12.6461       1462.2147       3761.3319        453.9171       4494.8876        268.8164       -186.6733       7423.5216    -117259.0095          2.3055          1.7168          0.0956          0.0057          0.1401          0.3404          0.0069          0.0000          1.0551          1.6794          2.0466          1.7022          2.7163        300.8713          0.0000     -36051.5182         12.3022

INFO:      14500          7.2500    -118037.9940    -135693.6917      17655.6977         12.5230       1478.2703       3724.5049        482.0267       4492.6817        243.5716       -169.7906       7297.8800    -117221.1562          5.2813          2.7556          0.0190          0.3730          0.8538          1.2032          0.0767          0.0000          1.0649          1.6485          2.0149          1.7992          2.6955        301.3823          0.0000     -36026.9614         11.4370

INFO:      15000          7.5000    -118008.4664    -135653.2704      17644.8040         12.5419       1487.3455       3722.2784        469.0927       4465.2401        272.7876       -177.8321       7180.4473    -117025.6058          3.9249          1.8444          0.0696          0.0293          0.0000          1.9592          0.0224          0.0000          1.0577          1.6937          2.0680          1.8167          2.7029        301.1964          0.0000     -36050.9490         14.5921

INFO:      15500          7.7500    -118057.1729    -135472.4850      17415.3122         12.5361       1493.7629       3787.3379        470.8178       4492.3698        274.2321       -185.0684       6994.4329    -116769.3873          3.0748          2.0990          0.0003          0.6896          0.1973          0.0003          0.0881          0.0000          1.0719          1.7317          2.0938          1.7369          2.6944        297.2790          0.0000     -36034.0574         15.6922

INFO:      16000          8.0000    -118060.8969    -135715.4065      17654.5097         12.5789       1462.4240       3733.6827        474.8085       4524.2481        270.0955       -207.6319       7210.5495    -117153.5654          1.2884          0.6986          0.0299          0.0432          0.3815          0.1293          0.0059          0.0000          1.0629          1.6718          2.1039          1.7567          2.7071        301.3621          0.0000     -36031.3059         19.7402

INFO:      16500          8.2500    -118017.8438    -135756.3493      17738.5055         12.5842       1432.2805       3733.9759        460.2716       4448.2125        258.5662       -192.1295       7333.5691    -117216.5793          2.4654          1.5506          0.1434          0.1257          0.0001          0.4259          0.2197          0.0000          1.0510          1.7043          2.0678          1.7736          2.7386        302.7959          0.0000     -36016.9817         16.6625

INFO:      17000          8.5000    -118023.0907    -135677.9839      17654.8931         12.5236       1451.1409       3723.8424        467.3020       4453.1345        266.3640       -179.3481       7283.9023    -117089.9763          4.0812          2.0186          0.0232          0.0036          0.2507          1.7479          0.0372          0.0000          1.0641          1.6873          2.0971          1.8122          2.7004        301.3686          0.0000     -36058.4266         14.3163

INFO:      17500          8.7500    -118002.1996    -135640.0737      17637.8741         12.6062       1503.6725       3779.4833        469.5489       4486.3729        274.5146       -177.1739       7039.5826    -116971.3937          5.2840          3.7656          0.5926          0.1305          0.1329          0.0897          0.5726          0.0000          1.0285          1.6629          2.0472          1.7532          2.7552        301.0781          0.0000     -36049.9648         11.3247

INFO:      18000          9.0000    -118031.4467    -135617.7415      17586.2949         12.6195       1500.8764       3761.3520        478.9161       4483.9564        272.8031       -178.9083       7329.1641    -117230.6462          3.0323          0.8339          0.2679          0.0002          0.1783          1.6090          0.1429          0.0000          1.0430          1.6846          2.0438          1.8091          2.7333        300.1976          0.0000     -36038.2874         16.9662

INFO:      18500          9.2500    -118043.5633    -135722.4732      17678.9098         12.6459       1478.7929       3713.6107        467.0362       4474.2613        263.5684       -184.5774       7415.0741    -117314.3605          5.2660          1.6760          0.1274          0.2674          0.0842          2.9198          0.1912          0.0000          1.0935          1.7137          2.0514          1.8346          2.6863        301.7786          0.0000     -36041.1449         13.1095

INFO:      19000          9.5000    -117980.6765    -135650.0732      17669.3967         12.6726       1526.5698       3752.1844        470.2608       4459.9597        248.9358       -175.2783       7317.9032    -117246.5985          1.1286          0.4227          0.0008          0.1041          0.0656          0.3808          0.1545          0.0000          1.0745          1.7024          2.0534          1.7003          2.7342        301.6162          0.0000     -36005.1387         16.5694

INFO:      19500          9.7500    -118011.3373    -135463.6380      17452.3007         12.6538       1510.5720       3782.2754        478.3697       4479.6309        270.5608       -190.4986       7253.8615    -117021.9072          1.6707          0.6364          0.1631          0.0277          0.0220          0.8146          0.0069          0.0000          1.0496          1.6934          2.0596          1.7880          2.7067        297.9104          0.0000     -36028.1733         14.1338

INFO:      20000         10.0000    -118020.6701    -135643.1633      17622.4932         12.6034       1479.5982       3743.8348        467.7530       4503.1668        288.8847       -169.3042       7217.3536    -117152.9598          1.9461          0.3261          0.7524          0.4748          0.1309          0.0002          0.2618          0.0000          1.0228          1.6440          2.0891          1.7352          2.7410        300.8155          0.0000     -36023.4364         15.0987

 
[STEP6] Deallocate Arrays
 
Output_Time> Averaged timer profile (Min, Max)
  total time      =    2609.149
    setup         =       7.537
    dynamics      =    2601.612
      energy      =    2415.183
      integrator  =      41.771
      pairlist    =     143.696 (     137.586,     160.692)
  energy           
    bond          =       0.482 (       0.461,       0.502)
    angle         =       2.767 (       2.717,       2.814)
    dihedral      =       6.680 (       6.362,       6.968)
    nonbond       =     799.241 (     794.315,     806.900)
      pme real    =     799.236 (     794.310,     806.895)
      pme recip   =       0.000 (       0.000,       0.000)
    solvation     =       0.000 (       0.000,       0.000)
      polar       =       0.000 (       0.000,       0.000)
      non-polar   =       0.000 (       0.000,       0.000)
    restraint     =       0.120 (       0.110,       0.129)
    qmmm          =    1561.957 (    1561.880,    1562.020)
  integrator       
    constraint    =      22.754 (      22.132,      23.380)
    update        =       0.000 (       0.000,       0.000)
    comm_coord    =       0.000 (       0.000,       0.000)
    comm_force    =       0.000 (       0.000,       0.000)
    comm_migrate  =       0.000 (       0.000,       0.000)

Note: The following floating-point exceptions are signalling:Note: The following floating-point exceptions are signalling: IEEE_OVERFLOW_FLAG IEEE_UNDERFLOW_FLAG IEEE_DENORMAL
Note: The following floating-point exceptions are signalling: IEEE_OVERFLOW_FLAG IEEE_UNDERFLOW_FLAG IEEE_DENORMAL
Note: The following floating-point exceptions are signalling: IEEE_OVERFLOW_FLAG IEEE_UNDERFLOW_FLAG IEEE_DENORMAL
 IEEE_OVERFLOW_FLAG IEEE_UNDERFLOW_FLAG IEEE_DENORMAL
