(10.2.13.46:0,1,2,3)

[0] MPI startup(): libfabric version: 1.7.2a-impi
[0] MPI startup(): libfabric provider: verbs;ofi_rxm
[0] MPI startup(): Rank    Pid      Node name  Pin cpu
[0] MPI startup(): 0       21975    bwmpc0270  {0,1,2,3,4,5,6,7,8,9}
[0] MPI startup(): 1       21976    bwmpc0270  {10,11,12,13,14,15,16,17,18,19}
[0] MPI startup(): 2       21977    bwmpc0270  {20,21,22,23,24,25,26,27,28,29}
[0] MPI startup(): 3       21978    bwmpc0270  {30,31,32,33,34,35,36,37,38,39}
[0] MPI startup(): I_MPI_ROOT=/bwfefs/opt/x86_64/intel/compilers_and_libraries_2019.5.281/linux/mpi
[0] MPI startup(): I_MPI_HYDRA_BOOTSTRAP_EXEC=/bin/pjrsh
[0] MPI startup(): I_MPI_HYDRA_BOOTSTRAP_AUTOFORK=0
[0] MPI startup(): I_MPI_HYDRA_TOPOLIB=hwloc
[0] MPI startup(): I_MPI_HYDRA_HOST_FILE=/bwfefs/home/kyagi/tim/tim5/b3lypD3.rpath1/3.equil1/.d0011452918_nodeinfo
[0] MPI startup(): I_MPI_PERHOST=4
[0] MPI startup(): I_MPI_PIN=1
[0] MPI startup(): I_MPI_PIN_RESPECT_HCA=0
[0] MPI startup(): I_MPI_INTERNAL_MEM_POLICY=default
[0] MPI startup(): I_MPI_DEBUG=5
****************************************************
*                                                  *
*                  GENESIS ATDYN                   *
*                                                  *
*        A Molecular Dynamics Simulator with       *
*            Atomic Decomposition Scheme           *
*                                                  *
*               Developed by RIKEN                 *
*                                                  *
****************************************************
 
[STEP0] Architecture and Compiler Information
 
GENESIS_Information> GENESIS Information
  version      = 1.6.0
  commit ID    = $GENESIS_VERSION$
  precision    = double
  nonbonding   = CPU

Build_Information> Compiler Information
  build host   = kyagi@bwmpc0837
  fortran      = GNU Fortran (GCC) 7.2.0
  option       = -O3 -ffast-math -march=native -ffree-line-length-none -fopenmp 
  C            = gcc (GCC) 7.2.0
  option       = -O3 -ffast-math -march=native -fopenmp
  defined var. =  -DMPI -DOMP -DFFTE -DLAPACK -DDSFMT_MEXP=19937 -D__GFORTRAN__
  link option  = -L/home/kyagi/local/lib -fopenmp -lmkl_scalapack_lp64 -lmkl_blacs_intelmpi_lp64 -lmkl_intel_lp64 -lmkl_intel_thread -lmkl_core -liomp5 -lpthread -lm 

Runtime_Information> Machine and Library Information
  date       = 2021/02/03 17:11:40
  cpu model    = Intel(R) Xeon(R) Gold 6148 CPU @ 2.40GHz
  exec. host   = kyagi@bwmpc0270
  LD library   = /home/kyagi/local/lib:/bwfefs/opt/x86_64/intel/compilers_and_libraries_2019.5.281/linux/compiler/lib/intel64_lin:/bwfefs/opt/x86_64/intel/compilers_and_libraries_2019.5.281/linux/mkl/lib/intel64_lin:/bwfefs/opt/x86_64/gcc/7.2.0/lib64:/bwfefs/opt/x86_64/gcc/7.2.0/lib:/bwfefs/opt/x86_64/intel/impi/2019.5.281/intel64/lib/release:/bwfefs/opt/x86_64/intel/impi/2019.5.281/intel64/lib:/bwfefs/opt/x86_64/intel/impi/2019.5.281/intel64/libfabric/lib:/bwfefs/opt/x86_64/intel/parallel_studio_xe_2019.5.075/compilers_and_libraries_2019//linux/compiler/lib/intel64:/bwfefs/opt/x86_64/intel/parallel_studio_xe_2019.5.075/compilers_and_libraries_2019//linux/compiler/lib/intel64_lin:/bwfefs/opt/x86_64/intel/parallel_studio_xe_2019.5.075/compilers_and_libraries_2019//linux/mpi/intel64/lib:/bwfefs/opt/x86_64/intel/parallel_studio_xe_2019.5.075/compilers_and_libraries_2019//linux/mpi/intel64/libfabric/lib:/bwfefs/opt/x86_64/intel/parallel_studio_xe_2019.5.075/compilers_and_libraries_2019//linux/ipp/lib/intel64:/bwfefs/opt/x86_64/intel/parallel_studio_xe_2019.5.075/compilers_and_libraries_2019//linux/compiler/lib/intel64:/bwfefs/opt/x86_64/intel/parallel_studio_xe_2019.5.075/compilers_and_libraries_2019//linux/mkl/lib/intel64:/bwfefs/opt/x86_64/intel/parallel_studio_xe_2019.5.075/compilers_and_libraries_2019//linux/tbb/lib/intel64/gcc4.7:/bwfefs/opt/x86_64/intel/debugger_2019/iga/lib:/bwfefs/opt/x86_64/intel/debugger_2019/libipt/intel64/lib:/bwfefs/opt/x86_64/intel/parallel_studio_xe_2019.5.075/comp

[STEP1] Read Control Parameters
 
Read_Ctrl_Input> Input Files
  topfile = toppar/top_all36_prot.rtf, toppar/top_all36_cgenff.rtf
  parfile = toppar/par_all36_prot.prm, toppar/par_all36_cgenff.prm
  strfile = toppar/toppar_water_ions.str, toppar/toppar_dhap.3.str
  psffile = ../../2.equil/step4_nvt_100.psf
  pdbfile = ../../2.equil/step4_nvt_100.pdb
  rstfile = equil1_12.rst
  reffile = ../../2.equil/step4_nvt_100.pdb
 
Read_Ctrl_Output> Output Files
  dcdfile    = equil1_13.dcd
  rstfile    = equil1_13.rst
 
Read_Ctrl_Energy> Parameters of Energy Calculations
  forcefield      =     CHARMM
  switchdist      =     16.000  cutoffdist      =     18.000
  pairlistdist    =     19.500  dielec_const    =      1.000
  vdW force_switch=        yes
  electrostatic   =  CUTOFF
  implicit_solvent=       none
  table_order     =          3
  table_density   =     20.000
  water_model     =       NONE
  output_style    =    GENESIS
  dispersion_corr =       none
  nonb_limiter    =      no
 
Read_Ctrl_Dynamics> Parameters of MD simulation
  integrator      =       VVER  nsteps          =      20000
  timestep        =     0.0005  initial_time    =     0.0000
  eneout_period   =        500  rstout_period   =        500
  crdout_period   =        500  velout_period   =          0
  nbupdate_period =         10  stoptr_period   =         10
  iseed           =   20190319
  annealing       =         no
  verbose         =         no
  target_md       =         no
  steered_md      =         no
  esp_mm          =         no
 
Read_Ctrl_Constraints> Parameters for Constraints
  rigid_bond      =        yes
  shake_iteration =        500  shake_tolerance =  0.100E-09
  fast_water      =        yes  water_model     =       TIP3
  hydrogen_type   =  name|mass
  noshake_index   = 4  11  12  13
  fixatm_select_index        =       none
 
Read_Ctrl_Ensemble> Parameters for Ensemble
  ensemble        =        NVT
  temperature     =    300.000
  tpcontrol       =      BUSSI
  tau_t           =      5.000
 
Read_Ctrl_Boundary> Parameters of Boundary Condition
  type            =       NOBC
  spherical_pot   =        yes  restart         =          T
  center_info     =       read  modify_ratio    =      1.000
  constant        =     10.000  exponent        =          2
  fixatom         =          T  fix_layer       =      1.000
 
Read_Ctrl_Selection> Parameters of Selection
  # of groups     =         13
    group 1 = sid:DHA or (sid:TIMA and (rno:95 or rno:165) and          not (an:CA  | an:C   | an:O   | an:N | an:HN | an:HA))
    group 2 = atomno:1900 or atomno:5687
    group 3 = atomno:1442
    group 4 = atomno:1443
    group 5 = atomno:2559
    group 6 = atomno:2560
    group 7 = atomno:7583
    group 8 = atomno:7584
    group 9 = atomno:7585
    group 10 = atomno:7586
    group 11 = atomno:7587
    group 12 = atomno:7588
    group 13 = atomno:7589
  # of mole names =          0
 
Read_Ctrl_Restraints> Parameters of Restraint
  numfunc         =   6
  function1 = POSI     
    direction     = ALL 
    constant      = 10.0
    reference     = 
    select_index  = 2
    mode          =   0
    exponent      =   2
    exponent_dist = 
    weight_dist   = 

  function2 = DIST     
    constant      = 300.0
    reference     = 1.3881
    select_index  = 6  12
    mode          =   0
    exponent      =   2
    exponent_dist = 
    weight_dist   = 

  function3 = DIST     
    constant      = 300.0
    reference     = 1.2786
    select_index  = 9  12
    mode          =   0
    exponent      =   2
    exponent_dist = 
    weight_dist   = 

  function4 = DIST     
    constant      = 300.0
    reference     = 2.0449
    select_index  = 5  11
    mode          =   0
    exponent      =   2
    exponent_dist = 
    weight_dist   = 

  function5 = DIST     
    constant      = 300.0
    reference     = 1.8067
    select_index  = 8   4
    mode          =   0
    exponent      =   2
    exponent_dist = 
    weight_dist   = 

  function6 = DIST     
    constant      = 300.0
    reference     = 2.7259
    select_index  = 3  11
    mode          =   0
    exponent      =   2
    exponent_dist = 
    weight_dist   = 

  pressure_position   = NO
  pressure_rmsd     = NO

Read_Ctrl_Fitting_MD> Parameters of Fitting
  fitting method  =  TR+ROT   
  fitting atom    = group1
  mass_weight     =         no
 
Read_Ctrl_QMMM> Parameters of QM/MM
  qmtyp              = qsimulate
  qmcnt              = qsimulate.json
  qmexe              = 
  workdir            = equil1_13
  savedir            = none
  basename           = job
  qmsave_period      = 500
  qmmaxtrial         = 1
  qmatm_select_index = 1
  exclude_charge     = GROUP
 
[STEP2] Setup MPI
 
Setup_Mpi_Md> Summary of Setup MPI
  number of MPI processes   =          4
  number of OpenMP threads  =         10
  total number of CPU cores =         40

[STEP3] Set Relevant Variables and Structures
 
Input_Top> Summary of Topfile
  num_atom_class  =        212  num_resi_type   =        685
 
Input_Par> Summary of Parfile
  num_bonds       =        658  num_angles      =       2003
  num_dihedrals   =       4838  num_impropers   =        163
  num_atom_cls    =        212  num_nbfix       =         75
  num_cmap_terms  =          6
 
Input_Str> Summary of Top information
  num_atom_class  =        227  num_resi_type   =        700
 
Input_Str> Summary of Par information
  num_bonds       =        663  num_angles      =       2006
  num_dihedrals   =       4850  num_impropers   =        163
  num_atom_cls    =        227  num_nbfix       =         90
  num_cmap_terms  =          6
 
Read_Psf> Summary of Psffile
  psftype         =      xplor
  num_atoms       =      37226  num_bonds       =      37288
  num_angles      =      23768  num_dihedrals   =      20268
  num_impropers   =       1292  num_cmap_terms  =        494
  num_HB_donors   =      20596  num_HB_acceptors=      10610
  num_NB_exclusion=          0  num_groups      =      12168
  total_charge    =    -10.000
 
Check_Pdb> 6-column residue sequence number
 
Read_Pdb> Summary of Data in PDB file
  num_atoms       =      37226
 
Read_Rst_Binary> Summary of RST file
  num_atoms       =      37226  iseed           =   20190319
  boxsize (x,y,z) =      0.000     0.000     0.000
  spherical_pot     =      yes
  nfunctions                 2  num_fixatm              9645
  num_of_qm_charge          35

Define_Molecule> Summary of molecules
  num_atoms       =      37226  num_bonds       =      37288
  num_angles      =      23768  num_dihedrals   =      20268
  num_impropers   =       1292  num_cmap_terms  =        494
  num_residues    =      10370  num_molecules   =       9878
  num_segments    =          6  num_deg_freedom =     111678
  total_charge    =    -10.000
 
Setup_Boundary> Setup Variables for Boundary Condition
  origin(x,y,z)   =      0.000     0.000     0.000
  nfunctions      =        2
    center(x,y,z) =     17.000     0.000     0.000
    radius        =     35.000
    constant      =     10.000
    exponent      =          2
    center(x,y,z) =    -17.000     0.000     0.000
    radius        =     35.000
    constant      =     10.000
    exponent      =          2

  num_fixatm      =     9645

 
Random_Init> Initialize the random number
  seed            = 20190319

Setup_QMMM> Setup QM region
  QM assignment info
  1435 TIMA     95 HSE    CB   CT2    assigned to QM atom    1 of element: C     6
  1436 TIMA     95 HSE    HB1  HA2    assigned to QM atom    2 of element: H     1
  1437 TIMA     95 HSE    HB2  HA2    assigned to QM atom    3 of element: H     1
  1438 TIMA     95 HSE    ND1  NR2    assigned to QM atom    4 of element: N     7
  1439 TIMA     95 HSE    CG   CPH1   assigned to QM atom    5 of element: C     6
  1440 TIMA     95 HSE    CE1  CPH2   assigned to QM atom    6 of element: C     6
  1441 TIMA     95 HSE    HE1  HR1    assigned to QM atom    7 of element: H     1
  1442 TIMA     95 HSE    NE2  NR1    assigned to QM atom    8 of element: N     7
  1443 TIMA     95 HSE    HE2  H      assigned to QM atom    9 of element: H     1
  1444 TIMA     95 HSE    CD2  CPH1   assigned to QM atom   10 of element: C     6
  1445 TIMA     95 HSE    HD2  HR3    assigned to QM atom   11 of element: H     1
  2552 TIMA    165 GLU    CB   CT2A   assigned to QM atom   12 of element: C     6
  2553 TIMA    165 GLU    HB1  HA2    assigned to QM atom   13 of element: H     1
  2554 TIMA    165 GLU    HB2  HA2    assigned to QM atom   14 of element: H     1
  2555 TIMA    165 GLU    CG   CT2    assigned to QM atom   15 of element: C     6
  2556 TIMA    165 GLU    HG1  HA2    assigned to QM atom   16 of element: H     1
  2557 TIMA    165 GLU    HG2  HA2    assigned to QM atom   17 of element: H     1
  2558 TIMA    165 GLU    CD   CC     assigned to QM atom   18 of element: C     6
  2559 TIMA    165 GLU    OE1  OC     assigned to QM atom   19 of element: O     8
  2560 TIMA    165 GLU    OE2  OC     assigned to QM atom   20 of element: O     8
  7575 DHA     249 DHAP   P    PG2    assigned to QM atom   21 of element: P    15
  7576 DHA     249 DHAP   O1P  OG303  assigned to QM atom   22 of element: O     8
  7577 DHA     249 DHAP   O2P  OG2P1  assigned to QM atom   23 of element: O     8
  7578 DHA     249 DHAP   O3P  OG2P1  assigned to QM atom   24 of element: O     8
  7579 DHA     249 DHAP   O4P  OG2P1  assigned to QM atom   25 of element: O     8
  7580 DHA     249 DHAP   C1   CG321  assigned to QM atom   26 of element: C     6
  7581 DHA     249 DHAP   H11  HGA2   assigned to QM atom   27 of element: H     1
  7582 DHA     249 DHAP   H12  HGA2   assigned to QM atom   28 of element: H     1
  7583 DHA     249 DHAP   C2   CG2O5  assigned to QM atom   29 of element: C     6
  7584 DHA     249 DHAP   O2   OG2D3  assigned to QM atom   30 of element: O     8
  7585 DHA     249 DHAP   C3   CG321  assigned to QM atom   31 of element: C     6
  7586 DHA     249 DHAP   O3   OG311  assigned to QM atom   32 of element: O     8
  7587 DHA     249 DHAP   HO3  HGP1   assigned to QM atom   33 of element: H     1
  7588 DHA     249 DHAP   H31  HGA2   assigned to QM atom   34 of element: H     1
  7589 DHA     249 DHAP   H32  HGA2   assigned to QM atom   35 of element: H     1
  number of QM atoms = 35
 
  QM charges retreived from rstfile.
 

Generate_LinkAtoms> QM-MM interface info. Link hydrogen is set between:
              [ QM atom ]             -             [ MM atom ]
  1435 TIMA     95 HSE    CB   CT2    -   1433 TIMA     95 HSE    CA   CT1   
                                          1431 TIMA     95 HSE    N    NH1    excluded
                                          1432 TIMA     95 HSE    HN   H      excluded
                                          1434 TIMA     95 HSE    HA   HB1    excluded
  2552 TIMA    165 GLU    CB   CT2A   -   2550 TIMA    165 GLU    CA   CT1   
                                          2548 TIMA    165 GLU    N    NH1    excluded
                                          2549 TIMA    165 GLU    HN   H      excluded
                                          2551 TIMA    165 GLU    HA   HB1    excluded

  number of link atoms           = 2
  number of external MM charges  = 37183


  Check the input file for QSimulate [ qsimulate.json ]
Setup_Enefunc_Cmap_Par> Natural spline is used to derive cmap coefs.

Setup_Enefunc_Table> Setup Variables for LookupTable
  num_solutes     =      37226  num_waters      =          0

Setup_Enefunc_Restraint> Setup restraint groups
 group =     1, "sid:DHA or (sid:TIMA and (rno:95 or rno:165) and          not (an:CA  | an:C   | an:O   | an:N | an:HN | an:HA))"
 # of atoms =    35
 atomlist: 
   1435   1436   1437   1438   1439   1440   1441   1442   1443   1444
   1445   2552   2553   2554   2555   2556   2557   2558   2559   2560
   7575   7576   7577   7578   7579   7580   7581   7582   7583   7584
   7585   7586   7587   7588   7589
 group =     2, "atomno:1900 or atomno:5687"
 # of atoms =     2
 atomlist: 
   1900   5687
 group =     3, "atomno:1442"
 # of atoms =     1
 atomlist: 
   1442
 group =     4, "atomno:1443"
 # of atoms =     1
 atomlist: 
   1443
 group =     5, "atomno:2559"
 # of atoms =     1
 atomlist: 
   2559
 group =     6, "atomno:2560"
 # of atoms =     1
 atomlist: 
   2560
 group =     7, "atomno:7583"
 # of atoms =     1
 atomlist: 
   7583
 group =     8, "atomno:7584"
 # of atoms =     1
 atomlist: 
   7584
 group =     9, "atomno:7585"
 # of atoms =     1
 atomlist: 
   7585
 group =    10, "atomno:7586"
 # of atoms =     1
 atomlist: 
   7586
 group =    11, "atomno:7587"
 # of atoms =     1
 atomlist: 
   7587
 group =    12, "atomno:7588"
 # of atoms =     1
 atomlist: 
   7588
 group =    13, "atomno:7589"
 # of atoms =     1
 atomlist: 
   7589
Setup_Enefunc_Restraint> Setup restraint functions
 func  =     1 kind  =     1
 const(total, x, y, z) =   10.000   1.000   1.000   1.000
 exponend of function =     2
 # of groups  =     1
 grouplist:   2

 func  =     2 kind  =     2
 const             =  300.000
 ref               =    1.388
 exponend of function =     2
 # of distances  =     1
 distancelist: 
 group = (  6, 12) weight =    1.000 exponent =     1

 func  =     3 kind  =     2
 const             =  300.000
 ref               =    1.279
 exponend of function =     2
 # of distances  =     1
 distancelist: 
 group = (  9, 12) weight =    1.000 exponent =     1

 func  =     4 kind  =     2
 const             =  300.000
 ref               =    2.045
 exponend of function =     2
 # of distances  =     1
 distancelist: 
 group = (  5, 11) weight =    1.000 exponent =     1

 func  =     5 kind  =     2
 const             =  300.000
 ref               =    1.807
 exponend of function =     2
 # of distances  =     1
 distancelist: 
 group = (  8,  4) weight =    1.000 exponent =     1

 func  =     6 kind  =     2
 const             =  300.000
 ref               =    2.726
 exponend of function =     2
 # of distances  =     1
 distancelist: 
 group = (  3, 11) weight =    1.000 exponent =     1

Define_Enefunc_CHARMM> Number of Interactions in Each Term
  bond_ene        =      37255  angle_ene       =      23717
  urey_ene        =       6639
  torsion_ene     =      23862  improper_ene    =       1285
  cmap_ene        =        494
  restraint_groups=         13  restraint_funcs =          6
 
Setup_Fitting_Atdyn> NO fitting is applied, skip
  fitting method  =  NO

Update_Num_Deg_Freedom> Number of degrees of freedom was updated
  num_deg_freedom =      82743 (After setup of fixed atoms at boundary)
 
Remove_Fixatm> Modified Interactions
  bond_ene        =      27610  angle_ene       =      20502
  urey_ene        =       6639
  torsion_ene     =      23862  improper_ene    =       1285
 
Setup_Constraints> The following atoms are excluded from SHAKE:
    1443    7587    7588    7589
Setup_Settle> Setup constraints for SETTLE
  num_unconsbonds =       7633      num_Settle  =       6659
  r0(O-H)         =     0.9572  mass(O)         =    15.9994
  r0(H-H)         =     1.5139  mass(H)         =     1.0080
 
Setup_Shake> Setup constrains for SHAKE and RATTLE
  num_unconsbonds =       3837  num_rigid_bonds =       3796
 
  num_qm_rigid_bonds =         10
 
Update_Num_Deg_Freedom> Number of degrees of freedom was updated
  num_deg_freedom =      62766 (After setup of SETTLE)
 
Update_Num_Deg_Freedom> Number of degrees of freedom was updated
  num_deg_freedom =      58960 (After setup of SHAKE/RATTLE)
 
[STEP4] Compute Single Point Energy for Molecules
 
            STEP            BOND           ANGLE    UREY-BRADLEY        DIHEDRAL        IMPROPER            CMAP         VDWAALS           ELECT    RESTRAINT001    RESTRAINT002    RESTRAINT003    RESTRAINT004    RESTRAINT005    RESTRAINT006    RESTR_CVS001    RESTR_CVS002    RESTR_CVS003    RESTR_CVS004    RESTR_CVS005    RESTR_CVS006              QM            SPOT
 --------------- --------------- --------------- --------------- ---------------
               0       1548.9179       3690.8966        474.2256       4532.3441        265.1222       -212.7083       7280.7009    -117321.9687          0.7876          0.0135          0.0589          0.0366          0.1515          0.1337          0.0000          1.3814          1.2926          2.0559          1.8292          2.7470     -36036.9960         15.5265

[STEP5] Perform Molecular Dynamics Simulation
 
INFO:       STEP            TIME       TOTAL_ENE   POTENTIAL_ENE     KINETIC_ENE            RMSG            BOND           ANGLE    UREY-BRADLEY        DIHEDRAL        IMPROPER            CMAP         VDWAALS           ELECT RESTRAINT_TOTAL    RESTRAINT001    RESTRAINT002    RESTRAINT003    RESTRAINT004    RESTRAINT005    RESTRAINT006    RESTR_CVS001    RESTR_CVS002    RESTR_CVS003    RESTR_CVS004    RESTR_CVS005    RESTR_CVS006     TEMPERATURE          VOLUME              QM            SPOT
 --------------- --------------- --------------- --------------- ---------------
INFO:        500          0.2500    -118072.5175    -135618.5879      17546.0703         12.5962       1449.7500       3779.4025        482.2803       4500.5845        260.4693       -190.0043       7248.0264    -117108.5626          3.5759          1.1824          0.0684          0.9195          0.9201          0.0496          0.4359          0.0000          1.3730          1.2232          1.9895          1.7938          2.6878        299.5110          0.0000     -36044.1099         20.2209

INFO:       1000          0.5000    -118071.8444    -135589.3191      17517.4746         12.6453       1533.0595       3831.8931        468.2387       4492.8753        275.2466       -188.1305       7034.1694    -117007.1943          3.6232          1.3268          0.2490          0.8388          0.3054          0.5594          0.3437          0.0000          1.4169          1.2257          2.0130          1.8499          2.7597        299.0229          0.0000     -36033.1001         10.6817

INFO:       1500          0.7500    -118103.1946    -135776.4875      17673.2930         12.6397       1498.4352       3724.5595        466.1414       4492.7562        268.4264       -190.0596       7143.9951    -117161.1475          5.8688          0.6362          0.8227          3.0387          0.2758          0.2507          0.8447          0.0000          1.4405          1.1780          2.0146          1.8356          2.7790        301.6827          0.0000     -36025.4631         11.6132

INFO:       2000          1.0000    -118119.8707    -135740.5452      17620.6745         12.6812       1468.0828       3747.7145        457.8927       4490.4548        286.8847       -201.8358       7254.3990    -117216.8179          9.0144          0.6408          1.0430          5.7151          0.0394          1.0088          0.5674          0.0000          1.4471          1.1406          2.0334          1.8647          2.7694        300.7845          0.0000     -36036.3344         24.5022

INFO:       2500          1.2500    -118074.6775    -135607.9917      17533.3141         12.6346       1499.3761       3769.4186        464.8127       4503.5283        254.9887       -192.6017       7402.5669    -117282.3956          1.7270          1.1415          0.0078          0.0311          0.0573          0.1196          0.3698          0.0000          1.3830          1.2888          2.0587          1.8267          2.7610        299.2933          0.0000     -36029.4127         10.5766

INFO:       3000          1.5000    -118083.1103    -135736.6643      17653.5540         12.6900       1510.1981       3757.6948        464.1474       4477.2740        267.7558       -186.1902       7187.6998    -117201.0935          3.4522          1.5509          0.7830          0.1213          0.6767          0.3103          0.0100          0.0000          1.4392          1.2585          1.9974          1.7745          2.7201        301.3457          0.0000     -36017.6028         15.6062

INFO:       3500          1.7500    -118081.5891    -135611.0676      17529.4785         12.6923       1534.4443       3705.3353        470.5390       4482.1604        249.6506       -179.6214       7278.5931    -117142.0031          9.4427          2.0380          2.8233          3.0144          0.0600          1.4707          0.0362          0.0000          1.4851          1.1784          2.0308          1.8767          2.7369        299.2278          0.0000     -36019.6084         16.4023

INFO:       4000          2.0000    -118074.5055    -135752.3076      17677.8020         12.6776       1540.4759       3701.6350        443.4695       4472.9392        241.8173       -162.2967       7129.7249    -117139.7293          4.5473          2.9511          0.3450          0.2112          0.0108          0.7152          0.3140          0.0000          1.3542          1.3051          2.0509          1.8555          2.7583        301.7597          0.0000     -35984.8907         18.9139

INFO:       4500          2.2500    -118059.1847    -135759.0831      17699.8985         12.6583       1480.9114       3640.3660        449.4860       4479.2948        259.1386       -160.1576       7307.9089    -117262.0049          2.9650          1.0528          0.7924          0.8625          0.0254          0.0133          0.2186          0.0000          1.4395          1.2250          2.0357          1.8134          2.6989        302.1368          0.0000     -35956.9914         11.3259

INFO:       5000          2.5000    -118077.2253    -135794.4348      17717.2096         12.6237       1518.4949       3741.6194        475.6539       4495.2814        255.3030       -173.5142       6995.9086    -117099.3672          7.1917          0.9568          3.2801          2.8234          0.1083          0.0228          0.0002          0.0000          1.4927          1.1816          2.0259          1.7980          2.7267        302.4323          0.0000     -36011.0063         16.0904

INFO:       5500          2.7500    -118119.2283    -135699.0103      17579.7820         12.6004       1493.7044       3703.0422        452.0582       4501.7216        268.9982       -177.4328       7207.0886    -117155.5262          2.9968          2.1406          0.1512          0.2785          0.1614          0.0107          0.2544          0.0000          1.3656          1.3091          2.0681          1.8127          2.7550        300.0865          0.0000     -35995.6613         14.8993

INFO:       6000          3.0000    -118130.6224    -135782.6059      17651.9835         12.6023       1493.9749       3705.7003        460.7447       4524.2409        259.0418       -190.1466       7152.2801    -117193.3287          6.7520          3.1493          1.0572          2.0074          0.2632          0.2429          0.0319          0.0000          1.4475          1.1968          2.0745          1.7782          2.7362        301.3189          0.0000     -36001.8653         17.9129

INFO:       6500          3.2500    -118149.7353    -135641.8456      17492.1103         12.6769       1527.6245       3820.6742        467.2318       4488.7648        260.5538       -193.2598       7253.3854    -117280.0475          5.3828          0.7472          0.8667          3.2972          0.0071          0.1817          0.2828          0.0000          1.4419          1.1738          2.0400          1.8313          2.6952        298.5899          0.0000     -35992.1555         20.8866

INFO:       7000          3.5000    -118104.6880    -135710.0765      17605.3885         12.6131       1466.8001       3772.0286        455.0887       4492.3036        265.1198       -186.1337       7098.0283    -117102.2085          3.7641          2.3767          0.0384          0.0195          0.6220          0.4968          0.2108          0.0000          1.3768          1.2867          1.9994          1.8474          2.7524        300.5236          0.0000     -35974.8675         10.0951

INFO:       7500          3.7500    -118078.1308    -135808.9022      17730.7714         12.5792       1491.6936       3670.4737        452.6400       4497.4547        254.9607       -174.9418       6952.2861    -116965.9327          2.3766          2.1792          0.0811          0.0004          0.1055          0.0094          0.0010          0.0000          1.4045          1.2774          2.0636          1.8123          2.7241        302.6638          0.0000     -35989.9131         11.6933

INFO:       8000          4.0000    -118134.9200    -135689.7125      17554.7925         12.5852       1493.8962       3757.2028        471.6942       4510.6211        260.3816       -186.7871       6984.7491    -116978.7414          7.4947          1.3114          2.4671          2.2422          0.4637          0.9794          0.0309          0.0000          1.4788          1.1921          2.0056          1.8638          2.7157        299.6599          0.0000     -36010.2239         21.5746

INFO:       8500          4.2500    -118117.2556    -135807.0292      17689.7736         12.5491       1484.9517       3737.2498        459.4936       4500.0860        252.8425       -198.8367       7023.4204    -117029.1539          3.6187          1.6363          0.2515          1.4243          0.1552          0.1490          0.0025          0.0000          1.4171          1.2097          2.0676          1.8290          2.7288        301.9640          0.0000     -36040.7013         17.4044

INFO:       9000          4.5000    -118127.3128    -135842.5495      17715.2367         12.6291       1500.6136       3741.0892        452.7681       4520.5482        261.6286       -188.6643       7108.9197    -117254.0258          2.5353          1.4402          0.9636          0.1136          0.0007          0.0133          0.0039          0.0000          1.3314          1.2981          2.0434          1.8133          2.7223        302.3987          0.0000     -35987.9623         16.9727

INFO:       9500          4.7500    -118120.0208    -135835.5957      17715.5749         12.6117       1526.2637       3685.3086        453.3255       4478.9232        265.7532       -192.7913       7358.0770    -117362.2658          3.8907          2.0625          0.1452          1.4429          0.1297          0.0281          0.0823          0.0000          1.4101          1.2092          2.0657          1.8164          2.7093        302.4044          0.0000     -36052.0805         18.8566

INFO:      10000          5.0000    -118123.2647    -135833.6851      17710.4204         12.5989       1526.2157       3695.1737        467.1955       4439.4998        241.1898       -192.1297       7096.1958    -117096.1196          5.5156          2.7552          0.2815          1.4750          0.0050          0.9988          0.0001          0.0000          1.4187          1.2085          2.0408          1.8644          2.7265        302.3165          0.0000     -36016.4219         16.7718

INFO:      10500          5.2500    -118058.8524    -135693.6278      17634.7754         12.6444       1474.4626       3823.7581        482.8822       4497.7353        290.9303       -188.2051       7296.2548    -117349.8264          5.1686          2.5853          1.2942          0.4008          0.0077          0.5060          0.3745          0.0000          1.4538          1.3152          2.0500          1.8478          2.7612        301.0252          0.0000     -36026.7883         13.5065

INFO:      11000          5.5000    -118048.1693    -135745.2628      17697.0935         12.5883       1477.9122       3762.8743        455.0680       4492.6820        258.1939       -200.6500       7305.4219    -117249.7574          6.2622          2.8315          1.4562          1.5727          0.0734          0.3101          0.0183          0.0000          1.4578          1.2062          2.0293          1.8388          2.7337        302.0890          0.0000     -36053.2698         13.8496

INFO:      11500          5.7500    -118006.6604    -135628.2405      17621.5800         12.6229       1548.1768       3637.4035        460.1532       4490.3423        255.2323       -191.3661       7120.5219    -116931.7288          5.3146          2.7538          0.0208          0.1247          0.0298          2.1067          0.2788          0.0000          1.3964          1.2990          2.0549          1.8905          2.7564        300.7999          0.0000     -36022.2902          9.5458

INFO:      12000          6.0000    -117969.2839    -135563.4644      17594.1805         12.6506       1492.1438       3810.6711        472.7097       4510.1348        270.3783       -172.6894       7579.0946    -117557.1258          3.8160          2.0986          0.1988          0.2328          1.1347          0.1415          0.0096          0.0000          1.4138          1.2507          2.1064          1.7850          2.7315        300.3322          0.0000     -35972.5975         19.0782

INFO:      12500          6.2500    -117936.5519    -135583.2034      17646.6515         12.6328       1500.5103       3778.3132        458.8826       4528.0564        267.5633       -187.1533       7193.4095    -117128.8963          8.7926          2.3890          4.2286          1.8441          0.0663          0.1751          0.0895          0.0000          1.5068          1.2002          2.0598          1.7825          2.7432        301.2279          0.0000     -36002.6815         22.2709

INFO:      13000          6.5000    -117934.7102    -135681.9321      17747.2218         12.5361       1448.7515       3722.9158        452.2311       4455.2325        267.4671       -178.7197       7199.8117    -117045.3296          1.2435          0.8813          0.3203          0.0036          0.0012          0.0129          0.0241          0.0000          1.4208          1.2751          2.0469          1.8001          2.7169        302.9447          0.0000     -36005.5360         11.1232

INFO:      13500          6.7500    -117999.4895    -135848.8525      17849.3630         12.6269       1438.3593       3782.3152        461.6380       4488.6013        274.2157       -190.6898       7313.0646    -117425.2609          5.6846          4.7040          0.5675          0.0284          0.1201          0.0416          0.2230          0.0000          1.3446          1.2883          2.0249          1.7949          2.6986        304.6882          0.0000     -35996.7807         13.6080

INFO:      14000          7.0000    -118052.6255    -135674.3125      17621.6870         12.5897       1541.8596       3674.5533        468.4516       4487.7335        253.6327       -187.7652       7302.1346    -117242.5936          5.1895          2.9411          0.0058          1.0405          0.8237          0.3745          0.0039          0.0000          1.3925          1.2197          1.9925          1.8420          2.7223        300.8018          0.0000     -35977.5084         19.0731

INFO:      14500          7.2500    -118081.7489    -135795.3910      17713.6421         12.5864       1538.8532       3692.9256        467.9949       4484.0131        261.4559       -189.5568       7139.9985    -117224.9973          5.3898          0.5147          1.7972          2.2432          0.1563          0.5369          0.1414          0.0000          1.4655          1.1921          2.0677          1.8490          2.7476        302.3714          0.0000     -35971.4677         13.5545

INFO:      15000          7.5000    -118059.2437    -135727.7690      17668.5253         12.6457       1497.8532       3751.8234        469.9536       4497.3369        277.8660       -194.0867       7394.7157    -117422.3856          4.2254          3.5906          0.0591          0.1060          0.0199          0.4126          0.0371          0.0000          1.3741          1.2598          2.0367          1.8438          2.7148        301.6013          0.0000     -36005.0710         21.3639

INFO:      15500          7.7500    -118104.8298    -135730.4142      17625.5843         12.5988       1489.6290       3686.7947        471.6249       4500.3037        257.2590       -181.1611       7265.5172    -117221.2960          3.7660          2.7026          0.2460          0.1733          0.1709          0.0606          0.4128          0.0000          1.4167          1.3026          2.0210          1.7925          2.7630        300.8683          0.0000     -36002.8516         19.2522

INFO:      16000          8.0000    -118108.3593    -135787.0863      17678.7270         12.5898       1466.9665       3681.0520        460.3417       4484.7306        283.8755       -189.9739       7194.2313    -117165.9817          5.9388          2.4403          1.3222          1.8365          0.2556          0.0344          0.0497          0.0000          1.4545          1.2004          2.0741          1.7960          2.7130        301.7754          0.0000     -36008.2670         17.6527

INFO:      16500          8.2500    -118068.3645    -135646.8747      17578.5102         12.6111       1474.7076       3696.0495        463.2336       4437.8644        275.8751       -171.1835       7047.5231    -116892.9060          5.4078          2.1627          1.7630          0.9845          0.2887          0.1390          0.0699          0.0000          1.4648          1.2213          2.0759          1.7852          2.7106        300.0647          0.0000     -35983.4462         20.0040

INFO:      17000          8.5000    -118077.3754    -135718.0616      17640.6862         12.5814       1471.2937       3745.6955        465.8183       4464.6467        263.4966       -184.0334       7182.9728    -117158.4114          2.4601          1.7690          0.2101          0.0531          0.0479          0.1943          0.1858          0.0000          1.4146          1.2919          2.0575          1.7813          2.7010        301.1261          0.0000     -35972.0005         21.5012

INFO:      17500          8.7500    -118060.7751    -135675.8679      17615.0929         12.6024       1517.1689       3753.4332        475.2639       4499.2299        248.8311       -191.1138       7221.6656    -117200.9573          7.0789          3.1240          0.1321          0.1008          0.0082          1.9438          1.7701          0.0000          1.4091          1.2603          2.0501          1.8872          2.8027        300.6892          0.0000     -36006.4684         21.4608

INFO:      18000          9.0000    -118082.0966    -135693.5960      17611.4994         12.5995       1509.5138       3717.6315        468.7964       4477.5762        250.4053       -201.1788       7156.0251    -117111.3471          5.5848          3.0284          0.0078          0.0901          0.0197          1.6033          0.8354          0.0000          1.3932          1.2613          2.0530          1.8798          2.6731        300.6279          0.0000     -35966.6033         18.5598

INFO:      18500          9.2500    -118098.0909    -135689.1935      17591.1025         12.6106       1506.3339       3774.1835        474.4432       4486.6201        276.9341       -207.7293       7384.6730    -117371.8522          3.2626          1.4985          0.0730          1.3837          0.0064          0.1245          0.1766          0.0000          1.4037          1.2107          2.0495          1.7863          2.7502        300.2797          0.0000     -36016.0624         22.0395

INFO:      19000          9.5000    -118024.9132    -135752.3606      17727.4474         12.5532       1498.3740       3757.1913        451.9806       4510.8578        272.6742       -195.3144       7375.5606    -117431.3657          3.6887          0.4564          1.0559          0.4107          0.1502          0.1786          1.4370          0.0000          1.4474          1.3156          2.0225          1.7823          2.6567        302.6071          0.0000     -35996.0076         14.2656

INFO:      19500          9.7500    -118062.7412    -135761.5470      17698.8058         12.6402       1547.5996       3721.9842        461.8725       4477.4863        263.3574       -194.1927       7298.6147    -117341.2583          5.1884          2.4292          0.9768          0.1783          0.0012          0.0749          1.5280          0.0000          1.4452          1.2542          2.0469          1.8225          2.7973        302.1182          0.0000     -36002.1990         13.3583

INFO:      20000         10.0000    -118081.1370    -135741.2143      17660.0774         12.5434       1513.5617       3711.0624        464.0228       4494.0368        271.0335       -205.6051       7102.6997    -117113.3567          5.3011          2.6351          0.4142          1.8400          0.0432          0.1757          0.1928          0.0000          1.4253          1.2003          2.0569          1.8309          2.7513        301.4571          0.0000     -35983.9704         18.5882

 
[STEP6] Deallocate Arrays
 
Output_Time> Averaged timer profile (Min, Max)
  total time      =    2859.089
    setup         =       7.259
    dynamics      =    2851.830
      energy      =    2666.001
      integrator  =      41.769
      pairlist    =     143.972 (     137.025,     160.500)
  energy           
    bond          =       0.481 (       0.471,       0.500)
    angle         =       2.749 (       2.717,       2.779)
    dihedral      =       6.674 (       6.358,       6.950)
    nonbond       =     801.249 (     785.160,     818.007)
      pme real    =     801.244 (     785.154,     818.002)
      pme recip   =       0.000 (       0.000,       0.000)
    solvation     =       0.000 (       0.000,       0.000)
      polar       =       0.000 (       0.000,       0.000)
      non-polar   =       0.000 (       0.000,       0.000)
    restraint     =       0.119 (       0.111,       0.127)
    qmmm          =    1807.166 (    1807.131,    1807.199)
  integrator       
    constraint    =      22.716 (      21.935,      23.396)
    update        =       0.000 (       0.000,       0.000)
    comm_coord    =       0.000 (       0.000,       0.000)
    comm_force    =       0.000 (       0.000,       0.000)
    comm_migrate  =       0.000 (       0.000,       0.000)

Note: The following floating-point exceptions are signalling:Note: The following floating-point exceptions are signalling: IEEE_OVERFLOW_FLAG IEEE_UNDERFLOW_FLAG IEEE_DENORMAL
 IEEE_OVERFLOW_FLAG IEEE_UNDERFLOW_FLAG IEEE_DENORMAL
Note: The following floating-point exceptions are signalling: IEEE_OVERFLOW_FLAG IEEE_UNDERFLOW_FLAG IEEE_DENORMAL
Note: The following floating-point exceptions are signalling: IEEE_OVERFLOW_FLAG IEEE_UNDERFLOW_FLAG IEEE_DENORMAL
