(10.2.13.46:0,1,2,3)

[0] MPI startup(): libfabric version: 1.7.2a-impi
[0] MPI startup(): libfabric provider: verbs;ofi_rxm
[0] MPI startup(): Rank    Pid      Node name  Pin cpu
[0] MPI startup(): 0       192276   bwmpc0270  {0,1,2,3,4,5,6,7,8,9}
[0] MPI startup(): 1       192277   bwmpc0270  {10,11,12,13,14,15,16,17,18,19}
[0] MPI startup(): 2       192278   bwmpc0270  {20,21,22,23,24,25,26,27,28,29}
[0] MPI startup(): 3       192279   bwmpc0270  {30,31,32,33,34,35,36,37,38,39}
[0] MPI startup(): I_MPI_ROOT=/bwfefs/opt/x86_64/intel/compilers_and_libraries_2019.5.281/linux/mpi
[0] MPI startup(): I_MPI_HYDRA_BOOTSTRAP_EXEC=/bin/pjrsh
[0] MPI startup(): I_MPI_HYDRA_BOOTSTRAP_AUTOFORK=0
[0] MPI startup(): I_MPI_HYDRA_TOPOLIB=hwloc
[0] MPI startup(): I_MPI_HYDRA_HOST_FILE=/bwfefs/home/kyagi/tim/tim5/b3lypD3.rpath1/3.equil1/.d0011452918_nodeinfo
[0] MPI startup(): I_MPI_PERHOST=4
[0] MPI startup(): I_MPI_PIN=1
[0] MPI startup(): I_MPI_PIN_RESPECT_HCA=0
[0] MPI startup(): I_MPI_INTERNAL_MEM_POLICY=default
[0] MPI startup(): I_MPI_DEBUG=5
****************************************************
*                                                  *
*                  GENESIS ATDYN                   *
*                                                  *
*        A Molecular Dynamics Simulator with       *
*            Atomic Decomposition Scheme           *
*                                                  *
*               Developed by RIKEN                 *
*                                                  *
****************************************************
 
[STEP0] Architecture and Compiler Information
 
GENESIS_Information> GENESIS Information
  version      = 1.6.0
  commit ID    = $GENESIS_VERSION$
  precision    = double
  nonbonding   = CPU

Build_Information> Compiler Information
  build host   = kyagi@bwmpc0837
  fortran      = GNU Fortran (GCC) 7.2.0
  option       = -O3 -ffast-math -march=native -ffree-line-length-none -fopenmp 
  C            = gcc (GCC) 7.2.0
  option       = -O3 -ffast-math -march=native -fopenmp
  defined var. =  -DMPI -DOMP -DFFTE -DLAPACK -DDSFMT_MEXP=19937 -D__GFORTRAN__
  link option  = -L/home/kyagi/local/lib -fopenmp -lmkl_scalapack_lp64 -lmkl_blacs_intelmpi_lp64 -lmkl_intel_lp64 -lmkl_intel_thread -lmkl_core -liomp5 -lpthread -lm 

Runtime_Information> Machine and Library Information
  date       = 2021/02/03 09:11:49
  cpu model    = Intel(R) Xeon(R) Gold 6148 CPU @ 2.40GHz
  exec. host   = kyagi@bwmpc0270
  LD library   = /home/kyagi/local/lib:/bwfefs/opt/x86_64/intel/compilers_and_libraries_2019.5.281/linux/compiler/lib/intel64_lin:/bwfefs/opt/x86_64/intel/compilers_and_libraries_2019.5.281/linux/mkl/lib/intel64_lin:/bwfefs/opt/x86_64/gcc/7.2.0/lib64:/bwfefs/opt/x86_64/gcc/7.2.0/lib:/bwfefs/opt/x86_64/intel/impi/2019.5.281/intel64/lib/release:/bwfefs/opt/x86_64/intel/impi/2019.5.281/intel64/lib:/bwfefs/opt/x86_64/intel/impi/2019.5.281/intel64/libfabric/lib:/bwfefs/opt/x86_64/intel/parallel_studio_xe_2019.5.075/compilers_and_libraries_2019//linux/compiler/lib/intel64:/bwfefs/opt/x86_64/intel/parallel_studio_xe_2019.5.075/compilers_and_libraries_2019//linux/compiler/lib/intel64_lin:/bwfefs/opt/x86_64/intel/parallel_studio_xe_2019.5.075/compilers_and_libraries_2019//linux/mpi/intel64/lib:/bwfefs/opt/x86_64/intel/parallel_studio_xe_2019.5.075/compilers_and_libraries_2019//linux/mpi/intel64/libfabric/lib:/bwfefs/opt/x86_64/intel/parallel_studio_xe_2019.5.075/compilers_and_libraries_2019//linux/ipp/lib/intel64:/bwfefs/opt/x86_64/intel/parallel_studio_xe_2019.5.075/compilers_and_libraries_2019//linux/compiler/lib/intel64:/bwfefs/opt/x86_64/intel/parallel_studio_xe_2019.5.075/compilers_and_libraries_2019//linux/mkl/lib/intel64:/bwfefs/opt/x86_64/intel/parallel_studio_xe_2019.5.075/compilers_and_libraries_2019//linux/tbb/lib/intel64/gcc4.7:/bwfefs/opt/x86_64/intel/debugger_2019/iga/lib:/bwfefs/opt/x86_64/intel/debugger_2019/libipt/intel64/lib:/bwfefs/opt/x86_64/intel/parallel_studio_xe_2019.5.075/comp

[STEP1] Read Control Parameters
 
Read_Ctrl_Input> Input Files
  topfile = toppar/top_all36_prot.rtf, toppar/top_all36_cgenff.rtf
  parfile = toppar/par_all36_prot.prm, toppar/par_all36_cgenff.prm
  strfile = toppar/toppar_water_ions.str, toppar/toppar_dhap.3.str
  psffile = ../../2.equil/step4_nvt_100.psf
  pdbfile = ../../2.equil/step4_nvt_100.pdb
  rstfile = equil1_1.rst
  reffile = ../../2.equil/step4_nvt_100.pdb
 
Read_Ctrl_Output> Output Files
  dcdfile    = equil1_2.dcd
  rstfile    = equil1_2.rst
 
Read_Ctrl_Energy> Parameters of Energy Calculations
  forcefield      =     CHARMM
  switchdist      =     16.000  cutoffdist      =     18.000
  pairlistdist    =     19.500  dielec_const    =      1.000
  vdW force_switch=        yes
  electrostatic   =  CUTOFF
  implicit_solvent=       none
  table_order     =          3
  table_density   =     20.000
  water_model     =       NONE
  output_style    =    GENESIS
  dispersion_corr =       none
  nonb_limiter    =      no
 
Read_Ctrl_Dynamics> Parameters of MD simulation
  integrator      =       VVER  nsteps          =      20000
  timestep        =     0.0005  initial_time    =     0.0000
  eneout_period   =        500  rstout_period   =        500
  crdout_period   =        500  velout_period   =          0
  nbupdate_period =         10  stoptr_period   =         10
  iseed           =   20190319
  annealing       =         no
  verbose         =         no
  target_md       =         no
  steered_md      =         no
  esp_mm          =         no
 
Read_Ctrl_Constraints> Parameters for Constraints
  rigid_bond      =        yes
  shake_iteration =        500  shake_tolerance =  0.100E-09
  fast_water      =        yes  water_model     =       TIP3
  hydrogen_type   =  name|mass
  noshake_index   = 4  11  12  13
  fixatm_select_index        =       none
 
Read_Ctrl_Ensemble> Parameters for Ensemble
  ensemble        =        NVT
  temperature     =    300.000
  tpcontrol       =      BUSSI
  tau_t           =      5.000
 
Read_Ctrl_Boundary> Parameters of Boundary Condition
  type            =       NOBC
  spherical_pot   =        yes  restart         =          T
  center_info     =       read  modify_ratio    =      1.000
  constant        =     10.000  exponent        =          2
  fixatom         =          T  fix_layer       =      1.000
 
Read_Ctrl_Selection> Parameters of Selection
  # of groups     =         13
    group 1 = sid:DHA or (sid:TIMA and (rno:95 or rno:165) and          not (an:CA  | an:C   | an:O   | an:N | an:HN | an:HA))
    group 2 = atomno:1900 or atomno:5687
    group 3 = atomno:1442
    group 4 = atomno:1443
    group 5 = atomno:2559
    group 6 = atomno:2560
    group 7 = atomno:7583
    group 8 = atomno:7584
    group 9 = atomno:7585
    group 10 = atomno:7586
    group 11 = atomno:7587
    group 12 = atomno:7588
    group 13 = atomno:7589
  # of mole names =          0
 
Read_Ctrl_Restraints> Parameters of Restraint
  numfunc         =   6
  function1 = POSI     
    direction     = ALL 
    constant      = 10.0
    reference     = 
    select_index  = 2
    mode          =   0
    exponent      =   2
    exponent_dist = 
    weight_dist   = 

  function2 = DIST     
    constant      = 300.0
    reference     = 2.4308
    select_index  = 6  12
    mode          =   0
    exponent      =   2
    exponent_dist = 
    weight_dist   = 

  function3 = DIST     
    constant      = 300.0
    reference     = 1.0968
    select_index  = 9  12
    mode          =   0
    exponent      =   2
    exponent_dist = 
    weight_dist   = 

  function4 = DIST     
    constant      = 300.0
    reference     = 1.7863
    select_index  = 5  11
    mode          =   0
    exponent      =   2
    exponent_dist = 
    weight_dist   = 

  function5 = DIST     
    constant      = 300.0
    reference     = 1.8618
    select_index  = 8   4
    mode          =   0
    exponent      =   2
    exponent_dist = 
    weight_dist   = 

  function6 = DIST     
    constant      = 300.0
    reference     = 2.7611
    select_index  = 3  11
    mode          =   0
    exponent      =   2
    exponent_dist = 
    weight_dist   = 

  pressure_position   = NO
  pressure_rmsd     = NO

Read_Ctrl_Fitting_MD> Parameters of Fitting
  fitting method  =  TR+ROT   
  fitting atom    = group1
  mass_weight     =         no
 
Read_Ctrl_QMMM> Parameters of QM/MM
  qmtyp              = qsimulate
  qmcnt              = qsimulate.json
  qmexe              = 
  workdir            = equil1_2
  savedir            = none
  basename           = job
  qmsave_period      = 500
  qmmaxtrial         = 1
  qmatm_select_index = 1
  exclude_charge     = GROUP
 
[STEP2] Setup MPI
 
Setup_Mpi_Md> Summary of Setup MPI
  number of MPI processes   =          4
  number of OpenMP threads  =         10
  total number of CPU cores =         40

[STEP3] Set Relevant Variables and Structures
 
Input_Top> Summary of Topfile
  num_atom_class  =        212  num_resi_type   =        685
 
Input_Par> Summary of Parfile
  num_bonds       =        658  num_angles      =       2003
  num_dihedrals   =       4838  num_impropers   =        163
  num_atom_cls    =        212  num_nbfix       =         75
  num_cmap_terms  =          6
 
Input_Str> Summary of Top information
  num_atom_class  =        227  num_resi_type   =        700
 
Input_Str> Summary of Par information
  num_bonds       =        663  num_angles      =       2006
  num_dihedrals   =       4850  num_impropers   =        163
  num_atom_cls    =        227  num_nbfix       =         90
  num_cmap_terms  =          6
 
Read_Psf> Summary of Psffile
  psftype         =      xplor
  num_atoms       =      37226  num_bonds       =      37288
  num_angles      =      23768  num_dihedrals   =      20268
  num_impropers   =       1292  num_cmap_terms  =        494
  num_HB_donors   =      20596  num_HB_acceptors=      10610
  num_NB_exclusion=          0  num_groups      =      12168
  total_charge    =    -10.000
 
Check_Pdb> 6-column residue sequence number
 
Read_Pdb> Summary of Data in PDB file
  num_atoms       =      37226
 
Read_Rst_Binary> Summary of RST file
  num_atoms       =      37226  iseed           =   20190319
  boxsize (x,y,z) =      0.000     0.000     0.000
  spherical_pot     =      yes
  nfunctions                 2  num_fixatm              9645
  num_of_qm_charge          35

Define_Molecule> Summary of molecules
  num_atoms       =      37226  num_bonds       =      37288
  num_angles      =      23768  num_dihedrals   =      20268
  num_impropers   =       1292  num_cmap_terms  =        494
  num_residues    =      10370  num_molecules   =       9878
  num_segments    =          6  num_deg_freedom =     111678
  total_charge    =    -10.000
 
Setup_Boundary> Setup Variables for Boundary Condition
  origin(x,y,z)   =      0.000     0.000     0.000
  nfunctions      =        2
    center(x,y,z) =     17.000     0.000     0.000
    radius        =     35.000
    constant      =     10.000
    exponent      =          2
    center(x,y,z) =    -17.000     0.000     0.000
    radius        =     35.000
    constant      =     10.000
    exponent      =          2

  num_fixatm      =     9645

 
Random_Init> Initialize the random number
  seed            = 20190319

Setup_QMMM> Setup QM region
  QM assignment info
  1435 TIMA     95 HSE    CB   CT2    assigned to QM atom    1 of element: C     6
  1436 TIMA     95 HSE    HB1  HA2    assigned to QM atom    2 of element: H     1
  1437 TIMA     95 HSE    HB2  HA2    assigned to QM atom    3 of element: H     1
  1438 TIMA     95 HSE    ND1  NR2    assigned to QM atom    4 of element: N     7
  1439 TIMA     95 HSE    CG   CPH1   assigned to QM atom    5 of element: C     6
  1440 TIMA     95 HSE    CE1  CPH2   assigned to QM atom    6 of element: C     6
  1441 TIMA     95 HSE    HE1  HR1    assigned to QM atom    7 of element: H     1
  1442 TIMA     95 HSE    NE2  NR1    assigned to QM atom    8 of element: N     7
  1443 TIMA     95 HSE    HE2  H      assigned to QM atom    9 of element: H     1
  1444 TIMA     95 HSE    CD2  CPH1   assigned to QM atom   10 of element: C     6
  1445 TIMA     95 HSE    HD2  HR3    assigned to QM atom   11 of element: H     1
  2552 TIMA    165 GLU    CB   CT2A   assigned to QM atom   12 of element: C     6
  2553 TIMA    165 GLU    HB1  HA2    assigned to QM atom   13 of element: H     1
  2554 TIMA    165 GLU    HB2  HA2    assigned to QM atom   14 of element: H     1
  2555 TIMA    165 GLU    CG   CT2    assigned to QM atom   15 of element: C     6
  2556 TIMA    165 GLU    HG1  HA2    assigned to QM atom   16 of element: H     1
  2557 TIMA    165 GLU    HG2  HA2    assigned to QM atom   17 of element: H     1
  2558 TIMA    165 GLU    CD   CC     assigned to QM atom   18 of element: C     6
  2559 TIMA    165 GLU    OE1  OC     assigned to QM atom   19 of element: O     8
  2560 TIMA    165 GLU    OE2  OC     assigned to QM atom   20 of element: O     8
  7575 DHA     249 DHAP   P    PG2    assigned to QM atom   21 of element: P    15
  7576 DHA     249 DHAP   O1P  OG303  assigned to QM atom   22 of element: O     8
  7577 DHA     249 DHAP   O2P  OG2P1  assigned to QM atom   23 of element: O     8
  7578 DHA     249 DHAP   O3P  OG2P1  assigned to QM atom   24 of element: O     8
  7579 DHA     249 DHAP   O4P  OG2P1  assigned to QM atom   25 of element: O     8
  7580 DHA     249 DHAP   C1   CG321  assigned to QM atom   26 of element: C     6
  7581 DHA     249 DHAP   H11  HGA2   assigned to QM atom   27 of element: H     1
  7582 DHA     249 DHAP   H12  HGA2   assigned to QM atom   28 of element: H     1
  7583 DHA     249 DHAP   C2   CG2O5  assigned to QM atom   29 of element: C     6
  7584 DHA     249 DHAP   O2   OG2D3  assigned to QM atom   30 of element: O     8
  7585 DHA     249 DHAP   C3   CG321  assigned to QM atom   31 of element: C     6
  7586 DHA     249 DHAP   O3   OG311  assigned to QM atom   32 of element: O     8
  7587 DHA     249 DHAP   HO3  HGP1   assigned to QM atom   33 of element: H     1
  7588 DHA     249 DHAP   H31  HGA2   assigned to QM atom   34 of element: H     1
  7589 DHA     249 DHAP   H32  HGA2   assigned to QM atom   35 of element: H     1
  number of QM atoms = 35
 
  QM charges retreived from rstfile.
 

Generate_LinkAtoms> QM-MM interface info. Link hydrogen is set between:
              [ QM atom ]             -             [ MM atom ]
  1435 TIMA     95 HSE    CB   CT2    -   1433 TIMA     95 HSE    CA   CT1   
                                          1431 TIMA     95 HSE    N    NH1    excluded
                                          1432 TIMA     95 HSE    HN   H      excluded
                                          1434 TIMA     95 HSE    HA   HB1    excluded
  2552 TIMA    165 GLU    CB   CT2A   -   2550 TIMA    165 GLU    CA   CT1   
                                          2548 TIMA    165 GLU    N    NH1    excluded
                                          2549 TIMA    165 GLU    HN   H      excluded
                                          2551 TIMA    165 GLU    HA   HB1    excluded

  number of link atoms           = 2
  number of external MM charges  = 37183


  Check the input file for QSimulate [ qsimulate.json ]
Setup_Enefunc_Cmap_Par> Natural spline is used to derive cmap coefs.

Setup_Enefunc_Table> Setup Variables for LookupTable
  num_solutes     =      37226  num_waters      =          0

Setup_Enefunc_Restraint> Setup restraint groups
 group =     1, "sid:DHA or (sid:TIMA and (rno:95 or rno:165) and          not (an:CA  | an:C   | an:O   | an:N | an:HN | an:HA))"
 # of atoms =    35
 atomlist: 
   1435   1436   1437   1438   1439   1440   1441   1442   1443   1444
   1445   2552   2553   2554   2555   2556   2557   2558   2559   2560
   7575   7576   7577   7578   7579   7580   7581   7582   7583   7584
   7585   7586   7587   7588   7589
 group =     2, "atomno:1900 or atomno:5687"
 # of atoms =     2
 atomlist: 
   1900   5687
 group =     3, "atomno:1442"
 # of atoms =     1
 atomlist: 
   1442
 group =     4, "atomno:1443"
 # of atoms =     1
 atomlist: 
   1443
 group =     5, "atomno:2559"
 # of atoms =     1
 atomlist: 
   2559
 group =     6, "atomno:2560"
 # of atoms =     1
 atomlist: 
   2560
 group =     7, "atomno:7583"
 # of atoms =     1
 atomlist: 
   7583
 group =     8, "atomno:7584"
 # of atoms =     1
 atomlist: 
   7584
 group =     9, "atomno:7585"
 # of atoms =     1
 atomlist: 
   7585
 group =    10, "atomno:7586"
 # of atoms =     1
 atomlist: 
   7586
 group =    11, "atomno:7587"
 # of atoms =     1
 atomlist: 
   7587
 group =    12, "atomno:7588"
 # of atoms =     1
 atomlist: 
   7588
 group =    13, "atomno:7589"
 # of atoms =     1
 atomlist: 
   7589
Setup_Enefunc_Restraint> Setup restraint functions
 func  =     1 kind  =     1
 const(total, x, y, z) =   10.000   1.000   1.000   1.000
 exponend of function =     2
 # of groups  =     1
 grouplist:   2

 func  =     2 kind  =     2
 const             =  300.000
 ref               =    2.431
 exponend of function =     2
 # of distances  =     1
 distancelist: 
 group = (  6, 12) weight =    1.000 exponent =     1

 func  =     3 kind  =     2
 const             =  300.000
 ref               =    1.097
 exponend of function =     2
 # of distances  =     1
 distancelist: 
 group = (  9, 12) weight =    1.000 exponent =     1

 func  =     4 kind  =     2
 const             =  300.000
 ref               =    1.786
 exponend of function =     2
 # of distances  =     1
 distancelist: 
 group = (  5, 11) weight =    1.000 exponent =     1

 func  =     5 kind  =     2
 const             =  300.000
 ref               =    1.862
 exponend of function =     2
 # of distances  =     1
 distancelist: 
 group = (  8,  4) weight =    1.000 exponent =     1

 func  =     6 kind  =     2
 const             =  300.000
 ref               =    2.761
 exponend of function =     2
 # of distances  =     1
 distancelist: 
 group = (  3, 11) weight =    1.000 exponent =     1

Define_Enefunc_CHARMM> Number of Interactions in Each Term
  bond_ene        =      37255  angle_ene       =      23717
  urey_ene        =       6639
  torsion_ene     =      23862  improper_ene    =       1285
  cmap_ene        =        494
  restraint_groups=         13  restraint_funcs =          6
 
Setup_Fitting_Atdyn> NO fitting is applied, skip
  fitting method  =  NO

Update_Num_Deg_Freedom> Number of degrees of freedom was updated
  num_deg_freedom =      82743 (After setup of fixed atoms at boundary)
 
Remove_Fixatm> Modified Interactions
  bond_ene        =      27610  angle_ene       =      20502
  urey_ene        =       6639
  torsion_ene     =      23862  improper_ene    =       1285
 
Setup_Constraints> The following atoms are excluded from SHAKE:
    1443    7587    7588    7589
Setup_Settle> Setup constraints for SETTLE
  num_unconsbonds =       7633      num_Settle  =       6659
  r0(O-H)         =     0.9572  mass(O)         =    15.9994
  r0(H-H)         =     1.5139  mass(H)         =     1.0080
 
Setup_Shake> Setup constrains for SHAKE and RATTLE
  num_unconsbonds =       3837  num_rigid_bonds =       3796
 
  num_qm_rigid_bonds =         10
 
Update_Num_Deg_Freedom> Number of degrees of freedom was updated
  num_deg_freedom =      62766 (After setup of SETTLE)
 
Update_Num_Deg_Freedom> Number of degrees of freedom was updated
  num_deg_freedom =      58960 (After setup of SHAKE/RATTLE)
 
[STEP4] Compute Single Point Energy for Molecules
 
            STEP            BOND           ANGLE    UREY-BRADLEY        DIHEDRAL        IMPROPER            CMAP         VDWAALS           ELECT    RESTRAINT001    RESTRAINT002    RESTRAINT003    RESTRAINT004    RESTRAINT005    RESTRAINT006    RESTR_CVS001    RESTR_CVS002    RESTR_CVS003    RESTR_CVS004    RESTR_CVS005    RESTR_CVS006              QM            SPOT
 --------------- --------------- --------------- --------------- ---------------
               0       1529.0264       3765.2020        471.6572       4470.0006        256.5258       -180.7776       7018.6580    -116752.1101          2.1042          0.5854          0.0460          2.0698          0.0008          0.0052          0.0000          2.4750          1.0844          1.7032          1.8601          2.7653     -36026.0985         21.8969

[STEP5] Perform Molecular Dynamics Simulation
 
INFO:       STEP            TIME       TOTAL_ENE   POTENTIAL_ENE     KINETIC_ENE            RMSG            BOND           ANGLE    UREY-BRADLEY        DIHEDRAL        IMPROPER            CMAP         VDWAALS           ELECT RESTRAINT_TOTAL    RESTRAINT001    RESTRAINT002    RESTRAINT003    RESTRAINT004    RESTRAINT005    RESTRAINT006    RESTR_CVS001    RESTR_CVS002    RESTR_CVS003    RESTR_CVS004    RESTR_CVS005    RESTR_CVS006     TEMPERATURE          VOLUME              QM            SPOT
 --------------- --------------- --------------- --------------- ---------------
INFO:        500          0.2500    -117872.6996    -135629.6228      17756.9233         12.5911       1517.9991       3694.5979        471.5378       4483.9060        255.7865       -175.8302       7137.7285    -117012.1841          2.8060          1.8466          0.0531          0.0182          0.1833          0.7045          0.0003          0.0000          2.4175          1.0890          1.7616          1.8133          2.7621        303.1103          0.0000     -36005.9702         20.0631

INFO:       1000          0.5000    -117873.8849    -135620.1141      17746.2292         12.5509       1496.8890       3784.6968        456.6607       4465.0548        245.3350       -199.4573       7185.6982    -117010.1113          2.8836          1.4840          0.0124          0.0678          0.0673          1.2126          0.0395          0.0000          2.4372          1.1118          1.8013          1.9254          2.7496        302.9277          0.0000     -36047.7634          8.9580

INFO:       1500          0.7500    -117921.9169    -135573.5327      17651.6158         12.5283       1473.9091       3747.0871        456.8378       4463.4540        269.5953       -180.1885       7080.4058    -116882.3952          4.6075          3.1275          0.4659          0.3441          0.0073          0.5062          0.1565          0.0000          2.3914          1.0629          1.7912          1.9029          2.7383        301.3127          0.0000     -36006.8456         21.3300

INFO:       2000          1.0000    -117929.8536    -135640.7615      17710.9079         12.6215       1487.9328       3775.1659        467.0121       4480.5851        261.8592       -172.4621       7357.7095    -117282.3445          4.6485          2.4221          0.7510          0.1884          0.5011          0.7845          0.0014          0.0000          2.3808          1.1219          1.8272          1.9129          2.7589        302.3248          0.0000     -36020.8680         19.5965

INFO:       2500          1.2500    -117900.6000    -135647.2288      17746.6288         12.5579       1481.8287       3725.1750        457.9126       4501.7436        256.7738       -186.5062       7392.0590    -117245.2237          2.4787          1.8041          0.0003          0.0044          0.0858          0.1563          0.4277          0.0000          2.4297          1.0930          1.8032          1.8846          2.7989        302.9345          0.0000     -36033.4703         18.2151

INFO:       3000          1.5000    -117902.8874    -135575.4848      17672.5974         12.5311       1471.9980       3775.1986        465.4598       4491.5214        254.4556       -180.2408       7207.9129    -117038.9757          3.8729          1.9167          0.4523          0.0662          0.6569          0.5263          0.2546          0.0000          2.3920          1.1117          1.8331          1.9037          2.7320        301.6708          0.0000     -36026.6874         13.0739

INFO:       3500          1.7500    -117906.8951    -135597.9547      17691.0596         12.6049       1473.0208       3717.6830        453.7273       4488.0894        276.5950       -193.3584       7264.0570    -117038.4042          4.6740          3.6889          0.5545          0.1066          0.3092          0.0148          0.0000          0.0000          2.3878          1.0780          1.8184          1.8548          2.7609        301.9860          0.0000     -36044.0388         17.7307

INFO:       4000          2.0000    -117898.2549    -135657.4457      17759.1908         12.5274       1434.4419       3717.8794        453.1018       4515.2176        250.5314       -192.3206       7252.2828    -117051.9350          5.5265          4.8795          0.2611          0.0833          0.0906          0.1284          0.0837          0.0000          2.4013          1.1135          1.8037          1.8825          2.7778        303.1490          0.0000     -36042.1716         17.0512

INFO:       4500          2.2500    -117885.5470    -135632.1605      17746.6136         12.5608       1459.8485       3687.6866        463.4184       4487.3956        261.4400       -194.3700       7274.3496    -117034.8894          2.3324          0.7611          0.7187          0.0877          0.0386          0.7102          0.0160          0.0000          2.4797          1.0797          1.7749          1.9105          2.7538        302.9343          0.0000     -36039.3722          8.7632

INFO:       5000          2.5000    -117907.9867    -135567.8069      17659.8202         12.5187       1443.7861       3680.9515        467.4651       4494.9286        289.3085       -202.5567       7017.4756    -116744.6778          3.1850          2.3153          0.0344          0.1401          0.0154          0.0182          0.6616          0.0000          2.4201          1.1184          1.7791          1.8540          2.8081        301.4527          0.0000     -36017.6728         14.3002

INFO:       5500          2.7500    -117949.5047    -135639.3085      17689.8039         12.5922       1521.8485       3731.4622        457.3209       4490.3243        282.6917       -164.4617       7008.4253    -116950.0033          7.6499          6.3769          0.0232          0.0620          0.0731          1.0240          0.0908          0.0000          2.4220          1.0824          1.8019          1.9202          2.7785        301.9645          0.0000     -36024.5664         11.4298

INFO:       6000          3.0000    -117963.6141    -135694.1277      17730.5136         12.5688       1475.1620       3649.5198        459.8212       4522.5325        258.1205       -184.6842       7173.5443    -116989.9367          4.7123          3.9257          0.0606          0.1576          0.0192          0.4450          0.1043          0.0000          2.4166          1.1197          1.7943          1.8233          2.7425        302.6594          0.0000     -36062.9194         14.9188

INFO:       6500          3.2500    -117980.5972    -135638.6170      17658.0199         12.6324       1491.8478       3734.2038        470.1766       4496.5807        269.9713       -202.5655       7281.1548    -117172.5438          4.9944          4.8801          0.0079          0.0420          0.0468          0.0147          0.0028          0.0000          2.4257          1.0850          1.7988          1.8688          2.7641        301.4220          0.0000     -36012.4371         13.9724

INFO:       7000          3.5000    -117948.2436    -135523.4849      17575.2413         12.6038       1514.8558       3759.0591        461.6788       4498.5383        281.3825       -178.0080       7183.1732    -117027.0238          5.5118          4.5016          0.1026          0.1362          0.0145          0.7394          0.0175          0.0000          2.4123          1.1181          1.7933          1.9114          2.7687        300.0089          0.0000     -36022.6527         13.2463

INFO:       7500          3.7500    -117924.1752    -135580.7782      17656.6030         12.6033       1460.0533       3806.2780        464.3668       4529.5171        256.0179       -176.5093       7102.1058    -116986.0983          3.3058          2.7434          0.0294          0.0073          0.0621          0.0001          0.4635          0.0000          2.4407          1.0919          1.8007          1.8611          2.8004        301.3978          0.0000     -36039.8153         15.9328

INFO:       8000          4.0000    -117966.9853    -135679.1005      17712.1152         12.5984       1517.7529       3677.4154        473.4034       4495.2222        263.9727       -190.2729       7199.5400    -117087.0353          7.0002          6.4341          0.2429          0.1792          0.0016          0.1418          0.0006          0.0000          2.4023          1.1212          1.7840          1.8835          2.7597        302.3454          0.0000     -36036.0989         10.6045

INFO:       8500          4.2500    -117961.7996    -135631.8748      17670.0752         12.5746       1489.0025       3706.4566        467.2932       4516.6224        262.0321       -197.6416       7279.3798    -117162.7552          5.1414          4.5975          0.0135          0.0348          0.0070          0.3408          0.1478          0.0000          2.4375          1.1076          1.7911          1.8955          2.7389        301.6278          0.0000     -35997.4059         15.5429

INFO:       9000          4.5000    -117971.2041    -135702.1912      17730.9871         12.5517       1513.6809       3715.5488        464.0323       4494.8554        249.5857       -216.7834       7057.8603    -116981.2543          4.0545          2.9983          0.0529          0.0045          0.6050          0.1467          0.2471          0.0000          2.4175          1.0929          1.8312          1.8397          2.7898        302.6675          0.0000     -36003.7715         12.7904

INFO:       9500          4.7500    -117963.4079    -135555.4468      17592.0389         12.5751       1455.7131       3743.8054        451.4766       4508.1479        284.8872       -180.5620       7164.6703    -116964.9216          5.8264          4.6933          0.2560          0.0205          0.4548          0.0549          0.3468          0.0000          2.4600          1.1051          1.8252          1.8753          2.7951        300.2957          0.0000     -36024.4900         15.2826

INFO:      10000          5.0000    -117969.4224    -135821.6430      17852.2206         12.5686       1493.0014       3687.6216        459.6618       4477.6731        252.3212       -203.9771       7105.3358    -117090.4849          4.0792          2.7027          0.0038          0.0734          0.0001          0.9201          0.3791          0.0000          2.4343          1.1124          1.7868          1.9172          2.7255        304.7370          0.0000     -36006.8752         14.2948

INFO:      10500          5.2500    -117906.8712    -135607.8494      17700.9781         12.6607       1523.0972       3704.0384        463.3025       4525.8711        260.1755       -197.2067       7382.0589    -117268.8151          2.4473          2.3191          0.0658          0.0176          0.0366          0.0012          0.0070          0.0000          2.4160          1.0891          1.7753          1.8638          2.7563        302.1553          0.0000     -36002.8185         11.4368

INFO:      11000          5.5000    -117901.2236    -135569.7524      17668.5288         12.5453       1461.5438       3699.6790        464.6274       4563.6103        284.6875       -200.5311       7034.9233    -116879.9325          2.9499          1.7051          0.1928          0.0008          0.0191          0.0251          1.0070          0.0000          2.4561          1.0984          1.7783          1.8526          2.7032        301.6014          0.0000     -36001.3100         14.3714

INFO:      11500          5.7500    -117864.6017    -135491.7788      17627.1772         12.6340       1451.5528       3782.5189        465.7658       4505.1068        269.2270       -199.3315       7174.2091    -116957.3556          3.4544          2.1206          0.6872          0.0745          0.0005          0.3722          0.1994          0.0000          2.4787          1.0810          1.7850          1.8970          2.7869        300.8955          0.0000     -35986.9267         13.8131

INFO:      12000          6.0000    -117817.1778    -135517.7121      17700.5344         12.6304       1506.0406       3756.0624        465.4409       4491.8841        275.8631       -197.4607       7146.4351    -116959.0127          3.0506          1.6401          0.1718          0.1144          0.2160          0.7093          0.1989          0.0000          2.4069          1.1163          1.8131          1.9104          2.7869        302.1477          0.0000     -36006.0156         10.2539

INFO:      12500          6.2500    -117784.1761    -135505.1221      17720.9460         12.5956       1544.7365       3828.2357        472.8547       4493.9229        276.1403       -211.6021       6994.9816    -116879.5003          1.0508          0.4528          0.0054          0.1733          0.0001          0.1230          0.2962          0.0000          2.4265          1.0728          1.7868          1.8820          2.7297        302.4961          0.0000     -36025.9422         13.7496

INFO:      13000          6.5000    -117795.5724    -135387.2001      17591.6277         12.6634       1572.1407       3721.4523        470.3268       4515.4978        292.8721       -202.7048       7140.0819    -116889.6589          2.9021          1.9175          0.1604          0.5011          0.0113          0.1613          0.1505          0.0000          2.4539          1.1377          1.7802          1.8850          2.7835        300.2887          0.0000     -36010.1101         12.4312

INFO:      13500          6.7500    -117855.9195    -135638.3875      17782.4680         12.5774       1505.2857       3735.8795        476.4501       4498.0143        273.1089       -198.5758       7104.5384    -117046.4750          5.6113          2.2314          0.1324          0.4672          0.0002          1.7393          1.0408          0.0000          2.4518          1.0573          1.7854          1.9379          2.8200        303.5463          0.0000     -35992.2247         14.3609

INFO:      14000          7.0000    -117904.6993    -135555.9993      17651.3000         12.5745       1504.6576       3699.5078        464.7661       4510.7742        276.0048       -191.3263       7196.9423    -117026.4050          5.8442          2.9862          0.0740          0.5012          0.1033          1.8292          0.3504          0.0000          2.4151          1.1377          1.8049          1.9399          2.7953        301.3073          0.0000     -35996.7650         14.2788

INFO:      14500          7.2500    -117936.6312    -135467.0019      17530.3708         12.5960       1505.6588       3767.8989        454.9516       4498.7569        267.1297       -185.7200       7028.6331    -116826.0256          2.3208          1.4695          0.3199          0.2074          0.2365          0.0855          0.0020          0.0000          2.4635          1.0705          1.8144          1.8449          2.7585        299.2430          0.0000     -35980.6061         14.4909

INFO:      15000          7.5000    -117914.3117    -135680.7151      17766.4034         12.6069       1503.8350       3730.9739        482.9005       4459.7151        260.6212       -193.1288       7176.0686    -117097.8317          3.5853          3.1753          0.1555          0.0254          0.1804          0.0336          0.0150          0.0000          2.4536          1.1060          1.7618          1.8512          2.7682        303.2721          0.0000     -36007.4542         19.9745

INFO:      15500          7.7500    -117963.1373    -135723.4734      17760.3362         12.5960       1480.5831       3722.7567        454.6155       4518.6819        270.4535       -191.0535       7316.3261    -117290.1870          3.4923          2.8550          0.0147          0.0007          0.0992          0.4640          0.0588          0.0000          2.4238          1.0953          1.8045          1.8225          2.7751        303.1685          0.0000     -36009.1421         20.2252

INFO:      16000          8.0000    -117952.9329    -135453.4123      17500.4794         12.6650       1504.4656       3724.7323        469.9884       4517.3632        261.0047       -209.7660       7407.1394    -117136.9891          3.3647          2.3088          0.0392          0.1349          0.0194          0.8607          0.0017          0.0000          2.4194          1.1180          1.7943          1.9154          2.7587        298.7328          0.0000     -35994.7157          7.9624

INFO:      16500          8.2500    -117932.4182    -135745.5772      17813.1590         12.5791       1450.9673       3721.6003        462.6477       4504.2875        277.2079       -178.8109       7156.7557    -117135.0626          2.8679          1.7400          0.6813          0.0472          0.0131          0.2290          0.1572          0.0000          2.4785          1.0843          1.7929          1.8894          2.7840        304.0702          0.0000     -36008.0381         22.9590

INFO:      17000          8.5000    -117931.4393    -135458.5476      17527.1083         12.5837       1470.6332       3781.3104        473.3645       4541.5547        284.0738       -185.6795       7286.8338    -117100.8420          4.1956          2.7008          0.2253          0.1893          0.4940          0.0255          0.5607          0.0000          2.4034          1.1219          1.7457          1.8526          2.7179        299.1873          0.0000     -36013.9920         12.7904

INFO:      17500          8.7500    -117914.5523    -135552.1144      17637.5621         12.5413       1445.5755       3756.9139        448.9476       4495.6163        269.2262       -186.3101       7167.7826    -116921.2515          2.8284          1.7517          0.3290          0.1191          0.0757          0.1348          0.4181          0.0000          2.4639          1.0769          1.8022          1.8830          2.7238        301.0728          0.0000     -36031.4434         12.5594

INFO:      18000          9.0000    -117944.1192    -135518.2723      17574.1531         12.6495       1508.8899       3764.7307        460.0327       4458.0326        249.9902       -196.3592       7171.0535    -116909.9107          2.8541          1.8563          0.2040          0.1956          0.0295          0.5276          0.0410          0.0000          2.4569          1.1223          1.7962          1.9037          2.7728        299.9904          0.0000     -36027.5861         17.9129

INFO:      18500          9.2500    -117959.5252    -135651.1158      17691.5907         12.6642       1527.1438       3758.9861        468.5844       4470.5856        270.1364       -205.7436       7213.1251    -117126.6414          4.1775          1.7075          0.6583          0.1795          0.0233          0.6053          1.0036          0.0000          2.4776          1.0723          1.7951          1.8169          2.7033        301.9950          0.0000     -36031.4698         14.9775

INFO:      19000          9.5000    -117899.0534    -135623.5141      17724.4607         12.5676       1499.4425       3723.1834        459.4261       4466.6332        248.7966       -175.5143       7219.1637    -117028.5257          3.9008          2.9236          0.2209          0.4874          0.0154          0.1931          0.0604          0.0000          2.4579          1.1371          1.7791          1.8364          2.7753        302.5561          0.0000     -36040.0204         17.4336

INFO:      19500          9.7500    -117931.8623    -135524.6764      17592.8141         12.5817       1495.0325       3801.3350        481.4734       4527.4303        265.4054       -201.4031       7023.0233    -116927.7152          1.5617          0.5115          0.0005          0.1563          0.0412          0.5327          0.3196          0.0000          2.4321          1.0740          1.7746          1.8197          2.7285        300.3089          0.0000     -35990.8197         14.1588

INFO:      20000         10.0000    -117951.1885    -135445.7650      17494.5766         12.6015       1529.2913       3790.8667        480.8156       4465.9951        255.0373       -170.0118       7006.1730    -116768.7925          2.1643          1.6729          0.0029          0.0170          0.2089          0.2334          0.0293          0.0000          2.4277          1.1043          1.8127          1.8897          2.7710        298.6320          0.0000     -36037.3041         22.0381

 
[STEP6] Deallocate Arrays
 
Output_Time> Averaged timer profile (Min, Max)
  total time      =    2629.101
    setup         =       5.315
    dynamics      =    2623.786
      energy      =    2437.802
      integrator  =      41.797
      pairlist    =     144.152 (     138.305,     160.626)
  energy           
    bond          =       0.478 (       0.465,       0.499)
    angle         =       2.766 (       2.729,       2.836)
    dihedral      =       6.686 (       6.368,       6.975)
    nonbond       =     802.289 (     789.810,     818.416)
      pme real    =     802.284 (     789.805,     818.412)
      pme recip   =       0.000 (       0.000,       0.000)
    solvation     =       0.000 (       0.000,       0.000)
      polar       =       0.000 (       0.000,       0.000)
      non-polar   =       0.000 (       0.000,       0.000)
    restraint     =       0.123 (       0.114,       0.132)
    qmmm          =    1578.598 (    1578.539,    1578.640)
  integrator       
    constraint    =      22.778 (      22.185,      23.396)
    update        =       0.000 (       0.000,       0.000)
    comm_coord    =       0.000 (       0.000,       0.000)
    comm_force    =       0.000 (       0.000,       0.000)
    comm_migrate  =       0.000 (       0.000,       0.000)

Note: The following floating-point exceptions are signalling:Note: The following floating-point exceptions are signalling: IEEE_OVERFLOW_FLAG IEEE_UNDERFLOW_FLAG IEEE_DENORMAL
Note: The following floating-point exceptions are signalling: IEEE_OVERFLOW_FLAG IEEE_UNDERFLOW_FLAG IEEE_DENORMAL
 IEEE_OVERFLOW_FLAG IEEE_UNDERFLOW_FLAG IEEE_DENORMAL
Note: The following floating-point exceptions are signalling: IEEE_OVERFLOW_FLAG IEEE_UNDERFLOW_FLAG IEEE_DENORMAL
