(10.2.13.46:0,1,2,3)

[0] MPI startup(): libfabric version: 1.7.2a-impi
[0] MPI startup(): libfabric provider: verbs;ofi_rxm
[0] MPI startup(): Rank    Pid      Node name  Pin cpu
[0] MPI startup(): 0       55181    bwmpc0270  {0,1,2,3,4,5,6,7,8,9}
[0] MPI startup(): 1       55182    bwmpc0270  {10,11,12,13,14,15,16,17,18,19}
[0] MPI startup(): 2       55183    bwmpc0270  {20,21,22,23,24,25,26,27,28,29}
[0] MPI startup(): 3       55184    bwmpc0270  {30,31,32,33,34,35,36,37,38,39}
[0] MPI startup(): I_MPI_ROOT=/bwfefs/opt/x86_64/intel/compilers_and_libraries_2019.5.281/linux/mpi
[0] MPI startup(): I_MPI_HYDRA_BOOTSTRAP_EXEC=/bin/pjrsh
[0] MPI startup(): I_MPI_HYDRA_BOOTSTRAP_AUTOFORK=0
[0] MPI startup(): I_MPI_HYDRA_TOPOLIB=hwloc
[0] MPI startup(): I_MPI_HYDRA_HOST_FILE=/bwfefs/home/kyagi/tim/tim5/b3lypD3.rpath1/3.equil1/.d0011452918_nodeinfo
[0] MPI startup(): I_MPI_PERHOST=4
[0] MPI startup(): I_MPI_PIN=1
[0] MPI startup(): I_MPI_PIN_RESPECT_HCA=0
[0] MPI startup(): I_MPI_INTERNAL_MEM_POLICY=default
[0] MPI startup(): I_MPI_DEBUG=5
****************************************************
*                                                  *
*                  GENESIS ATDYN                   *
*                                                  *
*        A Molecular Dynamics Simulator with       *
*            Atomic Decomposition Scheme           *
*                                                  *
*               Developed by RIKEN                 *
*                                                  *
****************************************************
 
[STEP0] Architecture and Compiler Information
 
GENESIS_Information> GENESIS Information
  version      = 1.6.0
  commit ID    = $GENESIS_VERSION$
  precision    = double
  nonbonding   = CPU

Build_Information> Compiler Information
  build host   = kyagi@bwmpc0837
  fortran      = GNU Fortran (GCC) 7.2.0
  option       = -O3 -ffast-math -march=native -ffree-line-length-none -fopenmp 
  C            = gcc (GCC) 7.2.0
  option       = -O3 -ffast-math -march=native -fopenmp
  defined var. =  -DMPI -DOMP -DFFTE -DLAPACK -DDSFMT_MEXP=19937 -D__GFORTRAN__
  link option  = -L/home/kyagi/local/lib -fopenmp -lmkl_scalapack_lp64 -lmkl_blacs_intelmpi_lp64 -lmkl_intel_lp64 -lmkl_intel_thread -lmkl_core -liomp5 -lpthread -lm 

Runtime_Information> Machine and Library Information
  date       = 2021/02/03 20:18:19
  cpu model    = Intel(R) Xeon(R) Gold 6148 CPU @ 2.40GHz
  exec. host   = kyagi@bwmpc0270
  LD library   = /home/kyagi/local/lib:/bwfefs/opt/x86_64/intel/compilers_and_libraries_2019.5.281/linux/compiler/lib/intel64_lin:/bwfefs/opt/x86_64/intel/compilers_and_libraries_2019.5.281/linux/mkl/lib/intel64_lin:/bwfefs/opt/x86_64/gcc/7.2.0/lib64:/bwfefs/opt/x86_64/gcc/7.2.0/lib:/bwfefs/opt/x86_64/intel/impi/2019.5.281/intel64/lib/release:/bwfefs/opt/x86_64/intel/impi/2019.5.281/intel64/lib:/bwfefs/opt/x86_64/intel/impi/2019.5.281/intel64/libfabric/lib:/bwfefs/opt/x86_64/intel/parallel_studio_xe_2019.5.075/compilers_and_libraries_2019//linux/compiler/lib/intel64:/bwfefs/opt/x86_64/intel/parallel_studio_xe_2019.5.075/compilers_and_libraries_2019//linux/compiler/lib/intel64_lin:/bwfefs/opt/x86_64/intel/parallel_studio_xe_2019.5.075/compilers_and_libraries_2019//linux/mpi/intel64/lib:/bwfefs/opt/x86_64/intel/parallel_studio_xe_2019.5.075/compilers_and_libraries_2019//linux/mpi/intel64/libfabric/lib:/bwfefs/opt/x86_64/intel/parallel_studio_xe_2019.5.075/compilers_and_libraries_2019//linux/ipp/lib/intel64:/bwfefs/opt/x86_64/intel/parallel_studio_xe_2019.5.075/compilers_and_libraries_2019//linux/compiler/lib/intel64:/bwfefs/opt/x86_64/intel/parallel_studio_xe_2019.5.075/compilers_and_libraries_2019//linux/mkl/lib/intel64:/bwfefs/opt/x86_64/intel/parallel_studio_xe_2019.5.075/compilers_and_libraries_2019//linux/tbb/lib/intel64/gcc4.7:/bwfefs/opt/x86_64/intel/debugger_2019/iga/lib:/bwfefs/opt/x86_64/intel/debugger_2019/libipt/intel64/lib:/bwfefs/opt/x86_64/intel/parallel_studio_xe_2019.5.075/comp

[STEP1] Read Control Parameters
 
Read_Ctrl_Input> Input Files
  topfile = toppar/top_all36_prot.rtf, toppar/top_all36_cgenff.rtf
  parfile = toppar/par_all36_prot.prm, toppar/par_all36_cgenff.prm
  strfile = toppar/toppar_water_ions.str, toppar/toppar_dhap.3.str
  psffile = ../../2.equil/step4_nvt_100.psf
  pdbfile = ../../2.equil/step4_nvt_100.pdb
  rstfile = equil1_16.rst
  reffile = ../../2.equil/step4_nvt_100.pdb
 
Read_Ctrl_Output> Output Files
  dcdfile    = equil1_17.dcd
  rstfile    = equil1_17.rst
 
Read_Ctrl_Energy> Parameters of Energy Calculations
  forcefield      =     CHARMM
  switchdist      =     16.000  cutoffdist      =     18.000
  pairlistdist    =     19.500  dielec_const    =      1.000
  vdW force_switch=        yes
  electrostatic   =  CUTOFF
  implicit_solvent=       none
  table_order     =          3
  table_density   =     20.000
  water_model     =       NONE
  output_style    =    GENESIS
  dispersion_corr =       none
  nonb_limiter    =      no
 
Read_Ctrl_Dynamics> Parameters of MD simulation
  integrator      =       VVER  nsteps          =      20000
  timestep        =     0.0005  initial_time    =     0.0000
  eneout_period   =        500  rstout_period   =        500
  crdout_period   =        500  velout_period   =          0
  nbupdate_period =         10  stoptr_period   =         10
  iseed           =   20190319
  annealing       =         no
  verbose         =         no
  target_md       =         no
  steered_md      =         no
  esp_mm          =         no
 
Read_Ctrl_Constraints> Parameters for Constraints
  rigid_bond      =        yes
  shake_iteration =        500  shake_tolerance =  0.100E-09
  fast_water      =        yes  water_model     =       TIP3
  hydrogen_type   =  name|mass
  noshake_index   = 4  11  12  13
  fixatm_select_index        =       none
 
Read_Ctrl_Ensemble> Parameters for Ensemble
  ensemble        =        NVT
  temperature     =    300.000
  tpcontrol       =      BUSSI
  tau_t           =      5.000
 
Read_Ctrl_Boundary> Parameters of Boundary Condition
  type            =       NOBC
  spherical_pot   =        yes  restart         =          T
  center_info     =       read  modify_ratio    =      1.000
  constant        =     10.000  exponent        =          2
  fixatom         =          T  fix_layer       =      1.000
 
Read_Ctrl_Selection> Parameters of Selection
  # of groups     =         13
    group 1 = sid:DHA or (sid:TIMA and (rno:95 or rno:165) and          not (an:CA  | an:C   | an:O   | an:N | an:HN | an:HA))
    group 2 = atomno:1900 or atomno:5687
    group 3 = atomno:1442
    group 4 = atomno:1443
    group 5 = atomno:2559
    group 6 = atomno:2560
    group 7 = atomno:7583
    group 8 = atomno:7584
    group 9 = atomno:7585
    group 10 = atomno:7586
    group 11 = atomno:7587
    group 12 = atomno:7588
    group 13 = atomno:7589
  # of mole names =          0
 
Read_Ctrl_Restraints> Parameters of Restraint
  numfunc         =   6
  function1 = POSI     
    direction     = ALL 
    constant      = 10.0
    reference     = 
    select_index  = 2
    mode          =   0
    exponent      =   2
    exponent_dist = 
    weight_dist   = 

  function2 = DIST     
    constant      = 300.0
    reference     = 1.1170
    select_index  = 6  12
    mode          =   0
    exponent      =   2
    exponent_dist = 
    weight_dist   = 

  function3 = DIST     
    constant      = 300.0
    reference     = 1.5817
    select_index  = 9  12
    mode          =   0
    exponent      =   2
    exponent_dist = 
    weight_dist   = 

  function4 = DIST     
    constant      = 300.0
    reference     = 2.0583
    select_index  = 5  11
    mode          =   0
    exponent      =   2
    exponent_dist = 
    weight_dist   = 

  function5 = DIST     
    constant      = 300.0
    reference     = 1.7619
    select_index  = 8   4
    mode          =   0
    exponent      =   2
    exponent_dist = 
    weight_dist   = 

  function6 = DIST     
    constant      = 300.0
    reference     = 2.7205
    select_index  = 3  11
    mode          =   0
    exponent      =   2
    exponent_dist = 
    weight_dist   = 

  pressure_position   = NO
  pressure_rmsd     = NO

Read_Ctrl_Fitting_MD> Parameters of Fitting
  fitting method  =  TR+ROT   
  fitting atom    = group1
  mass_weight     =         no
 
Read_Ctrl_QMMM> Parameters of QM/MM
  qmtyp              = qsimulate
  qmcnt              = qsimulate.json
  qmexe              = 
  workdir            = equil1_17
  savedir            = none
  basename           = job
  qmsave_period      = 500
  qmmaxtrial         = 1
  qmatm_select_index = 1
  exclude_charge     = GROUP
 
[STEP2] Setup MPI
 
Setup_Mpi_Md> Summary of Setup MPI
  number of MPI processes   =          4
  number of OpenMP threads  =         10
  total number of CPU cores =         40

[STEP3] Set Relevant Variables and Structures
 
Input_Top> Summary of Topfile
  num_atom_class  =        212  num_resi_type   =        685
 
Input_Par> Summary of Parfile
  num_bonds       =        658  num_angles      =       2003
  num_dihedrals   =       4838  num_impropers   =        163
  num_atom_cls    =        212  num_nbfix       =         75
  num_cmap_terms  =          6
 
Input_Str> Summary of Top information
  num_atom_class  =        227  num_resi_type   =        700
 
Input_Str> Summary of Par information
  num_bonds       =        663  num_angles      =       2006
  num_dihedrals   =       4850  num_impropers   =        163
  num_atom_cls    =        227  num_nbfix       =         90
  num_cmap_terms  =          6
 
Read_Psf> Summary of Psffile
  psftype         =      xplor
  num_atoms       =      37226  num_bonds       =      37288
  num_angles      =      23768  num_dihedrals   =      20268
  num_impropers   =       1292  num_cmap_terms  =        494
  num_HB_donors   =      20596  num_HB_acceptors=      10610
  num_NB_exclusion=          0  num_groups      =      12168
  total_charge    =    -10.000
 
Check_Pdb> 6-column residue sequence number
 
Read_Pdb> Summary of Data in PDB file
  num_atoms       =      37226
 
Read_Rst_Binary> Summary of RST file
  num_atoms       =      37226  iseed           =   20190319
  boxsize (x,y,z) =      0.000     0.000     0.000
  spherical_pot     =      yes
  nfunctions                 2  num_fixatm              9645
  num_of_qm_charge          35

Define_Molecule> Summary of molecules
  num_atoms       =      37226  num_bonds       =      37288
  num_angles      =      23768  num_dihedrals   =      20268
  num_impropers   =       1292  num_cmap_terms  =        494
  num_residues    =      10370  num_molecules   =       9878
  num_segments    =          6  num_deg_freedom =     111678
  total_charge    =    -10.000
 
Setup_Boundary> Setup Variables for Boundary Condition
  origin(x,y,z)   =      0.000     0.000     0.000
  nfunctions      =        2
    center(x,y,z) =     17.000     0.000     0.000
    radius        =     35.000
    constant      =     10.000
    exponent      =          2
    center(x,y,z) =    -17.000     0.000     0.000
    radius        =     35.000
    constant      =     10.000
    exponent      =          2

  num_fixatm      =     9645

 
Random_Init> Initialize the random number
  seed            = 20190319

Setup_QMMM> Setup QM region
  QM assignment info
  1435 TIMA     95 HSE    CB   CT2    assigned to QM atom    1 of element: C     6
  1436 TIMA     95 HSE    HB1  HA2    assigned to QM atom    2 of element: H     1
  1437 TIMA     95 HSE    HB2  HA2    assigned to QM atom    3 of element: H     1
  1438 TIMA     95 HSE    ND1  NR2    assigned to QM atom    4 of element: N     7
  1439 TIMA     95 HSE    CG   CPH1   assigned to QM atom    5 of element: C     6
  1440 TIMA     95 HSE    CE1  CPH2   assigned to QM atom    6 of element: C     6
  1441 TIMA     95 HSE    HE1  HR1    assigned to QM atom    7 of element: H     1
  1442 TIMA     95 HSE    NE2  NR1    assigned to QM atom    8 of element: N     7
  1443 TIMA     95 HSE    HE2  H      assigned to QM atom    9 of element: H     1
  1444 TIMA     95 HSE    CD2  CPH1   assigned to QM atom   10 of element: C     6
  1445 TIMA     95 HSE    HD2  HR3    assigned to QM atom   11 of element: H     1
  2552 TIMA    165 GLU    CB   CT2A   assigned to QM atom   12 of element: C     6
  2553 TIMA    165 GLU    HB1  HA2    assigned to QM atom   13 of element: H     1
  2554 TIMA    165 GLU    HB2  HA2    assigned to QM atom   14 of element: H     1
  2555 TIMA    165 GLU    CG   CT2    assigned to QM atom   15 of element: C     6
  2556 TIMA    165 GLU    HG1  HA2    assigned to QM atom   16 of element: H     1
  2557 TIMA    165 GLU    HG2  HA2    assigned to QM atom   17 of element: H     1
  2558 TIMA    165 GLU    CD   CC     assigned to QM atom   18 of element: C     6
  2559 TIMA    165 GLU    OE1  OC     assigned to QM atom   19 of element: O     8
  2560 TIMA    165 GLU    OE2  OC     assigned to QM atom   20 of element: O     8
  7575 DHA     249 DHAP   P    PG2    assigned to QM atom   21 of element: P    15
  7576 DHA     249 DHAP   O1P  OG303  assigned to QM atom   22 of element: O     8
  7577 DHA     249 DHAP   O2P  OG2P1  assigned to QM atom   23 of element: O     8
  7578 DHA     249 DHAP   O3P  OG2P1  assigned to QM atom   24 of element: O     8
  7579 DHA     249 DHAP   O4P  OG2P1  assigned to QM atom   25 of element: O     8
  7580 DHA     249 DHAP   C1   CG321  assigned to QM atom   26 of element: C     6
  7581 DHA     249 DHAP   H11  HGA2   assigned to QM atom   27 of element: H     1
  7582 DHA     249 DHAP   H12  HGA2   assigned to QM atom   28 of element: H     1
  7583 DHA     249 DHAP   C2   CG2O5  assigned to QM atom   29 of element: C     6
  7584 DHA     249 DHAP   O2   OG2D3  assigned to QM atom   30 of element: O     8
  7585 DHA     249 DHAP   C3   CG321  assigned to QM atom   31 of element: C     6
  7586 DHA     249 DHAP   O3   OG311  assigned to QM atom   32 of element: O     8
  7587 DHA     249 DHAP   HO3  HGP1   assigned to QM atom   33 of element: H     1
  7588 DHA     249 DHAP   H31  HGA2   assigned to QM atom   34 of element: H     1
  7589 DHA     249 DHAP   H32  HGA2   assigned to QM atom   35 of element: H     1
  number of QM atoms = 35
 
  QM charges retreived from rstfile.
 

Generate_LinkAtoms> QM-MM interface info. Link hydrogen is set between:
              [ QM atom ]             -             [ MM atom ]
  1435 TIMA     95 HSE    CB   CT2    -   1433 TIMA     95 HSE    CA   CT1   
                                          1431 TIMA     95 HSE    N    NH1    excluded
                                          1432 TIMA     95 HSE    HN   H      excluded
                                          1434 TIMA     95 HSE    HA   HB1    excluded
  2552 TIMA    165 GLU    CB   CT2A   -   2550 TIMA    165 GLU    CA   CT1   
                                          2548 TIMA    165 GLU    N    NH1    excluded
                                          2549 TIMA    165 GLU    HN   H      excluded
                                          2551 TIMA    165 GLU    HA   HB1    excluded

  number of link atoms           = 2
  number of external MM charges  = 37183


  Check the input file for QSimulate [ qsimulate.json ]
Setup_Enefunc_Cmap_Par> Natural spline is used to derive cmap coefs.

Setup_Enefunc_Table> Setup Variables for LookupTable
  num_solutes     =      37226  num_waters      =          0

Setup_Enefunc_Restraint> Setup restraint groups
 group =     1, "sid:DHA or (sid:TIMA and (rno:95 or rno:165) and          not (an:CA  | an:C   | an:O   | an:N | an:HN | an:HA))"
 # of atoms =    35
 atomlist: 
   1435   1436   1437   1438   1439   1440   1441   1442   1443   1444
   1445   2552   2553   2554   2555   2556   2557   2558   2559   2560
   7575   7576   7577   7578   7579   7580   7581   7582   7583   7584
   7585   7586   7587   7588   7589
 group =     2, "atomno:1900 or atomno:5687"
 # of atoms =     2
 atomlist: 
   1900   5687
 group =     3, "atomno:1442"
 # of atoms =     1
 atomlist: 
   1442
 group =     4, "atomno:1443"
 # of atoms =     1
 atomlist: 
   1443
 group =     5, "atomno:2559"
 # of atoms =     1
 atomlist: 
   2559
 group =     6, "atomno:2560"
 # of atoms =     1
 atomlist: 
   2560
 group =     7, "atomno:7583"
 # of atoms =     1
 atomlist: 
   7583
 group =     8, "atomno:7584"
 # of atoms =     1
 atomlist: 
   7584
 group =     9, "atomno:7585"
 # of atoms =     1
 atomlist: 
   7585
 group =    10, "atomno:7586"
 # of atoms =     1
 atomlist: 
   7586
 group =    11, "atomno:7587"
 # of atoms =     1
 atomlist: 
   7587
 group =    12, "atomno:7588"
 # of atoms =     1
 atomlist: 
   7588
 group =    13, "atomno:7589"
 # of atoms =     1
 atomlist: 
   7589
Setup_Enefunc_Restraint> Setup restraint functions
 func  =     1 kind  =     1
 const(total, x, y, z) =   10.000   1.000   1.000   1.000
 exponend of function =     2
 # of groups  =     1
 grouplist:   2

 func  =     2 kind  =     2
 const             =  300.000
 ref               =    1.117
 exponend of function =     2
 # of distances  =     1
 distancelist: 
 group = (  6, 12) weight =    1.000 exponent =     1

 func  =     3 kind  =     2
 const             =  300.000
 ref               =    1.582
 exponend of function =     2
 # of distances  =     1
 distancelist: 
 group = (  9, 12) weight =    1.000 exponent =     1

 func  =     4 kind  =     2
 const             =  300.000
 ref               =    2.058
 exponend of function =     2
 # of distances  =     1
 distancelist: 
 group = (  5, 11) weight =    1.000 exponent =     1

 func  =     5 kind  =     2
 const             =  300.000
 ref               =    1.762
 exponend of function =     2
 # of distances  =     1
 distancelist: 
 group = (  8,  4) weight =    1.000 exponent =     1

 func  =     6 kind  =     2
 const             =  300.000
 ref               =    2.720
 exponend of function =     2
 # of distances  =     1
 distancelist: 
 group = (  3, 11) weight =    1.000 exponent =     1

Define_Enefunc_CHARMM> Number of Interactions in Each Term
  bond_ene        =      37255  angle_ene       =      23717
  urey_ene        =       6639
  torsion_ene     =      23862  improper_ene    =       1285
  cmap_ene        =        494
  restraint_groups=         13  restraint_funcs =          6
 
Setup_Fitting_Atdyn> NO fitting is applied, skip
  fitting method  =  NO

Update_Num_Deg_Freedom> Number of degrees of freedom was updated
  num_deg_freedom =      82743 (After setup of fixed atoms at boundary)
 
Remove_Fixatm> Modified Interactions
  bond_ene        =      27610  angle_ene       =      20502
  urey_ene        =       6639
  torsion_ene     =      23862  improper_ene    =       1285
 
Setup_Constraints> The following atoms are excluded from SHAKE:
    1443    7587    7588    7589
Setup_Settle> Setup constraints for SETTLE
  num_unconsbonds =       7633      num_Settle  =       6659
  r0(O-H)         =     0.9572  mass(O)         =    15.9994
  r0(H-H)         =     1.5139  mass(H)         =     1.0080
 
Setup_Shake> Setup constrains for SHAKE and RATTLE
  num_unconsbonds =       3837  num_rigid_bonds =       3796
 
  num_qm_rigid_bonds =         10
 
Update_Num_Deg_Freedom> Number of degrees of freedom was updated
  num_deg_freedom =      62766 (After setup of SETTLE)
 
Update_Num_Deg_Freedom> Number of degrees of freedom was updated
  num_deg_freedom =      58960 (After setup of SHAKE/RATTLE)
 
[STEP4] Compute Single Point Energy for Molecules
 
            STEP            BOND           ANGLE    UREY-BRADLEY        DIHEDRAL        IMPROPER            CMAP         VDWAALS           ELECT    RESTRAINT001    RESTRAINT002    RESTRAINT003    RESTRAINT004    RESTRAINT005    RESTRAINT006    RESTR_CVS001    RESTR_CVS002    RESTR_CVS003    RESTR_CVS004    RESTR_CVS005    RESTR_CVS006              QM            SPOT
 --------------- --------------- --------------- --------------- ---------------
               0       1535.8119       3697.9179        449.8177       4485.7643        267.4953       -203.1497       7153.3670    -116975.1897          0.9478          3.2610          6.3724          0.8969          0.9143          0.3164          0.0000          1.2213          1.4360          2.0036          1.7067          2.7530     -36008.6678         14.7265

[STEP5] Perform Molecular Dynamics Simulation
 
INFO:       STEP            TIME       TOTAL_ENE   POTENTIAL_ENE     KINETIC_ENE            RMSG            BOND           ANGLE    UREY-BRADLEY        DIHEDRAL        IMPROPER            CMAP         VDWAALS           ELECT RESTRAINT_TOTAL    RESTRAINT001    RESTRAINT002    RESTRAINT003    RESTRAINT004    RESTRAINT005    RESTRAINT006    RESTR_CVS001    RESTR_CVS002    RESTR_CVS003    RESTR_CVS004    RESTR_CVS005    RESTR_CVS006     TEMPERATURE          VOLUME              QM            SPOT
 --------------- --------------- --------------- --------------- ---------------
INFO:        500          0.2500    -118009.5127    -135727.3150      17717.8023         12.5780       1496.8009       3746.0180        454.9376       4501.9907        266.0570       -178.5100       6993.4209    -116967.3709          2.5343          1.6068          0.2413          0.0191          0.0113          0.3189          0.3370          0.0000          1.1454          1.5737          2.0644          1.7945          2.6870        302.4425          0.0000     -36043.1936         15.3039

INFO:       1000          0.5000    -118023.9592    -135763.8650      17739.9058         12.6520       1504.9833       3726.8386        462.2621       4473.4150        292.1492       -171.2647       7493.4413    -117500.8390         10.9855          1.4610          4.0818          5.1435          0.2565          0.0008          0.0418          0.0000          1.2336          1.4508          2.0875          1.7603          2.7323        302.8198          0.0000     -36055.8363         16.2566

INFO:       1500          0.7500    -118058.8476    -135613.3537      17554.5061         12.6236       1570.9991       3767.9535        478.5094       4464.0218        263.9017       -147.6833       7181.0095    -117179.9948          6.8799          1.6424          0.3159          0.2349          0.0384          4.6288          0.0194          0.0000          1.0845          1.6097          2.0696          1.8861          2.7125        299.6550          0.0000     -36018.9505         17.2582

INFO:       2000          1.0000    -118069.5521    -135781.6185      17712.0664         12.6631       1495.0270       3805.9036        467.7514       4483.5880        276.3228       -184.9392       7199.8604    -117320.8878          5.4382          2.4957          1.5324          1.3662          0.0009          0.0012          0.0419          0.0000          1.1885          1.5142          2.0600          1.7639          2.7087        302.3445          0.0000     -36009.6828         18.9825

INFO:       2500          1.2500    -118038.9767    -135599.7481      17560.7714         12.6947       1523.2213       3739.4729        480.1623       4493.6192        260.4904       -155.9795       7421.2211    -117327.5258          4.2054          2.0457          0.0929          0.2032          0.0013          1.1271          0.7353          0.0000          1.0994          1.6077          2.0603          1.7006          2.7700        299.7619          0.0000     -36038.6353         19.3567

INFO:       3000          1.5000    -118045.3007    -135929.5439      17884.2432         12.6776       1497.2824       3736.1541        473.3843       4495.8265        261.4720       -169.7035       7221.8329    -117414.9700          4.5919          2.4777          0.5953          0.0000          0.2838          1.0670          0.1682          0.0000          1.0725          1.5819          2.0275          1.8215          2.6968        305.2836          0.0000     -36035.4147         19.4257

INFO:       3500          1.7500    -118046.2844    -135773.5701      17727.2857         12.6427       1504.2913       3764.2639        461.6691       4473.3158        254.8765       -182.0444       7147.5381    -117180.7036          5.6903          1.6435          0.0462          3.5587          0.0280          0.3951          0.0187          0.0000          1.1294          1.4728          2.0486          1.7256          2.7284        302.6043          0.0000     -36022.4670         19.3466

INFO:       4000          2.0000    -118031.5295    -135569.2607      17537.7312         12.6532       1481.8823       3765.3115        486.3295       4484.4347        268.8983       -166.9716       6953.0337    -116857.3448          9.0157          1.9353          2.1868          4.5916          0.0551          0.0076          0.2393          0.0000          1.2024          1.4580          2.0719          1.7569          2.6923        299.3686          0.0000     -35993.8500         16.8503

INFO:       4500          2.2500    -118018.6530    -135594.0238      17575.3708         12.6057       1494.6396       3756.1828        454.5598       4483.3407        265.1333       -189.1315       7141.2214    -116961.0088          5.0044          1.5106          0.4276          2.9798          0.0010          0.0598          0.0255          0.0000          1.1548          1.4820          2.0601          1.7478          2.7297        300.0112          0.0000     -36043.9654         13.2467

INFO:       5000          2.5000    -118034.6708    -135498.4340      17463.7632         12.6060       1483.3593       3806.9747        473.2108       4480.7512        270.2011       -181.7299       7152.2319    -116938.5023          9.0510          2.8300          0.5199          3.2788          0.8098          1.1998          0.4127          0.0000          1.1586          1.4772          2.1103          1.6987          2.7576        298.1060          0.0000     -36053.9818         16.8125

INFO:       5500          2.7500    -118072.0817    -135612.4792      17540.3975         12.7255       1571.0165       3800.3861        465.2781       4466.2465        277.3009       -182.0177       7180.4663    -117170.9448          5.8549          0.9454          1.6208          2.4292          0.0973          0.5529          0.2092          0.0000          1.1905          1.4917          2.0403          1.7190          2.7469        299.4142          0.0000     -36026.0660         11.8364

INFO:       6000          3.0000    -118088.9712    -135633.9491      17544.9779         12.6199       1530.3029       3753.0158        456.6901       4506.6774        262.4991       -180.7800       7078.5826    -117024.4404          3.8627          0.7897          0.0218          1.1315          0.0337          1.8538          0.0322          0.0000          1.1085          1.6431          2.0689          1.8405          2.7101        299.4924          0.0000     -36020.3592         22.6878

INFO:       6500          3.2500    -118103.5830    -135741.1326      17637.5496         12.6098       1474.4026       3791.5612        457.6689       4452.9558        257.0189       -168.8115       7369.2777    -117326.6382          2.6306          0.9418          0.1810          0.1456          0.0323          0.6460          0.6839          0.0000          1.0924          1.6037          2.0687          1.8083          2.6728        301.0725          0.0000     -36051.1986         17.0668

INFO:       7000          3.5000    -118070.6573    -135789.4138      17718.7565         12.6669       1538.5439       3746.3026        460.0779       4460.7563        269.4778       -181.2576       7307.3509    -117359.9689          4.7131          2.0571          1.7625          0.0344          0.1187          0.0034          0.7370          0.0000          1.0404          1.5924          2.0384          1.7653          2.7701        302.4587          0.0000     -36035.4098         15.4448

INFO:       7500          3.7500    -118045.0529    -135500.1261      17455.0732         12.6151       1510.2675       3817.8041        472.3756       4462.7717        265.4656       -161.0504       7217.4888    -117038.2086          7.9982          2.0342          0.1618          0.9557          0.3021          4.5356          0.0088          0.0000          1.0938          1.5253          2.0900          1.8849          2.7259        297.9577          0.0000     -36055.0387         17.7533

INFO:       8000          4.0000    -118085.4722    -135642.4593      17556.9871         12.6056       1465.2851       3839.4908        466.8202       4471.2886        267.5053       -178.3225       7120.4726    -117033.0884          8.6232          2.1010          0.0132          4.6473          0.0011          1.8441          0.0166          0.0000          1.1236          1.4572          2.0564          1.8403          2.7279        299.6973          0.0000     -36070.5342         15.6081

INFO:       8500          4.2500    -118077.1342    -135575.9212      17498.7871         12.6888       1509.1016       3804.7785        470.5778       4451.2173        286.8892       -196.5686       7316.7063    -117148.7844          3.7354          1.9130          0.9152          0.0011          0.8405          0.0166          0.0489          0.0000          1.0618          1.5836          2.0054          1.7545          2.7333        298.7039          0.0000     -36073.5745         19.3037

INFO:       9000          4.5000    -118089.7008    -135664.1817      17574.4809         12.5842       1436.0094       3788.3560        471.5460       4471.5405        259.6988       -180.9712       7176.1377    -117037.3787         11.7405          2.7015          3.2759          2.8661          0.9038          1.9677          0.0255          0.0000          1.2215          1.4840          2.0034          1.8429          2.7297        299.9960          0.0000     -36060.8606         20.8424

INFO:       9500          4.7500    -118075.8214    -135623.3247      17547.5033         12.6869       1534.4753       3745.2718        469.7950       4447.1041        259.7376       -165.7962       7158.2975    -117046.3871          9.2947          2.7276          2.9247          0.4133          3.1658          0.0084          0.0551          0.0000          1.0183          1.6188          2.1610          1.7672          2.7069        299.5355          0.0000     -36035.1174         16.6619

INFO:      10000          5.0000    -118084.2167    -135650.9882      17566.7716         12.5880       1519.7365       3677.2700        461.1713       4509.9327        265.6393       -194.5171       7169.9375    -117019.3344          5.2435          0.8982          0.7901          2.2144          0.2352          0.6628          0.4428          0.0000          1.1683          1.4958          2.0303          1.8089          2.7589        299.8644          0.0000     -36046.0675         19.5451

INFO:      10500          5.2500    -118017.7841    -135594.2020      17576.4179         12.5892       1487.1941       3716.1556        467.7966       4475.0000        264.1694       -187.6717       7082.5352    -116873.1322          4.9973          1.0117          1.8882          0.1475          0.2059          0.9709          0.7732          0.0000          1.0377          1.6039          2.0321          1.8188          2.7713        300.0290          0.0000     -36031.2463         18.2772

INFO:      11000          5.5000    -118006.1575    -135615.9155      17609.7581         12.6221       1468.0243       3774.1086        472.2625       4491.1444        260.1086       -177.1179       7193.4416    -117051.7877          6.2949          2.9243          0.5794          0.0692          1.4793          1.1923          0.0505          0.0000          1.0731          1.5969          2.1285          1.6989          2.7335        300.5981          0.0000     -36052.3950         18.4230

INFO:      11500          5.7500    -117971.4929    -135573.6974      17602.2045         12.5662       1434.6675       3791.0970        472.1611       4455.2828        252.8727       -177.8778       7247.7812    -116980.4114          3.6066          1.6620          0.1769          1.4295          0.0082          0.0130          0.3170          0.0000          1.1413          1.5127          2.0531          1.7685          2.6880        300.4692          0.0000     -36072.8769         19.5711

INFO:      12000          6.0000    -117914.2441    -135613.2052      17698.9610         12.6367       1532.0547       3738.2297        463.6502       4507.2362        245.7868       -176.0411       7089.5518    -116982.5007          7.8386          3.4267          1.1513          2.9055          0.0001          0.2709          0.0841          0.0000          1.1790          1.4833          2.0579          1.7319          2.7038        302.1208          0.0000     -36039.0114          8.6415

INFO:      12500          6.2500    -117893.7015    -135582.5004      17688.7989         12.6077       1458.5439       3787.9534        469.2567       4476.4505        280.1176       -176.4156       7351.9727    -117202.1084          8.5581          1.2999          2.6817          1.6016          2.5439          0.3962          0.0348          0.0000          1.2115          1.5086          2.1504          1.7256          2.7313        301.9474          0.0000     -36036.8292         23.0793

INFO:      13000          6.5000    -117897.5644    -135574.8508      17677.2864         12.6341       1505.9799       3749.1871        465.8711       4496.4149        284.2322       -170.1398       7196.1777    -117047.0049          2.1330          0.3367          0.0066          0.3090          0.2783          0.0086          1.1938          0.0000          1.1123          1.5496          2.0888          1.7673          2.6574        301.7509          0.0000     -36057.7020         18.3310

INFO:      13500          6.7500    -117949.7036    -135616.8451      17667.1415         12.5962       1519.8062       3695.2000        480.1018       4482.1733        267.2811       -175.6307       7267.6686    -117103.1441          2.0956          0.3800          0.0026          0.5039          0.1220          0.0286          1.0584          0.0000          1.1140          1.5407          2.0785          1.7717          2.6611        301.5777          0.0000     -36052.3970         12.8118

INFO:      14000          7.0000    -117994.6402    -135593.2005      17598.5603         12.6091       1468.6739       3750.8806        473.2195       4483.4082        255.0343       -156.2606       7021.6078    -116870.9848          9.3149          2.4725          2.9082          3.3843          0.0195          0.0260          0.5044          0.0000          1.0185          1.6879          2.0502          1.7712          2.6795        300.4070          0.0000     -36028.0944         11.8084

INFO:      14500          7.2500    -118027.6383    -135728.3650      17700.7267         12.6428       1557.6014       3705.2538        461.2572       4513.9906        275.6392       -176.1296       7090.8983    -117123.7859          3.9869          0.3861          2.4987          0.0187          0.4418          0.5483          0.0932          0.0000          1.0257          1.5738          2.0967          1.8047          2.7029        302.1510          0.0000     -36037.0769         14.0317

INFO:      15000          7.5000    -118003.1381    -135653.0056      17649.8675         12.5765       1507.0330       3731.4070        471.5812       4504.7919        255.0404       -173.2941       7242.0667    -117178.5948          5.5834          1.6659          0.2875          2.4682          0.4082          0.2447          0.5087          0.0000          1.0860          1.4910          2.0952          1.7905          2.6793        301.2828          0.0000     -36018.6203         17.8623

INFO:      15500          7.7500    -118049.9121    -135622.8202      17572.9081         12.6364       1513.1765       3713.9104        456.3817       4460.9797        276.8766       -173.9235       7131.0166    -117008.7731          5.7457          1.6047          1.4871          0.5977          0.0317          0.0021          2.0225          0.0000          1.1874          1.5371          2.0686          1.7593          2.6384        299.9691          0.0000     -35998.2109         15.8440

INFO:      16000          8.0000    -118046.3841    -135617.6585      17571.2744         12.6206       1470.0957       3809.4862        471.0491       4509.2028        268.7763       -174.7627       7141.1042    -117078.9732          4.4833          1.8320          0.4049          0.5556          0.8256          0.0259          0.8394          0.0000          1.1537          1.5387          2.0058          1.7712          2.7734        299.9412          0.0000     -36038.1203         10.2426

INFO:      16500          8.2500    -118019.2246    -135550.0439      17530.8192         12.6137       1483.3627       3763.0572        457.8361       4505.2673        293.4665       -183.5345       7170.5325    -117002.7738          5.1319          1.5850          0.2423          2.8142          0.1572          0.3203          0.0131          0.0000          1.1454          1.4848          2.0812          1.7946          2.7139        299.2507          0.0000     -36042.3898         21.7457

INFO:      17000          8.5000    -118020.3969    -135667.1244      17646.7276         12.6033       1472.1951       3749.2212        472.1298       4492.2154        261.6259       -180.5597       7107.9396    -117003.1481          6.5167          1.3537          0.2498          3.7109          0.0841          0.1524          0.9658          0.0000          1.1459          1.4705          2.0416          1.7844          2.6638        301.2292          0.0000     -36045.2603         17.5091

INFO:      17500          8.7500    -118010.2341    -135563.2848      17553.0506         12.6339       1463.0963       3775.7803        452.7066       4506.2820        266.3082       -187.1338       7251.1793    -117062.0540          4.2403          0.9773          0.5804          0.8992          1.3866          0.0001          0.3967          0.0000          1.1610          1.5270          1.9903          1.7612          2.7569        299.6302          0.0000     -36033.6900         23.9344

INFO:      18000          9.0000    -118020.7352    -135714.7198      17693.9847         12.5878       1465.1479       3755.0803        472.4267       4476.6664        285.9033       -180.0077       7052.5701    -117024.9419          5.6614          2.3482          0.0549          2.1843          0.9326          0.0436          0.0977          0.0000          1.1305          1.4964          2.0025          1.7740          2.7385        302.0359          0.0000     -36023.2263         12.2319

INFO:      18500          9.2500    -118041.7745    -135672.7666      17630.9921         12.5892       1433.9783       3780.4563        453.3250       4480.2103        277.5267       -189.1927       7181.3574    -117054.0460         10.5280          2.1246          2.7133          0.3384          0.3362          1.2719          3.7436          0.0000          1.0219          1.6153          2.0248          1.6968          2.8322        300.9606          0.0000     -36046.9100         20.0097

INFO:      19000          9.5000    -117969.5556    -135693.9454      17724.3898         12.6087       1504.6938       3665.4116        470.5565       4511.8466        273.2892       -169.3922       7314.2221    -117252.4202          9.5986          4.3773          3.3539          1.4654          0.1237          0.2515          0.0268          0.0000          1.0113          1.6516          2.0786          1.7909          2.7110        302.5549          0.0000     -36021.7515         14.3572

INFO:      19500          9.7500    -118013.0207    -135727.3417      17714.3210         12.7107       1542.5201       3721.0818        465.1257       4500.6887        263.8257       -189.2115       7363.1245    -117383.0546          6.2209          1.9130          0.2101          3.7580          0.0361          0.2854          0.0183          0.0000          1.1435          1.4698          2.0693          1.7927          2.7127        302.3830          0.0000     -36017.6629         24.1544

INFO:      20000         10.0000    -118012.2934    -135620.2052      17607.9118         12.6059       1543.6936       3735.5074        467.8905       4474.2644        256.5498       -171.2557       7310.3655    -117193.1694          8.5691          2.0226          2.5289          1.7819          0.0310          0.8536          1.3510          0.0000          1.0252          1.6588          2.0481          1.8152          2.7876        300.5666          0.0000     -36052.6205         14.1913

 
[STEP6] Deallocate Arrays
 
Output_Time> Averaged timer profile (Min, Max)
  total time      =    2628.998
    setup         =       7.935
    dynamics      =    2621.062
      energy      =    2433.545
      integrator  =      41.895
      pairlist    =     145.494 (     139.687,     161.138)
  energy           
    bond          =       0.484 (       0.473,       0.496)
    angle         =       2.762 (       2.708,       2.805)
    dihedral      =       6.668 (       6.374,       6.944)
    nonbond       =     805.965 (     800.310,     812.220)
      pme real    =     805.960 (     800.305,     812.216)
      pme recip   =       0.000 (       0.000,       0.000)
    solvation     =       0.000 (       0.000,       0.000)
      polar       =       0.000 (       0.000,       0.000)
      non-polar   =       0.000 (       0.000,       0.000)
    restraint     =       0.121 (       0.113,       0.131)
    qmmm          =    1577.982 (    1577.902,    1578.062)
  integrator       
    constraint    =      22.830 (      22.159,      23.421)
    update        =       0.000 (       0.000,       0.000)
    comm_coord    =       0.000 (       0.000,       0.000)
    comm_force    =       0.000 (       0.000,       0.000)
    comm_migrate  =       0.000 (       0.000,       0.000)

Note: The following floating-point exceptions are signalling: IEEE_OVERFLOW_FLAG IEEE_UNDERFLOW_FLAG IEEE_DENORMAL
Note: The following floating-point exceptions are signalling:Note: The following floating-point exceptions are signalling: IEEE_OVERFLOW_FLAG IEEE_UNDERFLOW_FLAG IEEE_DENORMAL
Note: The following floating-point exceptions are signalling: IEEE_OVERFLOW_FLAG IEEE_UNDERFLOW_FLAG IEEE_DENORMAL
 IEEE_OVERFLOW_FLAG IEEE_UNDERFLOW_FLAG IEEE_DENORMAL
