(10.2.13.46:0,1,2,3)

[0] MPI startup(): libfabric version: 1.7.2a-impi
[0] MPI startup(): libfabric provider: verbs;ofi_rxm
[0] MPI startup(): Rank    Pid      Node name  Pin cpu
[0] MPI startup(): 0       80018    bwmpc0270  {0,1,2,3,4,5,6,7,8,9}
[0] MPI startup(): 1       80019    bwmpc0270  {10,11,12,13,14,15,16,17,18,19}
[0] MPI startup(): 2       80020    bwmpc0270  {20,21,22,23,24,25,26,27,28,29}
[0] MPI startup(): 3       80021    bwmpc0270  {30,31,32,33,34,35,36,37,38,39}
[0] MPI startup(): I_MPI_ROOT=/bwfefs/opt/x86_64/intel/compilers_and_libraries_2019.5.281/linux/mpi
[0] MPI startup(): I_MPI_HYDRA_BOOTSTRAP_EXEC=/bin/pjrsh
[0] MPI startup(): I_MPI_HYDRA_BOOTSTRAP_AUTOFORK=0
[0] MPI startup(): I_MPI_HYDRA_TOPOLIB=hwloc
[0] MPI startup(): I_MPI_HYDRA_HOST_FILE=/bwfefs/home/kyagi/tim/tim5/b3lypD3.rpath1/3.equil1/.d0011452918_nodeinfo
[0] MPI startup(): I_MPI_PERHOST=4
[0] MPI startup(): I_MPI_PIN=1
[0] MPI startup(): I_MPI_PIN_RESPECT_HCA=0
[0] MPI startup(): I_MPI_INTERNAL_MEM_POLICY=default
[0] MPI startup(): I_MPI_DEBUG=5
****************************************************
*                                                  *
*                  GENESIS ATDYN                   *
*                                                  *
*        A Molecular Dynamics Simulator with       *
*            Atomic Decomposition Scheme           *
*                                                  *
*               Developed by RIKEN                 *
*                                                  *
****************************************************
 
[STEP0] Architecture and Compiler Information
 
GENESIS_Information> GENESIS Information
  version      = 1.6.0
  commit ID    = $GENESIS_VERSION$
  precision    = double
  nonbonding   = CPU

Build_Information> Compiler Information
  build host   = kyagi@bwmpc0837
  fortran      = GNU Fortran (GCC) 7.2.0
  option       = -O3 -ffast-math -march=native -ffree-line-length-none -fopenmp 
  C            = gcc (GCC) 7.2.0
  option       = -O3 -ffast-math -march=native -fopenmp
  defined var. =  -DMPI -DOMP -DFFTE -DLAPACK -DDSFMT_MEXP=19937 -D__GFORTRAN__
  link option  = -L/home/kyagi/local/lib -fopenmp -lmkl_scalapack_lp64 -lmkl_blacs_intelmpi_lp64 -lmkl_intel_lp64 -lmkl_intel_thread -lmkl_core -liomp5 -lpthread -lm 

Runtime_Information> Machine and Library Information
  date       = 2021/02/03 22:29:33
  cpu model    = Intel(R) Xeon(R) Gold 6148 CPU @ 2.40GHz
  exec. host   = kyagi@bwmpc0270
  LD library   = /home/kyagi/local/lib:/bwfefs/opt/x86_64/intel/compilers_and_libraries_2019.5.281/linux/compiler/lib/intel64_lin:/bwfefs/opt/x86_64/intel/compilers_and_libraries_2019.5.281/linux/mkl/lib/intel64_lin:/bwfefs/opt/x86_64/gcc/7.2.0/lib64:/bwfefs/opt/x86_64/gcc/7.2.0/lib:/bwfefs/opt/x86_64/intel/impi/2019.5.281/intel64/lib/release:/bwfefs/opt/x86_64/intel/impi/2019.5.281/intel64/lib:/bwfefs/opt/x86_64/intel/impi/2019.5.281/intel64/libfabric/lib:/bwfefs/opt/x86_64/intel/parallel_studio_xe_2019.5.075/compilers_and_libraries_2019//linux/compiler/lib/intel64:/bwfefs/opt/x86_64/intel/parallel_studio_xe_2019.5.075/compilers_and_libraries_2019//linux/compiler/lib/intel64_lin:/bwfefs/opt/x86_64/intel/parallel_studio_xe_2019.5.075/compilers_and_libraries_2019//linux/mpi/intel64/lib:/bwfefs/opt/x86_64/intel/parallel_studio_xe_2019.5.075/compilers_and_libraries_2019//linux/mpi/intel64/libfabric/lib:/bwfefs/opt/x86_64/intel/parallel_studio_xe_2019.5.075/compilers_and_libraries_2019//linux/ipp/lib/intel64:/bwfefs/opt/x86_64/intel/parallel_studio_xe_2019.5.075/compilers_and_libraries_2019//linux/compiler/lib/intel64:/bwfefs/opt/x86_64/intel/parallel_studio_xe_2019.5.075/compilers_and_libraries_2019//linux/mkl/lib/intel64:/bwfefs/opt/x86_64/intel/parallel_studio_xe_2019.5.075/compilers_and_libraries_2019//linux/tbb/lib/intel64/gcc4.7:/bwfefs/opt/x86_64/intel/debugger_2019/iga/lib:/bwfefs/opt/x86_64/intel/debugger_2019/libipt/intel64/lib:/bwfefs/opt/x86_64/intel/parallel_studio_xe_2019.5.075/comp

[STEP1] Read Control Parameters
 
Read_Ctrl_Input> Input Files
  topfile = toppar/top_all36_prot.rtf, toppar/top_all36_cgenff.rtf
  parfile = toppar/par_all36_prot.prm, toppar/par_all36_cgenff.prm
  strfile = toppar/toppar_water_ions.str, toppar/toppar_dhap.3.str
  psffile = ../../2.equil/step4_nvt_100.psf
  pdbfile = ../../2.equil/step4_nvt_100.pdb
  rstfile = equil1_19.rst
  reffile = ../../2.equil/step4_nvt_100.pdb
 
Read_Ctrl_Output> Output Files
  dcdfile    = equil1_20.dcd
  rstfile    = equil1_20.rst
 
Read_Ctrl_Energy> Parameters of Energy Calculations
  forcefield      =     CHARMM
  switchdist      =     16.000  cutoffdist      =     18.000
  pairlistdist    =     19.500  dielec_const    =      1.000
  vdW force_switch=        yes
  electrostatic   =  CUTOFF
  implicit_solvent=       none
  table_order     =          3
  table_density   =     20.000
  water_model     =       NONE
  output_style    =    GENESIS
  dispersion_corr =       none
  nonb_limiter    =      no
 
Read_Ctrl_Dynamics> Parameters of MD simulation
  integrator      =       VVER  nsteps          =      20000
  timestep        =     0.0005  initial_time    =     0.0000
  eneout_period   =        500  rstout_period   =        500
  crdout_period   =        500  velout_period   =          0
  nbupdate_period =         10  stoptr_period   =         10
  iseed           =   20190319
  annealing       =         no
  verbose         =         no
  target_md       =         no
  steered_md      =         no
  esp_mm          =         no
 
Read_Ctrl_Constraints> Parameters for Constraints
  rigid_bond      =        yes
  shake_iteration =        500  shake_tolerance =  0.100E-09
  fast_water      =        yes  water_model     =       TIP3
  hydrogen_type   =  name|mass
  noshake_index   = 4  11  12  13
  fixatm_select_index        =       none
 
Read_Ctrl_Ensemble> Parameters for Ensemble
  ensemble        =        NVT
  temperature     =    300.000
  tpcontrol       =      BUSSI
  tau_t           =      5.000
 
Read_Ctrl_Boundary> Parameters of Boundary Condition
  type            =       NOBC
  spherical_pot   =        yes  restart         =          T
  center_info     =       read  modify_ratio    =      1.000
  constant        =     10.000  exponent        =          2
  fixatom         =          T  fix_layer       =      1.000
 
Read_Ctrl_Selection> Parameters of Selection
  # of groups     =         13
    group 1 = sid:DHA or (sid:TIMA and (rno:95 or rno:165) and          not (an:CA  | an:C   | an:O   | an:N | an:HN | an:HA))
    group 2 = atomno:1900 or atomno:5687
    group 3 = atomno:1442
    group 4 = atomno:1443
    group 5 = atomno:2559
    group 6 = atomno:2560
    group 7 = atomno:7583
    group 8 = atomno:7584
    group 9 = atomno:7585
    group 10 = atomno:7586
    group 11 = atomno:7587
    group 12 = atomno:7588
    group 13 = atomno:7589
  # of mole names =          0
 
Read_Ctrl_Restraints> Parameters of Restraint
  numfunc         =   6
  function1 = POSI     
    direction     = ALL 
    constant      = 10.0
    reference     = 
    select_index  = 2
    mode          =   0
    exponent      =   2
    exponent_dist = 
    weight_dist   = 

  function2 = DIST     
    constant      = 300.0
    reference     = 1.0233
    select_index  = 6  12
    mode          =   0
    exponent      =   2
    exponent_dist = 
    weight_dist   = 

  function3 = DIST     
    constant      = 300.0
    reference     = 1.8362
    select_index  = 9  12
    mode          =   0
    exponent      =   2
    exponent_dist = 
    weight_dist   = 

  function4 = DIST     
    constant      = 300.0
    reference     = 2.1654
    select_index  = 5  11
    mode          =   0
    exponent      =   2
    exponent_dist = 
    weight_dist   = 

  function5 = DIST     
    constant      = 300.0
    reference     = 1.6848
    select_index  = 8   4
    mode          =   0
    exponent      =   2
    exponent_dist = 
    weight_dist   = 

  function6 = DIST     
    constant      = 300.0
    reference     = 2.6869
    select_index  = 3  11
    mode          =   0
    exponent      =   2
    exponent_dist = 
    weight_dist   = 

  pressure_position   = NO
  pressure_rmsd     = NO

Read_Ctrl_Fitting_MD> Parameters of Fitting
  fitting method  =  TR+ROT   
  fitting atom    = group1
  mass_weight     =         no
 
Read_Ctrl_QMMM> Parameters of QM/MM
  qmtyp              = qsimulate
  qmcnt              = qsimulate.json
  qmexe              = 
  workdir            = equil1_20
  savedir            = none
  basename           = job
  qmsave_period      = 500
  qmmaxtrial         = 1
  qmatm_select_index = 1
  exclude_charge     = GROUP
 
[STEP2] Setup MPI
 
Setup_Mpi_Md> Summary of Setup MPI
  number of MPI processes   =          4
  number of OpenMP threads  =         10
  total number of CPU cores =         40

[STEP3] Set Relevant Variables and Structures
 
Input_Top> Summary of Topfile
  num_atom_class  =        212  num_resi_type   =        685
 
Input_Par> Summary of Parfile
  num_bonds       =        658  num_angles      =       2003
  num_dihedrals   =       4838  num_impropers   =        163
  num_atom_cls    =        212  num_nbfix       =         75
  num_cmap_terms  =          6
 
Input_Str> Summary of Top information
  num_atom_class  =        227  num_resi_type   =        700
 
Input_Str> Summary of Par information
  num_bonds       =        663  num_angles      =       2006
  num_dihedrals   =       4850  num_impropers   =        163
  num_atom_cls    =        227  num_nbfix       =         90
  num_cmap_terms  =          6
 
Read_Psf> Summary of Psffile
  psftype         =      xplor
  num_atoms       =      37226  num_bonds       =      37288
  num_angles      =      23768  num_dihedrals   =      20268
  num_impropers   =       1292  num_cmap_terms  =        494
  num_HB_donors   =      20596  num_HB_acceptors=      10610
  num_NB_exclusion=          0  num_groups      =      12168
  total_charge    =    -10.000
 
Check_Pdb> 6-column residue sequence number
 
Read_Pdb> Summary of Data in PDB file
  num_atoms       =      37226
 
Read_Rst_Binary> Summary of RST file
  num_atoms       =      37226  iseed           =   20190319
  boxsize (x,y,z) =      0.000     0.000     0.000
  spherical_pot     =      yes
  nfunctions                 2  num_fixatm              9645
  num_of_qm_charge          35

Define_Molecule> Summary of molecules
  num_atoms       =      37226  num_bonds       =      37288
  num_angles      =      23768  num_dihedrals   =      20268
  num_impropers   =       1292  num_cmap_terms  =        494
  num_residues    =      10370  num_molecules   =       9878
  num_segments    =          6  num_deg_freedom =     111678
  total_charge    =    -10.000
 
Setup_Boundary> Setup Variables for Boundary Condition
  origin(x,y,z)   =      0.000     0.000     0.000
  nfunctions      =        2
    center(x,y,z) =     17.000     0.000     0.000
    radius        =     35.000
    constant      =     10.000
    exponent      =          2
    center(x,y,z) =    -17.000     0.000     0.000
    radius        =     35.000
    constant      =     10.000
    exponent      =          2

  num_fixatm      =     9645

 
Random_Init> Initialize the random number
  seed            = 20190319

Setup_QMMM> Setup QM region
  QM assignment info
  1435 TIMA     95 HSE    CB   CT2    assigned to QM atom    1 of element: C     6
  1436 TIMA     95 HSE    HB1  HA2    assigned to QM atom    2 of element: H     1
  1437 TIMA     95 HSE    HB2  HA2    assigned to QM atom    3 of element: H     1
  1438 TIMA     95 HSE    ND1  NR2    assigned to QM atom    4 of element: N     7
  1439 TIMA     95 HSE    CG   CPH1   assigned to QM atom    5 of element: C     6
  1440 TIMA     95 HSE    CE1  CPH2   assigned to QM atom    6 of element: C     6
  1441 TIMA     95 HSE    HE1  HR1    assigned to QM atom    7 of element: H     1
  1442 TIMA     95 HSE    NE2  NR1    assigned to QM atom    8 of element: N     7
  1443 TIMA     95 HSE    HE2  H      assigned to QM atom    9 of element: H     1
  1444 TIMA     95 HSE    CD2  CPH1   assigned to QM atom   10 of element: C     6
  1445 TIMA     95 HSE    HD2  HR3    assigned to QM atom   11 of element: H     1
  2552 TIMA    165 GLU    CB   CT2A   assigned to QM atom   12 of element: C     6
  2553 TIMA    165 GLU    HB1  HA2    assigned to QM atom   13 of element: H     1
  2554 TIMA    165 GLU    HB2  HA2    assigned to QM atom   14 of element: H     1
  2555 TIMA    165 GLU    CG   CT2    assigned to QM atom   15 of element: C     6
  2556 TIMA    165 GLU    HG1  HA2    assigned to QM atom   16 of element: H     1
  2557 TIMA    165 GLU    HG2  HA2    assigned to QM atom   17 of element: H     1
  2558 TIMA    165 GLU    CD   CC     assigned to QM atom   18 of element: C     6
  2559 TIMA    165 GLU    OE1  OC     assigned to QM atom   19 of element: O     8
  2560 TIMA    165 GLU    OE2  OC     assigned to QM atom   20 of element: O     8
  7575 DHA     249 DHAP   P    PG2    assigned to QM atom   21 of element: P    15
  7576 DHA     249 DHAP   O1P  OG303  assigned to QM atom   22 of element: O     8
  7577 DHA     249 DHAP   O2P  OG2P1  assigned to QM atom   23 of element: O     8
  7578 DHA     249 DHAP   O3P  OG2P1  assigned to QM atom   24 of element: O     8
  7579 DHA     249 DHAP   O4P  OG2P1  assigned to QM atom   25 of element: O     8
  7580 DHA     249 DHAP   C1   CG321  assigned to QM atom   26 of element: C     6
  7581 DHA     249 DHAP   H11  HGA2   assigned to QM atom   27 of element: H     1
  7582 DHA     249 DHAP   H12  HGA2   assigned to QM atom   28 of element: H     1
  7583 DHA     249 DHAP   C2   CG2O5  assigned to QM atom   29 of element: C     6
  7584 DHA     249 DHAP   O2   OG2D3  assigned to QM atom   30 of element: O     8
  7585 DHA     249 DHAP   C3   CG321  assigned to QM atom   31 of element: C     6
  7586 DHA     249 DHAP   O3   OG311  assigned to QM atom   32 of element: O     8
  7587 DHA     249 DHAP   HO3  HGP1   assigned to QM atom   33 of element: H     1
  7588 DHA     249 DHAP   H31  HGA2   assigned to QM atom   34 of element: H     1
  7589 DHA     249 DHAP   H32  HGA2   assigned to QM atom   35 of element: H     1
  number of QM atoms = 35
 
  QM charges retreived from rstfile.
 

Generate_LinkAtoms> QM-MM interface info. Link hydrogen is set between:
              [ QM atom ]             -             [ MM atom ]
  1435 TIMA     95 HSE    CB   CT2    -   1433 TIMA     95 HSE    CA   CT1   
                                          1431 TIMA     95 HSE    N    NH1    excluded
                                          1432 TIMA     95 HSE    HN   H      excluded
                                          1434 TIMA     95 HSE    HA   HB1    excluded
  2552 TIMA    165 GLU    CB   CT2A   -   2550 TIMA    165 GLU    CA   CT1   
                                          2548 TIMA    165 GLU    N    NH1    excluded
                                          2549 TIMA    165 GLU    HN   H      excluded
                                          2551 TIMA    165 GLU    HA   HB1    excluded

  number of link atoms           = 2
  number of external MM charges  = 37183


  Check the input file for QSimulate [ qsimulate.json ]
Setup_Enefunc_Cmap_Par> Natural spline is used to derive cmap coefs.

Setup_Enefunc_Table> Setup Variables for LookupTable
  num_solutes     =      37226  num_waters      =          0

Setup_Enefunc_Restraint> Setup restraint groups
 group =     1, "sid:DHA or (sid:TIMA and (rno:95 or rno:165) and          not (an:CA  | an:C   | an:O   | an:N | an:HN | an:HA))"
 # of atoms =    35
 atomlist: 
   1435   1436   1437   1438   1439   1440   1441   1442   1443   1444
   1445   2552   2553   2554   2555   2556   2557   2558   2559   2560
   7575   7576   7577   7578   7579   7580   7581   7582   7583   7584
   7585   7586   7587   7588   7589
 group =     2, "atomno:1900 or atomno:5687"
 # of atoms =     2
 atomlist: 
   1900   5687
 group =     3, "atomno:1442"
 # of atoms =     1
 atomlist: 
   1442
 group =     4, "atomno:1443"
 # of atoms =     1
 atomlist: 
   1443
 group =     5, "atomno:2559"
 # of atoms =     1
 atomlist: 
   2559
 group =     6, "atomno:2560"
 # of atoms =     1
 atomlist: 
   2560
 group =     7, "atomno:7583"
 # of atoms =     1
 atomlist: 
   7583
 group =     8, "atomno:7584"
 # of atoms =     1
 atomlist: 
   7584
 group =     9, "atomno:7585"
 # of atoms =     1
 atomlist: 
   7585
 group =    10, "atomno:7586"
 # of atoms =     1
 atomlist: 
   7586
 group =    11, "atomno:7587"
 # of atoms =     1
 atomlist: 
   7587
 group =    12, "atomno:7588"
 # of atoms =     1
 atomlist: 
   7588
 group =    13, "atomno:7589"
 # of atoms =     1
 atomlist: 
   7589
Setup_Enefunc_Restraint> Setup restraint functions
 func  =     1 kind  =     1
 const(total, x, y, z) =   10.000   1.000   1.000   1.000
 exponend of function =     2
 # of groups  =     1
 grouplist:   2

 func  =     2 kind  =     2
 const             =  300.000
 ref               =    1.023
 exponend of function =     2
 # of distances  =     1
 distancelist: 
 group = (  6, 12) weight =    1.000 exponent =     1

 func  =     3 kind  =     2
 const             =  300.000
 ref               =    1.836
 exponend of function =     2
 # of distances  =     1
 distancelist: 
 group = (  9, 12) weight =    1.000 exponent =     1

 func  =     4 kind  =     2
 const             =  300.000
 ref               =    2.165
 exponend of function =     2
 # of distances  =     1
 distancelist: 
 group = (  5, 11) weight =    1.000 exponent =     1

 func  =     5 kind  =     2
 const             =  300.000
 ref               =    1.685
 exponend of function =     2
 # of distances  =     1
 distancelist: 
 group = (  8,  4) weight =    1.000 exponent =     1

 func  =     6 kind  =     2
 const             =  300.000
 ref               =    2.687
 exponend of function =     2
 # of distances  =     1
 distancelist: 
 group = (  3, 11) weight =    1.000 exponent =     1

Define_Enefunc_CHARMM> Number of Interactions in Each Term
  bond_ene        =      37255  angle_ene       =      23717
  urey_ene        =       6639
  torsion_ene     =      23862  improper_ene    =       1285
  cmap_ene        =        494
  restraint_groups=         13  restraint_funcs =          6
 
Setup_Fitting_Atdyn> NO fitting is applied, skip
  fitting method  =  NO

Update_Num_Deg_Freedom> Number of degrees of freedom was updated
  num_deg_freedom =      82743 (After setup of fixed atoms at boundary)
 
Remove_Fixatm> Modified Interactions
  bond_ene        =      27610  angle_ene       =      20502
  urey_ene        =       6639
  torsion_ene     =      23862  improper_ene    =       1285
 
Setup_Constraints> The following atoms are excluded from SHAKE:
    1443    7587    7588    7589
Setup_Settle> Setup constraints for SETTLE
  num_unconsbonds =       7633      num_Settle  =       6659
  r0(O-H)         =     0.9572  mass(O)         =    15.9994
  r0(H-H)         =     1.5139  mass(H)         =     1.0080
 
Setup_Shake> Setup constrains for SHAKE and RATTLE
  num_unconsbonds =       3837  num_rigid_bonds =       3796
 
  num_qm_rigid_bonds =         10
 
Update_Num_Deg_Freedom> Number of degrees of freedom was updated
  num_deg_freedom =      62766 (After setup of SETTLE)
 
Update_Num_Deg_Freedom> Number of degrees of freedom was updated
  num_deg_freedom =      58960 (After setup of SHAKE/RATTLE)
 
[STEP4] Compute Single Point Energy for Molecules
 
            STEP            BOND           ANGLE    UREY-BRADLEY        DIHEDRAL        IMPROPER            CMAP         VDWAALS           ELECT    RESTRAINT001    RESTRAINT002    RESTRAINT003    RESTRAINT004    RESTRAINT005    RESTRAINT006    RESTR_CVS001    RESTR_CVS002    RESTR_CVS003    RESTR_CVS004    RESTR_CVS005    RESTR_CVS006              QM            SPOT
 --------------- --------------- --------------- --------------- ---------------
               0       1458.7823       3711.1987        454.7364       4540.2335        272.7381       -186.1141       7047.9800    -116925.1241          1.1168          0.1019          2.1859          0.0551          1.7807          0.3582          0.0000          1.0417          1.7508          2.1519          1.7618          2.7215     -36060.9822         13.3583

[STEP5] Perform Molecular Dynamics Simulation
 
INFO:       STEP            TIME       TOTAL_ENE   POTENTIAL_ENE     KINETIC_ENE            RMSG            BOND           ANGLE    UREY-BRADLEY        DIHEDRAL        IMPROPER            CMAP         VDWAALS           ELECT RESTRAINT_TOTAL    RESTRAINT001    RESTRAINT002    RESTRAINT003    RESTRAINT004    RESTRAINT005    RESTRAINT006    RESTR_CVS001    RESTR_CVS002    RESTR_CVS003    RESTR_CVS004    RESTR_CVS005    RESTR_CVS006     TEMPERATURE          VOLUME              QM            SPOT
 --------------- --------------- --------------- --------------- ---------------
INFO:        500          0.2500    -118014.4613    -135639.9495      17625.4882         12.6131       1566.9187       3671.6033        455.3505       4488.5028        276.2320       -187.0969       7073.7107    -116916.6814          6.2328          1.3416          0.7708          2.4644          0.3888          0.7931          0.4740          0.0000          1.0740          1.9268          2.1294          1.7362          2.7266        300.8667          0.0000     -36074.7220         10.3195

INFO:       1000          0.5000    -118028.8268    -135577.5408      17548.7140         12.5927       1435.5855       3768.8349        461.7971       4471.1230        259.2258       -184.8371       7171.0820    -116941.4611          4.5216          3.1913          0.8567          0.0846          0.3377          0.0510          0.0002          0.0000          1.0767          1.8194          2.1318          1.6978          2.6876        299.5561          0.0000     -36023.4125         14.5920

INFO:       1500          0.7500    -118060.2031    -135683.4824      17623.2793         12.6524       1460.2515       3694.5930        451.7046       4500.3108        266.9777       -170.2900       7276.1614    -117120.6419          4.0218          2.2875          0.0011          0.8982          0.2544          0.2713          0.3094          0.0000          1.0252          1.8909          2.1945          1.6547          2.6548        300.8290          0.0000     -36046.5713         11.0998

INFO:       2000          1.0000    -118072.1803    -135597.9880      17525.8077         12.5773       1488.4642       3743.3167        470.3636       4473.1234        256.9196       -178.7646       7269.1461    -117116.6466          3.2358          1.0940          0.0651          0.0018          0.2222          1.7921          0.0607          0.0000          1.0380          1.8386          2.1926          1.7621          2.7011        299.1651          0.0000     -36007.1462         16.0163

INFO:       2500          1.2500    -118035.9985    -135665.2205      17629.2220         12.5992       1528.0912       3765.2612        454.2311       4518.2553        256.5934       -187.3015       7134.4140    -117098.5719          4.1210          2.6041          0.3857          0.1134          0.0263          0.5384          0.4531          0.0000          1.0592          1.8168          2.1560          1.6424          2.7258        300.9304          0.0000     -36040.3142         10.7280

INFO:       3000          1.5000    -118045.8422    -135688.4782      17642.6360         12.5687       1454.9743       3729.3935        476.4504       4485.5061        269.4539       -204.6877       7332.4287    -117191.1537          1.8114          0.9032          0.1306          0.1683          0.0007          0.1378          0.4708          0.0000          1.0442          1.8125          2.1638          1.7062          2.6473        301.1594          0.0000     -36042.6551         15.7799

INFO:       3500          1.7500    -118044.0053    -135769.9378      17725.9325         12.5960       1474.0523       3836.5896        478.9940       4455.2406        251.7713       -182.1999       7020.6607    -117023.6720          6.6990          1.9240          0.0489          0.2491          0.5121          0.8423          3.1226          0.0000          1.0361          1.8650          2.2067          1.7378          2.7889        302.5812          0.0000     -36088.0732         14.6885

INFO:       4000          2.0000    -118028.6279    -135778.8036      17750.1757         12.6525       1496.0008       3721.5852        453.8464       4440.9081        265.9860       -177.5829       7100.6657    -117019.8111          8.7033          3.5844          0.8041          1.8924          0.9665          1.4549          0.0010          0.0000          0.9715          1.9156          2.2222          1.7544          2.6851        302.9951          0.0000     -36069.1051          7.4626

INFO:       4500          2.2500    -118026.2987    -135807.7345      17781.4359         12.5955       1504.1388       3751.0460        454.7465       4514.8208        245.5936       -179.9498       6976.4074    -116991.0915          4.5317          0.3269          1.2313          1.3107          0.3925          0.0022          1.2681          0.0000          0.9592          1.9023          2.1292          1.6875          2.6219        303.5287          0.0000     -36087.9779         11.0153

INFO:       5000          2.5000    -118049.4128    -135764.4648      17715.0519         12.6494       1571.8878       3731.3283        466.1102       4468.4982        266.6084       -165.2767       7370.7411    -117411.8578          6.0375          3.4264          0.0942          0.0047          0.4603          0.4023          1.6495          0.0000          1.0056          1.8322          2.2046          1.7214          2.6127        302.3955          0.0000     -36068.5419         15.7602

INFO:       5500          2.7500    -118087.4676    -135701.7777      17614.3102         12.5755       1473.8018       3729.8272        458.5793       4455.1775        271.6631       -178.5361       7139.3790    -116971.2258          2.5302          0.6538          0.7015          0.3294          0.1575          0.2352          0.4529          0.0000          1.0717          1.8031          2.1425          1.7128          2.6480        300.6759          0.0000     -36082.9739         11.9531

INFO:       6000          3.0000    -118098.1829    -135821.6127      17723.4297         12.5636       1486.7855       3749.8801        472.4010       4511.2952        253.3189       -184.9129       7155.7584    -117157.1714          7.7988          1.1751          1.8006          0.8743          0.6422          0.9074          2.3992          0.0000          0.9458          1.8902          2.2117          1.7398          2.5975        302.5385          0.0000     -36116.7663         13.5047

INFO:       6500          3.2500    -118117.5027    -135875.2641      17757.7614         12.5919       1471.6986       3672.0215        461.1433       4474.1286        279.1794       -166.8559       7347.6136    -117317.4489          6.5982          0.3754          1.4385          1.2246          0.0059          0.0980          3.4558          0.0000          0.9541          1.9001          2.1610          1.7029          2.7942        303.1246          0.0000     -36103.3427         14.7390

INFO:       7000          3.5000    -118084.8669    -135658.8582      17573.9913         12.5490       1478.0457       3666.1178        464.8793       4511.2428        279.4509       -180.6682       7098.5873    -116920.9977          3.7208          0.2598          0.0299          0.6534          1.0393          0.4706          1.2678          0.0000          1.0133          1.8829          2.1065          1.7244          2.7519        299.9876          0.0000     -36059.2371         14.1909

INFO:       7500          3.7500    -118052.6110    -135470.7973      17418.1864         12.5984       1539.5330       3718.1303        458.6744       4493.9885        261.1311       -178.0384       7124.4543    -116802.6868          3.9143          1.4194          0.4053          0.4240          0.0253          0.1294          1.5110          0.0000          0.9865          1.8738          2.1746          1.7056          2.6159        297.3280          0.0000     -36089.8980          7.8858

INFO:       8000          4.0000    -118106.1853    -135778.4588      17672.2735         12.7006       1519.3492       3693.6500        466.7670       4449.0173        287.4134       -185.5283       7259.4223    -117182.6268          4.5847          0.8384          0.5026          0.1053          1.8761          0.0263          1.2360          0.0000          0.9824          1.8549          2.0863          1.6754          2.7511        301.6653          0.0000     -36090.5076         15.6574

INFO:       8500          4.2500    -118099.0488    -135655.2785      17556.2297         12.6581       1512.7399       3758.2608        478.0766       4455.8241        256.4082       -195.9096       7271.6281    -117103.3138          3.4349          0.8021          0.0243          1.1847          0.2640          0.5282          0.6316          0.0000          1.0323          1.8990          2.1951          1.7268          2.6410        299.6844          0.0000     -36092.4277         19.0172

INFO:       9000          4.5000    -118107.5651    -135643.9402      17536.3752         12.5964       1480.4811       3712.2586        470.9280       4481.0437        242.5756       -171.6160       7264.5437    -117056.2601          5.4764          0.5386          0.3967          0.1325          0.6502          0.2078          3.5507          0.0000          1.0597          1.8152          2.2120          1.7111          2.7957        299.3455          0.0000     -36073.3714         17.3839

INFO:       9500          4.7500    -118094.1281    -135756.1907      17662.0626         12.5939       1476.2825       3801.9477        486.8391       4445.2164        240.8887       -173.4733       7059.0213    -117012.3057          4.0735          0.7559          0.7006          0.0002          0.9103          0.0753          1.6312          0.0000          1.0716          1.8354          2.2205          1.7006          2.6132        301.4910          0.0000     -36084.6808         14.9046

INFO:      10000          5.0000    -118091.1086    -135647.9756      17556.8670         12.6171       1486.0682       3730.7984        462.5599       4475.1671        253.3330       -177.9158       7274.2072    -117058.8638          4.9426          1.4739          0.0505          1.0246          0.0077          0.2310          2.1550          0.0000          1.0103          1.8946          2.1705          1.6571          2.7717        299.6953          0.0000     -36098.2724         10.7790

INFO:      10500          5.2500    -118026.2616    -135589.0111      17562.7494         12.6677       1558.6381       3724.8048        468.9152       4498.1125        263.6000       -156.9053       7182.6889    -117077.3852          7.7056          1.2873          1.2094          0.4171          0.0103          0.3620          4.4195          0.0000          0.9598          1.8735          2.1712          1.7195          2.8083        299.7957          0.0000     -36059.1857         11.9924

INFO:      11000          5.5000    -118012.2898    -135769.0968      17756.8070         12.6324       1519.7004       3745.9026        461.8992       4517.0427        267.1613       -187.4993       7292.8814    -117297.6154          6.2685          0.6168          0.3357          0.9571          2.5677          0.3628          1.4283          0.0000          0.9898          1.8927          2.2579          1.7196          2.6179        303.1083          0.0000     -36094.8382         10.6514

INFO:      11500          5.7500    -117976.7337    -135618.9095      17642.1759         12.6139       1480.2086       3782.5873        473.0457       4463.0421        255.1592       -192.0457       7486.9903    -117289.9233          5.1202          2.0262          0.1698          0.9489          0.0007          0.0077          1.9669          0.0000          0.9995          1.8924          2.1639          1.6899          2.7679        301.1515          0.0000     -36083.0940         10.0497

INFO:      12000          6.0000    -117931.7172    -135696.8159      17765.0987         12.5699       1464.0298       3731.3864        444.0895       4495.8914        255.5038       -185.9355       7294.4365    -117103.8192          4.3657          1.1784          0.0687          0.2196          0.5609          0.6449          1.6931          0.0000          1.0384          1.8091          2.1222          1.7312          2.7620        303.2498          0.0000     -36096.7643         11.5117

INFO:      12500          6.2500    -117900.9338    -135536.2871      17635.3532         12.6081       1519.1969       3708.6812        479.2556       4494.9220        264.5054       -176.3928       7019.4347    -116777.6402          4.9698          1.9997          0.6666          0.2981          0.8077          0.0579          1.1398          0.0000          1.0704          1.8047          2.2173          1.6987          2.6253        301.0351          0.0000     -36073.2196         15.8819

INFO:      13000          6.5000    -117905.8597    -135523.0160      17617.1563         12.6794       1518.4817       3820.0393        478.5844       4486.9607        293.3799       -159.5252       7152.2180    -117046.6237          3.3532          0.4192          0.6453          0.5678          0.4513          0.5750          0.6946          0.0000          1.0697          1.7927          2.2042          1.6410          2.6388        300.7244          0.0000     -36069.8842         10.2355

INFO:      13500          6.7500    -117972.0489    -135703.1398      17731.0909         12.5741       1420.3573       3695.2330        454.6412       4464.9039        264.7054       -167.9694       7262.1647    -116997.6067          5.3577          2.3017          0.2111          1.0280          0.1429          0.0473          1.6267          0.0000          0.9968          1.8947          2.1872          1.6974          2.7605        302.6693          0.0000     -36104.9268         17.0161

INFO:      14000          7.0000    -118018.9605    -135549.6913      17530.7308         12.6155       1479.5904       3745.8773        476.9919       4526.6915        280.4003       -166.7754       7379.5409    -117121.4973          2.3577          1.5373          0.2891          0.0286          0.1848          0.3176          0.0003          0.0000          1.0543          1.8264          2.1902          1.7173          2.6859        299.2492          0.0000     -36152.8687         18.5336

INFO:      14500          7.2500    -118048.4615    -135599.6900      17551.2284         12.6379       1507.8216       3752.1966        470.3712       4498.4863        267.4181       -181.7880       7172.9798    -116970.3626          1.5205          0.5069          0.0949          0.4506          0.1876          0.1393          0.1411          0.0000          1.0411          1.7974          2.1404          1.7064          2.6652        299.5990          0.0000     -36118.3334         17.7900

INFO:      15000          7.5000    -118009.1655    -135711.9447      17702.7792         12.5957       1497.2834       3701.0923        453.2709       4476.4725        272.0929       -194.7605       7243.3513    -117057.4419          6.4401          3.6746          0.2804          1.4953          0.9884          0.0014          0.0001          0.0000          0.9927          1.9068          2.2228          1.6870          2.6873        302.1860          0.0000     -36109.7456          9.0144

INFO:      15500          7.7500    -118063.7649    -135662.3555      17598.5906         12.5737       1501.1207       3757.0181        451.0086       4487.8894        271.0802       -182.3991       7050.1511    -116901.3132          4.1007          2.2935          0.5247          0.7839          0.0809          0.4115          0.0063          0.0000          0.9815          1.8873          2.1490          1.7218          2.6823        300.4075          0.0000     -36101.0120         17.1873

INFO:      16000          8.0000    -118063.5616    -135589.0324      17525.4708         12.6325       1523.6721       3774.3496        468.7607       4479.8310        281.9799       -175.8863       7242.0838    -117096.6572          4.3792          1.5980          1.7484          0.7759          0.0260          0.0322          0.1986          0.0000          0.9470          1.8871          2.1561          1.6744          2.7126        299.1594          0.0000     -36091.5453         13.9072

INFO:      16500          8.2500    -118025.5489    -135664.3703      17638.8214         12.6155       1505.4483       3719.4125        466.1773       4496.6939        287.0529       -163.4850       7256.2716    -117142.7001          2.8136          0.8991          0.0176          0.1472          0.1230          0.8845          0.7422          0.0000          1.0309          1.8140          2.1451          1.7391          2.6372        301.0943          0.0000     -36092.0555         18.1232

INFO:      17000          8.5000    -118024.6095    -135602.2969      17577.6874         12.5942       1465.1523       3774.1943        453.1628       4491.8141        254.1564       -180.7040       7077.0666    -116834.9100          4.3574          2.2390          0.7065          0.2731          0.0119          0.4789          0.6481          0.0000          1.0718          1.8060          2.1717          1.7248          2.7334        300.0507          0.0000     -36106.5867         13.2029

INFO:      17500          8.7500    -118009.2871    -135588.4886      17579.2015         12.6173       1491.1941       3790.4210        479.6594       4487.8090        273.7925       -178.4281       7174.1039    -116961.1274          3.5587          1.6315          0.3935          0.2119          0.4529          0.8307          0.0382          0.0000          1.0595          1.8096          2.2043          1.7374          2.6756        300.0765          0.0000     -36149.4717         16.6653

INFO:      18000          9.0000    -118029.9929    -135815.0413      17785.0484         12.6329       1548.6884       3696.4035        471.7046       4500.2891        265.6591       -190.0682       7035.4272    -117055.7598          3.5316          1.9706          0.8428          0.0077          0.0960          0.0491          0.5653          0.0000          0.9703          1.8413          2.1475          1.6976          2.6435        303.5903          0.0000     -36090.9168         13.8789

INFO:      18500          9.2500    -118043.0558    -135714.0737      17671.0180         12.5607       1467.4398       3717.4460        459.5015       4476.3454        263.2374       -174.3236       7144.4948    -117025.8759          5.2382          2.3081          1.5891          0.1668          0.5888          0.0004          0.5849          0.0000          0.9505          1.8598          2.1211          1.6837          2.7311        301.6439          0.0000     -36047.5772         13.4855

INFO:      19000          9.5000    -117981.8323    -135633.1253      17651.2931         12.6718       1504.0857       3717.4040        467.0918       4466.4860        265.9834       -164.1352       7151.6998    -116975.7687          4.7176          0.6386          0.2486          0.8980          0.9621          1.8681          0.1022          0.0000          1.0521          1.7815          2.1088          1.7637          2.7054        301.3071          0.0000     -36070.6896         19.9379

INFO:      19500          9.7500    -118014.9667    -135682.9271      17667.9604         12.6324       1488.0559       3756.7509        468.2639       4457.6255        268.2733       -166.2921       7506.0193    -117384.4945          5.6334          2.4236          1.8774          0.7939          0.0002          0.1924          0.3459          0.0000          0.9442          1.8876          2.1646          1.7101          2.6529        301.5917          0.0000     -36082.7627         16.5328

INFO:      20000         10.0000    -118026.8570    -135681.8243      17654.9672         12.5616       1499.1328       3774.4441        460.1298       4466.4372        263.7604       -173.1181       7071.1949    -116918.5695          3.8480          1.1941          0.0928          0.0213          0.3299          1.5282          0.6817          0.0000          1.0409          1.8446          2.1322          1.7562          2.6392        301.3699          0.0000     -36129.0837         17.1079

 
[STEP6] Deallocate Arrays
 
Output_Time> Averaged timer profile (Min, Max)
  total time      =    2635.317
    setup         =       8.843
    dynamics      =    2626.474
      energy      =    2441.269
      integrator  =      41.712
      pairlist    =     143.357 (     136.430,     160.805)
  energy           
    bond          =       0.481 (       0.472,       0.487)
    angle         =       2.762 (       2.702,       2.828)
    dihedral      =       6.683 (       6.404,       6.981)
    nonbond       =     802.029 (     785.137,     827.966)
      pme real    =     802.024 (     785.132,     827.962)
      pme recip   =       0.000 (       0.000,       0.000)
    solvation     =       0.000 (       0.000,       0.000)
      polar       =       0.000 (       0.000,       0.000)
      non-polar   =       0.000 (       0.000,       0.000)
    restraint     =       0.122 (       0.111,       0.138)
    qmmm          =    1572.660 (    1572.622,    1572.684)
  integrator       
    constraint    =      22.751 (      22.046,      23.344)
    update        =       0.000 (       0.000,       0.000)
    comm_coord    =       0.000 (       0.000,       0.000)
    comm_force    =       0.000 (       0.000,       0.000)
    comm_migrate  =       0.000 (       0.000,       0.000)

Note: The following floating-point exceptions are signalling:Note: The following floating-point exceptions are signalling: IEEE_OVERFLOW_FLAG IEEE_UNDERFLOW_FLAG IEEE_DENORMAL
Note: The following floating-point exceptions are signalling: IEEE_OVERFLOW_FLAG IEEE_UNDERFLOW_FLAG IEEE_DENORMAL
 IEEE_OVERFLOW_FLAG IEEE_UNDERFLOW_FLAG IEEE_DENORMAL
Note: The following floating-point exceptions are signalling: IEEE_OVERFLOW_FLAG IEEE_UNDERFLOW_FLAG IEEE_DENORMAL
