(10.2.13.46:0,1,2,3)

[0] MPI startup(): libfabric version: 1.7.2a-impi
[0] MPI startup(): libfabric provider: verbs;ofi_rxm
[0] MPI startup(): Rank    Pid      Node name  Pin cpu
[0] MPI startup(): 0       183987   bwmpc0270  {0,1,2,3,4,5,6,7,8,9}
[0] MPI startup(): 1       183988   bwmpc0270  {10,11,12,13,14,15,16,17,18,19}
[0] MPI startup(): 2       183989   bwmpc0270  {20,21,22,23,24,25,26,27,28,29}
[0] MPI startup(): 3       183990   bwmpc0270  {30,31,32,33,34,35,36,37,38,39}
[0] MPI startup(): I_MPI_ROOT=/bwfefs/opt/x86_64/intel/compilers_and_libraries_2019.5.281/linux/mpi
[0] MPI startup(): I_MPI_HYDRA_BOOTSTRAP_EXEC=/bin/pjrsh
[0] MPI startup(): I_MPI_HYDRA_BOOTSTRAP_AUTOFORK=0
[0] MPI startup(): I_MPI_HYDRA_TOPOLIB=hwloc
[0] MPI startup(): I_MPI_HYDRA_HOST_FILE=/bwfefs/home/kyagi/tim/tim5/b3lypD3.rpath1/3.equil1/.d0011452918_nodeinfo
[0] MPI startup(): I_MPI_PERHOST=4
[0] MPI startup(): I_MPI_PIN=1
[0] MPI startup(): I_MPI_PIN_RESPECT_HCA=0
[0] MPI startup(): I_MPI_INTERNAL_MEM_POLICY=default
[0] MPI startup(): I_MPI_DEBUG=5
****************************************************
*                                                  *
*                  GENESIS ATDYN                   *
*                                                  *
*        A Molecular Dynamics Simulator with       *
*            Atomic Decomposition Scheme           *
*                                                  *
*               Developed by RIKEN                 *
*                                                  *
****************************************************
 
[STEP0] Architecture and Compiler Information
 
GENESIS_Information> GENESIS Information
  version      = 1.6.0
  commit ID    = $GENESIS_VERSION$
  precision    = double
  nonbonding   = CPU

Build_Information> Compiler Information
  build host   = kyagi@bwmpc0837
  fortran      = GNU Fortran (GCC) 7.2.0
  option       = -O3 -ffast-math -march=native -ffree-line-length-none -fopenmp 
  C            = gcc (GCC) 7.2.0
  option       = -O3 -ffast-math -march=native -fopenmp
  defined var. =  -DMPI -DOMP -DFFTE -DLAPACK -DDSFMT_MEXP=19937 -D__GFORTRAN__
  link option  = -L/home/kyagi/local/lib -fopenmp -lmkl_scalapack_lp64 -lmkl_blacs_intelmpi_lp64 -lmkl_intel_lp64 -lmkl_intel_thread -lmkl_core -liomp5 -lpthread -lm 

Runtime_Information> Machine and Library Information
  date       = 2021/02/03 08:26:55
  cpu model    = Intel(R) Xeon(R) Gold 6148 CPU @ 2.40GHz
  exec. host   = kyagi@bwmpc0270
  LD library   = /home/kyagi/local/lib:/bwfefs/opt/x86_64/intel/compilers_and_libraries_2019.5.281/linux/compiler/lib/intel64_lin:/bwfefs/opt/x86_64/intel/compilers_and_libraries_2019.5.281/linux/mkl/lib/intel64_lin:/bwfefs/opt/x86_64/gcc/7.2.0/lib64:/bwfefs/opt/x86_64/gcc/7.2.0/lib:/bwfefs/opt/x86_64/intel/impi/2019.5.281/intel64/lib/release:/bwfefs/opt/x86_64/intel/impi/2019.5.281/intel64/lib:/bwfefs/opt/x86_64/intel/impi/2019.5.281/intel64/libfabric/lib:/bwfefs/opt/x86_64/intel/parallel_studio_xe_2019.5.075/compilers_and_libraries_2019//linux/compiler/lib/intel64:/bwfefs/opt/x86_64/intel/parallel_studio_xe_2019.5.075/compilers_and_libraries_2019//linux/compiler/lib/intel64_lin:/bwfefs/opt/x86_64/intel/parallel_studio_xe_2019.5.075/compilers_and_libraries_2019//linux/mpi/intel64/lib:/bwfefs/opt/x86_64/intel/parallel_studio_xe_2019.5.075/compilers_and_libraries_2019//linux/mpi/intel64/libfabric/lib:/bwfefs/opt/x86_64/intel/parallel_studio_xe_2019.5.075/compilers_and_libraries_2019//linux/ipp/lib/intel64:/bwfefs/opt/x86_64/intel/parallel_studio_xe_2019.5.075/compilers_and_libraries_2019//linux/compiler/lib/intel64:/bwfefs/opt/x86_64/intel/parallel_studio_xe_2019.5.075/compilers_and_libraries_2019//linux/mkl/lib/intel64:/bwfefs/opt/x86_64/intel/parallel_studio_xe_2019.5.075/compilers_and_libraries_2019//linux/tbb/lib/intel64/gcc4.7:/bwfefs/opt/x86_64/intel/debugger_2019/iga/lib:/bwfefs/opt/x86_64/intel/debugger_2019/libipt/intel64/lib:/bwfefs/opt/x86_64/intel/parallel_studio_xe_2019.5.075/comp

[STEP1] Read Control Parameters
 
Read_Ctrl_Input> Input Files
  topfile = toppar/top_all36_prot.rtf, toppar/top_all36_cgenff.rtf
  parfile = toppar/par_all36_prot.prm, toppar/par_all36_cgenff.prm
  strfile = toppar/toppar_water_ions.str, toppar/toppar_dhap.3.str
  psffile = ../../2.equil/step4_nvt_100.psf
  pdbfile = ../../2.equil/step4_nvt_100.pdb
  rstfile = ../../2.equil/step4.11_qmmm_nvt.rst
  reffile = ../../2.equil/step4_nvt_100.pdb
 
Read_Ctrl_Output> Output Files
  dcdfile    = equil1_1.dcd
  rstfile    = equil1_1.rst
 
Read_Ctrl_Energy> Parameters of Energy Calculations
  forcefield      =     CHARMM
  switchdist      =     16.000  cutoffdist      =     18.000
  pairlistdist    =     19.500  dielec_const    =      1.000
  vdW force_switch=        yes
  electrostatic   =  CUTOFF
  implicit_solvent=       none
  table_order     =          3
  table_density   =     20.000
  water_model     =       NONE
  output_style    =    GENESIS
  dispersion_corr =       none
  nonb_limiter    =      no
 
Read_Ctrl_Dynamics> Parameters of MD simulation
  integrator      =       VVER  nsteps          =      20000
  timestep        =     0.0005  initial_time    =     0.0000
  eneout_period   =        500  rstout_period   =        500
  crdout_period   =        500  velout_period   =          0
  nbupdate_period =         10  stoptr_period   =         10
  iseed           =   20190319
  annealing       =         no
  verbose         =         no
  target_md       =         no
  steered_md      =         no
  esp_mm          =         no
 
Read_Ctrl_Constraints> Parameters for Constraints
  rigid_bond      =        yes
  shake_iteration =        500  shake_tolerance =  0.100E-09
  fast_water      =        yes  water_model     =       TIP3
  hydrogen_type   =  name|mass
  noshake_index   = 4  11  12  13
  fixatm_select_index        =       none
 
Read_Ctrl_Ensemble> Parameters for Ensemble
  ensemble        =        NVT
  temperature     =    300.000
  tpcontrol       =      BUSSI
  tau_t           =      5.000
 
Read_Ctrl_Boundary> Parameters of Boundary Condition
  type            =       NOBC
  spherical_pot   =        yes  restart         =          T
  center_info     =       read  modify_ratio    =      1.000
  constant        =     10.000  exponent        =          2
  fixatom         =          T  fix_layer       =      1.000
 
Read_Ctrl_Selection> Parameters of Selection
  # of groups     =         13
    group 1 = sid:DHA or (sid:TIMA and (rno:95 or rno:165) and          not (an:CA  | an:C   | an:O   | an:N | an:HN | an:HA))
    group 2 = atomno:1900 or atomno:5687
    group 3 = atomno:1442
    group 4 = atomno:1443
    group 5 = atomno:2559
    group 6 = atomno:2560
    group 7 = atomno:7583
    group 8 = atomno:7584
    group 9 = atomno:7585
    group 10 = atomno:7586
    group 11 = atomno:7587
    group 12 = atomno:7588
    group 13 = atomno:7589
  # of mole names =          0
 
Read_Ctrl_Restraints> Parameters of Restraint
  numfunc         =   6
  function1 = POSI     
    direction     = ALL 
    constant      = 10.0
    reference     = 
    select_index  = 2
    mode          =   0
    exponent      =   2
    exponent_dist = 
    weight_dist   = 

  function2 = DIST     
    constant      = 300.0
    reference     = 2.5290
    select_index  = 6  12
    mode          =   0
    exponent      =   2
    exponent_dist = 
    weight_dist   = 

  function3 = DIST     
    constant      = 300.0
    reference     = 1.0980
    select_index  = 9  12
    mode          =   0
    exponent      =   2
    exponent_dist = 
    weight_dist   = 

  function4 = DIST     
    constant      = 300.0
    reference     = 1.7610
    select_index  = 5  11
    mode          =   0
    exponent      =   2
    exponent_dist = 
    weight_dist   = 

  function5 = DIST     
    constant      = 300.0
    reference     = 1.8700
    select_index  = 8   4
    mode          =   0
    exponent      =   2
    exponent_dist = 
    weight_dist   = 

  function6 = DIST     
    constant      = 300.0
    reference     = 2.7740
    select_index  = 3  11
    mode          =   0
    exponent      =   2
    exponent_dist = 
    weight_dist   = 

  pressure_position   = NO
  pressure_rmsd     = NO

Read_Ctrl_Fitting_MD> Parameters of Fitting
  fitting method  =  TR+ROT   
  fitting atom    = group1
  mass_weight     =         no
 
Read_Ctrl_QMMM> Parameters of QM/MM
  qmtyp              = qsimulate
  qmcnt              = qsimulate.json
  qmexe              = 
  workdir            = equil1_1
  savedir            = none
  basename           = job
  qmsave_period      = 500
  qmmaxtrial         = 1
  qmatm_select_index = 1
  exclude_charge     = GROUP
 
[STEP2] Setup MPI
 
Setup_Mpi_Md> Summary of Setup MPI
  number of MPI processes   =          4
  number of OpenMP threads  =         10
  total number of CPU cores =         40

[STEP3] Set Relevant Variables and Structures
 
Input_Top> Summary of Topfile
  num_atom_class  =        212  num_resi_type   =        685
 
Input_Par> Summary of Parfile
  num_bonds       =        658  num_angles      =       2003
  num_dihedrals   =       4838  num_impropers   =        163
  num_atom_cls    =        212  num_nbfix       =         75
  num_cmap_terms  =          6
 
Input_Str> Summary of Top information
  num_atom_class  =        227  num_resi_type   =        700
 
Input_Str> Summary of Par information
  num_bonds       =        663  num_angles      =       2006
  num_dihedrals   =       4850  num_impropers   =        163
  num_atom_cls    =        227  num_nbfix       =         90
  num_cmap_terms  =          6
 
Read_Psf> Summary of Psffile
  psftype         =      xplor
  num_atoms       =      37226  num_bonds       =      37288
  num_angles      =      23768  num_dihedrals   =      20268
  num_impropers   =       1292  num_cmap_terms  =        494
  num_HB_donors   =      20596  num_HB_acceptors=      10610
  num_NB_exclusion=          0  num_groups      =      12168
  total_charge    =    -10.000
 
Check_Pdb> 6-column residue sequence number
 
Read_Pdb> Summary of Data in PDB file
  num_atoms       =      37226
 
Read_Rst_Binary> Summary of RST file
  num_atoms       =      37226  iseed           =   20190319
  boxsize (x,y,z) =      0.000     0.000     0.000
  spherical_pot     =      yes
  nfunctions                 2  num_fixatm              9645
  num_of_qm_charge          35

Define_Molecule> Summary of molecules
  num_atoms       =      37226  num_bonds       =      37288
  num_angles      =      23768  num_dihedrals   =      20268
  num_impropers   =       1292  num_cmap_terms  =        494
  num_residues    =      10370  num_molecules   =       9878
  num_segments    =          6  num_deg_freedom =     111678
  total_charge    =    -10.000
 
Setup_Boundary> Setup Variables for Boundary Condition
  origin(x,y,z)   =      0.000     0.000     0.000
  nfunctions      =        2
    center(x,y,z) =     17.000     0.000     0.000
    radius        =     35.000
    constant      =     10.000
    exponent      =          2
    center(x,y,z) =    -17.000     0.000     0.000
    radius        =     35.000
    constant      =     10.000
    exponent      =          2

  num_fixatm      =     9645

 
Random_Init> Initialize the random number
  seed            = 20190319

Setup_QMMM> Setup QM region
  QM assignment info
  1435 TIMA     95 HSE    CB   CT2    assigned to QM atom    1 of element: C     6
  1436 TIMA     95 HSE    HB1  HA2    assigned to QM atom    2 of element: H     1
  1437 TIMA     95 HSE    HB2  HA2    assigned to QM atom    3 of element: H     1
  1438 TIMA     95 HSE    ND1  NR2    assigned to QM atom    4 of element: N     7
  1439 TIMA     95 HSE    CG   CPH1   assigned to QM atom    5 of element: C     6
  1440 TIMA     95 HSE    CE1  CPH2   assigned to QM atom    6 of element: C     6
  1441 TIMA     95 HSE    HE1  HR1    assigned to QM atom    7 of element: H     1
  1442 TIMA     95 HSE    NE2  NR1    assigned to QM atom    8 of element: N     7
  1443 TIMA     95 HSE    HE2  H      assigned to QM atom    9 of element: H     1
  1444 TIMA     95 HSE    CD2  CPH1   assigned to QM atom   10 of element: C     6
  1445 TIMA     95 HSE    HD2  HR3    assigned to QM atom   11 of element: H     1
  2552 TIMA    165 GLU    CB   CT2A   assigned to QM atom   12 of element: C     6
  2553 TIMA    165 GLU    HB1  HA2    assigned to QM atom   13 of element: H     1
  2554 TIMA    165 GLU    HB2  HA2    assigned to QM atom   14 of element: H     1
  2555 TIMA    165 GLU    CG   CT2    assigned to QM atom   15 of element: C     6
  2556 TIMA    165 GLU    HG1  HA2    assigned to QM atom   16 of element: H     1
  2557 TIMA    165 GLU    HG2  HA2    assigned to QM atom   17 of element: H     1
  2558 TIMA    165 GLU    CD   CC     assigned to QM atom   18 of element: C     6
  2559 TIMA    165 GLU    OE1  OC     assigned to QM atom   19 of element: O     8
  2560 TIMA    165 GLU    OE2  OC     assigned to QM atom   20 of element: O     8
  7575 DHA     249 DHAP   P    PG2    assigned to QM atom   21 of element: P    15
  7576 DHA     249 DHAP   O1P  OG303  assigned to QM atom   22 of element: O     8
  7577 DHA     249 DHAP   O2P  OG2P1  assigned to QM atom   23 of element: O     8
  7578 DHA     249 DHAP   O3P  OG2P1  assigned to QM atom   24 of element: O     8
  7579 DHA     249 DHAP   O4P  OG2P1  assigned to QM atom   25 of element: O     8
  7580 DHA     249 DHAP   C1   CG321  assigned to QM atom   26 of element: C     6
  7581 DHA     249 DHAP   H11  HGA2   assigned to QM atom   27 of element: H     1
  7582 DHA     249 DHAP   H12  HGA2   assigned to QM atom   28 of element: H     1
  7583 DHA     249 DHAP   C2   CG2O5  assigned to QM atom   29 of element: C     6
  7584 DHA     249 DHAP   O2   OG2D3  assigned to QM atom   30 of element: O     8
  7585 DHA     249 DHAP   C3   CG321  assigned to QM atom   31 of element: C     6
  7586 DHA     249 DHAP   O3   OG311  assigned to QM atom   32 of element: O     8
  7587 DHA     249 DHAP   HO3  HGP1   assigned to QM atom   33 of element: H     1
  7588 DHA     249 DHAP   H31  HGA2   assigned to QM atom   34 of element: H     1
  7589 DHA     249 DHAP   H32  HGA2   assigned to QM atom   35 of element: H     1
  number of QM atoms = 35
 
  QM charges retreived from rstfile.
 

Generate_LinkAtoms> QM-MM interface info. Link hydrogen is set between:
              [ QM atom ]             -             [ MM atom ]
  1435 TIMA     95 HSE    CB   CT2    -   1433 TIMA     95 HSE    CA   CT1   
                                          1431 TIMA     95 HSE    N    NH1    excluded
                                          1432 TIMA     95 HSE    HN   H      excluded
                                          1434 TIMA     95 HSE    HA   HB1    excluded
  2552 TIMA    165 GLU    CB   CT2A   -   2550 TIMA    165 GLU    CA   CT1   
                                          2548 TIMA    165 GLU    N    NH1    excluded
                                          2549 TIMA    165 GLU    HN   H      excluded
                                          2551 TIMA    165 GLU    HA   HB1    excluded

  number of link atoms           = 2
  number of external MM charges  = 37183


  Check the input file for QSimulate [ qsimulate.json ]
Setup_Enefunc_Cmap_Par> Natural spline is used to derive cmap coefs.

Setup_Enefunc_Table> Setup Variables for LookupTable
  num_solutes     =      37226  num_waters      =          0

Setup_Enefunc_Restraint> Setup restraint groups
 group =     1, "sid:DHA or (sid:TIMA and (rno:95 or rno:165) and          not (an:CA  | an:C   | an:O   | an:N | an:HN | an:HA))"
 # of atoms =    35
 atomlist: 
   1435   1436   1437   1438   1439   1440   1441   1442   1443   1444
   1445   2552   2553   2554   2555   2556   2557   2558   2559   2560
   7575   7576   7577   7578   7579   7580   7581   7582   7583   7584
   7585   7586   7587   7588   7589
 group =     2, "atomno:1900 or atomno:5687"
 # of atoms =     2
 atomlist: 
   1900   5687
 group =     3, "atomno:1442"
 # of atoms =     1
 atomlist: 
   1442
 group =     4, "atomno:1443"
 # of atoms =     1
 atomlist: 
   1443
 group =     5, "atomno:2559"
 # of atoms =     1
 atomlist: 
   2559
 group =     6, "atomno:2560"
 # of atoms =     1
 atomlist: 
   2560
 group =     7, "atomno:7583"
 # of atoms =     1
 atomlist: 
   7583
 group =     8, "atomno:7584"
 # of atoms =     1
 atomlist: 
   7584
 group =     9, "atomno:7585"
 # of atoms =     1
 atomlist: 
   7585
 group =    10, "atomno:7586"
 # of atoms =     1
 atomlist: 
   7586
 group =    11, "atomno:7587"
 # of atoms =     1
 atomlist: 
   7587
 group =    12, "atomno:7588"
 # of atoms =     1
 atomlist: 
   7588
 group =    13, "atomno:7589"
 # of atoms =     1
 atomlist: 
   7589
Setup_Enefunc_Restraint> Setup restraint functions
 func  =     1 kind  =     1
 const(total, x, y, z) =   10.000   1.000   1.000   1.000
 exponend of function =     2
 # of groups  =     1
 grouplist:   2

 func  =     2 kind  =     2
 const             =  300.000
 ref               =    2.529
 exponend of function =     2
 # of distances  =     1
 distancelist: 
 group = (  6, 12) weight =    1.000 exponent =     1

 func  =     3 kind  =     2
 const             =  300.000
 ref               =    1.098
 exponend of function =     2
 # of distances  =     1
 distancelist: 
 group = (  9, 12) weight =    1.000 exponent =     1

 func  =     4 kind  =     2
 const             =  300.000
 ref               =    1.761
 exponend of function =     2
 # of distances  =     1
 distancelist: 
 group = (  5, 11) weight =    1.000 exponent =     1

 func  =     5 kind  =     2
 const             =  300.000
 ref               =    1.870
 exponend of function =     2
 # of distances  =     1
 distancelist: 
 group = (  8,  4) weight =    1.000 exponent =     1

 func  =     6 kind  =     2
 const             =  300.000
 ref               =    2.774
 exponend of function =     2
 # of distances  =     1
 distancelist: 
 group = (  3, 11) weight =    1.000 exponent =     1

Define_Enefunc_CHARMM> Number of Interactions in Each Term
  bond_ene        =      37255  angle_ene       =      23717
  urey_ene        =       6639
  torsion_ene     =      23862  improper_ene    =       1285
  cmap_ene        =        494
  restraint_groups=         13  restraint_funcs =          6
 
Setup_Fitting_Atdyn> NO fitting is applied, skip
  fitting method  =  NO

Update_Num_Deg_Freedom> Number of degrees of freedom was updated
  num_deg_freedom =      82743 (After setup of fixed atoms at boundary)
 
Remove_Fixatm> Modified Interactions
  bond_ene        =      27610  angle_ene       =      20502
  urey_ene        =       6639
  torsion_ene     =      23862  improper_ene    =       1285
 
Setup_Constraints> The following atoms are excluded from SHAKE:
    1443    7587    7588    7589
Setup_Settle> Setup constraints for SETTLE
  num_unconsbonds =       7633      num_Settle  =       6659
  r0(O-H)         =     0.9572  mass(O)         =    15.9994
  r0(H-H)         =     1.5139  mass(H)         =     1.0080
 
Setup_Shake> Setup constrains for SHAKE and RATTLE
  num_unconsbonds =       3837  num_rigid_bonds =       3796
 
  num_qm_rigid_bonds =         10
 
Update_Num_Deg_Freedom> Number of degrees of freedom was updated
  num_deg_freedom =      62766 (After setup of SETTLE)
 
Update_Num_Deg_Freedom> Number of degrees of freedom was updated
  num_deg_freedom =      58960 (After setup of SHAKE/RATTLE)
 
[STEP4] Compute Single Point Energy for Molecules
 
            STEP            BOND           ANGLE    UREY-BRADLEY        DIHEDRAL        IMPROPER            CMAP         VDWAALS           ELECT    RESTRAINT001    RESTRAINT002    RESTRAINT003    RESTRAINT004    RESTRAINT005    RESTRAINT006    RESTR_CVS001    RESTR_CVS002    RESTR_CVS003    RESTR_CVS004    RESTR_CVS005    RESTR_CVS006              QM            SPOT
 --------------- --------------- --------------- --------------- ---------------
               0       1540.1723       3865.3109        472.9890       4499.0860        284.1749       -183.3407       7193.2307    -117168.8550         38.6627         15.6345          0.0504         17.7168         32.4930          0.3576          0.0000          2.7573          1.1110          2.0040          2.1991          2.7395     -35990.5288         21.2064

[STEP5] Perform Molecular Dynamics Simulation
 
INFO:       STEP            TIME       TOTAL_ENE   POTENTIAL_ENE     KINETIC_ENE            RMSG            BOND           ANGLE    UREY-BRADLEY        DIHEDRAL        IMPROPER            CMAP         VDWAALS           ELECT RESTRAINT_TOTAL    RESTRAINT001    RESTRAINT002    RESTRAINT003    RESTRAINT004    RESTRAINT005    RESTRAINT006    RESTR_CVS001    RESTR_CVS002    RESTR_CVS003    RESTR_CVS004    RESTR_CVS005    RESTR_CVS006     TEMPERATURE          VOLUME              QM            SPOT
 --------------- --------------- --------------- --------------- ---------------
INFO:        500          0.2500    -117651.7616    -135560.3114      17908.5498         12.6472       1474.5744       3688.9632        468.1140       4486.2684        254.4974       -168.7215       7182.5456    -117017.5530         16.2563          9.5756          1.8416          0.0000          2.3107          2.2998          0.2287          0.0000          2.6073          1.0979          1.8488          1.9576          2.7464        305.6985          0.0000     -35945.2562          7.8541

INFO:       1000          0.5000    -117686.0547    -135584.4157      17898.3610         12.6549       1559.8863       3760.2332        465.5453       4499.4599        262.9784       -183.0263       7313.3043    -117250.1933          8.3804          4.1092          0.0168          0.2773          3.1394          0.1879          0.6498          0.0000          2.5365          1.1284          1.6587          1.8450          2.8205        305.5246          0.0000     -36020.9838         21.4814

INFO:       1500          0.7500    -117728.3733    -135426.3840      17698.0107         12.6144       1461.2729       3815.7259        465.6409       4508.5983        269.2089       -188.0082       7290.9010    -117081.4392         15.0082          7.3583          1.3890          0.1107          0.4713          5.5184          0.1604          0.0000          2.5970          1.0788          1.7214          2.0056          2.7509        302.1046          0.0000     -35983.2927         18.5157

INFO:       2000          1.0000    -117742.4510    -135524.6708      17782.2198         12.6219       1436.7585       3781.2388        465.1228       4478.0028        258.6385       -164.3555       7232.3136    -117012.9832         19.7490          4.0051         10.2622          0.3338          1.1182          2.0053          2.0243          0.0000          2.7140          1.0646          1.6999          1.9518          2.6919        303.5421          0.0000     -36019.1560         18.6599

INFO:       2500          1.2500    -117713.9794    -135531.6094      17817.6300         12.6617       1514.6065       3745.2243        494.0452       4496.7170        277.6581       -187.6261       7222.2525    -117126.9358         12.4543          4.7971          0.0200          0.0216          3.1390          3.8912          0.5855          0.0000          2.5208          1.0895          1.6587          1.9839          2.7298        304.1465          0.0000     -35980.0054         14.3081

INFO:       3000          1.5000    -117730.8371    -135554.1817      17823.3446         12.6894       1545.2331       3848.3928        470.7307       4502.8914        247.3528       -185.4271       7216.2637    -117183.1901         15.6440          3.7918          1.8867          0.2309          7.3767          0.0083          2.3496          0.0000          2.4497          1.0703          1.6042          1.8753          2.8625        304.2441          0.0000     -36032.0729         20.1106

INFO:       3500          1.7500    -117729.0173    -135470.4597      17741.4424         12.5690       1468.9146       3770.5804        466.8464       4515.4257        254.0997       -174.2155       7234.8052    -117025.6743         19.3827          6.6270          8.1880          0.1742          1.4824          0.6110          2.3001          0.0000          2.6942          1.1221          1.8313          1.8249          2.8616        302.8460          0.0000     -36000.6247         15.6947

INFO:       4000          2.0000    -117722.2614    -135423.8037      17701.5422         12.6460       1502.0924       3798.0989        470.2490       4472.0085        287.0302       -188.3894       7368.5055    -117150.6472          6.7379          4.6899          1.4913          0.0406          0.3010          0.0000          0.2152          0.0000          2.5995          1.1096          1.7293          1.8701          2.7472        302.1649          0.0000     -35989.4896         12.5428

INFO:       4500          2.2500    -117724.0541    -135623.5088      17899.4547         12.6489       1541.0678       3696.7121        465.7935       4539.8837        272.7789       -188.3263       7286.0947    -117269.3852          8.6478          6.3542          0.5368          0.5438          0.5246          0.0245          0.6639          0.0000          2.5713          1.1406          1.7192          1.8790          2.7270        305.5433          0.0000     -35976.7758         15.0452

INFO:       5000          2.5000    -117749.0854    -135386.0450      17636.9596         12.6372       1489.5097       3708.6856        468.6316       4499.8655        267.0021       -190.5368       7272.8349    -116910.3508         13.4597          4.2241          5.8665          0.0236          1.8603          1.2272          0.2580          0.0000          2.6688          1.1069          1.8397          1.8060          2.7447        301.0625          0.0000     -36005.1466         16.8452

INFO:       5500          2.7500    -117791.8759    -135527.9568      17736.0810         12.6293       1500.1733       3801.6447        474.7338       4454.2123        273.9866       -197.3616       7287.0483    -117102.5053          4.1815          2.8808          0.0136          0.1056          0.3319          0.2127          0.6368          0.0000          2.5357          1.0792          1.7277          1.8966          2.7279        302.7545          0.0000     -36024.0704         11.2363

INFO:       6000          3.0000    -117816.5587    -135587.0906      17770.5319         12.6175       1528.4250       3740.6990        471.6088       4531.2981        294.1731       -196.7563       7057.7123    -116987.8321          8.1036          3.9263          0.0097          0.0183          3.4126          0.7259          0.0107          0.0000          2.5233          1.1058          1.8677          1.9192          2.7680        303.3426          0.0000     -36034.5221         17.5611

INFO:       6500          3.2500    -117835.2598    -135499.9498      17664.6900         12.7084       1568.4350       3743.7265        454.5256       4525.7627        281.9491       -171.7300       7380.8796    -117292.9444         14.0529          9.1845          0.2405          0.0000          1.0190          2.0030          1.6059          0.0000          2.5007          1.0979          1.8193          1.9517          2.8472        301.5358          0.0000     -36004.6066         12.3956

INFO:       7000          3.5000    -117822.7456    -135445.6438      17622.8982         12.6781       1525.0225       3793.6699        476.2962       4476.7054        274.6391       -207.1562       7504.5863    -117271.8947          6.6000          2.8910          0.2481          0.0249          0.8175          1.7174          0.9011          0.0000          2.5002          1.1071          1.8132          1.9457          2.8288        300.8224          0.0000     -36024.1122         21.8362

INFO:       7500          3.7500    -117794.4659    -135571.1086      17776.6428         12.6347       1503.3504       3756.8637        466.2734       4494.1718        260.5817       -212.9128       7157.8673    -116980.8687          6.2301          4.0213          0.0474          1.1004          0.0286          0.5340          0.4984          0.0000          2.5416          1.1586          1.7512          1.8278          2.8148        303.4469          0.0000     -36022.6655         11.9330

INFO:       8000          4.0000    -117853.8469    -135553.9997      17700.1528         12.6315       1479.3928       3782.8121        465.8471       4477.6263        265.7808       -182.4104       7021.3220    -116870.0523          6.6136          3.5653          0.2232          0.0768          0.0852          2.4773          0.1859          0.0000          2.5017          1.0820          1.7441          1.7791          2.7989        302.1412          0.0000     -36000.9319         17.7082

INFO:       8500          4.2500    -117846.9326    -135560.4670      17713.5344         12.6148       1525.0211       3789.3718        467.0114       4495.5205        254.9613       -205.7877       7080.0606    -116957.1085          8.3041          2.8611          0.5446          0.3141          0.8861          3.0677          0.6304          0.0000          2.5716          1.1304          1.7067          1.9711          2.7282        302.3696          0.0000     -36017.8215         19.6740

INFO:       9000          4.5000    -117862.2484    -135362.8766      17500.6282         12.6191       1561.7575       3795.2325        464.2149       4494.3042        263.5205       -215.3195       7050.7290    -116784.6430          8.1128          3.4250          0.4632          0.1698          0.5272          0.0003          3.5272          0.0000          2.5683          1.0742          1.7191          1.8690          2.6656        298.7353          0.0000     -36000.7855         21.0411

INFO:       9500          4.7500    -117853.6585    -135597.7874      17744.1289         12.5793       1495.1061       3756.3043        451.8928       4487.9131        264.4804       -206.5796       7069.1650    -116946.7091          6.1928          2.8279          0.0070          0.2540          1.8750          0.0952          1.1337          0.0000          2.5338          1.1271          1.8401          1.8878          2.8355        302.8919          0.0000     -35975.5531         18.9713

INFO:      10000          5.0000    -117866.7731    -135617.2775      17750.5044         12.5461       1512.7026       3699.2291        454.6031       4536.1387        264.8907       -201.6915       7084.8211    -116986.5934          9.7014          4.0049          0.7785          0.2870          0.0405          0.2596          4.3310          0.0000          2.4781          1.1289          1.7494          1.8994          2.6538        303.0007          0.0000     -35991.0793         22.2279

INFO:      10500          5.2500    -117799.1238    -135489.0839      17689.9601         12.5887       1521.3740       3703.0262        453.3805       4483.7939        267.0659       -198.3629       6985.0572    -116740.4322          4.2136          4.0370          0.1196          0.0186          0.0271          0.0054          0.0060          0.0000          2.5490          1.0901          1.7515          1.8742          2.7695        301.9672          0.0000     -35968.1999         15.5996

INFO:      11000          5.5000    -117795.4427    -135465.5331      17670.0903         12.5662       1472.2655       3810.0825        448.4589       4523.3767        258.1076       -206.2816       7143.6998    -116936.9042          5.0072          2.9376          0.9546          0.0922          0.0833          0.4287          0.5109          0.0000          2.5854          1.1155          1.7443          1.9078          2.8153        301.6280          0.0000     -35983.3454         21.2534

INFO:      11500          5.7500    -117760.7705    -135485.1531      17724.3827         12.4750       1441.4875       3726.8401        463.7327       4532.2973        270.3901       -180.2222       6914.1832    -116661.5197          3.6000          2.7405          0.0002          0.0113          0.0018          0.2502          0.5960          0.0000          2.5298          1.1041          1.7634          1.8411          2.8186        302.5548          0.0000     -35995.9421         18.9917

INFO:      12000          6.0000    -117715.3301    -135459.7675      17744.4374         12.6594       1535.5109       3715.1449        466.9603       4501.8888        265.7015       -183.9903       7493.4894    -117246.9632          3.8602          2.9627          0.5174          0.0020          0.0050          0.2599          0.1131          0.0000          2.4875          1.1006          1.7651          1.8406          2.7546        302.8971          0.0000     -36011.3700         17.3000

INFO:      12500          6.2500    -117677.2065    -135426.3715      17749.1650         12.5595       1523.0382       3761.2028        490.8792       4494.2217        257.7943       -187.6633       7038.8438    -116786.0567          5.4492          5.0340          0.1307          0.1446          0.0081          0.0706          0.0612          0.0000          2.5081          1.1200          1.7662          1.8547          2.7883        302.9778          0.0000     -36024.0807         11.7822

INFO:      13000          6.5000    -117692.4848    -135459.6260      17767.1412         12.5503       1472.8445       3729.8322        452.8147       4512.8162        272.2846       -219.8467       7001.4920    -116653.9293          4.5915          2.7058          0.1953          0.1493          0.1315          1.2622          0.1473          0.0000          2.5035          1.0757          1.7819          1.9349          2.7962        303.2847          0.0000     -36032.5256         11.3880

INFO:      13500          6.7500    -117759.4261    -135468.3945      17708.9684         12.5890       1513.4849       3739.4333        457.6625       4476.3802        262.1308       -193.7706       7287.6394    -116975.1684          3.9703          2.2409          0.1113          0.2900          0.3710          0.9569          0.0002          0.0000          2.5097          1.1291          1.7258          1.9265          2.7733        302.2917          0.0000     -36040.1569         13.5080

INFO:      14000          7.0000    -117821.0447    -135561.7320      17740.6873         12.5912       1515.7868       3760.5360        455.0648       4487.5493        255.5474       -193.0064       7289.1766    -117109.0844          3.8000          2.7261          0.1102          0.0126          0.0181          0.9260          0.0071          0.0000          2.5098          1.0915          1.7532          1.8144          2.7789        302.8331          0.0000     -36027.1021         22.1545

INFO:      14500          7.2500    -117851.2194    -135611.4628      17760.2434         12.5628       1507.7455       3714.5324        460.7384       4517.2692        254.3002       -204.4978       7060.1600    -116926.3964          4.5887          4.1660          0.2259          0.0504          0.0072          0.1357          0.0035          0.0000          2.5016          1.1110          1.7561          1.8487          2.7706        303.1669          0.0000     -35999.9030         13.7689

INFO:      15000          7.5000    -117826.5656    -135581.1133      17754.5478         12.5781       1506.3437       3706.5316        472.4771       4467.1294        262.4177       -192.5924       7084.1406    -116908.4801          4.9988          4.0083          0.1677          0.0665          0.0660          0.4540          0.2363          0.0000          2.5054          1.0831          1.7462          1.9089          2.7459        303.0697          0.0000     -35984.0798         15.0118

INFO:      15500          7.7500    -117877.6874    -135564.1375      17686.4501         12.5945       1500.2243       3757.5124        458.8346       4472.1279        276.6950       -208.8299       7123.6891    -116959.7760          4.9514          3.3603          0.8601          0.1157          0.3858          0.0084          0.2211          0.0000          2.4755          1.1176          1.7251          1.8753          2.8011        301.9073          0.0000     -35989.5662         14.4543

INFO:      16000          8.0000    -117888.4889    -135703.4275      17814.9386         12.5398       1510.4709       3726.9921        460.9058       4493.7674        271.1660       -181.9576       7026.7596    -117008.6833          3.0605          2.1317          0.1830          0.0103          0.6759          0.0009          0.0588          0.0000          2.5043          1.0921          1.8085          1.8718          2.7880        304.1006          0.0000     -36005.9089         17.7615

INFO:      16500          8.2500    -117850.5972    -135673.1336      17822.5363         12.5124       1465.8900       3693.7656        459.3585       4521.1426        259.3886       -168.1965       7064.9442    -116971.0486          7.8856          5.6118          0.5724          0.2987          0.6913          0.0152          0.6963          0.0000          2.5727          1.1296          1.8090          1.8629          2.7258        304.2303          0.0000     -36006.2635         15.6560

INFO:      17000          8.5000    -117865.8643    -135716.0220      17850.1577         12.6464       1510.5138       3715.3387        467.4515       4474.3062        276.8113       -198.3657       7322.5833    -117286.2700          4.1747          2.9927          0.2821          0.0088          0.0558          0.1563          0.6791          0.0000          2.4983          1.1034          1.7746          1.8472          2.7264        304.7018          0.0000     -36002.5658         15.4766

INFO:      17500          8.7500    -117853.5204    -135544.9390      17691.4186         12.5366       1493.4819       3722.9105        443.7504       4525.3829        269.7555       -179.6458       7017.1908    -116835.3496          2.1790          1.6298          0.0160          0.1263          0.2088          0.1445          0.0537          0.0000          2.5363          1.1185          1.7874          1.8919          2.7874        301.9921          0.0000     -36004.5945         15.8723

INFO:      18000          9.0000    -117889.5968    -135652.8709      17763.2741         12.5849       1484.8934       3722.3916        461.8421       4493.6265        274.0942       -196.7071       7353.6550    -117193.9405          1.8155          0.9535          0.1103          0.0458          0.2464          0.3201          0.1394          0.0000          2.5482          1.0856          1.7323          1.9027          2.7956        303.2187          0.0000     -36054.5415         24.0653

INFO:      18500          9.2500    -117901.8289    -135666.8000      17764.9711         12.6298       1473.3932       3724.3991        459.2560       4492.5935        265.7349       -184.0100       7276.6516    -117176.3567          2.9393          2.1714          0.1250          0.0830          0.3263          0.2040          0.0297          0.0000          2.5494          1.1146          1.7280          1.8961          2.7839        303.2476          0.0000     -36001.4009         18.1014

INFO:      19000          9.5000    -117839.7914    -135538.0818      17698.2904         12.6142       1553.9358       3708.7402        469.3239       4487.5061        257.1678       -169.9119       7368.5172    -117203.3331          5.7671          2.8171          0.3034          0.0110          0.8189          1.8135          0.0031          0.0000          2.5608          1.0919          1.8132          1.9478          2.7772        302.1094          0.0000     -36015.7949         19.0004

INFO:      19500          9.7500    -117879.2736    -135601.5464      17722.2728         12.6004       1500.6749       3699.7629        469.3494       4526.6686        266.6048       -192.1981       7242.3864    -117095.0666          1.4202          0.6860          0.0159          0.0392          0.3388          0.3388          0.0014          0.0000          2.5217          1.1094          1.7946          1.9036          2.7762        302.5188          0.0000     -36021.1490         17.4779

INFO:      20000         10.0000    -117895.4940    -135443.8278      17548.3339         12.6387       1529.0264       3765.2020        471.6572       4470.0006        256.5258       -180.7776       7018.6580    -116752.1101          4.0883          2.1042          0.8756          0.0554          1.0010          0.0293          0.0229          0.0000          2.4750          1.0844          1.7032          1.8601          2.7653        299.5496          0.0000     -36026.0985         21.8969

 
[STEP6] Deallocate Arrays
 
Output_Time> Averaged timer profile (Min, Max)
  total time      =    2691.220
    setup         =      13.624
    dynamics      =    2677.596
      energy      =    2485.350
      integrator  =      41.156
      pairlist    =     154.974 (     138.322,     161.977)
  energy           
    bond          =       0.528 (       0.498,       0.541)
    angle         =       2.841 (       2.803,       2.894)
    dihedral      =       6.730 (       6.481,       7.022)
    nonbond       =     805.544 (     780.807,     821.354)
      pme real    =     805.539 (     780.803,     821.349)
      pme recip   =       0.000 (       0.000,       0.000)
    solvation     =       0.000 (       0.000,       0.000)
      polar       =       0.000 (       0.000,       0.000)
      non-polar   =       0.000 (       0.000,       0.000)
    restraint     =       0.122 (       0.110,       0.138)
    qmmm          =    1629.848 (    1629.799,    1629.888)
  integrator       
    constraint    =      22.048 (      21.837,      22.193)
    update        =       0.000 (       0.000,       0.000)
    comm_coord    =       0.000 (       0.000,       0.000)
    comm_force    =       0.000 (       0.000,       0.000)
    comm_migrate  =       0.000 (       0.000,       0.000)

Note: The following floating-point exceptions are signalling: IEEE_OVERFLOW_FLAG IEEE_UNDERFLOW_FLAG IEEE_DENORMAL
Note: The following floating-point exceptions are signalling: IEEE_OVERFLOW_FLAG IEEE_UNDERFLOW_FLAG IEEE_DENORMAL
Note: The following floating-point exceptions are signalling: IEEE_OVERFLOW_FLAG IEEE_UNDERFLOW_FLAG IEEE_DENORMAL
Note: The following floating-point exceptions are signalling: IEEE_OVERFLOW_FLAG IEEE_UNDERFLOW_FLAG IEEE_DENORMAL
