(10.2.13.46:0,1,2,3)

[0] MPI startup(): libfabric version: 1.7.2a-impi
[0] MPI startup(): libfabric provider: verbs;ofi_rxm
[0] MPI startup(): Rank    Pid      Node name  Pin cpu
[0] MPI startup(): 0       217050   bwmpc0270  {0,1,2,3,4,5,6,7,8,9}
[0] MPI startup(): 1       217051   bwmpc0270  {10,11,12,13,14,15,16,17,18,19}
[0] MPI startup(): 2       217052   bwmpc0270  {20,21,22,23,24,25,26,27,28,29}
[0] MPI startup(): 3       217053   bwmpc0270  {30,31,32,33,34,35,36,37,38,39}
[0] MPI startup(): I_MPI_ROOT=/bwfefs/opt/x86_64/intel/compilers_and_libraries_2019.5.281/linux/mpi
[0] MPI startup(): I_MPI_HYDRA_BOOTSTRAP_EXEC=/bin/pjrsh
[0] MPI startup(): I_MPI_HYDRA_BOOTSTRAP_AUTOFORK=0
[0] MPI startup(): I_MPI_HYDRA_TOPOLIB=hwloc
[0] MPI startup(): I_MPI_HYDRA_HOST_FILE=/bwfefs/home/kyagi/tim/tim5/b3lypD3.rpath1/3.equil1/.d0011452918_nodeinfo
[0] MPI startup(): I_MPI_PERHOST=4
[0] MPI startup(): I_MPI_PIN=1
[0] MPI startup(): I_MPI_PIN_RESPECT_HCA=0
[0] MPI startup(): I_MPI_INTERNAL_MEM_POLICY=default
[0] MPI startup(): I_MPI_DEBUG=5
****************************************************
*                                                  *
*                  GENESIS ATDYN                   *
*                                                  *
*        A Molecular Dynamics Simulator with       *
*            Atomic Decomposition Scheme           *
*                                                  *
*               Developed by RIKEN                 *
*                                                  *
****************************************************
 
[STEP0] Architecture and Compiler Information
 
GENESIS_Information> GENESIS Information
  version      = 1.6.0
  commit ID    = $GENESIS_VERSION$
  precision    = double
  nonbonding   = CPU

Build_Information> Compiler Information
  build host   = kyagi@bwmpc0837
  fortran      = GNU Fortran (GCC) 7.2.0
  option       = -O3 -ffast-math -march=native -ffree-line-length-none -fopenmp 
  C            = gcc (GCC) 7.2.0
  option       = -O3 -ffast-math -march=native -fopenmp
  defined var. =  -DMPI -DOMP -DFFTE -DLAPACK -DDSFMT_MEXP=19937 -D__GFORTRAN__
  link option  = -L/home/kyagi/local/lib -fopenmp -lmkl_scalapack_lp64 -lmkl_blacs_intelmpi_lp64 -lmkl_intel_lp64 -lmkl_intel_thread -lmkl_core -liomp5 -lpthread -lm 

Runtime_Information> Machine and Library Information
  date       = 2021/02/03 11:21:34
  cpu model    = Intel(R) Xeon(R) Gold 6148 CPU @ 2.40GHz
  exec. host   = kyagi@bwmpc0270
  LD library   = /home/kyagi/local/lib:/bwfefs/opt/x86_64/intel/compilers_and_libraries_2019.5.281/linux/compiler/lib/intel64_lin:/bwfefs/opt/x86_64/intel/compilers_and_libraries_2019.5.281/linux/mkl/lib/intel64_lin:/bwfefs/opt/x86_64/gcc/7.2.0/lib64:/bwfefs/opt/x86_64/gcc/7.2.0/lib:/bwfefs/opt/x86_64/intel/impi/2019.5.281/intel64/lib/release:/bwfefs/opt/x86_64/intel/impi/2019.5.281/intel64/lib:/bwfefs/opt/x86_64/intel/impi/2019.5.281/intel64/libfabric/lib:/bwfefs/opt/x86_64/intel/parallel_studio_xe_2019.5.075/compilers_and_libraries_2019//linux/compiler/lib/intel64:/bwfefs/opt/x86_64/intel/parallel_studio_xe_2019.5.075/compilers_and_libraries_2019//linux/compiler/lib/intel64_lin:/bwfefs/opt/x86_64/intel/parallel_studio_xe_2019.5.075/compilers_and_libraries_2019//linux/mpi/intel64/lib:/bwfefs/opt/x86_64/intel/parallel_studio_xe_2019.5.075/compilers_and_libraries_2019//linux/mpi/intel64/libfabric/lib:/bwfefs/opt/x86_64/intel/parallel_studio_xe_2019.5.075/compilers_and_libraries_2019//linux/ipp/lib/intel64:/bwfefs/opt/x86_64/intel/parallel_studio_xe_2019.5.075/compilers_and_libraries_2019//linux/compiler/lib/intel64:/bwfefs/opt/x86_64/intel/parallel_studio_xe_2019.5.075/compilers_and_libraries_2019//linux/mkl/lib/intel64:/bwfefs/opt/x86_64/intel/parallel_studio_xe_2019.5.075/compilers_and_libraries_2019//linux/tbb/lib/intel64/gcc4.7:/bwfefs/opt/x86_64/intel/debugger_2019/iga/lib:/bwfefs/opt/x86_64/intel/debugger_2019/libipt/intel64/lib:/bwfefs/opt/x86_64/intel/parallel_studio_xe_2019.5.075/comp

[STEP1] Read Control Parameters
 
Read_Ctrl_Input> Input Files
  topfile = toppar/top_all36_prot.rtf, toppar/top_all36_cgenff.rtf
  parfile = toppar/par_all36_prot.prm, toppar/par_all36_cgenff.prm
  strfile = toppar/toppar_water_ions.str, toppar/toppar_dhap.3.str
  psffile = ../../2.equil/step4_nvt_100.psf
  pdbfile = ../../2.equil/step4_nvt_100.pdb
  rstfile = equil1_4.rst
  reffile = ../../2.equil/step4_nvt_100.pdb
 
Read_Ctrl_Output> Output Files
  dcdfile    = equil1_5.dcd
  rstfile    = equil1_5.rst
 
Read_Ctrl_Energy> Parameters of Energy Calculations
  forcefield      =     CHARMM
  switchdist      =     16.000  cutoffdist      =     18.000
  pairlistdist    =     19.500  dielec_const    =      1.000
  vdW force_switch=        yes
  electrostatic   =  CUTOFF
  implicit_solvent=       none
  table_order     =          3
  table_density   =     20.000
  water_model     =       NONE
  output_style    =    GENESIS
  dispersion_corr =       none
  nonb_limiter    =      no
 
Read_Ctrl_Dynamics> Parameters of MD simulation
  integrator      =       VVER  nsteps          =      20000
  timestep        =     0.0005  initial_time    =     0.0000
  eneout_period   =        500  rstout_period   =        500
  crdout_period   =        500  velout_period   =          0
  nbupdate_period =         10  stoptr_period   =         10
  iseed           =   20190319
  annealing       =         no
  verbose         =         no
  target_md       =         no
  steered_md      =         no
  esp_mm          =         no
 
Read_Ctrl_Constraints> Parameters for Constraints
  rigid_bond      =        yes
  shake_iteration =        500  shake_tolerance =  0.100E-09
  fast_water      =        yes  water_model     =       TIP3
  hydrogen_type   =  name|mass
  noshake_index   = 4  11  12  13
  fixatm_select_index        =       none
 
Read_Ctrl_Ensemble> Parameters for Ensemble
  ensemble        =        NVT
  temperature     =    300.000
  tpcontrol       =      BUSSI
  tau_t           =      5.000
 
Read_Ctrl_Boundary> Parameters of Boundary Condition
  type            =       NOBC
  spherical_pot   =        yes  restart         =          T
  center_info     =       read  modify_ratio    =      1.000
  constant        =     10.000  exponent        =          2
  fixatom         =          T  fix_layer       =      1.000
 
Read_Ctrl_Selection> Parameters of Selection
  # of groups     =         13
    group 1 = sid:DHA or (sid:TIMA and (rno:95 or rno:165) and          not (an:CA  | an:C   | an:O   | an:N | an:HN | an:HA))
    group 2 = atomno:1900 or atomno:5687
    group 3 = atomno:1442
    group 4 = atomno:1443
    group 5 = atomno:2559
    group 6 = atomno:2560
    group 7 = atomno:7583
    group 8 = atomno:7584
    group 9 = atomno:7585
    group 10 = atomno:7586
    group 11 = atomno:7587
    group 12 = atomno:7588
    group 13 = atomno:7589
  # of mole names =          0
 
Read_Ctrl_Restraints> Parameters of Restraint
  numfunc         =   6
  function1 = POSI     
    direction     = ALL 
    constant      = 10.0
    reference     = 
    select_index  = 2
    mode          =   0
    exponent      =   2
    exponent_dist = 
    weight_dist   = 

  function2 = DIST     
    constant      = 300.0
    reference     = 2.1454
    select_index  = 6  12
    mode          =   0
    exponent      =   2
    exponent_dist = 
    weight_dist   = 

  function3 = DIST     
    constant      = 300.0
    reference     = 1.0954
    select_index  = 9  12
    mode          =   0
    exponent      =   2
    exponent_dist = 
    weight_dist   = 

  function4 = DIST     
    constant      = 300.0
    reference     = 1.8978
    select_index  = 5  11
    mode          =   0
    exponent      =   2
    exponent_dist = 
    weight_dist   = 

  function5 = DIST     
    constant      = 300.0
    reference     = 1.8566
    select_index  = 8   4
    mode          =   0
    exponent      =   2
    exponent_dist = 
    weight_dist   = 

  function6 = DIST     
    constant      = 300.0
    reference     = 2.7360
    select_index  = 3  11
    mode          =   0
    exponent      =   2
    exponent_dist = 
    weight_dist   = 

  pressure_position   = NO
  pressure_rmsd     = NO

Read_Ctrl_Fitting_MD> Parameters of Fitting
  fitting method  =  TR+ROT   
  fitting atom    = group1
  mass_weight     =         no
 
Read_Ctrl_QMMM> Parameters of QM/MM
  qmtyp              = qsimulate
  qmcnt              = qsimulate.json
  qmexe              = 
  workdir            = equil1_5
  savedir            = none
  basename           = job
  qmsave_period      = 500
  qmmaxtrial         = 1
  qmatm_select_index = 1
  exclude_charge     = GROUP
 
[STEP2] Setup MPI
 
Setup_Mpi_Md> Summary of Setup MPI
  number of MPI processes   =          4
  number of OpenMP threads  =         10
  total number of CPU cores =         40

[STEP3] Set Relevant Variables and Structures
 
Input_Top> Summary of Topfile
  num_atom_class  =        212  num_resi_type   =        685
 
Input_Par> Summary of Parfile
  num_bonds       =        658  num_angles      =       2003
  num_dihedrals   =       4838  num_impropers   =        163
  num_atom_cls    =        212  num_nbfix       =         75
  num_cmap_terms  =          6
 
Input_Str> Summary of Top information
  num_atom_class  =        227  num_resi_type   =        700
 
Input_Str> Summary of Par information
  num_bonds       =        663  num_angles      =       2006
  num_dihedrals   =       4850  num_impropers   =        163
  num_atom_cls    =        227  num_nbfix       =         90
  num_cmap_terms  =          6
 
Read_Psf> Summary of Psffile
  psftype         =      xplor
  num_atoms       =      37226  num_bonds       =      37288
  num_angles      =      23768  num_dihedrals   =      20268
  num_impropers   =       1292  num_cmap_terms  =        494
  num_HB_donors   =      20596  num_HB_acceptors=      10610
  num_NB_exclusion=          0  num_groups      =      12168
  total_charge    =    -10.000
 
Check_Pdb> 6-column residue sequence number
 
Read_Pdb> Summary of Data in PDB file
  num_atoms       =      37226
 
Read_Rst_Binary> Summary of RST file
  num_atoms       =      37226  iseed           =   20190319
  boxsize (x,y,z) =      0.000     0.000     0.000
  spherical_pot     =      yes
  nfunctions                 2  num_fixatm              9645
  num_of_qm_charge          35

Define_Molecule> Summary of molecules
  num_atoms       =      37226  num_bonds       =      37288
  num_angles      =      23768  num_dihedrals   =      20268
  num_impropers   =       1292  num_cmap_terms  =        494
  num_residues    =      10370  num_molecules   =       9878
  num_segments    =          6  num_deg_freedom =     111678
  total_charge    =    -10.000
 
Setup_Boundary> Setup Variables for Boundary Condition
  origin(x,y,z)   =      0.000     0.000     0.000
  nfunctions      =        2
    center(x,y,z) =     17.000     0.000     0.000
    radius        =     35.000
    constant      =     10.000
    exponent      =          2
    center(x,y,z) =    -17.000     0.000     0.000
    radius        =     35.000
    constant      =     10.000
    exponent      =          2

  num_fixatm      =     9645

 
Random_Init> Initialize the random number
  seed            = 20190319

Setup_QMMM> Setup QM region
  QM assignment info
  1435 TIMA     95 HSE    CB   CT2    assigned to QM atom    1 of element: C     6
  1436 TIMA     95 HSE    HB1  HA2    assigned to QM atom    2 of element: H     1
  1437 TIMA     95 HSE    HB2  HA2    assigned to QM atom    3 of element: H     1
  1438 TIMA     95 HSE    ND1  NR2    assigned to QM atom    4 of element: N     7
  1439 TIMA     95 HSE    CG   CPH1   assigned to QM atom    5 of element: C     6
  1440 TIMA     95 HSE    CE1  CPH2   assigned to QM atom    6 of element: C     6
  1441 TIMA     95 HSE    HE1  HR1    assigned to QM atom    7 of element: H     1
  1442 TIMA     95 HSE    NE2  NR1    assigned to QM atom    8 of element: N     7
  1443 TIMA     95 HSE    HE2  H      assigned to QM atom    9 of element: H     1
  1444 TIMA     95 HSE    CD2  CPH1   assigned to QM atom   10 of element: C     6
  1445 TIMA     95 HSE    HD2  HR3    assigned to QM atom   11 of element: H     1
  2552 TIMA    165 GLU    CB   CT2A   assigned to QM atom   12 of element: C     6
  2553 TIMA    165 GLU    HB1  HA2    assigned to QM atom   13 of element: H     1
  2554 TIMA    165 GLU    HB2  HA2    assigned to QM atom   14 of element: H     1
  2555 TIMA    165 GLU    CG   CT2    assigned to QM atom   15 of element: C     6
  2556 TIMA    165 GLU    HG1  HA2    assigned to QM atom   16 of element: H     1
  2557 TIMA    165 GLU    HG2  HA2    assigned to QM atom   17 of element: H     1
  2558 TIMA    165 GLU    CD   CC     assigned to QM atom   18 of element: C     6
  2559 TIMA    165 GLU    OE1  OC     assigned to QM atom   19 of element: O     8
  2560 TIMA    165 GLU    OE2  OC     assigned to QM atom   20 of element: O     8
  7575 DHA     249 DHAP   P    PG2    assigned to QM atom   21 of element: P    15
  7576 DHA     249 DHAP   O1P  OG303  assigned to QM atom   22 of element: O     8
  7577 DHA     249 DHAP   O2P  OG2P1  assigned to QM atom   23 of element: O     8
  7578 DHA     249 DHAP   O3P  OG2P1  assigned to QM atom   24 of element: O     8
  7579 DHA     249 DHAP   O4P  OG2P1  assigned to QM atom   25 of element: O     8
  7580 DHA     249 DHAP   C1   CG321  assigned to QM atom   26 of element: C     6
  7581 DHA     249 DHAP   H11  HGA2   assigned to QM atom   27 of element: H     1
  7582 DHA     249 DHAP   H12  HGA2   assigned to QM atom   28 of element: H     1
  7583 DHA     249 DHAP   C2   CG2O5  assigned to QM atom   29 of element: C     6
  7584 DHA     249 DHAP   O2   OG2D3  assigned to QM atom   30 of element: O     8
  7585 DHA     249 DHAP   C3   CG321  assigned to QM atom   31 of element: C     6
  7586 DHA     249 DHAP   O3   OG311  assigned to QM atom   32 of element: O     8
  7587 DHA     249 DHAP   HO3  HGP1   assigned to QM atom   33 of element: H     1
  7588 DHA     249 DHAP   H31  HGA2   assigned to QM atom   34 of element: H     1
  7589 DHA     249 DHAP   H32  HGA2   assigned to QM atom   35 of element: H     1
  number of QM atoms = 35
 
  QM charges retreived from rstfile.
 

Generate_LinkAtoms> QM-MM interface info. Link hydrogen is set between:
              [ QM atom ]             -             [ MM atom ]
  1435 TIMA     95 HSE    CB   CT2    -   1433 TIMA     95 HSE    CA   CT1   
                                          1431 TIMA     95 HSE    N    NH1    excluded
                                          1432 TIMA     95 HSE    HN   H      excluded
                                          1434 TIMA     95 HSE    HA   HB1    excluded
  2552 TIMA    165 GLU    CB   CT2A   -   2550 TIMA    165 GLU    CA   CT1   
                                          2548 TIMA    165 GLU    N    NH1    excluded
                                          2549 TIMA    165 GLU    HN   H      excluded
                                          2551 TIMA    165 GLU    HA   HB1    excluded

  number of link atoms           = 2
  number of external MM charges  = 37183


  Check the input file for QSimulate [ qsimulate.json ]
Setup_Enefunc_Cmap_Par> Natural spline is used to derive cmap coefs.

Setup_Enefunc_Table> Setup Variables for LookupTable
  num_solutes     =      37226  num_waters      =          0

Setup_Enefunc_Restraint> Setup restraint groups
 group =     1, "sid:DHA or (sid:TIMA and (rno:95 or rno:165) and          not (an:CA  | an:C   | an:O   | an:N | an:HN | an:HA))"
 # of atoms =    35
 atomlist: 
   1435   1436   1437   1438   1439   1440   1441   1442   1443   1444
   1445   2552   2553   2554   2555   2556   2557   2558   2559   2560
   7575   7576   7577   7578   7579   7580   7581   7582   7583   7584
   7585   7586   7587   7588   7589
 group =     2, "atomno:1900 or atomno:5687"
 # of atoms =     2
 atomlist: 
   1900   5687
 group =     3, "atomno:1442"
 # of atoms =     1
 atomlist: 
   1442
 group =     4, "atomno:1443"
 # of atoms =     1
 atomlist: 
   1443
 group =     5, "atomno:2559"
 # of atoms =     1
 atomlist: 
   2559
 group =     6, "atomno:2560"
 # of atoms =     1
 atomlist: 
   2560
 group =     7, "atomno:7583"
 # of atoms =     1
 atomlist: 
   7583
 group =     8, "atomno:7584"
 # of atoms =     1
 atomlist: 
   7584
 group =     9, "atomno:7585"
 # of atoms =     1
 atomlist: 
   7585
 group =    10, "atomno:7586"
 # of atoms =     1
 atomlist: 
   7586
 group =    11, "atomno:7587"
 # of atoms =     1
 atomlist: 
   7587
 group =    12, "atomno:7588"
 # of atoms =     1
 atomlist: 
   7588
 group =    13, "atomno:7589"
 # of atoms =     1
 atomlist: 
   7589
Setup_Enefunc_Restraint> Setup restraint functions
 func  =     1 kind  =     1
 const(total, x, y, z) =   10.000   1.000   1.000   1.000
 exponend of function =     2
 # of groups  =     1
 grouplist:   2

 func  =     2 kind  =     2
 const             =  300.000
 ref               =    2.145
 exponend of function =     2
 # of distances  =     1
 distancelist: 
 group = (  6, 12) weight =    1.000 exponent =     1

 func  =     3 kind  =     2
 const             =  300.000
 ref               =    1.095
 exponend of function =     2
 # of distances  =     1
 distancelist: 
 group = (  9, 12) weight =    1.000 exponent =     1

 func  =     4 kind  =     2
 const             =  300.000
 ref               =    1.898
 exponend of function =     2
 # of distances  =     1
 distancelist: 
 group = (  5, 11) weight =    1.000 exponent =     1

 func  =     5 kind  =     2
 const             =  300.000
 ref               =    1.857
 exponend of function =     2
 # of distances  =     1
 distancelist: 
 group = (  8,  4) weight =    1.000 exponent =     1

 func  =     6 kind  =     2
 const             =  300.000
 ref               =    2.736
 exponend of function =     2
 # of distances  =     1
 distancelist: 
 group = (  3, 11) weight =    1.000 exponent =     1

Define_Enefunc_CHARMM> Number of Interactions in Each Term
  bond_ene        =      37255  angle_ene       =      23717
  urey_ene        =       6639
  torsion_ene     =      23862  improper_ene    =       1285
  cmap_ene        =        494
  restraint_groups=         13  restraint_funcs =          6
 
Setup_Fitting_Atdyn> NO fitting is applied, skip
  fitting method  =  NO

Update_Num_Deg_Freedom> Number of degrees of freedom was updated
  num_deg_freedom =      82743 (After setup of fixed atoms at boundary)
 
Remove_Fixatm> Modified Interactions
  bond_ene        =      27610  angle_ene       =      20502
  urey_ene        =       6639
  torsion_ene     =      23862  improper_ene    =       1285
 
Setup_Constraints> The following atoms are excluded from SHAKE:
    1443    7587    7588    7589
Setup_Settle> Setup constraints for SETTLE
  num_unconsbonds =       7633      num_Settle  =       6659
  r0(O-H)         =     0.9572  mass(O)         =    15.9994
  r0(H-H)         =     1.5139  mass(H)         =     1.0080
 
Setup_Shake> Setup constrains for SHAKE and RATTLE
  num_unconsbonds =       3837  num_rigid_bonds =       3796
 
  num_qm_rigid_bonds =         10
 
Update_Num_Deg_Freedom> Number of degrees of freedom was updated
  num_deg_freedom =      62766 (After setup of SETTLE)
 
Update_Num_Deg_Freedom> Number of degrees of freedom was updated
  num_deg_freedom =      58960 (After setup of SHAKE/RATTLE)
 
[STEP4] Compute Single Point Energy for Molecules
 
            STEP            BOND           ANGLE    UREY-BRADLEY        DIHEDRAL        IMPROPER            CMAP         VDWAALS           ELECT    RESTRAINT001    RESTRAINT002    RESTRAINT003    RESTRAINT004    RESTRAINT005    RESTRAINT006    RESTR_CVS001    RESTR_CVS002    RESTR_CVS003    RESTR_CVS004    RESTR_CVS005    RESTR_CVS006              QM            SPOT
 --------------- --------------- --------------- --------------- ---------------
               0       1546.7030       3778.8198        481.1760       4488.7152        249.7544       -188.7610       7192.4753    -117188.3873          1.0202          6.9589          0.2171          1.6234          0.8282          0.1203          0.0000          2.2977          1.0685          1.8242          1.8041          2.7160     -35976.6965         25.3838

[STEP5] Perform Molecular Dynamics Simulation
 
INFO:       STEP            TIME       TOTAL_ENE   POTENTIAL_ENE     KINETIC_ENE            RMSG            BOND           ANGLE    UREY-BRADLEY        DIHEDRAL        IMPROPER            CMAP         VDWAALS           ELECT RESTRAINT_TOTAL    RESTRAINT001    RESTRAINT002    RESTRAINT003    RESTRAINT004    RESTRAINT005    RESTRAINT006    RESTR_CVS001    RESTR_CVS002    RESTR_CVS003    RESTR_CVS004    RESTR_CVS005    RESTR_CVS006     TEMPERATURE          VOLUME              QM            SPOT
 --------------- --------------- --------------- --------------- ---------------
INFO:        500          0.2500    -117980.0168    -135688.9887      17708.9719         12.6050       1506.8824       3808.5800        467.0196       4475.7037        265.4979       -208.3876       7141.5543    -117191.7508          2.9245          1.8521          0.6856          0.1740          0.0348          0.1643          0.0137          0.0000          2.1932          1.0713          1.9086          1.8800          2.7427        302.2917          0.0000     -35957.0128         10.9200

INFO:       1000          0.5000    -117996.9825    -135706.4445      17709.4620         12.6971       1466.8790       3788.7992        466.9952       4441.8861        270.2340       -198.9133       7544.2028    -117483.2027          2.2505          1.3199          0.0232          0.0002          0.1568          0.7492          0.0013          0.0000          2.1366          1.0945          1.8749          1.9066          2.7339        302.3001          0.0000     -36005.5754         16.1964

INFO:       1500          0.7500    -118033.4868    -135860.0983      17826.6115         12.6312       1472.7153       3767.0266        470.6643       4448.1979        244.8005       -191.2431       7334.3100    -117435.0605          6.0078          1.9397          1.0988          0.0007          0.4755          1.7235          0.7696          0.0000          2.0849          1.0939          1.9376          1.9324          2.7866        304.2998          0.0000     -35977.5171         15.1440

INFO:       2000          1.0000    -118044.1263    -135692.2364      17648.1101         12.7359       1508.4597       3846.6165        472.3803       4424.1695        277.2688       -179.5902       7196.5918    -117227.0551          5.1393          1.2831          0.5694          0.1982          0.4810          2.2611          0.3465          0.0000          2.1890          1.1211          1.9378          1.9434          2.7700        301.2528          0.0000     -36016.2170         18.1326

INFO:       2500          1.2500    -118008.9949    -135759.4663      17750.4714         12.6038       1526.3883       3731.0477        465.6080       4470.3122        255.5296       -183.0575       7215.5295    -117261.6843          5.2556          1.8334          0.0104          1.1554          0.2147          1.6123          0.4294          0.0000          2.1513          1.1575          1.9246          1.9299          2.6982        303.0001          0.0000     -35984.3955         13.8598

INFO:       3000          1.5000    -118010.5252    -135553.8739      17543.3487         12.7047       1526.1612       3781.8636        477.7030       4500.8962        282.4167       -187.7232       7447.8883    -117416.9847          5.5013          1.3082          0.0063          0.0283          0.2470          1.0738          2.8377          0.0000          2.1408          1.0857          1.8691          1.7968          2.8333        299.4645          0.0000     -35971.5963         11.8524

INFO:       3500          1.7500    -118014.1947    -135743.0959      17728.9011         12.6108       1485.5585       3826.5428        487.6494       4500.4826        258.7009       -193.0684       7388.2971    -117555.7667          4.2798          3.1103          0.2343          0.0427          0.0577          0.0002          0.8346          0.0000          2.1733          1.1073          1.9117          1.8557          2.7887        302.6319          0.0000     -35945.7720         14.3464

INFO:       4000          2.0000    -118011.3514    -135686.7883      17675.4369         12.6270       1527.6458       3736.2056        469.6246       4495.0305        276.0308       -196.3293       7117.1651    -117128.3914          2.4663          1.6548          0.3176          0.3295          0.0054          0.1543          0.0047          0.0000          2.1779          1.0623          1.8936          1.8339          2.7321        301.7193          0.0000     -35986.2363         23.7124

INFO:       4500          2.2500    -117999.5263    -135664.8925      17665.3662         12.6233       1534.5114       3807.4714        469.1252       4466.6507        260.5858       -171.2581       7107.1364    -117121.1222          2.6633          1.7057          0.2229          0.2296          0.1229          0.3465          0.0356          0.0000          2.1727          1.0677          1.8776          1.8226          2.7469        301.5474          0.0000     -36020.6564         17.8219

INFO:       5000          2.5000    -118014.6180    -135612.3621      17597.7441         12.6250       1500.1074       3745.9548        485.1975       4476.3675        266.2599       -184.4532       7274.9931    -117185.6264          3.7558          1.5853          0.0549          0.3835          0.2015          0.9924          0.5382          0.0000          2.1589          1.0596          1.8719          1.7991          2.7784        300.3931          0.0000     -35994.9184         15.2988

INFO:       5500          2.7500    -118061.3269    -135691.4116      17630.0847         12.5669       1467.6489       3752.7264        470.4518       4478.3951        277.9966       -187.2108       7182.1233    -117146.2125          3.9637          2.3522          0.0090          0.7617          0.2319          0.5987          0.0101          0.0000          2.1509          1.1458          1.8700          1.8119          2.7418        300.9451          0.0000     -35991.2940         19.4389

INFO:       6000          3.0000    -118064.1482    -135711.7740      17647.6258         12.6775       1518.0084       3730.6324        486.1865       4463.9599        276.9020       -188.8275       7374.1285    -117371.6623          5.3604          2.9511          0.4327          0.0222          0.1328          1.7468          0.0749          0.0000          2.1834          1.1040          1.8768          1.9329          2.7518        301.2445          0.0000     -36006.4623         15.4569

INFO:       6500          3.2500    -118082.3052    -135626.6771      17544.3720         12.5965       1509.1993       3720.3085        465.2103       4506.9827        259.6729       -181.5205       7201.8441    -117131.2411          2.4661          2.0030          0.0154          0.0605          0.2138          0.1521          0.0213          0.0000          2.1382          1.1096          1.8711          1.8791          2.7444        299.4820          0.0000     -35979.5996         16.4362

INFO:       7000          3.5000    -118047.4971    -135667.9000      17620.4030         12.6299       1529.6262       3754.7063        471.5243       4491.5971        264.1526       -164.8920       7115.4326    -117156.7721          3.6991          3.1311          0.3988          0.0123          0.0455          0.0284          0.0830          0.0000          2.1819          1.0890          1.9101          1.8469          2.7194        300.7799          0.0000     -35976.9742         16.4911

INFO:       7500          3.7500    -118020.0502    -135639.9493      17619.8990         12.5529       1487.4818       3747.1520        468.2746       4491.7238        268.9363       -179.7533       7059.3223    -116991.5359          3.4014          1.1852          0.2598          0.1480          1.0365          0.4800          0.2920          0.0000          2.1748          1.1176          1.8390          1.8166          2.7048        300.7713          0.0000     -35994.9522         14.5172

INFO:       8000          4.0000    -118068.5369    -135621.7633      17553.2263         12.6424       1474.5492       3813.2562        463.9988       4520.3651        263.2314       -178.4138       7180.6488    -117163.5816          1.7702          0.4037          0.2674          0.1473          0.9242          0.0040          0.0236          0.0000          2.1155          1.0732          1.9533          1.8603          2.7271        299.6332          0.0000     -35997.5876         17.4116

INFO:       8500          4.2500    -118062.4846    -135616.0944      17553.6097         12.6139       1512.0376       3765.4185        471.2293       4492.4135        257.0885       -186.6125       7122.5402    -117036.8516          5.8867          2.4539          3.3411          0.0461          0.0194          0.0004          0.0258          0.0000          2.2509          1.0830          1.9058          1.8555          2.7267        299.6397          0.0000     -36019.2446         26.0451

INFO:       9000          4.5000    -118072.8218    -135696.0689      17623.2471         12.6016       1463.0364       3765.8569        475.3553       4517.8635        266.7176       -172.5880       7117.8437    -117166.5142          4.8939          3.4792          0.0003          0.3126          0.4108          0.3030          0.3880          0.0000          2.1444          1.0631          1.8608          1.8248          2.7000        300.8284          0.0000     -35968.5340         22.6276

INFO:       9500          4.7500    -118054.5503    -135747.4601      17692.9098         12.6176       1534.4025       3704.8693        445.2093       4484.6934        263.1255       -181.8815       7340.1609    -117340.3918          2.2555          1.2586          0.0620          0.2630          0.0015          0.2366          0.4338          0.0000          2.1310          1.0658          1.8956          1.8285          2.6980        302.0175          0.0000     -35999.9032         14.3839

INFO:      10000          5.0000    -118058.6123    -135685.1408      17626.5284         12.5833       1481.9788       3703.6141        460.4748       4489.3997        276.8558       -166.5022       7058.0963    -117005.6730          5.7087          2.9929          1.8043          0.0927          0.0433          0.5434          0.2321          0.0000          2.0678          1.0778          1.8858          1.8992          2.7638        300.8844          0.0000     -35989.0937         13.6142

INFO:      10500          5.2500    -117997.9623    -135494.8607      17496.8983         12.6485       1540.9473       3737.2615        465.4586       4493.3492        269.4608       -202.1172       7272.7759    -117094.3610          4.7389          1.5610          0.1856          0.4338          0.0033          1.7223          0.8329          0.0000          2.1703          1.1334          1.9011          1.7808          2.6833        298.6716          0.0000     -35982.3745         16.5137

INFO:      11000          5.5000    -117983.5114    -135569.4604      17585.9490         12.5705       1573.1291       3728.1193        472.0458       4491.5387        251.1326       -188.4499       6830.2934    -116721.1768          3.5668          1.4029          0.0012          0.1578          0.0574          1.0142          0.9334          0.0000          2.1434          1.0725          1.8840          1.9147          2.7918        300.1917          0.0000     -36009.6594         15.4292

INFO:      11500          5.7500    -117942.6859    -135585.6489      17642.9630         12.5899       1543.5505       3681.3561        459.8308       4515.5999        253.9861       -191.2132       7140.7809    -117024.8394          4.7002          3.6217          0.0323          0.0889          0.0806          0.1430          0.7338          0.0000          2.1558          1.1126          1.9142          1.8784          2.6865        301.1650          0.0000     -35969.4009         13.7386

INFO:      12000          6.0000    -117897.3757    -135573.9529      17676.5772         12.5239       1474.9979       3759.8724        475.6302       4485.7036        256.8724       -171.0385       7257.4987    -117145.9937          5.9767          2.7851          1.0494          0.0318          0.3337          0.9038          0.8729          0.0000          2.2045          1.1057          1.8644          1.8017          2.6821        301.7387          0.0000     -35973.4725         14.9305

INFO:      12500          6.2500    -117860.6999    -135507.0268      17646.3269         12.5715       1551.6741       3742.8716        464.7124       4509.4841        264.4880       -187.6462       7058.5105    -116949.5886          5.1908          3.7387          0.6324          0.0962          0.3760          0.2675          0.0799          0.0000          2.1913          1.0775          1.9332          1.8865          2.7523        301.2224          0.0000     -35966.7235         14.5564

INFO:      13000          6.5000    -117878.0953    -135492.7101      17614.6149         12.5697       1455.3485       3809.4343        475.7888       4496.4568        295.9034       -173.4008       7343.7043    -117210.7587          4.3311          3.0451          0.9852          0.0030          0.0241          0.1879          0.0857          0.0000          2.2027          1.0986          1.8888          1.8816          2.7529        300.6811          0.0000     -35989.5179         21.2389

INFO:      13500          6.7500    -117939.4435    -135543.6115      17604.1680         12.5204       1481.5727       3739.5206        464.2374       4441.8708        262.4748       -173.9388       7162.0013    -116977.6378          3.0251          0.5757          0.8366          0.0409          0.2081          1.1612          0.2027          0.0000          2.0926          1.0837          1.9241          1.9188          2.7100        300.5027          0.0000     -35946.7377         22.3932

INFO:      14000          7.0000    -117972.5650    -135551.2262      17578.6612         12.6130       1530.7286       3752.7104        464.2220       4459.7956        247.4703       -179.8631       7264.2657    -117155.2434          4.3241          1.6242          0.0337          0.0002          0.3303          1.1291          1.2067          0.0000          2.1348          1.0961          1.9310          1.7953          2.7994        300.0673          0.0000     -35939.6365         10.3061

INFO:      14500          7.2500    -118009.3186    -135624.3445      17615.0259         12.5601       1514.8955       3663.9128        473.5514       4469.1978        276.4742       -193.3145       7181.1052    -116984.0713          5.4777          2.4740          1.9758          0.0184          0.1361          0.3726          0.5009          0.0000          2.2266          1.0876          1.9191          1.8214          2.7769        300.6881          0.0000     -36031.5733         15.5986

INFO:      15000          7.5000    -117980.7032    -135577.6970      17596.9937         12.5736       1449.9284       3692.8115        464.3601       4496.3706        273.4743       -181.3830       7394.8969    -117199.2749          3.0854          2.1792          0.0028          0.1650          0.3768          0.0021          0.3595          0.0000          2.1424          1.0719          1.8624          1.8593          2.7706        300.3803          0.0000     -35971.9664         16.9262

INFO:      15500          7.7500    -118025.8968    -135601.8495      17575.9527         12.5376       1451.8662       3771.0199        464.8483       4513.3193        281.0224       -201.4987       7096.2880    -116991.0651          3.5358          1.3340          0.0403          0.1650          0.1608          1.6766          0.1591          0.0000          2.1570          1.1189          1.9209          1.9314          2.7590        300.0211          0.0000     -35991.1856         13.5302

INFO:      16000          8.0000    -118034.0043    -135843.7645      17809.7603         12.5166       1416.6878       3650.7730        464.7198       4504.1478        262.0876       -175.9074       7101.8330    -117076.2464          2.1002          1.4328          0.0125          0.5169          0.0232          0.1145          0.0004          0.0000          2.1389          1.1369          1.8890          1.8761          2.7349        304.0122          0.0000     -35993.9598         17.3695

INFO:      16500          8.2500    -117989.3180    -135520.7003      17531.3823         12.6058       1467.2634       3736.2906        473.5584       4523.8020        259.9425       -196.7106       7095.4382    -116874.3008          3.0545          1.8516          0.1298          0.0826          0.0002          0.3967          0.5936          0.0000          2.1246          1.0788          1.8971          1.8202          2.7805        299.2603          0.0000     -36009.0386         13.7859

INFO:      17000          8.5000    -117998.0508    -135485.5678      17487.5170         12.5710       1482.7863       3771.9784        471.2398       4487.5578        249.8194       -181.3967       7207.5106    -117011.9275          2.8023          1.7616          0.4021          0.0703          0.1076          0.0865          0.3743          0.0000          2.1088          1.1107          1.9167          1.8396          2.7713        298.5115          0.0000     -35965.9382         14.8874

INFO:      17500          8.7500    -117978.2394    -135700.6060      17722.3666         12.4969       1447.4649       3724.9652        468.1585       4474.4205        274.1072       -211.2912       6994.2701    -116898.9342          2.8267          0.8475          0.1027          0.0015          0.1056          1.7364          0.0330          0.0000          2.1639          1.0976          1.8790          1.9327          2.7465        302.5204          0.0000     -35976.5937         12.9931

INFO:      18000          9.0000    -118004.8229    -135552.7909      17547.9679         12.6213       1526.8502       3709.8814        458.5282       4515.8951        283.5338       -181.3625       7048.8658    -116935.7337          3.3007          2.2221          0.0120          0.0246          0.3011          0.6166          0.1242          0.0000          2.1391          1.0863          1.9295          1.9019          2.7156        299.5434          0.0000     -35982.5499         17.0919

INFO:      18500          9.2500    -118013.6674    -135648.9498      17635.2824         12.6198       1448.9094       3683.2172        461.3598       4463.2497        277.5936       -191.4405       7306.0307    -117117.7302          4.3085          2.2281          0.4440          0.0027          0.4745          0.4593          0.6998          0.0000          2.1839          1.0984          1.8580          1.8175          2.7843        301.0338          0.0000     -35984.4479         14.3226

INFO:      19000          9.5000    -117953.0703    -135533.8848      17580.8145         12.6094       1503.6429       3829.7423        465.7667       4469.6752        275.1888       -194.4906       7038.9276    -116956.5169          2.2140          1.4721          0.1345          0.0571          0.0489          0.2715          0.2299          0.0000          2.1666          1.1092          1.9106          1.8265          2.7083        300.1041          0.0000     -35968.0349         19.7085

INFO:      19500          9.7500    -117982.1501    -135581.3977      17599.2476         12.5383       1460.9053       3835.2871        489.5494       4492.9352        274.2923       -188.1329       7125.7100    -117082.1063          3.9329          2.5316          0.0448          0.0160          0.2956          1.0317          0.0133          0.0000          2.1576          1.1027          1.9292          1.9152          2.7427        300.4187          0.0000     -35993.7707         14.2601

INFO:      20000         10.0000    -117993.3748    -135689.4178      17696.0430         12.5120       1429.5921       3686.6931        477.6183       4526.8027        279.9615       -190.2449       7006.7776    -116947.8278          3.7803          1.2414          0.0617          0.0000          0.1576          0.8222          1.4973          0.0000          2.1311          1.0951          1.9207          1.8042          2.8066        302.0710          0.0000     -35962.5707         17.0990

 
[STEP6] Deallocate Arrays
 
Output_Time> Averaged timer profile (Min, Max)
  total time      =    2582.677
    setup         =       7.980
    dynamics      =    2574.697
      energy      =    2388.643
      integrator  =      41.943
      pairlist    =     143.967 (     137.235,     160.786)
  energy           
    bond          =       0.486 (       0.470,       0.509)
    angle         =       2.757 (       2.709,       2.796)
    dihedral      =       6.665 (       6.362,       6.971)
    nonbond       =     800.895 (     783.262,     809.201)
      pme real    =     800.889 (     783.257,     809.196)
      pme recip   =       0.000 (       0.000,       0.000)
    solvation     =       0.000 (       0.000,       0.000)
      polar       =       0.000 (       0.000,       0.000)
      non-polar   =       0.000 (       0.000,       0.000)
    restraint     =       0.121 (       0.111,       0.135)
    qmmm          =    1534.536 (    1534.473,    1534.631)
  integrator       
    constraint    =      22.958 (      22.267,      23.483)
    update        =       0.000 (       0.000,       0.000)
    comm_coord    =       0.000 (       0.000,       0.000)
    comm_force    =       0.000 (       0.000,       0.000)
    comm_migrate  =       0.000 (       0.000,       0.000)

Note: The following floating-point exceptions are signalling:Note: The following floating-point exceptions are signalling: IEEE_OVERFLOW_FLAG IEEE_UNDERFLOW_FLAG IEEE_DENORMAL
Note: The following floating-point exceptions are signalling: IEEE_OVERFLOW_FLAG IEEE_UNDERFLOW_FLAG IEEE_DENORMAL
 IEEE_OVERFLOW_FLAG IEEE_UNDERFLOW_FLAG IEEE_DENORMAL
Note: The following floating-point exceptions are signalling: IEEE_OVERFLOW_FLAG IEEE_UNDERFLOW_FLAG IEEE_DENORMAL
