(10.2.13.46:0,1,2,3)

[0] MPI startup(): libfabric version: 1.7.2a-impi
[0] MPI startup(): libfabric provider: verbs;ofi_rxm
[0] MPI startup(): Rank    Pid      Node name  Pin cpu
[0] MPI startup(): 0       71735    bwmpc0270  {0,1,2,3,4,5,6,7,8,9}
[0] MPI startup(): 1       71736    bwmpc0270  {10,11,12,13,14,15,16,17,18,19}
[0] MPI startup(): 2       71737    bwmpc0270  {20,21,22,23,24,25,26,27,28,29}
[0] MPI startup(): 3       71738    bwmpc0270  {30,31,32,33,34,35,36,37,38,39}
[0] MPI startup(): I_MPI_ROOT=/bwfefs/opt/x86_64/intel/compilers_and_libraries_2019.5.281/linux/mpi
[0] MPI startup(): I_MPI_HYDRA_BOOTSTRAP_EXEC=/bin/pjrsh
[0] MPI startup(): I_MPI_HYDRA_BOOTSTRAP_AUTOFORK=0
[0] MPI startup(): I_MPI_HYDRA_TOPOLIB=hwloc
[0] MPI startup(): I_MPI_HYDRA_HOST_FILE=/bwfefs/home/kyagi/tim/tim5/b3lypD3.rpath1/3.equil1/.d0011452918_nodeinfo
[0] MPI startup(): I_MPI_PERHOST=4
[0] MPI startup(): I_MPI_PIN=1
[0] MPI startup(): I_MPI_PIN_RESPECT_HCA=0
[0] MPI startup(): I_MPI_INTERNAL_MEM_POLICY=default
[0] MPI startup(): I_MPI_DEBUG=5
****************************************************
*                                                  *
*                  GENESIS ATDYN                   *
*                                                  *
*        A Molecular Dynamics Simulator with       *
*            Atomic Decomposition Scheme           *
*                                                  *
*               Developed by RIKEN                 *
*                                                  *
****************************************************
 
[STEP0] Architecture and Compiler Information
 
GENESIS_Information> GENESIS Information
  version      = 1.6.0
  commit ID    = $GENESIS_VERSION$
  precision    = double
  nonbonding   = CPU

Build_Information> Compiler Information
  build host   = kyagi@bwmpc0837
  fortran      = GNU Fortran (GCC) 7.2.0
  option       = -O3 -ffast-math -march=native -ffree-line-length-none -fopenmp 
  C            = gcc (GCC) 7.2.0
  option       = -O3 -ffast-math -march=native -fopenmp
  defined var. =  -DMPI -DOMP -DFFTE -DLAPACK -DDSFMT_MEXP=19937 -D__GFORTRAN__
  link option  = -L/home/kyagi/local/lib -fopenmp -lmkl_scalapack_lp64 -lmkl_blacs_intelmpi_lp64 -lmkl_intel_lp64 -lmkl_intel_thread -lmkl_core -liomp5 -lpthread -lm 

Runtime_Information> Machine and Library Information
  date       = 2021/02/03 21:45:40
  cpu model    = Intel(R) Xeon(R) Gold 6148 CPU @ 2.40GHz
  exec. host   = kyagi@bwmpc0270
  LD library   = /home/kyagi/local/lib:/bwfefs/opt/x86_64/intel/compilers_and_libraries_2019.5.281/linux/compiler/lib/intel64_lin:/bwfefs/opt/x86_64/intel/compilers_and_libraries_2019.5.281/linux/mkl/lib/intel64_lin:/bwfefs/opt/x86_64/gcc/7.2.0/lib64:/bwfefs/opt/x86_64/gcc/7.2.0/lib:/bwfefs/opt/x86_64/intel/impi/2019.5.281/intel64/lib/release:/bwfefs/opt/x86_64/intel/impi/2019.5.281/intel64/lib:/bwfefs/opt/x86_64/intel/impi/2019.5.281/intel64/libfabric/lib:/bwfefs/opt/x86_64/intel/parallel_studio_xe_2019.5.075/compilers_and_libraries_2019//linux/compiler/lib/intel64:/bwfefs/opt/x86_64/intel/parallel_studio_xe_2019.5.075/compilers_and_libraries_2019//linux/compiler/lib/intel64_lin:/bwfefs/opt/x86_64/intel/parallel_studio_xe_2019.5.075/compilers_and_libraries_2019//linux/mpi/intel64/lib:/bwfefs/opt/x86_64/intel/parallel_studio_xe_2019.5.075/compilers_and_libraries_2019//linux/mpi/intel64/libfabric/lib:/bwfefs/opt/x86_64/intel/parallel_studio_xe_2019.5.075/compilers_and_libraries_2019//linux/ipp/lib/intel64:/bwfefs/opt/x86_64/intel/parallel_studio_xe_2019.5.075/compilers_and_libraries_2019//linux/compiler/lib/intel64:/bwfefs/opt/x86_64/intel/parallel_studio_xe_2019.5.075/compilers_and_libraries_2019//linux/mkl/lib/intel64:/bwfefs/opt/x86_64/intel/parallel_studio_xe_2019.5.075/compilers_and_libraries_2019//linux/tbb/lib/intel64/gcc4.7:/bwfefs/opt/x86_64/intel/debugger_2019/iga/lib:/bwfefs/opt/x86_64/intel/debugger_2019/libipt/intel64/lib:/bwfefs/opt/x86_64/intel/parallel_studio_xe_2019.5.075/comp

[STEP1] Read Control Parameters
 
Read_Ctrl_Input> Input Files
  topfile = toppar/top_all36_prot.rtf, toppar/top_all36_cgenff.rtf
  parfile = toppar/par_all36_prot.prm, toppar/par_all36_cgenff.prm
  strfile = toppar/toppar_water_ions.str, toppar/toppar_dhap.3.str
  psffile = ../../2.equil/step4_nvt_100.psf
  pdbfile = ../../2.equil/step4_nvt_100.pdb
  rstfile = equil1_18.rst
  reffile = ../../2.equil/step4_nvt_100.pdb
 
Read_Ctrl_Output> Output Files
  dcdfile    = equil1_19.dcd
  rstfile    = equil1_19.rst
 
Read_Ctrl_Energy> Parameters of Energy Calculations
  forcefield      =     CHARMM
  switchdist      =     16.000  cutoffdist      =     18.000
  pairlistdist    =     19.500  dielec_const    =      1.000
  vdW force_switch=        yes
  electrostatic   =  CUTOFF
  implicit_solvent=       none
  table_order     =          3
  table_density   =     20.000
  water_model     =       NONE
  output_style    =    GENESIS
  dispersion_corr =       none
  nonb_limiter    =      no
 
Read_Ctrl_Dynamics> Parameters of MD simulation
  integrator      =       VVER  nsteps          =      20000
  timestep        =     0.0005  initial_time    =     0.0000
  eneout_period   =        500  rstout_period   =        500
  crdout_period   =        500  velout_period   =          0
  nbupdate_period =         10  stoptr_period   =         10
  iseed           =   20190319
  annealing       =         no
  verbose         =         no
  target_md       =         no
  steered_md      =         no
  esp_mm          =         no
 
Read_Ctrl_Constraints> Parameters for Constraints
  rigid_bond      =        yes
  shake_iteration =        500  shake_tolerance =  0.100E-09
  fast_water      =        yes  water_model     =       TIP3
  hydrogen_type   =  name|mass
  noshake_index   = 4  11  12  13
  fixatm_select_index        =       none
 
Read_Ctrl_Ensemble> Parameters for Ensemble
  ensemble        =        NVT
  temperature     =    300.000
  tpcontrol       =      BUSSI
  tau_t           =      5.000
 
Read_Ctrl_Boundary> Parameters of Boundary Condition
  type            =       NOBC
  spherical_pot   =        yes  restart         =          T
  center_info     =       read  modify_ratio    =      1.000
  constant        =     10.000  exponent        =          2
  fixatom         =          T  fix_layer       =      1.000
 
Read_Ctrl_Selection> Parameters of Selection
  # of groups     =         13
    group 1 = sid:DHA or (sid:TIMA and (rno:95 or rno:165) and          not (an:CA  | an:C   | an:O   | an:N | an:HN | an:HA))
    group 2 = atomno:1900 or atomno:5687
    group 3 = atomno:1442
    group 4 = atomno:1443
    group 5 = atomno:2559
    group 6 = atomno:2560
    group 7 = atomno:7583
    group 8 = atomno:7584
    group 9 = atomno:7585
    group 10 = atomno:7586
    group 11 = atomno:7587
    group 12 = atomno:7588
    group 13 = atomno:7589
  # of mole names =          0
 
Read_Ctrl_Restraints> Parameters of Restraint
  numfunc         =   6
  function1 = POSI     
    direction     = ALL 
    constant      = 10.0
    reference     = 
    select_index  = 2
    mode          =   0
    exponent      =   2
    exponent_dist = 
    weight_dist   = 

  function2 = DIST     
    constant      = 300.0
    reference     = 1.0403
    select_index  = 6  12
    mode          =   0
    exponent      =   2
    exponent_dist = 
    weight_dist   = 

  function3 = DIST     
    constant      = 300.0
    reference     = 1.7635
    select_index  = 9  12
    mode          =   0
    exponent      =   2
    exponent_dist = 
    weight_dist   = 

  function4 = DIST     
    constant      = 300.0
    reference     = 2.1048
    select_index  = 5  11
    mode          =   0
    exponent      =   2
    exponent_dist = 
    weight_dist   = 

  function5 = DIST     
    constant      = 300.0
    reference     = 1.7132
    select_index  = 8   4
    mode          =   0
    exponent      =   2
    exponent_dist = 
    weight_dist   = 

  function6 = DIST     
    constant      = 300.0
    reference     = 2.7022
    select_index  = 3  11
    mode          =   0
    exponent      =   2
    exponent_dist = 
    weight_dist   = 

  pressure_position   = NO
  pressure_rmsd     = NO

Read_Ctrl_Fitting_MD> Parameters of Fitting
  fitting method  =  TR+ROT   
  fitting atom    = group1
  mass_weight     =         no
 
Read_Ctrl_QMMM> Parameters of QM/MM
  qmtyp              = qsimulate
  qmcnt              = qsimulate.json
  qmexe              = 
  workdir            = equil1_19
  savedir            = none
  basename           = job
  qmsave_period      = 500
  qmmaxtrial         = 1
  qmatm_select_index = 1
  exclude_charge     = GROUP
 
[STEP2] Setup MPI
 
Setup_Mpi_Md> Summary of Setup MPI
  number of MPI processes   =          4
  number of OpenMP threads  =         10
  total number of CPU cores =         40

[STEP3] Set Relevant Variables and Structures
 
Input_Top> Summary of Topfile
  num_atom_class  =        212  num_resi_type   =        685
 
Input_Par> Summary of Parfile
  num_bonds       =        658  num_angles      =       2003
  num_dihedrals   =       4838  num_impropers   =        163
  num_atom_cls    =        212  num_nbfix       =         75
  num_cmap_terms  =          6
 
Input_Str> Summary of Top information
  num_atom_class  =        227  num_resi_type   =        700
 
Input_Str> Summary of Par information
  num_bonds       =        663  num_angles      =       2006
  num_dihedrals   =       4850  num_impropers   =        163
  num_atom_cls    =        227  num_nbfix       =         90
  num_cmap_terms  =          6
 
Read_Psf> Summary of Psffile
  psftype         =      xplor
  num_atoms       =      37226  num_bonds       =      37288
  num_angles      =      23768  num_dihedrals   =      20268
  num_impropers   =       1292  num_cmap_terms  =        494
  num_HB_donors   =      20596  num_HB_acceptors=      10610
  num_NB_exclusion=          0  num_groups      =      12168
  total_charge    =    -10.000
 
Check_Pdb> 6-column residue sequence number
 
Read_Pdb> Summary of Data in PDB file
  num_atoms       =      37226
 
Read_Rst_Binary> Summary of RST file
  num_atoms       =      37226  iseed           =   20190319
  boxsize (x,y,z) =      0.000     0.000     0.000
  spherical_pot     =      yes
  nfunctions                 2  num_fixatm              9645
  num_of_qm_charge          35

Define_Molecule> Summary of molecules
  num_atoms       =      37226  num_bonds       =      37288
  num_angles      =      23768  num_dihedrals   =      20268
  num_impropers   =       1292  num_cmap_terms  =        494
  num_residues    =      10370  num_molecules   =       9878
  num_segments    =          6  num_deg_freedom =     111678
  total_charge    =    -10.000
 
Setup_Boundary> Setup Variables for Boundary Condition
  origin(x,y,z)   =      0.000     0.000     0.000
  nfunctions      =        2
    center(x,y,z) =     17.000     0.000     0.000
    radius        =     35.000
    constant      =     10.000
    exponent      =          2
    center(x,y,z) =    -17.000     0.000     0.000
    radius        =     35.000
    constant      =     10.000
    exponent      =          2

  num_fixatm      =     9645

 
Random_Init> Initialize the random number
  seed            = 20190319

Setup_QMMM> Setup QM region
  QM assignment info
  1435 TIMA     95 HSE    CB   CT2    assigned to QM atom    1 of element: C     6
  1436 TIMA     95 HSE    HB1  HA2    assigned to QM atom    2 of element: H     1
  1437 TIMA     95 HSE    HB2  HA2    assigned to QM atom    3 of element: H     1
  1438 TIMA     95 HSE    ND1  NR2    assigned to QM atom    4 of element: N     7
  1439 TIMA     95 HSE    CG   CPH1   assigned to QM atom    5 of element: C     6
  1440 TIMA     95 HSE    CE1  CPH2   assigned to QM atom    6 of element: C     6
  1441 TIMA     95 HSE    HE1  HR1    assigned to QM atom    7 of element: H     1
  1442 TIMA     95 HSE    NE2  NR1    assigned to QM atom    8 of element: N     7
  1443 TIMA     95 HSE    HE2  H      assigned to QM atom    9 of element: H     1
  1444 TIMA     95 HSE    CD2  CPH1   assigned to QM atom   10 of element: C     6
  1445 TIMA     95 HSE    HD2  HR3    assigned to QM atom   11 of element: H     1
  2552 TIMA    165 GLU    CB   CT2A   assigned to QM atom   12 of element: C     6
  2553 TIMA    165 GLU    HB1  HA2    assigned to QM atom   13 of element: H     1
  2554 TIMA    165 GLU    HB2  HA2    assigned to QM atom   14 of element: H     1
  2555 TIMA    165 GLU    CG   CT2    assigned to QM atom   15 of element: C     6
  2556 TIMA    165 GLU    HG1  HA2    assigned to QM atom   16 of element: H     1
  2557 TIMA    165 GLU    HG2  HA2    assigned to QM atom   17 of element: H     1
  2558 TIMA    165 GLU    CD   CC     assigned to QM atom   18 of element: C     6
  2559 TIMA    165 GLU    OE1  OC     assigned to QM atom   19 of element: O     8
  2560 TIMA    165 GLU    OE2  OC     assigned to QM atom   20 of element: O     8
  7575 DHA     249 DHAP   P    PG2    assigned to QM atom   21 of element: P    15
  7576 DHA     249 DHAP   O1P  OG303  assigned to QM atom   22 of element: O     8
  7577 DHA     249 DHAP   O2P  OG2P1  assigned to QM atom   23 of element: O     8
  7578 DHA     249 DHAP   O3P  OG2P1  assigned to QM atom   24 of element: O     8
  7579 DHA     249 DHAP   O4P  OG2P1  assigned to QM atom   25 of element: O     8
  7580 DHA     249 DHAP   C1   CG321  assigned to QM atom   26 of element: C     6
  7581 DHA     249 DHAP   H11  HGA2   assigned to QM atom   27 of element: H     1
  7582 DHA     249 DHAP   H12  HGA2   assigned to QM atom   28 of element: H     1
  7583 DHA     249 DHAP   C2   CG2O5  assigned to QM atom   29 of element: C     6
  7584 DHA     249 DHAP   O2   OG2D3  assigned to QM atom   30 of element: O     8
  7585 DHA     249 DHAP   C3   CG321  assigned to QM atom   31 of element: C     6
  7586 DHA     249 DHAP   O3   OG311  assigned to QM atom   32 of element: O     8
  7587 DHA     249 DHAP   HO3  HGP1   assigned to QM atom   33 of element: H     1
  7588 DHA     249 DHAP   H31  HGA2   assigned to QM atom   34 of element: H     1
  7589 DHA     249 DHAP   H32  HGA2   assigned to QM atom   35 of element: H     1
  number of QM atoms = 35
 
  QM charges retreived from rstfile.
 

Generate_LinkAtoms> QM-MM interface info. Link hydrogen is set between:
              [ QM atom ]             -             [ MM atom ]
  1435 TIMA     95 HSE    CB   CT2    -   1433 TIMA     95 HSE    CA   CT1   
                                          1431 TIMA     95 HSE    N    NH1    excluded
                                          1432 TIMA     95 HSE    HN   H      excluded
                                          1434 TIMA     95 HSE    HA   HB1    excluded
  2552 TIMA    165 GLU    CB   CT2A   -   2550 TIMA    165 GLU    CA   CT1   
                                          2548 TIMA    165 GLU    N    NH1    excluded
                                          2549 TIMA    165 GLU    HN   H      excluded
                                          2551 TIMA    165 GLU    HA   HB1    excluded

  number of link atoms           = 2
  number of external MM charges  = 37183


  Check the input file for QSimulate [ qsimulate.json ]
Setup_Enefunc_Cmap_Par> Natural spline is used to derive cmap coefs.

Setup_Enefunc_Table> Setup Variables for LookupTable
  num_solutes     =      37226  num_waters      =          0

Setup_Enefunc_Restraint> Setup restraint groups
 group =     1, "sid:DHA or (sid:TIMA and (rno:95 or rno:165) and          not (an:CA  | an:C   | an:O   | an:N | an:HN | an:HA))"
 # of atoms =    35
 atomlist: 
   1435   1436   1437   1438   1439   1440   1441   1442   1443   1444
   1445   2552   2553   2554   2555   2556   2557   2558   2559   2560
   7575   7576   7577   7578   7579   7580   7581   7582   7583   7584
   7585   7586   7587   7588   7589
 group =     2, "atomno:1900 or atomno:5687"
 # of atoms =     2
 atomlist: 
   1900   5687
 group =     3, "atomno:1442"
 # of atoms =     1
 atomlist: 
   1442
 group =     4, "atomno:1443"
 # of atoms =     1
 atomlist: 
   1443
 group =     5, "atomno:2559"
 # of atoms =     1
 atomlist: 
   2559
 group =     6, "atomno:2560"
 # of atoms =     1
 atomlist: 
   2560
 group =     7, "atomno:7583"
 # of atoms =     1
 atomlist: 
   7583
 group =     8, "atomno:7584"
 # of atoms =     1
 atomlist: 
   7584
 group =     9, "atomno:7585"
 # of atoms =     1
 atomlist: 
   7585
 group =    10, "atomno:7586"
 # of atoms =     1
 atomlist: 
   7586
 group =    11, "atomno:7587"
 # of atoms =     1
 atomlist: 
   7587
 group =    12, "atomno:7588"
 # of atoms =     1
 atomlist: 
   7588
 group =    13, "atomno:7589"
 # of atoms =     1
 atomlist: 
   7589
Setup_Enefunc_Restraint> Setup restraint functions
 func  =     1 kind  =     1
 const(total, x, y, z) =   10.000   1.000   1.000   1.000
 exponend of function =     2
 # of groups  =     1
 grouplist:   2

 func  =     2 kind  =     2
 const             =  300.000
 ref               =    1.040
 exponend of function =     2
 # of distances  =     1
 distancelist: 
 group = (  6, 12) weight =    1.000 exponent =     1

 func  =     3 kind  =     2
 const             =  300.000
 ref               =    1.764
 exponend of function =     2
 # of distances  =     1
 distancelist: 
 group = (  9, 12) weight =    1.000 exponent =     1

 func  =     4 kind  =     2
 const             =  300.000
 ref               =    2.105
 exponend of function =     2
 # of distances  =     1
 distancelist: 
 group = (  5, 11) weight =    1.000 exponent =     1

 func  =     5 kind  =     2
 const             =  300.000
 ref               =    1.713
 exponend of function =     2
 # of distances  =     1
 distancelist: 
 group = (  8,  4) weight =    1.000 exponent =     1

 func  =     6 kind  =     2
 const             =  300.000
 ref               =    2.702
 exponend of function =     2
 # of distances  =     1
 distancelist: 
 group = (  3, 11) weight =    1.000 exponent =     1

Define_Enefunc_CHARMM> Number of Interactions in Each Term
  bond_ene        =      37255  angle_ene       =      23717
  urey_ene        =       6639
  torsion_ene     =      23862  improper_ene    =       1285
  cmap_ene        =        494
  restraint_groups=         13  restraint_funcs =          6
 
Setup_Fitting_Atdyn> NO fitting is applied, skip
  fitting method  =  NO

Update_Num_Deg_Freedom> Number of degrees of freedom was updated
  num_deg_freedom =      82743 (After setup of fixed atoms at boundary)
 
Remove_Fixatm> Modified Interactions
  bond_ene        =      27610  angle_ene       =      20502
  urey_ene        =       6639
  torsion_ene     =      23862  improper_ene    =       1285
 
Setup_Constraints> The following atoms are excluded from SHAKE:
    1443    7587    7588    7589
Setup_Settle> Setup constraints for SETTLE
  num_unconsbonds =       7633      num_Settle  =       6659
  r0(O-H)         =     0.9572  mass(O)         =    15.9994
  r0(H-H)         =     1.5139  mass(H)         =     1.0080
 
Setup_Shake> Setup constrains for SHAKE and RATTLE
  num_unconsbonds =       3837  num_rigid_bonds =       3796
 
  num_qm_rigid_bonds =         10
 
Update_Num_Deg_Freedom> Number of degrees of freedom was updated
  num_deg_freedom =      62766 (After setup of SETTLE)
 
Update_Num_Deg_Freedom> Number of degrees of freedom was updated
  num_deg_freedom =      58960 (After setup of SHAKE/RATTLE)
 
[STEP4] Compute Single Point Energy for Molecules
 
            STEP            BOND           ANGLE    UREY-BRADLEY        DIHEDRAL        IMPROPER            CMAP         VDWAALS           ELECT    RESTRAINT001    RESTRAINT002    RESTRAINT003    RESTRAINT004    RESTRAINT005    RESTRAINT006    RESTR_CVS001    RESTR_CVS002    RESTR_CVS003    RESTR_CVS004    RESTR_CVS005    RESTR_CVS006              QM            SPOT
 --------------- --------------- --------------- --------------- ---------------
               0       1479.5982       3743.8348        467.7530       4503.1668        288.8847       -169.3042       7217.3536    -117152.9598          0.3261          0.0917          4.2828          0.0741          0.1450          0.4526          0.0000          1.0228          1.6440          2.0891          1.7352          2.7410     -36023.4364         15.0987

[STEP5] Perform Molecular Dynamics Simulation
 
INFO:       STEP            TIME       TOTAL_ENE   POTENTIAL_ENE     KINETIC_ENE            RMSG            BOND           ANGLE    UREY-BRADLEY        DIHEDRAL        IMPROPER            CMAP         VDWAALS           ELECT RESTRAINT_TOTAL    RESTRAINT001    RESTRAINT002    RESTRAINT003    RESTRAINT004    RESTRAINT005    RESTRAINT006    RESTR_CVS001    RESTR_CVS002    RESTR_CVS003    RESTR_CVS004    RESTR_CVS005    RESTR_CVS006     TEMPERATURE          VOLUME              QM            SPOT
 --------------- --------------- --------------- --------------- ---------------
INFO:        500          0.2500    -117991.2243    -135670.5776      17679.3533         12.6277       1470.1338       3789.1309        468.6817       4440.8721        267.5930       -192.8475       7133.0188    -117020.6996          8.2864          2.9872          0.1684          2.2561          0.0055          2.7033          0.1660          0.0000          1.0166          1.8502          2.1005          1.8081          2.7257        301.7861          0.0000     -36034.7472         11.7348

INFO:       1000          0.5000    -118009.9070    -135689.3063      17679.3993         12.6188       1524.2935       3775.3960        476.6054       4462.5955        265.3472       -189.4334       7123.2630    -117086.9051          1.6488          0.4857          0.5346          0.0128          0.0002          0.3161          0.2995          0.0000          0.9981          1.7700          2.1040          1.6807          2.7338        301.7869          0.0000     -36042.1172         19.7780

INFO:       1500          0.7500    -118037.7790    -135748.2696      17710.4906         12.6558       1513.2260       3829.6603        458.9774       4453.6857        252.8328       -200.1686       7184.2958    -117228.2929          3.8789          1.0505          0.0902          0.0729          0.4242          2.2282          0.0128          0.0000          1.0576          1.7479          2.0672          1.7994          2.7087        302.3176          0.0000     -36016.3651         12.0627

INFO:       2000          1.0000    -118048.7230    -135666.0662      17617.3433         12.6512       1571.9715       3767.9506        476.6432       4492.2998        237.4024       -181.1006       7241.5646    -117241.4006          2.1826          1.2802          0.2601          0.0505          0.3705          0.1432          0.0780          0.0000          1.0109          1.7765          2.0697          1.6913          2.6861        300.7276          0.0000     -36033.5797         16.3139

INFO:       2500          1.2500    -118028.6543    -135718.0890      17689.4348         12.6574       1530.8568       3690.5747        467.5758       4482.2335        262.2767       -175.0437       7349.0511    -117296.0634          5.3532          3.7267          0.2828          0.0379          0.1601          0.9900          0.1558          0.0000          1.0096          1.7747          2.0817          1.7706          2.6794        301.9582          0.0000     -36034.9036         25.9740

INFO:       3000          1.5000    -118021.1008    -135709.9479      17688.8471         12.6171       1460.8506       3800.3449        460.4392       4467.0876        263.0387       -170.9983       7296.5550    -117264.2841          2.8832          1.0340          0.3191          0.1073          0.0073          1.4117          0.0037          0.0000          1.0729          1.7824          2.0999          1.6446          2.6987        301.9482          0.0000     -36025.8646         14.2645

INFO:       3500          1.7500    -118022.0002    -135726.7399      17704.7398         12.6589       1491.3653       3758.5547        467.2341       4457.3846        254.9142       -174.6770       7220.7616    -117197.2359          3.0148          1.8617          0.1667          0.0958          0.3151          0.2916          0.2840          0.0000          1.0167          1.7814          2.1372          1.7444          2.7330        302.2195          0.0000     -36008.0564         18.5270

INFO:       4000          2.0000    -118011.6816    -135611.3939      17599.7123         12.6771       1531.1878       3760.3469        465.6634       4498.3385        277.1526       -190.9221       7274.6156    -117196.2845          3.0286          0.9067          0.0033          0.2316          0.3640          1.1859          0.3371          0.0000          1.0436          1.7357          2.0700          1.7761          2.6687        300.4267          0.0000     -36034.5208         18.4814

INFO:       4500          2.2500    -118003.2878    -135625.1938      17621.9060         12.6151       1497.8262       3776.0178        469.0099       4485.9564        254.8721       -160.7069       7201.8743    -117122.6219          0.8760          0.4124          0.0578          0.0219          0.0759          0.3008          0.0073          0.0000          1.0264          1.7550          2.1207          1.6815          2.6973        300.8055          0.0000     -36028.2978         15.7777

INFO:       5000          2.5000    -118018.8603    -135766.2953      17747.4351         12.6412       1499.0528       3753.1036        474.3032       4493.8028        256.8290       -167.6200       7036.0026    -117110.3507          4.5332          2.1879          0.1431          0.7017          1.4803          0.0121          0.0081          0.0000          1.0185          1.7151          2.1750          1.7195          2.7074        302.9483          0.0000     -36005.9520         14.2234

INFO:       5500          2.7500    -118068.1574    -135728.6974      17660.5400         12.6492       1509.6699       3765.1254        478.8046       4490.4924        251.7159       -173.8461       7403.1859    -117444.6366          5.9591          1.5544          0.0137          0.2422          0.0380          4.0586          0.0522          0.0000          1.0471          1.7351          2.1161          1.8295          2.6890        301.4650          0.0000     -36015.1679         16.1780

INFO:       6000          3.0000    -118078.3855    -135847.8928      17769.5073         12.5431       1410.7864       3770.0477        461.7950       4465.5653        271.2683       -183.7499       7328.0727    -117314.0692          5.5674          1.5001          0.2670          0.2211          0.0012          3.4406          0.1375          0.0000          1.0105          1.7906          2.1068          1.8203          2.6808        303.3251          0.0000     -36063.1764         15.3480

INFO:       6500          3.2500    -118097.0421    -135792.6674      17695.6253         12.5973       1489.1442       3736.8785        475.9819       4485.7078        266.4998       -182.8844       7160.4866    -117196.2057          1.0328          0.3955          0.0171          0.0003          0.1920          0.3899          0.0380          0.0000          1.0478          1.7624          2.0795          1.6772          2.7135        302.0639          0.0000     -36029.3088         15.0147

INFO:       7000          3.5000    -118070.1457    -135845.2902      17775.1445         12.5665       1466.8440       3711.4303        452.9644       4474.6547        271.3813       -177.9346       7327.1357    -117332.4892          3.2259          1.5798          1.0877          0.0057          0.0791          0.4541          0.0195          0.0000          0.9801          1.7591          2.0886          1.7521          2.6941        303.4213          0.0000     -36042.5028         16.3408

INFO:       7500          3.7500    -118044.0435    -135682.0374      17637.9940         12.5963       1503.4953       3806.0788        470.6001       4448.2124        258.7551       -173.1409       7157.6564    -117118.2400          2.2486          1.4997          0.0101          0.0248          0.0707          0.5986          0.0447          0.0000          1.0461          1.7544          2.1202          1.6685          2.6900        301.0801          0.0000     -36037.7032         14.7827

INFO:       8000          4.0000    -118090.4227    -135716.6056      17626.1829         12.6219       1488.6348       3789.7789        470.1221       4488.7288        255.6038       -191.5730       7238.5098    -117226.5455          4.7190          1.5003          0.6214          0.3972          0.5787          1.3398          0.2816          0.0000          0.9948          1.7999          2.1487          1.7800          2.6716        300.8785          0.0000     -36034.5843         12.7680

INFO:       8500          4.2500    -118081.0877    -135710.0345      17628.9467         12.6457       1483.8460       3723.2013        468.9716       4462.3986        246.8191       -178.4976       7566.4597    -117445.0638          4.3961          0.6526          0.1084          0.0686          0.5042          3.0592          0.0031          0.0000          1.0593          1.7484          2.1458          1.8142          2.6990        300.9257          0.0000     -36042.5654         14.7794

INFO:       9000          4.5000    -118095.0202    -135820.0513      17725.0311         12.5755       1427.9291       3692.3372        456.9816       4488.6548        251.4443       -192.7079       7187.5303    -117114.1456          2.7496          0.7588          0.3853          0.9755          0.0890          0.0002          0.5409          0.0000          1.0045          1.8205          2.0876          1.7139          2.7447        302.5659          0.0000     -36020.8247         14.5727

INFO:       9500          4.7500    -118091.6092    -135754.1488      17662.5397         12.6012       1528.3941       3783.5769        475.8309       4459.1507        253.1147       -181.8173       7175.5006    -117196.4874          4.5169          2.5060          0.0193          0.1989          0.0622          1.7305          0.0000          0.0000          1.0483          1.7377          2.1192          1.6373          2.7025        301.4991          0.0000     -36055.9290         18.6682

INFO:      10000          5.0000    -118091.3652    -135786.8605      17695.4953         12.6103       1495.1450       3698.8012        472.2001       4493.6684        277.2585       -174.9402       7063.6162    -117052.9081          3.8132          0.9648          0.1757          0.1369          0.8174          1.6655          0.0529          0.0000          1.0161          1.7849          2.0526          1.7877          2.6889        302.0617          0.0000     -36063.5149         12.5958

INFO:      10500          5.2500    -118022.5426    -135655.3064      17632.7638         12.6175       1489.9205       3751.8200        466.0830       4455.2387        259.7285       -183.5268       7330.4649    -117160.9309          2.4643          1.2755          0.0072          0.0035          0.0032          0.6877          0.4871          0.0000          1.0354          1.7669          2.1015          1.7611          2.6619        300.9909          0.0000     -36066.5686          9.8833

INFO:      11000          5.5000    -118025.8405    -135742.0868      17716.2463         12.6090       1468.2623       3711.3796        462.3257       4488.9269        257.9686       -181.6591       7281.9847    -117169.9423          4.0268          1.5188          0.4988          0.4723          0.0195          1.5051          0.0124          0.0000          0.9995          1.8032          2.0967          1.6424          2.6958        302.4159          0.0000     -36065.3599         23.5792

INFO:      11500          5.7500    -117985.3422    -135824.5892      17839.2470         12.5226       1431.1113       3720.1862        458.1930       4483.9720        274.0524       -170.4437       7135.8919    -117130.3688          1.5954          1.0696          0.0160          0.1943          0.1794          0.1273          0.0088          0.0000          1.0330          1.7889          2.0803          1.6926          2.7076        304.5155          0.0000     -36028.7790         19.1901

INFO:      12000          6.0000    -117938.7850    -135628.2415      17689.4564         12.5581       1476.0060       3810.9447        463.7910       4494.6944        283.4456       -185.2541       7059.5879    -117006.9278          3.0359          1.7743          0.1619          0.9723          0.0034          0.1153          0.0086          0.0000          1.0171          1.8204          2.1082          1.6936          2.7076        301.9586          0.0000     -36027.5650         16.4253

INFO:      12500          6.2500    -117904.6028    -135557.6993      17653.0966         12.5934       1510.0334       3745.2766        440.8123       4478.2630        271.8050       -168.4495       7067.6444    -116871.9022          2.3642          1.7912          0.0052          0.0620          0.0002          0.2331          0.2726          0.0000          1.0444          1.7779          2.1041          1.7411          2.6721        301.3379          0.0000     -36033.5464         19.3425

INFO:      13000          6.5000    -117910.8732    -135647.4684      17736.5952         12.5602       1505.1098       3740.4257        474.9726       4528.9093        261.4174       -177.9998       7220.0342    -117153.4367          4.1504          2.1777          0.1345          0.4280          0.0113          1.1837          0.2152          0.0000          1.0615          1.8013          2.0987          1.7760          2.6754        302.7633          0.0000     -36051.0514         14.2027

INFO:      13500          6.7500    -117979.7746    -135604.3978      17624.6232         12.6042       1484.8582       3756.9727        464.1736       4485.5053        256.4330       -161.7328       7206.2968    -117035.6094          1.3145          0.8754          0.0023          0.0004          0.0448          0.2259          0.1657          0.0000          1.0375          1.7623          2.1170          1.6858          2.6787        300.8519          0.0000     -36062.6099         20.6992

INFO:      14000          7.0000    -118022.4143    -135554.8185      17532.4042         12.6139       1517.9862       3707.1034        467.9594       4501.4568        252.8528       -158.5372       7285.1506    -117117.6887          5.8697          0.6167          0.2118          0.3355          0.9428          3.4532          0.3097          0.0000          1.0669          1.7969          2.0487          1.8205          2.6701        299.2777          0.0000     -36016.9715         20.7843

INFO:      14500          7.2500    -118052.7824    -135659.2121      17606.4296         12.6333       1514.3777       3747.0100        464.5644       4516.0625        253.8235       -179.9934       7186.1008    -117103.1729          2.3481          1.0735          0.4533          0.4877          0.0029          0.3154          0.0154          0.0000          1.0014          1.8038          2.1017          1.6808          2.7094        300.5413          0.0000     -36060.3327         19.0821

INFO:      15000          7.5000    -118019.7251    -135694.6607      17674.9356         12.6071       1437.9439       3777.4471        469.3500       4502.5251        261.5274       -170.5237       7272.1657    -117218.6061          6.4151          0.4416          0.1584          2.7236          0.2108          2.8531          0.0277          0.0000          1.0173          1.8588          2.1313          1.8107          2.7118        301.7107          0.0000     -36032.9051         14.5485

INFO:      15500          7.7500    -118065.7921    -135620.5109      17554.7189         12.6185       1504.6980       3708.1441        458.6312       4490.5177        276.9477       -180.7733       7168.0400    -117017.5502          2.6096          1.8782          0.0147          0.0722          0.0581          0.0687          0.5175          0.0000          1.0333          1.7790          2.1187          1.6981          2.7437        299.6586          0.0000     -36031.7757         11.7932

INFO:      16000          8.0000    -118071.6304    -135705.7390      17634.1086         12.5791       1481.3158       3693.8909        462.3142       4498.8948        287.2752       -146.0184       7242.9206    -117190.8445          4.4055          0.7141          0.0434          0.0274          0.9246          2.3268          0.3692          0.0000          1.0523          1.7539          2.1603          1.8013          2.6671        301.0138          0.0000     -36039.8932         15.4556

INFO:      16500          8.2500    -118029.4198    -135792.6236      17763.2037         12.5630       1462.7918       3694.3946        467.7215       4466.9446        253.9177       -179.1220       7208.2742    -117102.7924          4.9524          3.1987          0.0879          1.1005          0.5119          0.0294          0.0241          0.0000          1.0232          1.8241          2.0635          1.7231          2.7112        303.2175          0.0000     -36069.7059         12.9043

INFO:      17000          8.5000    -118040.0324    -135839.1226      17799.0902         12.5934       1491.5648       3720.0519        460.6960       4482.9787        278.2833       -177.5752       7371.2384    -117396.9897          3.2708          1.3171          1.1515          0.0005          0.2063          0.2073          0.3881          0.0000          0.9783          1.7622          2.0786          1.7395          2.6662        303.8300          0.0000     -36072.6417         11.2923

INFO:      17500          8.7500    -118022.7029    -135614.9272      17592.2242         12.6278       1464.3153       3782.1158        463.8408       4451.8112        257.6977       -165.5762       7167.1966    -116965.1190          3.6344          1.4946          0.0570          0.1021          0.0943          0.9392          0.9472          0.0000          1.0265          1.7450          2.1225          1.7692          2.7584        300.2988          0.0000     -36074.8436         11.5607

INFO:      18000          9.0000    -118051.5158    -135613.8897      17562.3739         12.6499       1564.7108       3747.3009        466.1474       4483.6489        270.5370       -187.0877       7291.1977    -117217.5932          7.1214          6.1700          0.1083          0.0010          0.0105          0.7216          0.1100          0.0000          1.0593          1.7617          2.1107          1.6642          2.6830        299.7893          0.0000     -36039.8729         15.2553

INFO:      18500          9.2500    -118070.0568    -135808.5028      17738.4460         12.6081       1486.4645       3720.6567        464.0439       4473.1816        238.4242       -190.7157       7158.9646    -117110.2176          3.1659          0.8592          0.0162          0.6824          0.5792          0.0044          1.0246          0.0000          1.0330          1.8112          2.0609          1.7094          2.6438        302.7948          0.0000     -36052.4710         20.1586

INFO:      19000          9.5000    -117999.0527    -135913.7642      17914.7115         12.5851       1462.6366       3678.7888        462.2142       4491.9089        244.8872       -172.7275       7039.5978    -117081.6743          3.2362          0.4187          0.6820          0.4754          0.0253          0.0054          1.6296          0.0000          0.9926          1.8033          2.0956          1.7174          2.7759        305.8037          0.0000     -36042.6322         15.4216

INFO:      19500          9.7500    -118031.5324    -135721.8667      17690.3344         12.5411       1501.3690       3667.0963        463.2679       4486.2390        269.3807       -197.0833       7138.9829    -116967.8886          6.8007          4.8964          0.1853          0.6924          0.8985          0.0061          0.1221          0.0000          1.0154          1.8115          2.1595          1.7177          2.6820        301.9736          0.0000     -36090.0313         11.6823

INFO:      20000         10.0000    -118040.5855    -135683.9006      17643.3151         12.5561       1458.7823       3711.1987        454.7364       4540.2335        272.7381       -186.1141       7047.9800    -116925.1241          2.6508          1.1168          0.0006          0.0481          0.6642          0.7098          0.1112          0.0000          1.0417          1.7508          2.1519          1.7618          2.7215        301.1710          0.0000     -36060.9822         13.3583

 
[STEP6] Deallocate Arrays
 
Output_Time> Averaged timer profile (Min, Max)
  total time      =    2631.920
    setup         =       7.079
    dynamics      =    2624.841
      energy      =    2439.720
      integrator  =      41.723
      pairlist    =     143.319 (     136.763,     158.365)
  energy           
    bond          =       0.481 (       0.464,       0.495)
    angle         =       2.757 (       2.712,       2.809)
    dihedral      =       6.667 (       6.348,       6.980)
    nonbond       =     799.620 (     783.722,     821.652)
      pme real    =     799.615 (     783.716,     821.648)
      pme recip   =       0.000 (       0.000,       0.000)
    solvation     =       0.000 (       0.000,       0.000)
      polar       =       0.000 (       0.000,       0.000)
      non-polar   =       0.000 (       0.000,       0.000)
    restraint     =       0.120 (       0.109,       0.130)
    qmmm          =    1579.716 (    1579.698,    1579.736)
  integrator       
    constraint    =      22.722 (      22.074,      23.360)
    update        =       0.000 (       0.000,       0.000)
    comm_coord    =       0.000 (       0.000,       0.000)
    comm_force    =       0.000 (       0.000,       0.000)
    comm_migrate  =       0.000 (       0.000,       0.000)

Note: The following floating-point exceptions are signalling:Note: The following floating-point exceptions are signalling: IEEE_OVERFLOW_FLAG IEEE_UNDERFLOW_FLAG IEEE_DENORMAL
Note: The following floating-point exceptions are signalling: IEEE_OVERFLOW_FLAG IEEE_UNDERFLOW_FLAG IEEE_DENORMAL
Note: The following floating-point exceptions are signalling: IEEE_OVERFLOW_FLAG IEEE_UNDERFLOW_FLAG IEEE_DENORMAL
 IEEE_OVERFLOW_FLAG IEEE_UNDERFLOW_FLAG IEEE_DENORMAL
