(10.2.13.46:0,1,2,3)

[0] MPI startup(): libfabric version: 1.7.2a-impi
[0] MPI startup(): libfabric provider: verbs;ofi_rxm
[0] MPI startup(): Rank    Pid      Node name  Pin cpu
[0] MPI startup(): 0       38611    bwmpc0270  {0,1,2,3,4,5,6,7,8,9}
[0] MPI startup(): 1       38612    bwmpc0270  {10,11,12,13,14,15,16,17,18,19}
[0] MPI startup(): 2       38613    bwmpc0270  {20,21,22,23,24,25,26,27,28,29}
[0] MPI startup(): 3       38614    bwmpc0270  {30,31,32,33,34,35,36,37,38,39}
[0] MPI startup(): I_MPI_ROOT=/bwfefs/opt/x86_64/intel/compilers_and_libraries_2019.5.281/linux/mpi
[0] MPI startup(): I_MPI_HYDRA_BOOTSTRAP_EXEC=/bin/pjrsh
[0] MPI startup(): I_MPI_HYDRA_BOOTSTRAP_AUTOFORK=0
[0] MPI startup(): I_MPI_HYDRA_TOPOLIB=hwloc
[0] MPI startup(): I_MPI_HYDRA_HOST_FILE=/bwfefs/home/kyagi/tim/tim5/b3lypD3.rpath1/3.equil1/.d0011452918_nodeinfo
[0] MPI startup(): I_MPI_PERHOST=4
[0] MPI startup(): I_MPI_PIN=1
[0] MPI startup(): I_MPI_PIN_RESPECT_HCA=0
[0] MPI startup(): I_MPI_INTERNAL_MEM_POLICY=default
[0] MPI startup(): I_MPI_DEBUG=5
****************************************************
*                                                  *
*                  GENESIS ATDYN                   *
*                                                  *
*        A Molecular Dynamics Simulator with       *
*            Atomic Decomposition Scheme           *
*                                                  *
*               Developed by RIKEN                 *
*                                                  *
****************************************************
 
[STEP0] Architecture and Compiler Information
 
GENESIS_Information> GENESIS Information
  version      = 1.6.0
  commit ID    = $GENESIS_VERSION$
  precision    = double
  nonbonding   = CPU

Build_Information> Compiler Information
  build host   = kyagi@bwmpc0837
  fortran      = GNU Fortran (GCC) 7.2.0
  option       = -O3 -ffast-math -march=native -ffree-line-length-none -fopenmp 
  C            = gcc (GCC) 7.2.0
  option       = -O3 -ffast-math -march=native -fopenmp
  defined var. =  -DMPI -DOMP -DFFTE -DLAPACK -DDSFMT_MEXP=19937 -D__GFORTRAN__
  link option  = -L/home/kyagi/local/lib -fopenmp -lmkl_scalapack_lp64 -lmkl_blacs_intelmpi_lp64 -lmkl_intel_lp64 -lmkl_intel_thread -lmkl_core -liomp5 -lpthread -lm 

Runtime_Information> Machine and Library Information
  date       = 2021/02/03 18:48:19
  cpu model    = Intel(R) Xeon(R) Gold 6148 CPU @ 2.40GHz
  exec. host   = kyagi@bwmpc0270
  LD library   = /home/kyagi/local/lib:/bwfefs/opt/x86_64/intel/compilers_and_libraries_2019.5.281/linux/compiler/lib/intel64_lin:/bwfefs/opt/x86_64/intel/compilers_and_libraries_2019.5.281/linux/mkl/lib/intel64_lin:/bwfefs/opt/x86_64/gcc/7.2.0/lib64:/bwfefs/opt/x86_64/gcc/7.2.0/lib:/bwfefs/opt/x86_64/intel/impi/2019.5.281/intel64/lib/release:/bwfefs/opt/x86_64/intel/impi/2019.5.281/intel64/lib:/bwfefs/opt/x86_64/intel/impi/2019.5.281/intel64/libfabric/lib:/bwfefs/opt/x86_64/intel/parallel_studio_xe_2019.5.075/compilers_and_libraries_2019//linux/compiler/lib/intel64:/bwfefs/opt/x86_64/intel/parallel_studio_xe_2019.5.075/compilers_and_libraries_2019//linux/compiler/lib/intel64_lin:/bwfefs/opt/x86_64/intel/parallel_studio_xe_2019.5.075/compilers_and_libraries_2019//linux/mpi/intel64/lib:/bwfefs/opt/x86_64/intel/parallel_studio_xe_2019.5.075/compilers_and_libraries_2019//linux/mpi/intel64/libfabric/lib:/bwfefs/opt/x86_64/intel/parallel_studio_xe_2019.5.075/compilers_and_libraries_2019//linux/ipp/lib/intel64:/bwfefs/opt/x86_64/intel/parallel_studio_xe_2019.5.075/compilers_and_libraries_2019//linux/compiler/lib/intel64:/bwfefs/opt/x86_64/intel/parallel_studio_xe_2019.5.075/compilers_and_libraries_2019//linux/mkl/lib/intel64:/bwfefs/opt/x86_64/intel/parallel_studio_xe_2019.5.075/compilers_and_libraries_2019//linux/tbb/lib/intel64/gcc4.7:/bwfefs/opt/x86_64/intel/debugger_2019/iga/lib:/bwfefs/opt/x86_64/intel/debugger_2019/libipt/intel64/lib:/bwfefs/opt/x86_64/intel/parallel_studio_xe_2019.5.075/comp

[STEP1] Read Control Parameters
 
Read_Ctrl_Input> Input Files
  topfile = toppar/top_all36_prot.rtf, toppar/top_all36_cgenff.rtf
  parfile = toppar/par_all36_prot.prm, toppar/par_all36_cgenff.prm
  strfile = toppar/toppar_water_ions.str, toppar/toppar_dhap.3.str
  psffile = ../../2.equil/step4_nvt_100.psf
  pdbfile = ../../2.equil/step4_nvt_100.pdb
  rstfile = equil1_14.rst
  reffile = ../../2.equil/step4_nvt_100.pdb
 
Read_Ctrl_Output> Output Files
  dcdfile    = equil1_15.dcd
  rstfile    = equil1_15.rst
 
Read_Ctrl_Energy> Parameters of Energy Calculations
  forcefield      =     CHARMM
  switchdist      =     16.000  cutoffdist      =     18.000
  pairlistdist    =     19.500  dielec_const    =      1.000
  vdW force_switch=        yes
  electrostatic   =  CUTOFF
  implicit_solvent=       none
  table_order     =          3
  table_density   =     20.000
  water_model     =       NONE
  output_style    =    GENESIS
  dispersion_corr =       none
  nonb_limiter    =      no
 
Read_Ctrl_Dynamics> Parameters of MD simulation
  integrator      =       VVER  nsteps          =      20000
  timestep        =     0.0005  initial_time    =     0.0000
  eneout_period   =        500  rstout_period   =        500
  crdout_period   =        500  velout_period   =          0
  nbupdate_period =         10  stoptr_period   =         10
  iseed           =   20190319
  annealing       =         no
  verbose         =         no
  target_md       =         no
  steered_md      =         no
  esp_mm          =         no
 
Read_Ctrl_Constraints> Parameters for Constraints
  rigid_bond      =        yes
  shake_iteration =        500  shake_tolerance =  0.100E-09
  fast_water      =        yes  water_model     =       TIP3
  hydrogen_type   =  name|mass
  noshake_index   = 4  11  12  13
  fixatm_select_index        =       none
 
Read_Ctrl_Ensemble> Parameters for Ensemble
  ensemble        =        NVT
  temperature     =    300.000
  tpcontrol       =      BUSSI
  tau_t           =      5.000
 
Read_Ctrl_Boundary> Parameters of Boundary Condition
  type            =       NOBC
  spherical_pot   =        yes  restart         =          T
  center_info     =       read  modify_ratio    =      1.000
  constant        =     10.000  exponent        =          2
  fixatom         =          T  fix_layer       =      1.000
 
Read_Ctrl_Selection> Parameters of Selection
  # of groups     =         13
    group 1 = sid:DHA or (sid:TIMA and (rno:95 or rno:165) and          not (an:CA  | an:C   | an:O   | an:N | an:HN | an:HA))
    group 2 = atomno:1900 or atomno:5687
    group 3 = atomno:1442
    group 4 = atomno:1443
    group 5 = atomno:2559
    group 6 = atomno:2560
    group 7 = atomno:7583
    group 8 = atomno:7584
    group 9 = atomno:7585
    group 10 = atomno:7586
    group 11 = atomno:7587
    group 12 = atomno:7588
    group 13 = atomno:7589
  # of mole names =          0
 
Read_Ctrl_Restraints> Parameters of Restraint
  numfunc         =   6
  function1 = POSI     
    direction     = ALL 
    constant      = 10.0
    reference     = 
    select_index  = 2
    mode          =   0
    exponent      =   2
    exponent_dist = 
    weight_dist   = 

  function2 = DIST     
    constant      = 300.0
    reference     = 1.2341
    select_index  = 6  12
    mode          =   0
    exponent      =   2
    exponent_dist = 
    weight_dist   = 

  function3 = DIST     
    constant      = 300.0
    reference     = 1.4256
    select_index  = 9  12
    mode          =   0
    exponent      =   2
    exponent_dist = 
    weight_dist   = 

  function4 = DIST     
    constant      = 300.0
    reference     = 2.0355
    select_index  = 5  11
    mode          =   0
    exponent      =   2
    exponent_dist = 
    weight_dist   = 

  function5 = DIST     
    constant      = 300.0
    reference     = 1.7893
    select_index  = 8   4
    mode          =   0
    exponent      =   2
    exponent_dist = 
    weight_dist   = 

  function6 = DIST     
    constant      = 300.0
    reference     = 2.7278
    select_index  = 3  11
    mode          =   0
    exponent      =   2
    exponent_dist = 
    weight_dist   = 

  pressure_position   = NO
  pressure_rmsd     = NO

Read_Ctrl_Fitting_MD> Parameters of Fitting
  fitting method  =  TR+ROT   
  fitting atom    = group1
  mass_weight     =         no
 
Read_Ctrl_QMMM> Parameters of QM/MM
  qmtyp              = qsimulate
  qmcnt              = qsimulate.json
  qmexe              = 
  workdir            = equil1_15
  savedir            = none
  basename           = job
  qmsave_period      = 500
  qmmaxtrial         = 1
  qmatm_select_index = 1
  exclude_charge     = GROUP
 
[STEP2] Setup MPI
 
Setup_Mpi_Md> Summary of Setup MPI
  number of MPI processes   =          4
  number of OpenMP threads  =         10
  total number of CPU cores =         40

[STEP3] Set Relevant Variables and Structures
 
Input_Top> Summary of Topfile
  num_atom_class  =        212  num_resi_type   =        685
 
Input_Par> Summary of Parfile
  num_bonds       =        658  num_angles      =       2003
  num_dihedrals   =       4838  num_impropers   =        163
  num_atom_cls    =        212  num_nbfix       =         75
  num_cmap_terms  =          6
 
Input_Str> Summary of Top information
  num_atom_class  =        227  num_resi_type   =        700
 
Input_Str> Summary of Par information
  num_bonds       =        663  num_angles      =       2006
  num_dihedrals   =       4850  num_impropers   =        163
  num_atom_cls    =        227  num_nbfix       =         90
  num_cmap_terms  =          6
 
Read_Psf> Summary of Psffile
  psftype         =      xplor
  num_atoms       =      37226  num_bonds       =      37288
  num_angles      =      23768  num_dihedrals   =      20268
  num_impropers   =       1292  num_cmap_terms  =        494
  num_HB_donors   =      20596  num_HB_acceptors=      10610
  num_NB_exclusion=          0  num_groups      =      12168
  total_charge    =    -10.000
 
Check_Pdb> 6-column residue sequence number
 
Read_Pdb> Summary of Data in PDB file
  num_atoms       =      37226
 
Read_Rst_Binary> Summary of RST file
  num_atoms       =      37226  iseed           =   20190319
  boxsize (x,y,z) =      0.000     0.000     0.000
  spherical_pot     =      yes
  nfunctions                 2  num_fixatm              9645
  num_of_qm_charge          35

Define_Molecule> Summary of molecules
  num_atoms       =      37226  num_bonds       =      37288
  num_angles      =      23768  num_dihedrals   =      20268
  num_impropers   =       1292  num_cmap_terms  =        494
  num_residues    =      10370  num_molecules   =       9878
  num_segments    =          6  num_deg_freedom =     111678
  total_charge    =    -10.000
 
Setup_Boundary> Setup Variables for Boundary Condition
  origin(x,y,z)   =      0.000     0.000     0.000
  nfunctions      =        2
    center(x,y,z) =     17.000     0.000     0.000
    radius        =     35.000
    constant      =     10.000
    exponent      =          2
    center(x,y,z) =    -17.000     0.000     0.000
    radius        =     35.000
    constant      =     10.000
    exponent      =          2

  num_fixatm      =     9645

 
Random_Init> Initialize the random number
  seed            = 20190319

Setup_QMMM> Setup QM region
  QM assignment info
  1435 TIMA     95 HSE    CB   CT2    assigned to QM atom    1 of element: C     6
  1436 TIMA     95 HSE    HB1  HA2    assigned to QM atom    2 of element: H     1
  1437 TIMA     95 HSE    HB2  HA2    assigned to QM atom    3 of element: H     1
  1438 TIMA     95 HSE    ND1  NR2    assigned to QM atom    4 of element: N     7
  1439 TIMA     95 HSE    CG   CPH1   assigned to QM atom    5 of element: C     6
  1440 TIMA     95 HSE    CE1  CPH2   assigned to QM atom    6 of element: C     6
  1441 TIMA     95 HSE    HE1  HR1    assigned to QM atom    7 of element: H     1
  1442 TIMA     95 HSE    NE2  NR1    assigned to QM atom    8 of element: N     7
  1443 TIMA     95 HSE    HE2  H      assigned to QM atom    9 of element: H     1
  1444 TIMA     95 HSE    CD2  CPH1   assigned to QM atom   10 of element: C     6
  1445 TIMA     95 HSE    HD2  HR3    assigned to QM atom   11 of element: H     1
  2552 TIMA    165 GLU    CB   CT2A   assigned to QM atom   12 of element: C     6
  2553 TIMA    165 GLU    HB1  HA2    assigned to QM atom   13 of element: H     1
  2554 TIMA    165 GLU    HB2  HA2    assigned to QM atom   14 of element: H     1
  2555 TIMA    165 GLU    CG   CT2    assigned to QM atom   15 of element: C     6
  2556 TIMA    165 GLU    HG1  HA2    assigned to QM atom   16 of element: H     1
  2557 TIMA    165 GLU    HG2  HA2    assigned to QM atom   17 of element: H     1
  2558 TIMA    165 GLU    CD   CC     assigned to QM atom   18 of element: C     6
  2559 TIMA    165 GLU    OE1  OC     assigned to QM atom   19 of element: O     8
  2560 TIMA    165 GLU    OE2  OC     assigned to QM atom   20 of element: O     8
  7575 DHA     249 DHAP   P    PG2    assigned to QM atom   21 of element: P    15
  7576 DHA     249 DHAP   O1P  OG303  assigned to QM atom   22 of element: O     8
  7577 DHA     249 DHAP   O2P  OG2P1  assigned to QM atom   23 of element: O     8
  7578 DHA     249 DHAP   O3P  OG2P1  assigned to QM atom   24 of element: O     8
  7579 DHA     249 DHAP   O4P  OG2P1  assigned to QM atom   25 of element: O     8
  7580 DHA     249 DHAP   C1   CG321  assigned to QM atom   26 of element: C     6
  7581 DHA     249 DHAP   H11  HGA2   assigned to QM atom   27 of element: H     1
  7582 DHA     249 DHAP   H12  HGA2   assigned to QM atom   28 of element: H     1
  7583 DHA     249 DHAP   C2   CG2O5  assigned to QM atom   29 of element: C     6
  7584 DHA     249 DHAP   O2   OG2D3  assigned to QM atom   30 of element: O     8
  7585 DHA     249 DHAP   C3   CG321  assigned to QM atom   31 of element: C     6
  7586 DHA     249 DHAP   O3   OG311  assigned to QM atom   32 of element: O     8
  7587 DHA     249 DHAP   HO3  HGP1   assigned to QM atom   33 of element: H     1
  7588 DHA     249 DHAP   H31  HGA2   assigned to QM atom   34 of element: H     1
  7589 DHA     249 DHAP   H32  HGA2   assigned to QM atom   35 of element: H     1
  number of QM atoms = 35
 
  QM charges retreived from rstfile.
 

Generate_LinkAtoms> QM-MM interface info. Link hydrogen is set between:
              [ QM atom ]             -             [ MM atom ]
  1435 TIMA     95 HSE    CB   CT2    -   1433 TIMA     95 HSE    CA   CT1   
                                          1431 TIMA     95 HSE    N    NH1    excluded
                                          1432 TIMA     95 HSE    HN   H      excluded
                                          1434 TIMA     95 HSE    HA   HB1    excluded
  2552 TIMA    165 GLU    CB   CT2A   -   2550 TIMA    165 GLU    CA   CT1   
                                          2548 TIMA    165 GLU    N    NH1    excluded
                                          2549 TIMA    165 GLU    HN   H      excluded
                                          2551 TIMA    165 GLU    HA   HB1    excluded

  number of link atoms           = 2
  number of external MM charges  = 37183


  Check the input file for QSimulate [ qsimulate.json ]
Setup_Enefunc_Cmap_Par> Natural spline is used to derive cmap coefs.

Setup_Enefunc_Table> Setup Variables for LookupTable
  num_solutes     =      37226  num_waters      =          0

Setup_Enefunc_Restraint> Setup restraint groups
 group =     1, "sid:DHA or (sid:TIMA and (rno:95 or rno:165) and          not (an:CA  | an:C   | an:O   | an:N | an:HN | an:HA))"
 # of atoms =    35
 atomlist: 
   1435   1436   1437   1438   1439   1440   1441   1442   1443   1444
   1445   2552   2553   2554   2555   2556   2557   2558   2559   2560
   7575   7576   7577   7578   7579   7580   7581   7582   7583   7584
   7585   7586   7587   7588   7589
 group =     2, "atomno:1900 or atomno:5687"
 # of atoms =     2
 atomlist: 
   1900   5687
 group =     3, "atomno:1442"
 # of atoms =     1
 atomlist: 
   1442
 group =     4, "atomno:1443"
 # of atoms =     1
 atomlist: 
   1443
 group =     5, "atomno:2559"
 # of atoms =     1
 atomlist: 
   2559
 group =     6, "atomno:2560"
 # of atoms =     1
 atomlist: 
   2560
 group =     7, "atomno:7583"
 # of atoms =     1
 atomlist: 
   7583
 group =     8, "atomno:7584"
 # of atoms =     1
 atomlist: 
   7584
 group =     9, "atomno:7585"
 # of atoms =     1
 atomlist: 
   7585
 group =    10, "atomno:7586"
 # of atoms =     1
 atomlist: 
   7586
 group =    11, "atomno:7587"
 # of atoms =     1
 atomlist: 
   7587
 group =    12, "atomno:7588"
 # of atoms =     1
 atomlist: 
   7588
 group =    13, "atomno:7589"
 # of atoms =     1
 atomlist: 
   7589
Setup_Enefunc_Restraint> Setup restraint functions
 func  =     1 kind  =     1
 const(total, x, y, z) =   10.000   1.000   1.000   1.000
 exponend of function =     2
 # of groups  =     1
 grouplist:   2

 func  =     2 kind  =     2
 const             =  300.000
 ref               =    1.234
 exponend of function =     2
 # of distances  =     1
 distancelist: 
 group = (  6, 12) weight =    1.000 exponent =     1

 func  =     3 kind  =     2
 const             =  300.000
 ref               =    1.426
 exponend of function =     2
 # of distances  =     1
 distancelist: 
 group = (  9, 12) weight =    1.000 exponent =     1

 func  =     4 kind  =     2
 const             =  300.000
 ref               =    2.035
 exponend of function =     2
 # of distances  =     1
 distancelist: 
 group = (  5, 11) weight =    1.000 exponent =     1

 func  =     5 kind  =     2
 const             =  300.000
 ref               =    1.789
 exponend of function =     2
 # of distances  =     1
 distancelist: 
 group = (  8,  4) weight =    1.000 exponent =     1

 func  =     6 kind  =     2
 const             =  300.000
 ref               =    2.728
 exponend of function =     2
 # of distances  =     1
 distancelist: 
 group = (  3, 11) weight =    1.000 exponent =     1

Define_Enefunc_CHARMM> Number of Interactions in Each Term
  bond_ene        =      37255  angle_ene       =      23717
  urey_ene        =       6639
  torsion_ene     =      23862  improper_ene    =       1285
  cmap_ene        =        494
  restraint_groups=         13  restraint_funcs =          6
 
Setup_Fitting_Atdyn> NO fitting is applied, skip
  fitting method  =  NO

Update_Num_Deg_Freedom> Number of degrees of freedom was updated
  num_deg_freedom =      82743 (After setup of fixed atoms at boundary)
 
Remove_Fixatm> Modified Interactions
  bond_ene        =      27610  angle_ene       =      20502
  urey_ene        =       6639
  torsion_ene     =      23862  improper_ene    =       1285
 
Setup_Constraints> The following atoms are excluded from SHAKE:
    1443    7587    7588    7589
Setup_Settle> Setup constraints for SETTLE
  num_unconsbonds =       7633      num_Settle  =       6659
  r0(O-H)         =     0.9572  mass(O)         =    15.9994
  r0(H-H)         =     1.5139  mass(H)         =     1.0080
 
Setup_Shake> Setup constrains for SHAKE and RATTLE
  num_unconsbonds =       3837  num_rigid_bonds =       3796
 
  num_qm_rigid_bonds =         10
 
Update_Num_Deg_Freedom> Number of degrees of freedom was updated
  num_deg_freedom =      62766 (After setup of SETTLE)
 
Update_Num_Deg_Freedom> Number of degrees of freedom was updated
  num_deg_freedom =      58960 (After setup of SHAKE/RATTLE)
 
[STEP4] Compute Single Point Energy for Molecules
 
            STEP            BOND           ANGLE    UREY-BRADLEY        DIHEDRAL        IMPROPER            CMAP         VDWAALS           ELECT    RESTRAINT001    RESTRAINT002    RESTRAINT003    RESTRAINT004    RESTRAINT005    RESTRAINT006    RESTR_CVS001    RESTR_CVS002    RESTR_CVS003    RESTR_CVS004    RESTR_CVS005    RESTR_CVS006              QM            SPOT
 --------------- --------------- --------------- --------------- ---------------
               0       1460.0803       3679.0307        463.8764       4526.4367        273.5573       -203.6904       6968.7527    -116787.4321          1.4567          5.8409          5.8894          0.6597          0.9759          0.1365          0.0000          1.3736          1.2855          2.0824          1.8463          2.7065     -36028.1562         17.7060

[STEP5] Perform Molecular Dynamics Simulation
 
INFO:       STEP            TIME       TOTAL_ENE   POTENTIAL_ENE     KINETIC_ENE            RMSG            BOND           ANGLE    UREY-BRADLEY        DIHEDRAL        IMPROPER            CMAP         VDWAALS           ELECT RESTRAINT_TOTAL    RESTRAINT001    RESTRAINT002    RESTRAINT003    RESTRAINT004    RESTRAINT005    RESTRAINT006    RESTR_CVS001    RESTR_CVS002    RESTR_CVS003    RESTR_CVS004    RESTR_CVS005    RESTR_CVS006     TEMPERATURE          VOLUME              QM            SPOT
 --------------- --------------- --------------- --------------- ---------------
INFO:        500          0.2500    -118033.7343    -135620.2838      17586.5495         12.5532       1489.2530       3712.4001        442.1695       4534.3358        258.2461       -187.5687       7238.6492    -117134.5177          3.5472          2.2331          0.0790          0.9355          0.0115          0.1731          0.1149          0.0000          1.2179          1.3698          2.0417          1.8133          2.7082        300.2020          0.0000     -35976.7984         18.4720

INFO:       1000          0.5000    -118040.8256    -135708.9562      17668.1307         12.5709       1451.3271       3695.5444        460.8577       4486.1213        261.9993       -169.5379       7245.8431    -117168.5850          5.5065          1.8997          1.8712          1.3337          0.2114          0.0085          0.1820          0.0000          1.1551          1.4923          2.0620          1.7946          2.7032        301.5946          0.0000     -35978.0327         15.0940

INFO:       1500          0.7500    -118075.1988    -135624.1455      17548.9467         12.5259       1429.4729       3777.5039        459.2449       4468.4515        269.7276       -196.7083       7021.4330    -116875.7980          4.7962          1.4857          2.9246          0.0212          0.0156          0.1868          0.1623          0.0000          1.1354          1.4340          2.0283          1.8143          2.7045        299.5601          0.0000     -35982.2692         15.6401

INFO:       2000          1.0000    -118081.2785    -135753.1574      17671.8789         12.5792       1493.5815       3668.0425        467.2319       4488.1558        256.3707       -175.3092       7145.9984    -117108.5787          2.6037          1.1829          0.2139          0.0518          0.1027          0.5272          0.5251          0.0000          1.2074          1.4125          2.0170          1.8312          2.7696        301.6585          0.0000     -35991.2540         15.2784

INFO:       2500          1.2500    -118043.9996    -135717.8977      17673.8982         12.5646       1499.7221       3694.1062        461.9720       4522.6294        266.3657       -190.9268       7389.7620    -117374.9405          5.7822          0.7469          0.1671          2.9225          0.5334          0.6320          0.7803          0.0000          1.2577          1.3269          2.0777          1.7434          2.7788        301.6930          0.0000     -35992.3700          9.8529

INFO:       3000          1.5000    -118051.6658    -135685.6427      17633.9769         12.6328       1520.5928       3702.8555        474.0894       4469.6720        260.5998       -178.5163       7309.9610    -117258.5723          7.8753          1.3330          0.7284          5.6376          0.0778          0.0410          0.0575          0.0000          1.2834          1.2885          2.0516          1.7776          2.7140        301.0116          0.0000     -35994.2002         14.3606

INFO:       3500          1.7500    -118047.7854    -135650.2305      17602.4451         12.5908       1486.1042       3720.0375        470.4916       4504.4439        257.4999       -163.1530       7282.6825    -117249.0412         11.3485          1.1107          2.3657          7.1650          0.2034          0.0556          0.4480          0.0000          1.3229          1.2711          2.0615          1.7757          2.7664        300.4733          0.0000     -35970.6446         11.1595

INFO:       4000          2.0000    -118040.3189    -135691.7754      17651.4565         12.5565       1449.8659       3737.6530        460.5712       4499.6974        262.7797       -187.3596       7091.3660    -117004.8459          6.4793          1.2076          1.6258          2.9114          0.0767          0.0741          0.5836          0.0000          1.3077          1.3271          2.0195          1.8050          2.6837        301.3099          0.0000     -36007.9823         14.7013

INFO:       4500          2.2500    -118035.5571    -135728.8803      17693.3232         12.6685       1509.0551       3773.5663        461.0010       4472.9035        253.1167       -178.3843       7242.0386    -117239.9718          2.8516          0.5788          0.0050          0.9422          0.3212          0.2447          0.7597          0.0000          1.2382          1.3696          2.0682          1.7607          2.7781        302.0246          0.0000     -36025.0570         16.0465

INFO:       5000          2.5000    -118049.4211    -135698.1458      17648.7247         12.5894       1499.1083       3721.4666        465.3982       4465.3673        267.8503       -184.8708       7136.4756    -117086.9178          4.4607          2.6018          1.6127          0.0222          0.0335          0.0114          0.1790          0.0000          1.1608          1.4170          2.0461          1.7831          2.7034        301.2633          0.0000     -35986.4842         14.5394

INFO:       5500          2.7500    -118091.4473    -135540.6562      17449.2089         12.5401       1468.4912       3758.1651        459.5748       4484.9234        265.8908       -181.9911       6984.8890    -116802.9945          4.2487          1.8063          0.4554          0.6976          0.8960          0.2911          0.1023          0.0000          1.1951          1.4738          2.0902          1.7581          2.7463        297.8576          0.0000     -35981.8536         18.0976

INFO:       6000          3.0000    -118102.4139    -135582.1298      17479.7159         12.6352       1521.5869       3815.1350        469.1484       4500.0441        267.4676       -192.1675       6988.5352    -116941.6812          5.1686          2.0328          2.7407          0.0525          0.1546          0.0763          0.1117          0.0000          1.1385          1.4388          2.0128          1.7734          2.7085        298.3783          0.0000     -36015.3669         22.5513

INFO:       6500          3.2500    -118109.8743    -135581.5627      17471.6884         12.5478       1500.0539       3780.7353        474.7482       4483.6270        266.7024       -193.2610       7154.8981    -117034.8010          2.4886          1.7858          0.3594          0.0246          0.0227          0.0405          0.2556          0.0000          1.1995          1.4347          2.0442          1.8009          2.7570        298.2413          0.0000     -36016.7542         14.5843

INFO:       7000          3.5000    -118075.1624    -135729.1834      17654.0210         12.5938       1474.4874       3763.1701        457.4330       4492.6964        270.3676       -191.1016       7244.3264    -117231.9704          6.3806          1.9782          2.5791          1.4549          0.0869          0.0288          0.2527          0.0000          1.3268          1.3560          2.0185          1.7795          2.6988        301.3537          0.0000     -36014.9729         13.5170

INFO:       7500          3.7500    -118045.3857    -135654.1777      17608.7920         12.6282       1475.2499       3671.3161        457.5037       4502.2439        256.0380       -181.5486       7296.6923    -117127.8734          6.6402          2.0233          1.9218          0.5071          1.2330          0.7997          0.1552          0.0000          1.1541          1.3845          2.0996          1.7377          2.7505        300.5817          0.0000     -36010.4397          9.3265

INFO:       8000          4.0000    -118101.5361    -135639.7485      17538.2124         12.5932       1441.4017       3761.8025        469.5984       4475.8722        247.8071       -175.9244       7196.0891    -117064.4820          4.7836          1.4814          1.3255          0.3923          0.0218          1.2554          0.3071          0.0000          1.1676          1.4618          2.0270          1.8540          2.7598        299.3769          0.0000     -35996.6966         18.1636

INFO:       8500          4.2500    -118092.6328    -135791.1641      17698.5313         12.6335       1532.4670       3695.6473        463.7348       4462.5284        242.8181       -168.0818       6975.7710    -116996.1360          3.1487          1.1820          0.4023          0.0015          1.5447          0.0170          0.0012          0.0000          1.1975          1.4278          2.1073          1.7818          2.7258        302.1135          0.0000     -36003.0615         22.3569

INFO:       9000          4.5000    -118093.3573    -135645.2140      17551.8568         12.5528       1469.9184       3666.8171        464.5283       4495.7854        261.2774       -173.4662       7013.1667    -116811.6085          2.2993          1.3697          0.1550          0.0001          0.0022          0.0854          0.6869          0.0000          1.2114          1.4250          2.0328          1.7724          2.6800        299.6098          0.0000     -36033.9318         12.1106

INFO:       9500          4.7500    -118085.6358    -135875.0859      17789.4501         12.5275       1389.9097       3731.5694        454.6967       4491.1250        256.8865       -194.0784       7042.6632    -117045.7731          3.8546          1.5726          0.7720          0.0713          1.1024          0.1635          0.1729          0.0000          1.1834          1.4410          2.0961          1.7660          2.7518        303.6655          0.0000     -36005.9395         12.7691

INFO:      10000          5.0000    -118090.6901    -135643.2561      17552.5660         12.5646       1464.2212       3781.6398        465.7177       4531.0485        252.0531       -203.4323       7351.1365    -117299.2852          3.7285          1.8269          0.5211          0.0108          0.3735          0.3137          0.6825          0.0000          1.1924          1.4316          2.0002          1.7570          2.7755        299.6219          0.0000     -35990.0840         15.8047

INFO:      10500          5.2500    -118029.7974    -135553.2836      17523.4862         12.5816       1506.2355       3751.7276        468.5126       4514.4196        265.1114       -190.4555       6800.9148    -116683.5027          2.8731          0.6774          1.2921          0.1689          0.0970          0.5909          0.0468          0.0000          1.1685          1.4019          2.0535          1.7449          2.7403        299.1255          0.0000     -35989.1200         16.9299

INFO:      11000          5.5000    -118014.3627    -135825.8951      17811.5324         12.5876       1455.9137       3668.9173        457.1775       4502.2051        267.0469       -186.9691       7258.8508    -117242.2704          2.3485          0.5090          0.1607          0.7262          0.0280          0.7820          0.1424          0.0000          1.2110          1.3764          2.0452          1.7382          2.7496        304.0424          0.0000     -36009.1154         13.6729

INFO:      11500          5.7500    -117984.3705    -135718.1424      17733.7719         12.6427       1485.9533       3695.4428        458.1170       4462.6631        262.1445       -199.7702       7374.3308    -117229.9752          2.3577          0.9920          1.2625          0.0419          0.0007          0.0571          0.0035          0.0000          1.1692          1.4138          2.0340          1.8031          2.7312        302.7151          0.0000     -36029.4062         16.3750

INFO:      12000          6.0000    -117939.1988    -135633.1161      17693.9174         12.6602       1579.2618       3713.7157        470.7910       4492.7093        258.0485       -186.8694       7220.5034    -117200.7551          1.9666          1.2625          0.0443          0.3127          0.0001          0.3384          0.0085          0.0000          1.2219          1.3933          2.0348          1.7557          2.7225        302.0347          0.0000     -35982.4879         13.9408

INFO:      12500          6.2500    -117911.9289    -135665.0247      17753.0958         12.6059       1499.1170       3752.7183        461.6863       4526.6502        283.9164       -194.2518       7154.4549    -117156.6138          2.9115          1.8315          0.4659          0.3303          0.0092          0.0112          0.2633          0.0000          1.2735          1.3924          2.0300          1.7832          2.7574        303.0449          0.0000     -35995.6137         23.9510

INFO:      13000          6.5000    -117914.2268    -135407.8010      17493.5742         12.6365       1502.7081       3817.1338        454.5305       4527.8185        272.0313       -187.9856       7251.3527    -117040.0026          2.6361          1.7468          0.2076          0.2348          0.1849          0.0820          0.1799          0.0000          1.2078          1.3976          2.0603          1.8058          2.7523        298.6149          0.0000     -36008.0239         15.0965

INFO:      13500          6.7500    -117977.4609    -135604.9576      17627.4967         12.6030       1506.3797       3764.0108        460.2505       4501.9054        263.5881       -207.3799       7206.7755    -117095.4413          2.5837          1.1685          0.1628          0.9976          0.0537          0.1482          0.0530          0.0000          1.2108          1.3679          2.0221          1.7671          2.7145        300.9009          0.0000     -36007.6301         16.5195

INFO:      14000          7.0000    -118025.4778    -135598.2083      17572.7305         12.6627       1510.1916       3742.8141        469.1525       4512.0802        275.8301       -175.3542       7163.3752    -117115.3895          2.1386          0.3939          0.2914          0.0263          0.0503          1.1905          0.1861          0.0000          1.2029          1.4162          2.0485          1.8523          2.7527        299.9661          0.0000     -35983.0468         17.2487

INFO:      14500          7.2500    -118054.3845    -135642.9589      17588.5744         12.5805       1483.7718       3716.7374        451.9977       4479.2573        274.9917       -182.6937       7233.8401    -117146.7813          2.6617          1.7779          0.8243          0.0121          0.0045          0.0166          0.0264          0.0000          1.1817          1.4319          2.0394          1.7967          2.7372        300.2365          0.0000     -35956.7416         15.2153

INFO:      15000          7.5000    -118030.9858    -135659.9995      17629.0137         12.6415       1532.6410       3741.5468        462.7823       4463.1497        279.2881       -197.2179       7228.2734    -117197.9140          2.2113          1.7698          0.0920          0.0907          0.1132          0.1152          0.0304          0.0000          1.2166          1.4430          2.0549          1.7697          2.7379        300.9268          0.0000     -35974.7601         21.4874

INFO:      15500          7.7500    -118077.9028    -135740.8449      17662.9420         12.5674       1450.1025       3781.5758        468.1418       4483.6381        255.6767       -192.6838       7080.3015    -117098.7558          2.1208          0.7197          0.6019          0.6069          0.1181          0.0518          0.0225          0.0000          1.1893          1.4706          2.0157          1.7762          2.7365        301.5060          0.0000     -35970.9626         18.4840

INFO:      16000          8.0000    -118082.2810    -135750.6275      17668.3465         12.6481       1506.8690       3724.8530        478.1157       4523.3034        292.7211       -199.5951       7190.6291    -117286.6919          3.5285          0.9064          0.4002          0.2175          1.6494          0.3453          0.0097          0.0000          1.1976          1.4525          1.9614          1.8232          2.7335        301.5982          0.0000     -35984.3603         19.3906

INFO:      16500          8.2500    -118041.9267    -135700.2565      17658.3298         12.6218       1523.6613       3829.0034        472.1982       4525.5844        259.6741       -186.1800       7033.9324    -117174.8869          1.7878          1.1282          0.4934          0.0492          0.0534          0.0564          0.0072          0.0000          1.1935          1.4384          2.0222          1.7756          2.7229        301.4273          0.0000     -35985.0313         18.6917

INFO:      17000          8.5000    -118046.9184    -135673.2217      17626.3033         12.6114       1494.8321       3784.7710        460.9264       4520.8611        253.3810       -183.8840       7268.4644    -117328.8349          1.8753          0.9619          0.0208          0.3506          0.0132          0.2004          0.3283          0.0000          1.2258          1.3914          2.0289          1.7635          2.6947        300.8806          0.0000     -35945.6141         16.2557

INFO:      17500          8.7500    -118026.9801    -135767.5172      17740.5371         12.6563       1507.7584       3773.7435        462.7330       4486.3328        266.6510       -175.7625       7366.6350    -117481.9572          5.1397          1.9632          0.2578          2.8840          0.0207          0.0020          0.0119          0.0000          1.2048          1.3276          2.0272          1.7919          2.7341        302.8305          0.0000     -35978.7909         10.7469

INFO:      18000          9.0000    -118058.7155    -135723.1447      17664.4292         12.6371       1554.4535       3728.8120        462.7566       4498.5441        258.6074       -194.0130       7237.3018    -117286.8983          7.1720          2.4456          2.3041          2.0146          0.0673          0.1105          0.2299          0.0000          1.3217          1.3437          2.0505          1.7701          2.7001        301.5314          0.0000     -35989.8810         16.8515

INFO:      18500          9.2500    -118069.0976    -135839.8749      17770.7774         12.5632       1524.6343       3686.8233        466.3303       4492.4192        259.0455       -202.3297       7088.5715    -117154.3591          4.4291          0.7419          0.1857          0.5220          0.0025          2.9721          0.0049          0.0000          1.2590          1.3839          2.0326          1.8888          2.7318        303.3467          0.0000     -36005.4392         11.9356

INFO:      19000          9.5000    -118001.9680    -135710.3142      17708.3462         12.6624       1514.5648       3751.5907        460.5022       4499.2095        269.9790       -176.2860       7219.1848    -117231.1597          7.1934          1.0073          0.8124          5.0630          0.1193          0.1071          0.0843          0.0000          1.2861          1.2957          2.0554          1.7704          2.7446        302.2810          0.0000     -36025.0930         11.1614

INFO:      19500          9.7500    -118040.9531    -135673.7159      17632.7627         12.6052       1512.2653       3731.0949        477.3297       4497.6918        261.4968       -172.1622       6982.6368    -116979.2580          5.5844          2.2217          0.5221          2.3876          0.1990          0.1871          0.0669          0.0000          1.2758          1.3364          2.0097          1.8143          2.7129        300.9908          0.0000     -35990.3955         15.9189

INFO:      20000         10.0000    -118046.8339    -135708.0642      17661.2303         12.6416       1530.3528       3730.8119        457.9815       4500.2648        260.1107       -192.4667       7314.6530    -117347.1973          7.3045          0.5078          1.7227          2.7375          0.0152          1.9031          0.4182          0.0000          1.3099          1.3301          2.0426          1.8689          2.7651        301.4768          0.0000     -35969.8796         12.3551

 
[STEP6] Deallocate Arrays
 
Output_Time> Averaged timer profile (Min, Max)
  total time      =    2728.266
    setup         =       8.334
    dynamics      =    2719.932
      energy      =    2534.705
      integrator  =      41.845
      pairlist    =     143.307 (     137.794,     158.520)
  energy           
    bond          =       0.474 (       0.462,       0.485)
    angle         =       2.762 (       2.692,       2.819)
    dihedral      =       6.680 (       6.392,       6.965)
    nonbond       =     800.805 (     793.292,     807.605)
      pme real    =     800.799 (     793.286,     807.597)
      pme recip   =       0.000 (       0.000,       0.000)
    solvation     =       0.000 (       0.000,       0.000)
      polar       =       0.000 (       0.000,       0.000)
      non-polar   =       0.000 (       0.000,       0.000)
    restraint     =       0.120 (       0.112,       0.131)
    qmmm          =    1684.403 (    1684.311,    1684.455)
  integrator       
    constraint    =      22.739 (      22.145,      23.287)
    update        =       0.000 (       0.000,       0.000)
    comm_coord    =       0.000 (       0.000,       0.000)
    comm_force    =       0.000 (       0.000,       0.000)
    comm_migrate  =       0.000 (       0.000,       0.000)

Note: The following floating-point exceptions are signalling:Note: The following floating-point exceptions are signalling: IEEE_OVERFLOW_FLAG IEEE_UNDERFLOW_FLAG IEEE_DENORMAL
Note: The following floating-point exceptions are signalling: IEEE_OVERFLOW_FLAG IEEE_UNDERFLOW_FLAG IEEE_DENORMAL
 IEEE_OVERFLOW_FLAG IEEE_UNDERFLOW_FLAG IEEE_DENORMAL
Note: The following floating-point exceptions are signalling: IEEE_OVERFLOW_FLAG IEEE_UNDERFLOW_FLAG IEEE_DENORMAL
