(10.2.13.46:0,1,2,3)

[0] MPI startup(): libfabric version: 1.7.2a-impi
[0] MPI startup(): libfabric provider: verbs;ofi_rxm
[0] MPI startup(): Rank    Pid      Node name  Pin cpu
[0] MPI startup(): 0       46892    bwmpc0270  {0,1,2,3,4,5,6,7,8,9}
[0] MPI startup(): 1       46893    bwmpc0270  {10,11,12,13,14,15,16,17,18,19}
[0] MPI startup(): 2       46894    bwmpc0270  {20,21,22,23,24,25,26,27,28,29}
[0] MPI startup(): 3       46895    bwmpc0270  {30,31,32,33,34,35,36,37,38,39}
[0] MPI startup(): I_MPI_ROOT=/bwfefs/opt/x86_64/intel/compilers_and_libraries_2019.5.281/linux/mpi
[0] MPI startup(): I_MPI_HYDRA_BOOTSTRAP_EXEC=/bin/pjrsh
[0] MPI startup(): I_MPI_HYDRA_BOOTSTRAP_AUTOFORK=0
[0] MPI startup(): I_MPI_HYDRA_TOPOLIB=hwloc
[0] MPI startup(): I_MPI_HYDRA_HOST_FILE=/bwfefs/home/kyagi/tim/tim5/b3lypD3.rpath1/3.equil1/.d0011452918_nodeinfo
[0] MPI startup(): I_MPI_PERHOST=4
[0] MPI startup(): I_MPI_PIN=1
[0] MPI startup(): I_MPI_PIN_RESPECT_HCA=0
[0] MPI startup(): I_MPI_INTERNAL_MEM_POLICY=default
[0] MPI startup(): I_MPI_DEBUG=5
****************************************************
*                                                  *
*                  GENESIS ATDYN                   *
*                                                  *
*        A Molecular Dynamics Simulator with       *
*            Atomic Decomposition Scheme           *
*                                                  *
*               Developed by RIKEN                 *
*                                                  *
****************************************************
 
[STEP0] Architecture and Compiler Information
 
GENESIS_Information> GENESIS Information
  version      = 1.6.0
  commit ID    = $GENESIS_VERSION$
  precision    = double
  nonbonding   = CPU

Build_Information> Compiler Information
  build host   = kyagi@bwmpc0837
  fortran      = GNU Fortran (GCC) 7.2.0
  option       = -O3 -ffast-math -march=native -ffree-line-length-none -fopenmp 
  C            = gcc (GCC) 7.2.0
  option       = -O3 -ffast-math -march=native -fopenmp
  defined var. =  -DMPI -DOMP -DFFTE -DLAPACK -DDSFMT_MEXP=19937 -D__GFORTRAN__
  link option  = -L/home/kyagi/local/lib -fopenmp -lmkl_scalapack_lp64 -lmkl_blacs_intelmpi_lp64 -lmkl_intel_lp64 -lmkl_intel_thread -lmkl_core -liomp5 -lpthread -lm 

Runtime_Information> Machine and Library Information
  date       = 2021/02/03 19:33:48
  cpu model    = Intel(R) Xeon(R) Gold 6148 CPU @ 2.40GHz
  exec. host   = kyagi@bwmpc0270
  LD library   = /home/kyagi/local/lib:/bwfefs/opt/x86_64/intel/compilers_and_libraries_2019.5.281/linux/compiler/lib/intel64_lin:/bwfefs/opt/x86_64/intel/compilers_and_libraries_2019.5.281/linux/mkl/lib/intel64_lin:/bwfefs/opt/x86_64/gcc/7.2.0/lib64:/bwfefs/opt/x86_64/gcc/7.2.0/lib:/bwfefs/opt/x86_64/intel/impi/2019.5.281/intel64/lib/release:/bwfefs/opt/x86_64/intel/impi/2019.5.281/intel64/lib:/bwfefs/opt/x86_64/intel/impi/2019.5.281/intel64/libfabric/lib:/bwfefs/opt/x86_64/intel/parallel_studio_xe_2019.5.075/compilers_and_libraries_2019//linux/compiler/lib/intel64:/bwfefs/opt/x86_64/intel/parallel_studio_xe_2019.5.075/compilers_and_libraries_2019//linux/compiler/lib/intel64_lin:/bwfefs/opt/x86_64/intel/parallel_studio_xe_2019.5.075/compilers_and_libraries_2019//linux/mpi/intel64/lib:/bwfefs/opt/x86_64/intel/parallel_studio_xe_2019.5.075/compilers_and_libraries_2019//linux/mpi/intel64/libfabric/lib:/bwfefs/opt/x86_64/intel/parallel_studio_xe_2019.5.075/compilers_and_libraries_2019//linux/ipp/lib/intel64:/bwfefs/opt/x86_64/intel/parallel_studio_xe_2019.5.075/compilers_and_libraries_2019//linux/compiler/lib/intel64:/bwfefs/opt/x86_64/intel/parallel_studio_xe_2019.5.075/compilers_and_libraries_2019//linux/mkl/lib/intel64:/bwfefs/opt/x86_64/intel/parallel_studio_xe_2019.5.075/compilers_and_libraries_2019//linux/tbb/lib/intel64/gcc4.7:/bwfefs/opt/x86_64/intel/debugger_2019/iga/lib:/bwfefs/opt/x86_64/intel/debugger_2019/libipt/intel64/lib:/bwfefs/opt/x86_64/intel/parallel_studio_xe_2019.5.075/comp

[STEP1] Read Control Parameters
 
Read_Ctrl_Input> Input Files
  topfile = toppar/top_all36_prot.rtf, toppar/top_all36_cgenff.rtf
  parfile = toppar/par_all36_prot.prm, toppar/par_all36_cgenff.prm
  strfile = toppar/toppar_water_ions.str, toppar/toppar_dhap.3.str
  psffile = ../../2.equil/step4_nvt_100.psf
  pdbfile = ../../2.equil/step4_nvt_100.pdb
  rstfile = equil1_15.rst
  reffile = ../../2.equil/step4_nvt_100.pdb
 
Read_Ctrl_Output> Output Files
  dcdfile    = equil1_16.dcd
  rstfile    = equil1_16.rst
 
Read_Ctrl_Energy> Parameters of Energy Calculations
  forcefield      =     CHARMM
  switchdist      =     16.000  cutoffdist      =     18.000
  pairlistdist    =     19.500  dielec_const    =      1.000
  vdW force_switch=        yes
  electrostatic   =  CUTOFF
  implicit_solvent=       none
  table_order     =          3
  table_density   =     20.000
  water_model     =       NONE
  output_style    =    GENESIS
  dispersion_corr =       none
  nonb_limiter    =      no
 
Read_Ctrl_Dynamics> Parameters of MD simulation
  integrator      =       VVER  nsteps          =      20000
  timestep        =     0.0005  initial_time    =     0.0000
  eneout_period   =        500  rstout_period   =        500
  crdout_period   =        500  velout_period   =          0
  nbupdate_period =         10  stoptr_period   =         10
  iseed           =   20190319
  annealing       =         no
  verbose         =         no
  target_md       =         no
  steered_md      =         no
  esp_mm          =         no
 
Read_Ctrl_Constraints> Parameters for Constraints
  rigid_bond      =        yes
  shake_iteration =        500  shake_tolerance =  0.100E-09
  fast_water      =        yes  water_model     =       TIP3
  hydrogen_type   =  name|mass
  noshake_index   = 4  11  12  13
  fixatm_select_index        =       none
 
Read_Ctrl_Ensemble> Parameters for Ensemble
  ensemble        =        NVT
  temperature     =    300.000
  tpcontrol       =      BUSSI
  tau_t           =      5.000
 
Read_Ctrl_Boundary> Parameters of Boundary Condition
  type            =       NOBC
  spherical_pot   =        yes  restart         =          T
  center_info     =       read  modify_ratio    =      1.000
  constant        =     10.000  exponent        =          2
  fixatom         =          T  fix_layer       =      1.000
 
Read_Ctrl_Selection> Parameters of Selection
  # of groups     =         13
    group 1 = sid:DHA or (sid:TIMA and (rno:95 or rno:165) and          not (an:CA  | an:C   | an:O   | an:N | an:HN | an:HA))
    group 2 = atomno:1900 or atomno:5687
    group 3 = atomno:1442
    group 4 = atomno:1443
    group 5 = atomno:2559
    group 6 = atomno:2560
    group 7 = atomno:7583
    group 8 = atomno:7584
    group 9 = atomno:7585
    group 10 = atomno:7586
    group 11 = atomno:7587
    group 12 = atomno:7588
    group 13 = atomno:7589
  # of mole names =          0
 
Read_Ctrl_Restraints> Parameters of Restraint
  numfunc         =   6
  function1 = POSI     
    direction     = ALL 
    constant      = 10.0
    reference     = 
    select_index  = 2
    mode          =   0
    exponent      =   2
    exponent_dist = 
    weight_dist   = 

  function2 = DIST     
    constant      = 300.0
    reference     = 1.1682
    select_index  = 6  12
    mode          =   0
    exponent      =   2
    exponent_dist = 
    weight_dist   = 

  function3 = DIST     
    constant      = 300.0
    reference     = 1.5064
    select_index  = 9  12
    mode          =   0
    exponent      =   2
    exponent_dist = 
    weight_dist   = 

  function4 = DIST     
    constant      = 300.0
    reference     = 2.0360
    select_index  = 5  11
    mode          =   0
    exponent      =   2
    exponent_dist = 
    weight_dist   = 

  function5 = DIST     
    constant      = 300.0
    reference     = 1.7784
    select_index  = 8   4
    mode          =   0
    exponent      =   2
    exponent_dist = 
    weight_dist   = 

  function6 = DIST     
    constant      = 300.0
    reference     = 2.7270
    select_index  = 3  11
    mode          =   0
    exponent      =   2
    exponent_dist = 
    weight_dist   = 

  pressure_position   = NO
  pressure_rmsd     = NO

Read_Ctrl_Fitting_MD> Parameters of Fitting
  fitting method  =  TR+ROT   
  fitting atom    = group1
  mass_weight     =         no
 
Read_Ctrl_QMMM> Parameters of QM/MM
  qmtyp              = qsimulate
  qmcnt              = qsimulate.json
  qmexe              = 
  workdir            = equil1_16
  savedir            = none
  basename           = job
  qmsave_period      = 500
  qmmaxtrial         = 1
  qmatm_select_index = 1
  exclude_charge     = GROUP
 
[STEP2] Setup MPI
 
Setup_Mpi_Md> Summary of Setup MPI
  number of MPI processes   =          4
  number of OpenMP threads  =         10
  total number of CPU cores =         40

[STEP3] Set Relevant Variables and Structures
 
Input_Top> Summary of Topfile
  num_atom_class  =        212  num_resi_type   =        685
 
Input_Par> Summary of Parfile
  num_bonds       =        658  num_angles      =       2003
  num_dihedrals   =       4838  num_impropers   =        163
  num_atom_cls    =        212  num_nbfix       =         75
  num_cmap_terms  =          6
 
Input_Str> Summary of Top information
  num_atom_class  =        227  num_resi_type   =        700
 
Input_Str> Summary of Par information
  num_bonds       =        663  num_angles      =       2006
  num_dihedrals   =       4850  num_impropers   =        163
  num_atom_cls    =        227  num_nbfix       =         90
  num_cmap_terms  =          6
 
Read_Psf> Summary of Psffile
  psftype         =      xplor
  num_atoms       =      37226  num_bonds       =      37288
  num_angles      =      23768  num_dihedrals   =      20268
  num_impropers   =       1292  num_cmap_terms  =        494
  num_HB_donors   =      20596  num_HB_acceptors=      10610
  num_NB_exclusion=          0  num_groups      =      12168
  total_charge    =    -10.000
 
Check_Pdb> 6-column residue sequence number
 
Read_Pdb> Summary of Data in PDB file
  num_atoms       =      37226
 
Read_Rst_Binary> Summary of RST file
  num_atoms       =      37226  iseed           =   20190319
  boxsize (x,y,z) =      0.000     0.000     0.000
  spherical_pot     =      yes
  nfunctions                 2  num_fixatm              9645
  num_of_qm_charge          35

Define_Molecule> Summary of molecules
  num_atoms       =      37226  num_bonds       =      37288
  num_angles      =      23768  num_dihedrals   =      20268
  num_impropers   =       1292  num_cmap_terms  =        494
  num_residues    =      10370  num_molecules   =       9878
  num_segments    =          6  num_deg_freedom =     111678
  total_charge    =    -10.000
 
Setup_Boundary> Setup Variables for Boundary Condition
  origin(x,y,z)   =      0.000     0.000     0.000
  nfunctions      =        2
    center(x,y,z) =     17.000     0.000     0.000
    radius        =     35.000
    constant      =     10.000
    exponent      =          2
    center(x,y,z) =    -17.000     0.000     0.000
    radius        =     35.000
    constant      =     10.000
    exponent      =          2

  num_fixatm      =     9645

 
Random_Init> Initialize the random number
  seed            = 20190319

Setup_QMMM> Setup QM region
  QM assignment info
  1435 TIMA     95 HSE    CB   CT2    assigned to QM atom    1 of element: C     6
  1436 TIMA     95 HSE    HB1  HA2    assigned to QM atom    2 of element: H     1
  1437 TIMA     95 HSE    HB2  HA2    assigned to QM atom    3 of element: H     1
  1438 TIMA     95 HSE    ND1  NR2    assigned to QM atom    4 of element: N     7
  1439 TIMA     95 HSE    CG   CPH1   assigned to QM atom    5 of element: C     6
  1440 TIMA     95 HSE    CE1  CPH2   assigned to QM atom    6 of element: C     6
  1441 TIMA     95 HSE    HE1  HR1    assigned to QM atom    7 of element: H     1
  1442 TIMA     95 HSE    NE2  NR1    assigned to QM atom    8 of element: N     7
  1443 TIMA     95 HSE    HE2  H      assigned to QM atom    9 of element: H     1
  1444 TIMA     95 HSE    CD2  CPH1   assigned to QM atom   10 of element: C     6
  1445 TIMA     95 HSE    HD2  HR3    assigned to QM atom   11 of element: H     1
  2552 TIMA    165 GLU    CB   CT2A   assigned to QM atom   12 of element: C     6
  2553 TIMA    165 GLU    HB1  HA2    assigned to QM atom   13 of element: H     1
  2554 TIMA    165 GLU    HB2  HA2    assigned to QM atom   14 of element: H     1
  2555 TIMA    165 GLU    CG   CT2    assigned to QM atom   15 of element: C     6
  2556 TIMA    165 GLU    HG1  HA2    assigned to QM atom   16 of element: H     1
  2557 TIMA    165 GLU    HG2  HA2    assigned to QM atom   17 of element: H     1
  2558 TIMA    165 GLU    CD   CC     assigned to QM atom   18 of element: C     6
  2559 TIMA    165 GLU    OE1  OC     assigned to QM atom   19 of element: O     8
  2560 TIMA    165 GLU    OE2  OC     assigned to QM atom   20 of element: O     8
  7575 DHA     249 DHAP   P    PG2    assigned to QM atom   21 of element: P    15
  7576 DHA     249 DHAP   O1P  OG303  assigned to QM atom   22 of element: O     8
  7577 DHA     249 DHAP   O2P  OG2P1  assigned to QM atom   23 of element: O     8
  7578 DHA     249 DHAP   O3P  OG2P1  assigned to QM atom   24 of element: O     8
  7579 DHA     249 DHAP   O4P  OG2P1  assigned to QM atom   25 of element: O     8
  7580 DHA     249 DHAP   C1   CG321  assigned to QM atom   26 of element: C     6
  7581 DHA     249 DHAP   H11  HGA2   assigned to QM atom   27 of element: H     1
  7582 DHA     249 DHAP   H12  HGA2   assigned to QM atom   28 of element: H     1
  7583 DHA     249 DHAP   C2   CG2O5  assigned to QM atom   29 of element: C     6
  7584 DHA     249 DHAP   O2   OG2D3  assigned to QM atom   30 of element: O     8
  7585 DHA     249 DHAP   C3   CG321  assigned to QM atom   31 of element: C     6
  7586 DHA     249 DHAP   O3   OG311  assigned to QM atom   32 of element: O     8
  7587 DHA     249 DHAP   HO3  HGP1   assigned to QM atom   33 of element: H     1
  7588 DHA     249 DHAP   H31  HGA2   assigned to QM atom   34 of element: H     1
  7589 DHA     249 DHAP   H32  HGA2   assigned to QM atom   35 of element: H     1
  number of QM atoms = 35
 
  QM charges retreived from rstfile.
 

Generate_LinkAtoms> QM-MM interface info. Link hydrogen is set between:
              [ QM atom ]             -             [ MM atom ]
  1435 TIMA     95 HSE    CB   CT2    -   1433 TIMA     95 HSE    CA   CT1   
                                          1431 TIMA     95 HSE    N    NH1    excluded
                                          1432 TIMA     95 HSE    HN   H      excluded
                                          1434 TIMA     95 HSE    HA   HB1    excluded
  2552 TIMA    165 GLU    CB   CT2A   -   2550 TIMA    165 GLU    CA   CT1   
                                          2548 TIMA    165 GLU    N    NH1    excluded
                                          2549 TIMA    165 GLU    HN   H      excluded
                                          2551 TIMA    165 GLU    HA   HB1    excluded

  number of link atoms           = 2
  number of external MM charges  = 37183


  Check the input file for QSimulate [ qsimulate.json ]
Setup_Enefunc_Cmap_Par> Natural spline is used to derive cmap coefs.

Setup_Enefunc_Table> Setup Variables for LookupTable
  num_solutes     =      37226  num_waters      =          0

Setup_Enefunc_Restraint> Setup restraint groups
 group =     1, "sid:DHA or (sid:TIMA and (rno:95 or rno:165) and          not (an:CA  | an:C   | an:O   | an:N | an:HN | an:HA))"
 # of atoms =    35
 atomlist: 
   1435   1436   1437   1438   1439   1440   1441   1442   1443   1444
   1445   2552   2553   2554   2555   2556   2557   2558   2559   2560
   7575   7576   7577   7578   7579   7580   7581   7582   7583   7584
   7585   7586   7587   7588   7589
 group =     2, "atomno:1900 or atomno:5687"
 # of atoms =     2
 atomlist: 
   1900   5687
 group =     3, "atomno:1442"
 # of atoms =     1
 atomlist: 
   1442
 group =     4, "atomno:1443"
 # of atoms =     1
 atomlist: 
   1443
 group =     5, "atomno:2559"
 # of atoms =     1
 atomlist: 
   2559
 group =     6, "atomno:2560"
 # of atoms =     1
 atomlist: 
   2560
 group =     7, "atomno:7583"
 # of atoms =     1
 atomlist: 
   7583
 group =     8, "atomno:7584"
 # of atoms =     1
 atomlist: 
   7584
 group =     9, "atomno:7585"
 # of atoms =     1
 atomlist: 
   7585
 group =    10, "atomno:7586"
 # of atoms =     1
 atomlist: 
   7586
 group =    11, "atomno:7587"
 # of atoms =     1
 atomlist: 
   7587
 group =    12, "atomno:7588"
 # of atoms =     1
 atomlist: 
   7588
 group =    13, "atomno:7589"
 # of atoms =     1
 atomlist: 
   7589
Setup_Enefunc_Restraint> Setup restraint functions
 func  =     1 kind  =     1
 const(total, x, y, z) =   10.000   1.000   1.000   1.000
 exponend of function =     2
 # of groups  =     1
 grouplist:   2

 func  =     2 kind  =     2
 const             =  300.000
 ref               =    1.168
 exponend of function =     2
 # of distances  =     1
 distancelist: 
 group = (  6, 12) weight =    1.000 exponent =     1

 func  =     3 kind  =     2
 const             =  300.000
 ref               =    1.506
 exponend of function =     2
 # of distances  =     1
 distancelist: 
 group = (  9, 12) weight =    1.000 exponent =     1

 func  =     4 kind  =     2
 const             =  300.000
 ref               =    2.036
 exponend of function =     2
 # of distances  =     1
 distancelist: 
 group = (  5, 11) weight =    1.000 exponent =     1

 func  =     5 kind  =     2
 const             =  300.000
 ref               =    1.778
 exponend of function =     2
 # of distances  =     1
 distancelist: 
 group = (  8,  4) weight =    1.000 exponent =     1

 func  =     6 kind  =     2
 const             =  300.000
 ref               =    2.727
 exponend of function =     2
 # of distances  =     1
 distancelist: 
 group = (  3, 11) weight =    1.000 exponent =     1

Define_Enefunc_CHARMM> Number of Interactions in Each Term
  bond_ene        =      37255  angle_ene       =      23717
  urey_ene        =       6639
  torsion_ene     =      23862  improper_ene    =       1285
  cmap_ene        =        494
  restraint_groups=         13  restraint_funcs =          6
 
Setup_Fitting_Atdyn> NO fitting is applied, skip
  fitting method  =  NO

Update_Num_Deg_Freedom> Number of degrees of freedom was updated
  num_deg_freedom =      82743 (After setup of fixed atoms at boundary)
 
Remove_Fixatm> Modified Interactions
  bond_ene        =      27610  angle_ene       =      20502
  urey_ene        =       6639
  torsion_ene     =      23862  improper_ene    =       1285
 
Setup_Constraints> The following atoms are excluded from SHAKE:
    1443    7587    7588    7589
Setup_Settle> Setup constraints for SETTLE
  num_unconsbonds =       7633      num_Settle  =       6659
  r0(O-H)         =     0.9572  mass(O)         =    15.9994
  r0(H-H)         =     1.5139  mass(H)         =     1.0080
 
Setup_Shake> Setup constrains for SHAKE and RATTLE
  num_unconsbonds =       3837  num_rigid_bonds =       3796
 
  num_qm_rigid_bonds =         10
 
Update_Num_Deg_Freedom> Number of degrees of freedom was updated
  num_deg_freedom =      62766 (After setup of SETTLE)
 
Update_Num_Deg_Freedom> Number of degrees of freedom was updated
  num_deg_freedom =      58960 (After setup of SHAKE/RATTLE)
 
[STEP4] Compute Single Point Energy for Molecules
 
            STEP            BOND           ANGLE    UREY-BRADLEY        DIHEDRAL        IMPROPER            CMAP         VDWAALS           ELECT    RESTRAINT001    RESTRAINT002    RESTRAINT003    RESTRAINT004    RESTRAINT005    RESTRAINT006    RESTR_CVS001    RESTR_CVS002    RESTR_CVS003    RESTR_CVS004    RESTR_CVS005    RESTR_CVS006              QM            SPOT
 --------------- --------------- --------------- --------------- ---------------
               0       1530.3528       3730.8119        457.9815       4500.2648        260.1107       -192.4667       7314.6530    -117347.1973          0.5078          6.0218          9.3272          0.0131          2.4597          0.4363          0.0000          1.3099          1.3301          2.0426          1.8689          2.7651     -35969.8796         12.3551

[STEP5] Perform Molecular Dynamics Simulation
 
INFO:       STEP            TIME       TOTAL_ENE   POTENTIAL_ENE     KINETIC_ENE            RMSG            BOND           ANGLE    UREY-BRADLEY        DIHEDRAL        IMPROPER            CMAP         VDWAALS           ELECT RESTRAINT_TOTAL    RESTRAINT001    RESTRAINT002    RESTRAINT003    RESTRAINT004    RESTRAINT005    RESTRAINT006    RESTR_CVS001    RESTR_CVS002    RESTR_CVS003    RESTR_CVS004    RESTR_CVS005    RESTR_CVS006     TEMPERATURE          VOLUME              QM            SPOT
 --------------- --------------- --------------- --------------- ---------------
INFO:        500          0.2500    -118020.8496    -135720.4886      17699.6389         12.5757       1510.2840       3733.4638        463.7878       4504.0199        248.8645       -201.3322       7398.5738    -117366.0685          9.2977          0.4690          5.2987          1.9389          0.2856          1.0459          0.2596          0.0000          1.0353          1.5868          2.0051          1.7194          2.6976        302.1324          0.0000     -36021.3794         16.2537

INFO:       1000          0.5000    -118046.2514    -135776.0784      17729.8270         12.6107       1476.2353       3761.2854        459.4248       4492.4374        257.3197       -208.2054       7092.7508    -117082.9864         10.5899          1.3686          2.4467          6.6740          0.0107          0.0013          0.0886          0.0000          1.2585          1.3572          2.0300          1.7805          2.7098        302.6477          0.0000     -36034.9299         27.6415

INFO:       1500          0.7500    -118068.8395    -135747.8024      17678.9628         12.6026       1499.8481       3819.6976        476.9325       4506.5802        267.7438       -187.0975       7121.7700    -117230.2128          8.1293          0.8319          0.9417          6.2684          0.0530          0.0006          0.0338          0.0000          1.2242          1.3619          2.0493          1.7770          2.7376        301.7795          0.0000     -36031.1934         16.2125

INFO:       2000          1.0000    -118073.7716    -135730.6811      17656.9096         12.6017       1453.5795       3752.4044        456.2205       4504.9181        261.4492       -197.3251       7302.4286    -117235.4901          7.8793          1.0908          2.5499          2.7292          0.6804          0.6643          0.1646          0.0000          1.0760          1.6018          2.0836          1.7313          2.7036        301.4030          0.0000     -36036.7456         12.0356

INFO:       2500          1.2500    -118047.9066    -135596.5289      17548.6223         12.5767       1461.1540       3837.5306        468.8970       4487.6879        241.8567       -191.7616       7301.9441    -117190.3808         15.1902          0.3876          6.4472          7.9446          0.3199          0.0095          0.0816          0.0000          1.3148          1.3437          2.0687          1.7840          2.7105        299.5546          0.0000     -36028.6471         18.1333

INFO:       3000          1.5000    -118047.2284    -135691.8219      17644.5935         12.6637       1517.6205       3779.6380        464.6252       4490.0267        288.8905       -176.0963       7085.3382    -117149.1653          7.0358          0.9010          3.2671          2.4260          0.0742          0.0374          0.3300          0.0000          1.0638          1.5963          2.0517          1.7896          2.7602        301.1928          0.0000     -35999.7351         15.3039

INFO:       3500          1.7500    -118050.7661    -135680.2222      17629.4561         12.6086       1498.2370       3720.2219        467.1496       4510.2178        259.1311       -180.2728       6956.2651    -116907.3963         17.0304          0.7147          4.1850          9.4449          0.4467          2.1670          0.0721          0.0000          1.2863          1.3290          1.9974          1.8634          2.7115        300.9344          0.0000     -36020.8061         19.7045

INFO:       4000          2.0000    -118029.4837    -135723.2832      17693.7996         12.5787       1475.9366       3740.1093        452.7185       4478.7720        269.4638       -169.9280       7246.7796    -117187.8541          2.1202          1.3908          0.5475          0.1259          0.0066          0.0459          0.0035          0.0000          1.1255          1.4859          2.0407          1.7908          2.7236        302.0327          0.0000     -36031.4012         12.9221

INFO:       4500          2.2500    -118013.6646    -135529.9404      17516.2758         12.5514       1493.6760       3760.9686        469.5138       4518.0230        264.2712       -178.8006       7138.6525    -116982.2995         13.4199          1.5348          2.9311          8.4172          0.3305          0.0004          0.2060          0.0000          1.2670          1.3389          2.0028          1.7795          2.7008        299.0024          0.0000     -36027.3653          6.9387

INFO:       5000          2.5000    -118038.2819    -135687.5389      17649.2570         12.6523       1514.3653       3736.1084        466.6772       4471.2138        271.2007       -164.7756       7260.7320    -117212.9929          5.7770          0.9278          3.4436          0.3881          0.0426          0.7418          0.2331          0.0000          1.0611          1.5424          2.0479          1.8281          2.7549        301.2724          0.0000     -36035.8448         13.3865

INFO:       5500          2.7500    -118083.2430    -135658.3409      17575.0978         12.6220       1495.0530       3659.1909        450.3851       4526.1581        267.8435       -167.3538       7392.6454    -117241.7431          6.1270          3.4660          0.4681          1.6689          0.1567          0.2083          0.1590          0.0000          1.2077          1.4318          2.0131          1.8048          2.7040        300.0065          0.0000     -36046.6469         15.7146

INFO:       6000          3.0000    -118091.5692    -135680.8303      17589.2612         12.6061       1509.0371       3707.7537        480.1718       4513.6394        267.9059       -170.5860       7191.5201    -117133.8026          3.2447          1.9056          0.0000          0.7242          0.2899          0.0060          0.3189          0.0000          1.1678          1.4573          2.0049          1.7829          2.6944        300.2483          0.0000     -36049.7144         17.9144

INFO:       6500          3.2500    -118105.9884    -135672.2926      17566.3042         12.6092       1468.7575       3737.1785        470.0507       4501.8443        261.9635       -177.2876       7361.9688    -117226.0814         12.8920          3.1774          2.2901          4.3503          0.0113          0.9768          2.0862          0.0000          1.2556          1.3860          2.0421          1.8355          2.6436        299.8564          0.0000     -36083.5788         15.7495

INFO:       7000          3.5000    -118077.9615    -135685.2599      17607.2983         12.5293       1491.6676       3732.9331        478.5412       4487.5015        268.4568       -159.9886       7226.6095    -117191.8809          6.1729          0.6299          0.9244          3.9796          0.0325          0.0449          0.5616          0.0000          1.2237          1.3912          2.0464          1.7906          2.7703        300.5562          0.0000     -36025.2731         17.3815

INFO:       7500          3.7500    -118051.5941    -135682.9881      17631.3941         12.6086       1453.6970       3752.2452        459.5836       4482.1700        254.5739       -169.8299       7373.3948    -117264.0616          8.5929          0.2356          4.4953          2.0770          0.8163          0.5533          0.4154          0.0000          1.0458          1.5896          2.0882          1.8213          2.6898        300.9675          0.0000     -36033.3540         16.2544

INFO:       8000          4.0000    -118099.7451    -135853.9964      17754.2512         12.5776       1482.4704       3745.4205        463.7726       4498.9649        266.1402       -192.6919       7290.3570    -117417.1477         13.0032          1.6591          3.8458          5.6707          0.0504          0.0939          1.6833          0.0000          1.2814          1.3689          2.0230          1.7961          2.6521        303.0646          0.0000     -36004.2854         16.3546

INFO:       8500          4.2500    -118090.0331    -135543.4251      17453.3919         12.6119       1522.5935       3780.6867        464.8698       4511.4592        273.5123       -178.0863       7045.0319    -116952.6001         11.3071          1.2679          5.3326          2.7667          0.1504          0.0255          1.7639          0.0000          1.0349          1.6024          2.0584          1.7876          2.6503        297.9290          0.0000     -36022.1992         18.1811

INFO:       9000          4.5000    -118098.8974    -135843.8767      17744.9793         12.6409       1463.9591       3644.0343        467.8191       4514.4384        264.1676       -187.8989       7221.5769    -117219.7302         18.2802          2.6364          4.5951          9.7267          0.7526          0.4480          0.1213          0.0000          1.2920          1.3263          1.9859          1.8170          2.7471        302.9064          0.0000     -36030.5232         16.0646

INFO:       9500          4.7500    -118083.1808    -135728.4566      17645.2757         12.7067       1574.5119       3694.8845        462.1685       4479.1366        251.0648       -182.4040       7452.4830    -117502.4433         10.7195          1.3585          4.7976          3.4210          0.4738          0.0654          0.6032          0.0000          1.0417          1.6132          2.0757          1.7932          2.6822        301.2044          0.0000     -35968.5781         11.3731

INFO:      10000          5.0000    -118094.7742    -135680.8123      17586.0381         12.6308       1536.9086       3783.4821        471.2379       4480.8472        273.0314       -177.9177       7020.4697    -117071.6541         10.5574          1.0861          1.3817          7.3239          0.1564          0.6008          0.0084          0.0000          1.2361          1.3502          2.0132          1.7336          2.7217        300.1932          0.0000     -36007.7748         17.4545

INFO:      10500          5.2500    -118028.0255    -135652.4271      17624.4015         12.5770       1470.9865       3716.8998        466.9512       4520.1955        272.7828       -179.3721       7132.7922    -117063.7486          7.5769          0.6474          4.5009          1.7172          0.3667          0.0784          0.2662          0.0000          1.0457          1.5821          2.0010          1.7946          2.6972        300.8481          0.0000     -35997.4913         15.2984

INFO:      11000          5.5000    -118015.3224    -135574.4113      17559.0889         12.6225       1486.7195       3726.3773        469.9657       4482.2082        278.6429       -180.1000       7191.5019    -117017.1196         21.3152          1.4646          2.9009         13.2037          1.9591          0.0022          1.7847          0.0000          1.2665          1.2966          2.1168          1.7811          2.6499        299.7332          0.0000     -36033.9224         14.2039

INFO:      11500          5.7500    -117972.6555    -135639.4669      17666.8114         12.5684       1510.2056       3766.9550        489.1304       4502.0050        247.7633       -169.6038       6960.5818    -116952.8259         15.6419          3.6652          2.6015          2.8689          1.8410          4.6651          0.0001          0.0000          1.0751          1.6042          2.1143          1.9031          2.7277        301.5720          0.0000     -36009.3203          8.8777

INFO:      12000          6.0000    -117933.8784    -135572.6133      17638.7350         12.5947       1503.7512       3730.4145        469.1692       4514.2074        272.1069       -201.9991       7181.9411    -117026.7015          3.6446          2.1087          0.4583          0.7035          0.2315          0.0646          0.0780          0.0000          1.2073          1.4580          2.0638          1.7931          2.7431        301.0928          0.0000     -36019.1477         14.3410

INFO:      12500          6.2500    -117896.1950    -135624.9433      17728.7484         12.6100       1487.1177       3760.3985        462.9230       4471.1419        245.4727       -189.2673       7219.0447    -117068.0278         14.8532          2.7921          2.7078          9.0921          0.0261          0.2319          0.0033          0.0000          1.2632          1.3323          2.0453          1.8062          2.7303        302.6293          0.0000     -36028.6000         13.6336

INFO:      13000          6.5000    -117909.0565    -135473.2763      17564.2199         12.6249       1494.0828       3721.1826        467.8002       4482.3005        272.1714       -186.5545       7238.1837    -116950.3351          3.9493          1.9001          0.5813          0.0248          0.0358          0.2905          1.1168          0.0000          1.1242          1.5155          2.0469          1.8095          2.6660        299.8208          0.0000     -36016.0572         13.5195

INFO:      13500          6.7500    -117970.7613    -135667.0110      17696.2497         12.5696       1522.4661       3751.8976        455.3387       4512.0744        276.1189       -198.1284       7114.3827    -117080.7089          4.8292          0.8902          0.0922          0.4305          1.4241          1.8055          0.1867          0.0000          1.1857          1.4685          2.1049          1.8560          2.7021        302.0746          0.0000     -36025.2814         15.3559

INFO:      14000          7.0000    -118018.2452    -135667.4985      17649.2533         12.6357       1533.7112       3735.5961        471.3977       4469.1352        260.9160       -188.5434       7111.2568    -117039.8110         11.4732          1.4660          0.9752          5.4555          0.1279          3.2471          0.2015          0.0000          1.2252          1.3715          2.0154          1.8824          2.7529        301.2723          0.0000     -36032.6303         18.3037

INFO:      14500          7.2500    -118050.4920    -135587.0390      17536.5470         12.5593       1479.1146       3772.4347        453.4085       4529.2530        257.0269       -187.7378       7187.0248    -117074.4648          6.2425          0.7396          4.1373          1.3099          0.0001          0.0508          0.0047          0.0000          1.0508          1.5725          2.0367          1.7654          2.7310        299.3484          0.0000     -36009.3415         19.4638

INFO:      15000          7.5000    -118012.7066    -135554.3079      17541.6013         12.6518       1493.9736       3777.2839        468.6981       4503.4287        283.8704       -183.4117       7115.3995    -117015.7485          8.0437          1.1723          0.5906          3.5797          0.0037          2.5895          0.1079          0.0000          1.2126          1.3972          2.0395          1.6855          2.7080        299.4347          0.0000     -36005.8456         13.4780

INFO:      15500          7.7500    -118063.0797    -135675.5587      17612.4790         12.5201       1403.1129       3711.3702        459.4145       4509.1273        268.8488       -176.9231       7209.6988    -117037.3187          2.1030          0.8361          0.1192          0.1032          0.7115          0.0004          0.3326          0.0000          1.1483          1.4878          1.9873          1.7796          2.7603        300.6446          0.0000     -36024.9925         16.6524

INFO:      16000          8.0000    -118062.9999    -135614.1752      17551.1753         12.6463       1474.1602       3781.7103        466.1624       4475.4791        282.5658       -167.7170       7016.2080    -116924.5609          6.8092          1.2844          1.2265          0.7884          0.2682          3.2406          0.0011          0.0000          1.1043          1.4551          2.0061          1.6745          2.7290        299.5981          0.0000     -36024.9923         14.9817

INFO:      16500          8.2500    -118021.1776    -135580.8383      17559.6607         12.6960       1514.0466       3883.1668        468.2639       4503.5225        296.4866       -183.4748       7277.1559    -117317.0722          1.5562          0.2608          0.3269          0.1219          0.5903          0.1648          0.0914          0.0000          1.1352          1.4862          2.0804          1.7550          2.7445        299.7430          0.0000     -36024.4897         15.8946

INFO:      17000          8.5000    -118026.4733    -135754.4973      17728.0240         12.6377       1546.6014       3793.4000        460.1846       4476.6269        259.5885       -182.4729       7049.8404    -117157.4539          7.7897          0.7278          0.1339          0.2585          0.2119          6.2418          0.2157          0.0000          1.1893          1.4770          2.0626          1.9226          2.7002        302.6169          0.0000     -36008.6019         13.5916

INFO:      17500          8.7500    -118013.1638    -135587.8950      17574.7312         12.6687       1526.5084       3761.6504        480.7924       4483.4985        271.5600       -186.5650       7073.5010    -117000.6629          5.3762          1.3116          0.1039          0.2612          0.1690          3.4651          0.0654          0.0000          1.1496          1.4769          2.0123          1.8859          2.7122        300.0002          0.0000     -36003.5541         20.6090

INFO:      18000          9.0000    -118031.3458    -135669.7506      17638.4048         12.5507       1419.9318       3733.9449        453.4311       4503.7112        295.9280       -174.9024       7128.6654    -116997.9489          8.1638          1.9998          0.5589          0.4445          0.0674          5.0930          0.0001          0.0000          1.2114          1.4679          2.0210          1.9087          2.7265        301.0871          0.0000     -36040.6755         12.0108

INFO:      18500          9.2500    -118049.6994    -135827.8732      17778.1739         12.5987       1491.0181       3750.5806        485.1203       4507.9646        273.4649       -188.6456       6989.6781    -117131.5220          3.8913          1.8254          0.1332          0.1936          0.0022          1.4624          0.2744          0.0000          1.1471          1.4810          2.0387          1.8482          2.6968        303.4730          0.0000     -36009.4234         13.5192

INFO:      19000          9.5000    -117989.4829    -135710.3330      17720.8501         12.6679       1497.6364       3785.1018        484.8203       4498.4602        238.9288       -182.0256       7169.2209    -117203.1973          4.4215          1.0813          0.2778          0.1380          0.0133          2.9109          0.0002          0.0000          1.1378          1.4850          2.0293          1.8769          2.7278        302.4945          0.0000     -36003.7000         16.8635

INFO:      19500          9.7500    -118028.6037    -135639.4684      17610.8647         12.6561       1445.8673       3712.5334        470.0647       4455.8172        266.8985       -169.5453       7431.0977    -117258.9972         13.8125          1.9948          0.0396          3.1651          0.0772          8.4321          0.1037          0.0000          1.1567          1.4037          2.0200          1.9461          2.7084        300.6170          0.0000     -36007.0171         17.9155

INFO:      20000         10.0000    -118035.1011    -135591.4925      17556.3913         12.6676       1535.8119       3697.9179        449.8177       4485.7643        267.4953       -203.1497       7153.3670    -116975.1897          5.3405          0.9478          0.8446          1.4887          0.3145          1.5425          0.2024          0.0000          1.2213          1.4360          2.0036          1.7067          2.7530        299.6872          0.0000     -36008.6678         14.7265

 
[STEP6] Deallocate Arrays
 
Output_Time> Averaged timer profile (Min, Max)
  total time      =    2669.574
    setup         =       8.764
    dynamics      =    2660.810
      energy      =    2474.071
      integrator  =      41.891
      pairlist    =     144.592 (     136.129,     161.287)
  energy           
    bond          =       0.486 (       0.471,       0.493)
    angle         =       2.764 (       2.712,       2.811)
    dihedral      =       6.682 (       6.411,       6.937)
    nonbond       =     805.350 (     791.179,     824.774)
      pme real    =     805.346 (     791.174,     824.769)
      pme recip   =       0.000 (       0.000,       0.000)
    solvation     =       0.000 (       0.000,       0.000)
      polar       =       0.000 (       0.000,       0.000)
      non-polar   =       0.000 (       0.000,       0.000)
    restraint     =       0.121 (       0.109,       0.132)
    qmmm          =    1608.300 (    1608.259,    1608.316)
  integrator       
    constraint    =      22.868 (      22.225,      23.510)
    update        =       0.000 (       0.000,       0.000)
    comm_coord    =       0.000 (       0.000,       0.000)
    comm_force    =       0.000 (       0.000,       0.000)
    comm_migrate  =       0.000 (       0.000,       0.000)

Note: The following floating-point exceptions are signalling:Note: The following floating-point exceptions are signalling:Note: The following floating-point exceptions are signalling: IEEE_OVERFLOW_FLAG IEEE_UNDERFLOW_FLAG IEEE_DENORMAL
Note: The following floating-point exceptions are signalling: IEEE_OVERFLOW_FLAG IEEE_UNDERFLOW_FLAG IEEE_DENORMAL
 IEEE_OVERFLOW_FLAG IEEE_UNDERFLOW_FLAG IEEE_DENORMAL
 IEEE_OVERFLOW_FLAG IEEE_UNDERFLOW_FLAG IEEE_DENORMAL
