****************************************************
*                                                  *
*                   PMF_ANALYSIS                   *
*                                                  *
*        Utility to analyze trajectory files       *
*                                                  *
*              Developed by RIKEN AICS             *
*                                                  *
****************************************************
 
[STEP1] Read Control Parameters for Analysis
 
Read_Ctrl_Input> Input Files
  cvfile          = ../../5.prod3_ob/prod3_{}.dis
  weightfile      = ../1.mbar/weight{}.dat
 
Read_Ctrl_Output> Output Files
  pmffile         = pmf2.dat
 
Read_Ctrl_Option> Parameters of OPTION

  check only      = no
  allow backup    = no
     dimension    =          2
     nreplica     =         21
     temperature  =     300.00
     cutoff       =       0.00
   dimension :               1
     grids        = 0.8 2.8 101
     band_width   =       0.01
     is_periodic  = no

   dimension :               2
     grids        = 0.9 2.4 101
     band_width   =       0.01
     is_periodic  = no


[STEP2] Set Relevant Variables and Structures
 
Setup_Option> centers of grids in dimension   1
    0.8100    0.8300    0.8500    0.8700    0.8900    0.9100    0.9300    0.9500    0.9700    0.9900    1.0100    1.0300    1.0500    1.0700    1.0900    1.1100    1.1300    1.1500    1.1700    1.1900    1.2100    1.2300    1.2500    1.2700    1.2900    1.3100    1.3300    1.3500    1.3700    1.3900    1.4100    1.4300    1.4500    1.4700    1.4900    1.5100    1.5300    1.5500    1.5700    1.5900    1.6100    1.6300    1.6500    1.6700    1.6900    1.7100    1.7300    1.7500    1.7700    1.7900    1.8100    1.8300    1.8500    1.8700    1.8900    1.9100    1.9300    1.9500    1.9700    1.9900    2.0100    2.0300    2.0500    2.0700    2.0900    2.1100    2.1300    2.1500    2.1700    2.1900    2.2100    2.2300    2.2500    2.2700    2.2900    2.3100    2.3300    2.3500    2.3700    2.3900    2.4100    2.4300    2.4500    2.4700    2.4900    2.5100    2.5300    2.5500    2.5700    2.5900    2.6100    2.6300    2.6500    2.6700    2.6900    2.7100    2.7300    2.7500    2.7700    2.7900

Setup_Option> centers of grids in dimension   2
    0.9075    0.9225    0.9375    0.9525    0.9675    0.9825    0.9975    1.0125    1.0275    1.0425    1.0575    1.0725    1.0875    1.1025    1.1175    1.1325    1.1475    1.1625    1.1775    1.1925    1.2075    1.2225    1.2375    1.2525    1.2675    1.2825    1.2975    1.3125    1.3275    1.3425    1.3575    1.3725    1.3875    1.4025    1.4175    1.4325    1.4475    1.4625    1.4775    1.4925    1.5075    1.5225    1.5375    1.5525    1.5675    1.5825    1.5975    1.6125    1.6275    1.6425    1.6575    1.6725    1.6875    1.7025    1.7175    1.7325    1.7475    1.7625    1.7775    1.7925    1.8075    1.8225    1.8375    1.8525    1.8675    1.8825    1.8975    1.9125    1.9275    1.9425    1.9575    1.9725    1.9875    2.0025    2.0175    2.0325    2.0475    2.0625    2.0775    2.0925    2.1075    2.1225    2.1375    2.1525    2.1675    2.1825    2.1975    2.2125    2.2275    2.2425    2.2575    2.2725    2.2875    2.3025    2.3175    2.3325    2.3475    2.3625    2.3775    2.3925


[STEP3] Analysis trajectory files
 
Check_File_Lines>
    file name   : ../1.mbar/weight1.dat
    # of line   : 1000

Check_File_Lines>
    file name   : ../../5.prod3_ob/prod3_1.dis
    # of line   : 1000

Check_File_Column>
    file name   : ../../5.prod3_ob/prod3_1.dis
    # of column : 6


Analyze> Detailed information in the output files

  [pmffile] pmf2.dat
    Row X and Column Y: free energy profile at bin center (X,Y)

[STEP4] Deallocate memory
 
