(10.0.18.11:0,1,2,3,4,5,6,7)
(10.0.18.12:8,9,10,11,12,13,14,15)
(10.0.18.13:16,17,18,19,20,21,22,23)
(10.0.18.14:24,25,26,27,28,29,30,31)

[0] MPI startup(): libfabric version: 1.7.2a-impi
[0] MPI startup(): libfabric provider: psm2
[0] MPI startup(): Rank    Pid      Node name    Pin cpu
[0] MPI startup(): 0       78575    cx1167.obcx  {0,1,2,3,4,5,6}
[0] MPI startup(): 1       78576    cx1167.obcx  {7,8,9,10,11,12,13}
[0] MPI startup(): 2       78577    cx1167.obcx  {14,15,16,17,18,19,20}
[0] MPI startup(): 3       78578    cx1167.obcx  {21,22,23,24,25,26,27}
[0] MPI startup(): 4       78579    cx1167.obcx  {28,29,30,31,32,33,34}
[0] MPI startup(): 5       78580    cx1167.obcx  {35,36,37,38,39,40,41}
[0] MPI startup(): 6       78581    cx1167.obcx  {42,43,44,45,46,47,48}
[0] MPI startup(): 7       78582    cx1167.obcx  {49,50,51,52,53,54,55}
[0] MPI startup(): 8       70010    cx1168.obcx  {0,1,2,3,4,5,6}
[0] MPI startup(): 9       70011    cx1168.obcx  {7,8,9,10,11,12,13}
[0] MPI startup(): 10      70012    cx1168.obcx  {14,15,16,17,18,19,20}
[0] MPI startup(): 11      70013    cx1168.obcx  {21,22,23,24,25,26,27}
[0] MPI startup(): 12      70014    cx1168.obcx  {28,29,30,31,32,33,34}
[0] MPI startup(): 13      70015    cx1168.obcx  {35,36,37,38,39,40,41}
[0] MPI startup(): 14      70016    cx1168.obcx  {42,43,44,45,46,47,48}
[0] MPI startup(): 15      70017    cx1168.obcx  {49,50,51,52,53,54,55}
[0] MPI startup(): 16      142053   cx1169.obcx  {0,1,2,3,4,5,6}
[0] MPI startup(): 17      142054   cx1169.obcx  {7,8,9,10,11,12,13}
[0] MPI startup(): 18      142055   cx1169.obcx  {14,15,16,17,18,19,20}
[0] MPI startup(): 19      142056   cx1169.obcx  {21,22,23,24,25,26,27}
[0] MPI startup(): 20      142057   cx1169.obcx  {28,29,30,31,32,33,34}
[0] MPI startup(): 21      142058   cx1169.obcx  {35,36,37,38,39,40,41}
[0] MPI startup(): 22      142059   cx1169.obcx  {42,43,44,45,46,47,48}
[0] MPI startup(): 23      142060   cx1169.obcx  {49,50,51,52,53,54,55}
[0] MPI startup(): 24      77003    cx1170.obcx  {0,1,2,3,4,5,6}
[0] MPI startup(): 25      77004    cx1170.obcx  {7,8,9,10,11,12,13}
[0] MPI startup(): 26      77005    cx1170.obcx  {14,15,16,17,18,19,20}
[0] MPI startup(): 27      77006    cx1170.obcx  {21,22,23,24,25,26,27}
[0] MPI startup(): 28      77007    cx1170.obcx  {28,29,30,31,32,33,34}
[0] MPI startup(): 29      77008    cx1170.obcx  {35,36,37,38,39,40,41}
[0] MPI startup(): 30      77009    cx1170.obcx  {42,43,44,45,46,47,48}
[0] MPI startup(): 31      77010    cx1170.obcx  {49,50,51,52,53,54,55}
[0] MPI startup(): I_MPI_OFI_LIBRARY_INTERNAL=1
[0] MPI startup(): I_MPI_ROOT=/work/opt/local/cores/intel/impi/2019.5.281
[0] MPI startup(): I_MPI_HYDRA_BOOTSTRAP_EXEC=/usr/local/bin/pjrsh4calc
[0] MPI startup(): I_MPI_HYDRA_BOOTSTRAP_AUTOFORK=0
[0] MPI startup(): I_MPI_HYDRA_TOPOLIB=hwloc
[0] MPI startup(): I_MPI_HYDRA_HOST_FILE=/work/00/hp200098/o30000/tim/tim5/b3lypD3.rpath1/4.equil2_ob/.d0000793844_nodeinfo
[0] MPI startup(): I_MPI_PERHOST=8
[0] MPI startup(): I_MPI_INTERNAL_MEM_POLICY=default
[0] MPI startup(): I_MPI_DEBUG=5
****************************************************
*                                                  *
*                  GENESIS ATDYN                   *
*                                                  *
*        A Molecular Dynamics Simulator with       *
*            Atomic Decomposition Scheme           *
*                                                  *
*               Developed by RIKEN                 *
*                                                  *
****************************************************
 
[STEP0] Architecture and Compiler Information
 
GENESIS_Information> GENESIS Information
  version      = 1.6.0
  commit ID    = $GENESIS_VERSION$
  precision    = double
  nonbonding   = CPU

Build_Information> Compiler Information
  build host   = o30000@obcx03.obcx
  fortran      = GNU Fortran (GCC) 7.5.0
  option       = -O3 -ffast-math -march=native -ffree-line-length-none -fopenmp 
  C            = gcc (GCC) 7.5.0
  option       = -O3 -ffast-math -march=native -fopenmp
  defined var. =  -DMPI -DOMP -DFFTE -DLAPACK -DDSFMT_MEXP=19937 -D__GFORTRAN__
  link option  = -L/work/hp200098/share/local/lib -fopenmp -lmkl_scalapack_lp64 -lmkl_blacs_intelmpi_lp64 -lmkl_intel_lp64 -lmkl_intel_thread -lmkl_core -liomp5 -lpthread -lm 

Runtime_Information> Machine and Library Information
  date       = 2021/02/05 18:01:20
  cpu model    = Intel(R) Xeon(R) Platinum 8280 CPU @ 2.70GHz
  exec. host   = o30000@cx1167.obcx
  LD library   = /work/hp200098/share/local/lib:/work/opt/local/cores/intel/compilers_and_libraries_2019.5.281/linux/tbb/lib/intel64_lin/gcc4.7:/work/opt/local/cores/intel/compilers_and_libraries_2019.5.281/linux/compiler/lib/intel64_lin:/work/opt/local/cores/intel/compilers_and_libraries_2019.5.281/linux/mkl/lib/intel64_lin:/work/opt/local/cores/intel/impi/2019.5.281/intel64/libfabric/lib:/work/opt/local/cores/intel/impi/2019.5.281/intel64/lib/release:/work/opt/local/cores/intel/impi/2019.5.281/intel64/lib:/work/opt/local/cores/gcc/7.5.0/lib64

[STEP1] Read Control Parameters
 
Read_Ctrl_Input> Input Files
  topfile = toppar/top_all36_prot.rtf, toppar/top_all36_cgenff.rtf
  parfile = toppar/par_all36_prot.prm, toppar/par_all36_cgenff.prm
  strfile = toppar/toppar_water_ions.str, toppar/toppar_dhap.3.str
  psffile = ../../2.equil/step4_nvt_100.psf
  pdbfile = ../../2.equil/step4_nvt_100.pdb
  rstfile = ../3.equil1/equil1_19.rst
  reffile = ../../2.equil/step4_nvt_100.pdb
 
Read_Ctrl_Output> Output Files
  dcdfile    = equil2_19.dcd
  rstfile    = equil2_19.rst
 
Read_Ctrl_Energy> Parameters of Energy Calculations
  forcefield      =     CHARMM
  switchdist      =     16.000  cutoffdist      =     18.000
  pairlistdist    =     19.500  dielec_const    =      1.000
  vdW force_switch=        yes
  electrostatic   =  CUTOFF
  implicit_solvent=       none
  table_order     =          3
  table_density   =     20.000
  water_model     =       NONE
  output_style    =    GENESIS
  dispersion_corr =       none
  nonb_limiter    =      no
 
Read_Ctrl_Dynamics> Parameters of MD simulation
  integrator      =       VVER  nsteps          =       4000
  timestep        =     0.0005  initial_time    =     0.0000
  eneout_period   =         50  rstout_period   =         50
  crdout_period   =         50  velout_period   =          0
  nbupdate_period =         10  stoptr_period   =         10
  iseed           =   20190319
  annealing       =         no
  verbose         =         no
  target_md       =         no
  steered_md      =         no
  esp_mm          =         no
 
Read_Ctrl_Constraints> Parameters for Constraints
  rigid_bond      =        yes
  shake_iteration =        500  shake_tolerance =  0.100E-09
  fast_water      =        yes  water_model     =       TIP3
  hydrogen_type   =  name|mass
  noshake_index   = 4  11  12  13
  fixatm_select_index        =       none
 
Read_Ctrl_Ensemble> Parameters for Ensemble
  ensemble        =        NVT
  temperature     =    300.000
  tpcontrol       =      BUSSI
  tau_t           =      0.500
 
Read_Ctrl_Boundary> Parameters of Boundary Condition
  type            =       NOBC
  spherical_pot   =        yes  restart         =          T
  center_info     =       read  modify_ratio    =      1.000
  constant        =     10.000  exponent        =          2
  fixatom         =          T  fix_layer       =      1.000
 
Read_Ctrl_Selection> Parameters of Selection
  # of groups     =         13
    group 1 = sid:DHA or (sid:TIMA and (rno:95 or rno:165) and          not (an:CA  | an:C   | an:O   | an:N | an:HN | an:HA))
    group 2 = atomno:1900 or atomno:5687
    group 3 = atomno:1442
    group 4 = atomno:1443
    group 5 = atomno:2559
    group 6 = atomno:2560
    group 7 = atomno:7583
    group 8 = atomno:7584
    group 9 = atomno:7585
    group 10 = atomno:7586
    group 11 = atomno:7587
    group 12 = atomno:7588
    group 13 = atomno:7589
  # of mole names =          0
 
Read_Ctrl_Restraints> Parameters of Restraint
  numfunc         =   6
  function1 = POSI     
    direction     = ALL 
    constant      = 10.0
    reference     = 
    select_index  = 2
    mode          =   0
    exponent      =   2
    exponent_dist = 
    weight_dist   = 

  function2 = DIST     
    constant      = 100.0
    reference     = 1.0403
    select_index  = 6  12
    mode          =   0
    exponent      =   2
    exponent_dist = 
    weight_dist   = 

  function3 = DIST     
    constant      = 100.0
    reference     = 1.7635
    select_index  = 9  12
    mode          =   0
    exponent      =   2
    exponent_dist = 
    weight_dist   = 

  function4 = DIST     
    constant      = 100.0
    reference     = 2.1048
    select_index  = 5  11
    mode          =   0
    exponent      =   2
    exponent_dist = 
    weight_dist   = 

  function5 = DIST     
    constant      = 100.0
    reference     = 1.7132
    select_index  = 8   4
    mode          =   0
    exponent      =   2
    exponent_dist = 
    weight_dist   = 

  function6 = DIST     
    constant      = 100.0
    reference     = 2.7022
    select_index  = 3  11
    mode          =   0
    exponent      =   2
    exponent_dist = 
    weight_dist   = 

  pressure_position   = NO
  pressure_rmsd     = NO

Read_Ctrl_Fitting_MD> Parameters of Fitting
  fitting method  =  TR+ROT   
  fitting atom    = group1
  mass_weight     =         no
 
Read_Ctrl_QMMM> Parameters of QM/MM
  qmtyp              = qsimulate
  qmcnt              = qsimulate.json
  qmexe              = 
  workdir            = equil2_19
  savedir            = none
  basename           = job
  qmsave_period      = 500
  qmmaxtrial         = 1
  qmatm_select_index = 1
  exclude_charge     = GROUP
 
[STEP2] Setup MPI
 
Setup_Mpi_Md> Summary of Setup MPI
  number of MPI processes   =         32
  number of OpenMP threads  =          7
  total number of CPU cores =        224

[STEP3] Set Relevant Variables and Structures
 
Input_Top> Summary of Topfile
  num_atom_class  =        212  num_resi_type   =        685
 
Input_Par> Summary of Parfile
  num_bonds       =        658  num_angles      =       2003
  num_dihedrals   =       4838  num_impropers   =        163
  num_atom_cls    =        212  num_nbfix       =         75
  num_cmap_terms  =          6
 
Input_Str> Summary of Top information
  num_atom_class  =        227  num_resi_type   =        700
 
Input_Str> Summary of Par information
  num_bonds       =        663  num_angles      =       2006
  num_dihedrals   =       4850  num_impropers   =        163
  num_atom_cls    =        227  num_nbfix       =         90
  num_cmap_terms  =          6
 
Read_Psf> Summary of Psffile
  psftype         =      xplor
  num_atoms       =      37226  num_bonds       =      37288
  num_angles      =      23768  num_dihedrals   =      20268
  num_impropers   =       1292  num_cmap_terms  =        494
  num_HB_donors   =      20596  num_HB_acceptors=      10610
  num_NB_exclusion=          0  num_groups      =      12168
  total_charge    =    -10.000
 
Check_Pdb> 6-column residue sequence number
 
Read_Pdb> Summary of Data in PDB file
  num_atoms       =      37226
 
Read_Rst_Binary> Summary of RST file
  num_atoms       =      37226  iseed           =   20190319
  boxsize (x,y,z) =      0.000     0.000     0.000
  spherical_pot     =      yes
  nfunctions                 2  num_fixatm              9645
  num_of_qm_charge          35

Define_Molecule> Summary of molecules
  num_atoms       =      37226  num_bonds       =      37288
  num_angles      =      23768  num_dihedrals   =      20268
  num_impropers   =       1292  num_cmap_terms  =        494
  num_residues    =      10370  num_molecules   =       9878
  num_segments    =          6  num_deg_freedom =     111678
  total_charge    =    -10.000
 
Setup_Boundary> Setup Variables for Boundary Condition
  origin(x,y,z)   =      0.000     0.000     0.000
  nfunctions      =        2
    center(x,y,z) =     17.000     0.000     0.000
    radius        =     35.000
    constant      =     10.000
    exponent      =          2
    center(x,y,z) =    -17.000     0.000     0.000
    radius        =     35.000
    constant      =     10.000
    exponent      =          2

  num_fixatm      =     9645

 
Random_Init> Initialize the random number
  seed            = 20190319

Setup_QMMM> Setup QM region
  QM assignment info
  1435 TIMA     95 HSE    CB   CT2    assigned to QM atom    1 of element: C     6
  1436 TIMA     95 HSE    HB1  HA2    assigned to QM atom    2 of element: H     1
  1437 TIMA     95 HSE    HB2  HA2    assigned to QM atom    3 of element: H     1
  1438 TIMA     95 HSE    ND1  NR2    assigned to QM atom    4 of element: N     7
  1439 TIMA     95 HSE    CG   CPH1   assigned to QM atom    5 of element: C     6
  1440 TIMA     95 HSE    CE1  CPH2   assigned to QM atom    6 of element: C     6
  1441 TIMA     95 HSE    HE1  HR1    assigned to QM atom    7 of element: H     1
  1442 TIMA     95 HSE    NE2  NR1    assigned to QM atom    8 of element: N     7
  1443 TIMA     95 HSE    HE2  H      assigned to QM atom    9 of element: H     1
  1444 TIMA     95 HSE    CD2  CPH1   assigned to QM atom   10 of element: C     6
  1445 TIMA     95 HSE    HD2  HR3    assigned to QM atom   11 of element: H     1
  2552 TIMA    165 GLU    CB   CT2A   assigned to QM atom   12 of element: C     6
  2553 TIMA    165 GLU    HB1  HA2    assigned to QM atom   13 of element: H     1
  2554 TIMA    165 GLU    HB2  HA2    assigned to QM atom   14 of element: H     1
  2555 TIMA    165 GLU    CG   CT2    assigned to QM atom   15 of element: C     6
  2556 TIMA    165 GLU    HG1  HA2    assigned to QM atom   16 of element: H     1
  2557 TIMA    165 GLU    HG2  HA2    assigned to QM atom   17 of element: H     1
  2558 TIMA    165 GLU    CD   CC     assigned to QM atom   18 of element: C     6
  2559 TIMA    165 GLU    OE1  OC     assigned to QM atom   19 of element: O     8
  2560 TIMA    165 GLU    OE2  OC     assigned to QM atom   20 of element: O     8
  7575 DHA     249 DHAP   P    PG2    assigned to QM atom   21 of element: P    15
  7576 DHA     249 DHAP   O1P  OG303  assigned to QM atom   22 of element: O     8
  7577 DHA     249 DHAP   O2P  OG2P1  assigned to QM atom   23 of element: O     8
  7578 DHA     249 DHAP   O3P  OG2P1  assigned to QM atom   24 of element: O     8
  7579 DHA     249 DHAP   O4P  OG2P1  assigned to QM atom   25 of element: O     8
  7580 DHA     249 DHAP   C1   CG321  assigned to QM atom   26 of element: C     6
  7581 DHA     249 DHAP   H11  HGA2   assigned to QM atom   27 of element: H     1
  7582 DHA     249 DHAP   H12  HGA2   assigned to QM atom   28 of element: H     1
  7583 DHA     249 DHAP   C2   CG2O5  assigned to QM atom   29 of element: C     6
  7584 DHA     249 DHAP   O2   OG2D3  assigned to QM atom   30 of element: O     8
  7585 DHA     249 DHAP   C3   CG321  assigned to QM atom   31 of element: C     6
  7586 DHA     249 DHAP   O3   OG311  assigned to QM atom   32 of element: O     8
  7587 DHA     249 DHAP   HO3  HGP1   assigned to QM atom   33 of element: H     1
  7588 DHA     249 DHAP   H31  HGA2   assigned to QM atom   34 of element: H     1
  7589 DHA     249 DHAP   H32  HGA2   assigned to QM atom   35 of element: H     1
  number of QM atoms = 35
 
  QM charges retreived from rstfile.
 

Generate_LinkAtoms> QM-MM interface info. Link hydrogen is set between:
              [ QM atom ]             -             [ MM atom ]
  1435 TIMA     95 HSE    CB   CT2    -   1433 TIMA     95 HSE    CA   CT1   
                                          1431 TIMA     95 HSE    N    NH1    excluded
                                          1432 TIMA     95 HSE    HN   H      excluded
                                          1434 TIMA     95 HSE    HA   HB1    excluded
  2552 TIMA    165 GLU    CB   CT2A   -   2550 TIMA    165 GLU    CA   CT1   
                                          2548 TIMA    165 GLU    N    NH1    excluded
                                          2549 TIMA    165 GLU    HN   H      excluded
                                          2551 TIMA    165 GLU    HA   HB1    excluded

  number of link atoms           = 2
  number of external MM charges  = 37183


  Check the input file for QSimulate [ qsimulate.json ]
Setup_Enefunc_Cmap_Par> Natural spline is used to derive cmap coefs.

Setup_Enefunc_Table> Setup Variables for LookupTable
  num_solutes     =      37226  num_waters      =          0

Setup_Enefunc_Restraint> Setup restraint groups
 group =     1, "sid:DHA or (sid:TIMA and (rno:95 or rno:165) and          not (an:CA  | an:C   | an:O   | an:N | an:HN | an:HA))"
 # of atoms =    35
 atomlist: 
   1435   1436   1437   1438   1439   1440   1441   1442   1443   1444
   1445   2552   2553   2554   2555   2556   2557   2558   2559   2560
   7575   7576   7577   7578   7579   7580   7581   7582   7583   7584
   7585   7586   7587   7588   7589
 group =     2, "atomno:1900 or atomno:5687"
 # of atoms =     2
 atomlist: 
   1900   5687
 group =     3, "atomno:1442"
 # of atoms =     1
 atomlist: 
   1442
 group =     4, "atomno:1443"
 # of atoms =     1
 atomlist: 
   1443
 group =     5, "atomno:2559"
 # of atoms =     1
 atomlist: 
   2559
 group =     6, "atomno:2560"
 # of atoms =     1
 atomlist: 
   2560
 group =     7, "atomno:7583"
 # of atoms =     1
 atomlist: 
   7583
 group =     8, "atomno:7584"
 # of atoms =     1
 atomlist: 
   7584
 group =     9, "atomno:7585"
 # of atoms =     1
 atomlist: 
   7585
 group =    10, "atomno:7586"
 # of atoms =     1
 atomlist: 
   7586
 group =    11, "atomno:7587"
 # of atoms =     1
 atomlist: 
   7587
 group =    12, "atomno:7588"
 # of atoms =     1
 atomlist: 
   7588
 group =    13, "atomno:7589"
 # of atoms =     1
 atomlist: 
   7589
Setup_Enefunc_Restraint> Setup restraint functions
 func  =     1 kind  =     1
 const(total, x, y, z) =   10.000   1.000   1.000   1.000
 exponend of function =     2
 # of groups  =     1
 grouplist:   2

 func  =     2 kind  =     2
 const             =  100.000
 ref               =    1.040
 exponend of function =     2
 # of distances  =     1
 distancelist: 
 group = (  6, 12) weight =    1.000 exponent =     1

 func  =     3 kind  =     2
 const             =  100.000
 ref               =    1.764
 exponend of function =     2
 # of distances  =     1
 distancelist: 
 group = (  9, 12) weight =    1.000 exponent =     1

 func  =     4 kind  =     2
 const             =  100.000
 ref               =    2.105
 exponend of function =     2
 # of distances  =     1
 distancelist: 
 group = (  5, 11) weight =    1.000 exponent =     1

 func  =     5 kind  =     2
 const             =  100.000
 ref               =    1.713
 exponend of function =     2
 # of distances  =     1
 distancelist: 
 group = (  8,  4) weight =    1.000 exponent =     1

 func  =     6 kind  =     2
 const             =  100.000
 ref               =    2.702
 exponend of function =     2
 # of distances  =     1
 distancelist: 
 group = (  3, 11) weight =    1.000 exponent =     1

Define_Enefunc_CHARMM> Number of Interactions in Each Term
  bond_ene        =      37255  angle_ene       =      23717
  urey_ene        =       6639
  torsion_ene     =      23862  improper_ene    =       1285
  cmap_ene        =        494
  restraint_groups=         13  restraint_funcs =          6
 
Setup_Fitting_Atdyn> NO fitting is applied, skip
  fitting method  =  NO

Update_Num_Deg_Freedom> Number of degrees of freedom was updated
  num_deg_freedom =      82743 (After setup of fixed atoms at boundary)
 
Remove_Fixatm> Modified Interactions
  bond_ene        =      27610  angle_ene       =      20502
  urey_ene        =       6639
  torsion_ene     =      23862  improper_ene    =       1285
 
Setup_Constraints> The following atoms are excluded from SHAKE:
    1443    7587    7588    7589
Setup_Settle> Setup constraints for SETTLE
  num_unconsbonds =       7633      num_Settle  =       6659
  r0(O-H)         =     0.9572  mass(O)         =    15.9994
  r0(H-H)         =     1.5139  mass(H)         =     1.0080
 
Setup_Shake> Setup constrains for SHAKE and RATTLE
  num_unconsbonds =       3837  num_rigid_bonds =       3796
 
  num_qm_rigid_bonds =         10
 
Update_Num_Deg_Freedom> Number of degrees of freedom was updated
  num_deg_freedom =      62766 (After setup of SETTLE)
 
Update_Num_Deg_Freedom> Number of degrees of freedom was updated
  num_deg_freedom =      58960 (After setup of SHAKE/RATTLE)
 
[STEP4] Compute Single Point Energy for Molecules
 
            STEP            BOND           ANGLE    UREY-BRADLEY        DIHEDRAL        IMPROPER            CMAP         VDWAALS           ELECT    RESTRAINT001    RESTRAINT002    RESTRAINT003    RESTRAINT004    RESTRAINT005    RESTRAINT006    RESTR_CVS001    RESTR_CVS002    RESTR_CVS003    RESTR_CVS004    RESTR_CVS005    RESTR_CVS006              QM            SPOT
 --------------- --------------- --------------- --------------- ---------------
               0       1458.7823       3711.1987        454.7364       4540.2335        272.7381       -186.1141       7047.9800    -116925.1241          1.1168          0.0002          0.0160          0.2214          0.2366          0.0371          0.0000          1.0417          1.7508          2.1519          1.7618          2.7215    -906558.8641         13.3583

[STEP5] Perform Molecular Dynamics Simulation
 
INFO:       STEP            TIME       TOTAL_ENE   POTENTIAL_ENE     KINETIC_ENE            RMSG            BOND           ANGLE    UREY-BRADLEY        DIHEDRAL        IMPROPER            CMAP         VDWAALS           ELECT RESTRAINT_TOTAL    RESTRAINT001    RESTRAINT002    RESTRAINT003    RESTRAINT004    RESTRAINT005    RESTRAINT006    RESTR_CVS001    RESTR_CVS002    RESTR_CVS003    RESTR_CVS004    RESTR_CVS005    RESTR_CVS006     TEMPERATURE          VOLUME              QM            SPOT
 --------------- --------------- --------------- --------------- ---------------
INFO:         50          0.0250    -988441.5685   -1006208.6734      17767.1049         12.5945       1496.3727       3677.7988        466.2617       4520.2313        277.8102       -193.9469       7154.4686    -117041.2573          3.5256          2.1259          0.2265          0.5960          0.0001          0.2601          0.3169          0.0000          0.9927          1.8407          2.1041          1.6622          2.6459        303.2841          0.0000    -906569.9381         12.8519

INFO:        100          0.0500    -988472.1023   -1006247.6332      17775.5309         12.5298       1532.7111       3688.1107        466.2828       4505.6358        247.7317       -188.4374       7173.5450    -117131.7481          3.4939          2.3671          0.0567          0.0569          0.4329          0.5789          0.0014          0.0000          1.0641          1.7396          2.1706          1.7893          2.7059        303.4279          0.0000    -906544.9588         16.6739

INFO:        150          0.0750    -988502.5451   -1006320.9664      17818.4212         12.5516       1514.1943       3723.7325        461.3832       4464.0807        271.1875       -185.0377       7083.0233    -117125.3310          2.7824          1.5541          0.1420          0.2307          0.1888          0.0190          0.6478          0.0000          1.0026          1.8115          2.0613          1.7270          2.7827        304.1600          0.0000    -906530.9816         11.6122

INFO:        200          0.1000    -988459.7677   -1006126.1919      17666.4242         12.5792       1477.4219       3760.8833        460.0359       4495.8164        282.8140       -194.9345       7007.1285    -116884.7381          1.9807          0.9032          0.1033          0.5639          0.2955          0.1134          0.0014          0.0000          1.0082          1.8386          2.1592          1.7469          2.6985        301.5654          0.0000    -906532.6000         14.9788

INFO:        250          0.1250    -988419.4776   -1006110.3627      17690.8850         12.5745       1520.5751       3703.4424        474.9904       4492.5316        243.7129       -193.1749       6879.7769    -116707.8956          1.9462          0.6418          0.0009          0.0327          0.0825          0.0394          1.1490          0.0000          1.0374          1.7454          2.0761          1.7331          2.8094        301.9830          0.0000    -906526.2676         11.0773

INFO:        300          0.1500    -988457.3245   -1006145.3670      17688.0424         12.5992       1490.1021       3737.2561        466.2367       4457.8232        266.4075       -191.1162       6883.2512    -116715.1027          0.6703          0.2790          0.0017          0.2835          0.0351          0.0379          0.0329          0.0000          1.0362          1.8167          2.0861          1.7327          2.7203        301.9345          0.0000    -906540.8953         13.3058

INFO:        350          0.1750    -988491.8229   -1006157.2223      17665.3995         12.5538       1449.4453       3743.3921        461.2237       4489.5799        272.7661       -194.8202       6980.1727    -116836.1219          1.8625          0.7117          0.3022          0.0917          0.0827          0.6575          0.0167          0.0000          0.9853          1.7332          2.1336          1.6321          2.7151        301.5479          0.0000    -906524.7225         11.0985

INFO:        400          0.2000    -988493.0338   -1006170.5638      17677.5300         12.5696       1492.0256       3660.7730        460.1150       4489.0876        278.0862       -184.1768       7163.9868    -117008.2104          2.3204          1.4602          0.0551          0.0327          0.0303          0.5894          0.1528          0.0000          1.0638          1.7816          2.0874          1.7900          2.6631        301.7550          0.0000    -906524.5712         13.2983

INFO:        450          0.2250    -988549.6833   -1006062.5034      17512.8202         12.5889       1484.7952       3714.0862        458.6389       4484.4286        260.5730       -191.6237       7217.6630    -116987.2173          2.9029          1.4648          0.2486          0.0731          0.1167          0.5035          0.4960          0.0000          0.9904          1.7905          2.1390          1.6422          2.6318        298.9434          0.0000    -906506.7502         10.3206

INFO:        500          0.2500    -988504.5319   -1006141.2774      17636.7456         12.5953       1569.4233       3673.7877        455.8882       4490.5991        274.6041       -186.2473       7036.3625    -116931.8050          2.2199          1.3572          0.0682          0.3006          0.0693          0.4246          0.0000          0.0000          1.0664          1.8183          2.1311          1.7784          2.7021        301.0588          0.0000    -906526.1100         10.3551

INFO:        550          0.2750    -988519.5809   -1006186.6181      17667.0373         12.5810       1495.2293       3774.0725        458.7997       4503.5571        263.7004       -210.4982       6952.5167    -116882.8531          2.9842          1.8111          0.1986          0.1759          0.1521          0.6176          0.0290          0.0000          0.9957          1.8054          2.1438          1.6346          2.7192        301.5759          0.0000    -906544.1267          8.3670

INFO:        600          0.3000    -988504.7805   -1006047.4197      17542.6391         12.5967       1528.0729       3744.0681        460.4775       4490.8127        271.4230       -201.2732       7060.5595    -116879.3593          1.8798          1.7155          0.0135          0.0391          0.0757          0.0072          0.0288          0.0000          1.0287          1.7437          2.0773          1.7047          2.6852        299.4524          0.0000    -906524.0805         13.8204

INFO:        650          0.3250    -988442.6771   -1005966.2373      17523.5601         12.5638       1506.1442       3796.7966        473.3100       4488.3806        263.7769       -180.9061       7156.0473    -116971.8542          3.5826          1.6846          0.0569          0.6577          0.0792          0.0837          1.0205          0.0000          1.0165          1.8446          2.0767          1.7421          2.8032        299.1267          0.0000    -906501.5153         14.6755

INFO:        700          0.3500    -988489.0274   -1006212.2689      17723.2415         12.5883       1482.8438       3729.1254        472.4245       4467.4804        238.1014       -202.4847       7135.6525    -117023.5465          2.2846          1.7450          0.0700          0.0346          0.0484          0.3836          0.0030          0.0000          1.0138          1.7821          2.1268          1.7751          2.6967        302.5353          0.0000    -906514.1502         11.4543

INFO:        750          0.3750    -988491.7544   -1006139.9198      17648.1653         12.5268       1493.6674       3732.0003        469.5013       4432.3723        271.4487       -186.3744       6978.2729    -116836.5860          6.7207          1.1436          0.0003          0.0001          5.4322          0.0720          0.0726          0.0000          1.0385          1.7625          1.8717          1.6864          2.7291        301.2538          0.0000    -906500.9431         22.5738

INFO:        800          0.4000    -988504.7518   -1006157.5424      17652.7906         12.6252       1519.6483       3818.8337        472.4379       4459.4889        257.7417       -171.4381       7005.1948    -117004.4893          6.5277          1.5712          0.0192          1.2501          0.0721          3.4599          0.1553          0.0000          1.0265          1.8753          2.1316          1.8992          2.7416        301.3327          0.0000    -906521.4881         25.1227

INFO:        850          0.4250    -988538.2378   -1006125.0602      17586.8224         12.5733       1512.9284       3697.3574        457.3280       4449.1405        277.0966       -176.3712       7328.2137    -117164.0470          3.1386          1.7742          0.0137          0.3293          0.1146          0.5918          0.3151          0.0000          1.0286          1.8209          2.1387          1.6363          2.6461        300.2066          0.0000    -906509.8451         19.7079

INFO:        900          0.4500    -988562.3039   -1006127.0734      17564.7695         12.5717       1486.6398       3735.1392        479.9147       4473.1796        270.2204       -168.0521       7133.9397    -117050.8314          5.4660          2.4383          0.0029          0.0004          0.0910          2.9298          0.0036          0.0000          1.0349          1.7615          2.0746          1.8844          2.6962        299.8302          0.0000    -906492.6893         21.1394

INFO:        950          0.4750    -988530.4609   -1006164.1259      17633.6650         12.5938       1442.3751       3778.3049        459.5497       4471.6949        258.8868       -179.0165       7119.2440    -117007.7346          3.7773          3.2638          0.1771          0.0000          0.0318          0.0122          0.2924          0.0000          0.9982          1.7639          2.1226          1.7021          2.6481        301.0062          0.0000    -906511.2075         16.7188

INFO:       1000          0.5000    -988558.3193   -1006095.4097      17537.0904         12.5702       1426.9019       3775.5273        460.5582       4464.6887        256.5027       -185.5726       7177.2598    -116999.4525          3.7642          3.2308          0.0549          0.0281          0.0670          0.0586          0.3249          0.0000          1.0637          1.7803          2.1307          1.7374          2.6452        299.3577          0.0000    -906475.5875         17.3374

INFO:       1050          0.5250    -988569.9848   -1006137.3689      17567.3842         12.5848       1496.7272       3757.7277        477.5593       4395.4121        261.9344       -179.6111       7113.9349    -116932.5855          5.3307          3.4922          0.1605          0.8483          0.6045          0.0155          0.2096          0.0000          1.0002          1.8556          2.1825          1.7257          2.7480        299.8748          0.0000    -906533.7986         15.8090

INFO:       1100          0.5500    -988599.9632   -1006208.6799      17608.7166         12.5793       1494.1620       3713.3825        474.7922       4481.9511        251.2924       -190.3856       7134.5859    -117079.2813          6.9559          3.9390          0.0878          0.2290          0.2896          1.8743          0.5362          0.0000          1.0699          1.7156          2.0510          1.8501          2.6290        300.5804          0.0000    -906496.1351         15.3109

INFO:       1150          0.5750    -988628.3501   -1006214.1167      17585.7665         12.6220       1521.8774       3717.6643        462.3959       4457.7692        249.4329       -185.1660       7100.6698    -117029.5799          5.8302          3.1479          0.1032          0.2416          1.8895          0.2572          0.1909          0.0000          1.0082          1.8126          2.2423          1.6625          2.7459        300.1886          0.0000    -906515.0104         14.4863

INFO:       1200          0.6000    -988643.8631   -1006268.3954      17624.5324         12.6162       1494.2058       3750.9631        459.5199       4437.4818        285.0988       -189.9351       7165.7078    -117171.4235          3.1156          2.1357          0.0919          0.0097          0.0951          0.7826          0.0006          0.0000          1.0100          1.7734          2.0740          1.8017          2.6997        300.8503          0.0000    -906503.1296         11.4861

INFO:       1250          0.6250    -988635.0291   -1006218.4913      17583.4623         12.5899       1487.2919       3676.4277        458.5895       4481.0228        265.7952       -183.6908       7288.0545    -117174.4628          2.2744          1.7042          0.0307          0.0341          0.0000          0.0042          0.5013          0.0000          1.0578          1.7450          2.1041          1.7197          2.6314        300.1493          0.0000    -906519.7939         14.6642

INFO:       1300          0.6500    -988701.5419   -1006374.7549      17673.2130         12.5545       1415.0431       3685.9757        458.7893       4449.2934        261.8780       -171.5160       7110.4577    -117061.1647          4.4672          1.6936          0.0635          0.9589          0.1622          1.5297          0.0593          0.0000          1.0151          1.8614          2.1451          1.8369          2.7265        301.6813          0.0000    -906527.9787         17.9420

INFO:       1350          0.6750    -988687.2105   -1006141.7478      17454.5373         12.6216       1504.3495       3689.8795        468.9294       4444.9558        252.4177       -170.1866       7152.0341    -116960.2389          3.3722          2.6410          0.0003          0.2576          0.0078          0.4591          0.0065          0.0000          1.0422          1.8143          2.1136          1.7810          2.6942        297.9485          0.0000    -906527.2606         21.7258

INFO:       1400          0.7000    -988673.3156   -1006190.6186      17517.3030         12.5267       1457.2141       3693.1878        459.9980       4476.1801        254.9004       -170.2455       7171.9555    -117032.3484          3.4614          3.2159          0.0009          0.1982          0.0041          0.0405          0.0018          0.0000          1.0433          1.8080          2.1112          1.7333          2.7065        299.0199          0.0000    -906504.9220         20.8005

INFO:       1450          0.7250    -988687.0038   -1006410.8704      17723.8666         12.5461       1510.5101       3623.2737        447.9651       4454.2957        267.3826       -169.0796       7242.4686    -117272.2800          3.3096          2.0062          0.0970          0.2520          0.3208          0.0003          0.6333          0.0000          1.0091          1.8137          2.0482          1.7115          2.7818        302.5460          0.0000    -906518.7162         13.5165

INFO:       1500          0.7500    -988668.7332   -1006270.3650      17601.6318         12.6144       1473.6248       3700.5831        441.7279       4473.4996        258.9879       -175.4868       7102.7448    -117040.2693          2.9135          2.2601          0.0800          0.0113          0.4011          0.1531          0.0079          0.0000          1.0686          1.7741          2.1681          1.7523          2.7111        300.4594          0.0000    -906508.6905         13.0875

INFO:       1550          0.7750    -988646.0892   -1006302.9760      17656.8868         12.5375       1516.2686       3723.1934        472.9536       4454.5227        254.6573       -159.3059       6949.2423    -117002.6473          6.3034          3.7469          0.2003          1.7315          0.1931          0.3852          0.0464          0.0000          0.9955          1.8951          2.1487          1.7753          2.6807        301.4026          0.0000    -906518.1641         12.1483

INFO:       1600          0.8000    -988634.9935   -1006041.4834      17406.4898         12.5113       1454.5161       3771.2983        453.5577       4468.7823        275.7721       -160.7188       7027.3058    -116803.4927          3.8845          2.3719          0.0365          0.0686          0.3791          0.5726          0.4558          0.0000          1.0594          1.7373          2.1664          1.6375          2.7697        297.1284          0.0000    -906532.3888         14.5359

INFO:       1650          0.8250    -988630.7308   -1006169.8403      17539.1095         12.5357       1451.5803       3692.3735        457.4459       4478.0098        267.6180       -173.9458       7054.1142    -116893.3286          2.7022          1.6993          0.0201          0.9279          0.0409          0.0065          0.0074          0.0000          1.0261          1.8598          2.1250          1.7051          2.6936        299.3922          0.0000    -906506.4100         11.2501

INFO:       1700          0.8500    -988631.2728   -1006150.8473      17519.5745         12.5123       1475.9113       3676.4196        460.4439       4478.5470        265.7911       -187.8819       7081.6286    -116866.4640          2.0896          1.4226          0.0079          0.0356          0.3385          0.2575          0.0275          0.0000          1.0314          1.7446          2.1630          1.7639          2.7188        299.0587          0.0000    -906537.3324          9.4837

INFO:       1750          0.8750    -988593.1904   -1006201.9226      17608.7322         12.5738       1510.7434       3673.0598        460.8858       4471.4967        261.0738       -176.1340       7071.6474    -116960.9405          3.4184          1.3393          0.0063          0.0599          0.3788          0.0494          1.5847          0.0000          1.0483          1.7880          2.1663          1.7354          2.8281        300.5806          0.0000    -906517.1735         14.0385

INFO:       1800          0.9000    -988567.6164   -1006233.7479      17666.1315         12.5508       1459.8651       3711.6875        438.2777       4476.6901        256.0647       -175.6042       7192.4488    -117060.6757          2.8000          1.1750          0.2537          0.3299          0.2603          0.7562          0.0250          0.0000          0.9899          1.8209          2.0538          1.8002          2.7180        301.5604          0.0000    -906535.3020         14.4469

INFO:       1850          0.9250    -988590.3044   -1006165.0447      17574.7403         12.5639       1470.3602       3796.1507        459.2350       4480.1575        267.2797       -188.4479       7315.6508    -117206.7333          2.3878          0.7602          0.0308          0.0000          0.1508          0.1625          1.2834          0.0000          1.0579          1.7641          2.1436          1.7535          2.8155        300.0004          0.0000    -906561.0852         12.1791

INFO:       1900          0.9500    -988629.1879   -1006253.7125      17624.5246         12.6243       1478.3980       3759.7738        462.9061       4490.8630        263.4983       -175.0474       7281.1332    -117254.4440          2.4720          0.4478          0.0564          0.6331          1.0854          0.1626          0.0866          0.0000          1.0166          1.8431          2.0006          1.7535          2.7316        300.8502          0.0000    -906563.2656         14.3046

INFO:       1950          0.9750    -988650.3514   -1006288.6255      17638.2741         12.6369       1530.3830       3627.9972        458.8753       4484.8883        264.9748       -172.7286       7104.1086    -117054.2246          1.1320          0.4295          0.1432          0.0347          0.3975          0.0670          0.0601          0.0000          1.0025          1.7821          2.1678          1.7391          2.6777        301.0849          0.0000    -906534.0314         15.6401

INFO:       2000          1.0000    -988679.7036   -1006174.2438      17494.5402         12.5755       1514.0719       3678.0082        457.5797       4463.4402        250.2233       -161.4534       7140.0624    -116974.3230          2.4032          1.0038          0.1031          0.2301          0.6405          0.1035          0.3223          0.0000          1.0724          1.8115          2.0248          1.6810          2.7590        298.6314          0.0000    -906544.2564         11.2967

INFO:       2050          1.0250    -988606.9954   -1006153.9871      17546.9917         12.6424       1509.2696       3672.0729        462.2351       4481.3401        271.3125       -167.9113       7135.5145    -116945.7487          2.5057          1.4835          0.2713          0.0007          0.4617          0.0025          0.2859          0.0000          0.9882          1.7662          2.1728          1.7082          2.6487        299.5267          0.0000    -906574.5776         12.8734

INFO:       2100          1.0500    -988617.5030   -1006149.6213      17532.1183         12.5533       1489.3002       3766.8865        469.5083       4449.7864        259.8232       -180.4311       7195.7329    -117047.7137          2.2448          1.1952          0.0001          0.0142          0.9356          0.0541          0.0456          0.0000          1.0394          1.7754          2.0081          1.6899          2.6809        299.2728          0.0000    -906554.7588         14.9778

INFO:       2150          1.0750    -988624.0374   -1006239.6572      17615.6199         12.6439       1533.4972       3730.9849        465.8385       4464.9760        271.3205       -176.3587       7041.9920    -117015.1426          3.1641          0.8845          0.0151          1.4147          0.0101          0.8334          0.0063          0.0000          1.0526          1.8824          2.0947          1.8045          2.7101        300.6982          0.0000    -906559.9291         15.4747

INFO:       2200          1.1000    -988619.6610   -1006250.4177      17630.7567         12.6074       1534.2805       3769.2872        468.7350       4454.7161        254.5218       -176.1678       7055.2551    -117089.2985          1.6991          1.1971          0.3051          0.0038          0.0051          0.0414          0.1466          0.0000          0.9851          1.7573          2.1119          1.6929          2.6639        300.9566          0.0000    -906523.4461         20.1156

INFO:       2250          1.1250    -988662.0448   -1006219.4353      17557.3905         12.5577       1477.9393       3724.7776        464.6881       4429.7690        268.3680       -182.9860       7135.0638    -116997.5990          4.9737          2.5346          0.0702          0.2008          0.1434          1.9480          0.0768          0.0000          1.0668          1.8083          2.1427          1.8528          2.7299        299.7042          0.0000    -906544.4298         16.3692

INFO:       2300          1.1500    -988644.7828   -1006317.2928      17672.5100         12.5899       1485.5199       3708.3202        479.2189       4461.6915        261.6301       -174.6883       7165.6750    -117147.6944          3.4689          3.0750          0.1295          0.0130          0.0388          0.0470          0.1656          0.0000          1.0043          1.7749          2.1245          1.7349          2.7429        301.6693          0.0000    -906560.4345         15.3266

INFO:       2350          1.1750    -988593.3348   -1006244.8096      17651.4749         12.5175       1438.0562       3746.1863        468.4115       4457.6873        273.4166       -173.8366       7217.0439    -117126.0691          4.0790          2.7361          0.0371          1.2700          0.0080          0.0222          0.0057          0.0000          1.0210          1.8762          2.0959          1.6983          2.7097        301.3103          0.0000    -906549.7848         16.3939

INFO:       2400          1.2000    -988563.0779   -1006331.4299      17768.3520         12.5955       1486.0114       3710.0131        467.0651       4457.0749        270.5478       -173.3887       7221.7306    -117242.8885          3.4643          3.2150          0.0631          0.0198          0.0001          0.0001          0.1661          0.0000          1.0654          1.7494          2.1059          1.7121          2.7430        303.3053          0.0000    -906531.0598         12.8346

INFO:       2450          1.2250    -988552.3190   -1006158.9831      17606.6640         12.6212       1478.2029       3745.5576        467.6033       4487.7122        265.1294       -180.8350       7394.1250    -117285.4444          6.9945          3.5509          0.3135          1.4489          0.0049          1.4020          0.2744          0.0000          0.9843          1.8839          2.1118          1.8316          2.6498        300.5453          0.0000    -906538.0286         10.2870

INFO:       2500          1.2500    -988592.5890   -1006145.4114      17552.8224         12.6316       1564.9550       3758.1037        473.8368       4473.5051        250.1435       -193.5767       7397.3564    -117336.1128          3.8223          2.9898          0.0391          0.0242          0.0521          0.2240          0.4931          0.0000          1.0601          1.7479          2.0820          1.7605          2.6320        299.6263          0.0000    -906537.4446          9.0758

INFO:       2550          1.2750    -988611.7011   -1006175.4971      17563.7960         12.6489       1496.6172       3787.6488        456.4300       4491.8410        250.8099       -173.7842       7375.1100    -117336.7710          2.3799          1.7144          0.0997          0.2795          0.0822          0.1233          0.0809          0.0000          1.0087          1.8164          2.1335          1.6781          2.7306        299.8136          0.0000    -906525.7786         11.6330

INFO:       2600          1.3000    -988552.6457   -1006162.0093      17609.3636         12.5776       1456.9056       3724.9397        460.9425       4501.9795        276.1213       -165.8437       7291.7966    -117156.0076          4.0579          1.6018          0.0105          1.5166          0.3993          0.0000          0.5296          0.0000          1.0300          1.8866          2.0416          1.7138          2.6294        300.5914          0.0000    -906556.9012          9.5275

INFO:       2650          1.3250    -988527.7232   -1006233.0746      17705.3514         12.6282       1501.2300       3711.6352        469.1750       4484.5909        254.7922       -180.7447       7338.7890    -117248.7859          2.9182          2.3373          0.0002          0.4316          0.0923          0.0164          0.0405          0.0000          1.0417          1.6978          2.1352          1.7260          2.6821        302.2299          0.0000    -906566.6746         16.3432

INFO:       2700          1.3500    -988526.9614   -1006049.8138      17522.8524         12.6216       1512.6445       3717.5239        455.6571       4470.4393        275.2643       -185.0717       7176.9253    -116902.4924          3.9624          1.7575          0.2251          1.6098          0.2551          0.0012          0.1136          0.0000          0.9929          1.8904          2.0543          1.7097          2.7359        299.1147          0.0000    -906574.6664         17.7315

INFO:       2750          1.3750    -988555.1488   -1006068.3411      17513.1923         12.5868       1487.1824       3672.3977        466.9338       4495.6343        251.3182       -172.3015       7148.2584    -116886.1396          1.9506          0.7953          0.1952          0.0116          0.0392          0.8758          0.0334          0.0000          1.0845          1.7743          2.0850          1.8068          2.7205        298.9498          0.0000    -906533.5753         14.2434

INFO:       2800          1.4000    -988571.4505   -1006249.6218      17678.1713         12.5510       1463.5983       3661.2888        444.2023       4469.8331        256.6837       -180.2423       7001.4864    -116832.2818          4.8426          1.4756          0.1647          0.4630          1.1772          1.4338          0.1285          0.0000          0.9997          1.8315          2.2133          1.8329          2.7380        301.7660          0.0000    -906539.0330         15.0775

INFO:       2850          1.4250    -988602.1049   -1006057.2235      17455.1185         12.6021       1495.3641       3763.9487        466.1378       4484.8567        254.1086       -184.7632       7025.6049    -116840.6669          4.8596          1.6665          0.0025          0.9565          0.0569          1.5683          0.6089          0.0000          1.0453          1.8613          2.0809          1.8384          2.7802        297.9585          0.0000    -906526.6737         12.8395

INFO:       2900          1.4500    -988569.4433   -1006175.9769      17606.5336         12.6080       1555.6296       3711.2282        452.7553       4459.9925        258.1982       -186.7226       6993.8495    -116905.5268          3.0648          2.1251          0.0015          0.4205          0.1264          0.0533          0.3380          0.0000          1.0441          1.6987          2.1404          1.6901          2.7603        300.5431          0.0000    -906518.4455         14.9927

INFO:       2950          1.4750    -988568.6826   -1006256.9914      17688.3088         12.5965       1455.0909       3772.2091        449.7817       4443.3037        251.2968       -195.5102       7032.5020    -116960.1687          7.5548          2.0320          0.0295          4.4352          0.8073          0.2000          0.0509          0.0000          1.0231          1.9741          2.1946          1.7579          2.7248        301.9390          0.0000    -906513.0515         11.9858

INFO:       3000          1.5000    -988608.7008   -1006070.3700      17461.6692         12.6113       1498.5702       3745.4269        483.9941       4490.3280        245.2004       -206.6456       7117.0167    -116925.2371          2.4202          1.5257          0.0245          0.5246          0.0644          0.1002          0.1808          0.0000          1.0560          1.6911          2.1302          1.7449          2.7447        298.0703          0.0000    -906521.4439         15.0112

INFO:       3050          1.5250    -988566.5753   -1006180.1806      17613.6053         12.5737       1460.6192       3729.9261        460.9454       4494.8851        273.1507       -197.4039       7131.2546    -117022.5088          2.0402          1.5408          0.0225          0.3237          0.0007          0.0000          0.1525          0.0000          1.0253          1.8204          2.1022          1.7130          2.6631        300.6638          0.0000    -906513.0893         14.5735

INFO:       3100          1.5500    -988552.9377   -1006087.7850      17534.8472         12.5946       1524.0699       3770.1762        472.7546       4476.9253        285.0408       -186.9142       7165.2619    -117070.2968          3.2175          2.3484          0.1091          0.0802          0.0099          0.5753          0.0946          0.0000          1.0073          1.7918          2.0949          1.6374          2.7330        299.3194          0.0000    -906528.0203         18.1626

INFO:       3150          1.5750    -988638.3128   -1006047.5120      17409.1992         12.5404       1488.6748       3778.7377        472.7452       4511.9773        266.7968       -197.1549       7173.0591    -117003.5421          3.6318          2.2750          0.0076          0.3787          0.0191          0.9495          0.0019          0.0000          1.0490          1.7020          2.1186          1.6158          2.7065        297.1746          0.0000    -906542.4378         15.0069

INFO:       3200          1.6000    -988578.6416   -1006186.8091      17608.1675         12.5303       1469.2474       3709.8508        470.7138       4477.5407        263.5986       -194.5365       7124.6302    -116981.5822          4.9352          2.3811          0.2338          0.8484          0.0393          0.8272          0.6053          0.0000          0.9919          1.8556          2.0850          1.8042          2.6244        300.5710          0.0000    -906531.2071         12.4812

INFO:       3250          1.6250    -988594.8415   -1006203.9648      17609.1233         12.5540       1513.1903       3667.6742        465.1071       4485.9741        265.4967       -191.3787       7013.3569    -116897.2434          5.2241          3.5182          0.0360          0.0056          0.2237          0.1341          1.3064          0.0000          1.0593          1.7710          2.1521          1.7498          2.8165        300.5873          0.0000    -906531.3661         11.2328

INFO:       3300          1.6500    -988585.9543   -1006099.6829      17513.7287         12.5540       1493.5508       3771.0608        458.2564       4453.8771        265.5940       -180.5163       7084.2845    -116930.6298          5.4409          3.9453          0.0414          0.3452          0.0124          0.0000          1.0966          0.0000          1.0199          1.8222          2.0937          1.7135          2.8069        298.9589          0.0000    -906520.6014          9.8822

INFO:       3350          1.6750    -988614.3167   -1006245.9208      17631.6041         12.5326       1484.0024       3720.3748        463.9784       4449.9097        244.2820       -180.1839       6989.2460    -116915.0936          5.1721          4.0232          0.1103          0.1824          0.5019          0.3174          0.0368          0.0000          1.0071          1.8062          2.1756          1.7695          2.7214        300.9711          0.0000    -906507.6086         15.0346

INFO:       3400          1.7000    -988577.0639   -1006227.5261      17650.4622         12.5698       1502.1822       3661.8362        464.0813       4445.3436        242.5615       -193.1163       6924.3268    -116737.2498          4.2566          2.4797          0.0208          0.0631          0.0089          0.2813          1.4028          0.0000          1.0547          1.7384          2.0953          1.7662          2.8206        301.2930          0.0000    -906541.7483         11.5945

INFO:       3450          1.7250    -988539.1456   -1006175.4607      17636.3151         12.5678       1503.6486       3717.0585        453.7304       4480.2198        265.8932       -180.6276       6967.1605    -116841.2203          1.8257          0.7343          0.1191          0.7126          0.1125          0.1360          0.0113          0.0000          1.0058          1.8479          2.0713          1.7501          2.6916        301.0515          0.0000    -906543.1494         18.7264

INFO:       3500          1.7500    -988587.7403   -1006065.2990      17477.5587         12.6068       1525.6774       3821.6506        467.9292       4499.9905        235.7497       -185.2108       7034.4095    -116927.8124          1.0073          0.6529          0.0060          0.0746          0.1811          0.0927          0.0000          0.0000          1.0326          1.7908          2.1474          1.6828          2.7023        298.3415          0.0000    -906538.6900         16.4504

INFO:       3550          1.7750    -988573.4774   -1006073.7376      17500.2601         12.6269       1506.3388       3757.1660        471.8187       4500.3452        246.9399       -199.1309       7213.6552    -117044.5645          2.6319          1.3626          0.0369          0.4590          0.5502          0.2216          0.0016          0.0000          1.0595          1.8313          2.0306          1.6661          2.7062        298.7290          0.0000    -906528.9379         14.0471

INFO:       3600          1.8000    -988551.9052   -1006123.0834      17571.1782         12.6349       1514.5065       3703.7914        467.9337       4505.4593        258.8236       -206.2041       7222.4977    -117060.5845          2.4097          1.3992          0.3289          0.0281          0.3184          0.3326          0.0025          0.0000          0.9829          1.7803          2.1612          1.6555          2.6972        299.9396          0.0000    -906531.7168         10.8888

INFO:       3650          1.8250    -988596.8741   -1006303.6647      17706.7905         12.5743       1465.3483       3720.8981        449.2075       4466.7419        247.7643       -194.2713       7200.4794    -117134.7292          1.6163          1.0750          0.1001          0.0924          0.3263          0.0089          0.0136          0.0000          1.0719          1.7939          2.1619          1.7037          2.7138        302.2545          0.0000    -906526.7200         16.9263

INFO:       3700          1.8500    -988578.3648   -1006246.5766      17668.2118         12.5927       1478.3613       3771.2324        460.8120       4500.4426        260.4518       -216.0662       7267.8416    -117239.7430          2.6742          1.3765          0.0726          0.0280          0.0722          0.5038          0.6213          0.0000          1.0134          1.7802          2.1317          1.7842          2.7810        301.5960          0.0000    -906532.5834         14.2798

INFO:       3750          1.8750    -988574.2028   -1006172.3236      17598.1208         12.6077       1513.4148       3787.1434        461.8557       4496.9176        236.1283       -219.8784       7272.3761    -117177.5815          4.2791          2.9025          0.0761          0.5231          0.2264          0.4761          0.0748          0.0000          1.0127          1.8358          2.1524          1.7822          2.7296        300.3995          0.0000    -906546.9787         14.0783

INFO:       3800          1.9000    -988580.9945   -1006078.5011      17497.5066         12.5732       1443.5142       3778.6491        470.1269       4490.4044        259.9455       -192.9477       7360.8123    -117160.2627          5.1880          2.9974          0.0846          0.6866          0.1130          0.3520          0.9545          0.0000          1.0694          1.8464          2.1384          1.7725          2.7999        298.6820          0.0000    -906533.9310         12.9085

INFO:       3850          1.9250    -988567.4494   -1006246.5376      17679.0882         12.5847       1467.1228       3716.8684        465.3209       4502.4386        263.9799       -193.7773       7302.7518    -117242.4671          4.4990          2.5757          0.5233          0.0001          0.8381          0.0325          0.5292          0.0000          0.9680          1.7646          2.0133          1.7312          2.7749        301.7816          0.0000    -906533.2746         14.8164

INFO:       3900          1.9500    -988569.8435   -1006183.2941      17613.4505         12.6130       1487.4241       3727.6350        477.4812       4467.8246        258.6033       -185.8827       7307.2459    -117203.4289          3.1602          2.1797          0.0010          0.4205          0.0078          0.0528          0.4983          0.0000          1.0435          1.8283          2.0960          1.7362          2.6316        300.6612          0.0000    -906523.3567         15.5286

INFO:       3950          1.9750    -988517.6795   -1006153.2607      17635.5812         12.5912       1473.6681       3751.9196        461.3537       4495.8351        254.4434       -189.1273       7249.6779    -117157.1229          4.2210          2.0041          0.0000          0.1012          0.5778          0.2328          1.3050          0.0000          1.0400          1.7953          2.1808          1.6649          2.8164        301.0389          0.0000    -906498.1293         12.0407

INFO:       4000          2.0000    -988562.5151   -1006120.9805      17558.4654         12.5731       1514.1891       3718.5328        456.4487       4462.5774        267.9835       -170.8884       7098.2590    -116911.0644          5.3385          2.4159          0.2399          0.3059          1.4035          0.2834          0.6899          0.0000          0.9913          1.8188          1.9863          1.6600          2.6191        299.7226          0.0000    -906562.3566         17.4308

 
[STEP6] Deallocate Arrays
 
Output_Time> Averaged timer profile (Min, Max)
  total time      =   27507.136
    setup         =      11.800
    dynamics      =   27495.337
      energy      =   27491.558
      integrator  =       8.304
      pairlist    =       4.879 (       4.166,       5.176)
  energy           
    bond          =       0.047 (       0.039,       0.070)
    angle         =       0.135 (       0.132,       0.139)
    dihedral      =       0.410 (       0.346,       0.496)
    nonbond       =      37.085 (      36.242,      37.866)
      pme real    =      37.084 (      36.241,      37.865)
      pme recip   =       0.000 (       0.000,       0.000)
    solvation     =       0.000 (       0.000,       0.000)
      polar       =       0.000 (       0.000,       0.000)
      non-polar   =       0.000 (       0.000,       0.000)
    restraint     =       0.021 (       0.019,       0.024)
    qmmm          =   27443.560 (   27442.180,   27443.938)
  integrator       
    constraint    =       4.650 (       4.552,       4.818)
    update        =       0.000 (       0.000,       0.000)
    comm_coord    =       0.000 (       0.000,       0.000)
    comm_force    =       0.000 (       0.000,       0.000)
    comm_migrate  =       0.000 (       0.000,       0.000)

Note: The following floating-point exceptions are signalling: IEEE_DIVIDE_BY_ZERO IEEE_UNDERFLOW_FLAG IEEE_DENORMAL
Note: The following floating-point exceptions are signalling: IEEE_DIVIDE_BY_ZERO IEEE_UNDERFLOW_FLAG IEEE_DENORMALNote: The following floating-point exceptions are signalling: IEEE_DIVIDE_BY_ZERO IEEE_UNDERFLOW_FLAG IEEE_DENORMAL
Note: The following floating-point exceptions are signalling: IEEE_DIVIDE_BY_ZERO IEEE_UNDERFLOW_FLAG IEEE_DENORMAL
Note: The following floating-point exceptions are signalling: IEEE_DIVIDE_BY_ZERO IEEE_UNDERFLOW_FLAG IEEE_DENORMAL
Note: The following floating-point exceptions are signalling: IEEE_DIVIDE_BY_ZERO IEEE_UNDERFLOW_FLAG IEEE_DENORMAL
Note: The following floating-point exceptions are signalling: IEEE_DIVIDE_BY_ZERO IEEE_UNDERFLOW_FLAG IEEE_DENORMAL
Note: The following floating-point exceptions are signalling: IEEE_DIVIDE_BY_ZERO IEEE_UNDERFLOW_FLAG IEEE_DENORMAL
Note: The following floating-point exceptions are signalling: IEEE_DIVIDE_BY_ZERO IEEE_UNDERFLOW_FLAG IEEE_DENORMAL
Note: The following floating-point exceptions are signalling: IEEE_DIVIDE_BY_ZERO IEEE_UNDERFLOW_FLAG IEEE_DENORMAL
Note: The following floating-point exceptions are signalling: IEEE_INVALID_FLAG IEEE_DIVIDE_BY_ZERO IEEE_UNDERFLOW_FLAG IEEE_DENORMAL
Note: The following floating-point exceptions are signalling: IEEE_DIVIDE_BY_ZERO IEEE_UNDERFLOW_FLAG IEEE_DENORMAL
Note: The following floating-point exceptions are signalling: IEEE_DIVIDE_BY_ZERO IEEE_UNDERFLOW_FLAG IEEE_DENORMAL
Note: The following floating-point exceptions are signalling: IEEE_DIVIDE_BY_ZERO IEEE_UNDERFLOW_FLAG IEEE_DENORMAL
Note: The following floating-point exceptions are signalling: IEEE_DIVIDE_BY_ZERO IEEE_UNDERFLOW_FLAG IEEE_DENORMAL
Note: The following floating-point exceptions are signalling: IEEE_DIVIDE_BY_ZERO IEEE_UNDERFLOW_FLAG IEEE_DENORMAL
Note: The following floating-point exceptions are signalling: IEEE_DIVIDE_BY_ZERO IEEE_UNDERFLOW_FLAG IEEE_DENORMAL
Note: The following floating-point exceptions are signalling: IEEE_DIVIDE_BY_ZERO IEEE_UNDERFLOW_FLAG IEEE_DENORMAL
Note: The following floating-point exceptions are signalling: IEEE_DIVIDE_BY_ZERO IEEE_UNDERFLOW_FLAG IEEE_DENORMAL
Note: The following floating-point exceptions are signalling: IEEE_DIVIDE_BY_ZERO IEEE_UNDERFLOW_FLAG IEEE_DENORMAL
Note: The following floating-point exceptions are signalling: IEEE_DIVIDE_BY_ZERO IEEE_UNDERFLOW_FLAG IEEE_DENORMAL
Note: The following floating-point exceptions are signalling: IEEE_DIVIDE_BY_ZERO IEEE_UNDERFLOW_FLAG IEEE_DENORMAL
Note: The following floating-point exceptions are signalling: IEEE_DIVIDE_BY_ZERO IEEE_UNDERFLOW_FLAG IEEE_DENORMAL
Note: The following floating-point exceptions are signalling: IEEE_DIVIDE_BY_ZERO IEEE_UNDERFLOW_FLAG IEEE_DENORMAL
Note: The following floating-point exceptions are signalling: IEEE_DIVIDE_BY_ZERO IEEE_UNDERFLOW_FLAG IEEE_DENORMAL
Note: The following floating-point exceptions are signalling: IEEE_INVALID_FLAG IEEE_DIVIDE_BY_ZERO IEEE_UNDERFLOW_FLAG IEEE_DENORMALNote: The following floating-point exceptions are signalling: IEEE_DIVIDE_BY_ZERO IEEE_UNDERFLOW_FLAG IEEE_DENORMALNote: The following floating-point exceptions are signalling: IEEE_DIVIDE_BY_ZERO IEEE_UNDERFLOW_FLAG IEEE_DENORMALNote: The following floating-point exceptions are signalling: IEEE_DIVIDE_BY_ZERO IEEE_UNDERFLOW_FLAG IEEE_DENORMALNote: The following floating-point exceptions are signalling: IEEE_DIVIDE_BY_ZERO IEEE_UNDERFLOW_FLAG IEEE_DENORMALNote: The following floating-point exceptions are signalling: IEEE_DIVIDE_BY_ZERO IEEE_UNDERFLOW_FLAG IEEE_DENORMALNote: The following floating-point exceptions are signalling: IEEE_DIVIDE_BY_ZERO IEEE_UNDERFLOW_FLAG IEEE_DENORMAL







