(10.0.17.47:0,1,2,3,4,5,6,7)
(10.0.17.48:8,9,10,11,12,13,14,15)
(10.0.17.49:16,17,18,19,20,21,22,23)
(10.0.17.50:24,25,26,27,28,29,30,31)

[0] MPI startup(): libfabric version: 1.7.2a-impi
[0] MPI startup(): libfabric provider: psm2
[0] MPI startup(): Rank    Pid      Node name    Pin cpu
[0] MPI startup(): 0       116186   cx1135.obcx  {0,1,2,3,4,5,6}
[0] MPI startup(): 1       116187   cx1135.obcx  {7,8,9,10,11,12,13}
[0] MPI startup(): 2       116188   cx1135.obcx  {14,15,16,17,18,19,20}
[0] MPI startup(): 3       116189   cx1135.obcx  {21,22,23,24,25,26,27}
[0] MPI startup(): 4       116190   cx1135.obcx  {28,29,30,31,32,33,34}
[0] MPI startup(): 5       116191   cx1135.obcx  {35,36,37,38,39,40,41}
[0] MPI startup(): 6       116192   cx1135.obcx  {42,43,44,45,46,47,48}
[0] MPI startup(): 7       116193   cx1135.obcx  {49,50,51,52,53,54,55}
[0] MPI startup(): 8       64735    cx1136.obcx  {0,1,2,3,4,5,6}
[0] MPI startup(): 9       64736    cx1136.obcx  {7,8,9,10,11,12,13}
[0] MPI startup(): 10      64737    cx1136.obcx  {14,15,16,17,18,19,20}
[0] MPI startup(): 11      64738    cx1136.obcx  {21,22,23,24,25,26,27}
[0] MPI startup(): 12      64739    cx1136.obcx  {28,29,30,31,32,33,34}
[0] MPI startup(): 13      64740    cx1136.obcx  {35,36,37,38,39,40,41}
[0] MPI startup(): 14      64741    cx1136.obcx  {42,43,44,45,46,47,48}
[0] MPI startup(): 15      64742    cx1136.obcx  {49,50,51,52,53,54,55}
[0] MPI startup(): 16      231162   cx1137.obcx  {0,1,2,3,4,5,6}
[0] MPI startup(): 17      231163   cx1137.obcx  {7,8,9,10,11,12,13}
[0] MPI startup(): 18      231164   cx1137.obcx  {14,15,16,17,18,19,20}
[0] MPI startup(): 19      231165   cx1137.obcx  {21,22,23,24,25,26,27}
[0] MPI startup(): 20      231166   cx1137.obcx  {28,29,30,31,32,33,34}
[0] MPI startup(): 21      231167   cx1137.obcx  {35,36,37,38,39,40,41}
[0] MPI startup(): 22      231168   cx1137.obcx  {42,43,44,45,46,47,48}
[0] MPI startup(): 23      231169   cx1137.obcx  {49,50,51,52,53,54,55}
[0] MPI startup(): 24      95656    cx1138.obcx  {0,1,2,3,4,5,6}
[0] MPI startup(): 25      95657    cx1138.obcx  {7,8,9,10,11,12,13}
[0] MPI startup(): 26      95658    cx1138.obcx  {14,15,16,17,18,19,20}
[0] MPI startup(): 27      95659    cx1138.obcx  {21,22,23,24,25,26,27}
[0] MPI startup(): 28      95660    cx1138.obcx  {28,29,30,31,32,33,34}
[0] MPI startup(): 29      95661    cx1138.obcx  {35,36,37,38,39,40,41}
[0] MPI startup(): 30      95662    cx1138.obcx  {42,43,44,45,46,47,48}
[0] MPI startup(): 31      95663    cx1138.obcx  {49,50,51,52,53,54,55}
[0] MPI startup(): I_MPI_OFI_LIBRARY_INTERNAL=1
[0] MPI startup(): I_MPI_ROOT=/work/opt/local/cores/intel/impi/2019.5.281
[0] MPI startup(): I_MPI_HYDRA_BOOTSTRAP_EXEC=/usr/local/bin/pjrsh4calc
[0] MPI startup(): I_MPI_HYDRA_BOOTSTRAP_AUTOFORK=0
[0] MPI startup(): I_MPI_HYDRA_TOPOLIB=hwloc
[0] MPI startup(): I_MPI_HYDRA_HOST_FILE=/work/00/hp200098/o30000/tim/tim5/b3lypD3.rpath1/4.equil2_ob/.d0000793836_nodeinfo
[0] MPI startup(): I_MPI_PERHOST=8
[0] MPI startup(): I_MPI_INTERNAL_MEM_POLICY=default
[0] MPI startup(): I_MPI_DEBUG=5
****************************************************
*                                                  *
*                  GENESIS ATDYN                   *
*                                                  *
*        A Molecular Dynamics Simulator with       *
*            Atomic Decomposition Scheme           *
*                                                  *
*               Developed by RIKEN                 *
*                                                  *
****************************************************
 
[STEP0] Architecture and Compiler Information
 
GENESIS_Information> GENESIS Information
  version      = 1.6.0
  commit ID    = $GENESIS_VERSION$
  precision    = double
  nonbonding   = CPU

Build_Information> Compiler Information
  build host   = o30000@obcx03.obcx
  fortran      = GNU Fortran (GCC) 7.5.0
  option       = -O3 -ffast-math -march=native -ffree-line-length-none -fopenmp 
  C            = gcc (GCC) 7.5.0
  option       = -O3 -ffast-math -march=native -fopenmp
  defined var. =  -DMPI -DOMP -DFFTE -DLAPACK -DDSFMT_MEXP=19937 -D__GFORTRAN__
  link option  = -L/work/hp200098/share/local/lib -fopenmp -lmkl_scalapack_lp64 -lmkl_blacs_intelmpi_lp64 -lmkl_intel_lp64 -lmkl_intel_thread -lmkl_core -liomp5 -lpthread -lm 

Runtime_Information> Machine and Library Information
  date       = 2021/02/05 18:01:21
  cpu model    = Intel(R) Xeon(R) Platinum 8280 CPU @ 2.70GHz
  exec. host   = o30000@cx1135.obcx
  LD library   = /work/hp200098/share/local/lib:/work/opt/local/cores/intel/compilers_and_libraries_2019.5.281/linux/tbb/lib/intel64_lin/gcc4.7:/work/opt/local/cores/intel/compilers_and_libraries_2019.5.281/linux/compiler/lib/intel64_lin:/work/opt/local/cores/intel/compilers_and_libraries_2019.5.281/linux/mkl/lib/intel64_lin:/work/opt/local/cores/intel/impi/2019.5.281/intel64/libfabric/lib:/work/opt/local/cores/intel/impi/2019.5.281/intel64/lib/release:/work/opt/local/cores/intel/impi/2019.5.281/intel64/lib:/work/opt/local/cores/gcc/7.5.0/lib64

[STEP1] Read Control Parameters
 
Read_Ctrl_Input> Input Files
  topfile = toppar/top_all36_prot.rtf, toppar/top_all36_cgenff.rtf
  parfile = toppar/par_all36_prot.prm, toppar/par_all36_cgenff.prm
  strfile = toppar/toppar_water_ions.str, toppar/toppar_dhap.3.str
  psffile = ../../2.equil/step4_nvt_100.psf
  pdbfile = ../../2.equil/step4_nvt_100.pdb
  rstfile = ../3.equil1/equil1_11.rst
  reffile = ../../2.equil/step4_nvt_100.pdb
 
Read_Ctrl_Output> Output Files
  dcdfile    = equil2_11.dcd
  rstfile    = equil2_11.rst
 
Read_Ctrl_Energy> Parameters of Energy Calculations
  forcefield      =     CHARMM
  switchdist      =     16.000  cutoffdist      =     18.000
  pairlistdist    =     19.500  dielec_const    =      1.000
  vdW force_switch=        yes
  electrostatic   =  CUTOFF
  implicit_solvent=       none
  table_order     =          3
  table_density   =     20.000
  water_model     =       NONE
  output_style    =    GENESIS
  dispersion_corr =       none
  nonb_limiter    =      no
 
Read_Ctrl_Dynamics> Parameters of MD simulation
  integrator      =       VVER  nsteps          =       4000
  timestep        =     0.0005  initial_time    =     0.0000
  eneout_period   =         50  rstout_period   =         50
  crdout_period   =         50  velout_period   =          0
  nbupdate_period =         10  stoptr_period   =         10
  iseed           =   20190319
  annealing       =         no
  verbose         =         no
  target_md       =         no
  steered_md      =         no
  esp_mm          =         no
 
Read_Ctrl_Constraints> Parameters for Constraints
  rigid_bond      =        yes
  shake_iteration =        500  shake_tolerance =  0.100E-09
  fast_water      =        yes  water_model     =       TIP3
  hydrogen_type   =  name|mass
  noshake_index   = 4  11  12  13
  fixatm_select_index        =       none
 
Read_Ctrl_Ensemble> Parameters for Ensemble
  ensemble        =        NVT
  temperature     =    300.000
  tpcontrol       =      BUSSI
  tau_t           =      0.500
 
Read_Ctrl_Boundary> Parameters of Boundary Condition
  type            =       NOBC
  spherical_pot   =        yes  restart         =          T
  center_info     =       read  modify_ratio    =      1.000
  constant        =     10.000  exponent        =          2
  fixatom         =          T  fix_layer       =      1.000
 
Read_Ctrl_Selection> Parameters of Selection
  # of groups     =         13
    group 1 = sid:DHA or (sid:TIMA and (rno:95 or rno:165) and          not (an:CA  | an:C   | an:O   | an:N | an:HN | an:HA))
    group 2 = atomno:1900 or atomno:5687
    group 3 = atomno:1442
    group 4 = atomno:1443
    group 5 = atomno:2559
    group 6 = atomno:2560
    group 7 = atomno:7583
    group 8 = atomno:7584
    group 9 = atomno:7585
    group 10 = atomno:7586
    group 11 = atomno:7587
    group 12 = atomno:7588
    group 13 = atomno:7589
  # of mole names =          0
 
Read_Ctrl_Restraints> Parameters of Restraint
  numfunc         =   6
  function1 = POSI     
    direction     = ALL 
    constant      = 10.0
    reference     = 
    select_index  = 2
    mode          =   0
    exponent      =   2
    exponent_dist = 
    weight_dist   = 

  function2 = DIST     
    constant      = 100.0
    reference     = 1.5578
    select_index  = 6  12
    mode          =   0
    exponent      =   2
    exponent_dist = 
    weight_dist   = 

  function3 = DIST     
    constant      = 100.0
    reference     = 1.1650
    select_index  = 9  12
    mode          =   0
    exponent      =   2
    exponent_dist = 
    weight_dist   = 

  function4 = DIST     
    constant      = 100.0
    reference     = 2.0379
    select_index  = 5  11
    mode          =   0
    exponent      =   2
    exponent_dist = 
    weight_dist   = 

  function5 = DIST     
    constant      = 100.0
    reference     = 1.8280
    select_index  = 8   4
    mode          =   0
    exponent      =   2
    exponent_dist = 
    weight_dist   = 

  function6 = DIST     
    constant      = 100.0
    reference     = 2.7274
    select_index  = 3  11
    mode          =   0
    exponent      =   2
    exponent_dist = 
    weight_dist   = 

  pressure_position   = NO
  pressure_rmsd     = NO

Read_Ctrl_Fitting_MD> Parameters of Fitting
  fitting method  =  TR+ROT   
  fitting atom    = group1
  mass_weight     =         no
 
Read_Ctrl_QMMM> Parameters of QM/MM
  qmtyp              = qsimulate
  qmcnt              = qsimulate.json
  qmexe              = 
  workdir            = equil2_11
  savedir            = none
  basename           = job
  qmsave_period      = 500
  qmmaxtrial         = 1
  qmatm_select_index = 1
  exclude_charge     = GROUP
 
[STEP2] Setup MPI
 
Setup_Mpi_Md> Summary of Setup MPI
  number of MPI processes   =         32
  number of OpenMP threads  =          7
  total number of CPU cores =        224

[STEP3] Set Relevant Variables and Structures
 
Input_Top> Summary of Topfile
  num_atom_class  =        212  num_resi_type   =        685
 
Input_Par> Summary of Parfile
  num_bonds       =        658  num_angles      =       2003
  num_dihedrals   =       4838  num_impropers   =        163
  num_atom_cls    =        212  num_nbfix       =         75
  num_cmap_terms  =          6
 
Input_Str> Summary of Top information
  num_atom_class  =        227  num_resi_type   =        700
 
Input_Str> Summary of Par information
  num_bonds       =        663  num_angles      =       2006
  num_dihedrals   =       4850  num_impropers   =        163
  num_atom_cls    =        227  num_nbfix       =         90
  num_cmap_terms  =          6
 
Read_Psf> Summary of Psffile
  psftype         =      xplor
  num_atoms       =      37226  num_bonds       =      37288
  num_angles      =      23768  num_dihedrals   =      20268
  num_impropers   =       1292  num_cmap_terms  =        494
  num_HB_donors   =      20596  num_HB_acceptors=      10610
  num_NB_exclusion=          0  num_groups      =      12168
  total_charge    =    -10.000
 
Check_Pdb> 6-column residue sequence number
 
Read_Pdb> Summary of Data in PDB file
  num_atoms       =      37226
 
Read_Rst_Binary> Summary of RST file
  num_atoms       =      37226  iseed           =   20190319
  boxsize (x,y,z) =      0.000     0.000     0.000
  spherical_pot     =      yes
  nfunctions                 2  num_fixatm              9645
  num_of_qm_charge          35

Define_Molecule> Summary of molecules
  num_atoms       =      37226  num_bonds       =      37288
  num_angles      =      23768  num_dihedrals   =      20268
  num_impropers   =       1292  num_cmap_terms  =        494
  num_residues    =      10370  num_molecules   =       9878
  num_segments    =          6  num_deg_freedom =     111678
  total_charge    =    -10.000
 
Setup_Boundary> Setup Variables for Boundary Condition
  origin(x,y,z)   =      0.000     0.000     0.000
  nfunctions      =        2
    center(x,y,z) =     17.000     0.000     0.000
    radius        =     35.000
    constant      =     10.000
    exponent      =          2
    center(x,y,z) =    -17.000     0.000     0.000
    radius        =     35.000
    constant      =     10.000
    exponent      =          2

  num_fixatm      =     9645

 
Random_Init> Initialize the random number
  seed            = 20190319

Setup_QMMM> Setup QM region
  QM assignment info
  1435 TIMA     95 HSE    CB   CT2    assigned to QM atom    1 of element: C     6
  1436 TIMA     95 HSE    HB1  HA2    assigned to QM atom    2 of element: H     1
  1437 TIMA     95 HSE    HB2  HA2    assigned to QM atom    3 of element: H     1
  1438 TIMA     95 HSE    ND1  NR2    assigned to QM atom    4 of element: N     7
  1439 TIMA     95 HSE    CG   CPH1   assigned to QM atom    5 of element: C     6
  1440 TIMA     95 HSE    CE1  CPH2   assigned to QM atom    6 of element: C     6
  1441 TIMA     95 HSE    HE1  HR1    assigned to QM atom    7 of element: H     1
  1442 TIMA     95 HSE    NE2  NR1    assigned to QM atom    8 of element: N     7
  1443 TIMA     95 HSE    HE2  H      assigned to QM atom    9 of element: H     1
  1444 TIMA     95 HSE    CD2  CPH1   assigned to QM atom   10 of element: C     6
  1445 TIMA     95 HSE    HD2  HR3    assigned to QM atom   11 of element: H     1
  2552 TIMA    165 GLU    CB   CT2A   assigned to QM atom   12 of element: C     6
  2553 TIMA    165 GLU    HB1  HA2    assigned to QM atom   13 of element: H     1
  2554 TIMA    165 GLU    HB2  HA2    assigned to QM atom   14 of element: H     1
  2555 TIMA    165 GLU    CG   CT2    assigned to QM atom   15 of element: C     6
  2556 TIMA    165 GLU    HG1  HA2    assigned to QM atom   16 of element: H     1
  2557 TIMA    165 GLU    HG2  HA2    assigned to QM atom   17 of element: H     1
  2558 TIMA    165 GLU    CD   CC     assigned to QM atom   18 of element: C     6
  2559 TIMA    165 GLU    OE1  OC     assigned to QM atom   19 of element: O     8
  2560 TIMA    165 GLU    OE2  OC     assigned to QM atom   20 of element: O     8
  7575 DHA     249 DHAP   P    PG2    assigned to QM atom   21 of element: P    15
  7576 DHA     249 DHAP   O1P  OG303  assigned to QM atom   22 of element: O     8
  7577 DHA     249 DHAP   O2P  OG2P1  assigned to QM atom   23 of element: O     8
  7578 DHA     249 DHAP   O3P  OG2P1  assigned to QM atom   24 of element: O     8
  7579 DHA     249 DHAP   O4P  OG2P1  assigned to QM atom   25 of element: O     8
  7580 DHA     249 DHAP   C1   CG321  assigned to QM atom   26 of element: C     6
  7581 DHA     249 DHAP   H11  HGA2   assigned to QM atom   27 of element: H     1
  7582 DHA     249 DHAP   H12  HGA2   assigned to QM atom   28 of element: H     1
  7583 DHA     249 DHAP   C2   CG2O5  assigned to QM atom   29 of element: C     6
  7584 DHA     249 DHAP   O2   OG2D3  assigned to QM atom   30 of element: O     8
  7585 DHA     249 DHAP   C3   CG321  assigned to QM atom   31 of element: C     6
  7586 DHA     249 DHAP   O3   OG311  assigned to QM atom   32 of element: O     8
  7587 DHA     249 DHAP   HO3  HGP1   assigned to QM atom   33 of element: H     1
  7588 DHA     249 DHAP   H31  HGA2   assigned to QM atom   34 of element: H     1
  7589 DHA     249 DHAP   H32  HGA2   assigned to QM atom   35 of element: H     1
  number of QM atoms = 35
 
  QM charges retreived from rstfile.
 

Generate_LinkAtoms> QM-MM interface info. Link hydrogen is set between:
              [ QM atom ]             -             [ MM atom ]
  1435 TIMA     95 HSE    CB   CT2    -   1433 TIMA     95 HSE    CA   CT1   
                                          1431 TIMA     95 HSE    N    NH1    excluded
                                          1432 TIMA     95 HSE    HN   H      excluded
                                          1434 TIMA     95 HSE    HA   HB1    excluded
  2552 TIMA    165 GLU    CB   CT2A   -   2550 TIMA    165 GLU    CA   CT1   
                                          2548 TIMA    165 GLU    N    NH1    excluded
                                          2549 TIMA    165 GLU    HN   H      excluded
                                          2551 TIMA    165 GLU    HA   HB1    excluded

  number of link atoms           = 2
  number of external MM charges  = 37183


  Check the input file for QSimulate [ qsimulate.json ]
Setup_Enefunc_Cmap_Par> Natural spline is used to derive cmap coefs.

Setup_Enefunc_Table> Setup Variables for LookupTable
  num_solutes     =      37226  num_waters      =          0

Setup_Enefunc_Restraint> Setup restraint groups
 group =     1, "sid:DHA or (sid:TIMA and (rno:95 or rno:165) and          not (an:CA  | an:C   | an:O   | an:N | an:HN | an:HA))"
 # of atoms =    35
 atomlist: 
   1435   1436   1437   1438   1439   1440   1441   1442   1443   1444
   1445   2552   2553   2554   2555   2556   2557   2558   2559   2560
   7575   7576   7577   7578   7579   7580   7581   7582   7583   7584
   7585   7586   7587   7588   7589
 group =     2, "atomno:1900 or atomno:5687"
 # of atoms =     2
 atomlist: 
   1900   5687
 group =     3, "atomno:1442"
 # of atoms =     1
 atomlist: 
   1442
 group =     4, "atomno:1443"
 # of atoms =     1
 atomlist: 
   1443
 group =     5, "atomno:2559"
 # of atoms =     1
 atomlist: 
   2559
 group =     6, "atomno:2560"
 # of atoms =     1
 atomlist: 
   2560
 group =     7, "atomno:7583"
 # of atoms =     1
 atomlist: 
   7583
 group =     8, "atomno:7584"
 # of atoms =     1
 atomlist: 
   7584
 group =     9, "atomno:7585"
 # of atoms =     1
 atomlist: 
   7585
 group =    10, "atomno:7586"
 # of atoms =     1
 atomlist: 
   7586
 group =    11, "atomno:7587"
 # of atoms =     1
 atomlist: 
   7587
 group =    12, "atomno:7588"
 # of atoms =     1
 atomlist: 
   7588
 group =    13, "atomno:7589"
 # of atoms =     1
 atomlist: 
   7589
Setup_Enefunc_Restraint> Setup restraint functions
 func  =     1 kind  =     1
 const(total, x, y, z) =   10.000   1.000   1.000   1.000
 exponend of function =     2
 # of groups  =     1
 grouplist:   2

 func  =     2 kind  =     2
 const             =  100.000
 ref               =    1.558
 exponend of function =     2
 # of distances  =     1
 distancelist: 
 group = (  6, 12) weight =    1.000 exponent =     1

 func  =     3 kind  =     2
 const             =  100.000
 ref               =    1.165
 exponend of function =     2
 # of distances  =     1
 distancelist: 
 group = (  9, 12) weight =    1.000 exponent =     1

 func  =     4 kind  =     2
 const             =  100.000
 ref               =    2.038
 exponend of function =     2
 # of distances  =     1
 distancelist: 
 group = (  5, 11) weight =    1.000 exponent =     1

 func  =     5 kind  =     2
 const             =  100.000
 ref               =    1.828
 exponend of function =     2
 # of distances  =     1
 distancelist: 
 group = (  8,  4) weight =    1.000 exponent =     1

 func  =     6 kind  =     2
 const             =  100.000
 ref               =    2.727
 exponend of function =     2
 # of distances  =     1
 distancelist: 
 group = (  3, 11) weight =    1.000 exponent =     1

Define_Enefunc_CHARMM> Number of Interactions in Each Term
  bond_ene        =      37255  angle_ene       =      23717
  urey_ene        =       6639
  torsion_ene     =      23862  improper_ene    =       1285
  cmap_ene        =        494
  restraint_groups=         13  restraint_funcs =          6
 
Setup_Fitting_Atdyn> NO fitting is applied, skip
  fitting method  =  NO

Update_Num_Deg_Freedom> Number of degrees of freedom was updated
  num_deg_freedom =      82743 (After setup of fixed atoms at boundary)
 
Remove_Fixatm> Modified Interactions
  bond_ene        =      27610  angle_ene       =      20502
  urey_ene        =       6639
  torsion_ene     =      23862  improper_ene    =       1285
 
Setup_Constraints> The following atoms are excluded from SHAKE:
    1443    7587    7588    7589
Setup_Settle> Setup constraints for SETTLE
  num_unconsbonds =       7633      num_Settle  =       6659
  r0(O-H)         =     0.9572  mass(O)         =    15.9994
  r0(H-H)         =     1.5139  mass(H)         =     1.0080
 
Setup_Shake> Setup constrains for SHAKE and RATTLE
  num_unconsbonds =       3837  num_rigid_bonds =       3796
 
  num_qm_rigid_bonds =         10
 
Update_Num_Deg_Freedom> Number of degrees of freedom was updated
  num_deg_freedom =      62766 (After setup of SETTLE)
 
Update_Num_Deg_Freedom> Number of degrees of freedom was updated
  num_deg_freedom =      58960 (After setup of SHAKE/RATTLE)
 
[STEP4] Compute Single Point Energy for Molecules
 
            STEP            BOND           ANGLE    UREY-BRADLEY        DIHEDRAL        IMPROPER            CMAP         VDWAALS           ELECT    RESTRAINT001    RESTRAINT002    RESTRAINT003    RESTRAINT004    RESTRAINT005    RESTRAINT006    RESTR_CVS001    RESTR_CVS002    RESTR_CVS003    RESTR_CVS004    RESTR_CVS005    RESTR_CVS006              QM            SPOT
 --------------- --------------- --------------- --------------- ---------------
               0       1517.7325       3720.5338        465.2895       4470.3924        255.5232       -213.1186       7036.6992    -117016.3284          0.7287          1.1680          0.1040          0.0274          0.2413          0.1513          0.0000          1.6659          1.1327          2.0213          1.8771          2.6885    -906495.0228         14.8545

[STEP5] Perform Molecular Dynamics Simulation
 
INFO:       STEP            TIME       TOTAL_ENE   POTENTIAL_ENE     KINETIC_ENE            RMSG            BOND           ANGLE    UREY-BRADLEY        DIHEDRAL        IMPROPER            CMAP         VDWAALS           ELECT RESTRAINT_TOTAL    RESTRAINT001    RESTRAINT002    RESTRAINT003    RESTRAINT004    RESTRAINT005    RESTRAINT006    RESTR_CVS001    RESTR_CVS002    RESTR_CVS003    RESTR_CVS004    RESTR_CVS005    RESTR_CVS006     TEMPERATURE          VOLUME              QM            SPOT
 --------------- --------------- --------------- --------------- ---------------
INFO:         50          0.0250    -988491.2543   -1006283.9717      17792.7174         12.6138       1506.4412       3735.7769        471.3379       4482.2215        263.9766       -211.5474       7004.6103    -117049.5810          2.1096          2.0947          0.0015          0.0001          0.0112          0.0006          0.0016          0.0000          1.5540          1.1658          2.0273          1.8304          2.7314        303.7213          0.0000    -906489.3173         16.2547

INFO:        100          0.0500    -988519.9246   -1006164.9464      17645.0217         12.6294       1512.0521       3817.6483        471.3724       4488.0627        263.5498       -209.9460       7097.9788    -117142.1044          6.0169          3.8280          0.3782          0.2089          0.7642          0.1742          0.6635          0.0000          1.6193          1.2107          1.9505          1.7863          2.6459        301.2001          0.0000    -906469.5771         17.8967

INFO:        150          0.0750    -988556.8604   -1006174.0226      17617.1622         12.6177       1469.2555       3790.2960        477.3340       4488.6496        261.8051       -209.7169       7224.5988    -117216.6797          5.8046          5.1519          0.0214          0.4250          0.0002          0.1281          0.0781          0.0000          1.5724          1.0998          2.0365          1.8638          2.7554        300.7245          0.0000    -906465.3695         24.3017

INFO:        200          0.1000    -988500.9024   -1006206.0488      17705.1465         12.6666       1529.2861       3761.5876        483.1573       4497.0685        283.6395       -216.5424       7231.0244    -117318.7136          7.4770          5.4791          0.5747          0.1225          1.1781          0.0153          0.1074          0.0000          1.6336          1.2000          1.9294          1.8404          2.6946        302.2264          0.0000    -906464.0333         16.8841

INFO:        250          0.1250    -988466.7985   -1006307.9777      17841.1792         12.6448       1446.1813       3784.8495        469.3679       4513.1406        255.5217       -211.6033       7294.6672    -117394.4338          3.8568          3.5721          0.1722          0.0692          0.0014          0.0409          0.0010          0.0000          1.5163          1.1913          2.0342          1.8078          2.7243        304.5485          0.0000    -906469.5258         11.6799

INFO:        300          0.1500    -988516.6099   -1006300.6151      17784.0052         12.6529       1510.7013       3746.2084        473.5416       4490.2122        254.7755       -210.5790       7330.2391    -117429.0048          4.7369          2.6109          1.0408          0.0921          0.6401          0.0013          0.3516          0.0000          1.6598          1.1347          1.9579          1.8243          2.7867        303.5725          0.0000    -906471.4461         18.9867

INFO:        350          0.1750    -988551.4270   -1006163.5614      17612.1343         12.6371       1476.2913       3824.3568        485.9683       4493.2343        274.6946       -201.9855       7368.3835    -117431.5809          3.2403          2.3195          0.2914          0.0092          0.4085          0.0995          0.1120          0.0000          1.6118          1.1746          2.1018          1.8595          2.7609        300.6387          0.0000    -906456.1640         15.5770

INFO:        400          0.2000    -988550.4938   -1006329.2690      17778.7753         12.5856       1476.6796       3788.7044        475.2872       4451.5791        248.7376       -202.2087       7222.4138    -117350.1090          3.5068          2.3239          0.0447          0.0063          0.0569          0.6043          0.4708          0.0000          1.5789          1.1571          2.0140          1.9057          2.7960        303.4833          0.0000    -906443.8598         12.9949

INFO:        450          0.2250    -988610.4737   -1006213.9289      17603.4551         12.6095       1509.2954       3764.6135        472.3538       4511.3472        265.4268       -192.5290       7165.5285    -117243.2383          4.1365          2.5463          1.4265          0.0259          0.0326          0.0638          0.0413          0.0000          1.6772          1.1489          2.0560          1.8533          2.7477        300.4906          0.0000    -906470.8633          8.8130

INFO:        500          0.2500    -988568.6431   -1006168.8274      17600.1843         12.5817       1534.9322       3725.0313        469.0503       4494.0492        263.0045       -205.6060       7061.0541    -117057.9121          2.5137          2.3804          0.0147          0.0988          0.0001          0.0186          0.0012          0.0000          1.5457          1.1964          2.0388          1.8143          2.7240        300.4347          0.0000    -906454.9446         12.0303

INFO:        550          0.2750    -988585.2027   -1006096.1912      17510.9885         12.6182       1507.9455       3744.1090        476.2870       4464.9886        280.5160       -205.5326       7019.3270    -116939.8272          4.8285          3.7003          0.2736          0.0897          0.0447          0.1219          0.5982          0.0000          1.6101          1.1350          2.0168          1.8629          2.8047        298.9122          0.0000    -906448.8332         13.5211

INFO:        600          0.3000    -988570.4101   -1006249.0713      17678.6612         12.5622       1422.5058       3793.3260        471.9411       4484.8419        259.2858       -207.4623       6996.9675    -117005.9308          6.3634          4.5178          0.0400          0.0009          0.1292          1.3339          0.3417          0.0000          1.5778          1.1620          2.0020          1.7125          2.6689        301.7743          0.0000    -906470.9096         16.1829

INFO:        650          0.3250    -988514.8681   -1006145.5912      17630.7231         12.6002       1531.1480       3749.6968        478.2243       4506.8428        255.1829       -195.9700       7181.9295    -117184.0550          5.0666          3.6484          0.4906          0.0927          0.0077          0.0388          0.7885          0.0000          1.6278          1.1954          2.0467          1.8083          2.8162        300.9560          0.0000    -906473.6569         16.2046

INFO:        700          0.3500    -988575.1158   -1006395.0263      17819.9105         12.6682       1538.1393       3753.3065        474.7377       4487.4542        253.3393       -207.7915       7336.2678    -117576.3361          4.1984          3.2859          0.6615          0.1740          0.0622          0.0020          0.0128          0.0000          1.6391          1.1233          2.0130          1.8235          2.7387        304.1854          0.0000    -906458.3418         16.2548

INFO:        750          0.3750    -988572.5839   -1006357.2997      17784.7158         12.6915       1553.3752       3695.9553        488.9844       4506.5543        254.7617       -193.4312       7410.3172    -117588.6142          2.4837          2.1414          0.0027          0.0019          0.0002          0.1033          0.2342          0.0000          1.5526          1.1606          2.0392          1.8601          2.7758        303.5847          0.0000    -906487.6861         16.7108

INFO:        800          0.4000    -988589.3217   -1006360.5349      17771.2132         12.6561       1480.2661       3755.3575        474.3767       4490.0355        265.6490       -206.4294       7435.0713    -117584.7447          4.0386          1.6648          1.0978          0.0612          0.0234          0.8103          0.3812          0.0000          1.6626          1.1897          2.0532          1.9180          2.7891        303.3542          0.0000    -906474.1555         20.8217

INFO:        850          0.4250    -988624.3922   -1006333.4607      17709.0685         12.6680       1516.5512       3790.3247        469.4795       4488.8924        287.6580       -198.6549       7336.1466    -117554.2280          1.9287          1.4010          0.0832          0.0971          0.3286          0.0004          0.0184          0.0000          1.5866          1.1338          2.0952          1.8300          2.7410        302.2934          0.0000    -906471.5589          9.2578

INFO:        900          0.4500    -988659.1727   -1006339.8026      17680.6300         12.6977       1517.4376       3786.5221        466.5351       4481.2544        254.6739       -211.3081       7515.0274    -117667.6485          2.7251          1.2085          0.0614          0.0007          0.2112          0.0295          1.2139          0.0000          1.5826          1.1676          1.9919          1.8108          2.8376        301.8079          0.0000    -906485.0218         14.0969

INFO:        950          0.4750    -988628.7426   -1006262.7424      17633.9999         12.6625       1530.8413       3685.1967        472.8456       4489.1085        273.4667       -198.5505       7458.7538    -117496.3632          2.1861          0.5289          0.1408          0.0205          0.7160          0.7059          0.0739          0.0000          1.5953          1.1507          2.1225          1.7440          2.7546        301.0120          0.0000    -906480.2275         13.8159

INFO:       1000          0.5000    -988664.5079   -1006377.4750      17712.9671         12.6500       1509.1496       3705.1772        451.9157       4494.5260        256.4148       -221.9731       7325.0428    -117405.9742          2.6433          0.4607          0.3801          0.0030          1.5860          0.1810          0.0325          0.0000          1.6195          1.1595          1.9120          1.7855          2.7454        302.3599          0.0000    -906494.3970         17.4482

INFO:       1050          0.5250    -988669.4616   -1006344.5347      17675.0731         12.6808       1514.1310       3708.3347        481.9393       4506.4455        284.3581       -209.4090       7337.4496    -117493.9762          1.7830          0.7654          0.1597          0.0612          0.2826          0.2588          0.2552          0.0000          1.5978          1.1897          1.9847          1.8789          2.6769        301.7131          0.0000    -906475.5907         11.2650

INFO:       1100          0.5500    -988703.3356   -1006250.0292      17546.6936         12.6393       1508.1591       3782.2500        483.4511       4492.9560        278.5240       -200.2934       7369.4550    -117494.2408          2.7033          0.9897          1.2472          0.0619          0.0009          0.3763          0.0273          0.0000          1.6695          1.1401          2.0408          1.8893          2.7109        299.5216          0.0000    -906472.9934         11.1163

INFO:       1150          0.5750    -988735.4692   -1006309.6201      17574.1509         12.6877       1518.0734       3811.0971        476.7574       4497.3663        260.5596       -214.6668       7376.0723    -117558.5454          1.6274          1.2852          0.0849          0.0275          0.1108          0.0375          0.0814          0.0000          1.5869          1.1816          2.0046          1.8086          2.7559        299.9903          0.0000    -906477.9613         15.7537

INFO:       1200          0.6000    -988752.1577   -1006269.1056      17516.9479         12.6078       1526.9878       3788.1625        473.9992       4483.0598        260.7300       -212.4078       7346.5179    -117434.3306          2.2922          1.5257          0.6001          0.0004          0.0900          0.0203          0.0556          0.0000          1.6353          1.1670          2.0679          1.8422          2.7510        299.0139          0.0000    -906504.1166         13.3945

INFO:       1250          0.6250    -988746.2868   -1006416.4176      17670.1308         12.6828       1555.1282       3726.1701        485.4195       4463.3074        272.1069       -205.0677       7198.9856    -117427.4409          4.7244          2.1899          0.7806          0.1312          0.0071          1.0747          0.5408          0.0000          1.6462          1.1288          2.0463          1.9317          2.8009        301.6287          0.0000    -906489.7511         18.6254

INFO:       1300          0.6500    -988804.4352   -1006293.4445      17489.0093         12.6315       1523.6756       3659.3206        481.0391       4490.0973        265.5577       -198.3802       7253.8573    -117277.2003          2.6282          2.1754          0.0041          0.0111          0.0387          0.2867          0.1123          0.0000          1.5642          1.1755          2.0182          1.8815          2.7609        298.5370          0.0000    -906494.0396         18.5937

INFO:       1350          0.6750    -988785.3869   -1006367.1034      17581.7165         12.6463       1471.9626       3718.4392        472.5201       4491.5080        260.2725       -201.5795       7324.6802    -117404.8818          2.8125          1.6390          0.2901          0.0047          0.1925          0.6496          0.0366          0.0000          1.6117          1.1718          1.9940          1.7474          2.7465        300.1195          0.0000    -906502.8372         17.9392

INFO:       1400          0.7000    -988772.9829   -1006381.2169      17608.2340         12.6154       1491.3284       3795.1371        473.8299       4515.2330        267.5002       -192.0412       7202.0591    -117451.7513          1.6598          1.2635          0.0001          0.0126          0.3307          0.0018          0.0510          0.0000          1.5568          1.1538          1.9804          1.8237          2.7048        300.5721          0.0000    -906484.1718         17.6802

INFO:       1450          0.7250    -988789.7023   -1006197.3537      17407.6514         12.6880       1552.9054       3787.4576        486.3000       4504.7074        273.8325       -204.1547       7249.1217    -117380.2587          2.2745          0.7257          0.4859          0.0009          0.0006          0.3316          0.7297          0.0000          1.6275          1.1619          2.0355          1.8856          2.6420        297.1482          0.0000    -906469.5395         19.0416

INFO:       1500          0.7500    -988769.1790   -1006388.0946      17618.9156         12.6394       1511.1852       3718.2396        484.7911       4497.7765        260.6031       -211.8027       7307.6515    -117485.8772          1.9626          0.9770          0.6625          0.0512          0.1882          0.0299          0.0539          0.0000          1.6392          1.1424          1.9945          1.8453          2.7042        300.7545          0.0000    -906472.6244         16.0202

INFO:       1550          0.7750    -988743.5091   -1006227.0733      17483.5641         12.6667       1487.3434       3728.7727        466.5232       4515.9203        287.7401       -212.1749       7361.3790    -117380.7269          1.9344          1.5956          0.0030          0.0034          0.1025          0.1092          0.1208          0.0000          1.5633          1.1708          2.0059          1.7950          2.6926        298.4440          0.0000    -906483.7847         13.1706

INFO:       1600          0.8000    -988734.9612   -1006330.2757      17595.3145         12.6563       1506.0362       3712.8744        466.3693       4509.0037        259.1395       -215.8534       7370.5988    -117455.8730          1.4374          1.1951          0.0244          0.0020          0.1197          0.0954          0.0008          0.0000          1.5734          1.1605          2.0033          1.7971          2.7245        300.3516          0.0000    -906484.0085         15.3088

INFO:       1650          0.8250    -988732.4949   -1006281.6149      17549.1200         12.6361       1494.5244       3800.8874        479.9173       4516.7559        270.2565       -211.0847       7250.8271    -117417.6973          2.8033          0.9473          0.3687          0.0416          1.0771          0.3615          0.0072          0.0000          1.6185          1.1446          1.9341          1.8881          2.7359        299.5631          0.0000    -906468.8048         11.9028

INFO:       1700          0.8500    -988740.5748   -1006237.2123      17496.6375         12.6359       1473.0187       3808.5261        491.8039       4496.8187        262.0399       -223.8639       7254.7768    -117331.3257          1.9332          0.4757          0.6036          0.0771          0.7542          0.0045          0.0181          0.0000          1.6355          1.1928          1.9511          1.8347          2.7409        298.6672          0.0000    -906470.9403         19.5315

INFO:       1750          0.8750    -988696.8897   -1006199.0110      17502.1214         12.6388       1464.6694       3754.0598        479.1337       4500.6432        268.9963       -203.7441       7336.7233    -117341.2509          1.8614          0.6077          0.0375          0.0235          0.0072          0.6453          0.5401          0.0000          1.5772          1.1497          2.0294          1.9083          2.8009        298.7608          0.0000    -906460.1032         17.0069

INFO:       1800          0.9000    -988670.1939   -1006226.2382      17556.0444         12.6407       1478.3728       3755.2385        460.4544       4502.2757        260.4396       -206.1734       7271.9096    -117269.7563          1.9080          1.3684          0.2578          0.0421          0.0104          0.2141          0.0152          0.0000          1.6086          1.1445          2.0277          1.8743          2.7397        299.6813          0.0000    -906480.9071         21.4679

INFO:       1850          0.9250    -988699.9805   -1006371.8410      17671.8604         12.6979       1534.8959       3750.4227        476.8354       4455.0477        268.9639       -216.9850       7148.7334    -117354.1114          3.0579          2.1585          0.8351          0.0549          0.0003          0.0040          0.0051          0.0000          1.6492          1.1884          2.0363          1.8217          2.7345        301.6582          0.0000    -906438.7013         24.3846

INFO:       1900          0.9500    -988727.9404   -1006208.4935      17480.5531         12.6335       1564.2492       3734.9159        480.5670       4487.2955        244.2694       -197.1370       7144.4697    -117181.9257          3.2118          2.4995          0.3885          0.0109          0.0907          0.0109          0.2114          0.0000          1.6201          1.1546          2.0078          1.8176          2.6814        298.3926          0.0000    -906488.4093         15.9582

INFO:       1950          0.9750    -988739.7734   -1006371.8175      17632.0441         12.5887       1505.6797       3728.5851        463.8731       4496.8867        279.1132       -202.8539       7153.2469    -117331.2869          3.7739          2.7502          0.0067          0.0198          0.6023          0.0603          0.3347          0.0000          1.5496          1.1509          1.9603          1.8526          2.6695        300.9786          0.0000    -906468.8353         13.0448

INFO:       2000          1.0000    -988774.6765   -1006387.1950      17612.5186         12.6190       1495.2235       3700.3748        468.9585       4505.5018        265.7739       -202.0197       7192.5912    -117340.5903          3.9611          3.5123          0.0018          0.0459          0.2321          0.1502          0.0188          0.0000          1.5621          1.1436          1.9897          1.7892          2.7137        300.6453          0.0000    -906476.9696         15.9327

INFO:       2050          1.0250    -988697.0699   -1006193.1399      17496.0700         12.6951       1522.2341       3776.8981        490.8156       4522.1101        263.7291       -207.6859       7298.9315    -117391.6035          5.8367          3.3793          1.3119          0.0108          0.2513          0.1721          0.7113          0.0000          1.6723          1.1546          2.0880          1.7865          2.6431        298.6575          0.0000    -906474.4057         12.0267

INFO:       2100          1.0500    -988705.8515   -1006316.2988      17610.4472         12.6341       1478.1510       3775.8004        461.7075       4453.5854        262.5497       -213.5993       7243.0088    -117307.1441          6.6226          3.3054          0.2525          0.0007          2.4909          0.1345          0.4385          0.0000          1.5075          1.1623          1.8801          1.8647          2.6612        300.6099          0.0000    -906476.9808         15.5818

INFO:       2150          1.0750    -988712.5930   -1006252.4813      17539.8883         12.6492       1560.7814       3795.6865        488.5654       4451.8027        254.7962       -198.1177       7109.0683    -117248.3970          5.9427          3.5680          0.7088          0.0928          1.5299          0.0237          0.0195          0.0000          1.6420          1.1345          1.9142          1.8126          2.7134        299.4055          0.0000    -906472.6099         15.8282

INFO:       2200          1.1000    -988704.3964   -1006202.6530      17498.2566         12.6157       1544.7685       3786.4052        465.9742       4478.9799        253.1040       -194.5663       6962.5716    -117038.3527          5.5696          3.5491          1.4577          0.0034          0.1246          0.3894          0.0454          0.0000          1.6785          1.1709          2.0732          1.8904          2.7061        298.6948          0.0000    -906467.1070         18.3175

INFO:       2250          1.1250    -988745.2686   -1006311.5161      17566.2475         12.6065       1493.4911       3744.8589        465.5203       4481.8009        280.2455       -180.1879       6963.3971    -117084.4226          7.5879          3.0755          0.0278          0.0361          1.9125          2.3758          0.1603          0.0000          1.5745          1.1840          1.8996          1.9821          2.7674        299.8554          0.0000    -906483.8074         17.9971

INFO:       2300          1.1500    -988718.2887   -1006243.6102      17525.3215         12.5864       1533.7650       3722.9092        474.9268       4492.4955        271.5251       -189.2643       6903.7697    -116989.8445          4.9848          2.3150          2.0420          0.2302          0.1050          0.2908          0.0017          0.0000          1.7007          1.1170          2.0055          1.8819          2.7316        299.1568          0.0000    -906468.8775         13.1990

INFO:       2350          1.1750    -988669.5515   -1006284.7033      17615.1519         12.6226       1474.5731       3741.0126        470.0472       4517.4543        281.6840       -189.4932       7129.3094    -117229.7530          2.2367          1.6110          0.1989          0.0133          0.0907          0.0601          0.2626          0.0000          1.6024          1.1765          2.0078          1.8525          2.7786        300.6902          0.0000    -906481.7745         20.0685

INFO:       2400          1.2000    -988639.3590   -1006182.2066      17542.8476         12.6849       1520.8221       3779.9364        471.5828       4501.1351        244.5110       -178.6400       7192.0069    -117218.4726          1.8182          1.2112          0.0050          0.0670          0.2088          0.2226          0.1036          0.0000          1.5649          1.1391          1.9922          1.8752          2.6952        299.4560          0.0000    -906496.9066         18.7409

INFO:       2450          1.2250    -988625.0482   -1006242.3015      17617.2533         12.6837       1540.4473       3812.0525        476.9238       4528.0341        260.0661       -193.2936       7184.4822    -117392.4395          1.1739          0.4714          0.4704          0.0071          0.0237          0.0792          0.1223          0.0000          1.6264          1.1566          2.0533          1.8561          2.6924        300.7261          0.0000    -906459.7483         16.0131

INFO:       2500          1.2500    -988674.9868   -1006327.6400      17652.6531         12.7124       1598.3428       3723.7240        478.4670       4507.4022        284.0384       -198.6833       7264.9180    -117493.3296          1.9597          1.0334          0.1982          0.1886          0.2846          0.0350          0.2200          0.0000          1.6023          1.2084          1.9846          1.8467          2.6805        301.3304          0.0000    -906494.4792         17.9672

INFO:       2550          1.2750    -988692.3775   -1006353.3733      17660.9958         12.6475       1517.9104       3814.3040        471.3598       4506.7697        249.8162       -198.5089       7290.0252    -117531.3691          3.2567          1.0608          0.0465          0.3630          1.1371          0.1483          0.5010          0.0000          1.5794          1.1048          1.9313          1.7895          2.6566        301.4728          0.0000    -906476.9373         14.9857

INFO:       2600          1.3000    -988636.7947   -1006308.7611      17671.9664         12.6896       1496.6366       3759.2385        459.6933       4481.9036        275.6612       -180.7430       7399.0219    -117525.4852          2.1475          1.0066          0.3343          0.0176          0.5466          0.1637          0.0786          0.0000          1.6156          1.1783          1.9640          1.8685          2.6994        301.6600          0.0000    -906476.8355         12.2638

INFO:       2650          1.3250    -988605.2675   -1006312.7237      17707.4562         12.6177       1475.3247       3731.4248        470.2538       4541.8448        260.1956       -190.2486       7372.7099    -117494.3963          3.1945          1.5482          0.2732          0.1179          0.5801          0.5073          0.1678          0.0000          1.6101          1.1993          2.1141          1.8992          2.6864        302.2659          0.0000    -906483.0269         11.7176

INFO:       2700          1.3500    -988605.6861   -1006263.0111      17657.3250         12.6974       1533.2084       3751.7591        465.3655       4515.5682        280.1036       -204.2989       7278.1981    -117418.1518          2.9441          1.8346          0.1806          0.1713          0.2140          0.3059          0.2377          0.0000          1.6003          1.1236          1.9916          1.8833          2.7762        301.4101          0.0000    -906467.7074         12.5618

INFO:       2750          1.3750    -988648.2275   -1006281.5121      17633.2846         12.5936       1510.9707       3736.8958        461.9743       4496.9930        267.7377       -198.5877       7235.2029    -117335.1909          2.0857          1.7342          0.0484          0.0572          0.0449          0.1194          0.0815          0.0000          1.5798          1.1889          2.0591          1.8626          2.7560        300.9997          0.0000    -906459.5936         14.3800

INFO:       2800          1.4000    -988669.2346   -1006355.8213      17686.5867         12.6338       1523.7836       3768.2586        477.6324       4507.6427        277.4909       -194.7412       7257.4020    -117491.7373          2.3026          1.2912          0.4099          0.0039          0.0815          0.2188          0.2973          0.0000          1.6218          1.1712          2.0094          1.8748          2.7819        301.9096          0.0000    -906483.8555         13.2877

INFO:       2850          1.4250    -988710.7404   -1006448.3179      17737.5775         12.6280       1561.4448       3699.1147        469.3699       4511.2465        265.0590       -200.8464       7292.1457    -117574.7335          1.6273          0.5780          0.3648          0.0961          0.5175          0.0226          0.0483          0.0000          1.6182          1.1340          1.9660          1.8130          2.7494        302.7800          0.0000    -906472.7460         18.2823

INFO:       2900          1.4500    -988679.9336   -1006357.5760      17677.6424         12.6228       1516.3788       3839.8370        496.0935       4512.1797        265.4923       -193.4602       7357.0824    -117684.9408          1.2159          1.0187          0.1195          0.0527          0.0042          0.0203          0.0006          0.0000          1.5924          1.1879          2.0443          1.8138          2.7250        301.7569          0.0000    -906467.4544         19.0364

INFO:       2950          1.4750    -988676.5083   -1006325.5644      17649.0562         12.6500       1543.9010       3778.9723        482.0526       4489.0529        253.9813       -177.0506       7498.1870    -117735.9556          4.7806          0.5807          2.9712          0.0282          1.1180          0.0576          0.0248          0.0000          1.7302          1.1818          2.1436          1.8520          2.7432        301.2690          0.0000    -906463.4858         11.7924

INFO:       3000          1.5000    -988720.4945   -1006377.3290      17656.8345         12.6815       1523.1887       3763.1730        470.3302       4514.3084        248.5513       -184.1564       7498.3023    -117741.2874          1.7871          0.9165          0.0180          0.1166          0.0000          0.3320          0.4040          0.0000          1.5444          1.1308          2.0374          1.8856          2.7910        301.4017          0.0000    -906471.5262         18.8134

INFO:       3050          1.5250    -988676.7647   -1006295.6710      17618.9062         12.6246       1494.6484       3754.4091        476.2629       4478.2197        268.4446       -162.3317       7437.6247    -117606.1728          0.9853          0.7356          0.0814          0.0057          0.0445          0.1054          0.0128          0.0000          1.5293          1.1725          2.0168          1.8605          2.7387        300.7543          0.0000    -906437.7614         15.4792

INFO:       3100          1.5500    -988657.3264   -1006302.2354      17644.9090         12.6458       1492.1485       3818.5599        470.3443       4528.5937        255.7319       -172.0800       7263.7410    -117500.9205          2.2111          0.6015          1.4513          0.0002          0.0162          0.1338          0.0079          0.0000          1.6783          1.1635          2.0506          1.7914          2.7185        301.1982          0.0000    -906460.5653         10.1104

INFO:       3150          1.5750    -988750.7461   -1006240.1414      17489.3953         12.6399       1472.5084       3808.5335        471.6189       4496.8430        286.2710       -191.2872       7328.2262    -117453.3767          2.9700          1.7072          0.3945          0.0092          0.6393          0.1944          0.0254          0.0000          1.6206          1.1554          1.9579          1.8721          2.7115        298.5436          0.0000    -906462.4487         14.4133

INFO:       3200          1.6000    -988695.9784   -1006203.5553      17507.5769         12.6463       1489.8064       3827.2606        451.8085       4509.1391        276.3438       -195.5043       7358.9809    -117448.6643          4.0375          3.0682          0.3904          0.0014          0.2437          0.0527          0.2811          0.0000          1.4953          1.1612          1.9885          1.8051          2.6744        298.8539          0.0000    -906476.7636         15.9900

INFO:       3250          1.6250    -988707.3237   -1006233.0700      17525.7463         12.6224       1560.3564       3779.7016        466.5344       4533.7684        271.2523       -198.1969       7199.7883    -117378.9949          7.3352          3.3396          2.4102          0.0004          0.6368          0.0707          0.8775          0.0000          1.7130          1.1631          2.1177          1.8546          2.8211        299.1641          0.0000    -906474.6149         10.9677

INFO:       3300          1.6500    -988710.1857   -1006300.9377      17590.7520         12.6115       1458.7270       3761.3899        457.9909       4524.4251        256.2385       -193.2785       7300.1554    -117414.3553          2.9378          2.1475          0.1334          0.0196          0.0810          0.5030          0.0533          0.0000          1.5943          1.1510          2.0094          1.8989          2.7505        300.2737          0.0000    -906455.1682         19.3615

INFO:       3350          1.6750    -988726.0971   -1006318.6849      17592.5879         12.6005       1501.4447       3696.3487        479.7098       4519.4804        257.7433       -193.6449       7256.8079    -117375.9063          1.7138          1.5102          0.0129          0.0783          0.0403          0.0083          0.0639          0.0000          1.5465          1.1930          2.0178          1.8189          2.7527        300.3051          0.0000    -906462.3824         13.2380

INFO:       3400          1.7000    -988692.6797   -1006177.6139      17484.9342         12.6461       1506.6776       3726.7933        467.5025       4525.6329        263.1273       -196.6610       7251.8691    -117266.4145          6.0119          1.6097          2.5987          0.0134          1.3593          0.0568          0.3740          0.0000          1.7190          1.1534          2.1545          1.8518          2.7886        298.4674          0.0000    -906462.1530         12.4861

INFO:       3450          1.7250    -988649.3339   -1006427.1980      17777.8641         12.6168       1501.5182       3754.5766        467.7056       4491.5952        261.4895       -200.3502       7200.8084    -117459.3410          3.0827          1.3670          0.0364          0.0056          0.9077          0.7027          0.0632          0.0000          1.5769          1.1575          1.9426          1.9118          2.7023        303.4677          0.0000    -906448.2830         11.9396

INFO:       3500          1.7500    -988701.7341   -1006254.8261      17553.0920         12.6348       1537.6354       3792.5906        471.1712       4508.9823        285.4333       -191.6098       7157.8955    -117355.0196          1.3828          1.1006          0.0395          0.0139          0.1104          0.1177          0.0006          0.0000          1.5379          1.1768          2.0047          1.8623          2.7299        299.6309          0.0000    -906463.2877         13.6259

INFO:       3550          1.7750    -988691.6430   -1006245.9196      17554.2766         12.6733       1506.7536       3806.4153        452.7207       4496.1231        275.8445       -202.7595       7209.9584    -117328.9896          1.7469          1.2807          0.1771          0.0743          0.0697          0.0928          0.0523          0.0000          1.5999          1.1377          2.0643          1.7975          2.7503        299.6511          0.0000    -906463.7329         12.1916

INFO:       3600          1.8000    -988675.0191   -1006328.5443      17653.5252         12.5852       1511.8095       3715.4349        459.4143       4508.5193        262.1751       -199.1863       7224.5023    -117367.7735          2.9370          1.3703          0.5930          0.0048          0.5133          0.1867          0.2689          0.0000          1.6348          1.1719          1.9663          1.8712          2.6755        301.3453          0.0000    -906446.3769         14.0767

INFO:       3650          1.8250    -988711.2426   -1006317.1805      17605.9379         12.5899       1539.0503       3699.7996        481.8514       4501.3952        252.6991       -205.2878       7261.6873    -117392.3155          3.1499          2.1763          0.0001          0.0820          0.7756          0.1154          0.0004          0.0000          1.5567          1.1364          1.9498          1.8620          2.7294        300.5329          0.0000    -906459.2100         12.1692

INFO:       3700          1.8500    -988697.4815   -1006219.6569      17522.1755         12.6288       1508.8216       3817.6072        471.8892       4484.7997        280.6376       -203.9319       7282.7223    -117430.5700          4.4671          2.3092          1.2412          0.0001          0.2341          0.6792          0.0034          0.0000          1.6692          1.1659          1.9895          1.9104          2.7216        299.1031          0.0000    -906436.0998         17.1261

INFO:       3750          1.8750    -988688.6325   -1006313.9172      17625.2846         12.6095       1486.4346       3781.1812        477.5489       4520.4370        259.3281       -211.1270       7234.7064    -117396.9263          3.2142          2.2017          0.1223          0.0211          0.0171          0.6722          0.1798          0.0000          1.5928          1.1795          2.0248          1.9100          2.7698        300.8632          0.0000    -906468.7141         14.1462

INFO:       3800          1.9000    -988696.2274   -1006257.9679      17561.7405         12.6843       1493.8819       3780.9919        468.5336       4516.1065        281.4848       -211.3274       7086.7758    -117222.6424          3.0479          1.7620          0.0008          0.0014          1.1159          0.1596          0.0083          0.0000          1.5550          1.1612          1.9323          1.8679          2.7365        299.7785          0.0000    -906454.8205         14.2540

INFO:       3850          1.9250    -988691.3114   -1006219.8048      17528.4934         12.6507       1505.7991       3765.6786        477.1438       4503.7007        257.7340       -196.2857       7200.3876    -117275.3746          3.3312          2.0674          0.8108          0.0170          0.1505          0.2675          0.0179          0.0000          1.6478          1.1520          2.0767          1.8797          2.7140        299.2110          0.0000    -906461.9195         22.4914

INFO:       3900          1.9500    -988681.3580   -1006195.6932      17514.3351         12.6365       1552.8246       3824.2942        466.3484       4524.8407        280.9268       -190.3792       7295.0553    -117502.2406          2.7327          1.7501          0.1997          0.0274          0.5080          0.2366          0.0108          0.0000          1.6025          1.1816          1.9666          1.8766          2.7170        298.9693          0.0000    -906450.0962         17.0738

INFO:       3950          1.9750    -988627.4395   -1006194.4785      17567.0390         12.6365       1561.6813       3757.5562        468.2904       4518.3315        277.5625       -173.9852       7293.0490    -117432.1771          2.6918          1.8570          0.0915          0.0105          0.1114          0.0495          0.5718          0.0000          1.5880          1.1547          2.0045          1.8502          2.6518        299.8689          0.0000    -906467.4791         15.0331

INFO:       4000          2.0000    -988661.5421   -1006203.3911      17541.8490         12.6838       1537.8641       3703.3327        472.0986       4512.1694        272.4707       -195.5557       7195.9706    -117240.8996          4.0626          1.8126          0.4234          0.0623          0.9225          0.1825          0.6593          0.0000          1.6229          1.1400          1.9419          1.8707          2.6462        299.4389          0.0000    -906464.9044         12.3160

 
[STEP6] Deallocate Arrays
 
Output_Time> Averaged timer profile (Min, Max)
  total time      =   27923.060
    setup         =      12.693
    dynamics      =   27910.368
      energy      =   27907.930
      integrator  =       8.327
      pairlist    =       4.888 (       4.211,       5.175)
  energy           
    bond          =       0.047 (       0.039,       0.069)
    angle         =       0.134 (       0.130,       0.140)
    dihedral      =       0.416 (       0.347,       0.520)
    nonbond       =      37.119 (      36.543,      37.608)
      pme real    =      37.118 (      36.542,      37.607)
      pme recip   =       0.000 (       0.000,       0.000)
    solvation     =       0.000 (       0.000,       0.000)
      polar       =       0.000 (       0.000,       0.000)
      non-polar   =       0.000 (       0.000,       0.000)
    restraint     =       0.050 (       0.019,       0.140)
    qmmm          =   27859.186 (   27857.679,   27859.729)
  integrator       
    constraint    =       4.647 (       4.547,       4.752)
    update        =       0.000 (       0.000,       0.000)
    comm_coord    =       0.000 (       0.000,       0.000)
    comm_force    =       0.000 (       0.000,       0.000)
    comm_migrate  =       0.000 (       0.000,       0.000)

Note: The following floating-point exceptions are signalling: IEEE_DIVIDE_BY_ZERO IEEE_UNDERFLOW_FLAG IEEE_DENORMAL
Note: The following floating-point exceptions are signalling: IEEE_DIVIDE_BY_ZERO IEEE_UNDERFLOW_FLAG IEEE_DENORMAL
Note: The following floating-point exceptions are signalling: IEEE_DIVIDE_BY_ZERO IEEE_UNDERFLOW_FLAG IEEE_DENORMAL
Note: The following floating-point exceptions are signalling: IEEE_DIVIDE_BY_ZERO IEEE_UNDERFLOW_FLAG IEEE_DENORMAL
Note: The following floating-point exceptions are signalling: IEEE_DIVIDE_BY_ZERO IEEE_UNDERFLOW_FLAG IEEE_DENORMAL
Note: The following floating-point exceptions are signalling: IEEE_DIVIDE_BY_ZERO IEEE_UNDERFLOW_FLAG IEEE_DENORMAL
Note: The following floating-point exceptions are signalling: IEEE_DIVIDE_BY_ZERO IEEE_UNDERFLOW_FLAG IEEE_DENORMAL
Note: The following floating-point exceptions are signalling: IEEE_DIVIDE_BY_ZERO IEEE_UNDERFLOW_FLAG IEEE_DENORMALNote: The following floating-point exceptions are signalling: IEEE_DIVIDE_BY_ZERO IEEE_UNDERFLOW_FLAG IEEE_DENORMAL
Note: The following floating-point exceptions are signalling: IEEE_DIVIDE_BY_ZERO IEEE_UNDERFLOW_FLAG IEEE_DENORMAL

Note: The following floating-point exceptions are signalling: IEEE_DIVIDE_BY_ZERO IEEE_UNDERFLOW_FLAG IEEE_DENORMAL
Note: The following floating-point exceptions are signalling: IEEE_DIVIDE_BY_ZERO IEEE_UNDERFLOW_FLAG IEEE_DENORMAL
Note: The following floating-point exceptions are signalling: IEEE_DIVIDE_BY_ZERO IEEE_UNDERFLOW_FLAG IEEE_DENORMAL
Note: The following floating-point exceptions are signalling: IEEE_DIVIDE_BY_ZERO IEEE_UNDERFLOW_FLAG IEEE_DENORMAL
Note: The following floating-point exceptions are signalling: IEEE_DIVIDE_BY_ZERO IEEE_UNDERFLOW_FLAG IEEE_DENORMAL
Note: The following floating-point exceptions are signalling: IEEE_DIVIDE_BY_ZERO IEEE_UNDERFLOW_FLAG IEEE_DENORMAL
Note: The following floating-point exceptions are signalling: IEEE_DIVIDE_BY_ZERO IEEE_UNDERFLOW_FLAG IEEE_DENORMAL
Note: The following floating-point exceptions are signalling: IEEE_INVALID_FLAG IEEE_DIVIDE_BY_ZERO IEEE_UNDERFLOW_FLAG IEEE_DENORMAL
Note: The following floating-point exceptions are signalling: IEEE_DIVIDE_BY_ZERO IEEE_UNDERFLOW_FLAG IEEE_DENORMAL
Note: The following floating-point exceptions are signalling: IEEE_DIVIDE_BY_ZERO IEEE_UNDERFLOW_FLAG IEEE_DENORMAL
Note: The following floating-point exceptions are signalling: IEEE_DIVIDE_BY_ZERO IEEE_UNDERFLOW_FLAG IEEE_DENORMAL
Note: The following floating-point exceptions are signalling: IEEE_DIVIDE_BY_ZERO IEEE_UNDERFLOW_FLAG IEEE_DENORMAL
Note: The following floating-point exceptions are signalling: IEEE_DIVIDE_BY_ZERO IEEE_UNDERFLOW_FLAG IEEE_DENORMAL
Note: The following floating-point exceptions are signalling: IEEE_DIVIDE_BY_ZERO IEEE_UNDERFLOW_FLAG IEEE_DENORMAL
Note: The following floating-point exceptions are signalling: IEEE_DIVIDE_BY_ZERO IEEE_UNDERFLOW_FLAG IEEE_DENORMAL
Note: The following floating-point exceptions are signalling: IEEE_DIVIDE_BY_ZERO IEEE_UNDERFLOW_FLAG IEEE_DENORMAL
Note: The following floating-point exceptions are signalling: IEEE_DIVIDE_BY_ZERO IEEE_UNDERFLOW_FLAG IEEE_DENORMAL
Note: The following floating-point exceptions are signalling: IEEE_DIVIDE_BY_ZERO IEEE_UNDERFLOW_FLAG IEEE_DENORMAL
Note: The following floating-point exceptions are signalling: IEEE_DIVIDE_BY_ZERO IEEE_UNDERFLOW_FLAG IEEE_DENORMAL
Note: The following floating-point exceptions are signalling: IEEE_DIVIDE_BY_ZERO IEEE_UNDERFLOW_FLAG IEEE_DENORMAL
Note: The following floating-point exceptions are signalling: IEEE_DIVIDE_BY_ZERO IEEE_UNDERFLOW_FLAG IEEE_DENORMAL
Note: The following floating-point exceptions are signalling: IEEE_DIVIDE_BY_ZERO IEEE_UNDERFLOW_FLAG IEEE_DENORMAL
