(10.0.18.20:0,1,2,3,4,5,6,7)
(10.0.18.21:8,9,10,11,12,13,14,15)
(10.0.18.22:16,17,18,19,20,21,22,23)
(10.0.18.23:24,25,26,27,28,29,30,31)

[0] MPI startup(): libfabric version: 1.7.2a-impi
[0] MPI startup(): libfabric provider: psm2
[0] MPI startup(): Rank    Pid      Node name    Pin cpu
[0] MPI startup(): 0       183616   cx1176.obcx  {0,1,2,3,4,5,6}
[0] MPI startup(): 1       183617   cx1176.obcx  {7,8,9,10,11,12,13}
[0] MPI startup(): 2       183618   cx1176.obcx  {14,15,16,17,18,19,20}
[0] MPI startup(): 3       183619   cx1176.obcx  {21,22,23,24,25,26,27}
[0] MPI startup(): 4       183620   cx1176.obcx  {28,29,30,31,32,33,34}
[0] MPI startup(): 5       183621   cx1176.obcx  {35,36,37,38,39,40,41}
[0] MPI startup(): 6       183622   cx1176.obcx  {42,43,44,45,46,47,48}
[0] MPI startup(): 7       183623   cx1176.obcx  {49,50,51,52,53,54,55}
[0] MPI startup(): 8       174735   cx1177.obcx  {0,1,2,3,4,5,6}
[0] MPI startup(): 9       174736   cx1177.obcx  {7,8,9,10,11,12,13}
[0] MPI startup(): 10      174737   cx1177.obcx  {14,15,16,17,18,19,20}
[0] MPI startup(): 11      174738   cx1177.obcx  {21,22,23,24,25,26,27}
[0] MPI startup(): 12      174739   cx1177.obcx  {28,29,30,31,32,33,34}
[0] MPI startup(): 13      174740   cx1177.obcx  {35,36,37,38,39,40,41}
[0] MPI startup(): 14      174741   cx1177.obcx  {42,43,44,45,46,47,48}
[0] MPI startup(): 15      174742   cx1177.obcx  {49,50,51,52,53,54,55}
[0] MPI startup(): 16      766      cx1178.obcx  {0,1,2,3,4,5,6}
[0] MPI startup(): 17      767      cx1178.obcx  {7,8,9,10,11,12,13}
[0] MPI startup(): 18      768      cx1178.obcx  {14,15,16,17,18,19,20}
[0] MPI startup(): 19      769      cx1178.obcx  {21,22,23,24,25,26,27}
[0] MPI startup(): 20      770      cx1178.obcx  {28,29,30,31,32,33,34}
[0] MPI startup(): 21      771      cx1178.obcx  {35,36,37,38,39,40,41}
[0] MPI startup(): 22      772      cx1178.obcx  {42,43,44,45,46,47,48}
[0] MPI startup(): 23      773      cx1178.obcx  {49,50,51,52,53,54,55}
[0] MPI startup(): 24      2955     cx1179.obcx  {0,1,2,3,4,5,6}
[0] MPI startup(): 25      2956     cx1179.obcx  {7,8,9,10,11,12,13}
[0] MPI startup(): 26      2957     cx1179.obcx  {14,15,16,17,18,19,20}
[0] MPI startup(): 27      2958     cx1179.obcx  {21,22,23,24,25,26,27}
[0] MPI startup(): 28      2959     cx1179.obcx  {28,29,30,31,32,33,34}
[0] MPI startup(): 29      2960     cx1179.obcx  {35,36,37,38,39,40,41}
[0] MPI startup(): 30      2961     cx1179.obcx  {42,43,44,45,46,47,48}
[0] MPI startup(): 31      2962     cx1179.obcx  {49,50,51,52,53,54,55}
[0] MPI startup(): I_MPI_OFI_LIBRARY_INTERNAL=1
[0] MPI startup(): I_MPI_ROOT=/work/opt/local/cores/intel/impi/2019.5.281
[0] MPI startup(): I_MPI_HYDRA_BOOTSTRAP_EXEC=/usr/local/bin/pjrsh4calc
[0] MPI startup(): I_MPI_HYDRA_BOOTSTRAP_AUTOFORK=0
[0] MPI startup(): I_MPI_HYDRA_TOPOLIB=hwloc
[0] MPI startup(): I_MPI_HYDRA_HOST_FILE=/work/00/hp200098/o30000/tim/tim5/b3lypD3.rpath1/4.equil2_ob/.d0000793846_nodeinfo
[0] MPI startup(): I_MPI_PERHOST=8
[0] MPI startup(): I_MPI_INTERNAL_MEM_POLICY=default
[0] MPI startup(): I_MPI_DEBUG=5
****************************************************
*                                                  *
*                  GENESIS ATDYN                   *
*                                                  *
*        A Molecular Dynamics Simulator with       *
*            Atomic Decomposition Scheme           *
*                                                  *
*               Developed by RIKEN                 *
*                                                  *
****************************************************
 
[STEP0] Architecture and Compiler Information
 
GENESIS_Information> GENESIS Information
  version      = 1.6.0
  commit ID    = $GENESIS_VERSION$
  precision    = double
  nonbonding   = CPU

Build_Information> Compiler Information
  build host   = o30000@obcx03.obcx
  fortran      = GNU Fortran (GCC) 7.5.0
  option       = -O3 -ffast-math -march=native -ffree-line-length-none -fopenmp 
  C            = gcc (GCC) 7.5.0
  option       = -O3 -ffast-math -march=native -fopenmp
  defined var. =  -DMPI -DOMP -DFFTE -DLAPACK -DDSFMT_MEXP=19937 -D__GFORTRAN__
  link option  = -L/work/hp200098/share/local/lib -fopenmp -lmkl_scalapack_lp64 -lmkl_blacs_intelmpi_lp64 -lmkl_intel_lp64 -lmkl_intel_thread -lmkl_core -liomp5 -lpthread -lm 

Runtime_Information> Machine and Library Information
  date       = 2021/02/05 18:01:21
  cpu model    = Intel(R) Xeon(R) Platinum 8280 CPU @ 2.70GHz
  exec. host   = o30000@cx1176.obcx
  LD library   = /work/hp200098/share/local/lib:/work/opt/local/cores/intel/compilers_and_libraries_2019.5.281/linux/tbb/lib/intel64_lin/gcc4.7:/work/opt/local/cores/intel/compilers_and_libraries_2019.5.281/linux/compiler/lib/intel64_lin:/work/opt/local/cores/intel/compilers_and_libraries_2019.5.281/linux/mkl/lib/intel64_lin:/work/opt/local/cores/intel/impi/2019.5.281/intel64/libfabric/lib:/work/opt/local/cores/intel/impi/2019.5.281/intel64/lib/release:/work/opt/local/cores/intel/impi/2019.5.281/intel64/lib:/work/opt/local/cores/gcc/7.5.0/lib64

[STEP1] Read Control Parameters
 
Read_Ctrl_Input> Input Files
  topfile = toppar/top_all36_prot.rtf, toppar/top_all36_cgenff.rtf
  parfile = toppar/par_all36_prot.prm, toppar/par_all36_cgenff.prm
  strfile = toppar/toppar_water_ions.str, toppar/toppar_dhap.3.str
  psffile = ../../2.equil/step4_nvt_100.psf
  pdbfile = ../../2.equil/step4_nvt_100.pdb
  rstfile = ../3.equil1/equil1_21.rst
  reffile = ../../2.equil/step4_nvt_100.pdb
 
Read_Ctrl_Output> Output Files
  dcdfile    = equil2_21.dcd
  rstfile    = equil2_21.rst
 
Read_Ctrl_Energy> Parameters of Energy Calculations
  forcefield      =     CHARMM
  switchdist      =     16.000  cutoffdist      =     18.000
  pairlistdist    =     19.500  dielec_const    =      1.000
  vdW force_switch=        yes
  electrostatic   =  CUTOFF
  implicit_solvent=       none
  table_order     =          3
  table_density   =     20.000
  water_model     =       NONE
  output_style    =    GENESIS
  dispersion_corr =       none
  nonb_limiter    =      no
 
Read_Ctrl_Dynamics> Parameters of MD simulation
  integrator      =       VVER  nsteps          =       4000
  timestep        =     0.0005  initial_time    =     0.0000
  eneout_period   =         50  rstout_period   =         50
  crdout_period   =         50  velout_period   =          0
  nbupdate_period =         10  stoptr_period   =         10
  iseed           =   20190319
  annealing       =         no
  verbose         =         no
  target_md       =         no
  steered_md      =         no
  esp_mm          =         no
 
Read_Ctrl_Constraints> Parameters for Constraints
  rigid_bond      =        yes
  shake_iteration =        500  shake_tolerance =  0.100E-09
  fast_water      =        yes  water_model     =       TIP3
  hydrogen_type   =  name|mass
  noshake_index   = 4  11  12  13
  fixatm_select_index        =       none
 
Read_Ctrl_Ensemble> Parameters for Ensemble
  ensemble        =        NVT
  temperature     =    300.000
  tpcontrol       =      BUSSI
  tau_t           =      0.500
 
Read_Ctrl_Boundary> Parameters of Boundary Condition
  type            =       NOBC
  spherical_pot   =        yes  restart         =          T
  center_info     =       read  modify_ratio    =      1.000
  constant        =     10.000  exponent        =          2
  fixatom         =          T  fix_layer       =      1.000
 
Read_Ctrl_Selection> Parameters of Selection
  # of groups     =         13
    group 1 = sid:DHA or (sid:TIMA and (rno:95 or rno:165) and          not (an:CA  | an:C   | an:O   | an:N | an:HN | an:HA))
    group 2 = atomno:1900 or atomno:5687
    group 3 = atomno:1442
    group 4 = atomno:1443
    group 5 = atomno:2559
    group 6 = atomno:2560
    group 7 = atomno:7583
    group 8 = atomno:7584
    group 9 = atomno:7585
    group 10 = atomno:7586
    group 11 = atomno:7587
    group 12 = atomno:7588
    group 13 = atomno:7589
  # of mole names =          0
 
Read_Ctrl_Restraints> Parameters of Restraint
  numfunc         =   6
  function1 = POSI     
    direction     = ALL 
    constant      = 10.0
    reference     = 
    select_index  = 2
    mode          =   0
    exponent      =   2
    exponent_dist = 
    weight_dist   = 

  function2 = DIST     
    constant      = 100.0
    reference     = 1.0160
    select_index  = 6  12
    mode          =   0
    exponent      =   2
    exponent_dist = 
    weight_dist   = 

  function3 = DIST     
    constant      = 100.0
    reference     = 1.8780
    select_index  = 9  12
    mode          =   0
    exponent      =   2
    exponent_dist = 
    weight_dist   = 

  function4 = DIST     
    constant      = 100.0
    reference     = 2.2540
    select_index  = 5  11
    mode          =   0
    exponent      =   2
    exponent_dist = 
    weight_dist   = 

  function5 = DIST     
    constant      = 100.0
    reference     = 1.6650
    select_index  = 8   4
    mode          =   0
    exponent      =   2
    exponent_dist = 
    weight_dist   = 

  function6 = DIST     
    constant      = 100.0
    reference     = 2.6750
    select_index  = 3  11
    mode          =   0
    exponent      =   2
    exponent_dist = 
    weight_dist   = 

  pressure_position   = NO
  pressure_rmsd     = NO

Read_Ctrl_Fitting_MD> Parameters of Fitting
  fitting method  =  TR+ROT   
  fitting atom    = group1
  mass_weight     =         no
 
Read_Ctrl_QMMM> Parameters of QM/MM
  qmtyp              = qsimulate
  qmcnt              = qsimulate.json
  qmexe              = 
  workdir            = equil2_21
  savedir            = none
  basename           = job
  qmsave_period      = 500
  qmmaxtrial         = 1
  qmatm_select_index = 1
  exclude_charge     = GROUP
 
[STEP2] Setup MPI
 
Setup_Mpi_Md> Summary of Setup MPI
  number of MPI processes   =         32
  number of OpenMP threads  =          7
  total number of CPU cores =        224

[STEP3] Set Relevant Variables and Structures
 
Input_Top> Summary of Topfile
  num_atom_class  =        212  num_resi_type   =        685
 
Input_Par> Summary of Parfile
  num_bonds       =        658  num_angles      =       2003
  num_dihedrals   =       4838  num_impropers   =        163
  num_atom_cls    =        212  num_nbfix       =         75
  num_cmap_terms  =          6
 
Input_Str> Summary of Top information
  num_atom_class  =        227  num_resi_type   =        700
 
Input_Str> Summary of Par information
  num_bonds       =        663  num_angles      =       2006
  num_dihedrals   =       4850  num_impropers   =        163
  num_atom_cls    =        227  num_nbfix       =         90
  num_cmap_terms  =          6
 
Read_Psf> Summary of Psffile
  psftype         =      xplor
  num_atoms       =      37226  num_bonds       =      37288
  num_angles      =      23768  num_dihedrals   =      20268
  num_impropers   =       1292  num_cmap_terms  =        494
  num_HB_donors   =      20596  num_HB_acceptors=      10610
  num_NB_exclusion=          0  num_groups      =      12168
  total_charge    =    -10.000
 
Check_Pdb> 6-column residue sequence number
 
Read_Pdb> Summary of Data in PDB file
  num_atoms       =      37226
 
Read_Rst_Binary> Summary of RST file
  num_atoms       =      37226  iseed           =   20190319
  boxsize (x,y,z) =      0.000     0.000     0.000
  spherical_pot     =      yes
  nfunctions                 2  num_fixatm              9645
  num_of_qm_charge          35

Define_Molecule> Summary of molecules
  num_atoms       =      37226  num_bonds       =      37288
  num_angles      =      23768  num_dihedrals   =      20268
  num_impropers   =       1292  num_cmap_terms  =        494
  num_residues    =      10370  num_molecules   =       9878
  num_segments    =          6  num_deg_freedom =     111678
  total_charge    =    -10.000
 
Setup_Boundary> Setup Variables for Boundary Condition
  origin(x,y,z)   =      0.000     0.000     0.000
  nfunctions      =        2
    center(x,y,z) =     17.000     0.000     0.000
    radius        =     35.000
    constant      =     10.000
    exponent      =          2
    center(x,y,z) =    -17.000     0.000     0.000
    radius        =     35.000
    constant      =     10.000
    exponent      =          2

  num_fixatm      =     9645

 
Random_Init> Initialize the random number
  seed            = 20190319

Setup_QMMM> Setup QM region
  QM assignment info
  1435 TIMA     95 HSE    CB   CT2    assigned to QM atom    1 of element: C     6
  1436 TIMA     95 HSE    HB1  HA2    assigned to QM atom    2 of element: H     1
  1437 TIMA     95 HSE    HB2  HA2    assigned to QM atom    3 of element: H     1
  1438 TIMA     95 HSE    ND1  NR2    assigned to QM atom    4 of element: N     7
  1439 TIMA     95 HSE    CG   CPH1   assigned to QM atom    5 of element: C     6
  1440 TIMA     95 HSE    CE1  CPH2   assigned to QM atom    6 of element: C     6
  1441 TIMA     95 HSE    HE1  HR1    assigned to QM atom    7 of element: H     1
  1442 TIMA     95 HSE    NE2  NR1    assigned to QM atom    8 of element: N     7
  1443 TIMA     95 HSE    HE2  H      assigned to QM atom    9 of element: H     1
  1444 TIMA     95 HSE    CD2  CPH1   assigned to QM atom   10 of element: C     6
  1445 TIMA     95 HSE    HD2  HR3    assigned to QM atom   11 of element: H     1
  2552 TIMA    165 GLU    CB   CT2A   assigned to QM atom   12 of element: C     6
  2553 TIMA    165 GLU    HB1  HA2    assigned to QM atom   13 of element: H     1
  2554 TIMA    165 GLU    HB2  HA2    assigned to QM atom   14 of element: H     1
  2555 TIMA    165 GLU    CG   CT2    assigned to QM atom   15 of element: C     6
  2556 TIMA    165 GLU    HG1  HA2    assigned to QM atom   16 of element: H     1
  2557 TIMA    165 GLU    HG2  HA2    assigned to QM atom   17 of element: H     1
  2558 TIMA    165 GLU    CD   CC     assigned to QM atom   18 of element: C     6
  2559 TIMA    165 GLU    OE1  OC     assigned to QM atom   19 of element: O     8
  2560 TIMA    165 GLU    OE2  OC     assigned to QM atom   20 of element: O     8
  7575 DHA     249 DHAP   P    PG2    assigned to QM atom   21 of element: P    15
  7576 DHA     249 DHAP   O1P  OG303  assigned to QM atom   22 of element: O     8
  7577 DHA     249 DHAP   O2P  OG2P1  assigned to QM atom   23 of element: O     8
  7578 DHA     249 DHAP   O3P  OG2P1  assigned to QM atom   24 of element: O     8
  7579 DHA     249 DHAP   O4P  OG2P1  assigned to QM atom   25 of element: O     8
  7580 DHA     249 DHAP   C1   CG321  assigned to QM atom   26 of element: C     6
  7581 DHA     249 DHAP   H11  HGA2   assigned to QM atom   27 of element: H     1
  7582 DHA     249 DHAP   H12  HGA2   assigned to QM atom   28 of element: H     1
  7583 DHA     249 DHAP   C2   CG2O5  assigned to QM atom   29 of element: C     6
  7584 DHA     249 DHAP   O2   OG2D3  assigned to QM atom   30 of element: O     8
  7585 DHA     249 DHAP   C3   CG321  assigned to QM atom   31 of element: C     6
  7586 DHA     249 DHAP   O3   OG311  assigned to QM atom   32 of element: O     8
  7587 DHA     249 DHAP   HO3  HGP1   assigned to QM atom   33 of element: H     1
  7588 DHA     249 DHAP   H31  HGA2   assigned to QM atom   34 of element: H     1
  7589 DHA     249 DHAP   H32  HGA2   assigned to QM atom   35 of element: H     1
  number of QM atoms = 35
 
  QM charges retreived from rstfile.
 

Generate_LinkAtoms> QM-MM interface info. Link hydrogen is set between:
              [ QM atom ]             -             [ MM atom ]
  1435 TIMA     95 HSE    CB   CT2    -   1433 TIMA     95 HSE    CA   CT1   
                                          1431 TIMA     95 HSE    N    NH1    excluded
                                          1432 TIMA     95 HSE    HN   H      excluded
                                          1434 TIMA     95 HSE    HA   HB1    excluded
  2552 TIMA    165 GLU    CB   CT2A   -   2550 TIMA    165 GLU    CA   CT1   
                                          2548 TIMA    165 GLU    N    NH1    excluded
                                          2549 TIMA    165 GLU    HN   H      excluded
                                          2551 TIMA    165 GLU    HA   HB1    excluded

  number of link atoms           = 2
  number of external MM charges  = 37183


  Check the input file for QSimulate [ qsimulate.json ]
Setup_Enefunc_Cmap_Par> Natural spline is used to derive cmap coefs.

Setup_Enefunc_Table> Setup Variables for LookupTable
  num_solutes     =      37226  num_waters      =          0

Setup_Enefunc_Restraint> Setup restraint groups
 group =     1, "sid:DHA or (sid:TIMA and (rno:95 or rno:165) and          not (an:CA  | an:C   | an:O   | an:N | an:HN | an:HA))"
 # of atoms =    35
 atomlist: 
   1435   1436   1437   1438   1439   1440   1441   1442   1443   1444
   1445   2552   2553   2554   2555   2556   2557   2558   2559   2560
   7575   7576   7577   7578   7579   7580   7581   7582   7583   7584
   7585   7586   7587   7588   7589
 group =     2, "atomno:1900 or atomno:5687"
 # of atoms =     2
 atomlist: 
   1900   5687
 group =     3, "atomno:1442"
 # of atoms =     1
 atomlist: 
   1442
 group =     4, "atomno:1443"
 # of atoms =     1
 atomlist: 
   1443
 group =     5, "atomno:2559"
 # of atoms =     1
 atomlist: 
   2559
 group =     6, "atomno:2560"
 # of atoms =     1
 atomlist: 
   2560
 group =     7, "atomno:7583"
 # of atoms =     1
 atomlist: 
   7583
 group =     8, "atomno:7584"
 # of atoms =     1
 atomlist: 
   7584
 group =     9, "atomno:7585"
 # of atoms =     1
 atomlist: 
   7585
 group =    10, "atomno:7586"
 # of atoms =     1
 atomlist: 
   7586
 group =    11, "atomno:7587"
 # of atoms =     1
 atomlist: 
   7587
 group =    12, "atomno:7588"
 # of atoms =     1
 atomlist: 
   7588
 group =    13, "atomno:7589"
 # of atoms =     1
 atomlist: 
   7589
Setup_Enefunc_Restraint> Setup restraint functions
 func  =     1 kind  =     1
 const(total, x, y, z) =   10.000   1.000   1.000   1.000
 exponend of function =     2
 # of groups  =     1
 grouplist:   2

 func  =     2 kind  =     2
 const             =  100.000
 ref               =    1.016
 exponend of function =     2
 # of distances  =     1
 distancelist: 
 group = (  6, 12) weight =    1.000 exponent =     1

 func  =     3 kind  =     2
 const             =  100.000
 ref               =    1.878
 exponend of function =     2
 # of distances  =     1
 distancelist: 
 group = (  9, 12) weight =    1.000 exponent =     1

 func  =     4 kind  =     2
 const             =  100.000
 ref               =    2.254
 exponend of function =     2
 # of distances  =     1
 distancelist: 
 group = (  5, 11) weight =    1.000 exponent =     1

 func  =     5 kind  =     2
 const             =  100.000
 ref               =    1.665
 exponend of function =     2
 # of distances  =     1
 distancelist: 
 group = (  8,  4) weight =    1.000 exponent =     1

 func  =     6 kind  =     2
 const             =  100.000
 ref               =    2.675
 exponend of function =     2
 # of distances  =     1
 distancelist: 
 group = (  3, 11) weight =    1.000 exponent =     1

Define_Enefunc_CHARMM> Number of Interactions in Each Term
  bond_ene        =      37255  angle_ene       =      23717
  urey_ene        =       6639
  torsion_ene     =      23862  improper_ene    =       1285
  cmap_ene        =        494
  restraint_groups=         13  restraint_funcs =          6
 
Setup_Fitting_Atdyn> NO fitting is applied, skip
  fitting method  =  NO

Update_Num_Deg_Freedom> Number of degrees of freedom was updated
  num_deg_freedom =      82743 (After setup of fixed atoms at boundary)
 
Remove_Fixatm> Modified Interactions
  bond_ene        =      27610  angle_ene       =      20502
  urey_ene        =       6639
  torsion_ene     =      23862  improper_ene    =       1285
 
Setup_Constraints> The following atoms are excluded from SHAKE:
    1443    7587    7588    7589
Setup_Settle> Setup constraints for SETTLE
  num_unconsbonds =       7633      num_Settle  =       6659
  r0(O-H)         =     0.9572  mass(O)         =    15.9994
  r0(H-H)         =     1.5139  mass(H)         =     1.0080
 
Setup_Shake> Setup constrains for SHAKE and RATTLE
  num_unconsbonds =       3837  num_rigid_bonds =       3796
 
  num_qm_rigid_bonds =         10
 
Update_Num_Deg_Freedom> Number of degrees of freedom was updated
  num_deg_freedom =      62766 (After setup of SETTLE)
 
Update_Num_Deg_Freedom> Number of degrees of freedom was updated
  num_deg_freedom =      58960 (After setup of SHAKE/RATTLE)
 
[STEP4] Compute Single Point Energy for Molecules
 
            STEP            BOND           ANGLE    UREY-BRADLEY        DIHEDRAL        IMPROPER            CMAP         VDWAALS           ELECT    RESTRAINT001    RESTRAINT002    RESTRAINT003    RESTRAINT004    RESTRAINT005    RESTRAINT006    RESTR_CVS001    RESTR_CVS002    RESTR_CVS003    RESTR_CVS004    RESTR_CVS005    RESTR_CVS006              QM            SPOT
 --------------- --------------- --------------- --------------- ---------------
               0       1496.2060       3748.6739        470.1394       4476.6240        287.8204       -182.2752       7090.5356    -116897.7369          1.0971          0.0361          0.0845          0.1538          0.1186          0.0159          0.0000          0.9970          1.9071          2.2932          1.6994          2.6876    -906614.1863         11.6667

[STEP5] Perform Molecular Dynamics Simulation
 
INFO:       STEP            TIME       TOTAL_ENE   POTENTIAL_ENE     KINETIC_ENE            RMSG            BOND           ANGLE    UREY-BRADLEY        DIHEDRAL        IMPROPER            CMAP         VDWAALS           ELECT RESTRAINT_TOTAL    RESTRAINT001    RESTRAINT002    RESTRAINT003    RESTRAINT004    RESTRAINT005    RESTRAINT006    RESTR_CVS001    RESTR_CVS002    RESTR_CVS003    RESTR_CVS004    RESTR_CVS005    RESTR_CVS006     TEMPERATURE          VOLUME              QM            SPOT
 --------------- --------------- --------------- --------------- ---------------
INFO:         50          0.0250    -988445.4700   -1006164.7100      17719.2400         12.6131       1553.3516       3694.2055        461.0726       4474.7085        255.4897       -178.9696       7139.0645    -117019.5339          3.8431          0.8523          0.4572          2.1055          0.0656          0.0861          0.2765          0.0000          0.9484          2.0231          2.2284          1.6943          2.6224        302.4670          0.0000    -906547.9420         15.5679

INFO:        100          0.0500    -988465.5292   -1006191.9558      17726.4266         12.5788       1506.8598       3714.6477        477.9525       4481.9654        250.5570       -187.7126       7114.6158    -116989.8207          2.5240          1.1600          0.0167          0.1461          0.6246          0.5658          0.0109          0.0000          1.0031          1.9162          2.3330          1.7402          2.6646        302.5897          0.0000    -906563.5448         12.5777

INFO:        150          0.0750    -988500.3518   -1006160.1895      17659.8377         12.5846       1491.6282       3698.0972        456.4588       4450.8948        259.0300       -183.5690       7133.5816    -116956.4007          5.0070          1.9974          0.4203          0.0700          2.2670          0.0377          0.2147          0.0000          1.0808          1.8516          2.1034          1.6456          2.7213        301.4530          0.0000    -906514.9174         11.8874

INFO:        200          0.1000    -988455.8640   -1006081.7301      17625.8660         12.6195       1443.2681       3744.8702        470.7321       4456.1355        258.1547       -185.4549       7039.4114    -116762.6982          2.9691          1.2569          0.0214          0.0382          1.0761          0.0175          0.5590          0.0000          1.0014          1.8975          2.1503          1.6782          2.7498        300.8731          0.0000    -906549.1180         16.5846

INFO:        250          0.1250    -988408.0043   -1005946.3780      17538.3737         12.5989       1522.5114       3740.8507        475.7499       4471.6931        236.4743       -186.5380       7021.0501    -116675.5707          4.4889          0.7950          0.4427          1.0710          0.6206          1.4432          0.1164          0.0000          0.9495          1.9815          2.3328          1.7851          2.6409        299.3796          0.0000    -906557.0877          9.8520

INFO:        300          0.1500    -988442.3550   -1006122.2538      17679.8988         12.5666       1538.8881       3738.7864        470.9614       4418.2208        263.3241       -178.0285       6984.0326    -116793.5120          1.1911          0.5847          0.0053          0.5230          0.0115          0.0308          0.0359          0.0000          1.0233          1.9503          2.2433          1.6826          2.6561        301.7954          0.0000    -906566.1179         12.0395

INFO:        350          0.1750    -988467.5755   -1006055.2400      17587.6644         12.5556       1466.6957       3704.1391        461.4206       4463.1783        256.8952       -191.3502       6995.0406    -116638.5098          2.8647          0.4737          0.3320          0.8499          0.3803          0.5159          0.3130          0.0000          1.0736          1.7858          2.1923          1.5932          2.7309        300.2210          0.0000    -906575.6141          8.4313

INFO:        400          0.2000    -988465.5313   -1005980.3564      17514.8251         12.5642       1506.3105       3657.6769        455.1488       4473.9020        265.7228       -171.0069       6981.3113    -116582.6814          3.0248          0.2085          0.0001          1.4119          0.6744          0.0365          0.6934          0.0000          1.0170          1.9968          2.3361          1.6459          2.7583        298.9776          0.0000    -906569.7652         11.3629

INFO:        450          0.2250    -988516.3629   -1005958.2007      17441.8378         12.5998       1488.5936       3763.6653        469.6055       4456.6656        250.8979       -183.3967       6862.7707    -116504.5511          2.8457          1.0025          0.4077          1.2104          0.0004          0.2234          0.0013          0.0000          0.9521          1.9880          2.2560          1.7123          2.6714        297.7318          0.0000    -906565.2972          7.9695

INFO:        500          0.2500    -988466.5423   -1006017.9912      17551.4489         12.5381       1507.5980       3762.1108        465.1752       4466.0332        266.6450       -170.6066       6612.8568    -116388.8727          3.3389          1.7282          0.0636          0.6396          0.0305          0.7370          0.1400          0.0000          1.0412          1.7980          2.2715          1.7509          2.7124        299.6028          0.0000    -906542.2699          8.7097

INFO:        550          0.2750    -988479.2423   -1005863.9605      17384.7182         12.5620       1492.6397       3757.9574        453.8136       4458.5924        279.9156       -169.7552       6820.0484    -116413.5402          3.6248          1.7160          0.3680          0.7299          0.2584          0.0005          0.5520          0.0000          1.0767          1.9634          2.3048          1.6673          2.7493        296.7567          0.0000    -906547.2570         11.1599

INFO:        600          0.3000    -988465.4179   -1006107.4597      17642.0418         12.4904       1458.9278       3701.6689        478.1686       4490.4277        272.3149       -174.0378       6819.1155    -116596.9286          3.0231          1.4884          0.3914          0.4390          0.3259          0.0008          0.3777          0.0000          0.9534          1.8117          2.3111          1.6622          2.7365        301.1492          0.0000    -906560.1400         15.3713

INFO:        650          0.3250    -988403.2086   -1005994.1252      17590.9167         12.5756       1528.7831       3732.3299        475.0292       4500.1991        267.0307       -169.3276       6974.9251    -116764.4490          4.6640          1.4548          0.3458          1.6625          0.9344          0.1856          0.0810          0.0000          0.9572          2.0069          2.1573          1.7081          2.6465        300.2765          0.0000    -906543.3097         11.4413

INFO:        700          0.3500    -988454.9626   -1006124.0062      17669.0436         12.5228       1427.9826       3699.8460        452.8741       4498.2108        293.4369       -176.1370       6996.6563    -116789.6291          3.9730          1.4828          0.1963          0.1910          1.8353          0.0336          0.2340          0.0000          1.0603          1.9217          2.3895          1.6467          2.7234        301.6101          0.0000    -906531.2200         10.2299

INFO:        750          0.3750    -988450.1383   -1006076.0490      17625.9107         12.5869       1515.7184       3668.9478        452.9019       4505.0257        275.9561       -178.6941       7039.7209    -116799.3573          1.8837          1.3483          0.4034          0.0811          0.0282          0.0061          0.0167          0.0000          1.0795          1.9065          2.2372          1.6728          2.6621        300.8739          0.0000    -906558.1521         13.0770

INFO:        800          0.4000    -988457.3120   -1006134.1016      17676.7896         12.4793       1434.3484       3701.8608        475.0918       4516.7617        303.0139       -182.1518       6909.9360    -116746.5886          2.8758          1.2646          0.0625          0.3490          0.9242          0.1937          0.0818          0.0000          0.9910          1.9371          2.1579          1.7090          2.6464        301.7424          0.0000    -906549.2498         13.2482

INFO:        850          0.4250    -988494.7712   -1006017.0584      17522.2873         12.5687       1471.3175       3766.8505        469.4814       4487.8926        285.5163       -171.2546       6900.5953    -116651.7561          2.4366          1.5951          0.3048          0.0822          0.1921          0.0968          0.1655          0.0000          0.9608          1.9067          2.2978          1.6339          2.7157        299.1050          0.0000    -906578.1380         10.3939

INFO:        900          0.4500    -988521.7657   -1005980.8724      17459.1067         12.5762       1504.8850       3704.4755        474.9806       4500.0443        272.1927       -172.4576       7002.0796    -116711.4817          2.3070          1.5244          0.3129          0.0361          0.2821          0.1267          0.0248          0.0000          1.0719          1.8970          2.2009          1.6294          2.6592        298.0265          0.0000    -906557.8978         14.1879

INFO:        950          0.4750    -988487.1429   -1006100.4756      17613.3327         12.5532       1443.0373       3745.1660        463.8169       4495.9240        273.8441       -169.2074       6971.6928    -116781.2561          1.8754          1.3668          0.2658          0.0008          0.0779          0.0778          0.0863          0.0000          1.0676          1.8753          2.2261          1.6371          2.7044        300.6592          0.0000    -906545.3686         15.2697

INFO:       1000          0.5000    -988510.6461   -1006128.4002      17617.7540         12.5253       1502.9098       3723.2843        464.0518       4480.2526        263.9783       -179.4848       6812.1576    -116664.1649          1.3807          0.9600          0.1959          0.0731          0.0039          0.1331          0.0148          0.0000          0.9717          1.9050          2.2603          1.7015          2.6871        300.7346          0.0000    -906532.7655         11.9876

INFO:       1050          0.5250    -988526.8013   -1006137.7581      17610.9567         12.4832       1480.0915       3702.4582        471.2488       4473.3850        286.9043       -174.4777       6826.6386    -116674.9496          2.6626          0.8905          0.4036          0.8682          0.1325          0.3185          0.0492          0.0000          0.9525          1.9712          2.2904          1.7214          2.6972        300.6186          0.0000    -906531.7198         14.3398

INFO:       1100          0.5500    -988553.6949   -1006174.3837      17620.6887         12.5336       1504.1897       3686.2352        452.5366       4478.5457        258.2705       -177.2044       7046.3013    -116869.1551          2.2955          1.5056          0.0195          0.0066          0.0288          0.5071          0.2280          0.0000          1.0020          1.8862          2.2710          1.7362          2.7227        300.7847          0.0000    -906556.3987         10.4211

INFO:       1150          0.5750    -988580.2619   -1006155.8945      17575.6326         12.5721       1463.7106       3675.9334        461.5131       4450.6996        266.8323       -162.8957       7163.0227    -116946.4035          2.7260          1.3139          0.4597          0.0002          0.5397          0.3805          0.0321          0.0000          1.0838          1.8793          2.1805          1.7267          2.6571        300.0156          0.0000    -906531.0331         10.6920

INFO:       1200          0.6000    -988603.3874   -1006185.0885      17581.7011         12.5714       1488.6829       3677.0419        465.1598       4455.9886        257.7555       -166.4792       7170.4184    -116996.6047          2.7990          1.4383          0.0667          1.0613          0.1818          0.0380          0.0129          0.0000          0.9902          1.9810          2.2966          1.6845          2.6864        300.1192          0.0000    -906539.8508         13.3202

INFO:       1250          0.6250    -988586.5502   -1006290.1381      17703.5879         12.5525       1442.8023       3768.1787        460.2887       4440.0686        255.9065       -174.8907       7139.1404    -117091.6414          3.2640          1.8352          0.0157          0.9340          0.3866          0.0104          0.0821          0.0000          1.0035          1.9746          2.1918          1.6548          2.7037        302.1998          0.0000    -906533.2552         10.9285

INFO:       1300          0.6500    -988648.6517   -1006163.4064      17514.7547         12.5753       1481.6523       3741.4728        462.3487       4476.5562        272.1089       -160.0725       7030.7884    -116949.6620          2.7875          1.3388          0.3487          0.1311          0.3513          0.1069          0.5107          0.0000          1.0750          1.8418          2.3133          1.6977          2.7465        298.9764          0.0000    -906521.3868         10.6827

INFO:       1350          0.6750    -988625.4921   -1006206.7981      17581.3060         12.5681       1481.0125       3759.2184        485.6981       4466.5248        261.5904       -169.8514       6921.3571    -116882.8082          1.6400          1.2330          0.0295          0.2106          0.0545          0.0299          0.0825          0.0000          1.0332          1.8321          2.2773          1.6823          2.7037        300.1125          0.0000    -906531.1799          9.2375

INFO:       1400          0.7000    -988613.3013   -1006124.4263      17511.1250         12.5290       1480.5722       3701.6092        460.4170       4468.3798        248.6789       -181.7470       7050.3000    -116801.4686          2.0123          0.7804          0.2575          0.4473          0.2395          0.1090          0.1786          0.0000          0.9653          1.9449          2.3029          1.6980          2.7173        298.9145          0.0000    -906553.1801          9.6021

INFO:       1450          0.7250    -988631.5793   -1006064.7174      17433.1381         12.6115       1508.5723       3760.2342        470.3968       4485.0291        274.7991       -184.1347       7151.2043    -116989.8345          3.2829          1.3621          0.1316          1.2357          0.3394          0.0991          0.1150          0.0000          0.9797          1.9892          2.1957          1.6965          2.7089        297.5832          0.0000    -906544.2669         13.8714

INFO:       1500          0.7500    -988611.6851   -1006254.5333      17642.8482         12.5088       1468.5394       3692.8825        445.0026       4474.7923        255.3899       -184.1078       7216.3930    -117086.0943          2.3558          2.0530          0.2017          0.0121          0.0555          0.0297          0.0038          0.0000          1.0609          1.8670          2.2775          1.6478          2.6688        301.1630          0.0000    -906539.6867         15.6434

INFO:       1550          0.7750    -988585.5196   -1006166.9028      17581.3832         12.5850       1496.7700       3698.6131        463.9590       4473.7689        270.1725       -182.5020       7223.2414    -117050.3491          2.2325          1.7310          0.1097          0.0481          0.0408          0.1579          0.1449          0.0000          1.0491          1.8561          2.2742          1.6253          2.7131        300.1138          0.0000    -906562.8091         14.7557

INFO:       1600          0.8000    -988577.1354   -1006248.1257      17670.9903         12.5702       1488.8341       3667.4737        455.5679       4450.7806        283.5383       -188.7189       7337.1529    -117172.1501          2.3041          1.0809          0.2540          0.5050          0.3867          0.0496          0.0280          0.0000          0.9656          1.9491          2.1918          1.6427          2.6583        301.6434          0.0000    -906572.9081         17.0189

INFO:       1650          0.8250    -988582.0200   -1006143.4774      17561.4574         12.5825       1468.7945       3784.9117        472.8226       4429.0633        267.5515       -189.3045       7186.6508    -117017.4616          3.6872          1.2077          0.3924          0.9162          0.3786          0.2441          0.5482          0.0000          0.9534          1.9737          2.3155          1.6156          2.6010        299.7737          0.0000    -906550.1931         21.4935

INFO:       1700          0.8500    -988584.8200   -1006250.7372      17665.9172         12.5933       1542.1986       3729.2681        466.8354       4441.5475        264.9147       -157.5167       7131.8389    -117108.0596          1.3978          1.0656          0.0743          0.0019          0.1171          0.0763          0.0627          0.0000          1.0433          1.8823          2.2198          1.6926          2.7000        301.5568          0.0000    -906563.1618         19.7016

INFO:       1750          0.8750    -988541.0823   -1006061.6365      17520.5542         12.5520       1543.7175       3713.6636        478.6007       4432.7823        279.4671       -170.7149       7126.0367    -116906.8985          3.3350          1.0682          0.1856          0.2979          1.1492          0.0082          0.6260          0.0000          1.0591          1.8234          2.1468          1.6741          2.5959        299.0754          0.0000    -906561.6261         16.6509

INFO:       1800          0.9000    -988506.0638   -1006116.2036      17610.1398         12.5796       1558.9673       3759.6901        467.9670       4448.9343        253.3556       -169.5208       6984.1918    -116856.2772          3.4237          1.9690          0.0002          1.2291          0.0107          0.0118          0.2029          0.0000          1.0175          1.9889          2.2436          1.6759          2.6300        300.6047          0.0000    -906566.9356         14.5479

INFO:       1850          0.9250    -988535.1672   -1006121.1447      17585.9775         12.5671       1485.6316       3805.5890        466.7267       4430.6632        244.5592       -182.0539       6976.6173    -116787.7484          4.5654          2.4978          0.2188          1.4170          0.2497          0.0009          0.1813          0.0000          0.9692          1.9970          2.2040          1.6680          2.7176        300.1922          0.0000    -906565.6950         14.4716

INFO:       1900          0.9500    -988572.1713   -1006135.1395      17562.9681         12.5565       1457.2955       3724.6799        477.7221       4462.9096        247.5582       -183.6559       7106.9697    -116870.6327          4.5683          2.7067          0.0392          0.4296          0.8934          0.4386          0.0609          0.0000          1.0358          1.8125          2.1595          1.7312          2.6503        299.7994          0.0000    -906562.5542         11.7879

INFO:       1950          0.9750    -988592.5644   -1006210.9817      17618.4173         12.5589       1481.7221       3720.9739        464.9765       4487.2412        254.5775       -198.9729       7149.4052    -117062.6991          3.3214          2.6791          0.2280          0.0578          0.0404          0.1993          0.1167          0.0000          1.0638          1.8540          2.2741          1.6204          2.6408        300.7460          0.0000    -906511.5274         13.0427

INFO:       2000          1.0000    -988626.1484   -1006184.9102      17558.7619         12.5423       1467.6498       3720.1560        461.6108       4469.0927        264.3406       -184.8625       7131.4110    -116958.1165          4.1860          2.4747          0.0566          0.4093          0.4381          0.3913          0.4159          0.0000          0.9922          1.9420          2.1878          1.7276          2.7395        299.7276          0.0000    -906560.3779         12.5480

INFO:       2050          1.0250    -988555.2932   -1006132.0932      17576.8000         12.5498       1463.8532       3732.8461        467.0542       4513.7011        257.3848       -188.5520       7299.0167    -117186.3889          4.4005          1.8526          0.5315          0.4391          0.3345          0.0779          1.1648          0.0000          0.9431          1.9443          2.1962          1.6371          2.5671        300.0356          0.0000    -906495.4088         15.7995

INFO:       2100          1.0500    -988557.2159   -1006237.1953      17679.9795         12.5603       1463.3660       3699.9430        452.6908       4515.7762        255.0960       -203.3176       7162.0767    -117022.1079          2.1285          0.9632          0.0363          0.7312          0.0228          0.3553          0.0196          0.0000          0.9969          1.9635          2.2691          1.7246          2.6890        301.7968          0.0000    -906562.8470          9.9590

INFO:       2150          1.0750    -988577.4718   -1006374.9440      17797.4722         12.5718       1476.0409       3677.1428        460.8844       4477.7117        272.3849       -192.9388       7153.1519    -117155.2042          2.1330          1.1045          0.3385          0.1231          0.0339          0.2752          0.2578          0.0000          1.0742          1.9131          2.2356          1.7175          2.6242        303.8024          0.0000    -906546.2505         16.9689

INFO:       2200          1.1000    -988573.2467   -1006167.7504      17594.5037         12.5837       1450.4211       3804.1879        469.8633       4502.6577        263.3287       -181.7965       7326.3381    -117276.0775          1.8230          0.8280          0.0517          0.5259          0.0138          0.1724          0.2312          0.0000          1.0387          1.8055          2.2423          1.6235          2.6269        300.3378          0.0000    -906528.4962         16.1706

INFO:       2250          1.1250    -988619.4413   -1006168.5878      17549.1464         12.6216       1461.5770       3763.7021        467.7723       4467.5434        277.7567       -184.2720       7327.7779    -117228.7474          1.8963          0.8504          0.2055          0.1164          0.1724          0.1704          0.3811          0.0000          0.9707          1.9121          2.2125          1.6237          2.7367        299.5635          0.0000    -906523.5941         17.4705

INFO:       2300          1.1500    -988598.3568   -1006296.7970      17698.4402         12.5845       1490.5533       3718.8748        477.6767       4486.1097        259.7086       -194.2628       7124.4511    -117132.4667          2.9954          1.2511          0.0471          0.6031          0.2490          0.7386          0.1064          0.0000          0.9943          1.9557          2.3039          1.7509          2.7076        302.1119          0.0000    -906530.4372         13.6247

INFO:       2350          1.1750    -988537.6782   -1006173.9524      17636.2742         12.5966       1482.0383       3739.2845        459.1157       4497.4230        250.4830       -200.7878       7320.3780    -117227.3877          2.2942          1.1233          0.5680          0.0199          0.4923          0.0900          0.0008          0.0000          1.0914          1.8921          2.1838          1.6350          2.6778        301.0508          0.0000    -906496.7936          7.5361

INFO:       2400          1.2000    -988513.8806   -1006060.9558      17547.0751         12.5742       1492.7765       3732.2780        474.9943       4486.9040        257.8549       -194.5595       7316.4620    -117130.7931          1.9546          0.7126          0.0718          0.0022          0.0247          1.0697          0.0735          0.0000          1.0428          1.8827          2.2697          1.7684          2.7021        299.5282          0.0000    -906498.8275         14.2802

INFO:       2450          1.2250    -988502.2983   -1006197.5799      17695.2816         12.5183       1455.3863       3738.5360        466.0449       4483.9848        262.1461       -181.5904       7177.1527    -117075.6087          1.3632          0.7065          0.4450          0.0047          0.0719          0.0383          0.0967          0.0000          0.9493          1.8849          2.2808          1.6454          2.6439        302.0580          0.0000    -906524.9948         10.3597

INFO:       2500          1.2500    -988548.5852   -1006061.4941      17512.9089         12.5968       1511.9531       3775.4292        463.9047       4476.9436        275.6603       -177.1753       7104.4025    -117009.7821          2.4233          1.1853          0.2772          0.6316          0.0266          0.2665          0.0361          0.0000          0.9633          1.9575          2.2377          1.7166          2.6940        298.9449          0.0000    -906485.2534         14.1865

INFO:       2550          1.2750    -988561.5553   -1006127.3633      17565.8080         12.5003       1497.2326       3696.1701        465.3738       4467.3708        267.5836       -170.0626       6934.6962    -116784.2966          2.1177          1.4507          0.0297          0.3201          0.0125          0.1434          0.1611          0.0000          1.0332          1.8214          2.2652          1.6271          2.6349        299.8479          0.0000    -906503.5490         12.9786

INFO:       2600          1.3000    -988504.7435   -1006197.3162      17692.5727         12.5047       1429.5626       3774.1157        455.6935       4487.4913        250.3029       -158.9780       6839.0141    -116785.5413          3.3080          2.2785          0.2396          0.1384          0.4654          0.0050          0.1810          0.0000          1.0650          1.8408          2.1858          1.6721          2.6325        302.0118          0.0000    -906492.2852         12.5121

INFO:       2650          1.3250    -988474.6509   -1005992.5077      17517.8567         12.5709       1486.3801       3738.3748        463.2828       4509.5919        258.2251       -177.1404       7120.6294    -116879.6825          4.5112          3.3341          0.0006          0.0876          0.0763          0.1952          0.8173          0.0000          1.0185          1.9076          2.2264          1.6208          2.7654        299.0294          0.0000    -906516.6802         18.3015

INFO:       2700          1.3500    -988469.2886   -1006120.7099      17651.4214         12.5087       1447.4111       3787.3665        461.3644       4487.0653        266.1816       -203.0763       7084.8091    -116958.8342          3.6825          2.2195          0.3391          0.9683          0.1006          0.0358          0.0192          0.0000          0.9578          1.9764          2.2857          1.6839          2.6889        301.3093          0.0000    -906496.6800         16.4099

INFO:       2750          1.3750    -988512.2059   -1006222.3994      17710.1935         12.5286       1476.9262       3780.4456        471.6329       4482.6447        257.8775       -205.0186       6889.8612    -116877.0401          1.9162          0.9794          0.1399          0.3989          0.3378          0.0136          0.0467          0.0000          0.9786          1.9412          2.1959          1.6534          2.6966        302.3126          0.0000    -906501.6451         21.6619

INFO:       2800          1.4000    -988534.5290   -1006189.9688      17655.4398         12.5251       1414.9746       3754.2291        456.4036       4458.9451        266.8539       -202.4876       7051.3228    -116900.3900          3.0947          0.6970          0.1843          0.0037          0.4508          0.3045          1.4543          0.0000          1.0589          1.8719          2.3211          1.7202          2.7956        301.3779          0.0000    -906492.9151         18.7267

INFO:       2850          1.4250    -988567.7924   -1006129.1599      17561.3675         12.5642       1419.9273       3672.0538        465.9551       4482.1371        262.6216       -189.7902       7188.2093    -116901.9829          2.0921          0.7596          0.2228          0.1460          0.0090          0.9544          0.0003          0.0000          1.0632          1.9162          2.2445          1.7627          2.6767        299.7721          0.0000    -906530.3831         17.8614

INFO:       2900          1.4500    -988534.3389   -1006150.6821      17616.3433         12.5773       1495.3599       3755.2861        460.8101       4468.7101        256.2146       -209.6403       7226.3856    -117115.4191          1.3052          0.6421          0.1684          0.0494          0.0791          0.3489          0.0174          0.0000          0.9750          1.8558          2.2821          1.7241          2.6882        300.7106          0.0000    -906489.6944         16.9730

INFO:       2950          1.4750    -988526.3515   -1006214.5411      17688.1895         12.5872       1509.9199       3712.6747        454.2405       4466.3177        260.0390       -212.7572       7256.8339    -117131.2120          3.8275          0.5814          0.2653          0.9205          0.2355          1.1236          0.7012          0.0000          0.9645          1.9739          2.2055          1.5590          2.7587        301.9370          0.0000    -906534.4251         10.5664

INFO:       3000          1.5000    -988563.8810   -1006219.4936      17655.6127         12.5584       1445.0694       3673.1064        444.8931       4491.8317        259.4320       -206.3824       7294.1386    -117113.3263          1.2759          0.6149          0.0596          0.3139          0.2520          0.0053          0.0301          0.0000          1.0404          1.9340          2.3042          1.6577          2.6923        301.3809          0.0000    -906509.5320          9.7544

INFO:       3050          1.5250    -988527.2213   -1006242.8406      17715.6192         12.5915       1531.2293       3658.3722        457.8132       4504.1426        273.7446       -195.4323       7211.2033    -117156.3618          2.1511          1.2187          0.2069          0.4043          0.0808          0.0382          0.2022          0.0000          1.0615          1.8144          2.2824          1.6845          2.6300        302.4052          0.0000    -906529.7025         11.6212

INFO:       3100          1.5500    -988512.3746   -1006170.8913      17658.5168         12.5468       1502.2213       3757.8475        461.2339       4502.6500        270.6160       -194.0180       7262.2734    -117204.3897          1.7838          1.4302          0.0000          0.0053          0.0658          0.2514          0.0311          0.0000          1.0162          1.8853          2.2796          1.7151          2.6926        301.4305          0.0000    -906531.1095         11.3778

INFO:       3150          1.5750    -988602.0677   -1006194.1501      17592.0824         12.5108       1501.7668       3711.0172        461.9638       4483.0516        278.1011       -185.9915       7265.7212    -117183.6334          4.0870          1.5954          0.2232          2.0090          0.0366          0.0907          0.1322          0.0000          0.9688          2.0197          2.2731          1.6349          2.6386        300.2964          0.0000    -906530.2339         15.0749

INFO:       3200          1.6000    -988546.9999   -1006102.4137      17555.4138         12.5440       1480.3321       3685.0513        448.9033       4520.5068        267.3538       -182.8033       7177.1832    -116971.1800          3.3740          2.8619          0.0103          0.1393          0.0014          0.0070          0.3541          0.0000          1.0262          1.9153          2.2503          1.6733          2.6155        299.6705          0.0000    -906531.1349         12.3672

INFO:       3250          1.6250    -988560.8056   -1006025.7585      17464.9529         12.5751       1459.0132       3730.4687        461.5330       4519.6526        287.4423       -188.6112       7157.7920    -116934.9484          3.5241          2.0229          0.0966          0.8397          0.4357          0.0370          0.0923          0.0000          1.0471          1.7864          2.1880          1.6458          2.7054        298.1263          0.0000    -906521.6248         14.3472

INFO:       3300          1.6500    -988557.1585   -1006143.8587      17586.7001         12.5612       1462.2827       3720.1549        457.9352       4539.7278        259.5194       -204.5685       7104.2356    -116966.7547          1.7883          0.6639          0.0890          0.0167          0.0064          0.9788          0.0335          0.0000          1.0458          1.8651          2.2620          1.7639          2.6567        300.2045          0.0000    -906518.1793         16.1858

INFO:       3350          1.6750    -988579.4828   -1006163.2515      17583.7687         12.5061       1480.7420       3718.4075        459.8809       4498.1955        258.7983       -203.9980       7015.9904    -116861.8736          3.3682          0.3092          0.2561          1.5485          0.3177          0.6893          0.2474          0.0000          0.9654          2.0024          2.3104          1.7480          2.6253        300.1545          0.0000    -906532.7627         12.4764

INFO:       3400          1.7000    -988545.6426   -1006021.1013      17475.4587         12.5554       1486.7160       3757.2623        465.7598       4485.5990        273.6655       -197.6859       7020.3521    -116791.7966          3.9674          0.4584          0.2087          0.6255          0.5061          1.5764          0.5923          0.0000          0.9703          1.9571          2.1829          1.7906          2.7520        298.3057          0.0000    -906524.9409         13.9082

INFO:       3450          1.7250    -988506.0310   -1006118.3430      17612.3120         12.5579       1512.9423       3710.4169        454.4577       4502.8166        263.3874       -190.9674       7079.6687    -116926.3031          1.7773          0.4812          0.1137          0.3746          0.2834          0.2058          0.3184          0.0000          1.0497          1.9392          2.2008          1.7104          2.7314        300.6417          0.0000    -906526.5393         14.4365

INFO:       3500          1.7500    -988549.9246   -1006009.3949      17459.4703         12.5879       1511.2613       3705.8214        466.8725       4483.4299        260.8221       -183.7821       7172.7522    -116903.0932          0.8570          0.2189          0.2483          0.0120          0.2729          0.1043          0.0006          0.0000          1.0658          1.8889          2.3062          1.6973          2.6775        298.0327          0.0000    -906524.3361         13.0040

INFO:       3550          1.7750    -988547.2156   -1006198.5386      17651.3230         12.5859       1452.1903       3713.7961        467.6556       4482.4253        272.9508       -193.1352       7130.0600    -116980.9354          2.7939          0.7515          0.1148          0.8639          0.4452          0.0032          0.6152          0.0000          0.9821          1.9709          2.1873          1.6707          2.7534        301.3077          0.0000    -906546.3399         15.9158

INFO:       3600          1.8000    -988530.7835   -1006175.7906      17645.0071         12.5106       1467.9128       3666.0023        452.5929       4482.7816        266.5311       -169.8468       7151.2601    -116947.2871          3.4705          1.1850          0.5002          0.2261          0.0547          1.1556          0.3489          0.0000          0.9453          1.9255          2.2306          1.7725          2.6159        301.1998          0.0000    -906549.2081         17.7385

INFO:       3650          1.8250    -988567.1889   -1006158.3558      17591.1669         12.6038       1508.5249       3679.1364        480.7809       4474.5216        264.5032       -177.5372       7112.3766    -116987.6044          3.1037          1.4013          0.0129          0.2168          0.5895          0.0091          0.8743          0.0000          1.0273          1.9246          2.1772          1.6745          2.5815        300.2808          0.0000    -906516.1616         15.1740

INFO:       3700          1.8500    -988555.3866   -1006167.7498      17612.3632         12.5567       1458.9702       3752.2314        454.2080       4500.8850        257.7106       -172.2892       6972.7802    -116890.6041          2.4596          1.4515          0.3003          0.1171          0.3241          0.2547          0.0120          0.0000          1.0708          1.8438          2.1971          1.6145          2.6640        300.6426          0.0000    -906504.1015         24.2154

INFO:       3750          1.8750    -988540.8293   -1006185.3867      17644.5574         12.6264       1505.2698       3796.3947        476.8127       4456.6328        281.1070       -195.7945       7037.1745    -117016.2836          3.1716          1.3188          0.0138          0.1860          1.5326          0.0016          0.1188          0.0000          1.0277          1.9211          2.1302          1.6690          2.6405        301.1922          0.0000    -906529.8718         15.1529

INFO:       3800          1.9000    -988547.3794   -1006240.8973      17693.5179         12.5803       1494.3045       3711.6104        458.2742       4464.7957        271.0110       -192.8713       7025.3334    -116967.1986          3.4413          0.9784          0.4815          0.2165          0.0002          0.8461          0.9186          0.0000          0.9466          1.9245          2.2524          1.5730          2.5792        302.0279          0.0000    -906509.5979         12.8267

INFO:       3850          1.9250    -988539.3503   -1006187.2803      17647.9301         12.5972       1505.8434       3663.3045        469.4229       4470.0164        250.1396       -183.8749       7160.9702    -117011.0496          2.3719          0.5988          0.0260          0.8430          0.0720          0.5503          0.2818          0.0000          1.0321          1.9698          2.2272          1.7392          2.6219        301.2497          0.0000    -906514.4248         13.9512

INFO:       3900          1.9500    -988538.2546   -1006274.1735      17735.9188         12.6027       1476.9634       3761.0584        454.8922       4486.5210        272.1420       -198.2691       7223.2894    -117250.1153          2.4095          0.7301          0.1513          1.0080          0.2394          0.0063          0.2745          0.0000          1.0549          1.7776          2.2051          1.6571          2.7274        302.7517          0.0000    -906503.0650         11.6715

INFO:       3950          1.9750    -988496.5490   -1006305.4440      17808.8950         12.5929       1472.1797       3708.4970        455.9020       4484.5680        269.5013       -192.6350       7185.8879    -117183.8482          1.6902          0.7763          0.1553          0.4500          0.0002          0.3071          0.0013          0.0000          1.0554          1.9451          2.2555          1.6096          2.6714        303.9974          0.0000    -906507.1868         14.6274

INFO:       4000          2.0000    -988544.1830   -1006237.6871      17693.5041         12.5963       1531.4670       3713.6819        461.8474       4460.1835        265.6771       -195.6329       7048.1400    -117010.9899          1.3918          0.7209          0.3366          0.2574          0.0043          0.0657          0.0070          0.0000          0.9580          1.9287          2.2605          1.6906          2.6834        302.0277          0.0000    -906513.4531         14.4626

 
[STEP6] Deallocate Arrays
 
Output_Time> Averaged timer profile (Min, Max)
  total time      =   27702.660
    setup         =      12.646
    dynamics      =   27690.015
      energy      =   27687.431
      integrator  =       8.307
      pairlist    =       4.849 (       4.160,       5.136)
  energy           
    bond          =       0.047 (       0.039,       0.067)
    angle         =       0.137 (       0.128,       0.153)
    dihedral      =       0.395 (       0.354,       0.448)
    nonbond       =      37.081 (      36.491,      37.827)
      pme real    =      37.081 (      36.490,      37.826)
      pme recip   =       0.000 (       0.000,       0.000)
    solvation     =       0.000 (       0.000,       0.000)
      polar       =       0.000 (       0.000,       0.000)
      non-polar   =       0.000 (       0.000,       0.000)
    restraint     =       0.022 (       0.019,       0.024)
    qmmm          =   27639.303 (   27637.944,   27639.691)
  integrator       
    constraint    =       4.651 (       4.524,       4.822)
    update        =       0.000 (       0.000,       0.000)
    comm_coord    =       0.000 (       0.000,       0.000)
    comm_force    =       0.000 (       0.000,       0.000)
    comm_migrate  =       0.000 (       0.000,       0.000)

Note: The following floating-point exceptions are signalling:Note: The following floating-point exceptions are signalling: IEEE_INVALID_FLAG IEEE_DIVIDE_BY_ZERO IEEE_UNDERFLOW_FLAG IEEE_DENORMAL
Note: The following floating-point exceptions are signalling: IEEE_DIVIDE_BY_ZERO IEEE_UNDERFLOW_FLAG IEEE_DENORMAL
Note: The following floating-point exceptions are signalling: IEEE_DIVIDE_BY_ZERO IEEE_UNDERFLOW_FLAG IEEE_DENORMAL
Note: The following floating-point exceptions are signalling: IEEE_DIVIDE_BY_ZERO IEEE_UNDERFLOW_FLAG IEEE_DENORMAL
Note: The following floating-point exceptions are signalling: IEEE_DIVIDE_BY_ZERO IEEE_UNDERFLOW_FLAG IEEE_DENORMAL
Note: The following floating-point exceptions are signalling: IEEE_DIVIDE_BY_ZERO IEEE_UNDERFLOW_FLAG IEEE_DENORMAL
Note: The following floating-point exceptions are signalling: IEEE_DIVIDE_BY_ZERO IEEE_UNDERFLOW_FLAG IEEE_DENORMAL
Note: The following floating-point exceptions are signalling: IEEE_DIVIDE_BY_ZERO IEEE_UNDERFLOW_FLAG IEEE_DENORMALNote: The following floating-point exceptions are signalling: IEEE_INVALID_FLAG IEEE_DIVIDE_BY_ZERO IEEE_UNDERFLOW_FLAG IEEE_DENORMAL
Note: The following floating-point exceptions are signalling: IEEE_DIVIDE_BY_ZERO IEEE_UNDERFLOW_FLAG IEEE_DENORMAL
 IEEE_DIVIDE_BY_ZERO IEEE_UNDERFLOW_FLAG IEEE_DENORMAL
Note: The following floating-point exceptions are signalling: IEEE_INVALID_FLAG IEEE_DIVIDE_BY_ZERO IEEE_UNDERFLOW_FLAG IEEE_DENORMAL
Note: The following floating-point exceptions are signalling: IEEE_DIVIDE_BY_ZERO IEEE_UNDERFLOW_FLAG IEEE_DENORMAL
Note: The following floating-point exceptions are signalling: IEEE_INVALID_FLAG IEEE_DIVIDE_BY_ZERO IEEE_UNDERFLOW_FLAG IEEE_DENORMAL
Note: The following floating-point exceptions are signalling: IEEE_DIVIDE_BY_ZERO IEEE_UNDERFLOW_FLAG IEEE_DENORMAL

Note: The following floating-point exceptions are signalling: IEEE_DIVIDE_BY_ZERO IEEE_UNDERFLOW_FLAG IEEE_DENORMAL
Note: The following floating-point exceptions are signalling: IEEE_DIVIDE_BY_ZERO IEEE_UNDERFLOW_FLAG IEEE_DENORMAL
Note: The following floating-point exceptions are signalling: IEEE_DIVIDE_BY_ZERO IEEE_UNDERFLOW_FLAG IEEE_DENORMAL
Note: The following floating-point exceptions are signalling: IEEE_DIVIDE_BY_ZERO IEEE_UNDERFLOW_FLAG IEEE_DENORMAL
Note: The following floating-point exceptions are signalling: IEEE_DIVIDE_BY_ZERO IEEE_UNDERFLOW_FLAG IEEE_DENORMAL
Note: The following floating-point exceptions are signalling: IEEE_DIVIDE_BY_ZERO IEEE_UNDERFLOW_FLAG IEEE_DENORMAL
Note: The following floating-point exceptions are signalling: IEEE_DIVIDE_BY_ZERO IEEE_UNDERFLOW_FLAG IEEE_DENORMAL
Note: The following floating-point exceptions are signalling: IEEE_DIVIDE_BY_ZERO IEEE_UNDERFLOW_FLAG IEEE_DENORMAL
Note: The following floating-point exceptions are signalling: IEEE_DIVIDE_BY_ZERO IEEE_UNDERFLOW_FLAG IEEE_DENORMAL
Note: The following floating-point exceptions are signalling: IEEE_DIVIDE_BY_ZERO IEEE_UNDERFLOW_FLAG IEEE_DENORMAL
Note: The following floating-point exceptions are signalling: IEEE_DIVIDE_BY_ZERO IEEE_UNDERFLOW_FLAG IEEE_DENORMAL
Note: The following floating-point exceptions are signalling: IEEE_DIVIDE_BY_ZERO IEEE_UNDERFLOW_FLAG IEEE_DENORMAL
Note: The following floating-point exceptions are signalling: IEEE_DIVIDE_BY_ZERO IEEE_UNDERFLOW_FLAG IEEE_DENORMAL
Note: The following floating-point exceptions are signalling: IEEE_DIVIDE_BY_ZERO IEEE_UNDERFLOW_FLAG IEEE_DENORMAL
Note: The following floating-point exceptions are signalling: IEEE_DIVIDE_BY_ZERO IEEE_UNDERFLOW_FLAG IEEE_DENORMAL
Note: The following floating-point exceptions are signalling: IEEE_DIVIDE_BY_ZERO IEEE_UNDERFLOW_FLAG IEEE_DENORMAL
Note: The following floating-point exceptions are signalling: IEEE_DIVIDE_BY_ZERO IEEE_UNDERFLOW_FLAG IEEE_DENORMAL
