(10.0.17.31:0,1,2,3,4,5,6,7)
(10.0.17.32:8,9,10,11,12,13,14,15)
(10.0.17.33:16,17,18,19,20,21,22,23)
(10.0.17.34:24,25,26,27,28,29,30,31)

[0] MPI startup(): libfabric version: 1.7.2a-impi
[0] MPI startup(): libfabric provider: psm2
[0] MPI startup(): Rank    Pid      Node name    Pin cpu
[0] MPI startup(): 0       10379    cx1119.obcx  {0,1,2,3,4,5,6}
[0] MPI startup(): 1       10380    cx1119.obcx  {7,8,9,10,11,12,13}
[0] MPI startup(): 2       10381    cx1119.obcx  {14,15,16,17,18,19,20}
[0] MPI startup(): 3       10382    cx1119.obcx  {21,22,23,24,25,26,27}
[0] MPI startup(): 4       10383    cx1119.obcx  {28,29,30,31,32,33,34}
[0] MPI startup(): 5       10384    cx1119.obcx  {35,36,37,38,39,40,41}
[0] MPI startup(): 6       10385    cx1119.obcx  {42,43,44,45,46,47,48}
[0] MPI startup(): 7       10386    cx1119.obcx  {49,50,51,52,53,54,55}
[0] MPI startup(): 8       133997   cx1120.obcx  {0,1,2,3,4,5,6}
[0] MPI startup(): 9       133998   cx1120.obcx  {7,8,9,10,11,12,13}
[0] MPI startup(): 10      133999   cx1120.obcx  {14,15,16,17,18,19,20}
[0] MPI startup(): 11      134000   cx1120.obcx  {21,22,23,24,25,26,27}
[0] MPI startup(): 12      134001   cx1120.obcx  {28,29,30,31,32,33,34}
[0] MPI startup(): 13      134002   cx1120.obcx  {35,36,37,38,39,40,41}
[0] MPI startup(): 14      134003   cx1120.obcx  {42,43,44,45,46,47,48}
[0] MPI startup(): 15      134004   cx1120.obcx  {49,50,51,52,53,54,55}
[0] MPI startup(): 16      240069   cx1121.obcx  {0,1,2,3,4,5,6}
[0] MPI startup(): 17      240070   cx1121.obcx  {7,8,9,10,11,12,13}
[0] MPI startup(): 18      240071   cx1121.obcx  {14,15,16,17,18,19,20}
[0] MPI startup(): 19      240072   cx1121.obcx  {21,22,23,24,25,26,27}
[0] MPI startup(): 20      240073   cx1121.obcx  {28,29,30,31,32,33,34}
[0] MPI startup(): 21      240074   cx1121.obcx  {35,36,37,38,39,40,41}
[0] MPI startup(): 22      240075   cx1121.obcx  {42,43,44,45,46,47,48}
[0] MPI startup(): 23      240076   cx1121.obcx  {49,50,51,52,53,54,55}
[0] MPI startup(): 24      113143   cx1122.obcx  {0,1,2,3,4,5,6}
[0] MPI startup(): 25      113144   cx1122.obcx  {7,8,9,10,11,12,13}
[0] MPI startup(): 26      113145   cx1122.obcx  {14,15,16,17,18,19,20}
[0] MPI startup(): 27      113146   cx1122.obcx  {21,22,23,24,25,26,27}
[0] MPI startup(): 28      113147   cx1122.obcx  {28,29,30,31,32,33,34}
[0] MPI startup(): 29      113148   cx1122.obcx  {35,36,37,38,39,40,41}
[0] MPI startup(): 30      113149   cx1122.obcx  {42,43,44,45,46,47,48}
[0] MPI startup(): 31      113150   cx1122.obcx  {49,50,51,52,53,54,55}
[0] MPI startup(): I_MPI_OFI_LIBRARY_INTERNAL=1
[0] MPI startup(): I_MPI_ROOT=/work/opt/local/cores/intel/impi/2019.5.281
[0] MPI startup(): I_MPI_HYDRA_BOOTSTRAP_EXEC=/usr/local/bin/pjrsh4calc
[0] MPI startup(): I_MPI_HYDRA_BOOTSTRAP_AUTOFORK=0
[0] MPI startup(): I_MPI_HYDRA_TOPOLIB=hwloc
[0] MPI startup(): I_MPI_HYDRA_HOST_FILE=/work/00/hp200098/o30000/tim/tim5/b3lypD3.rpath1/4.equil2_ob/.d0000793832_nodeinfo
[0] MPI startup(): I_MPI_PERHOST=8
[0] MPI startup(): I_MPI_INTERNAL_MEM_POLICY=default
[0] MPI startup(): I_MPI_DEBUG=5
****************************************************
*                                                  *
*                  GENESIS ATDYN                   *
*                                                  *
*        A Molecular Dynamics Simulator with       *
*            Atomic Decomposition Scheme           *
*                                                  *
*               Developed by RIKEN                 *
*                                                  *
****************************************************
 
[STEP0] Architecture and Compiler Information
 
GENESIS_Information> GENESIS Information
  version      = 1.6.0
  commit ID    = $GENESIS_VERSION$
  precision    = double
  nonbonding   = CPU

Build_Information> Compiler Information
  build host   = o30000@obcx03.obcx
  fortran      = GNU Fortran (GCC) 7.5.0
  option       = -O3 -ffast-math -march=native -ffree-line-length-none -fopenmp 
  C            = gcc (GCC) 7.5.0
  option       = -O3 -ffast-math -march=native -fopenmp
  defined var. =  -DMPI -DOMP -DFFTE -DLAPACK -DDSFMT_MEXP=19937 -D__GFORTRAN__
  link option  = -L/work/hp200098/share/local/lib -fopenmp -lmkl_scalapack_lp64 -lmkl_blacs_intelmpi_lp64 -lmkl_intel_lp64 -lmkl_intel_thread -lmkl_core -liomp5 -lpthread -lm 

Runtime_Information> Machine and Library Information
  date       = 2021/02/05 18:01:12
  cpu model    = Intel(R) Xeon(R) Platinum 8280 CPU @ 2.70GHz
  exec. host   = o30000@cx1119.obcx
  LD library   = /work/hp200098/share/local/lib:/work/opt/local/cores/intel/compilers_and_libraries_2019.5.281/linux/tbb/lib/intel64_lin/gcc4.7:/work/opt/local/cores/intel/compilers_and_libraries_2019.5.281/linux/compiler/lib/intel64_lin:/work/opt/local/cores/intel/compilers_and_libraries_2019.5.281/linux/mkl/lib/intel64_lin:/work/opt/local/cores/intel/impi/2019.5.281/intel64/libfabric/lib:/work/opt/local/cores/intel/impi/2019.5.281/intel64/lib/release:/work/opt/local/cores/intel/impi/2019.5.281/intel64/lib:/work/opt/local/cores/gcc/7.5.0/lib64

[STEP1] Read Control Parameters
 
Read_Ctrl_Input> Input Files
  topfile = toppar/top_all36_prot.rtf, toppar/top_all36_cgenff.rtf
  parfile = toppar/par_all36_prot.prm, toppar/par_all36_cgenff.prm
  strfile = toppar/toppar_water_ions.str, toppar/toppar_dhap.3.str
  psffile = ../../2.equil/step4_nvt_100.psf
  pdbfile = ../../2.equil/step4_nvt_100.pdb
  rstfile = ../3.equil1/equil1_7.rst
  reffile = ../../2.equil/step4_nvt_100.pdb
 
Read_Ctrl_Output> Output Files
  dcdfile    = equil2_7.dcd
  rstfile    = equil2_7.rst
 
Read_Ctrl_Energy> Parameters of Energy Calculations
  forcefield      =     CHARMM
  switchdist      =     16.000  cutoffdist      =     18.000
  pairlistdist    =     19.500  dielec_const    =      1.000
  vdW force_switch=        yes
  electrostatic   =  CUTOFF
  implicit_solvent=       none
  table_order     =          3
  table_density   =     20.000
  water_model     =       NONE
  output_style    =    GENESIS
  dispersion_corr =       none
  nonb_limiter    =      no
 
Read_Ctrl_Dynamics> Parameters of MD simulation
  integrator      =       VVER  nsteps          =       4000
  timestep        =     0.0005  initial_time    =     0.0000
  eneout_period   =         50  rstout_period   =         50
  crdout_period   =         50  velout_period   =          0
  nbupdate_period =         10  stoptr_period   =         10
  iseed           =   20190319
  annealing       =         no
  verbose         =         no
  target_md       =         no
  steered_md      =         no
  esp_mm          =         no
 
Read_Ctrl_Constraints> Parameters for Constraints
  rigid_bond      =        yes
  shake_iteration =        500  shake_tolerance =  0.100E-09
  fast_water      =        yes  water_model     =       TIP3
  hydrogen_type   =  name|mass
  noshake_index   = 4  11  12  13
  fixatm_select_index        =       none
 
Read_Ctrl_Ensemble> Parameters for Ensemble
  ensemble        =        NVT
  temperature     =    300.000
  tpcontrol       =      BUSSI
  tau_t           =      0.500
 
Read_Ctrl_Boundary> Parameters of Boundary Condition
  type            =       NOBC
  spherical_pot   =        yes  restart         =          T
  center_info     =       read  modify_ratio    =      1.000
  constant        =     10.000  exponent        =          2
  fixatom         =          T  fix_layer       =      1.000
 
Read_Ctrl_Selection> Parameters of Selection
  # of groups     =         13
    group 1 = sid:DHA or (sid:TIMA and (rno:95 or rno:165) and          not (an:CA  | an:C   | an:O   | an:N | an:HN | an:HA))
    group 2 = atomno:1900 or atomno:5687
    group 3 = atomno:1442
    group 4 = atomno:1443
    group 5 = atomno:2559
    group 6 = atomno:2560
    group 7 = atomno:7583
    group 8 = atomno:7584
    group 9 = atomno:7585
    group 10 = atomno:7586
    group 11 = atomno:7587
    group 12 = atomno:7588
    group 13 = atomno:7589
  # of mole names =          0
 
Read_Ctrl_Restraints> Parameters of Restraint
  numfunc         =   6
  function1 = POSI     
    direction     = ALL 
    constant      = 10.0
    reference     = 
    select_index  = 2
    mode          =   0
    exponent      =   2
    exponent_dist = 
    weight_dist   = 

  function2 = DIST     
    constant      = 100.0
    reference     = 1.9522
    select_index  = 6  12
    mode          =   0
    exponent      =   2
    exponent_dist = 
    weight_dist   = 

  function3 = DIST     
    constant      = 100.0
    reference     = 1.0997
    select_index  = 9  12
    mode          =   0
    exponent      =   2
    exponent_dist = 
    weight_dist   = 

  function4 = DIST     
    constant      = 100.0
    reference     = 1.9667
    select_index  = 5  11
    mode          =   0
    exponent      =   2
    exponent_dist = 
    weight_dist   = 

  function5 = DIST     
    constant      = 100.0
    reference     = 1.8587
    select_index  = 8   4
    mode          =   0
    exponent      =   2
    exponent_dist = 
    weight_dist   = 

  function6 = DIST     
    constant      = 100.0
    reference     = 2.7306
    select_index  = 3  11
    mode          =   0
    exponent      =   2
    exponent_dist = 
    weight_dist   = 

  pressure_position   = NO
  pressure_rmsd     = NO

Read_Ctrl_Fitting_MD> Parameters of Fitting
  fitting method  =  TR+ROT   
  fitting atom    = group1
  mass_weight     =         no
 
Read_Ctrl_QMMM> Parameters of QM/MM
  qmtyp              = qsimulate
  qmcnt              = qsimulate.json
  qmexe              = 
  workdir            = equil2_7
  savedir            = none
  basename           = job
  qmsave_period      = 500
  qmmaxtrial         = 1
  qmatm_select_index = 1
  exclude_charge     = GROUP
 
[STEP2] Setup MPI
 
Setup_Mpi_Md> Summary of Setup MPI
  number of MPI processes   =         32
  number of OpenMP threads  =          7
  total number of CPU cores =        224

[STEP3] Set Relevant Variables and Structures
 
Input_Top> Summary of Topfile
  num_atom_class  =        212  num_resi_type   =        685
 
Input_Par> Summary of Parfile
  num_bonds       =        658  num_angles      =       2003
  num_dihedrals   =       4838  num_impropers   =        163
  num_atom_cls    =        212  num_nbfix       =         75
  num_cmap_terms  =          6
 
Input_Str> Summary of Top information
  num_atom_class  =        227  num_resi_type   =        700
 
Input_Str> Summary of Par information
  num_bonds       =        663  num_angles      =       2006
  num_dihedrals   =       4850  num_impropers   =        163
  num_atom_cls    =        227  num_nbfix       =         90
  num_cmap_terms  =          6
 
Read_Psf> Summary of Psffile
  psftype         =      xplor
  num_atoms       =      37226  num_bonds       =      37288
  num_angles      =      23768  num_dihedrals   =      20268
  num_impropers   =       1292  num_cmap_terms  =        494
  num_HB_donors   =      20596  num_HB_acceptors=      10610
  num_NB_exclusion=          0  num_groups      =      12168
  total_charge    =    -10.000
 
Check_Pdb> 6-column residue sequence number
 
Read_Pdb> Summary of Data in PDB file
  num_atoms       =      37226
 
Read_Rst_Binary> Summary of RST file
  num_atoms       =      37226  iseed           =   20190319
  boxsize (x,y,z) =      0.000     0.000     0.000
  spherical_pot     =      yes
  nfunctions                 2  num_fixatm              9645
  num_of_qm_charge          35

Define_Molecule> Summary of molecules
  num_atoms       =      37226  num_bonds       =      37288
  num_angles      =      23768  num_dihedrals   =      20268
  num_impropers   =       1292  num_cmap_terms  =        494
  num_residues    =      10370  num_molecules   =       9878
  num_segments    =          6  num_deg_freedom =     111678
  total_charge    =    -10.000
 
Setup_Boundary> Setup Variables for Boundary Condition
  origin(x,y,z)   =      0.000     0.000     0.000
  nfunctions      =        2
    center(x,y,z) =     17.000     0.000     0.000
    radius        =     35.000
    constant      =     10.000
    exponent      =          2
    center(x,y,z) =    -17.000     0.000     0.000
    radius        =     35.000
    constant      =     10.000
    exponent      =          2

  num_fixatm      =     9645

 
Random_Init> Initialize the random number
  seed            = 20190319

Setup_QMMM> Setup QM region
  QM assignment info
  1435 TIMA     95 HSE    CB   CT2    assigned to QM atom    1 of element: C     6
  1436 TIMA     95 HSE    HB1  HA2    assigned to QM atom    2 of element: H     1
  1437 TIMA     95 HSE    HB2  HA2    assigned to QM atom    3 of element: H     1
  1438 TIMA     95 HSE    ND1  NR2    assigned to QM atom    4 of element: N     7
  1439 TIMA     95 HSE    CG   CPH1   assigned to QM atom    5 of element: C     6
  1440 TIMA     95 HSE    CE1  CPH2   assigned to QM atom    6 of element: C     6
  1441 TIMA     95 HSE    HE1  HR1    assigned to QM atom    7 of element: H     1
  1442 TIMA     95 HSE    NE2  NR1    assigned to QM atom    8 of element: N     7
  1443 TIMA     95 HSE    HE2  H      assigned to QM atom    9 of element: H     1
  1444 TIMA     95 HSE    CD2  CPH1   assigned to QM atom   10 of element: C     6
  1445 TIMA     95 HSE    HD2  HR3    assigned to QM atom   11 of element: H     1
  2552 TIMA    165 GLU    CB   CT2A   assigned to QM atom   12 of element: C     6
  2553 TIMA    165 GLU    HB1  HA2    assigned to QM atom   13 of element: H     1
  2554 TIMA    165 GLU    HB2  HA2    assigned to QM atom   14 of element: H     1
  2555 TIMA    165 GLU    CG   CT2    assigned to QM atom   15 of element: C     6
  2556 TIMA    165 GLU    HG1  HA2    assigned to QM atom   16 of element: H     1
  2557 TIMA    165 GLU    HG2  HA2    assigned to QM atom   17 of element: H     1
  2558 TIMA    165 GLU    CD   CC     assigned to QM atom   18 of element: C     6
  2559 TIMA    165 GLU    OE1  OC     assigned to QM atom   19 of element: O     8
  2560 TIMA    165 GLU    OE2  OC     assigned to QM atom   20 of element: O     8
  7575 DHA     249 DHAP   P    PG2    assigned to QM atom   21 of element: P    15
  7576 DHA     249 DHAP   O1P  OG303  assigned to QM atom   22 of element: O     8
  7577 DHA     249 DHAP   O2P  OG2P1  assigned to QM atom   23 of element: O     8
  7578 DHA     249 DHAP   O3P  OG2P1  assigned to QM atom   24 of element: O     8
  7579 DHA     249 DHAP   O4P  OG2P1  assigned to QM atom   25 of element: O     8
  7580 DHA     249 DHAP   C1   CG321  assigned to QM atom   26 of element: C     6
  7581 DHA     249 DHAP   H11  HGA2   assigned to QM atom   27 of element: H     1
  7582 DHA     249 DHAP   H12  HGA2   assigned to QM atom   28 of element: H     1
  7583 DHA     249 DHAP   C2   CG2O5  assigned to QM atom   29 of element: C     6
  7584 DHA     249 DHAP   O2   OG2D3  assigned to QM atom   30 of element: O     8
  7585 DHA     249 DHAP   C3   CG321  assigned to QM atom   31 of element: C     6
  7586 DHA     249 DHAP   O3   OG311  assigned to QM atom   32 of element: O     8
  7587 DHA     249 DHAP   HO3  HGP1   assigned to QM atom   33 of element: H     1
  7588 DHA     249 DHAP   H31  HGA2   assigned to QM atom   34 of element: H     1
  7589 DHA     249 DHAP   H32  HGA2   assigned to QM atom   35 of element: H     1
  number of QM atoms = 35
 
  QM charges retreived from rstfile.
 

Generate_LinkAtoms> QM-MM interface info. Link hydrogen is set between:
              [ QM atom ]             -             [ MM atom ]
  1435 TIMA     95 HSE    CB   CT2    -   1433 TIMA     95 HSE    CA   CT1   
                                          1431 TIMA     95 HSE    N    NH1    excluded
                                          1432 TIMA     95 HSE    HN   H      excluded
                                          1434 TIMA     95 HSE    HA   HB1    excluded
  2552 TIMA    165 GLU    CB   CT2A   -   2550 TIMA    165 GLU    CA   CT1   
                                          2548 TIMA    165 GLU    N    NH1    excluded
                                          2549 TIMA    165 GLU    HN   H      excluded
                                          2551 TIMA    165 GLU    HA   HB1    excluded

  number of link atoms           = 2
  number of external MM charges  = 37183


  Check the input file for QSimulate [ qsimulate.json ]
Setup_Enefunc_Cmap_Par> Natural spline is used to derive cmap coefs.

Setup_Enefunc_Table> Setup Variables for LookupTable
  num_solutes     =      37226  num_waters      =          0

Setup_Enefunc_Restraint> Setup restraint groups
 group =     1, "sid:DHA or (sid:TIMA and (rno:95 or rno:165) and          not (an:CA  | an:C   | an:O   | an:N | an:HN | an:HA))"
 # of atoms =    35
 atomlist: 
   1435   1436   1437   1438   1439   1440   1441   1442   1443   1444
   1445   2552   2553   2554   2555   2556   2557   2558   2559   2560
   7575   7576   7577   7578   7579   7580   7581   7582   7583   7584
   7585   7586   7587   7588   7589
 group =     2, "atomno:1900 or atomno:5687"
 # of atoms =     2
 atomlist: 
   1900   5687
 group =     3, "atomno:1442"
 # of atoms =     1
 atomlist: 
   1442
 group =     4, "atomno:1443"
 # of atoms =     1
 atomlist: 
   1443
 group =     5, "atomno:2559"
 # of atoms =     1
 atomlist: 
   2559
 group =     6, "atomno:2560"
 # of atoms =     1
 atomlist: 
   2560
 group =     7, "atomno:7583"
 # of atoms =     1
 atomlist: 
   7583
 group =     8, "atomno:7584"
 # of atoms =     1
 atomlist: 
   7584
 group =     9, "atomno:7585"
 # of atoms =     1
 atomlist: 
   7585
 group =    10, "atomno:7586"
 # of atoms =     1
 atomlist: 
   7586
 group =    11, "atomno:7587"
 # of atoms =     1
 atomlist: 
   7587
 group =    12, "atomno:7588"
 # of atoms =     1
 atomlist: 
   7588
 group =    13, "atomno:7589"
 # of atoms =     1
 atomlist: 
   7589
Setup_Enefunc_Restraint> Setup restraint functions
 func  =     1 kind  =     1
 const(total, x, y, z) =   10.000   1.000   1.000   1.000
 exponend of function =     2
 # of groups  =     1
 grouplist:   2

 func  =     2 kind  =     2
 const             =  100.000
 ref               =    1.952
 exponend of function =     2
 # of distances  =     1
 distancelist: 
 group = (  6, 12) weight =    1.000 exponent =     1

 func  =     3 kind  =     2
 const             =  100.000
 ref               =    1.100
 exponend of function =     2
 # of distances  =     1
 distancelist: 
 group = (  9, 12) weight =    1.000 exponent =     1

 func  =     4 kind  =     2
 const             =  100.000
 ref               =    1.967
 exponend of function =     2
 # of distances  =     1
 distancelist: 
 group = (  5, 11) weight =    1.000 exponent =     1

 func  =     5 kind  =     2
 const             =  100.000
 ref               =    1.859
 exponend of function =     2
 # of distances  =     1
 distancelist: 
 group = (  8,  4) weight =    1.000 exponent =     1

 func  =     6 kind  =     2
 const             =  100.000
 ref               =    2.731
 exponend of function =     2
 # of distances  =     1
 distancelist: 
 group = (  3, 11) weight =    1.000 exponent =     1

Define_Enefunc_CHARMM> Number of Interactions in Each Term
  bond_ene        =      37255  angle_ene       =      23717
  urey_ene        =       6639
  torsion_ene     =      23862  improper_ene    =       1285
  cmap_ene        =        494
  restraint_groups=         13  restraint_funcs =          6
 
Setup_Fitting_Atdyn> NO fitting is applied, skip
  fitting method  =  NO

Update_Num_Deg_Freedom> Number of degrees of freedom was updated
  num_deg_freedom =      82743 (After setup of fixed atoms at boundary)
 
Remove_Fixatm> Modified Interactions
  bond_ene        =      27610  angle_ene       =      20502
  urey_ene        =       6639
  torsion_ene     =      23862  improper_ene    =       1285
 
Setup_Constraints> The following atoms are excluded from SHAKE:
    1443    7587    7588    7589
Setup_Settle> Setup constraints for SETTLE
  num_unconsbonds =       7633      num_Settle  =       6659
  r0(O-H)         =     0.9572  mass(O)         =    15.9994
  r0(H-H)         =     1.5139  mass(H)         =     1.0080
 
Setup_Shake> Setup constrains for SHAKE and RATTLE
  num_unconsbonds =       3837  num_rigid_bonds =       3796
 
  num_qm_rigid_bonds =         10
 
Update_Num_Deg_Freedom> Number of degrees of freedom was updated
  num_deg_freedom =      62766 (After setup of SETTLE)
 
Update_Num_Deg_Freedom> Number of degrees of freedom was updated
  num_deg_freedom =      58960 (After setup of SHAKE/RATTLE)
 
[STEP4] Compute Single Point Energy for Molecules
 
            STEP            BOND           ANGLE    UREY-BRADLEY        DIHEDRAL        IMPROPER            CMAP         VDWAALS           ELECT    RESTRAINT001    RESTRAINT002    RESTRAINT003    RESTRAINT004    RESTRAINT005    RESTRAINT006    RESTR_CVS001    RESTR_CVS002    RESTR_CVS003    RESTR_CVS004    RESTR_CVS005    RESTR_CVS006              QM            SPOT
 --------------- --------------- --------------- --------------- ---------------
               0       1487.1149       3776.4940        455.5018       4505.4501        270.2810       -185.2746       7163.7698    -117199.2311          5.8120          0.0189          0.1608          0.0874          0.0007          0.0295          0.0000          1.9385          1.0596          1.9371          1.8613          2.7478    -906489.0390         17.1529

[STEP5] Perform Molecular Dynamics Simulation
 
INFO:       STEP            TIME       TOTAL_ENE   POTENTIAL_ENE     KINETIC_ENE            RMSG            BOND           ANGLE    UREY-BRADLEY        DIHEDRAL        IMPROPER            CMAP         VDWAALS           ELECT RESTRAINT_TOTAL    RESTRAINT001    RESTRAINT002    RESTRAINT003    RESTRAINT004    RESTRAINT005    RESTRAINT006    RESTR_CVS001    RESTR_CVS002    RESTR_CVS003    RESTR_CVS004    RESTR_CVS005    RESTR_CVS006     TEMPERATURE          VOLUME              QM            SPOT
 --------------- --------------- --------------- --------------- ---------------
INFO:         50          0.0250    -988388.4071   -1005929.6710      17541.2638         12.6283       1527.7032       3757.9271        457.2421       4513.2761        283.2861       -197.2257       7131.7657    -116929.8006          7.8847          5.4043          1.0939          0.0460          0.9100          0.0070          0.4234          0.0000          2.0568          1.1211          2.0621          1.8504          2.7957        299.4290          0.0000    -906481.7297         11.6406

INFO:        100          0.0500    -988420.1755   -1006064.1675      17643.9920         12.5881       1457.6416       3776.8855        461.0946       4478.6352        253.7912       -202.7034       7098.2024    -116922.5007          4.4265          4.3287          0.0096          0.0464          0.0008          0.0132          0.0277          0.0000          1.9620          1.1212          1.9639          1.8472          2.7473        301.1825          0.0000    -906469.6404         16.4230

INFO:        150          0.0750    -988451.0459   -1006119.5530      17668.5072         12.6199       1475.2454       3713.9320        457.4734       4499.7903        285.7611       -186.5463       7020.9709    -116900.8244          4.0753          2.6423          0.7375          0.0638          0.0320          0.1511          0.4486          0.0000          2.0381          1.0745          1.9846          1.8198          2.7976        301.6010          0.0000    -906489.4307         12.7041

INFO:        200          0.1000    -988402.2006   -1006173.0189      17770.8183         12.5725       1516.6296       3698.0641        457.7813       4524.8962        284.7341       -190.0182       7044.8633    -117029.7638          4.5566          3.2738          0.1364          0.0150          0.2829          0.2273          0.6213          0.0000          1.9153          1.1119          2.0199          1.8110          2.8094        303.3474          0.0000    -906484.7621         13.9521

INFO:        250          0.1250    -988369.0486   -1006082.4752      17713.4266         12.6007       1552.7956       3755.5155        474.1438       4512.3062        261.0808       -196.6606       6956.1719    -116903.9006          4.3627          3.6453          0.4293          0.0773          0.1963          0.0052          0.0093          0.0000          2.0177          1.1275          1.9224          1.8515          2.7209        302.3678          0.0000    -906498.2906         14.2911

INFO:        300          0.1500    -988404.8514   -1006094.7062      17689.8548         12.6025       1536.3332       3710.2067        454.8027       4513.9442        285.3363       -196.2153       6863.1425    -116770.0549          4.0647          3.0342          0.0009          0.1072          0.1271          0.0040          0.7912          0.0000          1.9552          1.0670          1.9311          1.8650          2.8196        301.9654          0.0000    -906496.2663         13.5319

INFO:        350          0.1750    -988439.0519   -1006196.3497      17757.2978         12.5599       1477.3418       3760.1725        460.4857       4509.9728        259.9094       -207.9172       6929.7421    -116876.6505          3.3914          2.3096          0.2392          0.0395          0.7904          0.0045          0.0081          0.0000          2.0011          1.1196          1.8778          1.8520          2.7216        303.1166          0.0000    -906512.7976         12.2958

INFO:        400          0.2000    -988450.7701   -1006044.9145      17594.1445         12.5936       1485.3732       3801.1554        461.7864       4488.9752        261.2886       -181.9199       7193.3074    -117061.6322          3.0573          1.1152          0.0162          0.0786          0.9080          0.2666          0.6727          0.0000          1.9395          1.1277          2.0620          1.9103          2.8126        300.3316          0.0000    -906496.3059         18.5314

INFO:        450          0.2250    -988519.4220   -1006224.0801      17704.6581         12.6015       1538.5364       3737.6097        481.0175       4504.8318        257.6593       -195.5577       7081.2271    -117116.6771          2.7344          1.3302          0.6310          0.0247          0.4429          0.0742          0.2314          0.0000          2.0316          1.0840          1.9002          1.8859          2.7787        302.2181          0.0000    -906515.4615         23.9463

INFO:        500          0.2500    -988479.9548   -1006317.0342      17837.0794         12.5790       1493.3172       3722.9870        459.9792       4483.3933        266.4067       -174.4488       7012.3154    -117077.6224          2.8669          2.4842          0.2700          0.0050          0.0533          0.0543          0.0000          0.0000          1.9002          1.1068          1.9436          1.8354          2.7305        304.4785          0.0000    -906506.2287         20.4451

INFO:        550          0.2750    -988503.1792   -1006251.0191      17747.8400         12.5627       1526.9780       3721.3232        471.4922       4492.8246        266.3669       -185.1454       7049.1796    -117072.0645          5.0424          3.5385          0.8883          0.1508          0.0036          0.1536          0.3077          0.0000          2.0464          1.1385          1.9727          1.8979          2.7861        302.9552          0.0000    -906527.0162         19.8905

INFO:        600          0.3000    -988486.9546   -1006222.2683      17735.3137         12.5235       1490.4637       3776.9548        462.9053       4503.3201        258.5973       -191.7989       7037.6168    -117069.2474          3.7256          3.3508          0.1303          0.0638          0.0335          0.0754          0.0718          0.0000          1.9883          1.0745          1.9484          1.8862          2.7038        302.7414          0.0000    -906494.8057         16.1437

INFO:        650          0.3250    -988427.0029   -1005928.5483      17501.5454         12.6562       1562.0761       3780.8914        475.9705       4501.7256        265.5705       -190.5441       7071.9231    -116889.2416          6.3501          3.9307          0.0887          0.0000          1.6790          0.0688          0.5828          0.0000          1.9224          1.0995          1.8371          1.8849          2.8069        298.7510          0.0000    -906513.2701         17.2122

INFO:        700          0.3500    -988478.0905   -1006144.7520      17666.6614         12.5410       1495.4277       3736.5720        464.1079       4476.2741        275.7009       -202.5404       6875.6906    -116779.6221          4.0943          3.0437          0.5822          0.1169          0.0004          0.3361          0.0150          0.0000          2.0285          1.1339          1.9648          1.9167          2.7428        301.5695          0.0000    -906490.4569         16.0054

INFO:        750          0.3750    -988473.2556   -1006030.0123      17556.7567         12.6233       1497.4937       3799.2818        485.8022       4499.6592        280.5971       -187.8005       6851.8665    -116764.1260          5.3401          2.4321          1.8877          0.0300          0.1377          0.0494          0.8032          0.0000          2.0896          1.0824          2.0038          1.8365          2.8202        299.6934          0.0000    -906498.1263         18.2767

INFO:        800          0.4000    -988477.7549   -1006114.4162      17636.6612         12.5079       1452.2214       3784.1874        480.5966       4514.5362        267.1256       -185.5275       6951.2352    -116887.2244          4.3759          3.1215          0.7464          0.0060          0.1757          0.0307          0.2955          0.0000          1.8658          1.0919          1.9248          1.8412          2.7850        301.0574          0.0000    -906495.9427         15.9619

INFO:        850          0.4250    -988520.1279   -1006150.3338      17630.2059         12.5476       1510.3371       3713.7121        463.6284       4521.2560        243.2302       -195.9577       6982.3327    -116918.0940          4.3584          2.6427          1.0888          0.2073          0.2475          0.0012          0.1710          0.0000          2.0565          1.1452          1.9170          1.8553          2.7719        300.9472          0.0000    -906475.1368         17.4902

INFO:        900          0.4500    -988541.3407   -1006115.1627      17573.8220         12.6328       1566.5550       3773.7462        479.1361       4465.9079        274.4724       -195.2024       7054.7835    -117036.7920          4.9439          3.4844          0.2243          0.0712          0.0751          0.1268          0.9621          0.0000          1.9996          1.0730          1.9941          1.8231          2.8287        299.9847          0.0000    -906502.7134         14.1202

INFO:        950          0.4750    -988512.4180   -1006254.0228      17741.6047         12.6248       1473.6706       3787.6141        464.9202       4504.6644        273.9251       -215.2274       7330.1705    -117369.1006          3.5230          3.0271          0.2432          0.0279          0.1571          0.0052          0.0625          0.0000          2.0015          1.1164          1.9271          1.8659          2.7056        302.8488          0.0000    -906508.1828         12.3361

INFO:       1000          0.5000    -988548.3880   -1006196.7440      17648.3560         12.6525       1526.4476       3750.0416        462.3640       4460.6038        296.0255       -211.3338       7464.3478    -117470.2348          5.8436          2.6235          1.2545          0.0380          0.5706          0.0377          1.3195          0.0000          1.8402          1.1192          1.8912          1.8393          2.8455        301.2570          0.0000    -906480.8493         17.5831

INFO:       1050          0.5250    -988562.2296   -1006268.6596      17706.4300         12.6140       1511.7671       3725.2032        469.9001       4473.3362        272.6450       -201.1527       7385.6938    -117426.7446          4.7171          2.8720          0.8684          0.0043          0.0014          0.9536          0.0175          0.0000          2.0454          1.1062          1.9629          1.9564          2.7438        302.2483          0.0000    -906484.0248         14.3995

INFO:       1100          0.5500    -988596.5730   -1006216.0456      17619.4726         12.6507       1518.7741       3742.7538        463.9129       4496.2701        290.7144       -184.6048       7397.6408    -117453.8115          5.1790          2.0700          0.0929          0.0252          1.4198          0.4577          1.1135          0.0000          1.9827          1.0838          2.0859          1.9264          2.8361        300.7640          0.0000    -906492.8744         13.6529

INFO:       1150          0.5750    -988623.3797   -1006311.5986      17688.2189         12.6449       1530.8914       3733.5040        457.4761       4490.2296        302.5340       -192.0643       7450.8736    -117598.6051          3.0057          1.5935          0.2967          0.1787          0.5912          0.3386          0.0070          0.0000          2.0067          1.1420          1.8898          1.8005          2.7390        301.9375          0.0000    -906489.4437          8.0106

INFO:       1200          0.6000    -988654.4045   -1006343.9578      17689.5533         12.5874       1472.1188       3772.9854        469.4914       4534.0781        278.8664       -189.1419       7362.2516    -117556.3967          1.6052          1.3338          0.0357          0.0107          0.1713          0.0517          0.0020          0.0000          1.9333          1.0894          2.0081          1.8814          2.7351        301.9603          0.0000    -906489.8160         17.3122

INFO:       1250          0.6250    -988642.4483   -1006304.7496      17662.3013         12.6125       1483.8309       3806.0724        457.5449       4502.7864        284.7739       -196.3097       7357.8201    -117520.4267          3.3126          1.9888          0.3335          0.0320          0.1922          0.3240          0.4420          0.0000          2.0099          1.0818          1.9229          1.9156          2.7971        301.4951          0.0000    -906484.1543         13.1267

INFO:       1300          0.6500    -988712.5400   -1006436.8199      17724.2798         12.6457       1505.2249       3740.8577        471.4368       4507.3715        260.1104       -204.2559       7370.7268    -117613.3026          1.8277          1.5909          0.0057          0.0712          0.1233          0.0360          0.0006          0.0000          1.9598          1.1264          2.0018          1.8397          2.7330        302.5530          0.0000    -906476.8171         17.6601

INFO:       1350          0.6750    -988701.2832   -1006329.5636      17628.2804         12.6674       1533.4013       3771.0884        481.0050       4485.8887        270.2197       -205.0849       7317.8855    -117511.7725          2.9930          1.0075          0.1187          0.0002          0.4913          0.0058          1.3696          0.0000          1.9867          1.0984          1.8966          1.8511          2.8476        300.9143          0.0000    -906475.1878         17.8598

INFO:       1400          0.7000    -988694.9036   -1006356.5208      17661.6173         12.6432       1491.5870       3771.1128        462.2832       4482.6039        258.4878       -206.5436       7256.0619    -117362.3196          2.9529          1.2334          0.8172          0.0401          0.0150          0.6765          0.1707          0.0000          2.0426          1.0797          1.9545          1.7765          2.7719        301.4834          0.0000    -906512.7471         15.7204

INFO:       1450          0.7250    -988724.6559   -1006365.4799      17640.8239         12.5539       1475.9112       3717.0917        483.4760       4494.3838        258.4463       -196.5534       7352.9628    -117456.9228          3.3845          1.5910          0.1993          0.1901          0.6979          0.0517          0.6545          0.0000          1.9968          1.1433          2.0502          1.8360          2.8115        301.1284          0.0000    -906497.6599         23.2430

INFO:       1500          0.7500    -988705.6550   -1006421.9995      17716.3445         12.5895       1485.9642       3721.5917        470.8392       4478.8564        285.1003       -196.3102       7372.2171    -117534.0618          3.2864          2.0663          0.1241          0.0058          0.6665          0.2724          0.1513          0.0000          1.9170          1.0921          1.8851          1.9109          2.7695        302.4176          0.0000    -906509.4829         21.0223

INFO:       1550          0.7750    -988680.2461   -1006296.1065      17615.8605         12.5675       1519.8785       3732.4578        471.7635       4474.3519        260.1146       -190.5215       7447.5072    -117504.4109          3.8630          3.0487          0.7006          0.0102          0.0218          0.0223          0.0594          0.0000          2.0359          1.0896          1.9519          1.8438          2.7550        300.7023          0.0000    -906511.1106         19.2371

INFO:       1600          0.8000    -988670.6330   -1006291.9328      17621.2998         12.6475       1558.6836       3781.5015        477.5906       4478.7286        283.1857       -184.0261       7224.5933    -117423.2653          3.4607          2.8499          0.2274          0.1598          0.0049          0.1329          0.0858          0.0000          1.9999          1.1397          1.9737          1.8952          2.7599        300.7952          0.0000    -906492.3854         17.0550

INFO:       1650          0.8250    -988673.0302   -1006351.2794      17678.2492         12.5544       1514.0498       3804.3824        469.7238       4471.0052        276.7834       -182.2103       7374.2008    -117598.9619          3.0241          2.2416          0.0663          0.0001          0.1308          0.2809          0.3044          0.0000          1.9779          1.1006          1.9305          1.9117          2.6754        301.7673          0.0000    -906483.2767         15.6773

INFO:       1700          0.8500    -988680.4070   -1006239.2754      17558.8685         12.6423       1540.9858       3755.4443        478.0392       4488.0077        266.5526       -179.0542       7399.7287    -117503.3664          4.5757          2.1284          0.0002          0.0849          0.6612          0.1059          1.5952          0.0000          1.9509          1.0706          1.8854          1.8912          2.8569        299.7295          0.0000    -906490.1889         18.4446

INFO:       1750          0.8750    -988638.9925   -1006281.6113      17642.6187         12.5559       1486.9372       3704.4435        460.3347       4480.4806        244.2833       -164.3894       7333.8775    -117347.5687          2.8014          2.1925          0.0039          0.0246          0.3687          0.1749          0.0369          0.0000          1.9460          1.1154          1.9060          1.9005          2.7498        301.1591          0.0000    -906482.8114         13.2538

INFO:       1800          0.9000    -988616.6696   -1006367.6580      17750.9884         12.6080       1542.6691       3692.6458        471.9736       4449.6509        266.9308       -181.0188       7390.9634    -117513.8721          3.3305          2.2781          0.0018          0.0207          0.2576          0.1157          0.6567          0.0000          1.9564          1.1141          2.0175          1.8247          2.8116        303.0089          0.0000    -906490.9313         14.1343

INFO:       1850          0.9250    -988646.2735   -1006435.8657      17789.5922         12.5737       1499.5847       3729.9594        467.9143       4482.6228        257.4519       -172.8443       7262.1618    -117496.9859          4.1191          2.3116          0.6809          0.0203          0.4376          0.6545          0.0143          0.0000          2.0347          1.0854          1.9006          1.7778          2.7425        303.6679          0.0000    -906469.8495         14.3087

INFO:       1900          0.9500    -988684.9257   -1006376.3796      17691.4539         12.5800       1481.6718       3742.6269        467.9676       4472.8568        253.2087       -161.4666       7392.3255    -117560.2574          4.7185          3.2272          0.1875          0.0017          0.0028          1.1522          0.1471          0.0000          1.9089          1.1038          1.9720          1.9660          2.7689        301.9927          0.0000    -906470.0315          5.6105

INFO:       1950          0.9750    -988710.9553   -1006423.2765      17712.3212         12.6342       1491.3128       3761.1795        461.1869       4463.7885        276.9480       -174.3641       7445.8239    -117675.5709          5.3261          3.3335          0.0000          0.1063          0.0037          1.4695          0.4131          0.0000          1.9524          1.1323          1.9728          1.9799          2.7949        302.3489          0.0000    -906478.9072          7.9481

INFO:       2000          1.0000    -988752.8974   -1006344.8976      17592.0001         12.5956       1476.0744       3762.9458        462.5131       4489.2488        253.6370       -183.7063       7408.8706    -117537.4545          4.2175          3.6348          0.3868          0.0410          0.0271          0.0571          0.0706          0.0000          1.8900          1.0794          1.9502          1.8826          2.7572        300.2950          0.0000    -906481.2440         13.0404

INFO:       2050          1.0250    -988681.1701   -1006266.5738      17585.4037         12.6662       1524.6086       3746.9576        469.0493       4484.8926        256.2764       -188.7934       7508.0223    -117576.6998          7.4550          4.4464          1.0030          0.0001          0.5800          0.1405          1.2850          0.0000          2.0523          1.1007          1.8905          1.8212          2.8440        300.1824          0.0000    -906498.3423         13.4061

INFO:       2100          1.0500    -988689.4187   -1006291.3162      17601.8975         12.5959       1455.7599       3801.7757        478.0929       4478.5458        261.4562       -191.1566       7532.3015    -117631.5995          4.2298          3.0044          0.0376          0.0820          0.2536          0.8383          0.0138          0.0000          1.9716          1.1283          2.0171          1.7671          2.7188        300.4640          0.0000    -906480.7217         15.2107

INFO:       2150          1.0750    -988696.4463   -1006341.1549      17644.7086         12.5792       1500.9179       3810.6490        476.2311       4431.6651        248.7258       -187.6096       7334.4955    -117479.2150          5.8375          3.2326          0.0093          0.0000          0.4076          0.5188          1.6692          0.0000          1.9618          1.0991          1.9029          1.7867          2.8598        301.1948          0.0000    -906482.8520         11.9708

INFO:       2200          1.1000    -988688.3805   -1006432.6111      17744.2306         12.5898       1506.3743       3756.7373        472.9804       4474.1120        255.1642       -190.8172       7261.9117    -117494.2158          4.4745          3.5145          0.0864          0.0460          0.5229          0.1069          0.1979          0.0000          1.9816          1.0782          2.0390          1.8914          2.7751        302.8936          0.0000    -906479.3325         13.5564

INFO:       2250          1.1250    -988734.0861   -1006360.5595      17626.4735         12.6096       1548.1353       3688.1243        455.1529       4493.5199        255.4168       -192.6885       7174.3942    -117290.1982          4.5240          2.1878          0.1823          0.1218          0.8572          0.0104          1.1646          0.0000          1.9949          1.1346          1.8741          1.8689          2.8385        300.8835          0.0000    -906496.9402         14.1174

INFO:       2300          1.1500    -988715.3247   -1006404.7335      17689.4089         12.5997       1460.7790       3752.2988        461.8555       4469.5069        282.4302       -192.5805       7156.1435    -117319.0834          2.4683          1.8324          0.0837          0.0000          0.2778          0.2343          0.0402          0.0000          1.9233          1.1001          2.0194          1.8103          2.7106        301.9578          0.0000    -906478.5518         11.3128

INFO:       2350          1.1750    -988659.9487   -1006303.1269      17643.1782         12.5523       1437.6175       3784.0013        465.1197       4479.7732        237.2649       -193.5649       7211.4780    -117226.9202          4.4637          2.0879          0.5933          0.0065          0.2015          0.2550          1.3196          0.0000          2.0292          1.0916          1.9218          1.8082          2.8455        301.1686          0.0000    -906502.3600         11.9419

INFO:       2400          1.2000    -988636.1349   -1006325.3107      17689.1759         12.5822       1478.5489       3794.0604        478.1567       4517.8758        256.3223       -209.1037       7249.8615    -117417.0973          3.2786          1.9907          0.4203          0.0157          0.6423          0.1460          0.0636          0.0000          1.8874          1.1122          1.8866          1.8205          2.7558        301.9538          0.0000    -906477.2139         14.8669

INFO:       2450          1.2250    -988632.4555   -1006457.7888      17825.3333         12.5223       1426.3679       3745.7603        447.9809       4482.3520        284.6881       -198.6910       7381.2718    -117528.2538          3.1425          2.7166          0.0685          0.0483          0.0454          0.0548          0.2089          0.0000          1.9784          1.1217          1.9880          1.8821          2.7763        304.2780          0.0000    -906502.4076         15.4066

INFO:       2500          1.2500    -988676.6104   -1006349.8631      17673.2528         12.6135       1507.2417       3713.4015        470.6900       4497.8951        278.6698       -200.0664       7381.8183    -117508.0866          4.0130          2.2906          0.0404          0.0651          0.0000          1.1451          0.4718          0.0000          1.9723          1.0742          1.9661          1.9657          2.7993        301.6820          0.0000    -906495.4395         15.2056

INFO:       2550          1.2750    -988695.6897   -1006398.0938      17702.4042         12.5155       1437.4045       3731.7032        460.8353       4515.6548        284.7081       -205.5925       7231.9742    -117373.5686          2.2044          1.5466          0.0165          0.0181          0.4222          0.2007          0.0003          0.0000          1.9393          1.1131          1.9017          1.9035          2.7324        302.1796          0.0000    -906483.4173         15.0153

INFO:       2600          1.3000    -988636.8157   -1006076.4576      17439.6420         12.5341       1473.2930       3770.0239        472.6413       4538.5703        292.1705       -190.4984       7198.6598    -117191.2016          4.2760          2.6287          0.6902          0.0143          0.0394          0.0212          0.8822          0.0000          1.8691          1.1116          1.9866          1.8733          2.8245        297.6943          0.0000    -906444.3927         15.7620

INFO:       2650          1.3250    -988605.3691   -1006208.0818      17602.7127         12.5099       1496.0432       3795.6090        465.7815       4499.1247        259.9512       -191.9952       7105.2571    -117162.3086          4.0621          3.7775          0.0032          0.0058          0.0016          0.2453          0.0287          0.0000          1.9466          1.0921          1.9707          1.8092          2.7137        300.4779          0.0000    -906479.6068         20.3669

INFO:       2700          1.3500    -988602.3062   -1006208.3985      17606.0924         12.5356       1475.1087       3760.7208        461.7792       4487.8559        274.1029       -186.9330       7167.4030    -117180.5693          4.7552          3.5571          0.2003          0.0002          0.0124          0.0572          0.9280          0.0000          1.9970          1.0984          1.9556          1.8348          2.8269        300.5356          0.0000    -906472.6218         20.3345

INFO:       2750          1.3750    -988632.9145   -1006317.7896      17684.8751         12.5568       1519.4530       3741.5834        479.4049       4466.1037        269.5990       -187.5335       7238.1652    -117358.2924          4.5819          3.8337          0.0389          0.1363          0.2345          0.3327          0.0059          0.0000          1.9719          1.1366          1.9183          1.9164          2.7229        301.8804          0.0000    -906490.8549         16.9228

INFO:       2800          1.4000    -988647.7234   -1006244.1774      17596.4540         12.5443       1523.5067       3650.7481        462.7460       4492.4368        282.8378       -190.4039       7370.7975    -117336.5399          4.9541          2.6959          0.4382          0.0001          0.4827          0.7558          0.5814          0.0000          1.8860          1.1007          1.8972          1.9456          2.8068        300.3710          0.0000    -906505.2605         15.6313

INFO:       2850          1.4250    -988676.2025   -1006174.6590      17498.4565         12.5769       1483.3147       3730.8005        472.6921       4497.3220        258.3614       -191.8085       7371.1999    -117295.5679          3.6035          2.0855          0.1039          0.0372          0.2517          1.0034          0.1218          0.0000          1.9844          1.0804          2.0169          1.9589          2.7655        298.6982          0.0000    -906504.5768         10.4175

INFO:       2900          1.4500    -988642.9059   -1006258.7889      17615.8830         12.5516       1474.5695       3759.6785        462.9320       4485.6544        276.0380       -192.8431       7258.4494    -117290.0549          4.8401          2.8899          0.1321          0.0177          0.1848          1.1888          0.4266          0.0000          1.9159          1.1130          1.9237          1.9677          2.7959        300.7027          0.0000    -906498.0528         10.7725

INFO:       2950          1.4750    -988645.7127   -1006293.0994      17647.3866         12.5228       1483.1462       3713.6020        467.8640       4487.9758        270.9322       -184.7142       7152.9055    -117175.9164          3.3381          2.2839          0.0944          0.0434          0.6345          0.1685          0.1133          0.0000          1.9829          1.1205          1.8870          1.8177          2.7643        301.2405          0.0000    -906512.2326         13.3491

INFO:       3000          1.5000    -988682.0379   -1006213.4674      17531.4296         12.5785       1461.8977       3815.9388        468.5745       4488.6643        248.9498       -190.4475       7167.1832    -117192.6510          2.0393          1.8920          0.0936          0.0005          0.0395          0.0079          0.0058          0.0000          1.9828          1.0975          1.9468          1.8498          2.7382        299.2611          0.0000    -906483.6165         14.8711

INFO:       3050          1.5250    -988641.7257   -1006138.1213      17496.3956         12.5917       1503.8982       3766.9966        469.2962       4519.4559        262.1323       -187.2820       7045.7922    -117020.4111          1.9286          1.7325          0.1111          0.0217          0.0082          0.0054          0.0496          0.0000          1.9189          1.1144          1.9576          1.8660          2.7529        298.6631          0.0000    -906499.9281         15.5651

INFO:       3100          1.5500    -988628.6011   -1006180.4972      17551.8961         12.5091       1511.9187       3747.6164        477.6340       4543.9527        265.3946       -181.6836       7092.3526    -117155.5574          3.4264          2.3994          0.0538          0.0037          0.0100          0.9383          0.0212          0.0000          1.9754          1.1058          1.9767          1.7618          2.7160        299.6104          0.0000    -906485.5516         19.0304

INFO:       3150          1.5750    -988721.2228   -1006371.4145      17650.1917         12.5119       1490.8393       3713.2951        470.8614       4515.8479        239.2223       -182.9007       7112.0420    -117245.7427          6.5609          2.4690          0.8458          0.0067          0.4454          2.4470          0.3470          0.0000          2.0442          1.0915          1.9000          2.0151          2.7895        301.2883          0.0000    -906491.4401         21.0229

INFO:       3200          1.6000    -988667.2413   -1006223.4112      17556.1699         12.4708       1433.3146       3727.1087        477.6114       4503.8631        270.8395       -198.7668       7303.1118    -117271.1474          2.7606          2.4098          0.0848          0.1924          0.0060          0.0546          0.0130          0.0000          1.9813          1.1436          1.9589          1.8821          2.7192        299.6834          0.0000    -906472.1066         23.7350

INFO:       3250          1.6250    -988678.9193   -1006092.2291      17413.3097         12.5848       1471.1404       3809.6306        478.0173       4505.1315        260.3177       -192.1239       7201.6222    -117128.3785          3.1046          2.3629          0.0953          0.0166          0.1424          0.2934          0.1939          0.0000          1.9213          1.0868          1.9290          1.8045          2.7746        297.2448          0.0000    -906500.6909         22.4664

INFO:       3300          1.6500    -988671.6834   -1006242.5720      17570.8886         12.5648       1546.0024       3738.3161        486.4875       4485.2078        277.8668       -198.9284       7109.3721    -117175.3146          2.9965          2.6880          0.0399          0.0026          0.0169          0.2113          0.0379          0.0000          1.9722          1.0946          1.9537          1.9047          2.7501        299.9346          0.0000    -906514.5782         17.6085

INFO:       3350          1.6750    -988695.7289   -1006136.2035      17440.4746         12.6105       1534.7647       3733.1280        467.0015       4527.2446        249.1441       -202.6274       7201.1502    -117143.3816          3.3312          2.9013          0.2675          0.1296          0.0009          0.0295          0.0025          0.0000          2.0039          1.1357          1.9697          1.8759          2.7256        297.7085          0.0000    -906505.9587         18.1267

INFO:       3400          1.7000    -988661.9668   -1006401.9444      17739.9776         12.5196       1464.2512       3698.4743        458.1601       4507.7276        263.9005       -207.8257       7109.5625    -117200.1757          3.1699          2.2621          0.2508          0.0023          0.4462          0.0484          0.1600          0.0000          2.0023          1.1045          1.8999          1.8807          2.7706        302.8210          0.0000    -906499.1891         15.2693

INFO:       3450          1.7250    -988622.6774   -1006244.7045      17622.0271         12.5835       1494.2373       3669.8923        472.8092       4544.9703        271.2494       -207.0517       7141.4214    -117163.4924          2.7886          1.7145          0.0164          0.0362          0.1054          0.9115          0.0047          0.0000          1.9394          1.0807          1.9992          1.9542          2.7238        300.8076          0.0000    -906471.5288         20.4898

INFO:       3500          1.7500    -988674.7536   -1006230.4101      17555.6565         12.6084       1506.2394       3766.4721        461.2301       4475.5860        269.7434       -198.3559       7119.9560    -117142.1016          2.2342          1.3611          0.0095          0.0286          0.0185          0.0001          0.8162          0.0000          1.9620          1.1166          1.9803          1.8576          2.8209        299.6746          0.0000    -906491.4137         21.1535

INFO:       3550          1.7750    -988663.6604   -1006241.9764      17578.3161         12.5591       1451.3499       3806.3589        467.7402       4472.9982        269.6813       -197.7630       7198.2800    -117212.6665          1.7440          1.1775          0.1574          0.0002          0.0133          0.1133          0.2824          0.0000          1.9919          1.1009          1.9552          1.8924          2.6775        300.0614          0.0000    -906499.6994         23.2007

INFO:       3600          1.8000    -988641.2370   -1006338.2836      17697.0466         12.5321       1484.3185       3739.1709        475.8749       4500.2308        259.7314       -195.2805       7137.0943    -117248.1039          2.7371          1.6659          0.0000          0.0010          0.4014          0.6480          0.0208          0.0000          1.9520          1.0966          1.9033          1.9392          2.7162        302.0882          0.0000    -906494.0570         19.1289

INFO:       3650          1.8250    -988680.3853   -1006258.9678      17578.5825         12.5658       1470.7494       3809.7681        475.8969       4474.8725        248.8563       -171.6435       7248.5562    -117368.5669          1.6655          1.1890          0.0008          0.0147          0.0143          0.0387          0.4080          0.0000          1.9550          1.1118          1.9787          1.8784          2.7945        300.0660          0.0000    -906449.1223         21.8866

INFO:       3700          1.8500    -988663.8983   -1006337.3613      17673.4630         12.5747       1524.8113       3718.5200        464.9630       4515.0003        252.8181       -183.5040       7218.9671    -117352.1305          1.6876          1.4309          0.1469          0.0000          0.0470          0.0402          0.0225          0.0000          1.9905          1.1003          1.9884          1.8387          2.7156        301.6856          0.0000    -906498.4943         21.1182

INFO:       3750          1.8750    -988655.6159   -1006285.1121      17629.4962         12.6051       1538.1027       3775.7609        466.2501       4498.9698        242.1081       -200.5163       7297.4504    -117421.9390          5.0595          2.7575          0.0480          0.0001          1.5603          0.0094          0.6841          0.0000          1.9303          1.1008          1.8418          1.8490          2.8133        300.9351          0.0000    -906486.3585         17.8446

INFO:       3800          1.9000    -988667.7773   -1006373.7032      17705.9259         12.5389       1418.0989       3802.2313        461.1924       4472.5237        256.3475       -190.4434       7308.7323    -117448.0105          3.3001          2.7723          0.1271          0.0458          0.0905          0.0116          0.2528          0.0000          1.9879          1.1211          1.9366          1.8695          2.7809        302.2397          0.0000    -906457.6754         21.0038

INFO:       3850          1.9250    -988646.9052   -1006259.0897      17612.1845         12.5735       1467.1609       3799.7420        460.4646       4500.5760        238.3263       -195.1414       7375.3466    -117430.5859          6.4078          3.7638          0.0000          0.0059          0.1496          2.3903          0.0982          0.0000          1.9523          1.0920          2.0054          2.0133          2.7619        300.6396          0.0000    -906481.3866         15.5109

INFO:       3900          1.9500    -988653.1573   -1006215.4443      17562.2869         12.5606       1488.9807       3741.4969        464.0324       4493.9420        257.2668       -214.2923       7346.9614    -117301.3867          3.6345          3.1482          0.0929          0.0093          0.3577          0.0055          0.0210          0.0000          1.9217          1.0901          1.9069          1.8513          2.7161        299.7878          0.0000    -906496.0799         20.0439

INFO:       3950          1.9750    -988601.5590   -1006309.8913      17708.3323         12.5640       1508.7748       3771.4871        454.8568       4534.8706        248.8630       -215.9067       7411.4510    -117528.6845          2.5072          1.9420          0.4727          0.0588          0.0128          0.0184          0.0024          0.0000          2.0210          1.1240          1.9554          1.8451          2.7355        302.2808          0.0000    -906498.1106         15.0842

INFO:       4000          2.0000    -988647.2443   -1006401.6758      17754.4315         12.5939       1507.6929       3790.6118        465.2445       4518.4421        263.6774       -217.6676       7251.5540    -117483.4873          3.4182          1.9447          0.0230          0.0001          1.1732          0.2773          0.0000          0.0000          1.9674          1.1004          1.8584          1.9114          2.7301        303.0677          0.0000    -906501.1618         17.5666

 
[STEP6] Deallocate Arrays
 
Output_Time> Averaged timer profile (Min, Max)
  total time      =   27711.581
    setup         =      12.867
    dynamics      =   27698.715
      energy      =   27695.827
      integrator  =       8.296
      pairlist    =       4.833 (       4.109,       5.158)
  energy           
    bond          =       0.044 (       0.037,       0.055)
    angle         =       0.134 (       0.128,       0.142)
    dihedral      =       0.397 (       0.349,       0.451)
    nonbond       =      37.106 (      36.471,      37.823)
      pme real    =      37.105 (      36.470,      37.823)
      pme recip   =       0.000 (       0.000,       0.000)
    solvation     =       0.000 (       0.000,       0.000)
      polar       =       0.000 (       0.000,       0.000)
      non-polar   =       0.000 (       0.000,       0.000)
    restraint     =       0.023 (       0.018,       0.029)
    qmmm          =   27647.265 (   27645.900,   27647.636)
  integrator       
    constraint    =       4.645 (       4.541,       4.755)
    update        =       0.000 (       0.000,       0.000)
    comm_coord    =       0.000 (       0.000,       0.000)
    comm_force    =       0.000 (       0.000,       0.000)
    comm_migrate  =       0.000 (       0.000,       0.000)

Note: The following floating-point exceptions are signalling:Note: The following floating-point exceptions are signalling: IEEE_DIVIDE_BY_ZERO IEEE_UNDERFLOW_FLAG IEEE_DENORMAL
Note: The following floating-point exceptions are signalling: IEEE_DIVIDE_BY_ZERO IEEE_UNDERFLOW_FLAG IEEE_DENORMAL
Note: The following floating-point exceptions are signalling:Note: The following floating-point exceptions are signalling: IEEE_DIVIDE_BY_ZERO IEEE_UNDERFLOW_FLAG IEEE_DENORMAL
Note: The following floating-point exceptions are signalling: IEEE_DIVIDE_BY_ZERO IEEE_UNDERFLOW_FLAG IEEE_DENORMAL
Note: The following floating-point exceptions are signalling: IEEE_DIVIDE_BY_ZERO IEEE_UNDERFLOW_FLAG IEEE_DENORMAL
Note: The following floating-point exceptions are signalling: IEEE_DIVIDE_BY_ZERO IEEE_UNDERFLOW_FLAG IEEE_DENORMAL
Note: The following floating-point exceptions are signalling: IEEE_DIVIDE_BY_ZERO IEEE_UNDERFLOW_FLAG IEEE_DENORMAL
Note: The following floating-point exceptions are signalling: IEEE_INVALID_FLAG IEEE_DIVIDE_BY_ZERO IEEE_UNDERFLOW_FLAG IEEE_DENORMAL
Note: The following floating-point exceptions are signalling: IEEE_DIVIDE_BY_ZERO IEEE_UNDERFLOW_FLAG IEEE_DENORMAL
Note: The following floating-point exceptions are signalling: IEEE_DIVIDE_BY_ZERO IEEE_UNDERFLOW_FLAG IEEE_DENORMAL
Note: The following floating-point exceptions are signalling: IEEE_DIVIDE_BY_ZERO IEEE_UNDERFLOW_FLAG IEEE_DENORMAL
Note: The following floating-point exceptions are signalling: IEEE_DIVIDE_BY_ZERO IEEE_UNDERFLOW_FLAG IEEE_DENORMAL
Note: The following floating-point exceptions are signalling: IEEE_DIVIDE_BY_ZERO IEEE_UNDERFLOW_FLAG IEEE_DENORMAL
Note: The following floating-point exceptions are signalling: IEEE_DIVIDE_BY_ZERO IEEE_UNDERFLOW_FLAG IEEE_DENORMAL
Note: The following floating-point exceptions are signalling: IEEE_DIVIDE_BY_ZERO IEEE_UNDERFLOW_FLAG IEEE_DENORMAL
Note: The following floating-point exceptions are signalling: IEEE_DIVIDE_BY_ZERO IEEE_UNDERFLOW_FLAG IEEE_DENORMAL
Note: The following floating-point exceptions are signalling: IEEE_DIVIDE_BY_ZERO IEEE_UNDERFLOW_FLAG IEEE_DENORMAL
Note: The following floating-point exceptions are signalling: IEEE_DIVIDE_BY_ZERO IEEE_UNDERFLOW_FLAG IEEE_DENORMAL
Note: The following floating-point exceptions are signalling: IEEE_DIVIDE_BY_ZERO IEEE_UNDERFLOW_FLAG IEEE_DENORMAL
Note: The following floating-point exceptions are signalling: IEEE_DIVIDE_BY_ZERO IEEE_UNDERFLOW_FLAG IEEE_DENORMAL
Note: The following floating-point exceptions are signalling: IEEE_DIVIDE_BY_ZERO IEEE_UNDERFLOW_FLAG IEEE_DENORMAL
 IEEE_DIVIDE_BY_ZERO IEEE_DIVIDE_BY_ZERO IEEE_UNDERFLOW_FLAG IEEE_UNDERFLOW_FLAG IEEE_DENORMALNote: The following floating-point exceptions are signalling: IEEE_DIVIDE_BY_ZERO IEEE_UNDERFLOW_FLAG IEEE_DENORMAL

 IEEE_DENORMAL
Note: The following floating-point exceptions are signalling: IEEE_DIVIDE_BY_ZERO IEEE_UNDERFLOW_FLAG IEEE_DENORMALNote: The following floating-point exceptions are signalling: IEEE_DIVIDE_BY_ZERO IEEE_UNDERFLOW_FLAG IEEE_DENORMALNote: The following floating-point exceptions are signalling: IEEE_DIVIDE_BY_ZERO IEEE_UNDERFLOW_FLAG IEEE_DENORMALNote: The following floating-point exceptions are signalling: IEEE_DIVIDE_BY_ZERO IEEE_UNDERFLOW_FLAG IEEE_DENORMALNote: The following floating-point exceptions are signalling: IEEE_DIVIDE_BY_ZERO IEEE_UNDERFLOW_FLAG IEEE_DENORMALNote: The following floating-point exceptions are signalling: IEEE_DIVIDE_BY_ZERO IEEE_UNDERFLOW_FLAG IEEE_DENORMALNote: The following floating-point exceptions are signalling: IEEE_DIVIDE_BY_ZERO IEEE_UNDERFLOW_FLAG IEEE_DENORMALNote: The following floating-point exceptions are signalling: IEEE_DIVIDE_BY_ZERO IEEE_UNDERFLOW_FLAG IEEE_DENORMAL







