(10.0.17.67:0,1,2,3,4,5,6,7)
(10.0.17.68:8,9,10,11,12,13,14,15)
(10.0.18.1:16,17,18,19,20,21,22,23)
(10.0.18.2:24,25,26,27,28,29,30,31)

[0] MPI startup(): libfabric version: 1.7.2a-impi
[0] MPI startup(): libfabric provider: psm2
[0] MPI startup(): Rank    Pid      Node name    Pin cpu
[0] MPI startup(): 0       90761    cx1155.obcx  {0,1,2,3,4,5,6}
[0] MPI startup(): 1       90762    cx1155.obcx  {7,8,9,10,11,12,13}
[0] MPI startup(): 2       90763    cx1155.obcx  {14,15,16,17,18,19,20}
[0] MPI startup(): 3       90764    cx1155.obcx  {21,22,23,24,25,26,27}
[0] MPI startup(): 4       90765    cx1155.obcx  {28,29,30,31,32,33,34}
[0] MPI startup(): 5       90766    cx1155.obcx  {35,36,37,38,39,40,41}
[0] MPI startup(): 6       90767    cx1155.obcx  {42,43,44,45,46,47,48}
[0] MPI startup(): 7       90768    cx1155.obcx  {49,50,51,52,53,54,55}
[0] MPI startup(): 8       44791    cx1156.obcx  {0,1,2,3,4,5,6}
[0] MPI startup(): 9       44792    cx1156.obcx  {7,8,9,10,11,12,13}
[0] MPI startup(): 10      44793    cx1156.obcx  {14,15,16,17,18,19,20}
[0] MPI startup(): 11      44794    cx1156.obcx  {21,22,23,24,25,26,27}
[0] MPI startup(): 12      44795    cx1156.obcx  {28,29,30,31,32,33,34}
[0] MPI startup(): 13      44796    cx1156.obcx  {35,36,37,38,39,40,41}
[0] MPI startup(): 14      44797    cx1156.obcx  {42,43,44,45,46,47,48}
[0] MPI startup(): 15      44798    cx1156.obcx  {49,50,51,52,53,54,55}
[0] MPI startup(): 16      67257    cx1157.obcx  {0,1,2,3,4,5,6}
[0] MPI startup(): 17      67258    cx1157.obcx  {7,8,9,10,11,12,13}
[0] MPI startup(): 18      67259    cx1157.obcx  {14,15,16,17,18,19,20}
[0] MPI startup(): 19      67260    cx1157.obcx  {21,22,23,24,25,26,27}
[0] MPI startup(): 20      67261    cx1157.obcx  {28,29,30,31,32,33,34}
[0] MPI startup(): 21      67262    cx1157.obcx  {35,36,37,38,39,40,41}
[0] MPI startup(): 22      67263    cx1157.obcx  {42,43,44,45,46,47,48}
[0] MPI startup(): 23      67264    cx1157.obcx  {49,50,51,52,53,54,55}
[0] MPI startup(): 24      93840    cx1158.obcx  {0,1,2,3,4,5,6}
[0] MPI startup(): 25      93841    cx1158.obcx  {7,8,9,10,11,12,13}
[0] MPI startup(): 26      93842    cx1158.obcx  {14,15,16,17,18,19,20}
[0] MPI startup(): 27      93843    cx1158.obcx  {21,22,23,24,25,26,27}
[0] MPI startup(): 28      93844    cx1158.obcx  {28,29,30,31,32,33,34}
[0] MPI startup(): 29      93845    cx1158.obcx  {35,36,37,38,39,40,41}
[0] MPI startup(): 30      93846    cx1158.obcx  {42,43,44,45,46,47,48}
[0] MPI startup(): 31      93847    cx1158.obcx  {49,50,51,52,53,54,55}
[0] MPI startup(): I_MPI_OFI_LIBRARY_INTERNAL=1
[0] MPI startup(): I_MPI_ROOT=/work/opt/local/cores/intel/impi/2019.5.281
[0] MPI startup(): I_MPI_HYDRA_BOOTSTRAP_EXEC=/usr/local/bin/pjrsh4calc
[0] MPI startup(): I_MPI_HYDRA_BOOTSTRAP_AUTOFORK=0
[0] MPI startup(): I_MPI_HYDRA_TOPOLIB=hwloc
[0] MPI startup(): I_MPI_HYDRA_HOST_FILE=/work/00/hp200098/o30000/tim/tim5/b3lypD3.rpath1/4.equil2_ob/.d0000793841_nodeinfo
[0] MPI startup(): I_MPI_PERHOST=8
[0] MPI startup(): I_MPI_INTERNAL_MEM_POLICY=default
[0] MPI startup(): I_MPI_DEBUG=5
****************************************************
*                                                  *
*                  GENESIS ATDYN                   *
*                                                  *
*        A Molecular Dynamics Simulator with       *
*            Atomic Decomposition Scheme           *
*                                                  *
*               Developed by RIKEN                 *
*                                                  *
****************************************************
 
[STEP0] Architecture and Compiler Information
 
GENESIS_Information> GENESIS Information
  version      = 1.6.0
  commit ID    = $GENESIS_VERSION$
  precision    = double
  nonbonding   = CPU

Build_Information> Compiler Information
  build host   = o30000@obcx03.obcx
  fortran      = GNU Fortran (GCC) 7.5.0
  option       = -O3 -ffast-math -march=native -ffree-line-length-none -fopenmp 
  C            = gcc (GCC) 7.5.0
  option       = -O3 -ffast-math -march=native -fopenmp
  defined var. =  -DMPI -DOMP -DFFTE -DLAPACK -DDSFMT_MEXP=19937 -D__GFORTRAN__
  link option  = -L/work/hp200098/share/local/lib -fopenmp -lmkl_scalapack_lp64 -lmkl_blacs_intelmpi_lp64 -lmkl_intel_lp64 -lmkl_intel_thread -lmkl_core -liomp5 -lpthread -lm 

Runtime_Information> Machine and Library Information
  date       = 2021/02/05 18:01:21
  cpu model    = Intel(R) Xeon(R) Platinum 8280 CPU @ 2.70GHz
  exec. host   = o30000@cx1155.obcx
  LD library   = /work/hp200098/share/local/lib:/work/opt/local/cores/intel/compilers_and_libraries_2019.5.281/linux/tbb/lib/intel64_lin/gcc4.7:/work/opt/local/cores/intel/compilers_and_libraries_2019.5.281/linux/compiler/lib/intel64_lin:/work/opt/local/cores/intel/compilers_and_libraries_2019.5.281/linux/mkl/lib/intel64_lin:/work/opt/local/cores/intel/impi/2019.5.281/intel64/libfabric/lib:/work/opt/local/cores/intel/impi/2019.5.281/intel64/lib/release:/work/opt/local/cores/intel/impi/2019.5.281/intel64/lib:/work/opt/local/cores/gcc/7.5.0/lib64

[STEP1] Read Control Parameters
 
Read_Ctrl_Input> Input Files
  topfile = toppar/top_all36_prot.rtf, toppar/top_all36_cgenff.rtf
  parfile = toppar/par_all36_prot.prm, toppar/par_all36_cgenff.prm
  strfile = toppar/toppar_water_ions.str, toppar/toppar_dhap.3.str
  psffile = ../../2.equil/step4_nvt_100.psf
  pdbfile = ../../2.equil/step4_nvt_100.pdb
  rstfile = ../3.equil1/equil1_16.rst
  reffile = ../../2.equil/step4_nvt_100.pdb
 
Read_Ctrl_Output> Output Files
  dcdfile    = equil2_16.dcd
  rstfile    = equil2_16.rst
 
Read_Ctrl_Energy> Parameters of Energy Calculations
  forcefield      =     CHARMM
  switchdist      =     16.000  cutoffdist      =     18.000
  pairlistdist    =     19.500  dielec_const    =      1.000
  vdW force_switch=        yes
  electrostatic   =  CUTOFF
  implicit_solvent=       none
  table_order     =          3
  table_density   =     20.000
  water_model     =       NONE
  output_style    =    GENESIS
  dispersion_corr =       none
  nonb_limiter    =      no
 
Read_Ctrl_Dynamics> Parameters of MD simulation
  integrator      =       VVER  nsteps          =       4000
  timestep        =     0.0005  initial_time    =     0.0000
  eneout_period   =         50  rstout_period   =         50
  crdout_period   =         50  velout_period   =          0
  nbupdate_period =         10  stoptr_period   =         10
  iseed           =   20190319
  annealing       =         no
  verbose         =         no
  target_md       =         no
  steered_md      =         no
  esp_mm          =         no
 
Read_Ctrl_Constraints> Parameters for Constraints
  rigid_bond      =        yes
  shake_iteration =        500  shake_tolerance =  0.100E-09
  fast_water      =        yes  water_model     =       TIP3
  hydrogen_type   =  name|mass
  noshake_index   = 4  11  12  13
  fixatm_select_index        =       none
 
Read_Ctrl_Ensemble> Parameters for Ensemble
  ensemble        =        NVT
  temperature     =    300.000
  tpcontrol       =      BUSSI
  tau_t           =      0.500
 
Read_Ctrl_Boundary> Parameters of Boundary Condition
  type            =       NOBC
  spherical_pot   =        yes  restart         =          T
  center_info     =       read  modify_ratio    =      1.000
  constant        =     10.000  exponent        =          2
  fixatom         =          T  fix_layer       =      1.000
 
Read_Ctrl_Selection> Parameters of Selection
  # of groups     =         13
    group 1 = sid:DHA or (sid:TIMA and (rno:95 or rno:165) and          not (an:CA  | an:C   | an:O   | an:N | an:HN | an:HA))
    group 2 = atomno:1900 or atomno:5687
    group 3 = atomno:1442
    group 4 = atomno:1443
    group 5 = atomno:2559
    group 6 = atomno:2560
    group 7 = atomno:7583
    group 8 = atomno:7584
    group 9 = atomno:7585
    group 10 = atomno:7586
    group 11 = atomno:7587
    group 12 = atomno:7588
    group 13 = atomno:7589
  # of mole names =          0
 
Read_Ctrl_Restraints> Parameters of Restraint
  numfunc         =   6
  function1 = POSI     
    direction     = ALL 
    constant      = 10.0
    reference     = 
    select_index  = 2
    mode          =   0
    exponent      =   2
    exponent_dist = 
    weight_dist   = 

  function2 = DIST     
    constant      = 100.0
    reference     = 1.1682
    select_index  = 6  12
    mode          =   0
    exponent      =   2
    exponent_dist = 
    weight_dist   = 

  function3 = DIST     
    constant      = 100.0
    reference     = 1.5064
    select_index  = 9  12
    mode          =   0
    exponent      =   2
    exponent_dist = 
    weight_dist   = 

  function4 = DIST     
    constant      = 100.0
    reference     = 2.0360
    select_index  = 5  11
    mode          =   0
    exponent      =   2
    exponent_dist = 
    weight_dist   = 

  function5 = DIST     
    constant      = 100.0
    reference     = 1.7784
    select_index  = 8   4
    mode          =   0
    exponent      =   2
    exponent_dist = 
    weight_dist   = 

  function6 = DIST     
    constant      = 100.0
    reference     = 2.7270
    select_index  = 3  11
    mode          =   0
    exponent      =   2
    exponent_dist = 
    weight_dist   = 

  pressure_position   = NO
  pressure_rmsd     = NO

Read_Ctrl_Fitting_MD> Parameters of Fitting
  fitting method  =  TR+ROT   
  fitting atom    = group1
  mass_weight     =         no
 
Read_Ctrl_QMMM> Parameters of QM/MM
  qmtyp              = qsimulate
  qmcnt              = qsimulate.json
  qmexe              = 
  workdir            = equil2_16
  savedir            = none
  basename           = job
  qmsave_period      = 500
  qmmaxtrial         = 1
  qmatm_select_index = 1
  exclude_charge     = GROUP
 
[STEP2] Setup MPI
 
Setup_Mpi_Md> Summary of Setup MPI
  number of MPI processes   =         32
  number of OpenMP threads  =          7
  total number of CPU cores =        224

[STEP3] Set Relevant Variables and Structures
 
Input_Top> Summary of Topfile
  num_atom_class  =        212  num_resi_type   =        685
 
Input_Par> Summary of Parfile
  num_bonds       =        658  num_angles      =       2003
  num_dihedrals   =       4838  num_impropers   =        163
  num_atom_cls    =        212  num_nbfix       =         75
  num_cmap_terms  =          6
 
Input_Str> Summary of Top information
  num_atom_class  =        227  num_resi_type   =        700
 
Input_Str> Summary of Par information
  num_bonds       =        663  num_angles      =       2006
  num_dihedrals   =       4850  num_impropers   =        163
  num_atom_cls    =        227  num_nbfix       =         90
  num_cmap_terms  =          6
 
Read_Psf> Summary of Psffile
  psftype         =      xplor
  num_atoms       =      37226  num_bonds       =      37288
  num_angles      =      23768  num_dihedrals   =      20268
  num_impropers   =       1292  num_cmap_terms  =        494
  num_HB_donors   =      20596  num_HB_acceptors=      10610
  num_NB_exclusion=          0  num_groups      =      12168
  total_charge    =    -10.000
 
Check_Pdb> 6-column residue sequence number
 
Read_Pdb> Summary of Data in PDB file
  num_atoms       =      37226
 
Read_Rst_Binary> Summary of RST file
  num_atoms       =      37226  iseed           =   20190319
  boxsize (x,y,z) =      0.000     0.000     0.000
  spherical_pot     =      yes
  nfunctions                 2  num_fixatm              9645
  num_of_qm_charge          35

Define_Molecule> Summary of molecules
  num_atoms       =      37226  num_bonds       =      37288
  num_angles      =      23768  num_dihedrals   =      20268
  num_impropers   =       1292  num_cmap_terms  =        494
  num_residues    =      10370  num_molecules   =       9878
  num_segments    =          6  num_deg_freedom =     111678
  total_charge    =    -10.000
 
Setup_Boundary> Setup Variables for Boundary Condition
  origin(x,y,z)   =      0.000     0.000     0.000
  nfunctions      =        2
    center(x,y,z) =     17.000     0.000     0.000
    radius        =     35.000
    constant      =     10.000
    exponent      =          2
    center(x,y,z) =    -17.000     0.000     0.000
    radius        =     35.000
    constant      =     10.000
    exponent      =          2

  num_fixatm      =     9645

 
Random_Init> Initialize the random number
  seed            = 20190319

Setup_QMMM> Setup QM region
  QM assignment info
  1435 TIMA     95 HSE    CB   CT2    assigned to QM atom    1 of element: C     6
  1436 TIMA     95 HSE    HB1  HA2    assigned to QM atom    2 of element: H     1
  1437 TIMA     95 HSE    HB2  HA2    assigned to QM atom    3 of element: H     1
  1438 TIMA     95 HSE    ND1  NR2    assigned to QM atom    4 of element: N     7
  1439 TIMA     95 HSE    CG   CPH1   assigned to QM atom    5 of element: C     6
  1440 TIMA     95 HSE    CE1  CPH2   assigned to QM atom    6 of element: C     6
  1441 TIMA     95 HSE    HE1  HR1    assigned to QM atom    7 of element: H     1
  1442 TIMA     95 HSE    NE2  NR1    assigned to QM atom    8 of element: N     7
  1443 TIMA     95 HSE    HE2  H      assigned to QM atom    9 of element: H     1
  1444 TIMA     95 HSE    CD2  CPH1   assigned to QM atom   10 of element: C     6
  1445 TIMA     95 HSE    HD2  HR3    assigned to QM atom   11 of element: H     1
  2552 TIMA    165 GLU    CB   CT2A   assigned to QM atom   12 of element: C     6
  2553 TIMA    165 GLU    HB1  HA2    assigned to QM atom   13 of element: H     1
  2554 TIMA    165 GLU    HB2  HA2    assigned to QM atom   14 of element: H     1
  2555 TIMA    165 GLU    CG   CT2    assigned to QM atom   15 of element: C     6
  2556 TIMA    165 GLU    HG1  HA2    assigned to QM atom   16 of element: H     1
  2557 TIMA    165 GLU    HG2  HA2    assigned to QM atom   17 of element: H     1
  2558 TIMA    165 GLU    CD   CC     assigned to QM atom   18 of element: C     6
  2559 TIMA    165 GLU    OE1  OC     assigned to QM atom   19 of element: O     8
  2560 TIMA    165 GLU    OE2  OC     assigned to QM atom   20 of element: O     8
  7575 DHA     249 DHAP   P    PG2    assigned to QM atom   21 of element: P    15
  7576 DHA     249 DHAP   O1P  OG303  assigned to QM atom   22 of element: O     8
  7577 DHA     249 DHAP   O2P  OG2P1  assigned to QM atom   23 of element: O     8
  7578 DHA     249 DHAP   O3P  OG2P1  assigned to QM atom   24 of element: O     8
  7579 DHA     249 DHAP   O4P  OG2P1  assigned to QM atom   25 of element: O     8
  7580 DHA     249 DHAP   C1   CG321  assigned to QM atom   26 of element: C     6
  7581 DHA     249 DHAP   H11  HGA2   assigned to QM atom   27 of element: H     1
  7582 DHA     249 DHAP   H12  HGA2   assigned to QM atom   28 of element: H     1
  7583 DHA     249 DHAP   C2   CG2O5  assigned to QM atom   29 of element: C     6
  7584 DHA     249 DHAP   O2   OG2D3  assigned to QM atom   30 of element: O     8
  7585 DHA     249 DHAP   C3   CG321  assigned to QM atom   31 of element: C     6
  7586 DHA     249 DHAP   O3   OG311  assigned to QM atom   32 of element: O     8
  7587 DHA     249 DHAP   HO3  HGP1   assigned to QM atom   33 of element: H     1
  7588 DHA     249 DHAP   H31  HGA2   assigned to QM atom   34 of element: H     1
  7589 DHA     249 DHAP   H32  HGA2   assigned to QM atom   35 of element: H     1
  number of QM atoms = 35
 
  QM charges retreived from rstfile.
 

Generate_LinkAtoms> QM-MM interface info. Link hydrogen is set between:
              [ QM atom ]             -             [ MM atom ]
  1435 TIMA     95 HSE    CB   CT2    -   1433 TIMA     95 HSE    CA   CT1   
                                          1431 TIMA     95 HSE    N    NH1    excluded
                                          1432 TIMA     95 HSE    HN   H      excluded
                                          1434 TIMA     95 HSE    HA   HB1    excluded
  2552 TIMA    165 GLU    CB   CT2A   -   2550 TIMA    165 GLU    CA   CT1   
                                          2548 TIMA    165 GLU    N    NH1    excluded
                                          2549 TIMA    165 GLU    HN   H      excluded
                                          2551 TIMA    165 GLU    HA   HB1    excluded

  number of link atoms           = 2
  number of external MM charges  = 37183


  Check the input file for QSimulate [ qsimulate.json ]
Setup_Enefunc_Cmap_Par> Natural spline is used to derive cmap coefs.

Setup_Enefunc_Table> Setup Variables for LookupTable
  num_solutes     =      37226  num_waters      =          0

Setup_Enefunc_Restraint> Setup restraint groups
 group =     1, "sid:DHA or (sid:TIMA and (rno:95 or rno:165) and          not (an:CA  | an:C   | an:O   | an:N | an:HN | an:HA))"
 # of atoms =    35
 atomlist: 
   1435   1436   1437   1438   1439   1440   1441   1442   1443   1444
   1445   2552   2553   2554   2555   2556   2557   2558   2559   2560
   7575   7576   7577   7578   7579   7580   7581   7582   7583   7584
   7585   7586   7587   7588   7589
 group =     2, "atomno:1900 or atomno:5687"
 # of atoms =     2
 atomlist: 
   1900   5687
 group =     3, "atomno:1442"
 # of atoms =     1
 atomlist: 
   1442
 group =     4, "atomno:1443"
 # of atoms =     1
 atomlist: 
   1443
 group =     5, "atomno:2559"
 # of atoms =     1
 atomlist: 
   2559
 group =     6, "atomno:2560"
 # of atoms =     1
 atomlist: 
   2560
 group =     7, "atomno:7583"
 # of atoms =     1
 atomlist: 
   7583
 group =     8, "atomno:7584"
 # of atoms =     1
 atomlist: 
   7584
 group =     9, "atomno:7585"
 # of atoms =     1
 atomlist: 
   7585
 group =    10, "atomno:7586"
 # of atoms =     1
 atomlist: 
   7586
 group =    11, "atomno:7587"
 # of atoms =     1
 atomlist: 
   7587
 group =    12, "atomno:7588"
 # of atoms =     1
 atomlist: 
   7588
 group =    13, "atomno:7589"
 # of atoms =     1
 atomlist: 
   7589
Setup_Enefunc_Restraint> Setup restraint functions
 func  =     1 kind  =     1
 const(total, x, y, z) =   10.000   1.000   1.000   1.000
 exponend of function =     2
 # of groups  =     1
 grouplist:   2

 func  =     2 kind  =     2
 const             =  100.000
 ref               =    1.168
 exponend of function =     2
 # of distances  =     1
 distancelist: 
 group = (  6, 12) weight =    1.000 exponent =     1

 func  =     3 kind  =     2
 const             =  100.000
 ref               =    1.506
 exponend of function =     2
 # of distances  =     1
 distancelist: 
 group = (  9, 12) weight =    1.000 exponent =     1

 func  =     4 kind  =     2
 const             =  100.000
 ref               =    2.036
 exponend of function =     2
 # of distances  =     1
 distancelist: 
 group = (  5, 11) weight =    1.000 exponent =     1

 func  =     5 kind  =     2
 const             =  100.000
 ref               =    1.778
 exponend of function =     2
 # of distances  =     1
 distancelist: 
 group = (  8,  4) weight =    1.000 exponent =     1

 func  =     6 kind  =     2
 const             =  100.000
 ref               =    2.727
 exponend of function =     2
 # of distances  =     1
 distancelist: 
 group = (  3, 11) weight =    1.000 exponent =     1

Define_Enefunc_CHARMM> Number of Interactions in Each Term
  bond_ene        =      37255  angle_ene       =      23717
  urey_ene        =       6639
  torsion_ene     =      23862  improper_ene    =       1285
  cmap_ene        =        494
  restraint_groups=         13  restraint_funcs =          6
 
Setup_Fitting_Atdyn> NO fitting is applied, skip
  fitting method  =  NO

Update_Num_Deg_Freedom> Number of degrees of freedom was updated
  num_deg_freedom =      82743 (After setup of fixed atoms at boundary)
 
Remove_Fixatm> Modified Interactions
  bond_ene        =      27610  angle_ene       =      20502
  urey_ene        =       6639
  torsion_ene     =      23862  improper_ene    =       1285
 
Setup_Constraints> The following atoms are excluded from SHAKE:
    1443    7587    7588    7589
Setup_Settle> Setup constraints for SETTLE
  num_unconsbonds =       7633      num_Settle  =       6659
  r0(O-H)         =     0.9572  mass(O)         =    15.9994
  r0(H-H)         =     1.5139  mass(H)         =     1.0080
 
Setup_Shake> Setup constrains for SHAKE and RATTLE
  num_unconsbonds =       3837  num_rigid_bonds =       3796
 
  num_qm_rigid_bonds =         10
 
Update_Num_Deg_Freedom> Number of degrees of freedom was updated
  num_deg_freedom =      62766 (After setup of SETTLE)
 
Update_Num_Deg_Freedom> Number of degrees of freedom was updated
  num_deg_freedom =      58960 (After setup of SHAKE/RATTLE)
 
[STEP4] Compute Single Point Energy for Molecules
 
            STEP            BOND           ANGLE    UREY-BRADLEY        DIHEDRAL        IMPROPER            CMAP         VDWAALS           ELECT    RESTRAINT001    RESTRAINT002    RESTRAINT003    RESTRAINT004    RESTRAINT005    RESTRAINT006    RESTR_CVS001    RESTR_CVS002    RESTR_CVS003    RESTR_CVS004    RESTR_CVS005    RESTR_CVS006              QM            SPOT
 --------------- --------------- --------------- --------------- ---------------
               0       1535.8119       3697.9179        449.8177       4485.7643        267.4953       -203.1497       7153.3670    -116975.1897          0.9478          0.2815          0.4962          0.1048          0.5142          0.0675          0.0000          1.2213          1.4360          2.0036          1.7067          2.7530    -906504.5493         14.7265

[STEP5] Perform Molecular Dynamics Simulation
 
INFO:       STEP            TIME       TOTAL_ENE   POTENTIAL_ENE     KINETIC_ENE            RMSG            BOND           ANGLE    UREY-BRADLEY        DIHEDRAL        IMPROPER            CMAP         VDWAALS           ELECT RESTRAINT_TOTAL    RESTRAINT001    RESTRAINT002    RESTRAINT003    RESTRAINT004    RESTRAINT005    RESTRAINT006    RESTR_CVS001    RESTR_CVS002    RESTR_CVS003    RESTR_CVS004    RESTR_CVS005    RESTR_CVS006     TEMPERATURE          VOLUME              QM            SPOT
 --------------- --------------- --------------- --------------- ---------------
INFO:         50          0.0250    -988436.9497   -1006323.2274      17886.2777         12.6126       1499.6280       3702.4760        471.8077       4485.9301        274.9836       -193.5290       6988.9975    -117052.2815          2.1563          0.6887          0.0043          0.0282          1.0652          0.1062          0.2637          0.0000          1.1748          1.5232          2.1392          1.7458          2.7784        305.3183          0.0000    -906503.3959         15.5104

INFO:        100          0.0500    -988463.7800   -1006106.1299      17642.3500         12.6414       1441.1807       3816.5017        463.6559       4461.1546        241.9449       -188.8606       7262.4288    -117120.7798          4.6238          0.5482          1.0310          2.0572          0.0889          0.3992          0.4994          0.0000          1.0667          1.6498          2.0062          1.8416          2.7977        301.1545          0.0000    -906487.9800         12.4888

INFO:        150          0.0750    -988500.3662   -1006270.3969      17770.0307         12.6160       1491.2999       3776.7277        456.1647       4482.3930        257.6659       -183.0956       7339.2832    -117379.7016          2.6643          1.1386          0.1554          0.0237          0.9163          0.0026          0.4276          0.0000          1.1288          1.5218          2.1317          1.7733          2.7924        303.3340          0.0000    -906513.7985         15.9667

INFO:        200          0.1000    -988448.3264   -1006217.9057      17769.5793         12.6663       1561.9137       3699.3160        461.1133       4464.2818        273.2526       -173.3036       7543.8628    -117587.8211          2.3219          1.3816          0.3945          0.0023          0.1757          0.0726          0.2952          0.0000          1.2310          1.5112          1.9941          1.7515          2.7813        303.3263          0.0000    -906462.8431         11.3037

INFO:        250          0.1250    -988420.1099   -1006112.0099      17691.9000         12.6374       1508.1512       3742.4796        465.8546       4494.2616        268.7192       -167.9761       7444.6156    -117372.7503          3.3721          1.1868          0.0208          0.1276          1.3517          0.0483          0.6369          0.0000          1.1826          1.4707          2.1523          1.7564          2.8068        302.0003          0.0000    -906498.7375         15.9744

INFO:        300          0.1500    -988456.6411   -1006217.4519      17760.8108         12.6233       1512.3581       3696.2278        458.5634       4461.3749        265.1356       -168.9183       7391.5996    -117323.3503          7.5872          0.7050          1.0966          4.6525          1.0308          0.0724          0.0299          0.0000          1.0635          1.7221          1.9345          1.7515          2.7097        303.1766          0.0000    -906518.0300         11.6884

INFO:        350          0.1750    -988497.9197   -1006133.2180      17635.2983         12.5741       1458.2039       3716.8036        451.1085       4496.8503        261.1347       -184.4782       7346.8952    -117160.2602          2.4979          0.2420          1.2638          0.0026          0.2548          0.0468          0.6879          0.0000          1.0558          1.5115          2.0865          1.8000          2.8099        301.0341          0.0000    -906521.9736         20.0889

INFO:        400          0.2000    -988498.2506   -1006151.7239      17653.4734         12.5780       1450.3846       3737.3233        468.2343       4482.0892        289.3143       -159.1248       7260.7213    -117186.8626          2.1481          0.6262          0.0237          1.0708          0.1144          0.0041          0.3088          0.0000          1.1836          1.6099          2.0698          1.7848          2.7826        301.3444          0.0000    -906495.9515         20.5333

INFO:        450          0.2250    -988559.4608   -1006179.7847      17620.3240         12.5437       1506.4673       3737.3251        456.2528       4445.5439        240.8230       -170.5965       7106.0686    -116962.2994          1.7843          1.0595          0.2253          0.0027          0.3542          0.0091          0.1334          0.0000          1.1207          1.5012          2.0955          1.7689          2.7635        300.7785          0.0000    -906541.1539         17.8328

INFO:        500          0.2500    -988515.6499   -1006230.3596      17714.7097         12.5676       1502.4087       3754.7382        456.1220       4501.1234        264.5237       -178.4917       6973.2767    -116997.1322          2.7561          1.5977          0.2655          0.2994          0.0222          0.0184          0.5529          0.0000          1.1167          1.5611          2.0509          1.7648          2.8014        302.3897          0.0000    -906509.6844         15.3313

INFO:        550          0.2750    -988542.8931   -1006192.8342      17649.9411         12.6028       1502.9285       3769.7867        461.1304       4496.2428        293.4314       -173.5513       6953.7668    -116977.1159          7.8116          1.7340          0.1389          2.1596          1.6274          2.0234          0.1284          0.0000          1.1309          1.6534          2.1636          1.9206          2.6912        301.2841          0.0000    -906527.2653         21.9289

INFO:        600          0.3000    -988514.5088   -1006189.4622      17674.9534         12.6007       1519.5251       3711.0533        477.9870       4468.1405        233.9187       -165.8055       7010.7514    -116918.4480          3.4488          1.9308          0.1785          0.9066          0.0754          0.0015          0.3559          0.0000          1.1259          1.4112          2.0085          1.7745          2.7867        301.7110          0.0000    -906530.0336         11.1023

INFO:        650          0.3250    -988467.3806   -1006156.5435      17689.1629         12.5926       1474.4302       3789.1392        463.3204       4456.0431        275.6283       -168.2970       7024.7978    -116949.6928          7.5365          2.7700          0.1635          1.2553          0.6764          0.7994          1.8717          0.0000          1.1278          1.6184          2.1182          1.6890          2.8638        301.9536          0.0000    -906529.4493         16.7199

INFO:        700          0.3500    -988518.8344   -1006155.7887      17636.9543         12.5841       1507.1148       3767.3909        462.6732       4496.0741        262.2366       -170.8999       7073.5838    -117044.2925          4.6603          3.2497          0.4300          0.3314          0.0016          0.6226          0.0250          0.0000          1.1026          1.5640          2.0400          1.6995          2.7428        301.0624          0.0000    -906514.3300         16.4001

INFO:        750          0.3750    -988510.8864   -1006227.5890      17716.7025         12.5833       1522.0582       3756.0655        464.5648       4503.5968        285.9328       -159.5343       6983.1605    -117069.5312          4.9196          3.0663          0.7341          0.2729          0.1451          0.2573          0.4439          0.0000          1.0825          1.5586          1.9979          1.7277          2.7936        302.4237          0.0000    -906518.8216         15.9027

INFO:        800          0.4000    -988518.8836   -1006216.7356      17697.8521         12.5689       1502.6577       3706.6643        473.7216       4467.7144        262.2705       -143.2906       7169.8250    -117154.9649          5.0516          3.2180          0.1470          0.7190          0.0004          0.3990          0.5682          0.0000          1.1299          1.5912          2.0339          1.8416          2.8024        302.1019          0.0000    -906506.3852         16.3242

INFO:        850          0.4250    -988556.6094   -1006234.5788      17677.9693         12.6182       1474.0451       3718.7115        472.0787       4478.0891        283.5511       -166.3591       7287.8920    -117253.5406          4.3221          3.0535          0.1194          0.0379          0.3664          0.1772          0.5678          0.0000          1.1336          1.4869          2.0965          1.8205          2.8024        301.7625          0.0000    -906533.3686          9.4531

INFO:        900          0.4500    -988587.5361   -1006161.0707      17573.5345         12.6509       1474.9847       3761.5038        464.6537       4496.9375        278.1344       -179.2110       7353.0655    -117266.7564          5.3979          2.0464          0.3237          1.6876          0.3028          0.0119          1.0254          0.0000          1.1113          1.6363          1.9810          1.7675          2.8283        299.9798          0.0000    -906549.7806         14.6361

INFO:        950          0.4750    -988563.2220   -1006334.3085      17771.0864         12.6209       1531.5127       3713.1311        467.0045       4516.7639        268.1938       -176.6224       7406.1918    -117561.8022          2.3874          1.4453          0.2680          0.1394          0.2970          0.2310          0.0067          0.0000          1.1164          1.5437          2.0905          1.7303          2.7352        303.3520          0.0000    -906501.0691         16.7610

INFO:       1000          0.5000    -988592.9351   -1006310.7981      17717.8630         12.6286       1496.8091       3724.9440        461.9352       4469.5927        289.2817       -171.7299       7455.6644    -117524.4943          1.5565          1.3229          0.0258          0.0181          0.0000          0.0555          0.1342          0.0000          1.1521          1.5199          2.0357          1.7549          2.7636        302.4435          0.0000    -906514.3574         17.3166

INFO:       1050          0.5250    -988604.7643   -1006183.2303      17578.4659         12.6418       1470.0157       3780.2446        478.5702       4469.0292        284.3049       -159.5429       7407.0377    -117416.5564          2.4123          0.7158          0.0879          0.0821          1.0402          0.0948          0.3916          0.0000          1.1386          1.5351          2.1380          1.8092          2.7896        300.0640          0.0000    -906498.7455         15.4090

INFO:       1100          0.5500    -988636.5361   -1006207.0703      17570.5343         12.6389       1499.5150       3725.8969        483.5423       4478.7193        266.9069       -171.2920       7336.1786    -117332.9310          2.5873          1.1156          0.5572          0.2144          0.1043          0.5728          0.0230          0.0000          1.0936          1.5527          2.0683          1.7027          2.7422        299.9286          0.0000    -906496.1936         15.5381

INFO:       1150          0.5750    -988665.6073   -1006145.8448      17480.2374         12.5598       1480.4035       3731.8207        462.9224       4445.1633        262.8373       -155.0470       7258.8064    -117105.2542          3.4823          1.6087          0.4614          0.8976          0.1048          0.0000          0.4097          0.0000          1.1003          1.6011          2.0684          1.7777          2.7910        298.3872          0.0000    -906530.9795         17.0082

INFO:       1200          0.6000    -988687.9751   -1006310.2842      17622.3090         12.5939       1484.0626       3729.9947        464.4198       4432.4941        259.1025       -163.7328       7109.3329    -117115.3545          4.4258          2.5421          0.8042          0.7951          0.0890          0.0014          0.1941          0.0000          1.0785          1.5956          2.0658          1.7747          2.7711        300.8124          0.0000    -906515.0292         23.0946

INFO:       1250          0.6250    -988666.7239   -1006219.5099      17552.7860         12.5854       1489.8394       3685.3389        473.6697       4445.3394        257.5665       -155.6317       7235.9351    -117165.6948          3.0486          1.4952          0.3842          1.0710          0.0374          0.0280          0.0328          0.0000          1.1062          1.6099          2.0167          1.7951          2.7089        299.6256          0.0000    -906488.9209         16.1139

INFO:       1300          0.6500    -988725.9423   -1006372.2988      17646.3564         12.6049       1481.6725       3733.9751        454.9947       4459.3477        262.2639       -163.9727       7194.8905    -117257.2079          2.2845          0.7842          0.9029          0.1310          0.2021          0.0244          0.2400          0.0000          1.0732          1.5426          2.0810          1.7628          2.7760        301.2229          0.0000    -906540.5471         16.7734

INFO:       1350          0.6750    -988710.0622   -1006427.5500      17717.4878         12.6150       1495.1544       3739.1829        465.8649       4471.5537        280.5427       -166.0645       7158.5097    -117361.2782          3.8950          1.2198          0.4183          1.3159          0.3368          0.5668          0.0373          0.0000          1.1035          1.6211          2.0940          1.7031          2.7463        302.4371          0.0000    -906514.9105         18.7846

INFO:       1400          0.7000    -988694.1654   -1006254.7209      17560.5555         12.6412       1521.7062       3788.0693        479.2003       4461.7461        287.3828       -169.7394       7201.7616    -117305.6264          2.0615          1.2321          0.4095          0.1166          0.2994          0.0018          0.0021          0.0000          1.1042          1.5405          1.9813          1.7827          2.7224        299.7583          0.0000    -906521.2831         13.9179

INFO:       1450          0.7250    -988710.4286   -1006154.3840      17443.9555         12.6244       1452.4836       3874.7414        471.9342       4483.8670        245.0847       -161.0811       7246.3629    -117287.0613          2.3267          1.5669          0.0627          0.0718          0.2292          0.1432          0.2529          0.0000          1.1932          1.4796          1.9881          1.8162          2.7773        297.7679          0.0000    -906483.0422         17.3371

INFO:       1500          0.7500    -988685.2358   -1006178.7785      17493.5427         12.6229       1593.0410       3757.1495        477.4866       4451.0121        271.4228       -150.2581       7173.6085    -117262.8950          3.7448          1.4208          0.1498          0.0521          0.0252          2.0161          0.0807          0.0000          1.2069          1.5292          2.0201          1.9204          2.7554        298.6144          0.0000    -906493.0908         13.8059

INFO:       1550          0.7750    -988659.7316   -1006228.8648      17569.1332         12.6556       1559.5707       3785.2830        467.3669       4501.4622        261.1318       -182.2246       7203.8231    -117326.4535          3.6631          2.3328          0.0496          0.0173          0.1615          0.9602          0.1418          0.0000          1.1459          1.4933          1.9958          1.6804          2.6893        299.9047          0.0000    -906502.4875         13.7492

INFO:       1600          0.8000    -988650.9232   -1006288.7817      17637.8585         12.6097       1438.3958       3777.1684        467.6724       4462.3142        267.0728       -156.5753       7236.7326    -117269.1566          5.2432          3.3492          0.4506          0.5678          0.5251          0.2419          0.1086          0.0000          1.1011          1.5818          2.1085          1.7292          2.7600        301.0778          0.0000    -906517.6493         15.2845

INFO:       1650          0.8250    -988657.7764   -1006263.4136      17605.6372         12.6947       1490.9246       3693.4259        458.7749       4498.4935        269.6318       -161.3666       7290.4719    -117293.1361          4.9896          3.0474          0.5914          1.1789          0.0137          0.1043          0.0539          0.0000          1.0913          1.6150          2.0243          1.8107          2.7502        300.5278          0.0000    -906515.6229         20.4639

INFO:       1700          0.8500    -988658.7558   -1006284.1653      17625.4095         12.6303       1462.2790       3724.3872        469.6551       4486.1013        286.7058       -173.5069       7353.1905    -117379.8490          5.1610          2.3749          1.6740          0.3571          0.2021          0.5498          0.0032          0.0000          1.0388          1.5662          2.0810          1.8525          2.7326        300.8653          0.0000    -906518.2892         15.6696

INFO:       1750          0.8750    -988623.9313   -1006197.6052      17573.6740         12.6474       1491.9700       3828.4870        462.4448       4450.7496        269.6852       -177.7619       7402.0689    -117421.2392          9.7484          3.3910          0.7161          4.3444          0.0049          0.6186          0.6735          0.0000          1.0836          1.7148          2.0430          1.8571          2.8091        299.9822          0.0000    -906513.7581         16.2919

INFO:       1800          0.9000    -988594.8237   -1006217.4768      17622.6531         12.6510       1553.4732       3814.5100        450.0796       4500.5710        245.3608       -176.9248       7405.6427    -117481.1855          4.8091          3.8816          0.0161          0.0264          0.1321          0.6626          0.0904          0.0000          1.1555          1.5226          2.0723          1.6970          2.6969        300.8183          0.0000    -906533.8130         16.1729

INFO:       1850          0.9250    -988619.5916   -1006190.7958      17571.2042         12.6349       1494.7589       3811.6416        475.0677       4490.0543        268.0683       -166.0773       7287.4401    -117363.4663          5.1160          3.2312          0.8867          0.3847          0.5599          0.0348          0.0189          0.0000          1.2624          1.4444          1.9612          1.7970          2.7407        299.9400          0.0000    -906493.3990         14.2377

INFO:       1900          0.9500    -988663.0638   -1006174.0249      17510.9611         12.6589       1513.3787       3669.0302        458.7941       4482.8245        269.1909       -167.4422       7333.1019    -117236.6803          4.0321          2.8060          0.4178          0.4132          0.0000          0.0326          0.3624          0.0000          1.2328          1.4421          2.0365          1.7965          2.7872        298.9117          0.0000    -906500.2548         22.3598

INFO:       1950          0.9750    -988682.6145   -1006326.2176      17643.6031         12.6057       1513.9741       3726.3218        452.7419       4478.5576        264.2141       -162.2458       7282.7640    -117387.3464          4.3683          2.6885          0.0013          0.0005          0.3472          1.0839          0.2467          0.0000          1.1645          1.5041          2.0949          1.6743          2.6773        301.1759          0.0000    -906499.5672         21.8675

INFO:       2000          1.0000    -988719.8980   -1006305.4692      17585.5712         12.6479       1483.1942       3817.5652        480.4426       4506.2213        273.2489       -179.7354       7279.6675    -117455.3806          7.4942          2.5083          1.7098          1.9238          0.3944          0.9564          0.0016          0.0000          1.0374          1.6451          1.9732          1.8762          2.7230        300.1853          0.0000    -906518.1871         23.3052

INFO:       2050          1.0250    -988642.9541   -1006252.8676      17609.9135         12.6217       1514.7777       3776.3064        466.2637       4509.3703        279.9317       -186.4365       7400.5690    -117513.1287          2.2427          0.6660          0.9401          0.0324          0.5113          0.0771          0.0158          0.0000          1.0712          1.5244          2.1075          1.8062          2.7396        300.6008          0.0000    -906502.7639         20.4831

INFO:       2100          1.0500    -988645.5550   -1006253.0152      17607.4602         12.5718       1443.0388       3727.6220        455.5944       4445.1715        278.4591       -172.2123       7386.1148    -117309.7563          2.1590          1.0859          0.0232          0.9395          0.0714          0.0150          0.0241          0.0000          1.1834          1.6033          2.0627          1.7662          2.7115        300.5589          0.0000    -906509.2063         14.9168

INFO:       2150          1.0750    -988661.2797   -1006391.3105      17730.0308         12.6484       1501.3093       3711.1793        461.7838       4487.0654        285.0881       -173.1595       7248.6316    -117423.5828          4.0741          2.6124          0.2432          0.1740          0.4636          0.1377          0.4433          0.0000          1.2175          1.4647          1.9679          1.8155          2.7936        302.6512          0.0000    -906493.6998         19.2548

INFO:       2200          1.1000    -988653.8110   -1006399.3399      17745.5289         12.6150       1518.6500       3715.7577        478.5820       4461.8257        266.9664       -172.4622       7311.9633    -117457.7921          3.9272          2.4706          0.2460          0.0296          0.0000          0.7586          0.4224          0.0000          1.2178          1.4892          2.0355          1.8655          2.7920        302.9158          0.0000    -906526.7578         17.0692

INFO:       2250          1.1250    -988710.2042   -1006316.1171      17605.9129         12.6974       1547.3663       3810.3608        470.8666       4466.4062        272.4502       -178.3616       7416.9101    -117603.6254          2.7837          2.2658          0.0867          0.0313          0.3278          0.0026          0.0696          0.0000          1.1976          1.4887          2.0933          1.7835          2.7006        300.5325          0.0000    -906521.2741         23.8163

INFO:       2300          1.1500    -988689.8077   -1006284.0424      17594.2347         12.6058       1511.8776       3783.3101        470.5039       4489.7401        264.7472       -175.1103       7376.1569    -117463.9916          2.6515          2.3181          0.0159          0.1072          0.0029          0.0610          0.1465          0.0000          1.1556          1.4737          2.0306          1.7537          2.7653        300.3332          0.0000    -906543.9279         22.7711

INFO:       2350          1.1750    -988632.7300   -1006246.1658      17613.4358         12.6375       1491.8884       3681.6843        469.2678       4465.2284        280.6792       -180.8510       7381.3786    -117326.4133          3.6492          2.1948          0.0004          1.3982          0.0035          0.0514          0.0008          0.0000          1.1661          1.6246          2.0301          1.7557          2.7299        300.6609          0.0000    -906512.6775         20.7561

INFO:       2400          1.2000    -988601.6513   -1006322.1379      17720.4866         12.5963       1504.2015       3732.3916        475.5517       4497.7131        266.1689       -180.6131       7248.9831    -117340.4322          2.8658          1.7265          0.9142          0.0258          0.1294          0.0208          0.0491          0.0000          1.0726          1.5225          2.0720          1.7928          2.7048        302.4883          0.0000    -906528.9683         17.3375

INFO:       2450          1.2250    -988592.9345   -1006351.5299      17758.5954         12.5763       1519.9651       3714.2307        449.8187       4500.4556        286.1064       -171.1506       7216.9712    -117364.4344          4.8860          1.8014          0.2033          0.8367          1.4497          0.1880          0.4069          0.0000          1.1231          1.5979          1.9156          1.8218          2.7908        303.1388          0.0000    -906508.3786         15.6873

INFO:       2500          1.2500    -988635.4751   -1006242.2408      17606.7658         12.6642       1522.8866       3758.1223        479.2522       4478.7728        282.6512       -153.9905       7296.5519    -117409.6713          4.0455          1.6764          0.1764          0.0072          1.5592          0.4944          0.1319          0.0000          1.2102          1.4979          2.1609          1.8487          2.6907        300.5471          0.0000    -906500.8614         16.4558

INFO:       2550          1.2750    -988649.3861   -1006195.7166      17546.3305         12.6100       1505.1342       3700.0326        469.3879       4488.6731        276.3852       -168.6212       7312.6048    -117275.9454          2.6828          1.8897          0.0001          0.0402          0.1935          0.0802          0.4791          0.0000          1.1690          1.5265          1.9920          1.7501          2.7962        299.5154          0.0000    -906506.0507         12.1420

INFO:       2600          1.3000    -988596.9080   -1006084.5825      17487.6745         12.6608       1470.9109       3775.7687        473.2908       4477.9562        272.3560       -167.3632       7277.3576    -117146.5179          1.4350          0.6644          0.1886          0.2925          0.1009          0.0059          0.1828          0.0000          1.1248          1.5605          2.0678          1.7861          2.7698        298.5142          0.0000    -906519.7766         18.2051

INFO:       2650          1.3250    -988557.1462   -1006204.3046      17647.1584         12.6202       1501.1086       3771.1173        464.7617       4507.7681        270.9149       -176.0171       7220.8746    -117271.3194          2.5577          1.0960          0.5132          0.5271          0.3719          0.0471          0.0024          0.0000          1.0966          1.5790          2.0970          1.8001          2.7221        301.2366          0.0000    -906496.0710         13.0230

INFO:       2700          1.3500    -988570.7752   -1006323.4091      17752.6339         12.6693       1547.6403       3745.3589        465.8122       4524.0273        269.8691       -167.6197       7207.1300    -117418.2370          3.0372          1.3792          0.0112          1.1000          0.0027          0.0496          0.4944          0.0000          1.1576          1.6113          2.0412          1.8007          2.7973        303.0370          0.0000    -906500.4274         23.6974

INFO:       2750          1.3750    -988605.0530   -1006137.9156      17532.8626         12.6175       1497.6518       3738.6568        472.7005       4502.5946        287.2897       -158.6243       7394.1361    -117367.8017          1.8845          1.2004          0.0063          0.2696          0.0187          0.3772          0.0123          0.0000          1.1603          1.4545          2.0497          1.8398          2.7381        299.2855          0.0000    -906506.4036         19.9933

INFO:       2800          1.4000    -988622.8833   -1006308.9126      17686.0293         12.6036       1439.9993       3768.1785        462.8229       4533.9315        270.7419       -152.2113       7405.0402    -117508.5336          2.4533          1.5702          0.0233          0.4484          0.0111          0.3877          0.0127          0.0000          1.1835          1.5734          2.0465          1.7161          2.7383        301.9001          0.0000    -906531.3353         17.7303

INFO:       2850          1.4250    -988664.5286   -1006372.6463      17708.1176         12.6240       1468.1073       3782.1215        474.5820       4466.4032        293.5667       -167.8377       7406.0898    -117588.6168          3.7424          1.0813          0.3535          0.0001          1.6701          0.1281          0.5093          0.0000          1.1087          1.5071          1.9068          1.7426          2.7984        302.2771          0.0000    -906510.8046         18.1003

INFO:       2900          1.4500    -988632.0393   -1006394.8034      17762.7642         12.6145       1515.8383       3723.1475        475.5395       4485.5012        260.5613       -169.6878       7524.2563    -117687.4815          2.4114          1.1568          0.3191          0.0289          0.8259          0.0714          0.0093          0.0000          1.1117          1.5234          2.1269          1.7517          2.7366        303.2100          0.0000    -906524.8895         12.0520

INFO:       2950          1.4750    -988646.1484   -1006479.0810      17832.9326         12.6451       1468.6584       3733.7734        474.3861       4491.6334        252.6734       -176.2956       7533.9373    -117765.8095          5.0808          1.5746          0.1773          2.2443          0.4743          0.0039          0.6063          0.0000          1.1261          1.6562          1.9671          1.7721          2.8049        304.4077          0.0000    -906497.1187         20.2305

INFO:       3000          1.5000    -988687.1016   -1006376.6234      17689.5218         12.6168       1499.4733       3706.4628        479.4580       4497.4403        272.3982       -176.6713       7511.9120    -117639.2183          2.2565          1.8288          0.1289          0.0680          0.0353          0.1326          0.0629          0.0000          1.1323          1.4803          2.0548          1.8148          2.7521        301.9597          0.0000    -906530.1349         15.9223

INFO:       3050          1.5250    -988652.6239   -1006250.4374      17597.8135         12.6527       1554.1935       3736.6271        470.4136       4533.9634        265.6648       -199.4227       7337.6032    -117436.2825          3.3659          1.3853          0.0096          0.8754          0.1890          0.1519          0.7547          0.0000          1.1584          1.6000          1.9925          1.8174          2.8139        300.3943          0.0000    -906516.5638         18.2426

INFO:       3100          1.5500    -988644.6610   -1006268.5637      17623.9027         12.5660       1446.0179       3810.0823        468.7671       4486.8343        281.1248       -196.6146       7243.8543    -117303.1941          1.6153          1.3210          0.0204          0.1107          0.0044          0.0320          0.1268          0.0000          1.1539          1.5397          2.0294          1.7963          2.7626        300.8396          0.0000    -906507.0511         20.5625

INFO:       3150          1.5750    -988727.7848   -1006204.9795      17477.1947         12.6119       1506.1258       3701.9711        471.4558       4511.0235        268.4980       -168.5054       7255.9923    -117247.3425          3.1108          2.4550          0.0000          0.4644          0.1448          0.0073          0.0393          0.0000          1.1681          1.4383          1.9980          1.7698          2.7072        298.3353          0.0000    -906507.3089         15.8368

INFO:       3200          1.6000    -988670.9676   -1006293.8105      17622.8430         12.5715       1456.9939       3727.5856        466.1274       4490.7796        280.8472       -166.6872       7187.1982    -117226.5119          4.2427          2.7910          0.0163          0.4162          0.6019          0.3771          0.0402          0.0000          1.1554          1.5709          2.1136          1.8398          2.7471        300.8215          0.0000    -906514.3860         13.8709

INFO:       3250          1.6250    -988683.4616   -1006238.3924      17554.9308         12.6221       1511.5030       3725.8056        464.8241       4506.1057        272.5586       -175.2375       7164.1535    -117231.2066          5.0652          4.8661          0.0830          0.0387          0.0715          0.0000          0.0059          0.0000          1.1394          1.5261          2.0627          1.7782          2.7193        299.6622          0.0000    -906481.9640         10.9115

INFO:       3300          1.6500    -988689.8857   -1006349.1634      17659.2777         12.6364       1515.2753       3721.8846        468.7367       4470.6845        256.7695       -167.9725       7207.3572    -117352.6627          6.8062          5.2853          0.5098          0.4151          0.5021          0.0094          0.0845          0.0000          1.0968          1.5708          2.1069          1.7687          2.7561        301.4434          0.0000    -906476.0423         20.1957

INFO:       3350          1.6750    -988713.8586   -1006257.3565      17543.4979         12.6094       1460.6277       3761.5682        472.4667       4471.8440        274.0718       -166.8451       7399.4178    -117435.9806          6.0085          5.5071          0.0005          0.0009          0.1486          0.0463          0.3051          0.0000          1.1660          1.5033          2.0745          1.7569          2.7822        299.4671          0.0000    -906500.5354         15.7747

INFO:       3400          1.7000    -988679.6351   -1006418.9959      17739.3608         12.6447       1502.1008       3726.2382        484.6248       4477.2791        278.2408       -174.3751       7324.6465    -117538.8318          7.3786          6.8050          0.0543          0.1943          0.2329          0.0919          0.0002          0.0000          1.1449          1.5505          2.0843          1.7481          2.7284        302.8105          0.0000    -906506.2977         12.6902

INFO:       3450          1.7250    -988648.8543   -1006391.5699      17742.7156         12.5734       1428.4380       3805.7830        477.1559       4481.9920        272.7403       -171.1700       7232.3858    -117434.3696          8.0558          5.1206          0.1928          0.6279          0.0023          0.2716          1.8406          0.0000          1.1243          1.5856          2.0312          1.8305          2.8627        302.8677          0.0000    -906492.5811         15.6686

INFO:       3500          1.7500    -988705.4806   -1006334.3693      17628.8888         12.6157       1496.3701       3756.1321        467.6984       4489.9312        258.9592       -167.1945       7201.5652    -117356.0365          5.7835          4.4798          0.7909          0.3080          0.0825          0.0751          0.0472          0.0000          1.0793          1.5619          2.0647          1.7510          2.7487        300.9247          0.0000    -906487.5781         15.3291

INFO:       3550          1.7750    -988703.9310   -1006349.3448      17645.4138         12.5893       1482.6224       3723.1754        464.9306       4522.8999        280.7072       -182.4797       7165.5323    -117326.9738          5.6208          4.2308          0.1414          0.0003          0.2866          0.0758          0.8860          0.0000          1.2058          1.5081          2.0895          1.7509          2.8211        301.2068          0.0000    -906485.3799         21.8227

INFO:       3600          1.8000    -988681.1850   -1006273.4999      17592.3149         12.5812       1532.2315       3744.7610        461.4559       4490.9114        263.2309       -178.1940       7275.1237    -117388.4975          3.7153          3.2971          0.2045          0.0474          0.0885          0.0187          0.0590          0.0000          1.2134          1.4846          2.0658          1.7921          2.7513        300.3004          0.0000    -906478.2380         20.3063

INFO:       3650          1.8250    -988712.8193   -1006232.1905      17519.3712         12.5777       1480.7939       3765.1169        453.2544       4478.0874        272.8655       -170.2037       7217.7740    -117265.0442          2.7622          2.4204          0.0009          0.0143          0.1410          0.0501          0.1356          0.0000          1.1651          1.5183          2.0735          1.8008          2.7638        299.0552          0.0000    -906467.5970         19.8318

INFO:       3700          1.8500    -988694.5417   -1006249.6057      17555.0641         12.6226       1451.9836       3819.8469        482.0902       4505.3609        265.7898       -189.6832       7219.5771    -117347.7842          2.3700          1.5044          0.5895          0.0921          0.0143          0.0307          0.1390          0.0000          1.0914          1.5368          2.0479          1.7959          2.7643        299.6645          0.0000    -906459.1567         18.6806

INFO:       3750          1.8750    -988691.8762   -1006294.5763      17602.7001         12.5393       1484.7688       3761.9832        460.8413       4516.5508        279.0659       -182.2315       7294.5263    -117455.2988          4.3683          1.2330          1.4986          0.6287          0.2932          0.7055          0.0093          0.0000          1.0458          1.5857          2.0901          1.6944          2.7366        300.4777          0.0000    -906459.1505         23.4358

INFO:       3800          1.9000    -988692.9281   -1006223.2799      17530.3518         12.5969       1514.6318       3789.1730        465.0206       4493.5772        251.5324       -174.5773       7252.4122    -117341.2589          4.3052          1.0737          2.1232          0.7210          0.2169          0.0276          0.1428          0.0000          1.0225          1.5913          2.0826          1.7618          2.7648        299.2427          0.0000    -906478.0960         16.7964

INFO:       3850          1.9250    -988677.9002   -1006305.3101      17627.4099         12.6167       1515.6029       3785.3652        458.0857       4509.6565        284.7029       -171.0738       7136.1594    -117384.4744          4.0358          1.6622          0.9175          1.1769          0.0261          0.0410          0.2119          0.0000          1.0724          1.6149          2.0198          1.7987          2.7730        300.8995          0.0000    -906443.3703         16.7593

INFO:       3900          1.9500    -988677.7063   -1006300.7277      17623.0215         12.5592       1496.9410       3741.2730        460.5156       4519.7048        269.1780       -170.6632       7052.1695    -117198.8183          1.8120          1.5368          0.0008          0.0178          0.0330          0.0161          0.2075          0.0000          1.1711          1.5197          2.0542          1.7911          2.7725        300.8246          0.0000    -906472.8400         17.4468

INFO:       3950          1.9750    -988622.0794   -1006341.8483      17719.7689         12.5661       1466.1854       3737.1453        463.5521       4499.5237        270.6446       -167.6851       6992.0840    -117137.9220          2.6511          1.7586          0.3154          0.0043          0.0225          0.5360          0.0144          0.0000          1.2244          1.5130          2.0210          1.8516          2.7390        302.4760          0.0000    -906468.0274         11.1195

INFO:       4000          2.0000    -988669.7344   -1006253.3993      17583.6649         12.5358       1435.9169       3746.6883        466.2694       4489.8568        273.2027       -168.8341       6987.7490    -117006.2776          2.9066          1.8256          0.0032          0.0203          0.1724          0.0089          0.8762          0.0000          1.1739          1.5206          2.0775          1.7879          2.8206        300.1527          0.0000    -906480.8774         18.2207

 
[STEP6] Deallocate Arrays
 
Output_Time> Averaged timer profile (Min, Max)
  total time      =   27506.533
    setup         =      12.795
    dynamics      =   27493.738
      energy      =   27491.490
      integrator  =       8.285
      pairlist    =       4.841 (       4.139,       5.191)
  energy           
    bond          =       0.047 (       0.039,       0.066)
    angle         =       0.134 (       0.128,       0.138)
    dihedral      =       0.405 (       0.350,       0.451)
    nonbond       =      37.100 (      36.383,      37.725)
      pme real    =      37.099 (      36.382,      37.724)
      pme recip   =       0.000 (       0.000,       0.000)
    solvation     =       0.000 (       0.000,       0.000)
      polar       =       0.000 (       0.000,       0.000)
      non-polar   =       0.000 (       0.000,       0.000)
    restraint     =       0.022 (       0.018,       0.025)
    qmmm          =   27443.396 (   27441.843,   27443.948)
  integrator       
    constraint    =       4.644 (       4.548,       4.705)
    update        =       0.000 (       0.000,       0.000)
    comm_coord    =       0.000 (       0.000,       0.000)
    comm_force    =       0.000 (       0.000,       0.000)
    comm_migrate  =       0.000 (       0.000,       0.000)

Note: The following floating-point exceptions are signalling: IEEE_DIVIDE_BY_ZERO IEEE_UNDERFLOW_FLAG IEEE_DENORMAL
Note: The following floating-point exceptions are signalling: IEEE_DIVIDE_BY_ZERO IEEE_UNDERFLOW_FLAG IEEE_DENORMAL
Note: The following floating-point exceptions are signalling: IEEE_DIVIDE_BY_ZERO IEEE_UNDERFLOW_FLAG IEEE_DENORMAL
Note: The following floating-point exceptions are signalling: IEEE_DIVIDE_BY_ZERO IEEE_UNDERFLOW_FLAG IEEE_DENORMAL
Note: The following floating-point exceptions are signalling: IEEE_DIVIDE_BY_ZERO IEEE_UNDERFLOW_FLAG IEEE_DENORMAL
Note: The following floating-point exceptions are signalling: IEEE_DIVIDE_BY_ZERO IEEE_UNDERFLOW_FLAG IEEE_DENORMAL
Note: The following floating-point exceptions are signalling: IEEE_DIVIDE_BY_ZERO IEEE_UNDERFLOW_FLAG IEEE_DENORMAL
Note: The following floating-point exceptions are signalling: IEEE_DIVIDE_BY_ZERO IEEE_UNDERFLOW_FLAG IEEE_DENORMAL
Note: The following floating-point exceptions are signalling: IEEE_DIVIDE_BY_ZERO IEEE_UNDERFLOW_FLAG IEEE_DENORMAL
Note: The following floating-point exceptions are signalling: IEEE_DIVIDE_BY_ZERO IEEE_UNDERFLOW_FLAG IEEE_DENORMAL
Note: The following floating-point exceptions are signalling: IEEE_DIVIDE_BY_ZERO IEEE_UNDERFLOW_FLAG IEEE_DENORMAL
Note: The following floating-point exceptions are signalling: IEEE_DIVIDE_BY_ZERO IEEE_UNDERFLOW_FLAG IEEE_DENORMAL
Note: The following floating-point exceptions are signalling: IEEE_DIVIDE_BY_ZERO IEEE_UNDERFLOW_FLAG IEEE_DENORMALNote: The following floating-point exceptions are signalling: IEEE_DIVIDE_BY_ZERO IEEE_UNDERFLOW_FLAG IEEE_DENORMALNote: The following floating-point exceptions are signalling: IEEE_DIVIDE_BY_ZERO IEEE_UNDERFLOW_FLAG IEEE_DENORMAL
Note: The following floating-point exceptions are signalling: IEEE_DIVIDE_BY_ZERO IEEE_UNDERFLOW_FLAG IEEE_DENORMAL
Note: The following floating-point exceptions are signalling: IEEE_DIVIDE_BY_ZERO IEEE_UNDERFLOW_FLAG IEEE_DENORMAL
Note: The following floating-point exceptions are signalling: IEEE_DIVIDE_BY_ZERO IEEE_UNDERFLOW_FLAG IEEE_DENORMAL


Note: The following floating-point exceptions are signalling: IEEE_DIVIDE_BY_ZERO IEEE_UNDERFLOW_FLAG IEEE_DENORMAL
Note: The following floating-point exceptions are signalling: IEEE_DIVIDE_BY_ZERO IEEE_UNDERFLOW_FLAG IEEE_DENORMAL
Note: The following floating-point exceptions are signalling: IEEE_INVALID_FLAG IEEE_DIVIDE_BY_ZERO IEEE_UNDERFLOW_FLAG IEEE_DENORMAL
Note: The following floating-point exceptions are signalling: IEEE_DIVIDE_BY_ZERO IEEE_UNDERFLOW_FLAG IEEE_DENORMAL
Note: The following floating-point exceptions are signalling: IEEE_DIVIDE_BY_ZERO IEEE_UNDERFLOW_FLAG IEEE_DENORMAL
Note: The following floating-point exceptions are signalling: IEEE_DIVIDE_BY_ZERO IEEE_UNDERFLOW_FLAG IEEE_DENORMAL
Note: The following floating-point exceptions are signalling: IEEE_DIVIDE_BY_ZERO IEEE_UNDERFLOW_FLAG IEEE_DENORMAL
Note: The following floating-point exceptions are signalling: IEEE_DIVIDE_BY_ZERO IEEE_UNDERFLOW_FLAG IEEE_DENORMAL
Note: The following floating-point exceptions are signalling: IEEE_DIVIDE_BY_ZERO IEEE_UNDERFLOW_FLAG IEEE_DENORMAL
Note: The following floating-point exceptions are signalling: IEEE_DIVIDE_BY_ZERO IEEE_UNDERFLOW_FLAG IEEE_DENORMAL
Note: The following floating-point exceptions are signalling: IEEE_DIVIDE_BY_ZERO IEEE_UNDERFLOW_FLAG IEEE_DENORMAL
Note: The following floating-point exceptions are signalling: IEEE_DIVIDE_BY_ZERO IEEE_UNDERFLOW_FLAG IEEE_DENORMAL
Note: The following floating-point exceptions are signalling: IEEE_DIVIDE_BY_ZERO IEEE_UNDERFLOW_FLAG IEEE_DENORMAL
Note: The following floating-point exceptions are signalling: IEEE_DIVIDE_BY_ZERO IEEE_UNDERFLOW_FLAG IEEE_DENORMAL
