(10.0.17.55:0,1,2,3,4,5,6,7)
(10.0.17.56:8,9,10,11,12,13,14,15)
(10.0.17.57:16,17,18,19,20,21,22,23)
(10.0.17.58:24,25,26,27,28,29,30,31)

[0] MPI startup(): libfabric version: 1.7.2a-impi
[0] MPI startup(): libfabric provider: psm2
[0] MPI startup(): Rank    Pid      Node name    Pin cpu
[0] MPI startup(): 0       203657   cx1143.obcx  {0,1,2,3,4,5,6}
[0] MPI startup(): 1       203658   cx1143.obcx  {7,8,9,10,11,12,13}
[0] MPI startup(): 2       203659   cx1143.obcx  {14,15,16,17,18,19,20}
[0] MPI startup(): 3       203660   cx1143.obcx  {21,22,23,24,25,26,27}
[0] MPI startup(): 4       203661   cx1143.obcx  {28,29,30,31,32,33,34}
[0] MPI startup(): 5       203662   cx1143.obcx  {35,36,37,38,39,40,41}
[0] MPI startup(): 6       203663   cx1143.obcx  {42,43,44,45,46,47,48}
[0] MPI startup(): 7       203664   cx1143.obcx  {49,50,51,52,53,54,55}
[0] MPI startup(): 8       239548   cx1144.obcx  {0,1,2,3,4,5,6}
[0] MPI startup(): 9       239549   cx1144.obcx  {7,8,9,10,11,12,13}
[0] MPI startup(): 10      239550   cx1144.obcx  {14,15,16,17,18,19,20}
[0] MPI startup(): 11      239551   cx1144.obcx  {21,22,23,24,25,26,27}
[0] MPI startup(): 12      239552   cx1144.obcx  {28,29,30,31,32,33,34}
[0] MPI startup(): 13      239553   cx1144.obcx  {35,36,37,38,39,40,41}
[0] MPI startup(): 14      239554   cx1144.obcx  {42,43,44,45,46,47,48}
[0] MPI startup(): 15      239555   cx1144.obcx  {49,50,51,52,53,54,55}
[0] MPI startup(): 16      245885   cx1145.obcx  {0,1,2,3,4,5,6}
[0] MPI startup(): 17      245886   cx1145.obcx  {7,8,9,10,11,12,13}
[0] MPI startup(): 18      245887   cx1145.obcx  {14,15,16,17,18,19,20}
[0] MPI startup(): 19      245888   cx1145.obcx  {21,22,23,24,25,26,27}
[0] MPI startup(): 20      245889   cx1145.obcx  {28,29,30,31,32,33,34}
[0] MPI startup(): 21      245890   cx1145.obcx  {35,36,37,38,39,40,41}
[0] MPI startup(): 22      245891   cx1145.obcx  {42,43,44,45,46,47,48}
[0] MPI startup(): 23      245892   cx1145.obcx  {49,50,51,52,53,54,55}
[0] MPI startup(): 24      81544    cx1146.obcx  {0,1,2,3,4,5,6}
[0] MPI startup(): 25      81545    cx1146.obcx  {7,8,9,10,11,12,13}
[0] MPI startup(): 26      81546    cx1146.obcx  {14,15,16,17,18,19,20}
[0] MPI startup(): 27      81547    cx1146.obcx  {21,22,23,24,25,26,27}
[0] MPI startup(): 28      81548    cx1146.obcx  {28,29,30,31,32,33,34}
[0] MPI startup(): 29      81549    cx1146.obcx  {35,36,37,38,39,40,41}
[0] MPI startup(): 30      81550    cx1146.obcx  {42,43,44,45,46,47,48}
[0] MPI startup(): 31      81551    cx1146.obcx  {49,50,51,52,53,54,55}
[0] MPI startup(): I_MPI_OFI_LIBRARY_INTERNAL=1
[0] MPI startup(): I_MPI_ROOT=/work/opt/local/cores/intel/impi/2019.5.281
[0] MPI startup(): I_MPI_HYDRA_BOOTSTRAP_EXEC=/usr/local/bin/pjrsh4calc
[0] MPI startup(): I_MPI_HYDRA_BOOTSTRAP_AUTOFORK=0
[0] MPI startup(): I_MPI_HYDRA_TOPOLIB=hwloc
[0] MPI startup(): I_MPI_HYDRA_HOST_FILE=/work/00/hp200098/o30000/tim/tim5/b3lypD3.rpath1/4.equil2_ob/.d0000793838_nodeinfo
[0] MPI startup(): I_MPI_PERHOST=8
[0] MPI startup(): I_MPI_INTERNAL_MEM_POLICY=default
[0] MPI startup(): I_MPI_DEBUG=5
****************************************************
*                                                  *
*                  GENESIS ATDYN                   *
*                                                  *
*        A Molecular Dynamics Simulator with       *
*            Atomic Decomposition Scheme           *
*                                                  *
*               Developed by RIKEN                 *
*                                                  *
****************************************************
 
[STEP0] Architecture and Compiler Information
 
GENESIS_Information> GENESIS Information
  version      = 1.6.0
  commit ID    = $GENESIS_VERSION$
  precision    = double
  nonbonding   = CPU

Build_Information> Compiler Information
  build host   = o30000@obcx03.obcx
  fortran      = GNU Fortran (GCC) 7.5.0
  option       = -O3 -ffast-math -march=native -ffree-line-length-none -fopenmp 
  C            = gcc (GCC) 7.5.0
  option       = -O3 -ffast-math -march=native -fopenmp
  defined var. =  -DMPI -DOMP -DFFTE -DLAPACK -DDSFMT_MEXP=19937 -D__GFORTRAN__
  link option  = -L/work/hp200098/share/local/lib -fopenmp -lmkl_scalapack_lp64 -lmkl_blacs_intelmpi_lp64 -lmkl_intel_lp64 -lmkl_intel_thread -lmkl_core -liomp5 -lpthread -lm 

Runtime_Information> Machine and Library Information
  date       = 2021/02/05 18:01:20
  cpu model    = Intel(R) Xeon(R) Platinum 8280 CPU @ 2.70GHz
  exec. host   = o30000@cx1143.obcx
  LD library   = /work/hp200098/share/local/lib:/work/opt/local/cores/intel/compilers_and_libraries_2019.5.281/linux/tbb/lib/intel64_lin/gcc4.7:/work/opt/local/cores/intel/compilers_and_libraries_2019.5.281/linux/compiler/lib/intel64_lin:/work/opt/local/cores/intel/compilers_and_libraries_2019.5.281/linux/mkl/lib/intel64_lin:/work/opt/local/cores/intel/impi/2019.5.281/intel64/libfabric/lib:/work/opt/local/cores/intel/impi/2019.5.281/intel64/lib/release:/work/opt/local/cores/intel/impi/2019.5.281/intel64/lib:/work/opt/local/cores/gcc/7.5.0/lib64

[STEP1] Read Control Parameters
 
Read_Ctrl_Input> Input Files
  topfile = toppar/top_all36_prot.rtf, toppar/top_all36_cgenff.rtf
  parfile = toppar/par_all36_prot.prm, toppar/par_all36_cgenff.prm
  strfile = toppar/toppar_water_ions.str, toppar/toppar_dhap.3.str
  psffile = ../../2.equil/step4_nvt_100.psf
  pdbfile = ../../2.equil/step4_nvt_100.pdb
  rstfile = ../3.equil1/equil1_13.rst
  reffile = ../../2.equil/step4_nvt_100.pdb
 
Read_Ctrl_Output> Output Files
  dcdfile    = equil2_13.dcd
  rstfile    = equil2_13.rst
 
Read_Ctrl_Energy> Parameters of Energy Calculations
  forcefield      =     CHARMM
  switchdist      =     16.000  cutoffdist      =     18.000
  pairlistdist    =     19.500  dielec_const    =      1.000
  vdW force_switch=        yes
  electrostatic   =  CUTOFF
  implicit_solvent=       none
  table_order     =          3
  table_density   =     20.000
  water_model     =       NONE
  output_style    =    GENESIS
  dispersion_corr =       none
  nonb_limiter    =      no
 
Read_Ctrl_Dynamics> Parameters of MD simulation
  integrator      =       VVER  nsteps          =       4000
  timestep        =     0.0005  initial_time    =     0.0000
  eneout_period   =         50  rstout_period   =         50
  crdout_period   =         50  velout_period   =          0
  nbupdate_period =         10  stoptr_period   =         10
  iseed           =   20190319
  annealing       =         no
  verbose         =         no
  target_md       =         no
  steered_md      =         no
  esp_mm          =         no
 
Read_Ctrl_Constraints> Parameters for Constraints
  rigid_bond      =        yes
  shake_iteration =        500  shake_tolerance =  0.100E-09
  fast_water      =        yes  water_model     =       TIP3
  hydrogen_type   =  name|mass
  noshake_index   = 4  11  12  13
  fixatm_select_index        =       none
 
Read_Ctrl_Ensemble> Parameters for Ensemble
  ensemble        =        NVT
  temperature     =    300.000
  tpcontrol       =      BUSSI
  tau_t           =      0.500
 
Read_Ctrl_Boundary> Parameters of Boundary Condition
  type            =       NOBC
  spherical_pot   =        yes  restart         =          T
  center_info     =       read  modify_ratio    =      1.000
  constant        =     10.000  exponent        =          2
  fixatom         =          T  fix_layer       =      1.000
 
Read_Ctrl_Selection> Parameters of Selection
  # of groups     =         13
    group 1 = sid:DHA or (sid:TIMA and (rno:95 or rno:165) and          not (an:CA  | an:C   | an:O   | an:N | an:HN | an:HA))
    group 2 = atomno:1900 or atomno:5687
    group 3 = atomno:1442
    group 4 = atomno:1443
    group 5 = atomno:2559
    group 6 = atomno:2560
    group 7 = atomno:7583
    group 8 = atomno:7584
    group 9 = atomno:7585
    group 10 = atomno:7586
    group 11 = atomno:7587
    group 12 = atomno:7588
    group 13 = atomno:7589
  # of mole names =          0
 
Read_Ctrl_Restraints> Parameters of Restraint
  numfunc         =   6
  function1 = POSI     
    direction     = ALL 
    constant      = 10.0
    reference     = 
    select_index  = 2
    mode          =   0
    exponent      =   2
    exponent_dist = 
    weight_dist   = 

  function2 = DIST     
    constant      = 100.0
    reference     = 1.3881
    select_index  = 6  12
    mode          =   0
    exponent      =   2
    exponent_dist = 
    weight_dist   = 

  function3 = DIST     
    constant      = 100.0
    reference     = 1.2786
    select_index  = 9  12
    mode          =   0
    exponent      =   2
    exponent_dist = 
    weight_dist   = 

  function4 = DIST     
    constant      = 100.0
    reference     = 2.0449
    select_index  = 5  11
    mode          =   0
    exponent      =   2
    exponent_dist = 
    weight_dist   = 

  function5 = DIST     
    constant      = 100.0
    reference     = 1.8067
    select_index  = 8   4
    mode          =   0
    exponent      =   2
    exponent_dist = 
    weight_dist   = 

  function6 = DIST     
    constant      = 100.0
    reference     = 2.7259
    select_index  = 3  11
    mode          =   0
    exponent      =   2
    exponent_dist = 
    weight_dist   = 

  pressure_position   = NO
  pressure_rmsd     = NO

Read_Ctrl_Fitting_MD> Parameters of Fitting
  fitting method  =  TR+ROT   
  fitting atom    = group1
  mass_weight     =         no
 
Read_Ctrl_QMMM> Parameters of QM/MM
  qmtyp              = qsimulate
  qmcnt              = qsimulate.json
  qmexe              = 
  workdir            = equil2_13
  savedir            = none
  basename           = job
  qmsave_period      = 500
  qmmaxtrial         = 1
  qmatm_select_index = 1
  exclude_charge     = GROUP
 
[STEP2] Setup MPI
 
Setup_Mpi_Md> Summary of Setup MPI
  number of MPI processes   =         32
  number of OpenMP threads  =          7
  total number of CPU cores =        224

[STEP3] Set Relevant Variables and Structures
 
Input_Top> Summary of Topfile
  num_atom_class  =        212  num_resi_type   =        685
 
Input_Par> Summary of Parfile
  num_bonds       =        658  num_angles      =       2003
  num_dihedrals   =       4838  num_impropers   =        163
  num_atom_cls    =        212  num_nbfix       =         75
  num_cmap_terms  =          6
 
Input_Str> Summary of Top information
  num_atom_class  =        227  num_resi_type   =        700
 
Input_Str> Summary of Par information
  num_bonds       =        663  num_angles      =       2006
  num_dihedrals   =       4850  num_impropers   =        163
  num_atom_cls    =        227  num_nbfix       =         90
  num_cmap_terms  =          6
 
Read_Psf> Summary of Psffile
  psftype         =      xplor
  num_atoms       =      37226  num_bonds       =      37288
  num_angles      =      23768  num_dihedrals   =      20268
  num_impropers   =       1292  num_cmap_terms  =        494
  num_HB_donors   =      20596  num_HB_acceptors=      10610
  num_NB_exclusion=          0  num_groups      =      12168
  total_charge    =    -10.000
 
Check_Pdb> 6-column residue sequence number
 
Read_Pdb> Summary of Data in PDB file
  num_atoms       =      37226
 
Read_Rst_Binary> Summary of RST file
  num_atoms       =      37226  iseed           =   20190319
  boxsize (x,y,z) =      0.000     0.000     0.000
  spherical_pot     =      yes
  nfunctions                 2  num_fixatm              9645
  num_of_qm_charge          35

Define_Molecule> Summary of molecules
  num_atoms       =      37226  num_bonds       =      37288
  num_angles      =      23768  num_dihedrals   =      20268
  num_impropers   =       1292  num_cmap_terms  =        494
  num_residues    =      10370  num_molecules   =       9878
  num_segments    =          6  num_deg_freedom =     111678
  total_charge    =    -10.000
 
Setup_Boundary> Setup Variables for Boundary Condition
  origin(x,y,z)   =      0.000     0.000     0.000
  nfunctions      =        2
    center(x,y,z) =     17.000     0.000     0.000
    radius        =     35.000
    constant      =     10.000
    exponent      =          2
    center(x,y,z) =    -17.000     0.000     0.000
    radius        =     35.000
    constant      =     10.000
    exponent      =          2

  num_fixatm      =     9645

 
Random_Init> Initialize the random number
  seed            = 20190319

Setup_QMMM> Setup QM region
  QM assignment info
  1435 TIMA     95 HSE    CB   CT2    assigned to QM atom    1 of element: C     6
  1436 TIMA     95 HSE    HB1  HA2    assigned to QM atom    2 of element: H     1
  1437 TIMA     95 HSE    HB2  HA2    assigned to QM atom    3 of element: H     1
  1438 TIMA     95 HSE    ND1  NR2    assigned to QM atom    4 of element: N     7
  1439 TIMA     95 HSE    CG   CPH1   assigned to QM atom    5 of element: C     6
  1440 TIMA     95 HSE    CE1  CPH2   assigned to QM atom    6 of element: C     6
  1441 TIMA     95 HSE    HE1  HR1    assigned to QM atom    7 of element: H     1
  1442 TIMA     95 HSE    NE2  NR1    assigned to QM atom    8 of element: N     7
  1443 TIMA     95 HSE    HE2  H      assigned to QM atom    9 of element: H     1
  1444 TIMA     95 HSE    CD2  CPH1   assigned to QM atom   10 of element: C     6
  1445 TIMA     95 HSE    HD2  HR3    assigned to QM atom   11 of element: H     1
  2552 TIMA    165 GLU    CB   CT2A   assigned to QM atom   12 of element: C     6
  2553 TIMA    165 GLU    HB1  HA2    assigned to QM atom   13 of element: H     1
  2554 TIMA    165 GLU    HB2  HA2    assigned to QM atom   14 of element: H     1
  2555 TIMA    165 GLU    CG   CT2    assigned to QM atom   15 of element: C     6
  2556 TIMA    165 GLU    HG1  HA2    assigned to QM atom   16 of element: H     1
  2557 TIMA    165 GLU    HG2  HA2    assigned to QM atom   17 of element: H     1
  2558 TIMA    165 GLU    CD   CC     assigned to QM atom   18 of element: C     6
  2559 TIMA    165 GLU    OE1  OC     assigned to QM atom   19 of element: O     8
  2560 TIMA    165 GLU    OE2  OC     assigned to QM atom   20 of element: O     8
  7575 DHA     249 DHAP   P    PG2    assigned to QM atom   21 of element: P    15
  7576 DHA     249 DHAP   O1P  OG303  assigned to QM atom   22 of element: O     8
  7577 DHA     249 DHAP   O2P  OG2P1  assigned to QM atom   23 of element: O     8
  7578 DHA     249 DHAP   O3P  OG2P1  assigned to QM atom   24 of element: O     8
  7579 DHA     249 DHAP   O4P  OG2P1  assigned to QM atom   25 of element: O     8
  7580 DHA     249 DHAP   C1   CG321  assigned to QM atom   26 of element: C     6
  7581 DHA     249 DHAP   H11  HGA2   assigned to QM atom   27 of element: H     1
  7582 DHA     249 DHAP   H12  HGA2   assigned to QM atom   28 of element: H     1
  7583 DHA     249 DHAP   C2   CG2O5  assigned to QM atom   29 of element: C     6
  7584 DHA     249 DHAP   O2   OG2D3  assigned to QM atom   30 of element: O     8
  7585 DHA     249 DHAP   C3   CG321  assigned to QM atom   31 of element: C     6
  7586 DHA     249 DHAP   O3   OG311  assigned to QM atom   32 of element: O     8
  7587 DHA     249 DHAP   HO3  HGP1   assigned to QM atom   33 of element: H     1
  7588 DHA     249 DHAP   H31  HGA2   assigned to QM atom   34 of element: H     1
  7589 DHA     249 DHAP   H32  HGA2   assigned to QM atom   35 of element: H     1
  number of QM atoms = 35
 
  QM charges retreived from rstfile.
 

Generate_LinkAtoms> QM-MM interface info. Link hydrogen is set between:
              [ QM atom ]             -             [ MM atom ]
  1435 TIMA     95 HSE    CB   CT2    -   1433 TIMA     95 HSE    CA   CT1   
                                          1431 TIMA     95 HSE    N    NH1    excluded
                                          1432 TIMA     95 HSE    HN   H      excluded
                                          1434 TIMA     95 HSE    HA   HB1    excluded
  2552 TIMA    165 GLU    CB   CT2A   -   2550 TIMA    165 GLU    CA   CT1   
                                          2548 TIMA    165 GLU    N    NH1    excluded
                                          2549 TIMA    165 GLU    HN   H      excluded
                                          2551 TIMA    165 GLU    HA   HB1    excluded

  number of link atoms           = 2
  number of external MM charges  = 37183


  Check the input file for QSimulate [ qsimulate.json ]
Setup_Enefunc_Cmap_Par> Natural spline is used to derive cmap coefs.

Setup_Enefunc_Table> Setup Variables for LookupTable
  num_solutes     =      37226  num_waters      =          0

Setup_Enefunc_Restraint> Setup restraint groups
 group =     1, "sid:DHA or (sid:TIMA and (rno:95 or rno:165) and          not (an:CA  | an:C   | an:O   | an:N | an:HN | an:HA))"
 # of atoms =    35
 atomlist: 
   1435   1436   1437   1438   1439   1440   1441   1442   1443   1444
   1445   2552   2553   2554   2555   2556   2557   2558   2559   2560
   7575   7576   7577   7578   7579   7580   7581   7582   7583   7584
   7585   7586   7587   7588   7589
 group =     2, "atomno:1900 or atomno:5687"
 # of atoms =     2
 atomlist: 
   1900   5687
 group =     3, "atomno:1442"
 # of atoms =     1
 atomlist: 
   1442
 group =     4, "atomno:1443"
 # of atoms =     1
 atomlist: 
   1443
 group =     5, "atomno:2559"
 # of atoms =     1
 atomlist: 
   2559
 group =     6, "atomno:2560"
 # of atoms =     1
 atomlist: 
   2560
 group =     7, "atomno:7583"
 # of atoms =     1
 atomlist: 
   7583
 group =     8, "atomno:7584"
 # of atoms =     1
 atomlist: 
   7584
 group =     9, "atomno:7585"
 # of atoms =     1
 atomlist: 
   7585
 group =    10, "atomno:7586"
 # of atoms =     1
 atomlist: 
   7586
 group =    11, "atomno:7587"
 # of atoms =     1
 atomlist: 
   7587
 group =    12, "atomno:7588"
 # of atoms =     1
 atomlist: 
   7588
 group =    13, "atomno:7589"
 # of atoms =     1
 atomlist: 
   7589
Setup_Enefunc_Restraint> Setup restraint functions
 func  =     1 kind  =     1
 const(total, x, y, z) =   10.000   1.000   1.000   1.000
 exponend of function =     2
 # of groups  =     1
 grouplist:   2

 func  =     2 kind  =     2
 const             =  100.000
 ref               =    1.388
 exponend of function =     2
 # of distances  =     1
 distancelist: 
 group = (  6, 12) weight =    1.000 exponent =     1

 func  =     3 kind  =     2
 const             =  100.000
 ref               =    1.279
 exponend of function =     2
 # of distances  =     1
 distancelist: 
 group = (  9, 12) weight =    1.000 exponent =     1

 func  =     4 kind  =     2
 const             =  100.000
 ref               =    2.045
 exponend of function =     2
 # of distances  =     1
 distancelist: 
 group = (  5, 11) weight =    1.000 exponent =     1

 func  =     5 kind  =     2
 const             =  100.000
 ref               =    1.807
 exponend of function =     2
 # of distances  =     1
 distancelist: 
 group = (  8,  4) weight =    1.000 exponent =     1

 func  =     6 kind  =     2
 const             =  100.000
 ref               =    2.726
 exponend of function =     2
 # of distances  =     1
 distancelist: 
 group = (  3, 11) weight =    1.000 exponent =     1

Define_Enefunc_CHARMM> Number of Interactions in Each Term
  bond_ene        =      37255  angle_ene       =      23717
  urey_ene        =       6639
  torsion_ene     =      23862  improper_ene    =       1285
  cmap_ene        =        494
  restraint_groups=         13  restraint_funcs =          6
 
Setup_Fitting_Atdyn> NO fitting is applied, skip
  fitting method  =  NO

Update_Num_Deg_Freedom> Number of degrees of freedom was updated
  num_deg_freedom =      82743 (After setup of fixed atoms at boundary)
 
Remove_Fixatm> Modified Interactions
  bond_ene        =      27610  angle_ene       =      20502
  urey_ene        =       6639
  torsion_ene     =      23862  improper_ene    =       1285
 
Setup_Constraints> The following atoms are excluded from SHAKE:
    1443    7587    7588    7589
Setup_Settle> Setup constraints for SETTLE
  num_unconsbonds =       7633      num_Settle  =       6659
  r0(O-H)         =     0.9572  mass(O)         =    15.9994
  r0(H-H)         =     1.5139  mass(H)         =     1.0080
 
Setup_Shake> Setup constrains for SHAKE and RATTLE
  num_unconsbonds =       3837  num_rigid_bonds =       3796
 
  num_qm_rigid_bonds =         10
 
Update_Num_Deg_Freedom> Number of degrees of freedom was updated
  num_deg_freedom =      62766 (After setup of SETTLE)
 
Update_Num_Deg_Freedom> Number of degrees of freedom was updated
  num_deg_freedom =      58960 (After setup of SHAKE/RATTLE)
 
[STEP4] Compute Single Point Energy for Molecules
 
            STEP            BOND           ANGLE    UREY-BRADLEY        DIHEDRAL        IMPROPER            CMAP         VDWAALS           ELECT    RESTRAINT001    RESTRAINT002    RESTRAINT003    RESTRAINT004    RESTRAINT005    RESTRAINT006    RESTR_CVS001    RESTR_CVS002    RESTR_CVS003    RESTR_CVS004    RESTR_CVS005    RESTR_CVS006              QM            SPOT
 --------------- --------------- --------------- --------------- ---------------
               0       1513.5617       3711.0624        464.0228       4494.0368        271.0335       -205.6051       7102.6997    -117113.3567          2.6351          0.1381          0.6133          0.0144          0.0586          0.0643          0.0000          1.4253          1.2003          2.0569          1.8309          2.7513    -906475.4929         18.5882

[STEP5] Perform Molecular Dynamics Simulation
 
INFO:       STEP            TIME       TOTAL_ENE   POTENTIAL_ENE     KINETIC_ENE            RMSG            BOND           ANGLE    UREY-BRADLEY        DIHEDRAL        IMPROPER            CMAP         VDWAALS           ELECT RESTRAINT_TOTAL    RESTRAINT001    RESTRAINT002    RESTRAINT003    RESTRAINT004    RESTRAINT005    RESTRAINT006    RESTR_CVS001    RESTR_CVS002    RESTR_CVS003    RESTR_CVS004    RESTR_CVS005    RESTR_CVS006     TEMPERATURE          VOLUME              QM            SPOT
 --------------- --------------- --------------- --------------- ---------------
INFO:         50          0.0250    -988478.0676   -1006221.1482      17743.0806         12.5805       1490.2076       3726.1718        462.0991       4483.7115        266.6237       -186.2081       7090.6945    -117087.3557          5.2317          1.9688          2.0101          0.0112          0.9977          0.2344          0.0096          0.0000          1.5299          1.2680          1.9450          1.8551          2.7161        302.8740          0.0000    -906472.3243         17.7606

INFO:        100          0.0500    -988500.9146   -1006147.5401      17646.6255         12.5155       1450.9451       3738.1587        461.9254       4499.0758        262.0975       -187.8343       7155.7107    -117057.7445          3.3338          2.4897          0.0082          0.5620          0.0113          0.0367          0.2259          0.0000          1.3971          1.2036          2.0555          1.8259          2.6784        301.2275          0.0000    -906473.2081         14.0117

INFO:        150          0.0750    -988531.2856   -1006248.0232      17716.7375         12.5352       1494.2824       3737.1414        469.8608       4464.6116        261.2616       -187.4041       7079.7880    -117106.4760          4.8146          3.8798          0.1255          0.4332          0.2690          0.0673          0.0398          0.0000          1.4235          1.2128          1.9930          1.7808          2.7060        302.4243          0.0000    -906465.9034         13.6558

INFO:        200          0.1000    -988487.8278   -1006226.8269      17738.9991         12.5428       1514.3216       3747.3834        461.1106       4482.0457        280.1346       -177.1473       6972.1209    -117039.1509          6.3969          3.4913          1.6849          0.7795          0.3989          0.0418          0.0006          0.0000          1.5179          1.1903          2.1081          1.7863          2.7235        302.8043          0.0000    -906474.0423         16.2491

INFO:        250          0.1250    -988458.4691   -1006281.7904      17823.3213         12.5878       1529.5745       3785.2774        461.7391       4495.5027        238.7946       -193.5214       7013.7093    -117113.6720          7.8095          2.9049          0.6982          0.5434          1.3993          2.0291          0.2346          0.0000          1.4717          1.2049          1.9266          1.9491          2.6775        304.2437          0.0000    -906507.0042         18.3415

INFO:        300          0.1500    -988491.5974   -1006231.9231      17740.3257         12.5995       1499.1730       3773.0987        460.5891       4483.9417        266.1014       -194.1186       7108.4046    -117147.4563          4.9954          2.7740          0.8139          0.7059          0.0005          0.0074          0.6937          0.0000          1.4783          1.1946          2.0427          1.7981          2.6426        302.8269          0.0000    -906486.6520         14.5062

INFO:        350          0.1750    -988524.2798   -1006135.1737      17610.8939         12.6175       1512.3851       3779.8766        463.8760       4466.9793        238.9774       -191.2842       7162.6107    -117072.6313          5.9103          2.8997          1.8163          0.2732          0.5703          0.0009          0.3499          0.0000          1.5229          1.2263          1.9694          1.8038          2.7850        300.6175          0.0000    -906501.8736         13.6111

INFO:        400          0.2000    -988520.4351   -1006115.9971      17595.5620         12.5487       1502.5845       3775.3510        465.1428       4458.5291        266.3089       -188.8942       7073.7573    -117005.6920          3.3391          2.5823          0.4279          0.0012          0.0666          0.1978          0.0634          0.0000          1.4535          1.2821          2.0191          1.8512          2.7007        300.3558          0.0000    -906466.4237          8.8013

INFO:        450          0.2250    -988587.5206   -1006204.6453      17617.1247         12.5746       1480.3070       3755.9885        464.7487       4466.2145        237.3575       -196.2382       7090.9188    -117026.9714          2.4393          1.5924          0.0659          0.0307          0.0002          0.0035          0.7467          0.0000          1.4138          1.2611          2.0436          1.8127          2.8123        300.7239          0.0000    -906479.4101         12.0992

INFO:        500          0.2500    -988545.9116   -1006237.9202      17692.0086         12.5336       1501.7040       3783.0375        464.3390       4465.3250        245.1857       -200.1557       7228.4080    -117243.2195          2.6704          0.8173          1.4936          0.1298          0.0143          0.1929          0.0225          0.0000          1.5103          1.2426          2.0330          1.8506          2.7109        302.0022          0.0000    -906485.2145         14.4437

INFO:        550          0.2750    -988567.6638   -1006089.1881      17521.5244         12.5672       1499.2937       3715.8145        459.0041       4499.3445        241.6321       -183.2196       7295.4828    -117133.8508          4.4762          1.2181          1.0415          1.1192          0.3910          0.4500          0.2563          0.0000          1.4902          1.1728          1.9824          1.8738          2.7765        299.0920          0.0000    -906487.1655         17.8421

INFO:        600          0.3000    -988547.1137   -1006075.6457      17528.5320         12.5902       1514.3544       3694.7459        454.5467       4503.2218        256.7915       -190.7216       7128.1353    -116952.7937          4.8986          1.6154          2.2201          0.6092          0.0210          0.0290          0.4038          0.0000          1.5371          1.2005          2.0594          1.8237          2.6624        299.2116          0.0000    -906488.8247         17.3908

INFO:        650          0.3250    -988489.4680   -1006129.2225      17639.7545         12.5486       1485.8995       3789.3951        457.6917       4485.5061        253.5806       -194.7968       7020.2169    -116936.3984          3.3315          1.4887          0.5470          0.5892          0.2211          0.4448          0.0407          0.0000          1.4621          1.2018          1.9979          1.8734          2.7057        301.1102          0.0000    -906493.6486         20.0572

INFO:        700          0.3500    -988541.7866   -1006167.1877      17625.4010         12.5754       1494.0599       3761.8412        470.2929       4513.3712        243.5136       -183.0447       7020.0316    -116975.3951          3.2535          1.5972          0.7013          0.7481          0.0013          0.0326          0.1729          0.0000          1.4718          1.1921          2.0413          1.8247          2.7675        300.8652          0.0000    -906515.1118         20.5634

INFO:        750          0.3750    -988534.8334   -1006159.9976      17625.1642         12.5932       1502.2701       3731.4614        449.5055       4478.4210        275.9389       -190.6862       7174.1679    -117088.3230          2.6370          1.0040          0.6377          0.0046          0.1331          0.8414          0.0162          0.0000          1.4680          1.2718          2.0084          1.7150          2.7132        300.8611          0.0000    -906495.3902         20.4546

INFO:        800          0.4000    -988535.6510   -1006158.4799      17622.8289         12.6078       1487.4451       3714.5520        453.9694       4485.5227        257.4908       -189.2324       7225.1870    -117070.5680          2.2857          1.1920          0.3889          0.1962          0.1353          0.0382          0.3352          0.0000          1.4505          1.2343          2.0081          1.8262          2.7838        300.8213          0.0000    -906525.1321         16.1955

INFO:        850          0.4250    -988581.4797   -1006126.2447      17544.7650         12.5457       1481.7438       3745.6363        472.5029       4499.4841        264.2502       -194.9817       7198.9605    -117088.1319          3.6737          1.9317          0.5069          0.4408          0.1711          0.6215          0.0017          0.0000          1.4593          1.2122          2.0035          1.8855          2.7218        299.4887          0.0000    -906509.3826         19.6039

INFO:        900          0.4500    -988608.1057   -1006227.1213      17619.0156         12.5547       1490.1091       3741.1633        467.3269       4455.9093        264.5014       -172.4236       7160.2789    -117151.1507          4.6060          1.2082          0.5328          0.1735          0.3698          0.1276          2.1942          0.0000          1.4611          1.2370          1.9841          1.8424          2.8740        300.7562          0.0000    -906487.4419         17.7577

INFO:        950          0.4750    -988587.0732   -1006288.2154      17701.1423         12.5935       1515.0215       3717.2094        463.6568       4484.9091        248.3987       -165.6951       7171.1669    -117238.6502          2.7845          1.9365          0.3812          0.1067          0.1615          0.1895          0.0090          0.0000          1.4498          1.2459          2.0851          1.8502          2.7354        302.1581          0.0000    -906487.0169         25.5678

INFO:       1000          0.5000    -988611.9029   -1006414.4084      17802.5054         12.6041       1498.6420       3626.5609        459.7810       4485.9167        253.1204       -157.8383       7305.6656    -117392.5640          6.3099          2.5954          1.0956          0.0584          0.1819          1.4313          0.9473          0.0000          1.4928          1.2544          2.0876          1.9263          2.8232        303.8883          0.0000    -906500.0025         18.3007

INFO:       1050          0.5250    -988629.1988   -1006309.0728      17679.8740         12.5361       1475.6824       3677.5895        461.5221       4494.3363        265.7839       -165.5548       7317.9973    -117338.2184          3.4868          1.3255          0.4878          0.5431          0.9944          0.0001          0.1360          0.0000          1.4579          1.2049          1.9452          1.8058          2.7628        301.7950          0.0000    -906501.6979         18.1786

INFO:       1100          0.5500    -988673.2380   -1006452.2578      17779.0198         12.6047       1519.4370       3737.3422        467.6045       4477.9472        263.2927       -174.9081       7213.1463    -117456.6382          4.1499          1.1737          1.2109          0.6871          0.7927          0.0047          0.2807          0.0000          1.4981          1.1957          2.1339          1.7998          2.7789        303.4874          0.0000    -906503.6312         22.8113

INFO:       1150          0.5750    -988703.4286   -1006444.7740      17741.3454         12.5897       1476.4994       3725.4226        456.1448       4464.0135        275.5092       -175.0275       7321.2023    -117491.8930          2.3141          1.0547          0.0969          0.2802          0.0238          0.2425          0.6161          0.0000          1.4192          1.2257          2.0295          1.8559          2.8044        302.8443          0.0000    -906498.9595         18.3173

INFO:       1200          0.6000    -988735.6434   -1006395.8367      17660.1933         12.6121       1473.5863       3752.6961        474.7207       4489.8492        267.3939       -197.7050       7423.0154    -117558.5468          2.7388          0.7448          1.5947          0.0409          0.1111          0.2417          0.0057          0.0000          1.5144          1.2584          2.0116          1.7575          2.7184        301.4591          0.0000    -906523.5853         27.6936

INFO:       1250          0.6250    -988714.2953   -1006304.8491      17590.5538         12.6021       1525.5399       3667.1923        467.2215       4494.1610        294.4215       -198.3358       7545.6331    -117622.8152          2.5832          0.3567          0.2112          0.5197          0.4620          0.1698          0.8636          0.0000          1.4341          1.2065          1.9769          1.7655          2.8188        300.2703          0.0000    -906480.4505         20.3467

INFO:       1300          0.6500    -988776.6839   -1006474.5068      17697.8228         12.5494       1442.5184       3692.3714        474.8838       4480.3791        247.3185       -206.9176       7317.5991    -117440.6356          1.9624          0.5591          0.8408          0.3308          0.0044          0.1205          0.1068          0.0000          1.4798          1.2211          2.0382          1.8414          2.7586        302.1014          0.0000    -906483.9863         20.2249

INFO:       1350          0.6750    -988757.8337   -1006334.0610      17576.2272         12.5453       1460.5065       3744.7730        461.7133       4474.1620        261.3986       -199.2910       7235.2450    -117285.9806          3.1339          1.8359          0.7970          0.3024          0.1854          0.0089          0.0043          0.0000          1.4774          1.2236          2.0018          1.8161          2.7325        300.0258          0.0000    -906489.7217         16.7217

INFO:       1400          0.7000    -988750.9781   -1006466.4644      17715.4863         12.5803       1528.7928       3662.6551        449.0050       4480.4482        267.4371       -201.7832       7200.0730    -117343.3787          6.1052          2.4099          2.7698          0.4779          0.0743          0.0188          0.3545          0.0000          1.5545          1.2095          2.0722          1.8204          2.7854        302.4029          0.0000    -906515.8190         20.7969

INFO:       1450          0.7250    -988768.8507   -1006467.6174      17698.7667         12.5660       1538.5616       3663.9889        469.0645       4481.0655        252.1871       -196.4732       7204.0823    -117403.0725          6.1073          2.9744          2.1258          0.8655          0.0810          0.0569          0.0037          0.0000          1.5339          1.1856          2.0734          1.8306          2.7320        302.1175          0.0000    -906483.1287         15.5775

INFO:       1500          0.7500    -988752.9363   -1006415.3559      17662.4195         12.5417       1444.8334       3741.9355        447.8186       4478.2152        263.6779       -183.3448       7208.8024    -117340.0466          9.7445          4.9392          0.2153          0.7489          0.0345          0.7456          3.0610          0.0000          1.4345          1.1921          2.0635          1.8930          2.9009        301.4971          0.0000    -906486.9919         15.3387

INFO:       1550          0.7750    -988731.7186   -1006271.6088      17539.8901         12.5171       1480.6459       3742.7456        463.1449       4456.9944        267.9734       -185.4221       7119.8580    -117165.7123          7.3766          5.8500          0.4103          0.4530          0.6485          0.0057          0.0091          0.0000          1.4522          1.2113          1.9644          1.7992          2.7354        299.4055          0.0000    -906459.2132         16.7669

INFO:       1600          0.8000    -988723.7831   -1006189.1020      17465.3189         12.5951       1514.6028       3763.9888        465.6362       4449.6031        265.0722       -182.1649       7210.3838    -117171.8820          5.6850          3.7695          0.2669          0.2279          0.2621          0.0973          1.0613          0.0000          1.4398          1.2309          2.0961          1.8379          2.8289        298.1326          0.0000    -906510.0269         22.0383

INFO:       1650          0.8250    -988715.6265   -1006229.1499      17513.5234         12.5795       1529.5424       3760.4730        460.7215       4444.3575        268.0419       -184.7873       7037.8914    -117070.0304          4.8945          2.6936          0.5320          0.2967          0.4441          0.9105          0.0177          0.0000          1.4610          1.2241          1.9783          1.9021          2.7392        298.9554          0.0000    -906480.2544         17.1493

INFO:       1700          0.8500    -988727.0087   -1006312.9064      17585.8977         12.5099       1478.5300       3764.2986        455.0766       4477.0040        256.9795       -195.7148       7045.0481    -117109.3733          6.3463          3.5828          1.2389          1.2963          0.0073          0.2189          0.0021          0.0000          1.4994          1.1647          2.0534          1.7599          2.7213        300.1909          0.0000    -906491.1014         26.1781

INFO:       1750          0.8750    -988675.9741   -1006271.9619      17595.9878         12.5814       1505.8144       3709.9931        454.7207       4451.5326        254.6293       -188.1490       7182.4585    -117171.4304          7.0510          4.0663          0.5736          1.2619          0.2377          0.4829          0.4285          0.0000          1.4638          1.1663          2.0937          1.7372          2.7914        300.3631          0.0000    -906478.5821         16.1795

INFO:       1800          0.9000    -988661.5193   -1006263.6242      17602.1048         12.6152       1492.3825       3740.3347        464.9197       4449.6458        248.9642       -185.5752       7325.6112    -117325.5889          5.1616          2.9363          2.0036          0.1230          0.0344          0.0013          0.0630          0.0000          1.5296          1.2435          2.0264          1.8031          2.7008        300.4675          0.0000    -906479.4798         27.7356

INFO:       1850          0.9250    -988685.1015   -1006248.9489      17563.8473         12.5141       1440.5037       3708.3630        467.8680       4463.3290        286.3187       -175.0146       7165.2891    -117147.7590          6.2865          2.9065          1.4867          1.4488          0.0280          0.0020          0.4145          0.0000          1.5100          1.1582          2.0282          1.8112          2.7903        299.8145          0.0000    -906464.1332         22.2612

INFO:       1900          0.9500    -988722.4800   -1006183.1570      17460.6771         12.5311       1415.0397       3818.7524        471.9028       4438.8638        275.3767       -176.3812       7095.2194    -117080.7978          6.3543          2.8822          2.4295          0.3668          0.5131          0.0700          0.0927          0.0000          1.5440          1.2180          1.9733          1.7802          2.7563        298.0533          0.0000    -906447.4871         23.9352

INFO:       1950          0.9750    -988735.3774   -1006366.3847      17631.0073         12.5475       1528.4916       3683.3542        442.8620       4439.4867        245.0311       -172.0771       7106.8736    -117161.1219          2.6532          2.1662          0.2565          0.1362          0.0556          0.0270          0.0118          0.0000          1.4387          1.2417          2.0213          1.7903          2.7150        300.9609          0.0000    -906481.9381         18.6491

INFO:       2000          1.0000    -988766.9191   -1006204.2331      17437.3140         12.5726       1477.9704       3778.7534        460.0943       4455.7083        243.1024       -162.9769       7186.5548    -117175.2321          5.0678          2.4424          0.9843          0.3811          0.0175          0.1163          1.1263          0.0000          1.4873          1.2169          2.0317          1.8408          2.8320        297.6545          0.0000    -906473.2755         19.5824

INFO:       2050          1.0250    -988683.9838   -1006234.0224      17550.0386         12.5914       1492.3781       3695.6939        464.7216       4440.3590        271.6519       -161.4555       7202.6247    -117177.1962          5.1152          2.8210          1.3890          0.1564          0.7135          0.0023          0.0330          0.0000          1.5060          1.2391          1.9604          1.8115          2.7441        299.5787          0.0000    -906467.9150         11.6083

INFO:       2100          1.0500    -988698.1113   -1006384.9257      17686.8144         12.5556       1451.4994       3723.2563        456.1097       4460.3343        265.5788       -173.7922       7157.5291    -117266.9948          4.1667          1.9654          0.5091          0.6447          0.3006          0.3178          0.4290          0.0000          1.4595          1.1983          2.0997          1.8631          2.7914        301.9135          0.0000    -906462.6129         19.1141

INFO:       2150          1.0750    -988708.7082   -1006286.7553      17578.0471         12.5692       1483.2975       3745.3939        469.5149       4457.8746        260.4261       -179.3150       7199.1466    -117222.4303          2.1135          0.6106          0.1948          0.2405          0.0592          0.9944          0.0139          0.0000          1.4322          1.2296          2.0692          1.9064          2.7377        300.0568          0.0000    -906502.7772         19.0402

INFO:       2200          1.1000    -988703.3644   -1006288.0251      17584.6607         12.5837       1514.9601       3731.7823        476.2694       4434.9303        260.5291       -165.0396       7240.7160    -117307.2827          3.4920          0.4307          2.2545          0.0073          0.6190          0.0490          0.1314          0.0000          1.5383          1.2700          1.9662          1.8288          2.6896        300.1697          0.0000    -906478.3818         22.8051

INFO:       2250          1.1250    -988748.2224   -1006190.6267      17442.4042         12.5625       1486.1700       3734.9832        473.8342       4455.3116        275.3490       -170.9470       7197.3367    -117162.8897          2.5814          0.9319          0.6259          0.0811          0.1191          0.3580          0.4654          0.0000          1.4672          1.2501          2.0104          1.8665          2.7941        297.7414          0.0000    -906482.3561         21.7085

INFO:       2300          1.1500    -988726.3267   -1006445.0655      17718.7388         12.5346       1457.9471       3663.9075        454.2771       4443.8776        276.8002       -179.7999       7209.5682    -117266.6532          1.1302          0.6765          0.0114          0.0944          0.0310          0.1648          0.1521          0.0000          1.3988          1.2479          2.0625          1.8473          2.6869        302.4584          0.0000    -906506.1202         19.8103

INFO:       2350          1.1750    -988670.5237   -1006200.9960      17530.4723         12.5897       1522.2860       3667.9716        448.8238       4506.5347        278.0553       -186.3175       7323.2815    -117281.7940          0.6102          0.4130          0.0151          0.0815          0.0707          0.0105          0.0194          0.0000          1.4004          1.2500          2.0183          1.7964          2.7398        299.2447          0.0000    -906480.4476         19.3801

INFO:       2400          1.2000    -988637.2820   -1006337.5731      17700.2911         12.5793       1476.7578       3710.5378        460.6518       4491.4056        269.3914       -183.8321       7374.8865    -117444.1150          2.1060          0.6917          0.5661          0.0076          0.5751          0.1908          0.0747          0.0000          1.4633          1.2699          1.9691          1.7630          2.7532        302.1435          0.0000    -906495.3628         15.7621

INFO:       2450          1.2250    -988628.8431   -1006193.3514      17564.5082         12.5975       1510.5223       3739.4398        460.1215       4483.9504        270.6473       -165.2879       7388.6456    -117384.5125          2.0698          1.1055          0.4391          0.2013          0.0403          0.1832          0.1004          0.0000          1.4544          1.2337          2.0650          1.8495          2.6942        299.8257          0.0000    -906498.9476         17.2548

INFO:       2500          1.2500    -988667.8362   -1006158.1391      17490.3029         12.6153       1477.0002       3754.2568        462.7281       4463.0475        268.7358       -167.8714       7449.4387    -117365.8885          3.0607          1.2508          0.0058          0.1290          0.1076          0.9468          0.6208          0.0000          1.3957          1.2427          2.0121          1.9040          2.8047        298.5590          0.0000    -906502.6469         14.3075

INFO:       2550          1.2750    -988692.6347   -1006186.6224      17493.9877         12.6321       1461.3047       3812.8882        472.9712       4464.5299        249.4514       -183.7147       7361.1964    -117348.5869          2.9248          1.1403          1.3661          0.1573          0.0415          0.1859          0.0337          0.0000          1.5050          1.3183          2.0245          1.7636          2.7075        298.6219          0.0000    -906479.5874         24.0166

INFO:       2600          1.3000    -988629.0880   -1006229.9844      17600.8964         12.5938       1491.2702       3666.5001        478.8893       4463.7931        261.5170       -193.3403       7284.0653    -117189.2694          2.7632          1.7435          0.1591          0.1611          0.1252          0.3601          0.2143          0.0000          1.4280          1.2385          2.0095          1.8667          2.7722        300.4469          0.0000    -906496.1730         17.8310

INFO:       2650          1.3250    -988598.6479   -1006189.1437      17590.4958         12.6042       1517.8131       3728.3281        462.1441       4483.0402        254.6830       -192.0579       7298.7924    -117278.9721          2.9627          1.6730          0.0270          0.0011          0.0010          1.1097          0.1509          0.0000          1.4045          1.2820          2.0417          1.9120          2.7648        300.2693          0.0000    -906465.8773         18.5583

INFO:       2700          1.3500    -988598.4929   -1006222.7746      17624.2816         12.5324       1482.8691       3708.5961        465.8402       4481.6861        262.5274       -184.6548       7331.6490    -117268.9919          1.9348          1.3886          0.0124          0.2045          0.0049          0.2663          0.0581          0.0000          1.3770          1.2334          2.0519          1.7551          2.7018        300.8461          0.0000    -906504.2305         19.9551

INFO:       2750          1.3750    -988629.9617   -1006175.1291      17545.1674         12.6167       1522.8878       3800.5187        480.8051       4465.6941        244.9201       -185.0986       7266.8590    -117301.5365          2.6427          1.3939          0.4312          0.0057          0.0316          0.0917          0.6886          0.0000          1.4538          1.2862          2.0627          1.7764          2.8089        299.4956          0.0000    -906472.8216         17.4992

INFO:       2800          1.4000    -988648.1632   -1006235.1913      17587.0282         12.6151       1483.0695       3784.8548        459.3911       4478.7342        257.4266       -192.3971       7299.9408    -117303.5141          2.1433          1.8658          0.0597          0.0006          0.0538          0.0245          0.1390          0.0000          1.4125          1.2762          2.0217          1.7910          2.6886        300.2101          0.0000    -906504.8404         18.2772

INFO:       2850          1.4250    -988674.9985   -1006312.9974      17637.9990         12.5426       1494.5033       3723.1257        477.3521       4471.9569        254.8512       -219.3979       7172.9643    -117223.2071          2.9789          1.4464          1.1588          0.1105          0.0176          0.0001          0.2456          0.0000          1.4957          1.2454          2.0316          1.8074          2.7755        301.0802          0.0000    -906468.1248         10.2570

INFO:       2900          1.4500    -988644.4079   -1006181.0532      17536.6453         12.5712       1469.0041       3810.8953        460.2216       4442.5819        258.2786       -210.3710       7166.6012    -117083.4989          3.9006          1.3318          0.2773          0.1076          0.0079          2.1163          0.0597          0.0000          1.4408          1.2458          2.0360          1.9522          2.7015        299.3501          0.0000    -906498.6666         12.7369

INFO:       2950          1.4750    -988649.3494   -1006190.2984      17540.9490         12.5482       1512.3704       3767.9015        467.2269       4473.2239        251.6431       -200.2135       7175.8566    -117157.8266          5.8246          1.2700          2.0772          0.4023          0.0707          0.4884          1.5159          0.0000          1.5322          1.2152          2.0183          1.8766          2.8490        299.4236          0.0000    -906486.3052         17.0195

INFO:       3000          1.5000    -988683.3113   -1006272.4526      17589.1413         12.5589       1521.9004       3714.7329        467.4043       4471.7986        260.4232       -185.4026       7203.9888    -117234.3439          1.2946          0.9733          0.0003          0.0872          0.0578          0.1130          0.0630          0.0000          1.3863          1.2491          2.0209          1.7731          2.7510        300.2462          0.0000    -906494.2489         17.7915

INFO:       3050          1.5250    -988639.6243   -1006234.6613      17595.0370         12.5642       1505.1779       3710.5500        470.9729       4517.7467        274.1986       -192.7219       7173.5614    -117214.6442          4.5626          1.0531          2.0868          0.4508          0.2537          0.1978          0.5203          0.0000          1.5326          1.2115          2.0953          1.8512          2.7980        300.3469          0.0000    -906484.0653         13.4731

INFO:       3100          1.5500    -988629.9097   -1006283.2640      17653.3542         12.5723       1518.3414       3622.2710        477.9963       4504.5594        266.4729       -198.0066       7363.0028    -117347.6346          2.5494          0.9609          0.4181          0.5101          0.6184          0.0100          0.0319          0.0000          1.4528          1.2072          1.9663          1.7967          2.7438        301.3423          0.0000    -906492.8159         19.1994

INFO:       3150          1.5750    -988717.8633   -1006289.9073      17572.0439         12.6358       1474.6042       3732.0048        463.7772       4513.6645        273.4619       -180.2496       7315.5989    -117414.9613          4.2504          1.9933          1.8665          0.2049          0.0276          0.0663          0.0917          0.0000          1.5247          1.2333          2.0615          1.7809          2.6956        299.9544          0.0000    -906472.0582         17.6348

INFO:       3200          1.6000    -988664.5952   -1006415.4672      17750.8721         12.5503       1451.1062       3701.2145        452.2354       4498.9957        255.3272       -169.7023       7428.9019    -117579.8870          6.3563          3.0021          0.5110          0.8312          0.6603          0.8456          0.5061          0.0000          1.4596          1.1874          1.9636          1.8987          2.7970        303.0070          0.0000    -906460.0151         11.0961

INFO:       3250          1.6250    -988690.1050   -1006292.7018      17602.5968         12.6288       1481.0998       3712.3792        471.2944       4458.1716        242.7221       -180.0222       7557.6861    -117561.8046          4.1160          2.9287          0.6506          0.2017          0.2335          0.0395          0.0620          0.0000          1.4688          1.2337          2.0932          1.7868          2.7010        300.4759          0.0000    -906478.3442         17.6846

INFO:       3300          1.6500    -988685.4965   -1006489.5808      17804.0842         12.5558       1491.5330       3729.0806        469.1554       4481.5817        254.6392       -190.4706       7417.4791    -117672.1541          5.5987          2.4296          1.3257          0.4252          0.0541          0.0004          1.3637          0.0000          1.5032          1.2134          2.0216          1.8048          2.8427        303.9153          0.0000    -906476.0238         14.6347

INFO:       3350          1.6750    -988718.0678   -1006273.9808      17555.9130         12.6168       1473.6087       3739.8481        470.7366       4482.8215        249.1614       -202.7485       7476.8466    -117480.0037          4.8586          2.2593          0.6004          1.4694          0.0136          0.4350          0.0810          0.0000          1.4656          1.1574          2.0566          1.8727          2.6974        299.6790          0.0000    -906489.1102         16.5359

INFO:       3400          1.7000    -988683.6147   -1006320.8162      17637.2016         12.6442       1478.8898       3692.6866        460.1836       4497.0800        280.0893       -204.9889       7506.0712    -117554.8308          5.4239          2.3492          1.0040          0.7027          0.3821          0.7046          0.2813          0.0000          1.4883          1.1948          1.9831          1.8906          2.7789        301.0666          0.0000    -906481.4209         12.7365

INFO:       3450          1.7250    -988643.9172   -1006323.4363      17679.5192         12.6224       1497.8443       3736.9641        471.5763       4488.8471        271.0161       -207.3813       7401.3329    -117507.6688          4.7771          2.7312          1.3154          0.3620          0.0000          0.0910          0.2775          0.0000          1.5028          1.2184          2.0449          1.8369          2.6732        301.7890          0.0000    -906480.7441         14.8552

INFO:       3500          1.7500    -988703.3303   -1006258.8071      17555.4768         12.6508       1501.6060       3782.5020        453.1772       4502.3947        259.5339       -206.1267       7463.1138    -117540.9062          4.4963          2.8468          0.1885          0.9458          0.1952          0.0071          0.3129          0.0000          1.4315          1.1814          2.0007          1.7983          2.6700        299.6716          0.0000    -906478.5980         18.3631

INFO:       3550          1.7750    -988691.4231   -1006354.0090      17662.5860         12.6308       1506.9421       3784.0994        469.2104       4513.4197        260.3637       -210.1739       7487.4429    -117675.5032          4.4878          2.5108          0.8854          0.7768          0.0033          0.2639          0.0475          0.0000          1.4822          1.1905          2.0507          1.8581          2.7477        301.4999          0.0000    -906494.2979         13.2050

INFO:       3600          1.8000    -988680.4515   -1006342.1697      17661.7182         12.6313       1527.5680       3726.5450        467.4906       4492.8037        244.0765       -202.6348       7489.7585    -117613.3943          4.4473          2.2465          0.6062          0.7873          0.1799          0.2285          0.3988          0.0000          1.4660          1.1899          2.0873          1.8545          2.6627        301.4851          0.0000    -906478.8300         18.6441

INFO:       3650          1.8250    -988712.6847   -1006464.4846      17751.7998         12.6105       1469.6584       3675.1242        467.1056       4482.7075        242.7641       -203.6702       7589.2402    -117704.2482          4.6888          2.1625          1.0793          0.2099          0.5538          0.3804          0.3029          0.0000          1.4920          1.2328          1.9705          1.8684          2.7809        303.0228          0.0000    -906487.8552         12.9238

INFO:       3700          1.8500    -988692.0898   -1006369.2876      17677.1978         12.5905       1461.3703       3762.3503        469.2321       4498.6791        259.2128       -207.1961       7383.2299    -117524.5001          5.3597          1.9986          2.5844          0.5018          0.0559          0.1930          0.0260          0.0000          1.5489          1.2078          2.0213          1.8506          2.7098        301.7493          0.0000    -906477.0255         10.8884

INFO:       3750          1.8750    -988685.1272   -1006260.6683      17575.5411         12.6322       1460.7188       3716.5233        450.3315       4487.7395        261.0991       -193.3331       7428.1746    -117386.3960          3.7135          1.6184          0.7101          0.1363          1.1596          0.0006          0.0885          0.0000          1.4724          1.2417          1.9372          1.8091          2.7556        300.0141          0.0000    -906489.2394         11.2072

INFO:       3800          1.9000    -988694.6570   -1006173.7978      17479.1408         12.5942       1522.6552       3804.8988        475.6400       4473.6261        270.3649       -180.0934       7247.9993    -117311.1596          3.9897          1.6529          0.8246          1.1937          0.1122          0.1815          0.0248          0.0000          1.4789          1.1693          2.0114          1.8493          2.7101        298.3685          0.0000    -906481.7187         13.6122

INFO:       3850          1.9250    -988676.4210   -1006407.3499      17730.9289         12.5935       1512.7348       3750.0337        471.2064       4486.7995        271.6282       -181.2862       7304.1056    -117556.7706          5.2736          2.4291          0.7148          0.2886          0.0004          1.8240          0.0167          0.0000          1.4726          1.2249          2.0430          1.9418          2.7130        302.6665          0.0000    -906471.0747         11.6234

INFO:       3900          1.9500    -988676.7446   -1006176.4782      17499.7336         12.6060       1526.2084       3711.3419        470.2161       4522.0425        281.7100       -195.8578       7233.0339    -117273.7938          4.1737          3.2420          0.6947          0.1499          0.0118          0.0362          0.0390          0.0000          1.4714          1.2399          2.0558          1.7877          2.7062        298.7200          0.0000    -906455.5533         11.1752

INFO:       3950          1.9750    -988630.9085   -1006344.5495      17713.6410         12.5830       1443.4866       3733.8542        450.5948       4482.8855        283.6181       -199.4997       7148.7840    -117232.1873          5.6547          2.8107          0.7313          1.1155          0.1229          0.5801          0.2942          0.0000          1.4736          1.1730          2.0800          1.7305          2.6717        302.3714          0.0000    -906461.7403         12.0899

INFO:       4000          2.0000    -988669.4225   -1006189.8865      17520.4640         12.6128       1560.4712       3664.0709        447.2951       4464.0637        283.4888       -199.7987       7327.6459    -117272.4408          3.5114          2.1944          0.6661          0.3129          0.2759          0.0612          0.0008          0.0000          1.4697          1.2227          1.9924          1.8314          2.7286        299.0739          0.0000    -906468.1938         12.0171

 
[STEP6] Deallocate Arrays
 
Output_Time> Averaged timer profile (Min, Max)
  total time      =   28043.393
    setup         =      12.574
    dynamics      =   28030.819
      energy      =   28027.944
      integrator  =       8.285
      pairlist    =       4.882 (       4.200,       5.148)
  energy           
    bond          =       0.044 (       0.040,       0.054)
    angle         =       0.134 (       0.129,       0.138)
    dihedral      =       0.393 (       0.352,       0.423)
    nonbond       =      37.023 (      36.359,      37.574)
      pme real    =      37.022 (      36.358,      37.573)
      pme recip   =       0.000 (       0.000,       0.000)
    solvation     =       0.000 (       0.000,       0.000)
      polar       =       0.000 (       0.000,       0.000)
      non-polar   =       0.000 (       0.000,       0.000)
    restraint     =       0.023 (       0.019,       0.029)
    qmmm          =   27979.914 (   27978.551,   27980.294)
  integrator       
    constraint    =       4.647 (       4.537,       4.775)
    update        =       0.000 (       0.000,       0.000)
    comm_coord    =       0.000 (       0.000,       0.000)
    comm_force    =       0.000 (       0.000,       0.000)
    comm_migrate  =       0.000 (       0.000,       0.000)

Note: The following floating-point exceptions are signalling:Note: The following floating-point exceptions are signalling: IEEE_DIVIDE_BY_ZERO IEEE_UNDERFLOW_FLAG IEEE_DENORMAL
Note: The following floating-point exceptions are signalling:Note: The following floating-point exceptions are signalling:Note: The following floating-point exceptions are signalling: IEEE_DIVIDE_BY_ZERO IEEE_UNDERFLOW_FLAG IEEE_DENORMAL
Note: The following floating-point exceptions are signalling: IEEE_DIVIDE_BY_ZERO IEEE_UNDERFLOW_FLAG IEEE_DENORMAL
Note: The following floating-point exceptions are signalling: IEEE_DIVIDE_BY_ZERO IEEE_UNDERFLOW_FLAG IEEE_DENORMAL
Note: The following floating-point exceptions are signalling: IEEE_DIVIDE_BY_ZERO IEEE_UNDERFLOW_FLAG IEEE_DENORMAL
Note: The following floating-point exceptions are signalling: IEEE_DIVIDE_BY_ZERO IEEE_UNDERFLOW_FLAG IEEE_DENORMAL
Note: The following floating-point exceptions are signalling: IEEE_DIVIDE_BY_ZERO IEEE_UNDERFLOW_FLAG IEEE_DENORMAL
Note: The following floating-point exceptions are signalling: IEEE_DIVIDE_BY_ZERO IEEE_UNDERFLOW_FLAG IEEE_DENORMAL
Note: The following floating-point exceptions are signalling: IEEE_DIVIDE_BY_ZERO IEEE_UNDERFLOW_FLAG IEEE_DENORMAL
Note: The following floating-point exceptions are signalling: IEEE_DIVIDE_BY_ZERO IEEE_UNDERFLOW_FLAG IEEE_DENORMAL
Note: The following floating-point exceptions are signalling: IEEE_DIVIDE_BY_ZERO IEEE_UNDERFLOW_FLAG IEEE_DENORMAL
Note: The following floating-point exceptions are signalling: IEEE_DIVIDE_BY_ZERO IEEE_UNDERFLOW_FLAG IEEE_DENORMAL
Note: The following floating-point exceptions are signalling: IEEE_DIVIDE_BY_ZERO IEEE_UNDERFLOW_FLAG IEEE_DENORMAL
Note: The following floating-point exceptions are signalling: IEEE_DIVIDE_BY_ZERO IEEE_UNDERFLOW_FLAG IEEE_DENORMAL
Note: The following floating-point exceptions are signalling: IEEE_DIVIDE_BY_ZERO IEEE_UNDERFLOW_FLAG IEEE_DENORMAL
Note: The following floating-point exceptions are signalling: IEEE_DIVIDE_BY_ZERO IEEE_UNDERFLOW_FLAG IEEE_DENORMAL
 IEEE_DIVIDE_BY_ZERONote: The following floating-point exceptions are signalling: IEEE_DIVIDE_BY_ZERO IEEE_UNDERFLOW_FLAG IEEE_DENORMAL
Note: The following floating-point exceptions are signalling: IEEE_DIVIDE_BY_ZERO IEEE_UNDERFLOW_FLAG IEEE_DENORMAL
Note: The following floating-point exceptions are signalling: IEEE_DIVIDE_BY_ZERONote: The following floating-point exceptions are signalling: IEEE_INVALID_FLAG IEEE_DIVIDE_BY_ZERO IEEE_UNDERFLOW_FLAG IEEE_DENORMAL
 IEEE_DIVIDE_BY_ZERO IEEE_UNDERFLOW_FLAG IEEE_DENORMAL
 IEEE_UNDERFLOW_FLAG IEEE_DIVIDE_BY_ZERO IEEE_UNDERFLOW_FLAGNote: The following floating-point exceptions are signalling: IEEE_DIVIDE_BY_ZERO IEEE_UNDERFLOW_FLAG IEEE_DENORMAL IEEE_UNDERFLOW_FLAG IEEE_DENORMAL
 IEEE_DENORMAL
 IEEE_DENORMAL

Note: The following floating-point exceptions are signalling: IEEE_DIVIDE_BY_ZERO IEEE_UNDERFLOW_FLAG IEEE_DENORMAL
Note: The following floating-point exceptions are signalling: IEEE_DIVIDE_BY_ZERO IEEE_UNDERFLOW_FLAG IEEE_DENORMAL
Note: The following floating-point exceptions are signalling: IEEE_DIVIDE_BY_ZERO IEEE_UNDERFLOW_FLAG IEEE_DENORMAL
Note: The following floating-point exceptions are signalling: IEEE_DIVIDE_BY_ZERO IEEE_UNDERFLOW_FLAG IEEE_DENORMAL
Note: The following floating-point exceptions are signalling: IEEE_DIVIDE_BY_ZERO IEEE_UNDERFLOW_FLAG IEEE_DENORMAL
Note: The following floating-point exceptions are signalling: IEEE_DIVIDE_BY_ZERO IEEE_UNDERFLOW_FLAG IEEE_DENORMAL
Note: The following floating-point exceptions are signalling: IEEE_DIVIDE_BY_ZERO IEEE_UNDERFLOW_FLAG IEEE_DENORMAL
Note: The following floating-point exceptions are signalling: IEEE_DIVIDE_BY_ZERO IEEE_UNDERFLOW_FLAG IEEE_DENORMAL
