(10.0.17.35:0,1,2,3,4,5,6,7)
(10.0.17.36:8,9,10,11,12,13,14,15)
(10.0.17.37:16,17,18,19,20,21,22,23)
(10.0.17.38:24,25,26,27,28,29,30,31)

[0] MPI startup(): libfabric version: 1.7.2a-impi
[0] MPI startup(): libfabric provider: psm2
[0] MPI startup(): Rank    Pid      Node name    Pin cpu
[0] MPI startup(): 0       182463   cx1123.obcx  {0,1,2,3,4,5,6}
[0] MPI startup(): 1       182464   cx1123.obcx  {7,8,9,10,11,12,13}
[0] MPI startup(): 2       182465   cx1123.obcx  {14,15,16,17,18,19,20}
[0] MPI startup(): 3       182466   cx1123.obcx  {21,22,23,24,25,26,27}
[0] MPI startup(): 4       182467   cx1123.obcx  {28,29,30,31,32,33,34}
[0] MPI startup(): 5       182468   cx1123.obcx  {35,36,37,38,39,40,41}
[0] MPI startup(): 6       182469   cx1123.obcx  {42,43,44,45,46,47,48}
[0] MPI startup(): 7       182470   cx1123.obcx  {49,50,51,52,53,54,55}
[0] MPI startup(): 8       98148    cx1124.obcx  {0,1,2,3,4,5,6}
[0] MPI startup(): 9       98149    cx1124.obcx  {7,8,9,10,11,12,13}
[0] MPI startup(): 10      98150    cx1124.obcx  {14,15,16,17,18,19,20}
[0] MPI startup(): 11      98151    cx1124.obcx  {21,22,23,24,25,26,27}
[0] MPI startup(): 12      98152    cx1124.obcx  {28,29,30,31,32,33,34}
[0] MPI startup(): 13      98153    cx1124.obcx  {35,36,37,38,39,40,41}
[0] MPI startup(): 14      98154    cx1124.obcx  {42,43,44,45,46,47,48}
[0] MPI startup(): 15      98155    cx1124.obcx  {49,50,51,52,53,54,55}
[0] MPI startup(): 16      107118   cx1125.obcx  {0,1,2,3,4,5,6}
[0] MPI startup(): 17      107119   cx1125.obcx  {7,8,9,10,11,12,13}
[0] MPI startup(): 18      107120   cx1125.obcx  {14,15,16,17,18,19,20}
[0] MPI startup(): 19      107121   cx1125.obcx  {21,22,23,24,25,26,27}
[0] MPI startup(): 20      107122   cx1125.obcx  {28,29,30,31,32,33,34}
[0] MPI startup(): 21      107123   cx1125.obcx  {35,36,37,38,39,40,41}
[0] MPI startup(): 22      107124   cx1125.obcx  {42,43,44,45,46,47,48}
[0] MPI startup(): 23      107125   cx1125.obcx  {49,50,51,52,53,54,55}
[0] MPI startup(): 24      145462   cx1126.obcx  {0,1,2,3,4,5,6}
[0] MPI startup(): 25      145463   cx1126.obcx  {7,8,9,10,11,12,13}
[0] MPI startup(): 26      145464   cx1126.obcx  {14,15,16,17,18,19,20}
[0] MPI startup(): 27      145465   cx1126.obcx  {21,22,23,24,25,26,27}
[0] MPI startup(): 28      145466   cx1126.obcx  {28,29,30,31,32,33,34}
[0] MPI startup(): 29      145467   cx1126.obcx  {35,36,37,38,39,40,41}
[0] MPI startup(): 30      145468   cx1126.obcx  {42,43,44,45,46,47,48}
[0] MPI startup(): 31      145469   cx1126.obcx  {49,50,51,52,53,54,55}
[0] MPI startup(): I_MPI_OFI_LIBRARY_INTERNAL=1
[0] MPI startup(): I_MPI_ROOT=/work/opt/local/cores/intel/impi/2019.5.281
[0] MPI startup(): I_MPI_HYDRA_BOOTSTRAP_EXEC=/usr/local/bin/pjrsh4calc
[0] MPI startup(): I_MPI_HYDRA_BOOTSTRAP_AUTOFORK=0
[0] MPI startup(): I_MPI_HYDRA_TOPOLIB=hwloc
[0] MPI startup(): I_MPI_HYDRA_HOST_FILE=/work/00/hp200098/o30000/tim/tim5/b3lypD3.rpath1/4.equil2_ob/.d0000793833_nodeinfo
[0] MPI startup(): I_MPI_PERHOST=8
[0] MPI startup(): I_MPI_INTERNAL_MEM_POLICY=default
[0] MPI startup(): I_MPI_DEBUG=5
****************************************************
*                                                  *
*                  GENESIS ATDYN                   *
*                                                  *
*        A Molecular Dynamics Simulator with       *
*            Atomic Decomposition Scheme           *
*                                                  *
*               Developed by RIKEN                 *
*                                                  *
****************************************************
 
[STEP0] Architecture and Compiler Information
 
GENESIS_Information> GENESIS Information
  version      = 1.6.0
  commit ID    = $GENESIS_VERSION$
  precision    = double
  nonbonding   = CPU

Build_Information> Compiler Information
  build host   = o30000@obcx03.obcx
  fortran      = GNU Fortran (GCC) 7.5.0
  option       = -O3 -ffast-math -march=native -ffree-line-length-none -fopenmp 
  C            = gcc (GCC) 7.5.0
  option       = -O3 -ffast-math -march=native -fopenmp
  defined var. =  -DMPI -DOMP -DFFTE -DLAPACK -DDSFMT_MEXP=19937 -D__GFORTRAN__
  link option  = -L/work/hp200098/share/local/lib -fopenmp -lmkl_scalapack_lp64 -lmkl_blacs_intelmpi_lp64 -lmkl_intel_lp64 -lmkl_intel_thread -lmkl_core -liomp5 -lpthread -lm 

Runtime_Information> Machine and Library Information
  date       = 2021/02/05 18:01:12
  cpu model    = Intel(R) Xeon(R) Platinum 8280 CPU @ 2.70GHz
  exec. host   = o30000@cx1123.obcx
  LD library   = /work/hp200098/share/local/lib:/work/opt/local/cores/intel/compilers_and_libraries_2019.5.281/linux/tbb/lib/intel64_lin/gcc4.7:/work/opt/local/cores/intel/compilers_and_libraries_2019.5.281/linux/compiler/lib/intel64_lin:/work/opt/local/cores/intel/compilers_and_libraries_2019.5.281/linux/mkl/lib/intel64_lin:/work/opt/local/cores/intel/impi/2019.5.281/intel64/libfabric/lib:/work/opt/local/cores/intel/impi/2019.5.281/intel64/lib/release:/work/opt/local/cores/intel/impi/2019.5.281/intel64/lib:/work/opt/local/cores/gcc/7.5.0/lib64

[STEP1] Read Control Parameters
 
Read_Ctrl_Input> Input Files
  topfile = toppar/top_all36_prot.rtf, toppar/top_all36_cgenff.rtf
  parfile = toppar/par_all36_prot.prm, toppar/par_all36_cgenff.prm
  strfile = toppar/toppar_water_ions.str, toppar/toppar_dhap.3.str
  psffile = ../../2.equil/step4_nvt_100.psf
  pdbfile = ../../2.equil/step4_nvt_100.pdb
  rstfile = ../3.equil1/equil1_8.rst
  reffile = ../../2.equil/step4_nvt_100.pdb
 
Read_Ctrl_Output> Output Files
  dcdfile    = equil2_8.dcd
  rstfile    = equil2_8.rst
 
Read_Ctrl_Energy> Parameters of Energy Calculations
  forcefield      =     CHARMM
  switchdist      =     16.000  cutoffdist      =     18.000
  pairlistdist    =     19.500  dielec_const    =      1.000
  vdW force_switch=        yes
  electrostatic   =  CUTOFF
  implicit_solvent=       none
  table_order     =          3
  table_density   =     20.000
  water_model     =       NONE
  output_style    =    GENESIS
  dispersion_corr =       none
  nonb_limiter    =      no
 
Read_Ctrl_Dynamics> Parameters of MD simulation
  integrator      =       VVER  nsteps          =       4000
  timestep        =     0.0005  initial_time    =     0.0000
  eneout_period   =         50  rstout_period   =         50
  crdout_period   =         50  velout_period   =          0
  nbupdate_period =         10  stoptr_period   =         10
  iseed           =   20190319
  annealing       =         no
  verbose         =         no
  target_md       =         no
  steered_md      =         no
  esp_mm          =         no
 
Read_Ctrl_Constraints> Parameters for Constraints
  rigid_bond      =        yes
  shake_iteration =        500  shake_tolerance =  0.100E-09
  fast_water      =        yes  water_model     =       TIP3
  hydrogen_type   =  name|mass
  noshake_index   = 4  11  12  13
  fixatm_select_index        =       none
 
Read_Ctrl_Ensemble> Parameters for Ensemble
  ensemble        =        NVT
  temperature     =    300.000
  tpcontrol       =      BUSSI
  tau_t           =      0.500
 
Read_Ctrl_Boundary> Parameters of Boundary Condition
  type            =       NOBC
  spherical_pot   =        yes  restart         =          T
  center_info     =       read  modify_ratio    =      1.000
  constant        =     10.000  exponent        =          2
  fixatom         =          T  fix_layer       =      1.000
 
Read_Ctrl_Selection> Parameters of Selection
  # of groups     =         13
    group 1 = sid:DHA or (sid:TIMA and (rno:95 or rno:165) and          not (an:CA  | an:C   | an:O   | an:N | an:HN | an:HA))
    group 2 = atomno:1900 or atomno:5687
    group 3 = atomno:1442
    group 4 = atomno:1443
    group 5 = atomno:2559
    group 6 = atomno:2560
    group 7 = atomno:7583
    group 8 = atomno:7584
    group 9 = atomno:7585
    group 10 = atomno:7586
    group 11 = atomno:7587
    group 12 = atomno:7588
    group 13 = atomno:7589
  # of mole names =          0
 
Read_Ctrl_Restraints> Parameters of Restraint
  numfunc         =   6
  function1 = POSI     
    direction     = ALL 
    constant      = 10.0
    reference     = 
    select_index  = 2
    mode          =   0
    exponent      =   2
    exponent_dist = 
    weight_dist   = 

  function2 = DIST     
    constant      = 100.0
    reference     = 1.8534
    select_index  = 6  12
    mode          =   0
    exponent      =   2
    exponent_dist = 
    weight_dist   = 

  function3 = DIST     
    constant      = 100.0
    reference     = 1.1050
    select_index  = 9  12
    mode          =   0
    exponent      =   2
    exponent_dist = 
    weight_dist   = 

  function4 = DIST     
    constant      = 100.0
    reference     = 1.9944
    select_index  = 5  11
    mode          =   0
    exponent      =   2
    exponent_dist = 
    weight_dist   = 

  function5 = DIST     
    constant      = 100.0
    reference     = 1.8577
    select_index  = 8   4
    mode          =   0
    exponent      =   2
    exponent_dist = 
    weight_dist   = 

  function6 = DIST     
    constant      = 100.0
    reference     = 2.7301
    select_index  = 3  11
    mode          =   0
    exponent      =   2
    exponent_dist = 
    weight_dist   = 

  pressure_position   = NO
  pressure_rmsd     = NO

Read_Ctrl_Fitting_MD> Parameters of Fitting
  fitting method  =  TR+ROT   
  fitting atom    = group1
  mass_weight     =         no
 
Read_Ctrl_QMMM> Parameters of QM/MM
  qmtyp              = qsimulate
  qmcnt              = qsimulate.json
  qmexe              = 
  workdir            = equil2_8
  savedir            = none
  basename           = job
  qmsave_period      = 500
  qmmaxtrial         = 1
  qmatm_select_index = 1
  exclude_charge     = GROUP
 
[STEP2] Setup MPI
 
Setup_Mpi_Md> Summary of Setup MPI
  number of MPI processes   =         32
  number of OpenMP threads  =          7
  total number of CPU cores =        224

[STEP3] Set Relevant Variables and Structures
 
Input_Top> Summary of Topfile
  num_atom_class  =        212  num_resi_type   =        685
 
Input_Par> Summary of Parfile
  num_bonds       =        658  num_angles      =       2003
  num_dihedrals   =       4838  num_impropers   =        163
  num_atom_cls    =        212  num_nbfix       =         75
  num_cmap_terms  =          6
 
Input_Str> Summary of Top information
  num_atom_class  =        227  num_resi_type   =        700
 
Input_Str> Summary of Par information
  num_bonds       =        663  num_angles      =       2006
  num_dihedrals   =       4850  num_impropers   =        163
  num_atom_cls    =        227  num_nbfix       =         90
  num_cmap_terms  =          6
 
Read_Psf> Summary of Psffile
  psftype         =      xplor
  num_atoms       =      37226  num_bonds       =      37288
  num_angles      =      23768  num_dihedrals   =      20268
  num_impropers   =       1292  num_cmap_terms  =        494
  num_HB_donors   =      20596  num_HB_acceptors=      10610
  num_NB_exclusion=          0  num_groups      =      12168
  total_charge    =    -10.000
 
Check_Pdb> 6-column residue sequence number
 
Read_Pdb> Summary of Data in PDB file
  num_atoms       =      37226
 
Read_Rst_Binary> Summary of RST file
  num_atoms       =      37226  iseed           =   20190319
  boxsize (x,y,z) =      0.000     0.000     0.000
  spherical_pot     =      yes
  nfunctions                 2  num_fixatm              9645
  num_of_qm_charge          35

Define_Molecule> Summary of molecules
  num_atoms       =      37226  num_bonds       =      37288
  num_angles      =      23768  num_dihedrals   =      20268
  num_impropers   =       1292  num_cmap_terms  =        494
  num_residues    =      10370  num_molecules   =       9878
  num_segments    =          6  num_deg_freedom =     111678
  total_charge    =    -10.000
 
Setup_Boundary> Setup Variables for Boundary Condition
  origin(x,y,z)   =      0.000     0.000     0.000
  nfunctions      =        2
    center(x,y,z) =     17.000     0.000     0.000
    radius        =     35.000
    constant      =     10.000
    exponent      =          2
    center(x,y,z) =    -17.000     0.000     0.000
    radius        =     35.000
    constant      =     10.000
    exponent      =          2

  num_fixatm      =     9645

 
Random_Init> Initialize the random number
  seed            = 20190319

Setup_QMMM> Setup QM region
  QM assignment info
  1435 TIMA     95 HSE    CB   CT2    assigned to QM atom    1 of element: C     6
  1436 TIMA     95 HSE    HB1  HA2    assigned to QM atom    2 of element: H     1
  1437 TIMA     95 HSE    HB2  HA2    assigned to QM atom    3 of element: H     1
  1438 TIMA     95 HSE    ND1  NR2    assigned to QM atom    4 of element: N     7
  1439 TIMA     95 HSE    CG   CPH1   assigned to QM atom    5 of element: C     6
  1440 TIMA     95 HSE    CE1  CPH2   assigned to QM atom    6 of element: C     6
  1441 TIMA     95 HSE    HE1  HR1    assigned to QM atom    7 of element: H     1
  1442 TIMA     95 HSE    NE2  NR1    assigned to QM atom    8 of element: N     7
  1443 TIMA     95 HSE    HE2  H      assigned to QM atom    9 of element: H     1
  1444 TIMA     95 HSE    CD2  CPH1   assigned to QM atom   10 of element: C     6
  1445 TIMA     95 HSE    HD2  HR3    assigned to QM atom   11 of element: H     1
  2552 TIMA    165 GLU    CB   CT2A   assigned to QM atom   12 of element: C     6
  2553 TIMA    165 GLU    HB1  HA2    assigned to QM atom   13 of element: H     1
  2554 TIMA    165 GLU    HB2  HA2    assigned to QM atom   14 of element: H     1
  2555 TIMA    165 GLU    CG   CT2    assigned to QM atom   15 of element: C     6
  2556 TIMA    165 GLU    HG1  HA2    assigned to QM atom   16 of element: H     1
  2557 TIMA    165 GLU    HG2  HA2    assigned to QM atom   17 of element: H     1
  2558 TIMA    165 GLU    CD   CC     assigned to QM atom   18 of element: C     6
  2559 TIMA    165 GLU    OE1  OC     assigned to QM atom   19 of element: O     8
  2560 TIMA    165 GLU    OE2  OC     assigned to QM atom   20 of element: O     8
  7575 DHA     249 DHAP   P    PG2    assigned to QM atom   21 of element: P    15
  7576 DHA     249 DHAP   O1P  OG303  assigned to QM atom   22 of element: O     8
  7577 DHA     249 DHAP   O2P  OG2P1  assigned to QM atom   23 of element: O     8
  7578 DHA     249 DHAP   O3P  OG2P1  assigned to QM atom   24 of element: O     8
  7579 DHA     249 DHAP   O4P  OG2P1  assigned to QM atom   25 of element: O     8
  7580 DHA     249 DHAP   C1   CG321  assigned to QM atom   26 of element: C     6
  7581 DHA     249 DHAP   H11  HGA2   assigned to QM atom   27 of element: H     1
  7582 DHA     249 DHAP   H12  HGA2   assigned to QM atom   28 of element: H     1
  7583 DHA     249 DHAP   C2   CG2O5  assigned to QM atom   29 of element: C     6
  7584 DHA     249 DHAP   O2   OG2D3  assigned to QM atom   30 of element: O     8
  7585 DHA     249 DHAP   C3   CG321  assigned to QM atom   31 of element: C     6
  7586 DHA     249 DHAP   O3   OG311  assigned to QM atom   32 of element: O     8
  7587 DHA     249 DHAP   HO3  HGP1   assigned to QM atom   33 of element: H     1
  7588 DHA     249 DHAP   H31  HGA2   assigned to QM atom   34 of element: H     1
  7589 DHA     249 DHAP   H32  HGA2   assigned to QM atom   35 of element: H     1
  number of QM atoms = 35
 
  QM charges retreived from rstfile.
 

Generate_LinkAtoms> QM-MM interface info. Link hydrogen is set between:
              [ QM atom ]             -             [ MM atom ]
  1435 TIMA     95 HSE    CB   CT2    -   1433 TIMA     95 HSE    CA   CT1   
                                          1431 TIMA     95 HSE    N    NH1    excluded
                                          1432 TIMA     95 HSE    HN   H      excluded
                                          1434 TIMA     95 HSE    HA   HB1    excluded
  2552 TIMA    165 GLU    CB   CT2A   -   2550 TIMA    165 GLU    CA   CT1   
                                          2548 TIMA    165 GLU    N    NH1    excluded
                                          2549 TIMA    165 GLU    HN   H      excluded
                                          2551 TIMA    165 GLU    HA   HB1    excluded

  number of link atoms           = 2
  number of external MM charges  = 37183


  Check the input file for QSimulate [ qsimulate.json ]
Setup_Enefunc_Cmap_Par> Natural spline is used to derive cmap coefs.

Setup_Enefunc_Table> Setup Variables for LookupTable
  num_solutes     =      37226  num_waters      =          0

Setup_Enefunc_Restraint> Setup restraint groups
 group =     1, "sid:DHA or (sid:TIMA and (rno:95 or rno:165) and          not (an:CA  | an:C   | an:O   | an:N | an:HN | an:HA))"
 # of atoms =    35
 atomlist: 
   1435   1436   1437   1438   1439   1440   1441   1442   1443   1444
   1445   2552   2553   2554   2555   2556   2557   2558   2559   2560
   7575   7576   7577   7578   7579   7580   7581   7582   7583   7584
   7585   7586   7587   7588   7589
 group =     2, "atomno:1900 or atomno:5687"
 # of atoms =     2
 atomlist: 
   1900   5687
 group =     3, "atomno:1442"
 # of atoms =     1
 atomlist: 
   1442
 group =     4, "atomno:1443"
 # of atoms =     1
 atomlist: 
   1443
 group =     5, "atomno:2559"
 # of atoms =     1
 atomlist: 
   2559
 group =     6, "atomno:2560"
 # of atoms =     1
 atomlist: 
   2560
 group =     7, "atomno:7583"
 # of atoms =     1
 atomlist: 
   7583
 group =     8, "atomno:7584"
 # of atoms =     1
 atomlist: 
   7584
 group =     9, "atomno:7585"
 # of atoms =     1
 atomlist: 
   7585
 group =    10, "atomno:7586"
 # of atoms =     1
 atomlist: 
   7586
 group =    11, "atomno:7587"
 # of atoms =     1
 atomlist: 
   7587
 group =    12, "atomno:7588"
 # of atoms =     1
 atomlist: 
   7588
 group =    13, "atomno:7589"
 # of atoms =     1
 atomlist: 
   7589
Setup_Enefunc_Restraint> Setup restraint functions
 func  =     1 kind  =     1
 const(total, x, y, z) =   10.000   1.000   1.000   1.000
 exponend of function =     2
 # of groups  =     1
 grouplist:   2

 func  =     2 kind  =     2
 const             =  100.000
 ref               =    1.853
 exponend of function =     2
 # of distances  =     1
 distancelist: 
 group = (  6, 12) weight =    1.000 exponent =     1

 func  =     3 kind  =     2
 const             =  100.000
 ref               =    1.105
 exponend of function =     2
 # of distances  =     1
 distancelist: 
 group = (  9, 12) weight =    1.000 exponent =     1

 func  =     4 kind  =     2
 const             =  100.000
 ref               =    1.994
 exponend of function =     2
 # of distances  =     1
 distancelist: 
 group = (  5, 11) weight =    1.000 exponent =     1

 func  =     5 kind  =     2
 const             =  100.000
 ref               =    1.858
 exponend of function =     2
 # of distances  =     1
 distancelist: 
 group = (  8,  4) weight =    1.000 exponent =     1

 func  =     6 kind  =     2
 const             =  100.000
 ref               =    2.730
 exponend of function =     2
 # of distances  =     1
 distancelist: 
 group = (  3, 11) weight =    1.000 exponent =     1

Define_Enefunc_CHARMM> Number of Interactions in Each Term
  bond_ene        =      37255  angle_ene       =      23717
  urey_ene        =       6639
  torsion_ene     =      23862  improper_ene    =       1285
  cmap_ene        =        494
  restraint_groups=         13  restraint_funcs =          6
 
Setup_Fitting_Atdyn> NO fitting is applied, skip
  fitting method  =  NO

Update_Num_Deg_Freedom> Number of degrees of freedom was updated
  num_deg_freedom =      82743 (After setup of fixed atoms at boundary)
 
Remove_Fixatm> Modified Interactions
  bond_ene        =      27610  angle_ene       =      20502
  urey_ene        =       6639
  torsion_ene     =      23862  improper_ene    =       1285
 
Setup_Constraints> The following atoms are excluded from SHAKE:
    1443    7587    7588    7589
Setup_Settle> Setup constraints for SETTLE
  num_unconsbonds =       7633      num_Settle  =       6659
  r0(O-H)         =     0.9572  mass(O)         =    15.9994
  r0(H-H)         =     1.5139  mass(H)         =     1.0080
 
Setup_Shake> Setup constrains for SHAKE and RATTLE
  num_unconsbonds =       3837  num_rigid_bonds =       3796
 
  num_qm_rigid_bonds =         10
 
Update_Num_Deg_Freedom> Number of degrees of freedom was updated
  num_deg_freedom =      62766 (After setup of SETTLE)
 
Update_Num_Deg_Freedom> Number of degrees of freedom was updated
  num_deg_freedom =      58960 (After setup of SHAKE/RATTLE)
 
[STEP4] Compute Single Point Energy for Molecules
 
            STEP            BOND           ANGLE    UREY-BRADLEY        DIHEDRAL        IMPROPER            CMAP         VDWAALS           ELECT    RESTRAINT001    RESTRAINT002    RESTRAINT003    RESTRAINT004    RESTRAINT005    RESTRAINT006    RESTR_CVS001    RESTR_CVS002    RESTR_CVS003    RESTR_CVS004    RESTR_CVS005    RESTR_CVS006              QM            SPOT
 --------------- --------------- --------------- --------------- ---------------
               0       1453.5655       3728.1817        467.7410       4485.2757        264.1601       -168.1291       7146.1071    -117056.8972          2.9806          0.7406          0.0026          0.0110          0.2152          0.0891          0.0000          1.9395          1.1101          1.9839          1.8113          2.7003    -906487.3676         17.7952

[STEP5] Perform Molecular Dynamics Simulation
 
INFO:       STEP            TIME       TOTAL_ENE   POTENTIAL_ENE     KINETIC_ENE            RMSG            BOND           ANGLE    UREY-BRADLEY        DIHEDRAL        IMPROPER            CMAP         VDWAALS           ELECT RESTRAINT_TOTAL    RESTRAINT001    RESTRAINT002    RESTRAINT003    RESTRAINT004    RESTRAINT005    RESTRAINT006    RESTR_CVS001    RESTR_CVS002    RESTR_CVS003    RESTR_CVS004    RESTR_CVS005    RESTR_CVS006     TEMPERATURE          VOLUME              QM            SPOT
 --------------- --------------- --------------- --------------- ---------------
INFO:         50          0.0250    -988408.3936   -1006081.6495      17673.2559         12.5465       1498.4194       3728.8247        467.8453       4495.0846        253.6086       -175.5651       7074.4254    -116917.3640          3.2762          2.8108          0.0085          0.2263          0.0565          0.1504          0.0237          0.0000          1.8626          1.0574          2.0182          1.8189          2.7147        301.6821          0.0000    -906510.2046         20.4346

INFO:        100          0.0500    -988427.1525   -1006051.5531      17624.4006         12.6038       1484.9893       3808.5664        450.7239       4490.0373        266.8410       -175.8962       7109.8388    -117015.9175          4.5519          2.6049          0.6822          0.1691          0.3630          0.7324          0.0004          0.0000          1.9360          1.1461          1.9342          1.9433          2.7322        300.8481          0.0000    -906475.2880         16.1839

INFO:        150          0.0750    -988447.0344   -1005878.8225      17431.7881         12.6104       1513.8333       3826.9314        479.1647       4504.2582        289.9841       -194.9830       7159.8983    -116944.5781          2.2904          2.1878          0.0017          0.0201          0.0678          0.0102          0.0028          0.0000          1.8493          1.1192          2.0204          1.8476          2.7248        297.5602          0.0000    -906515.6217         11.0280

INFO:        200          0.1000    -988401.4675   -1006055.5752      17654.1077         12.5783       1490.9304       3768.9229        459.5724       4488.3595        277.1253       -201.6649       7148.7825    -117004.4713          3.5945          1.7226          0.2209          0.0530          1.2478          0.2283          0.1220          0.0000          1.9004          1.0820          1.8827          1.8099          2.7650        301.3552          0.0000    -906486.7266         18.4101

INFO:        250          0.1250    -988362.8712   -1006005.8457      17642.9745         12.5826       1490.1122       3861.6602        468.9678       4491.4987        264.5786       -198.4481       7226.1074    -117114.4727          4.1315          1.5172          0.6312          0.1123          0.3724          1.3718          0.1266          0.0000          1.9328          1.1385          2.0554          1.9748          2.6945        301.1652          0.0000    -906499.9813         16.8176

INFO:        300          0.1500    -988394.5452   -1005927.0168      17532.4716         12.5705       1469.2085       3804.2711        467.1060       4514.6760        270.6264       -206.6400       7292.8039    -117068.0886          1.5770          0.9970          0.0053          0.0041          0.1089          0.4460          0.0157          0.0000          1.8461          1.0986          1.9614          1.9245          2.7426        299.2789          0.0000    -906472.5571         16.6087

INFO:        350          0.1750    -988436.4420   -1006180.4696      17744.0276         12.5411       1482.7937       3805.3820        484.1448       4496.9433        254.9353       -198.0792       7211.2432    -117246.7488          3.5195          1.3907          1.1046          0.0043          0.0490          0.1336          0.8373          0.0000          1.9585          1.0984          1.9723          1.8211          2.6386        302.8901          0.0000    -906474.6033         23.4463

INFO:        400          0.2000    -988435.4484   -1006088.5468      17653.0984         12.6124       1522.1936       3780.5579        460.2844       4510.4460        277.9983       -187.3027       7193.5303    -117178.3244          2.7415          1.2432          0.8360          0.0193          0.4281          0.0658          0.1492          0.0000          1.9448          1.1189          1.9290          1.8834          2.7687        301.3380          0.0000    -906470.6719         21.3626

INFO:        450          0.2250    -988499.9264   -1006125.5428      17625.6164         12.5535       1494.1442       3787.9543        462.5774       4490.4643        271.4672       -175.8908       7126.7190    -117114.4740          1.7146          1.1050          0.0897          0.0001          0.3355          0.1392          0.0451          0.0000          1.8235          1.1060          2.0523          1.8204          2.7089        300.8688          0.0000    -906470.2190         18.1009

INFO:        500          0.2500    -988459.1913   -1006058.3501      17599.1588         12.5887       1464.1623       3824.6655        459.6034       4512.7887        262.1255       -164.4394       7223.8660    -117156.9650          3.7867          1.8256          1.1963          0.0119          0.1746          0.1282          0.4501          0.0000          1.9628          1.0941          2.0362          1.8935          2.7972        300.4172          0.0000    -906487.9438         19.9857

INFO:        550          0.2750    -988472.7201   -1006027.6482      17554.9281         12.6192       1515.3671       3792.2187        465.6293       4475.9790        263.3717       -191.5218       7235.4568    -117112.0931          5.2598          3.8956          0.0007          0.0036          0.7280          0.6130          0.0190          0.0000          1.8560          1.0990          1.9091          1.9360          2.7163        299.6622          0.0000    -906477.3158         15.0657

INFO:        600          0.3000    -988461.9424   -1006229.5209      17767.5785         12.5449       1484.9707       3780.1668        462.2059       4516.8428        265.0775       -206.8854       7200.9084    -117252.4835          6.9514          5.1957          0.8178          0.1163          0.0311          0.1222          0.6684          0.0000          1.9438          1.1391          1.9768          1.8227          2.6483        303.2921          0.0000    -906487.2756         22.9440

INFO:        650          0.3250    -988403.0167   -1006192.0821      17789.0654         12.5940       1547.8169       3752.0333        476.4711       4481.5855        268.3535       -200.3366       7245.6400    -117292.4888          5.1890          4.8036          0.0925          0.0126          0.0109          0.0022          0.2672          0.0000          1.8838          1.0938          1.9840          1.8530          2.7818        303.6589          0.0000    -906476.3461         17.2977

INFO:        700          0.3500    -988456.5801   -1006196.1593      17739.5792         12.6004       1562.1493       3711.2272        460.0277       4515.0315        258.3032       -194.2480       7302.8495    -117342.8261          4.7548          3.1161          1.2191          0.0099          0.2198          0.0881          0.1018          0.0000          1.9638          1.1149          1.9475          1.8874          2.6982        302.8142          0.0000    -906473.4284         12.2572

INFO:        750          0.3750    -988455.8665   -1006217.7945      17761.9281         12.5799       1476.5265       3802.9788        455.8131       4484.6696        263.3679       -193.7805       7399.1956    -117453.0986          2.6854          1.9599          0.5811          0.0181          0.1131          0.0100          0.0031          0.0000          1.9296          1.1185          1.9608          1.8477          2.7357        303.1957          0.0000    -906456.1523         16.2614

INFO:        800          0.4000    -988461.1766   -1006192.9568      17731.7801         12.6653       1475.5508       3809.8571        471.6525       4491.2097        268.2156       -193.5496       7412.4823    -117444.0780          7.5067          3.2199          1.2343          0.0602          0.3050          2.6766          0.0108          0.0000          1.9645          1.0805          1.9392          2.0213          2.7197        302.6811          0.0000    -906491.8039         12.3624

INFO:        850          0.4250    -988510.9106   -1006326.5974      17815.6868         12.5739       1460.9870       3707.9356        460.6986       4537.1708        253.7548       -201.3292       7337.7763    -117417.2312          5.1976          3.5643          0.1157          0.0215          1.1395          0.2902          0.0664          0.0000          1.8874          1.1197          2.1011          1.9116          2.7043        304.1133          0.0000    -906471.5577         11.9067

INFO:        900          0.4500    -988543.6734   -1006224.7350      17681.0616         12.5826       1523.6523       3739.8372        471.8431       4464.3913        267.6163       -168.6644       7455.7003    -117492.7051          5.5239          2.9152          0.0577          0.0165          1.7111          0.6019          0.2216          0.0000          1.8294          1.0922          1.8636          1.7801          2.7772        301.8153          0.0000    -906491.9298         15.8257

INFO:        950          0.4750    -988516.2795   -1006218.3926      17702.1132         12.5844       1536.6649       3767.5764        475.1525       4480.4552        261.1398       -174.0080       7429.2515    -117528.7178          4.8598          2.4657          1.3183          0.0030          0.6379          0.0022          0.4327          0.0000          1.9682          1.1105          2.0743          1.8623          2.6643        302.1746          0.0000    -906470.7669         17.3787

INFO:       1000          0.5000    -988546.1467   -1006234.3557      17688.2090         12.5779       1443.9938       3844.4885        459.0568       4470.1616        240.8269       -159.8361       7511.9079    -117556.1431          1.5487          1.1919          0.0358          0.0814          0.0079          0.2229          0.0088          0.0000          1.8723          1.1335          1.9855          1.9049          2.7395        301.9373          0.0000    -906490.3606         19.6543

INFO:       1050          0.5250    -988563.0825   -1006239.0362      17675.9538         12.6267       1500.3558       3812.7500        478.0879       4471.9862        269.5442       -163.8436       7568.1329    -117707.4294          1.5514          1.0113          0.0060          0.0433          0.4782          0.0004          0.0121          0.0000          1.8456          1.0842          1.9252          1.8597          2.7191        301.7281          0.0000    -906470.1718         18.3708

INFO:       1100          0.5500    -988598.4104   -1006293.5227      17695.1124         12.5903       1418.6154       3782.1126        462.8717       4474.1229        271.6463       -174.0182       7569.6956    -117592.3150          1.5456          0.9176          0.1099          0.0020          0.0322          0.1225          0.3614          0.0000          1.8866          1.1005          1.9765          1.8927          2.7902        302.0551          0.0000    -906507.7997         17.3344

INFO:       1150          0.5750    -988631.5136   -1006270.1147      17638.6010         12.6069       1463.7000       3805.0511        472.6712       4467.4914        284.3804       -171.8266       7362.9680    -117506.2835          3.5414          1.0091          1.6205          0.0401          0.0832          0.7532          0.0353          0.0000          1.7261          1.1250          1.9656          1.9445          2.7113        301.0905          0.0000    -906451.8080         17.5301

INFO:       1200          0.6000    -988648.6129   -1006248.1857      17599.5727         12.5488       1512.4131       3746.2698        456.1749       4489.4543        266.3458       -171.3015       7280.5309    -117339.3311          5.3354          0.7520          3.6272          0.0018          0.3029          0.6515          0.0000          0.0000          2.0439          1.1093          1.9394          1.9384          2.7300        300.4243          0.0000    -906494.0772         14.5158

INFO:       1250          0.6250    -988643.0866   -1006342.8417      17699.7551         12.5770       1479.0409       3785.3548        475.0437       4486.7963        271.1227       -187.7378       7180.8637    -117406.1005          1.0808          0.4441          0.2562          0.0003          0.0189          0.3402          0.0211          0.0000          1.8028          1.1068          1.9807          1.7994          2.7446        302.1344          0.0000    -906428.3064         15.3914

INFO:       1300          0.6500    -988701.9939   -1006264.9952      17563.0014         12.5988       1476.1173       3729.2424        464.2314       4495.2671        244.9569       -181.3664       7331.7890    -117384.8941          1.2661          0.9437          0.0035          0.0627          0.1861          0.0001          0.0699          0.0000          1.8594          1.1300          1.9513          1.8565          2.7037        299.8000          0.0000    -906441.6049         10.5880

INFO:       1350          0.6750    -988686.5792   -1006338.5805      17652.0013         12.5427       1468.2230       3658.4074        458.8966       4510.0477        263.6362       -189.1975       7228.4266    -117281.6746          1.7207          1.4449          0.0062          0.0238          0.0028          0.0256          0.2175          0.0000          1.8613          1.0896          1.9997          1.8737          2.7767        301.3192          0.0000    -906457.0667         12.9514

INFO:       1400          0.7000    -988673.5825   -1006218.2991      17544.7165         12.5812       1483.2849       3745.0639        459.9257       4516.5598        270.5072       -194.5877       7121.4575    -117147.7168          4.4667          2.0103          0.2156          0.0171          2.0324          0.0438          0.1475          0.0000          1.8998          1.1181          1.8518          1.8786          2.6917        299.4879          0.0000    -906477.2602         12.5648

INFO:       1450          0.7250    -988694.0081   -1006332.0537      17638.0456         12.5330       1534.7098       3685.6842        456.9896       4524.9786        273.9905       -203.3195       7046.3573    -117190.5774          4.3316          2.4717          0.2974          0.0576          0.0007          1.3038          0.2004          0.0000          1.7989          1.1290          1.9970          1.9719          2.7749        301.0810          0.0000    -906465.1985         14.5374

INFO:       1500          0.7500    -988677.5843   -1006280.2272      17602.6428         12.5456       1511.2575       3724.1545        463.5639       4512.2634        261.5165       -197.6136       6965.3029    -117046.5090          3.9807          3.0023          0.9548          0.0002          0.0065          0.0013          0.0156          0.0000          1.9511          1.1063          2.0025          1.8613          2.7426        300.4767          0.0000    -906478.1439         16.6833

INFO:       1550          0.7750    -988656.2633   -1006349.6755      17693.4122         12.6063       1505.3570       3756.4787        459.7140       4501.6324        277.2097       -196.1063       7137.6618    -117322.4964          3.2488          2.4824          0.2684          0.0202          0.4361          0.0416          0.0001          0.0000          1.8016          1.0908          1.9284          1.8373          2.7308        302.0261          0.0000    -906472.3752         15.4699

INFO:       1600          0.8000    -988643.6424   -1006277.7168      17634.0743         12.5835       1500.9263       3763.9220        475.6617       4508.1537        264.2757       -198.3841       7242.5627    -117377.1855          2.6995          2.1378          0.1547          0.0777          0.2932          0.0343          0.0019          0.0000          1.8927          1.1329          1.9402          1.8762          2.7344        301.0132          0.0000    -906460.3489         11.2762

INFO:       1650          0.8250    -988649.3494   -1006211.4056      17562.0562         12.6114       1506.3170       3727.8712        462.4411       4472.8981        282.0060       -192.3374       7190.9444    -117181.8488          4.8847          1.9784          1.7166          0.0185          0.0763          0.9811          0.1138          0.0000          1.9844          1.0914          2.0220          1.9568          2.6964        299.7839          0.0000    -906484.5818         14.1358

INFO:       1700          0.8500    -988654.8352   -1006260.0032      17605.1680         12.5596       1481.1579       3807.1219        482.8316       4446.6339        242.8674       -196.2526       7156.4271    -117214.4432          2.9711          1.3374          0.0080          0.0107          0.2164          0.9169          0.4818          0.0000          1.8445          1.1154          1.9479          1.9535          2.7995        300.5198          0.0000    -906469.3183         16.5971

INFO:       1750          0.8750    -988619.4975   -1006195.6748      17576.1773         12.5742       1451.0002       3831.9494        474.6740       4451.2803        248.1272       -199.4139       7104.8624    -117097.1262          3.9215          2.8614          0.3980          0.0070          0.0606          0.5415          0.0529          0.0000          1.9165          1.1134          2.0190          1.9313          2.7071        300.0249          0.0000    -906464.9496         20.6232

INFO:       1800          0.9000    -988591.1712   -1006188.6706      17597.4994         12.6044       1511.2592       3768.0386        477.2469       4479.3576        258.5317       -192.8615       7138.7579    -117175.1439          3.5854          2.6231          0.3518          0.0092          0.0268          0.0065          0.5681          0.0000          1.9127          1.0954          1.9780          1.8657          2.8055        300.3889          0.0000    -906457.4425         21.0430

INFO:       1850          0.9250    -988617.0399   -1006224.2206      17607.1808         12.5834       1466.6983       3776.8453        466.8699       4524.1307        257.7921       -199.6051       7199.1358    -117252.2687          3.8395          2.3486          0.0247          0.0834          0.2386          0.4749          0.6693          0.0000          1.8377          1.1339          2.0432          1.9266          2.6483        300.5542          0.0000    -906467.6584         19.8988

INFO:       1900          0.9500    -988651.1279   -1006249.9145      17598.7865         12.6122       1480.0676       3795.0211        457.5767       4509.1254        252.4518       -201.4999       7218.2552    -117322.3485          6.2726          2.5723          1.4031          0.0163          2.0999          0.1386          0.0424          0.0000          1.9719          1.1178          1.8495          1.8949          2.7095        300.4109          0.0000    -906444.8367         14.1571

INFO:       1950          0.9750    -988669.5429   -1006184.6075      17515.0646         12.6153       1495.5677       3773.2267        465.5774       4491.4235        260.5555       -188.3265       7146.3634    -117188.0903          2.3146          1.1789          0.7790          0.0512          0.1430          0.1376          0.0249          0.0000          1.7651          1.0824          1.9566          1.8206          2.7143        298.9817          0.0000    -906443.2194         16.5097

INFO:       2000          1.0000    -988695.4016   -1006217.3802      17521.9786         12.6000       1531.3924       3789.6275        470.3926       4472.4280        257.6570       -185.6781       7210.6812    -117278.6981          0.7884          0.5552          0.0347          0.0685          0.0000          0.0866          0.0434          0.0000          1.8720          1.1312          1.9943          1.8871          2.7093        299.0998          0.0000    -906485.9710         10.1028

INFO:       2050          1.0250    -988627.1853   -1006256.4170      17629.2317         12.6381       1518.9021       3789.9463        464.6661       4472.4110        261.7610       -176.1452       7219.2137    -117334.7628          2.1934          1.1636          0.1089          0.0075          0.0068          0.6459          0.2607          0.0000          1.8864          1.1137          2.0026          1.9381          2.7812        300.9306          0.0000    -906474.6026         13.7552

INFO:       2100          1.0500    -988634.8538   -1006306.4642      17671.6104         12.5801       1436.2634       3739.8005        469.7983       4458.9961        267.1971       -177.4921       7133.7120    -117137.2337          4.6599          2.2128          1.9026          0.0008          0.4966          0.0373          0.0098          0.0000          1.9913          1.1022          1.9239          1.8770          2.7202        301.6540          0.0000    -906502.1658         12.3582

INFO:       2150          1.0750    -988644.0229   -1006313.1035      17669.0806         12.5743       1487.0880       3713.6659        464.5895       4471.5789        254.8703       -166.8523       7096.3501    -117146.0217          3.9703          2.6070          0.2822          0.2556          0.2351          0.0631          0.5273          0.0000          1.8003          1.1556          1.9459          1.8828          2.8027        301.6108          0.0000    -906492.3425         10.2527

INFO:       2200          1.1000    -988639.8611   -1006301.6050      17661.7439         12.5924       1525.9150       3710.4337        451.6287       4457.1173        274.6139       -172.3678       7141.9064    -117178.5304          4.7491          3.0253          0.0197          0.0994          1.2568          0.0732          0.2747          0.0000          1.8393          1.0735          2.1065          1.8306          2.6777        301.4855          0.0000    -906517.0709         14.7333

INFO:       2250          1.1250    -988681.4134   -1006155.4806      17474.0672         12.6248       1497.9309       3755.9704        465.5364       4444.8721        267.6166       -181.5284       7288.3038    -117206.3503          6.8748          3.6640          2.3365          0.1088          0.2884          0.0166          0.4605          0.0000          2.0063          1.1380          1.9407          1.8448          2.7980        298.2819          0.0000    -906494.7069         10.1923

INFO:       2300          1.1500    -988665.7224   -1006365.8379      17700.1156         12.5626       1446.6877       3723.8358        464.1571       4472.8205        254.2877       -190.1294       7333.6889    -117344.7628          3.0547          2.5713          0.0553          0.0758          0.0431          0.2060          0.1033          0.0000          1.8769          1.1325          2.0152          1.9031          2.6980        302.1405          0.0000    -906529.4782         12.9818

INFO:       2350          1.1750    -988616.8108   -1006445.0240      17828.2132         12.6268       1539.2367       3710.1154        470.2514       4461.0011        249.3927       -190.1723       7179.8944    -117372.6768          3.1151          2.3790          0.0536          0.1998          0.4675          0.0114          0.0039          0.0000          1.8765          1.0603          1.9260          1.8470          2.7363        304.3272          0.0000    -906495.1817         15.6161

INFO:       2400          1.2000    -988594.0338   -1006311.7436      17717.7097         12.5427       1456.8746       3809.0029        465.7495       4461.1347        267.0590       -191.7018       7154.0883    -117237.2362          3.3123          2.7147          0.0401          0.2914          0.2495          0.0127          0.0037          0.0000          1.8734          1.1590          2.0444          1.8690          2.7240        302.4409          0.0000    -906500.0269         16.6589

INFO:       2450          1.2250    -988585.4926   -1006296.9635      17711.4708         12.5943       1534.1631       3758.0774        464.5306       4490.1510        246.2502       -189.1175       7038.7030    -117166.1300          4.1688          3.0616          1.0777          0.0009          0.0077          0.0145          0.0065          0.0000          1.9572          1.1020          1.9856          1.8697          2.7220        302.3344          0.0000    -906477.7600         14.8724

INFO:       2500          1.2500    -988627.5899   -1006154.6564      17527.0664         12.6419       1510.3347       3802.2418        465.2763       4492.4119        256.5286       -178.7605       7038.8911    -117057.6982          5.3449          3.5594          0.5922          0.1031          0.7569          0.0801          0.2532          0.0000          1.9304          1.0729          1.9074          1.8860          2.7804        299.1866          0.0000    -906489.2268         12.8783

INFO:       2550          1.2750    -988644.4157   -1006169.5615      17525.1458         12.5967       1505.6217       3813.1850        478.3045       4478.2378        271.8158       -188.3254       7146.1281    -117197.6132          3.8052          3.2276          0.0190          0.0744          0.3166          0.0870          0.0807          0.0000          1.8396          1.1323          2.0507          1.8872          2.7585        299.1538          0.0000    -906480.7210         14.3825

INFO:       2600          1.3000    -988577.6573   -1006154.7323      17577.0750         12.6201       1485.4911       3773.3976        454.3551       4460.1047        279.0828       -191.1607       7234.9268    -117188.0751          4.8677          2.4526          0.8225          0.0108          1.1004          0.1585          0.3229          0.0000          1.9441          1.1154          1.8895          1.8975          2.7869        300.0402          0.0000    -906467.7223          6.9662

INFO:       2650          1.3250    -988552.5521   -1006173.6002      17621.0481         12.5711       1474.6321       3733.7691        456.4352       4501.7123        283.0492       -186.3171       7179.0977    -117160.0236          2.8108          1.9210          0.7134          0.1201          0.0197          0.0069          0.0297          0.0000          1.9379          1.0703          2.0084          1.8494          2.7473        300.7909          0.0000    -906458.7660         14.7848

INFO:       2700          1.3500    -988544.9917   -1006020.3527      17475.3609         12.6674       1527.0264       3830.4865        464.8261       4482.3127        265.9890       -204.1729       7235.7082    -117150.2139          3.7012          2.6498          0.2521          0.1819          0.0004          0.4199          0.1972          0.0000          1.9036          1.1476          1.9924          1.7929          2.7745        298.3040          0.0000    -906476.0159         12.2062

INFO:       2750          1.3750    -988576.8924   -1006288.0841      17711.1917         12.5867       1495.3355       3767.4358        460.8755       4497.0187        269.5875       -200.2433       7178.7559    -117310.6488          2.4942          2.3518          0.0000          0.0233          0.0107          0.0583          0.0501          0.0000          1.8540          1.0897          1.9841          1.8336          2.7525        302.3296          0.0000    -906448.6952         12.8966

INFO:       2800          1.4000    -988599.6774   -1006229.3764      17629.6990         12.5717       1445.7360       3763.0701        462.1882       4478.1941        252.7313       -193.0079       7304.6761    -117262.1068          2.7028          2.2973          0.0035          0.0824          0.1967          0.0761          0.0469          0.0000          1.8475          1.0763          1.9501          1.8853          2.7518        300.9385          0.0000    -906483.5604         13.8629

INFO:       2850          1.4250    -988635.1575   -1006198.0800      17562.9226         12.6045       1490.9889       3687.2491        465.7656       4519.7509        266.3375       -184.7537       7380.4336    -117364.1340          5.5982          2.5566          0.8592          0.1925          1.5666          0.2158          0.2075          0.0000          1.9461          1.1489          1.8692          1.9041          2.7757        299.7987          0.0000    -906465.3163         15.6838

INFO:       2900          1.4500    -988606.9836   -1006127.4063      17520.4227         12.6543       1518.2704       3765.0544        486.9357       4489.7988        260.2206       -185.1888       7320.5935    -117318.9945          4.1929          3.3015          0.2133          0.0041          0.4652          0.2058          0.0029          0.0000          1.8996          1.1114          2.0626          1.9031          2.7247        299.0732          0.0000    -906468.2892         20.0541

INFO:       2950          1.4750    -988605.5825   -1006119.3636      17513.7811         12.6558       1533.6023       3778.6650        468.6812       4512.3515        247.7856       -180.2517       7264.3838    -117281.3144          3.8691          3.2056          0.2347          0.1601          0.0189          0.0040          0.2458          0.0000          1.8050          1.0650          2.0082          1.8640          2.7797        298.9598          0.0000    -906467.1359         20.4034

INFO:       3000          1.5000    -988636.9758   -1006223.3788      17586.4031         12.6622       1541.1996       3715.3510        460.5182       4523.0591        297.7931       -189.5353       7204.7542    -117296.2720          3.5644          2.7369          0.1084          0.2870          0.2164          0.1366          0.0791          0.0000          1.8863          1.1586          1.9479          1.8947          2.7582        300.1995          0.0000    -906483.8110         17.0073

INFO:       3050          1.5250    -988601.3252   -1006313.8476      17712.5224         12.5842       1443.6479       3780.4106        467.0481       4481.3521        270.4608       -188.8322       7293.6912    -117397.5467          4.7260          3.4068          0.4119          0.0104          0.0065          0.5795          0.3110          0.0000          1.9176          1.0948          1.9864          1.9338          2.7859        302.3523          0.0000    -906468.8054         18.8773

INFO:       3100          1.5500    -988587.0145   -1006200.6095      17613.5950         12.6072       1536.8533       3747.6833        479.0219       4497.3966        268.2841       -188.5696       7367.3419    -117444.9619          3.5022          2.9957          0.1983          0.0023          0.1885          0.1105          0.0068          0.0000          1.8979          1.1098          1.9510          1.8245          2.7384        300.6636          0.0000    -906467.1614         17.7279

INFO:       3150          1.5750    -988677.2207   -1006374.4805      17697.2598         12.5447       1453.1576       3760.9605        459.1338       4525.8865        264.3058       -202.2221       7284.5243    -117419.1729          3.4843          3.1184          0.0211          0.0484          0.0002          0.0211          0.2750          0.0000          1.8389          1.1270          1.9958          1.8432          2.7825        302.0918          0.0000    -906504.5384         18.1210

INFO:       3200          1.6000    -988624.9588   -1006262.8621      17637.9033         12.5685       1513.0329       3733.4179        473.2957       4498.7127        256.5742       -194.7226       7189.3597    -117223.7286          3.6814          2.0624          0.6133          0.0170          0.4690          0.5001          0.0196          0.0000          1.9317          1.0920          1.9259          1.9284          2.7441        301.0786          0.0000    -906512.4855         16.9103

INFO:       3250          1.6250    -988642.2422   -1006257.6972      17615.4550         12.5436       1443.1891       3813.3779        468.1777       4489.8674        281.4743       -186.4087       7086.2549    -117161.2831          1.5827          0.9494          0.4523          0.0114          0.0964          0.0392          0.0340          0.0000          1.9207          1.1157          1.9634          1.8775          2.7117        300.6954          0.0000    -906493.9294         17.0214

INFO:       3300          1.6500    -988637.8369   -1006146.2996      17508.4627         12.6335       1534.0176       3735.6202        480.3271       4504.7350        249.4121       -176.4413       7206.1043    -117170.2938          3.3988          1.3007          0.3316          0.0072          1.5230          0.1799          0.0562          0.0000          1.7958          1.0965          1.8710          1.8153          2.7538        298.8690          0.0000    -906513.1796         20.7387

INFO:       3350          1.6750    -988660.0429   -1006277.9812      17617.9383         12.5769       1488.0999       3697.3650        462.0018       4480.4415        268.8445       -188.4902       7163.3170    -117140.3364          2.0633          1.3049          0.6180          0.0438          0.0829          0.0079          0.0057          0.0000          1.9320          1.1259          1.9656          1.8666          2.7377        300.7378          0.0000    -906511.2876         17.4805

INFO:       3400          1.7000    -988626.0360   -1006301.4511      17675.4151         12.6250       1521.8926       3732.3264        471.8080       4478.9497        266.4331       -183.6470       7178.4263    -117254.3217          2.6360          1.4841          0.9576          0.0002          0.0017          0.0217          0.1707          0.0000          1.9513          1.1066          1.9903          1.8724          2.7714        301.7189          0.0000    -906515.9544         14.1211

INFO:       3450          1.7250    -988588.9629   -1006159.0927      17570.1298         12.5788       1457.6505       3832.0178        470.3138       4483.0082        288.9516       -175.9568       7287.6991    -117311.8690          2.4499          2.4026          0.0009          0.0123          0.0026          0.0312          0.0003          0.0000          1.8564          1.1161          1.9893          1.8754          2.7317        299.9217          0.0000    -906493.3578         15.5610

INFO:       3500          1.7500    -988633.6372   -1006225.8029      17592.1656         12.5663       1469.3482       3763.5707        457.6256       4443.7223        255.7542       -180.7970       7380.8379    -117312.0445          3.9581          2.4197          0.0005          0.0364          0.0317          1.4492          0.0205          0.0000          1.8557          1.0859          1.9766          1.9781          2.7444        300.2978          0.0000    -906507.7785         13.2440

INFO:       3550          1.7750    -988623.5679   -1006298.2244      17674.6564         12.6527       1515.3318       3752.6121        482.4307       4448.8854        256.4351       -187.7497       7186.9491    -117249.3339          3.4615          2.6853          0.3271          0.0373          0.3173          0.0529          0.0415          0.0000          1.9106          1.1243          1.9381          1.8807          2.7505        301.7060          0.0000    -906507.2464         14.7490

INFO:       3600          1.8000    -988605.0099   -1006202.9062      17597.8963         12.5649       1458.6539       3757.3838        476.6475       4511.7692        274.5254       -196.2480       7164.7106    -117145.8885          4.3185          2.8564          0.7667          0.0000          0.0264          0.4168          0.2523          0.0000          1.9410          1.1045          2.0106          1.7931          2.7803        300.3957          0.0000    -906508.7786         15.8146

INFO:       3650          1.8250    -988639.4774   -1006115.5186      17476.0412         12.6317       1493.5930       3773.1238        482.2753       4497.7223        270.0394       -195.0703       7234.1516    -117174.2453          2.8499          2.1396          0.0083          0.0576          0.0012          0.5602          0.0830          0.0000          1.8443          1.0810          1.9910          1.9325          2.7589        298.3156          0.0000    -906499.9584         16.8535

INFO:       3700          1.8500    -988619.0610   -1006288.2822      17669.2212         12.6020       1428.8314       3865.5229        470.1775       4481.7530        273.3608       -191.4422       7157.3842    -117272.4613          2.5701          1.9099          0.0237          0.0438          0.0192          0.3735          0.2000          0.0000          1.8688          1.1259          2.0083          1.9188          2.7748        301.6132          0.0000    -906503.9785         17.4078

INFO:       3750          1.8750    -988614.1243   -1006184.9455      17570.8212         12.6190       1496.9432       3762.1977        468.1096       4478.6182        260.0581       -204.2532       7232.8737    -117207.0161          2.2623          1.9036          0.2532          0.0002          0.0637          0.0152          0.0263          0.0000          1.9037          1.1035          1.9692          1.8454          2.7463        299.9335          0.0000    -906474.7389         17.1908

INFO:       3800          1.9000    -988624.8416   -1006439.1516      17814.3099         12.5345       1490.7512       3769.4865        471.1797       4481.1531        282.7766       -196.5482       7148.5227    -117401.7264          1.7350          1.1352          0.0132          0.0302          0.5489          0.0003          0.0072          0.0000          1.8649          1.0876          1.9203          1.8561          2.7216        304.0898          0.0000    -906486.4818         17.0432

INFO:       3850          1.9250    -988609.5621   -1006137.9877      17528.4256         12.6413       1529.8265       3786.4171        475.4610       4475.8178        275.3689       -181.4703       7325.5121    -117352.8714          1.2219          0.7306          0.3667          0.0606          0.0409          0.0032          0.0198          0.0000          1.9140          1.1296          2.0146          1.8634          2.7442        299.2098          0.0000    -906473.2713         12.9547

INFO:       3900          1.9500    -988609.2725   -1006126.7350      17517.4626         12.6584       1589.3445       3816.8931        480.6941       4463.9198        264.7608       -177.9687       7434.5336    -117499.9753          0.5730          0.4770          0.0687          0.0000          0.0150          0.0122          0.0000          0.0000          1.8796          1.1043          2.0067          1.8688          2.7300        299.0227          0.0000    -906499.5100         15.3087

INFO:       3950          1.9750    -988561.9039   -1006188.9528      17627.0489         12.5597       1496.1311       3822.1920        477.7434       4478.0579        250.8057       -188.1431       7334.1342    -117363.3313          1.0881          0.1745          0.0082          0.0153          0.6970          0.0983          0.0947          0.0000          1.8624          1.1174          1.9109          1.8891          2.7609        300.8933          0.0000    -906497.6308         15.1354

INFO:       4000          2.0000    -988606.5121   -1006319.0231      17712.5110         12.6512       1456.4884       3865.1226        465.8994       4476.4641        288.5688       -194.7033       7445.4709    -117624.2073          1.7693          0.7832          0.2182          0.1688          0.5592          0.0157          0.0242          0.0000          1.9001          1.1461          1.9196          1.8452          2.7457        302.3521          0.0000    -906499.8959         13.1868

 
[STEP6] Deallocate Arrays
 
Output_Time> Averaged timer profile (Min, Max)
  total time      =   27376.434
    setup         =      13.279
    dynamics      =   27363.155
      energy      =   27360.739
      integrator  =       8.292
      pairlist    =       4.849 (       4.144,       5.213)
  energy           
    bond          =       0.043 (       0.040,       0.051)
    angle         =       0.134 (       0.128,       0.138)
    dihedral      =       0.405 (       0.350,       0.439)
    nonbond       =      37.032 (      36.370,      37.480)
      pme real    =      37.031 (      36.369,      37.480)
      pme recip   =       0.000 (       0.000,       0.000)
    solvation     =       0.000 (       0.000,       0.000)
      polar       =       0.000 (       0.000,       0.000)
      non-polar   =       0.000 (       0.000,       0.000)
    restraint     =       0.022 (       0.019,       0.027)
    qmmm          =   27312.607 (   27311.265,   27312.990)
  integrator       
    constraint    =       4.642 (       4.548,       4.707)
    update        =       0.000 (       0.000,       0.000)
    comm_coord    =       0.000 (       0.000,       0.000)
    comm_force    =       0.000 (       0.000,       0.000)
    comm_migrate  =       0.000 (       0.000,       0.000)

Note: The following floating-point exceptions are signalling: IEEE_DIVIDE_BY_ZERO IEEE_UNDERFLOW_FLAG IEEE_DENORMAL
Note: The following floating-point exceptions are signalling: IEEE_DIVIDE_BY_ZERO IEEE_UNDERFLOW_FLAG IEEE_DENORMAL
Note: The following floating-point exceptions are signalling: IEEE_DIVIDE_BY_ZERO IEEE_UNDERFLOW_FLAG IEEE_DENORMAL
Note: The following floating-point exceptions are signalling: IEEE_INVALID_FLAG IEEE_DIVIDE_BY_ZERO IEEE_UNDERFLOW_FLAG IEEE_DENORMAL
Note: The following floating-point exceptions are signalling: IEEE_DIVIDE_BY_ZERO IEEE_UNDERFLOW_FLAG IEEE_DENORMAL
Note: The following floating-point exceptions are signalling: IEEE_DIVIDE_BY_ZERO IEEE_UNDERFLOW_FLAG IEEE_DENORMAL
Note: The following floating-point exceptions are signalling: IEEE_INVALID_FLAG IEEE_DIVIDE_BY_ZERO IEEE_UNDERFLOW_FLAG IEEE_DENORMAL
Note: The following floating-point exceptions are signalling: IEEE_INVALID_FLAG IEEE_DIVIDE_BY_ZERO IEEE_UNDERFLOW_FLAG IEEE_DENORMAL
Note: The following floating-point exceptions are signalling: IEEE_DIVIDE_BY_ZERO IEEE_UNDERFLOW_FLAG IEEE_DENORMAL
Note: The following floating-point exceptions are signalling: IEEE_DIVIDE_BY_ZERO IEEE_UNDERFLOW_FLAG IEEE_DENORMAL
Note: The following floating-point exceptions are signalling: IEEE_DIVIDE_BY_ZERO IEEE_UNDERFLOW_FLAG IEEE_DENORMAL
Note: The following floating-point exceptions are signalling: IEEE_DIVIDE_BY_ZERO IEEE_UNDERFLOW_FLAG IEEE_DENORMAL
Note: The following floating-point exceptions are signalling: IEEE_DIVIDE_BY_ZERO IEEE_UNDERFLOW_FLAG IEEE_DENORMAL
Note: The following floating-point exceptions are signalling: IEEE_DIVIDE_BY_ZERO IEEE_UNDERFLOW_FLAG IEEE_DENORMAL
Note: The following floating-point exceptions are signalling: IEEE_DIVIDE_BY_ZERO IEEE_UNDERFLOW_FLAG IEEE_DENORMAL
Note: The following floating-point exceptions are signalling: IEEE_INVALID_FLAG IEEE_DIVIDE_BY_ZERO IEEE_UNDERFLOW_FLAG IEEE_DENORMAL
Note: The following floating-point exceptions are signalling: IEEE_DIVIDE_BY_ZERO IEEE_UNDERFLOW_FLAG IEEE_DENORMAL
Note: The following floating-point exceptions are signalling: IEEE_DIVIDE_BY_ZERO IEEE_UNDERFLOW_FLAG IEEE_DENORMAL
Note: The following floating-point exceptions are signalling: IEEE_DIVIDE_BY_ZERO IEEE_UNDERFLOW_FLAG IEEE_DENORMAL
Note: The following floating-point exceptions are signalling: IEEE_DIVIDE_BY_ZERO IEEE_UNDERFLOW_FLAG IEEE_DENORMAL
Note: The following floating-point exceptions are signalling: IEEE_DIVIDE_BY_ZERO IEEE_UNDERFLOW_FLAG IEEE_DENORMAL
Note: The following floating-point exceptions are signalling: IEEE_DIVIDE_BY_ZERO IEEE_UNDERFLOW_FLAG IEEE_DENORMAL
Note: The following floating-point exceptions are signalling: IEEE_DIVIDE_BY_ZERO IEEE_UNDERFLOW_FLAG IEEE_DENORMAL
Note: The following floating-point exceptions are signalling: IEEE_DIVIDE_BY_ZERO IEEE_UNDERFLOW_FLAG IEEE_DENORMAL
Note: The following floating-point exceptions are signalling: IEEE_DIVIDE_BY_ZERO IEEE_UNDERFLOW_FLAG IEEE_DENORMAL
Note: The following floating-point exceptions are signalling: IEEE_DIVIDE_BY_ZERO IEEE_UNDERFLOW_FLAG IEEE_DENORMAL
Note: The following floating-point exceptions are signalling: IEEE_DIVIDE_BY_ZERO IEEE_UNDERFLOW_FLAG IEEE_DENORMAL
Note: The following floating-point exceptions are signalling: IEEE_DIVIDE_BY_ZERO IEEE_UNDERFLOW_FLAG IEEE_DENORMAL
Note: The following floating-point exceptions are signalling: IEEE_DIVIDE_BY_ZERO IEEE_UNDERFLOW_FLAG IEEE_DENORMAL
Note: The following floating-point exceptions are signalling: IEEE_DIVIDE_BY_ZERO IEEE_UNDERFLOW_FLAG IEEE_DENORMAL
Note: The following floating-point exceptions are signalling: IEEE_DIVIDE_BY_ZERO IEEE_UNDERFLOW_FLAG IEEE_DENORMAL
Note: The following floating-point exceptions are signalling: IEEE_DIVIDE_BY_ZERO IEEE_UNDERFLOW_FLAG IEEE_DENORMAL
