(10.0.17.27:0,1,2,3,4,5,6,7)
(10.0.17.28:8,9,10,11,12,13,14,15)
(10.0.17.29:16,17,18,19,20,21,22,23)
(10.0.17.30:24,25,26,27,28,29,30,31)

[0] MPI startup(): libfabric version: 1.7.2a-impi
[0] MPI startup(): libfabric provider: psm2
[0] MPI startup(): Rank    Pid      Node name    Pin cpu
[0] MPI startup(): 0       161769   cx1115.obcx  {0,1,2,3,4,5,6}
[0] MPI startup(): 1       161770   cx1115.obcx  {7,8,9,10,11,12,13}
[0] MPI startup(): 2       161771   cx1115.obcx  {14,15,16,17,18,19,20}
[0] MPI startup(): 3       161772   cx1115.obcx  {21,22,23,24,25,26,27}
[0] MPI startup(): 4       161773   cx1115.obcx  {28,29,30,31,32,33,34}
[0] MPI startup(): 5       161774   cx1115.obcx  {35,36,37,38,39,40,41}
[0] MPI startup(): 6       161775   cx1115.obcx  {42,43,44,45,46,47,48}
[0] MPI startup(): 7       161776   cx1115.obcx  {49,50,51,52,53,54,55}
[0] MPI startup(): 8       163222   cx1116.obcx  {0,1,2,3,4,5,6}
[0] MPI startup(): 9       163223   cx1116.obcx  {7,8,9,10,11,12,13}
[0] MPI startup(): 10      163224   cx1116.obcx  {14,15,16,17,18,19,20}
[0] MPI startup(): 11      163225   cx1116.obcx  {21,22,23,24,25,26,27}
[0] MPI startup(): 12      163226   cx1116.obcx  {28,29,30,31,32,33,34}
[0] MPI startup(): 13      163227   cx1116.obcx  {35,36,37,38,39,40,41}
[0] MPI startup(): 14      163228   cx1116.obcx  {42,43,44,45,46,47,48}
[0] MPI startup(): 15      163229   cx1116.obcx  {49,50,51,52,53,54,55}
[0] MPI startup(): 16      34860    cx1117.obcx  {0,1,2,3,4,5,6}
[0] MPI startup(): 17      34861    cx1117.obcx  {7,8,9,10,11,12,13}
[0] MPI startup(): 18      34862    cx1117.obcx  {14,15,16,17,18,19,20}
[0] MPI startup(): 19      34863    cx1117.obcx  {21,22,23,24,25,26,27}
[0] MPI startup(): 20      34864    cx1117.obcx  {28,29,30,31,32,33,34}
[0] MPI startup(): 21      34865    cx1117.obcx  {35,36,37,38,39,40,41}
[0] MPI startup(): 22      34866    cx1117.obcx  {42,43,44,45,46,47,48}
[0] MPI startup(): 23      34867    cx1117.obcx  {49,50,51,52,53,54,55}
[0] MPI startup(): 24      15430    cx1118.obcx  {0,1,2,3,4,5,6}
[0] MPI startup(): 25      15431    cx1118.obcx  {7,8,9,10,11,12,13}
[0] MPI startup(): 26      15432    cx1118.obcx  {14,15,16,17,18,19,20}
[0] MPI startup(): 27      15433    cx1118.obcx  {21,22,23,24,25,26,27}
[0] MPI startup(): 28      15434    cx1118.obcx  {28,29,30,31,32,33,34}
[0] MPI startup(): 29      15435    cx1118.obcx  {35,36,37,38,39,40,41}
[0] MPI startup(): 30      15436    cx1118.obcx  {42,43,44,45,46,47,48}
[0] MPI startup(): 31      15437    cx1118.obcx  {49,50,51,52,53,54,55}
[0] MPI startup(): I_MPI_OFI_LIBRARY_INTERNAL=1
[0] MPI startup(): I_MPI_ROOT=/work/opt/local/cores/intel/impi/2019.5.281
[0] MPI startup(): I_MPI_HYDRA_BOOTSTRAP_EXEC=/usr/local/bin/pjrsh4calc
[0] MPI startup(): I_MPI_HYDRA_BOOTSTRAP_AUTOFORK=0
[0] MPI startup(): I_MPI_HYDRA_TOPOLIB=hwloc
[0] MPI startup(): I_MPI_HYDRA_HOST_FILE=/work/00/hp200098/o30000/tim/tim5/b3lypD3.rpath1/4.equil2_ob/.d0000793831_nodeinfo
[0] MPI startup(): I_MPI_PERHOST=8
[0] MPI startup(): I_MPI_INTERNAL_MEM_POLICY=default
[0] MPI startup(): I_MPI_DEBUG=5
****************************************************
*                                                  *
*                  GENESIS ATDYN                   *
*                                                  *
*        A Molecular Dynamics Simulator with       *
*            Atomic Decomposition Scheme           *
*                                                  *
*               Developed by RIKEN                 *
*                                                  *
****************************************************
 
[STEP0] Architecture and Compiler Information
 
GENESIS_Information> GENESIS Information
  version      = 1.6.0
  commit ID    = $GENESIS_VERSION$
  precision    = double
  nonbonding   = CPU

Build_Information> Compiler Information
  build host   = o30000@obcx03.obcx
  fortran      = GNU Fortran (GCC) 7.5.0
  option       = -O3 -ffast-math -march=native -ffree-line-length-none -fopenmp 
  C            = gcc (GCC) 7.5.0
  option       = -O3 -ffast-math -march=native -fopenmp
  defined var. =  -DMPI -DOMP -DFFTE -DLAPACK -DDSFMT_MEXP=19937 -D__GFORTRAN__
  link option  = -L/work/hp200098/share/local/lib -fopenmp -lmkl_scalapack_lp64 -lmkl_blacs_intelmpi_lp64 -lmkl_intel_lp64 -lmkl_intel_thread -lmkl_core -liomp5 -lpthread -lm 

Runtime_Information> Machine and Library Information
  date       = 2021/02/05 18:01:12
  cpu model    = Intel(R) Xeon(R) Platinum 8280 CPU @ 2.70GHz
  exec. host   = o30000@cx1115.obcx
  LD library   = /work/hp200098/share/local/lib:/work/opt/local/cores/intel/compilers_and_libraries_2019.5.281/linux/tbb/lib/intel64_lin/gcc4.7:/work/opt/local/cores/intel/compilers_and_libraries_2019.5.281/linux/compiler/lib/intel64_lin:/work/opt/local/cores/intel/compilers_and_libraries_2019.5.281/linux/mkl/lib/intel64_lin:/work/opt/local/cores/intel/impi/2019.5.281/intel64/libfabric/lib:/work/opt/local/cores/intel/impi/2019.5.281/intel64/lib/release:/work/opt/local/cores/intel/impi/2019.5.281/intel64/lib:/work/opt/local/cores/gcc/7.5.0/lib64

[STEP1] Read Control Parameters
 
Read_Ctrl_Input> Input Files
  topfile = toppar/top_all36_prot.rtf, toppar/top_all36_cgenff.rtf
  parfile = toppar/par_all36_prot.prm, toppar/par_all36_cgenff.prm
  strfile = toppar/toppar_water_ions.str, toppar/toppar_dhap.3.str
  psffile = ../../2.equil/step4_nvt_100.psf
  pdbfile = ../../2.equil/step4_nvt_100.pdb
  rstfile = ../3.equil1/equil1_6.rst
  reffile = ../../2.equil/step4_nvt_100.pdb
 
Read_Ctrl_Output> Output Files
  dcdfile    = equil2_6.dcd
  rstfile    = equil2_6.rst
 
Read_Ctrl_Energy> Parameters of Energy Calculations
  forcefield      =     CHARMM
  switchdist      =     16.000  cutoffdist      =     18.000
  pairlistdist    =     19.500  dielec_const    =      1.000
  vdW force_switch=        yes
  electrostatic   =  CUTOFF
  implicit_solvent=       none
  table_order     =          3
  table_density   =     20.000
  water_model     =       NONE
  output_style    =    GENESIS
  dispersion_corr =       none
  nonb_limiter    =      no
 
Read_Ctrl_Dynamics> Parameters of MD simulation
  integrator      =       VVER  nsteps          =       4000
  timestep        =     0.0005  initial_time    =     0.0000
  eneout_period   =         50  rstout_period   =         50
  crdout_period   =         50  velout_period   =          0
  nbupdate_period =         10  stoptr_period   =         10
  iseed           =   20190319
  annealing       =         no
  verbose         =         no
  target_md       =         no
  steered_md      =         no
  esp_mm          =         no
 
Read_Ctrl_Constraints> Parameters for Constraints
  rigid_bond      =        yes
  shake_iteration =        500  shake_tolerance =  0.100E-09
  fast_water      =        yes  water_model     =       TIP3
  hydrogen_type   =  name|mass
  noshake_index   = 4  11  12  13
  fixatm_select_index        =       none
 
Read_Ctrl_Ensemble> Parameters for Ensemble
  ensemble        =        NVT
  temperature     =    300.000
  tpcontrol       =      BUSSI
  tau_t           =      0.500
 
Read_Ctrl_Boundary> Parameters of Boundary Condition
  type            =       NOBC
  spherical_pot   =        yes  restart         =          T
  center_info     =       read  modify_ratio    =      1.000
  constant        =     10.000  exponent        =          2
  fixatom         =          T  fix_layer       =      1.000
 
Read_Ctrl_Selection> Parameters of Selection
  # of groups     =         13
    group 1 = sid:DHA or (sid:TIMA and (rno:95 or rno:165) and          not (an:CA  | an:C   | an:O   | an:N | an:HN | an:HA))
    group 2 = atomno:1900 or atomno:5687
    group 3 = atomno:1442
    group 4 = atomno:1443
    group 5 = atomno:2559
    group 6 = atomno:2560
    group 7 = atomno:7583
    group 8 = atomno:7584
    group 9 = atomno:7585
    group 10 = atomno:7586
    group 11 = atomno:7587
    group 12 = atomno:7588
    group 13 = atomno:7589
  # of mole names =          0
 
Read_Ctrl_Restraints> Parameters of Restraint
  numfunc         =   6
  function1 = POSI     
    direction     = ALL 
    constant      = 10.0
    reference     = 
    select_index  = 2
    mode          =   0
    exponent      =   2
    exponent_dist = 
    weight_dist   = 

  function2 = DIST     
    constant      = 100.0
    reference     = 2.0495
    select_index  = 6  12
    mode          =   0
    exponent      =   2
    exponent_dist = 
    weight_dist   = 

  function3 = DIST     
    constant      = 100.0
    reference     = 1.0966
    select_index  = 9  12
    mode          =   0
    exponent      =   2
    exponent_dist = 
    weight_dist   = 

  function4 = DIST     
    constant      = 100.0
    reference     = 1.9342
    select_index  = 5  11
    mode          =   0
    exponent      =   2
    exponent_dist = 
    weight_dist   = 

  function5 = DIST     
    constant      = 100.0
    reference     = 1.8577
    select_index  = 8   4
    mode          =   0
    exponent      =   2
    exponent_dist = 
    weight_dist   = 

  function6 = DIST     
    constant      = 100.0
    reference     = 2.7322
    select_index  = 3  11
    mode          =   0
    exponent      =   2
    exponent_dist = 
    weight_dist   = 

  pressure_position   = NO
  pressure_rmsd     = NO

Read_Ctrl_Fitting_MD> Parameters of Fitting
  fitting method  =  TR+ROT   
  fitting atom    = group1
  mass_weight     =         no
 
Read_Ctrl_QMMM> Parameters of QM/MM
  qmtyp              = qsimulate
  qmcnt              = qsimulate.json
  qmexe              = 
  workdir            = equil2_6
  savedir            = none
  basename           = job
  qmsave_period      = 500
  qmmaxtrial         = 1
  qmatm_select_index = 1
  exclude_charge     = GROUP
 
[STEP2] Setup MPI
 
Setup_Mpi_Md> Summary of Setup MPI
  number of MPI processes   =         32
  number of OpenMP threads  =          7
  total number of CPU cores =        224

[STEP3] Set Relevant Variables and Structures
 
Input_Top> Summary of Topfile
  num_atom_class  =        212  num_resi_type   =        685
 
Input_Par> Summary of Parfile
  num_bonds       =        658  num_angles      =       2003
  num_dihedrals   =       4838  num_impropers   =        163
  num_atom_cls    =        212  num_nbfix       =         75
  num_cmap_terms  =          6
 
Input_Str> Summary of Top information
  num_atom_class  =        227  num_resi_type   =        700
 
Input_Str> Summary of Par information
  num_bonds       =        663  num_angles      =       2006
  num_dihedrals   =       4850  num_impropers   =        163
  num_atom_cls    =        227  num_nbfix       =         90
  num_cmap_terms  =          6
 
Read_Psf> Summary of Psffile
  psftype         =      xplor
  num_atoms       =      37226  num_bonds       =      37288
  num_angles      =      23768  num_dihedrals   =      20268
  num_impropers   =       1292  num_cmap_terms  =        494
  num_HB_donors   =      20596  num_HB_acceptors=      10610
  num_NB_exclusion=          0  num_groups      =      12168
  total_charge    =    -10.000
 
Check_Pdb> 6-column residue sequence number
 
Read_Pdb> Summary of Data in PDB file
  num_atoms       =      37226
 
Read_Rst_Binary> Summary of RST file
  num_atoms       =      37226  iseed           =   20190319
  boxsize (x,y,z) =      0.000     0.000     0.000
  spherical_pot     =      yes
  nfunctions                 2  num_fixatm              9645
  num_of_qm_charge          35

Define_Molecule> Summary of molecules
  num_atoms       =      37226  num_bonds       =      37288
  num_angles      =      23768  num_dihedrals   =      20268
  num_impropers   =       1292  num_cmap_terms  =        494
  num_residues    =      10370  num_molecules   =       9878
  num_segments    =          6  num_deg_freedom =     111678
  total_charge    =    -10.000
 
Setup_Boundary> Setup Variables for Boundary Condition
  origin(x,y,z)   =      0.000     0.000     0.000
  nfunctions      =        2
    center(x,y,z) =     17.000     0.000     0.000
    radius        =     35.000
    constant      =     10.000
    exponent      =          2
    center(x,y,z) =    -17.000     0.000     0.000
    radius        =     35.000
    constant      =     10.000
    exponent      =          2

  num_fixatm      =     9645

 
Random_Init> Initialize the random number
  seed            = 20190319

Setup_QMMM> Setup QM region
  QM assignment info
  1435 TIMA     95 HSE    CB   CT2    assigned to QM atom    1 of element: C     6
  1436 TIMA     95 HSE    HB1  HA2    assigned to QM atom    2 of element: H     1
  1437 TIMA     95 HSE    HB2  HA2    assigned to QM atom    3 of element: H     1
  1438 TIMA     95 HSE    ND1  NR2    assigned to QM atom    4 of element: N     7
  1439 TIMA     95 HSE    CG   CPH1   assigned to QM atom    5 of element: C     6
  1440 TIMA     95 HSE    CE1  CPH2   assigned to QM atom    6 of element: C     6
  1441 TIMA     95 HSE    HE1  HR1    assigned to QM atom    7 of element: H     1
  1442 TIMA     95 HSE    NE2  NR1    assigned to QM atom    8 of element: N     7
  1443 TIMA     95 HSE    HE2  H      assigned to QM atom    9 of element: H     1
  1444 TIMA     95 HSE    CD2  CPH1   assigned to QM atom   10 of element: C     6
  1445 TIMA     95 HSE    HD2  HR3    assigned to QM atom   11 of element: H     1
  2552 TIMA    165 GLU    CB   CT2A   assigned to QM atom   12 of element: C     6
  2553 TIMA    165 GLU    HB1  HA2    assigned to QM atom   13 of element: H     1
  2554 TIMA    165 GLU    HB2  HA2    assigned to QM atom   14 of element: H     1
  2555 TIMA    165 GLU    CG   CT2    assigned to QM atom   15 of element: C     6
  2556 TIMA    165 GLU    HG1  HA2    assigned to QM atom   16 of element: H     1
  2557 TIMA    165 GLU    HG2  HA2    assigned to QM atom   17 of element: H     1
  2558 TIMA    165 GLU    CD   CC     assigned to QM atom   18 of element: C     6
  2559 TIMA    165 GLU    OE1  OC     assigned to QM atom   19 of element: O     8
  2560 TIMA    165 GLU    OE2  OC     assigned to QM atom   20 of element: O     8
  7575 DHA     249 DHAP   P    PG2    assigned to QM atom   21 of element: P    15
  7576 DHA     249 DHAP   O1P  OG303  assigned to QM atom   22 of element: O     8
  7577 DHA     249 DHAP   O2P  OG2P1  assigned to QM atom   23 of element: O     8
  7578 DHA     249 DHAP   O3P  OG2P1  assigned to QM atom   24 of element: O     8
  7579 DHA     249 DHAP   O4P  OG2P1  assigned to QM atom   25 of element: O     8
  7580 DHA     249 DHAP   C1   CG321  assigned to QM atom   26 of element: C     6
  7581 DHA     249 DHAP   H11  HGA2   assigned to QM atom   27 of element: H     1
  7582 DHA     249 DHAP   H12  HGA2   assigned to QM atom   28 of element: H     1
  7583 DHA     249 DHAP   C2   CG2O5  assigned to QM atom   29 of element: C     6
  7584 DHA     249 DHAP   O2   OG2D3  assigned to QM atom   30 of element: O     8
  7585 DHA     249 DHAP   C3   CG321  assigned to QM atom   31 of element: C     6
  7586 DHA     249 DHAP   O3   OG311  assigned to QM atom   32 of element: O     8
  7587 DHA     249 DHAP   HO3  HGP1   assigned to QM atom   33 of element: H     1
  7588 DHA     249 DHAP   H31  HGA2   assigned to QM atom   34 of element: H     1
  7589 DHA     249 DHAP   H32  HGA2   assigned to QM atom   35 of element: H     1
  number of QM atoms = 35
 
  QM charges retreived from rstfile.
 

Generate_LinkAtoms> QM-MM interface info. Link hydrogen is set between:
              [ QM atom ]             -             [ MM atom ]
  1435 TIMA     95 HSE    CB   CT2    -   1433 TIMA     95 HSE    CA   CT1   
                                          1431 TIMA     95 HSE    N    NH1    excluded
                                          1432 TIMA     95 HSE    HN   H      excluded
                                          1434 TIMA     95 HSE    HA   HB1    excluded
  2552 TIMA    165 GLU    CB   CT2A   -   2550 TIMA    165 GLU    CA   CT1   
                                          2548 TIMA    165 GLU    N    NH1    excluded
                                          2549 TIMA    165 GLU    HN   H      excluded
                                          2551 TIMA    165 GLU    HA   HB1    excluded

  number of link atoms           = 2
  number of external MM charges  = 37183


  Check the input file for QSimulate [ qsimulate.json ]
Setup_Enefunc_Cmap_Par> Natural spline is used to derive cmap coefs.

Setup_Enefunc_Table> Setup Variables for LookupTable
  num_solutes     =      37226  num_waters      =          0

Setup_Enefunc_Restraint> Setup restraint groups
 group =     1, "sid:DHA or (sid:TIMA and (rno:95 or rno:165) and          not (an:CA  | an:C   | an:O   | an:N | an:HN | an:HA))"
 # of atoms =    35
 atomlist: 
   1435   1436   1437   1438   1439   1440   1441   1442   1443   1444
   1445   2552   2553   2554   2555   2556   2557   2558   2559   2560
   7575   7576   7577   7578   7579   7580   7581   7582   7583   7584
   7585   7586   7587   7588   7589
 group =     2, "atomno:1900 or atomno:5687"
 # of atoms =     2
 atomlist: 
   1900   5687
 group =     3, "atomno:1442"
 # of atoms =     1
 atomlist: 
   1442
 group =     4, "atomno:1443"
 # of atoms =     1
 atomlist: 
   1443
 group =     5, "atomno:2559"
 # of atoms =     1
 atomlist: 
   2559
 group =     6, "atomno:2560"
 # of atoms =     1
 atomlist: 
   2560
 group =     7, "atomno:7583"
 # of atoms =     1
 atomlist: 
   7583
 group =     8, "atomno:7584"
 # of atoms =     1
 atomlist: 
   7584
 group =     9, "atomno:7585"
 # of atoms =     1
 atomlist: 
   7585
 group =    10, "atomno:7586"
 # of atoms =     1
 atomlist: 
   7586
 group =    11, "atomno:7587"
 # of atoms =     1
 atomlist: 
   7587
 group =    12, "atomno:7588"
 # of atoms =     1
 atomlist: 
   7588
 group =    13, "atomno:7589"
 # of atoms =     1
 atomlist: 
   7589
Setup_Enefunc_Restraint> Setup restraint functions
 func  =     1 kind  =     1
 const(total, x, y, z) =   10.000   1.000   1.000   1.000
 exponend of function =     2
 # of groups  =     1
 grouplist:   2

 func  =     2 kind  =     2
 const             =  100.000
 ref               =    2.050
 exponend of function =     2
 # of distances  =     1
 distancelist: 
 group = (  6, 12) weight =    1.000 exponent =     1

 func  =     3 kind  =     2
 const             =  100.000
 ref               =    1.097
 exponend of function =     2
 # of distances  =     1
 distancelist: 
 group = (  9, 12) weight =    1.000 exponent =     1

 func  =     4 kind  =     2
 const             =  100.000
 ref               =    1.934
 exponend of function =     2
 # of distances  =     1
 distancelist: 
 group = (  5, 11) weight =    1.000 exponent =     1

 func  =     5 kind  =     2
 const             =  100.000
 ref               =    1.858
 exponend of function =     2
 # of distances  =     1
 distancelist: 
 group = (  8,  4) weight =    1.000 exponent =     1

 func  =     6 kind  =     2
 const             =  100.000
 ref               =    2.732
 exponend of function =     2
 # of distances  =     1
 distancelist: 
 group = (  3, 11) weight =    1.000 exponent =     1

Define_Enefunc_CHARMM> Number of Interactions in Each Term
  bond_ene        =      37255  angle_ene       =      23717
  urey_ene        =       6639
  torsion_ene     =      23862  improper_ene    =       1285
  cmap_ene        =        494
  restraint_groups=         13  restraint_funcs =          6
 
Setup_Fitting_Atdyn> NO fitting is applied, skip
  fitting method  =  NO

Update_Num_Deg_Freedom> Number of degrees of freedom was updated
  num_deg_freedom =      82743 (After setup of fixed atoms at boundary)
 
Remove_Fixatm> Modified Interactions
  bond_ene        =      27610  angle_ene       =      20502
  urey_ene        =       6639
  torsion_ene     =      23862  improper_ene    =       1285
 
Setup_Constraints> The following atoms are excluded from SHAKE:
    1443    7587    7588    7589
Setup_Settle> Setup constraints for SETTLE
  num_unconsbonds =       7633      num_Settle  =       6659
  r0(O-H)         =     0.9572  mass(O)         =    15.9994
  r0(H-H)         =     1.5139  mass(H)         =     1.0080
 
Setup_Shake> Setup constrains for SHAKE and RATTLE
  num_unconsbonds =       3837  num_rigid_bonds =       3796
 
  num_qm_rigid_bonds =         10
 
Update_Num_Deg_Freedom> Number of degrees of freedom was updated
  num_deg_freedom =      62766 (After setup of SETTLE)
 
Update_Num_Deg_Freedom> Number of degrees of freedom was updated
  num_deg_freedom =      58960 (After setup of SHAKE/RATTLE)
 
[STEP4] Compute Single Point Energy for Molecules
 
            STEP            BOND           ANGLE    UREY-BRADLEY        DIHEDRAL        IMPROPER            CMAP         VDWAALS           ELECT    RESTRAINT001    RESTRAINT002    RESTRAINT003    RESTRAINT004    RESTRAINT005    RESTRAINT006    RESTR_CVS001    RESTR_CVS002    RESTR_CVS003    RESTR_CVS004    RESTR_CVS005    RESTR_CVS006              QM            SPOT
 --------------- --------------- --------------- --------------- ---------------
               0       1566.9332       3685.5697        476.5052       4486.4924        275.5462       -191.4062       6952.6320    -116885.3626          4.8759          0.1648          0.0002          0.1567          0.0379          0.2140          0.0000          2.0901          1.0978          1.9738          1.8382          2.7785    -906475.9507         16.2864

[STEP5] Perform Molecular Dynamics Simulation
 
INFO:       STEP            TIME       TOTAL_ENE   POTENTIAL_ENE     KINETIC_ENE            RMSG            BOND           ANGLE    UREY-BRADLEY        DIHEDRAL        IMPROPER            CMAP         VDWAALS           ELECT RESTRAINT_TOTAL    RESTRAINT001    RESTRAINT002    RESTRAINT003    RESTRAINT004    RESTRAINT005    RESTRAINT006    RESTR_CVS001    RESTR_CVS002    RESTR_CVS003    RESTR_CVS004    RESTR_CVS005    RESTR_CVS006     TEMPERATURE          VOLUME              QM            SPOT
 --------------- --------------- --------------- --------------- ---------------
INFO:         50          0.0250    -988388.0812   -1006221.9351      17833.8539         12.5099       1476.8304       3681.7581        467.1085       4502.8432        261.5136       -186.4905       7093.6486    -117081.5736          5.4000          5.2331          0.1050          0.0008          0.0036          0.0166          0.0408          0.0000          2.0819          1.0995          1.9282          1.8448          2.7524        304.4235          0.0000    -906442.9733         12.4011

INFO:        100          0.0500    -988418.6305   -1006132.8656      17714.2351         12.5778       1500.5220       3720.1279        461.7391       4500.5775        259.0359       -188.2572       7091.8389    -117022.5994          5.3285          3.7259          0.0103          0.0004          0.6643          0.0468          0.8809          0.0000          2.0393          1.0947          1.8527          1.8361          2.8261        302.3816          0.0000    -906461.1789         17.4516

INFO:        150          0.0750    -988451.5398   -1006077.7392      17626.1993         12.5201       1468.9896       3749.1301        454.5306       4464.7951        275.3631       -180.4215       7152.6966    -117024.7241          3.8329          2.9788          0.5641          0.0163          0.0116          0.1415          0.1206          0.0000          2.1246          1.1094          1.9450          1.8953          2.7669        300.8788          0.0000    -906441.9315         15.4502

INFO:        200          0.1000    -988396.6200   -1006168.5562      17771.9363         12.5856       1499.8238       3802.0829        457.7054       4498.3476        253.9183       -189.9953       7123.6107    -117210.0290          3.1713          2.1475          0.2698          0.0037          0.2629          0.1168          0.3706          0.0000          2.1014          1.1026          1.9855          1.8919          2.7931        303.3665          0.0000    -906407.1921         11.0159

INFO:        250          0.1250    -988365.2717   -1006093.7121      17728.4404         12.5802       1518.1733       3744.9575        462.1466       4488.0309        273.6819       -187.6529       7063.0398    -117025.5571          2.1184          1.7718          0.0001          0.0006          0.1369          0.0217          0.1873          0.0000          2.0485          1.0941          1.8972          1.8430          2.7755        302.6241          0.0000    -906432.6506         14.1745

INFO:        300          0.1500    -988401.5240   -1006074.7376      17673.2136         12.5433       1470.0661       3716.8671        457.8566       4482.8693        263.6695       -191.8350       7152.3732    -116976.7634          2.3917          2.2990          0.0623          0.0046          0.0091          0.0114          0.0052          0.0000          2.0745          1.1034          1.9438          1.8470          2.7394        301.6813          0.0000    -906452.2326         13.8313

INFO:        350          0.1750    -988439.2616   -1006112.8966      17673.6350         12.5602       1445.1308       3743.3482        454.9121       4493.4685        267.4633       -190.9627       7143.3920    -117035.8052          3.4737          2.0665          0.0124          0.0015          0.8376          0.5552          0.0005          0.0000          2.0384          1.1005          1.8427          1.7832          2.7299        301.6885          0.0000    -906437.3173         18.3976

INFO:        400          0.2000    -988438.0325   -1006133.2437      17695.2112         12.6003       1535.9317       3668.8881        455.5809       4508.3967        252.4528       -195.5356       7054.5945    -116968.0587          4.8267          2.6115          0.4250          0.0086          0.0134          0.7064          1.0617          0.0000          2.1147          1.1059          1.9458          1.9417          2.6292        302.0568          0.0000    -906450.3207         16.2992

INFO:        450          0.2250    -988500.3484   -1006027.3727      17527.0244         12.5480       1519.5080       3747.3635        456.6312       4497.3149        292.5415       -200.9495       6901.8277    -116789.2000          3.6563          2.7417          0.0525          0.0029          0.1801          0.4251          0.2540          0.0000          2.0724          1.0912          1.9766          1.9229          2.7826        299.1859          0.0000    -906456.0662         15.9307

INFO:        500          0.2500    -988457.1699   -1006193.1135      17735.9436         12.5778       1461.2560       3759.7310        459.3099       4486.5138        271.1351       -195.8999       6903.0348    -116888.0355          4.8369          2.9272          0.0752          0.0008          1.3355          0.1058          0.3923          0.0000          2.0769          1.0995          1.8186          1.8902          2.7948        302.7521          0.0000    -906454.9955         15.3238

INFO:        550          0.2750    -988478.1613   -1006126.7181      17648.5569         12.5232       1484.7891       3687.3993        469.7759       4522.4429        282.7377       -189.4921       6988.8344    -116933.5637          3.8293          3.1292          0.0004          0.0000          0.0000          0.1508          0.5489          0.0000          2.0515          1.0970          1.9337          1.8965          2.8063        301.2604          0.0000    -906443.4707         17.7315

INFO:        600          0.3000    -988455.7981   -1006041.8172      17586.0191         12.5804       1448.2494       3754.1693        457.1676       4532.3474        276.9358       -192.3472       7118.1203    -116975.9149          4.2228          3.4300          0.0034          0.0008          0.0080          0.3890          0.3916          0.0000          2.0553          1.0994          1.9432          1.9201          2.7948        300.1929          0.0000    -906464.7677         15.6437

INFO:        650          0.3250    -988401.1775   -1006056.4851      17655.3077         12.5737       1507.5730       3796.1537        465.6822       4520.3738        277.6148       -199.4032       7165.9060    -117124.6914          4.5479          4.3821          0.0013          0.0001          0.1074          0.0385          0.0185          0.0000          2.0531          1.0955          1.9670          1.8773          2.7458        301.3757          0.0000    -906470.2420         18.1837

INFO:        700          0.3500    -988455.8698   -1006095.5120      17639.6422         12.5404       1536.5931       3772.0118        456.6733       4505.8208        258.1672       -200.9772       7154.9577    -117117.1678          6.8617          5.7829          0.2451          0.0092          0.5889          0.0597          0.1759          0.0000          2.0990          1.1062          1.8575          1.8821          2.7741        301.1083          0.0000    -906468.4526         19.9727

INFO:        750          0.3750    -988443.2234   -1006204.5662      17761.3428         12.5311       1427.8200       3755.4861        463.7254       4492.8222        267.2730       -187.4820       7139.9662    -117156.8917          7.2750          7.1497          0.0035          0.0459          0.0631          0.0093          0.0035          0.0000          2.0555          1.1180          1.9593          1.8673          2.7263        303.1857          0.0000    -906414.5602         14.0368

INFO:        800          0.4000    -988449.7023   -1006074.8169      17625.1146         12.6003       1518.6894       3644.4387        467.1727       4502.3040        269.2340       -191.0857       7285.5909    -117115.4349          7.8820          6.3666          0.0580          0.0215          0.9193          0.1789          0.3378          0.0000          2.0736          1.1113          1.8383          1.8154          2.7903        300.8603          0.0000    -906463.6081         12.7667

INFO:        850          0.4250    -988496.7653   -1006100.6851      17603.9197         12.6467       1546.9002       3694.3701        462.0637       4499.9935        261.4905       -186.1969       7224.8700    -117177.2569          6.0182          5.6153          0.0035          0.0179          0.0461          0.2218          0.1135          0.0000          2.0436          1.0832          1.9127          1.8106          2.6985        300.4985          0.0000    -906432.9376         17.2178

INFO:        900          0.4500    -988523.0714   -1006200.4523      17677.3809         12.5838       1547.7775       3732.4189        460.1169       4486.4078        268.3625       -188.9096       7234.0584    -117293.4436          6.1029          5.4029          0.2884          0.0219          0.2648          0.1210          0.0040          0.0000          2.1032          1.1114          1.8827          1.8925          2.7385        301.7525          0.0000    -906453.3442         14.4865

INFO:        950          0.4750    -988494.6950   -1006125.4875      17630.7924         12.5902       1514.0645       3747.1223        458.4659       4524.4545        282.8582       -181.1306       7237.4681    -117242.5757          5.2100          5.1568          0.0152          0.0130          0.0119          0.0043          0.0088          0.0000          2.0372          1.1080          1.9451          1.8642          2.7416        300.9572          0.0000    -906471.4246         15.5221

INFO:       1000          0.5000    -988529.4709   -1006277.1165      17747.6456         12.5219       1482.9940       3693.1496        460.7321       4493.4543        268.2517       -181.1340       7190.0711    -117249.4315          6.3424          5.7847          0.0638          0.0011          0.1752          0.2581          0.0595          0.0000          2.0748          1.0933          1.8923          1.8069          2.7566        302.9519          0.0000    -906441.5461         19.8235

INFO:       1050          0.5250    -988536.8295   -1006216.3395      17679.5101         12.5640       1475.9943       3686.4048        446.6046       4491.6031        262.8301       -182.1827       7227.3489    -117166.7902          5.7942          5.5213          0.1953          0.0008          0.0460          0.0168          0.0139          0.0000          2.0053          1.0937          1.9127          1.8707          2.7440        301.7888          0.0000    -906463.9466         13.2936

INFO:       1100          0.5500    -988573.1668   -1006222.6940      17649.5272         12.5944       1508.4512       3653.8487        468.0964       4495.0400        260.0581       -183.9108       7162.1162    -117142.3539          5.5465          4.9813          0.0592          0.0203          0.2857          0.0701          0.1299          0.0000          2.0252          1.1109          1.8808          1.8842          2.6962        301.2770          0.0000    -906449.5865         15.1702

INFO:       1150          0.5750    -988598.6785   -1006103.8806      17505.2021         12.5650       1465.9964       3753.6328        459.6940       4479.0732        269.3713       -181.2636       7129.2408    -117040.5430          5.1854          3.9290          0.0148          0.0010          0.0000          0.9887          0.2519          0.0000          2.0373          1.0998          1.9346          1.9571          2.7824        298.8134          0.0000    -906444.2679         13.7318

INFO:       1200          0.6000    -988620.7900   -1006155.4680      17534.6780         12.5614       1489.6676       3752.4193        456.0200       4469.3136        265.4229       -180.4516       7057.8601    -117036.9723          3.8101          3.0822          0.1739          0.0168          0.0009          0.5171          0.0192          0.0000          2.0912          1.0837          1.9312          1.9296          2.7461        299.3165          0.0000    -906432.5577         16.8117

INFO:       1250          0.6250    -988603.3050   -1006091.6445      17488.3395         12.5591       1501.5684       3713.9693        466.0509       4529.1100        273.2127       -176.1738       6979.1067    -116930.2320          3.5303          2.3646          0.4457          0.0318          0.0305          0.1381          0.5195          0.0000          2.1163          1.1144          1.9517          1.8205          2.8043        298.5255          0.0000    -906451.7870         12.3934

INFO:       1300          0.6500    -988672.1156   -1006319.8468      17647.7312         12.5302       1442.7232       3710.4524        462.3238       4538.2396        267.4947       -183.9898       7003.2628    -117096.1006          3.1497          2.1064          0.0555          0.0285          0.6034          0.3555          0.0005          0.0000          2.0731          1.1135          1.8565          1.7981          2.7344        301.2463          0.0000    -906467.4026         20.9882

INFO:       1350          0.6750    -988656.4335   -1006373.9115      17717.4780         12.5450       1451.9900       3660.5857        453.6175       4507.1883        262.6143       -175.3870       6986.8722    -117067.5370          2.4995          1.6190          0.0023          0.0804          0.3892          0.1769          0.2318          0.0000          2.0447          1.0683          1.8718          1.8998          2.6841        302.4369          0.0000    -906456.3549         24.0103

INFO:       1400          0.7000    -988656.0264   -1006410.5314      17754.5050         12.5256       1462.4910       3658.3259        444.2158       4502.6389        270.0067       -177.9245       7017.1344    -117102.4389          2.3054          1.3050          0.7185          0.0553          0.2173          0.0001          0.0091          0.0000          2.1343          1.1201          1.8876          1.8565          2.7227        303.0690          0.0000    -906487.2860         27.2504

INFO:       1450          0.7250    -988676.0342   -1006218.5157      17542.4815         12.5941       1505.0158       3742.4993        454.4756       4509.1748        262.4127       -173.8320       7218.4835    -117276.7193          3.5009          3.0178          0.2592          0.0325          0.1454          0.0266          0.0194          0.0000          2.1004          1.1146          1.9723          1.8414          2.7183        299.4497          0.0000    -906463.5271         27.5067

INFO:       1500          0.7500    -988663.2235   -1006306.5730      17643.3495         12.5547       1496.6871       3712.8534        474.6184       4498.6826        274.4939       -182.5099       7119.4914    -117245.9188          4.3901          3.0582          0.4360          0.0488          0.8306          0.0044          0.0120          0.0000          2.1155          1.0745          1.8431          1.8510          2.7212        301.1716          0.0000    -906459.3612         30.9210

INFO:       1550          0.7750    -988634.7496   -1006166.1880      17531.4384         12.6305       1501.2977       3674.0378        469.3790       4526.7097        267.4268       -173.4785       7293.7400    -117248.2912          2.7932          2.2977          0.0624          0.0448          0.0149          0.3287          0.0448          0.0000          2.0745          1.1178          1.9464          1.9150          2.7534        299.2612          0.0000    -906479.8026         23.0860

INFO:       1600          0.8000    -988622.3896   -1006271.6994      17649.3098         12.5597       1495.1572       3651.9415        460.1496       4521.3400        287.7522       -170.1910       7331.8923    -117380.7563          2.7902          2.1148          0.0103          0.0047          0.0010          0.6523          0.0071          0.0000          2.0394          1.1034          1.9374          1.7769          2.7238        301.2733          0.0000    -906471.7750         19.6392

INFO:       1650          0.8250    -988621.5775   -1006379.3488      17757.7713         12.5627       1462.1703       3704.1095        460.0188       4507.8038        257.8034       -176.7468       7339.1975    -117466.1200          3.6021          2.4136          0.7078          0.0372          0.0822          0.1883          0.1731          0.0000          2.1336          1.0773          1.9629          1.8143          2.7738        303.1247          0.0000    -906471.1875          9.3996

INFO:       1700          0.8500    -988632.4763   -1006273.9233      17641.4469         12.5554       1438.0799       3682.2185        460.3352       4508.2542        292.8019       -181.6250       7429.2725    -117419.2900          2.7544          2.3215          0.0406          0.0301          0.2693          0.0920          0.0010          0.0000          2.0696          1.1139          1.8823          1.8274          2.7291        301.1391          0.0000    -906486.7249         10.5547

INFO:       1750          0.8750    -988599.3491   -1006299.4289      17700.0797         12.5591       1530.9000       3635.1554        458.3672       4491.3461        263.0843       -177.2645       7379.1171    -117418.3195          2.7762          2.1549          0.1907          0.0167          0.0630          0.1014          0.2495          0.0000          2.0932          1.1095          1.9593          1.8895          2.6822        302.1399          0.0000    -906464.5912         11.4100

INFO:       1800          0.9000    -988579.7904   -1006194.0073      17614.2169         12.5854       1454.4060       3806.1928        470.9112       4537.1249        271.1972       -190.4368       7352.2951    -117444.4038          3.5641          2.4861          0.2945          0.0593          0.5113          0.2094          0.0035          0.0000          2.1038          1.0722          1.8627          1.9035          2.7381        300.6743          0.0000    -906454.8580         15.8318

INFO:       1850          0.9250    -988609.9698   -1006335.7832      17725.8133         12.5258       1455.8080       3768.5875        467.5151       4509.2148        257.6435       -199.7447       7246.9479    -117386.2483          2.5698          2.3260          0.0165          0.0018          0.1421          0.0351          0.0481          0.0000          2.0366          1.1009          1.8965          1.8764          2.7103        302.5792          0.0000    -906458.0768         14.4000

INFO:       1900          0.9500    -988657.5830   -1006329.2501      17671.6671         12.6297       1472.6694       3775.9551        460.0830       4525.4537        266.2701       -185.0347       7211.8053    -117393.4413          2.7021          2.3335          0.0010          0.0251          0.1737          0.0231          0.1458          0.0000          2.0464          1.1124          1.8925          1.8425          2.7704        301.6549          0.0000    -906465.7128         18.0031

INFO:       1950          0.9750    -988675.5844   -1006348.9167      17673.3323         12.5453       1488.9436       3680.2207        465.9684       4524.1269        256.0007       -183.4819       7206.0104    -117298.9120          4.8711          2.8328          1.2266          0.0086          0.0885          0.6874          0.0273          0.0000          2.1603          1.0873          1.9045          1.9406          2.7157        301.6834          0.0000    -906492.6645         12.5689

INFO:       2000          1.0000    -988714.5499   -1006411.4758      17696.9259         12.5659       1465.1341       3659.1108        460.7650       4509.5540        268.4196       -186.9238       7185.0629    -117311.7937          2.8761          2.4298          0.0487          0.0111          0.0348          0.1295          0.2221          0.0000          2.0274          1.1071          1.9155          1.8217          2.7793        302.0861          0.0000    -906463.6807         13.1389

INFO:       2050          1.0250    -988646.1349   -1006296.5021      17650.3672         12.5212       1454.8587       3713.8726        464.8317       4518.8693        276.7566       -199.9787       7224.6682    -117268.0494          2.5572          2.0026          0.0447          0.0858          0.2535          0.1636          0.0069          0.0000          2.0707          1.1259          1.9846          1.8982          2.7405        301.2913          0.0000    -906484.8882         15.4693

INFO:       2100          1.0500    -988653.2420   -1006297.9698      17644.7277         12.6199       1483.7530       3760.6534        468.5441       4496.2586        277.1912       -201.7403       7273.4690    -117380.0597          5.1329          2.6882          0.0018          0.0225          0.6767          1.4752          0.2684          0.0000          2.0452          1.0816          1.8519          1.9792          2.7840        301.1951          0.0000    -906481.1720         11.6141

INFO:       2150          1.0750    -988666.2700   -1006288.1532      17621.8832         12.5318       1476.3384       3678.4701        476.0794       4525.7675        263.1661       -200.1084       7228.3635    -117241.9505          4.5036          3.3649          0.3633          0.0750          0.2101          0.2296          0.2607          0.0000          2.1098          1.1240          1.8884          1.9056          2.7833        300.8051          0.0000    -906498.7830         13.9634

INFO:       2200          1.1000    -988655.8873   -1006292.0760      17636.1887         12.5956       1489.8376       3689.9254        470.6690       4476.9453        268.8036       -188.4045       7238.5814    -117237.2925          4.6245          4.0869          0.0024          0.0516          0.0107          0.4555          0.0174          0.0000          2.0446          1.1193          1.9238          1.9252          2.7454        301.0493          0.0000    -906505.7658         14.4268

INFO:       2250          1.1250    -988696.1355   -1006332.6775      17636.5420         12.5526       1499.2838       3657.9168        470.1274       4497.9017        271.1708       -202.9781       7315.6375    -117357.3952          5.5459          4.0995          0.2316          0.0852          0.2800          0.6459          0.2036          0.0000          2.0976          1.0674          1.8813          1.9381          2.6871        301.0553          0.0000    -906489.8881         10.3422

INFO:       2300          1.1500    -988682.9345   -1006380.8062      17697.8717         12.5493       1506.8877       3696.7773        465.9933       4493.2236        249.3790       -202.4540       7291.3693    -117387.2343          5.5671          3.5624          1.0732          0.0573          0.0588          0.3582          0.4572          0.0000          2.1531          1.1205          1.9584          1.7979          2.6646        302.1022          0.0000    -906500.3153         13.4099

INFO:       2350          1.1750    -988628.3053   -1006131.5860      17503.2808         12.5557       1466.0673       3785.8000        462.5442       4547.2260        234.1817       -202.2157       7347.9543    -117280.1904          6.5966          4.6066          0.0044          0.0578          0.7853          1.1151          0.0273          0.0000          2.0428          1.1206          1.8456          1.7521          2.7487        298.7806          0.0000    -906499.5499         16.3492

INFO:       2400          1.2000    -988599.9064   -1006145.6297      17545.7233         12.5169       1462.1061       3762.1986        475.0862       4509.6645        293.8350       -201.6496       7241.8573    -117224.2393          8.3355          5.9796          0.8324          0.1228          0.7595          0.5770          0.0642          0.0000          2.1407          1.0616          1.8471          1.9337          2.7069        299.5051          0.0000    -906472.8240         17.5040

INFO:       2450          1.2250    -988593.3271   -1006243.1618      17649.8346         12.5897       1497.5846       3686.2102        448.8431       4498.6178        257.5059       -206.6174       7285.6869    -117245.0012          4.5467          3.9737          0.4605          0.0230          0.0025          0.0344          0.0527          0.0000          2.1174          1.1118          1.9392          1.8762          2.7551        301.2823          0.0000    -906470.5382         18.8005

INFO:       2500          1.2500    -988637.5708   -1006366.6405      17729.0696         12.5101       1499.4252       3730.6769        469.1819       4505.2660        250.8418       -198.8279       7158.8698    -117290.3982          4.0104          2.8971          0.5761          0.0313          0.3601          0.1311          0.0148          0.0000          2.1254          1.1143          1.9942          1.8215          2.7200        302.6348          0.0000    -906495.6864         18.5477

INFO:       2550          1.2750    -988649.6259   -1006286.1085      17636.4826         12.5792       1495.0222       3730.8237        446.6375       4516.0165        255.3190       -188.4971       7111.7342    -117184.6493          7.3031          3.7326          0.4991          0.1035          0.0041          2.6685          0.2953          0.0000          2.1201          1.0644          1.9406          2.0211          2.7865        301.0543          0.0000    -906475.8183          8.7263

INFO:       2600          1.3000    -988596.1860   -1006391.8943      17795.7083         12.5451       1449.5398       3706.2537        453.1476       4490.3375        254.2189       -197.0685       7058.7827    -117126.9442          8.0802          5.6218          0.0455          0.0942          2.2124          0.0603          0.0461          0.0000          2.0708          1.1273          1.7855          1.8823          2.7537        303.7723          0.0000    -906488.2419          8.0704

INFO:       2650          1.3250    -988570.0897   -1006140.0387      17569.9490         12.5664       1496.6361       3694.7322        477.4810       4503.2741        265.8622       -187.6945       7104.5062    -117054.9112          8.1332          5.8254          0.0003          0.0134          0.8736          1.3860          0.0344          0.0000          2.0513          1.1082          2.0277          1.9754          2.7508        299.9186          0.0000    -906448.0580         13.7606

INFO:       2700          1.3500    -988565.7642   -1006160.6818      17594.9176         12.5764       1445.2605       3750.2150        457.4188       4504.9743        242.9229       -196.1267       7110.6858    -116998.6838          6.7754          5.5499          0.2150          0.0985          0.8911          0.0046          0.0163          0.0000          2.0959          1.0652          1.8398          1.8509          2.7194        300.3448          0.0000    -906484.1238         10.3262

INFO:       2750          1.3750    -988605.8139   -1006211.4770      17605.6631         12.5622       1461.7368       3741.1141        466.7629       4494.5692        281.0358       -203.7428       7082.1463    -117049.6431          5.7587          4.8981          0.0372          0.0840          0.1849          0.3829          0.1716          0.0000          2.0302          1.1256          1.8912          1.7958          2.7736        300.5282          0.0000    -906491.2149         18.3227

INFO:       2800          1.4000    -988629.4901   -1006139.2684      17509.7783         12.5253       1486.3443       3693.7517        453.3871       4509.0492        263.0734       -191.9425       7128.4691    -117010.0447          4.6992          3.9812          0.5669          0.0209          0.0102          0.0937          0.0263          0.0000          2.1248          1.1110          1.9443          1.8883          2.7160        298.8915          0.0000    -906476.0553         21.4858

INFO:       2850          1.4250    -988655.0662   -1006353.3625      17698.2963         12.4730       1480.6644       3686.3611        451.4889       4510.7489        262.7151       -195.4769       7054.8501    -117137.4628          4.3008          3.9319          0.1448          0.0995          0.0028          0.0743          0.0474          0.0000          2.0876          1.0651          1.9289          1.8850          2.7104        302.1095          0.0000    -906471.5520         14.4835

INFO:       2900          1.4500    -988629.1157   -1006124.8398      17495.7241         12.5696       1472.3453       3777.1837        478.4931       4530.0862        259.3436       -201.6705       7190.5228    -117156.7538          3.8897          2.9942          0.0938          0.1468          0.0107          0.1529          0.4914          0.0000          2.0801          1.1349          1.9446          1.8186          2.8023        298.6516          0.0000    -906478.2799         22.2330

INFO:       2950          1.4750    -988622.4190   -1006347.8081      17725.3891         12.5959       1476.6749       3729.0914        470.1518       4541.5443        264.0922       -193.9310       7259.5829    -117439.9721          1.6848          1.2862          0.0025          0.0003          0.3443          0.0016          0.0499          0.0000          2.0545          1.0983          1.9929          1.8617          2.7545        302.5720          0.0000    -906456.7276         17.3585

INFO:       3000          1.5000    -988655.9528   -1006235.6007      17579.6479         12.5761       1458.9272       3708.2362        458.5279       4519.3444        269.6410       -192.8042       7062.3620    -117061.7896          2.3308          1.2972          0.3755          0.0583          0.0119          0.0000          0.5879          0.0000          2.1108          1.0725          1.9233          1.8574          2.8089        300.0842          0.0000    -906460.3765         13.7791

INFO:       3050          1.5250    -988617.3834   -1006196.8857      17579.5022         12.5308       1492.8532       3708.5571        466.2241       4497.8307        251.0342       -190.1544       7007.4446    -116946.8348          2.8548          1.7135          0.1057          0.1162          0.1182          0.1681          0.6331          0.0000          2.0820          1.1307          1.8998          1.8987          2.8118        300.0817          0.0000    -906486.6951         15.2297

INFO:       3100          1.5500    -988600.5989   -1006109.6839      17509.0850         12.4689       1503.6573       3755.3548        468.5714       4488.1575        272.0522       -196.4651       6796.7358    -116720.8862          2.9370          2.2076          0.2594          0.0005          0.2815          0.1260          0.0619          0.0000          2.1004          1.0943          1.8811          1.8932          2.7571        298.8797          0.0000    -906479.7987         14.4684

INFO:       3150          1.5750    -988683.7111   -1006194.4391      17510.7281         12.5009       1478.2568       3752.6960        465.0075       4517.8140        268.0494       -200.4660       6780.7059    -116788.1586          2.7378          2.2448          0.0785          0.0377          0.1189          0.1763          0.0816          0.0000          2.0215          1.0772          1.8997          1.8997          2.7608        298.9077          0.0000    -906471.0820         12.3337

INFO:       3200          1.6000    -988627.9672   -1006145.7340      17517.7668         12.5198       1464.5308       3726.8899        460.6995       4514.0204        264.4939       -196.5394       7049.4065    -116974.3513          3.9084          1.9671          0.6487          0.1888          1.0498          0.0410          0.0129          0.0000          2.1300          1.1401          1.8317          1.8780          2.7208        299.0279          0.0000    -906458.7927         12.2785

INFO:       3250          1.6250    -988641.8580   -1006127.9456      17486.0876         12.5483       1442.4770       3740.7668        468.7398       4503.4062        275.8700       -204.5406       7108.4964    -116980.8809          1.5837          1.1270          0.0487          0.0140          0.0000          0.2034          0.1906          0.0000          2.0716          1.0848          1.9344          1.9028          2.7759        298.4871          0.0000    -906483.8641         11.9274

INFO:       3300          1.6500    -988643.9008   -1006163.5790      17519.6782         12.5472       1438.6860       3718.2021        463.4799       4503.1583        275.4974       -198.6117       7188.7398    -117082.7076          1.4218          1.1463          0.1391          0.0371          0.0031          0.0557          0.0404          0.0000          2.0868          1.0773          1.9398          1.8341          2.7523        299.0605          0.0000    -906471.4448         15.8143

INFO:       3350          1.6750    -988668.8907   -1006401.6911      17732.8004         12.5568       1470.9200       3655.2659        463.4283       4509.0228        277.1682       -199.6347       7233.4478    -117345.0905          1.9064          1.5103          0.0085          0.1422          0.0048          0.0056          0.2349          0.0000          2.0587          1.1343          1.9273          1.8652          2.7807        302.6985          0.0000    -906468.1253         12.8059

INFO:       3400          1.7000    -988637.1170   -1006377.1584      17740.0414         12.5276       1475.0468       3651.1647        474.8908       4494.8494        243.4505       -198.5123       7253.2084    -117320.0262          3.0163          2.7923          0.0163          0.0007          0.0238          0.0766          0.1067          0.0000          2.0623          1.0993          1.9188          1.8300          2.7649        302.8221          0.0000    -906454.2468         11.2898

INFO:       3450          1.7250    -988604.7394   -1006229.2960      17624.5565         12.5879       1466.5750       3775.1913        473.2371       4497.7319        259.5593       -197.2866       7299.9955    -117364.8542          4.7676          4.1325          0.0395          0.0532          0.0472          0.3952          0.0999          0.0000          2.0694          1.0735          1.9559          1.9206          2.7638        300.8508          0.0000    -906444.2128         14.2647

INFO:       3500          1.7500    -988651.9072   -1006247.7726      17595.8654         12.6096       1495.1372       3816.7742        455.3323       4485.6402        246.2363       -195.3372       7336.6534    -117432.1022          5.0284          3.9100          0.3664          0.1517          0.0059          0.2269          0.3673          0.0000          2.1100          1.1356          1.9419          1.9053          2.7928        300.3610          0.0000    -906461.1352         11.9020

INFO:       3550          1.7750    -988649.4650   -1006323.2909      17673.8260         12.5544       1488.0931       3815.0246        459.1627       4471.0162        271.7635       -207.0236       7199.0109    -117354.7848          2.7290          2.5746          0.0245          0.0018          0.0750          0.0314          0.0217          0.0000          2.0339          1.1009          1.9068          1.8400          2.7469        301.6918          0.0000    -906468.2825         14.3599

INFO:       3600          1.8000    -988643.4792   -1006346.8432      17703.3640         12.5982       1500.7747       3688.8863        467.8504       4504.5308        253.8329       -185.9238       7203.4238    -117321.0747          2.9909          1.7833          0.0649          0.0230          0.1370          0.4197          0.5629          0.0000          2.0750          1.0814          1.8972          1.7929          2.8072        302.1960          0.0000    -906462.1344         21.9329

INFO:       3650          1.8250    -988672.8327   -1006265.5641      17592.7314         12.5898       1478.5314       3633.6679        460.4261       4504.0394        252.7959       -186.2879       7239.4556    -117194.9803          2.1621          1.3571          0.3707          0.0159          0.0088          0.0068          0.4029          0.0000          1.9886          1.1092          1.9436          1.8659          2.7957        300.3075          0.0000    -906455.3743         14.8062

INFO:       3700          1.8500    -988659.1617   -1006313.4656      17654.3039         12.5913       1473.4493       3737.3988        458.9432       4462.1900        269.9670       -202.5385       7151.9594    -117211.3252          8.7158          4.9613          1.6886          0.0329          1.5427          0.0081          0.4820          0.0000          2.1794          1.1147          1.8100          1.8667          2.8016        301.3585          0.0000    -906462.2254         16.5258

INFO:       3750          1.8750    -988645.9357   -1006238.3908      17592.4552         12.5415       1508.2290       3767.0157        468.2597       4484.0026        245.2615       -212.1231       7109.1738    -117146.9677          8.4204          7.1256          0.0926          0.0117          0.0670          1.1171          0.0064          0.0000          2.0191          1.0858          1.9601          1.9634          2.7242        300.3028          0.0000    -906469.6628         10.6153

INFO:       3800          1.9000    -988657.5592   -1006168.9969      17511.4377         12.5886       1519.4367       3788.0847        455.7091       4495.0535        276.0459       -212.8392       7051.0234    -117078.7465          5.1232          4.8543          0.1540          0.0042          0.0677          0.0297          0.0132          0.0000          2.0887          1.1031          1.9602          1.8749          2.7207        298.9198          0.0000    -906467.8878         12.1921

INFO:       3850          1.9250    -988645.7848   -1006293.6852      17647.9003         12.6002       1515.8853       3736.9078        459.5789       4507.9416        258.9157       -200.9523       7133.7240    -117248.8311          3.5670          1.9808          0.0331          0.0067          0.0577          1.1696          0.3192          0.0000          2.0677          1.1048          1.9102          1.7496          2.7887        301.2492          0.0000    -906460.4221         14.9382

INFO:       3900          1.9500    -988648.3003   -1006110.5843      17462.2840         12.6225       1517.9262       3664.3611        458.0243       4505.0310        262.4083       -195.1691       7204.4244    -117081.7649          1.5879          1.3516          0.0109          0.0073          0.1745          0.0364          0.0072          0.0000          2.0599          1.1052          1.8924          1.8386          2.7407        298.0808          0.0000    -906447.4135         16.2830

INFO:       3950          1.9750    -988596.2918   -1006340.3501      17744.0583         12.5471       1456.7958       3666.8184        466.1434       4497.5272        258.2879       -193.1297       7198.1150    -117243.6884          4.3120          2.2472          0.0051          0.0106          0.1704          1.3397          0.5392          0.0000          2.0566          1.0863          1.8929          1.9734          2.8056        302.8906          0.0000    -906451.5319         14.2423

INFO:       4000          2.0000    -988642.9865   -1006381.0225      17738.0360         12.5730       1498.4038       3698.2893        438.3909       4520.8248        257.0844       -178.6690       7029.7248    -117192.5496          4.8969          3.3581          1.3627          0.0182          0.0136          0.0875          0.0568          0.0000          2.1662          1.1101          1.9225          1.8873          2.7084        302.7878          0.0000    -906457.4189         14.9801

 
[STEP6] Deallocate Arrays
 
Output_Time> Averaged timer profile (Min, Max)
  total time      =   27738.679
    setup         =      12.121
    dynamics      =   27726.558
      energy      =   27722.916
      integrator  =       8.314
      pairlist    =       4.868 (       4.188,       5.159)
  energy           
    bond          =       0.044 (       0.040,       0.054)
    angle         =       0.134 (       0.131,       0.139)
    dihedral      =       0.405 (       0.342,       0.473)
    nonbond       =      37.042 (      36.484,      37.632)
      pme real    =      37.041 (      36.483,      37.631)
      pme recip   =       0.000 (       0.000,       0.000)
    solvation     =       0.000 (       0.000,       0.000)
      polar       =       0.000 (       0.000,       0.000)
      non-polar   =       0.000 (       0.000,       0.000)
    restraint     =       0.021 (       0.019,       0.024)
    qmmm          =   27674.945 (   27673.613,   27675.322)
  integrator       
    constraint    =       4.661 (       4.541,       4.843)
    update        =       0.000 (       0.000,       0.000)
    comm_coord    =       0.000 (       0.000,       0.000)
    comm_force    =       0.000 (       0.000,       0.000)
    comm_migrate  =       0.000 (       0.000,       0.000)

Note: The following floating-point exceptions are signalling: IEEE_DIVIDE_BY_ZERO IEEE_UNDERFLOW_FLAG IEEE_DENORMALNote: The following floating-point exceptions are signalling: IEEE_DIVIDE_BY_ZERO IEEE_UNDERFLOW_FLAG IEEE_DENORMAL
Note: The following floating-point exceptions are signalling: IEEE_INVALID_FLAG IEEE_DIVIDE_BY_ZERO IEEE_UNDERFLOW_FLAG IEEE_DENORMAL
Note: The following floating-point exceptions are signalling: IEEE_DIVIDE_BY_ZERO IEEE_UNDERFLOW_FLAG IEEE_DENORMAL
Note: The following floating-point exceptions are signalling: IEEE_DIVIDE_BY_ZERO IEEE_UNDERFLOW_FLAG IEEE_DENORMAL

Note: The following floating-point exceptions are signalling: IEEE_DIVIDE_BY_ZERO IEEE_UNDERFLOW_FLAG IEEE_DENORMAL
Note: The following floating-point exceptions are signalling: IEEE_DIVIDE_BY_ZERO IEEE_UNDERFLOW_FLAG IEEE_DENORMAL
Note: The following floating-point exceptions are signalling: IEEE_DIVIDE_BY_ZERO IEEE_UNDERFLOW_FLAG IEEE_DENORMAL
Note: The following floating-point exceptions are signalling: IEEE_DIVIDE_BY_ZERO IEEE_UNDERFLOW_FLAG IEEE_DENORMAL
Note: The following floating-point exceptions are signalling: IEEE_DIVIDE_BY_ZERO IEEE_UNDERFLOW_FLAG IEEE_DENORMAL
Note: The following floating-point exceptions are signalling: IEEE_DIVIDE_BY_ZERO IEEE_UNDERFLOW_FLAG IEEE_DENORMAL
Note: The following floating-point exceptions are signalling: IEEE_DIVIDE_BY_ZERO IEEE_UNDERFLOW_FLAG IEEE_DENORMAL
Note: The following floating-point exceptions are signalling: IEEE_DIVIDE_BY_ZERO IEEE_UNDERFLOW_FLAG IEEE_DENORMAL
Note: The following floating-point exceptions are signalling: IEEE_DIVIDE_BY_ZERO IEEE_UNDERFLOW_FLAG IEEE_DENORMAL
Note: The following floating-point exceptions are signalling: IEEE_DIVIDE_BY_ZERO IEEE_UNDERFLOW_FLAG IEEE_DENORMALNote: The following floating-point exceptions are signalling: IEEE_DIVIDE_BY_ZERO IEEE_UNDERFLOW_FLAG IEEE_DENORMAL
Note: The following floating-point exceptions are signalling: IEEE_DIVIDE_BY_ZERO IEEE_UNDERFLOW_FLAGNote: The following floating-point exceptions are signalling: IEEE_DIVIDE_BY_ZERO IEEE_UNDERFLOW_FLAG IEEE_DENORMAL
Note: The following floating-point exceptions are signalling: IEEE_DIVIDE_BY_ZERO IEEE_UNDERFLOW_FLAG IEEE_DENORMAL
Note: The following floating-point exceptions are signalling: IEEE_DIVIDE_BY_ZERO IEEE_UNDERFLOW_FLAG IEEE_DENORMAL

Note: The following floating-point exceptions are signalling: IEEE_DIVIDE_BY_ZERO IEEE_UNDERFLOW_FLAG IEEE_DENORMAL
 IEEE_DENORMAL
Note: The following floating-point exceptions are signalling: IEEE_DIVIDE_BY_ZERO IEEE_UNDERFLOW_FLAG IEEE_DENORMALNote: The following floating-point exceptions are signalling: IEEE_DIVIDE_BY_ZERO IEEE_UNDERFLOW_FLAG IEEE_DENORMAL
Note: The following floating-point exceptions are signalling: IEEE_DIVIDE_BY_ZERO IEEE_UNDERFLOW_FLAG IEEE_DENORMAL

Note: The following floating-point exceptions are signalling: IEEE_DIVIDE_BY_ZERO IEEE_UNDERFLOW_FLAG IEEE_DENORMAL
Note: The following floating-point exceptions are signalling: IEEE_DIVIDE_BY_ZERO IEEE_UNDERFLOW_FLAG IEEE_DENORMAL
Note: The following floating-point exceptions are signalling: IEEE_DIVIDE_BY_ZERO IEEE_UNDERFLOW_FLAG IEEE_DENORMAL
Note: The following floating-point exceptions are signalling: IEEE_DIVIDE_BY_ZERO IEEE_UNDERFLOW_FLAG IEEE_DENORMAL
Note: The following floating-point exceptions are signalling: IEEE_DIVIDE_BY_ZERO IEEE_UNDERFLOW_FLAG IEEE_DENORMAL
Note: The following floating-point exceptions are signalling: IEEE_DIVIDE_BY_ZERO IEEE_UNDERFLOW_FLAG IEEE_DENORMAL
Note: The following floating-point exceptions are signalling: IEEE_DIVIDE_BY_ZERO IEEE_UNDERFLOW_FLAG IEEE_DENORMAL
Note: The following floating-point exceptions are signalling: IEEE_DIVIDE_BY_ZERO IEEE_UNDERFLOW_FLAG IEEE_DENORMAL
