(10.0.17.63:0,1,2,3,4,5,6,7)
(10.0.17.64:8,9,10,11,12,13,14,15)
(10.0.17.65:16,17,18,19,20,21,22,23)
(10.0.17.66:24,25,26,27,28,29,30,31)

[0] MPI startup(): libfabric version: 1.7.2a-impi
[0] MPI startup(): libfabric provider: psm2
[0] MPI startup(): Rank    Pid      Node name    Pin cpu
[0] MPI startup(): 0       129433   cx1151.obcx  {0,1,2,3,4,5,6}
[0] MPI startup(): 1       129434   cx1151.obcx  {7,8,9,10,11,12,13}
[0] MPI startup(): 2       129435   cx1151.obcx  {14,15,16,17,18,19,20}
[0] MPI startup(): 3       129436   cx1151.obcx  {21,22,23,24,25,26,27}
[0] MPI startup(): 4       129437   cx1151.obcx  {28,29,30,31,32,33,34}
[0] MPI startup(): 5       129438   cx1151.obcx  {35,36,37,38,39,40,41}
[0] MPI startup(): 6       129439   cx1151.obcx  {42,43,44,45,46,47,48}
[0] MPI startup(): 7       129440   cx1151.obcx  {49,50,51,52,53,54,55}
[0] MPI startup(): 8       124288   cx1152.obcx  {0,1,2,3,4,5,6}
[0] MPI startup(): 9       124289   cx1152.obcx  {7,8,9,10,11,12,13}
[0] MPI startup(): 10      124290   cx1152.obcx  {14,15,16,17,18,19,20}
[0] MPI startup(): 11      124291   cx1152.obcx  {21,22,23,24,25,26,27}
[0] MPI startup(): 12      124292   cx1152.obcx  {28,29,30,31,32,33,34}
[0] MPI startup(): 13      124293   cx1152.obcx  {35,36,37,38,39,40,41}
[0] MPI startup(): 14      124294   cx1152.obcx  {42,43,44,45,46,47,48}
[0] MPI startup(): 15      124295   cx1152.obcx  {49,50,51,52,53,54,55}
[0] MPI startup(): 16      197471   cx1153.obcx  {0,1,2,3,4,5,6}
[0] MPI startup(): 17      197472   cx1153.obcx  {7,8,9,10,11,12,13}
[0] MPI startup(): 18      197473   cx1153.obcx  {14,15,16,17,18,19,20}
[0] MPI startup(): 19      197474   cx1153.obcx  {21,22,23,24,25,26,27}
[0] MPI startup(): 20      197475   cx1153.obcx  {28,29,30,31,32,33,34}
[0] MPI startup(): 21      197476   cx1153.obcx  {35,36,37,38,39,40,41}
[0] MPI startup(): 22      197477   cx1153.obcx  {42,43,44,45,46,47,48}
[0] MPI startup(): 23      197478   cx1153.obcx  {49,50,51,52,53,54,55}
[0] MPI startup(): 24      258238   cx1154.obcx  {0,1,2,3,4,5,6}
[0] MPI startup(): 25      258239   cx1154.obcx  {7,8,9,10,11,12,13}
[0] MPI startup(): 26      258240   cx1154.obcx  {14,15,16,17,18,19,20}
[0] MPI startup(): 27      258241   cx1154.obcx  {21,22,23,24,25,26,27}
[0] MPI startup(): 28      258242   cx1154.obcx  {28,29,30,31,32,33,34}
[0] MPI startup(): 29      258243   cx1154.obcx  {35,36,37,38,39,40,41}
[0] MPI startup(): 30      258244   cx1154.obcx  {42,43,44,45,46,47,48}
[0] MPI startup(): 31      258245   cx1154.obcx  {49,50,51,52,53,54,55}
[0] MPI startup(): I_MPI_OFI_LIBRARY_INTERNAL=1
[0] MPI startup(): I_MPI_ROOT=/work/opt/local/cores/intel/impi/2019.5.281
[0] MPI startup(): I_MPI_HYDRA_BOOTSTRAP_EXEC=/usr/local/bin/pjrsh4calc
[0] MPI startup(): I_MPI_HYDRA_BOOTSTRAP_AUTOFORK=0
[0] MPI startup(): I_MPI_HYDRA_TOPOLIB=hwloc
[0] MPI startup(): I_MPI_HYDRA_HOST_FILE=/work/00/hp200098/o30000/tim/tim5/b3lypD3.rpath1/4.equil2_ob/.d0000793840_nodeinfo
[0] MPI startup(): I_MPI_PERHOST=8
[0] MPI startup(): I_MPI_INTERNAL_MEM_POLICY=default
[0] MPI startup(): I_MPI_DEBUG=5
****************************************************
*                                                  *
*                  GENESIS ATDYN                   *
*                                                  *
*        A Molecular Dynamics Simulator with       *
*            Atomic Decomposition Scheme           *
*                                                  *
*               Developed by RIKEN                 *
*                                                  *
****************************************************
 
[STEP0] Architecture and Compiler Information
 
GENESIS_Information> GENESIS Information
  version      = 1.6.0
  commit ID    = $GENESIS_VERSION$
  precision    = double
  nonbonding   = CPU

Build_Information> Compiler Information
  build host   = o30000@obcx03.obcx
  fortran      = GNU Fortran (GCC) 7.5.0
  option       = -O3 -ffast-math -march=native -ffree-line-length-none -fopenmp 
  C            = gcc (GCC) 7.5.0
  option       = -O3 -ffast-math -march=native -fopenmp
  defined var. =  -DMPI -DOMP -DFFTE -DLAPACK -DDSFMT_MEXP=19937 -D__GFORTRAN__
  link option  = -L/work/hp200098/share/local/lib -fopenmp -lmkl_scalapack_lp64 -lmkl_blacs_intelmpi_lp64 -lmkl_intel_lp64 -lmkl_intel_thread -lmkl_core -liomp5 -lpthread -lm 

Runtime_Information> Machine and Library Information
  date       = 2021/02/05 18:01:20
  cpu model    = Intel(R) Xeon(R) Platinum 8280 CPU @ 2.70GHz
  exec. host   = o30000@cx1151.obcx
  LD library   = /work/hp200098/share/local/lib:/work/opt/local/cores/intel/compilers_and_libraries_2019.5.281/linux/tbb/lib/intel64_lin/gcc4.7:/work/opt/local/cores/intel/compilers_and_libraries_2019.5.281/linux/compiler/lib/intel64_lin:/work/opt/local/cores/intel/compilers_and_libraries_2019.5.281/linux/mkl/lib/intel64_lin:/work/opt/local/cores/intel/impi/2019.5.281/intel64/libfabric/lib:/work/opt/local/cores/intel/impi/2019.5.281/intel64/lib/release:/work/opt/local/cores/intel/impi/2019.5.281/intel64/lib:/work/opt/local/cores/gcc/7.5.0/lib64

[STEP1] Read Control Parameters
 
Read_Ctrl_Input> Input Files
  topfile = toppar/top_all36_prot.rtf, toppar/top_all36_cgenff.rtf
  parfile = toppar/par_all36_prot.prm, toppar/par_all36_cgenff.prm
  strfile = toppar/toppar_water_ions.str, toppar/toppar_dhap.3.str
  psffile = ../../2.equil/step4_nvt_100.psf
  pdbfile = ../../2.equil/step4_nvt_100.pdb
  rstfile = ../3.equil1/equil1_15.rst
  reffile = ../../2.equil/step4_nvt_100.pdb
 
Read_Ctrl_Output> Output Files
  dcdfile    = equil2_15.dcd
  rstfile    = equil2_15.rst
 
Read_Ctrl_Energy> Parameters of Energy Calculations
  forcefield      =     CHARMM
  switchdist      =     16.000  cutoffdist      =     18.000
  pairlistdist    =     19.500  dielec_const    =      1.000
  vdW force_switch=        yes
  electrostatic   =  CUTOFF
  implicit_solvent=       none
  table_order     =          3
  table_density   =     20.000
  water_model     =       NONE
  output_style    =    GENESIS
  dispersion_corr =       none
  nonb_limiter    =      no
 
Read_Ctrl_Dynamics> Parameters of MD simulation
  integrator      =       VVER  nsteps          =       4000
  timestep        =     0.0005  initial_time    =     0.0000
  eneout_period   =         50  rstout_period   =         50
  crdout_period   =         50  velout_period   =          0
  nbupdate_period =         10  stoptr_period   =         10
  iseed           =   20190319
  annealing       =         no
  verbose         =         no
  target_md       =         no
  steered_md      =         no
  esp_mm          =         no
 
Read_Ctrl_Constraints> Parameters for Constraints
  rigid_bond      =        yes
  shake_iteration =        500  shake_tolerance =  0.100E-09
  fast_water      =        yes  water_model     =       TIP3
  hydrogen_type   =  name|mass
  noshake_index   = 4  11  12  13
  fixatm_select_index        =       none
 
Read_Ctrl_Ensemble> Parameters for Ensemble
  ensemble        =        NVT
  temperature     =    300.000
  tpcontrol       =      BUSSI
  tau_t           =      0.500
 
Read_Ctrl_Boundary> Parameters of Boundary Condition
  type            =       NOBC
  spherical_pot   =        yes  restart         =          T
  center_info     =       read  modify_ratio    =      1.000
  constant        =     10.000  exponent        =          2
  fixatom         =          T  fix_layer       =      1.000
 
Read_Ctrl_Selection> Parameters of Selection
  # of groups     =         13
    group 1 = sid:DHA or (sid:TIMA and (rno:95 or rno:165) and          not (an:CA  | an:C   | an:O   | an:N | an:HN | an:HA))
    group 2 = atomno:1900 or atomno:5687
    group 3 = atomno:1442
    group 4 = atomno:1443
    group 5 = atomno:2559
    group 6 = atomno:2560
    group 7 = atomno:7583
    group 8 = atomno:7584
    group 9 = atomno:7585
    group 10 = atomno:7586
    group 11 = atomno:7587
    group 12 = atomno:7588
    group 13 = atomno:7589
  # of mole names =          0
 
Read_Ctrl_Restraints> Parameters of Restraint
  numfunc         =   6
  function1 = POSI     
    direction     = ALL 
    constant      = 10.0
    reference     = 
    select_index  = 2
    mode          =   0
    exponent      =   2
    exponent_dist = 
    weight_dist   = 

  function2 = DIST     
    constant      = 100.0
    reference     = 1.2341
    select_index  = 6  12
    mode          =   0
    exponent      =   2
    exponent_dist = 
    weight_dist   = 

  function3 = DIST     
    constant      = 100.0
    reference     = 1.4256
    select_index  = 9  12
    mode          =   0
    exponent      =   2
    exponent_dist = 
    weight_dist   = 

  function4 = DIST     
    constant      = 100.0
    reference     = 2.0355
    select_index  = 5  11
    mode          =   0
    exponent      =   2
    exponent_dist = 
    weight_dist   = 

  function5 = DIST     
    constant      = 100.0
    reference     = 1.7893
    select_index  = 8   4
    mode          =   0
    exponent      =   2
    exponent_dist = 
    weight_dist   = 

  function6 = DIST     
    constant      = 100.0
    reference     = 2.7278
    select_index  = 3  11
    mode          =   0
    exponent      =   2
    exponent_dist = 
    weight_dist   = 

  pressure_position   = NO
  pressure_rmsd     = NO

Read_Ctrl_Fitting_MD> Parameters of Fitting
  fitting method  =  TR+ROT   
  fitting atom    = group1
  mass_weight     =         no
 
Read_Ctrl_QMMM> Parameters of QM/MM
  qmtyp              = qsimulate
  qmcnt              = qsimulate.json
  qmexe              = 
  workdir            = equil2_15
  savedir            = none
  basename           = job
  qmsave_period      = 500
  qmmaxtrial         = 1
  qmatm_select_index = 1
  exclude_charge     = GROUP
 
[STEP2] Setup MPI
 
Setup_Mpi_Md> Summary of Setup MPI
  number of MPI processes   =         32
  number of OpenMP threads  =          7
  total number of CPU cores =        224

[STEP3] Set Relevant Variables and Structures
 
Input_Top> Summary of Topfile
  num_atom_class  =        212  num_resi_type   =        685
 
Input_Par> Summary of Parfile
  num_bonds       =        658  num_angles      =       2003
  num_dihedrals   =       4838  num_impropers   =        163
  num_atom_cls    =        212  num_nbfix       =         75
  num_cmap_terms  =          6
 
Input_Str> Summary of Top information
  num_atom_class  =        227  num_resi_type   =        700
 
Input_Str> Summary of Par information
  num_bonds       =        663  num_angles      =       2006
  num_dihedrals   =       4850  num_impropers   =        163
  num_atom_cls    =        227  num_nbfix       =         90
  num_cmap_terms  =          6
 
Read_Psf> Summary of Psffile
  psftype         =      xplor
  num_atoms       =      37226  num_bonds       =      37288
  num_angles      =      23768  num_dihedrals   =      20268
  num_impropers   =       1292  num_cmap_terms  =        494
  num_HB_donors   =      20596  num_HB_acceptors=      10610
  num_NB_exclusion=          0  num_groups      =      12168
  total_charge    =    -10.000
 
Check_Pdb> 6-column residue sequence number
 
Read_Pdb> Summary of Data in PDB file
  num_atoms       =      37226
 
Read_Rst_Binary> Summary of RST file
  num_atoms       =      37226  iseed           =   20190319
  boxsize (x,y,z) =      0.000     0.000     0.000
  spherical_pot     =      yes
  nfunctions                 2  num_fixatm              9645
  num_of_qm_charge          35

Define_Molecule> Summary of molecules
  num_atoms       =      37226  num_bonds       =      37288
  num_angles      =      23768  num_dihedrals   =      20268
  num_impropers   =       1292  num_cmap_terms  =        494
  num_residues    =      10370  num_molecules   =       9878
  num_segments    =          6  num_deg_freedom =     111678
  total_charge    =    -10.000
 
Setup_Boundary> Setup Variables for Boundary Condition
  origin(x,y,z)   =      0.000     0.000     0.000
  nfunctions      =        2
    center(x,y,z) =     17.000     0.000     0.000
    radius        =     35.000
    constant      =     10.000
    exponent      =          2
    center(x,y,z) =    -17.000     0.000     0.000
    radius        =     35.000
    constant      =     10.000
    exponent      =          2

  num_fixatm      =     9645

 
Random_Init> Initialize the random number
  seed            = 20190319

Setup_QMMM> Setup QM region
  QM assignment info
  1435 TIMA     95 HSE    CB   CT2    assigned to QM atom    1 of element: C     6
  1436 TIMA     95 HSE    HB1  HA2    assigned to QM atom    2 of element: H     1
  1437 TIMA     95 HSE    HB2  HA2    assigned to QM atom    3 of element: H     1
  1438 TIMA     95 HSE    ND1  NR2    assigned to QM atom    4 of element: N     7
  1439 TIMA     95 HSE    CG   CPH1   assigned to QM atom    5 of element: C     6
  1440 TIMA     95 HSE    CE1  CPH2   assigned to QM atom    6 of element: C     6
  1441 TIMA     95 HSE    HE1  HR1    assigned to QM atom    7 of element: H     1
  1442 TIMA     95 HSE    NE2  NR1    assigned to QM atom    8 of element: N     7
  1443 TIMA     95 HSE    HE2  H      assigned to QM atom    9 of element: H     1
  1444 TIMA     95 HSE    CD2  CPH1   assigned to QM atom   10 of element: C     6
  1445 TIMA     95 HSE    HD2  HR3    assigned to QM atom   11 of element: H     1
  2552 TIMA    165 GLU    CB   CT2A   assigned to QM atom   12 of element: C     6
  2553 TIMA    165 GLU    HB1  HA2    assigned to QM atom   13 of element: H     1
  2554 TIMA    165 GLU    HB2  HA2    assigned to QM atom   14 of element: H     1
  2555 TIMA    165 GLU    CG   CT2    assigned to QM atom   15 of element: C     6
  2556 TIMA    165 GLU    HG1  HA2    assigned to QM atom   16 of element: H     1
  2557 TIMA    165 GLU    HG2  HA2    assigned to QM atom   17 of element: H     1
  2558 TIMA    165 GLU    CD   CC     assigned to QM atom   18 of element: C     6
  2559 TIMA    165 GLU    OE1  OC     assigned to QM atom   19 of element: O     8
  2560 TIMA    165 GLU    OE2  OC     assigned to QM atom   20 of element: O     8
  7575 DHA     249 DHAP   P    PG2    assigned to QM atom   21 of element: P    15
  7576 DHA     249 DHAP   O1P  OG303  assigned to QM atom   22 of element: O     8
  7577 DHA     249 DHAP   O2P  OG2P1  assigned to QM atom   23 of element: O     8
  7578 DHA     249 DHAP   O3P  OG2P1  assigned to QM atom   24 of element: O     8
  7579 DHA     249 DHAP   O4P  OG2P1  assigned to QM atom   25 of element: O     8
  7580 DHA     249 DHAP   C1   CG321  assigned to QM atom   26 of element: C     6
  7581 DHA     249 DHAP   H11  HGA2   assigned to QM atom   27 of element: H     1
  7582 DHA     249 DHAP   H12  HGA2   assigned to QM atom   28 of element: H     1
  7583 DHA     249 DHAP   C2   CG2O5  assigned to QM atom   29 of element: C     6
  7584 DHA     249 DHAP   O2   OG2D3  assigned to QM atom   30 of element: O     8
  7585 DHA     249 DHAP   C3   CG321  assigned to QM atom   31 of element: C     6
  7586 DHA     249 DHAP   O3   OG311  assigned to QM atom   32 of element: O     8
  7587 DHA     249 DHAP   HO3  HGP1   assigned to QM atom   33 of element: H     1
  7588 DHA     249 DHAP   H31  HGA2   assigned to QM atom   34 of element: H     1
  7589 DHA     249 DHAP   H32  HGA2   assigned to QM atom   35 of element: H     1
  number of QM atoms = 35
 
  QM charges retreived from rstfile.
 

Generate_LinkAtoms> QM-MM interface info. Link hydrogen is set between:
              [ QM atom ]             -             [ MM atom ]
  1435 TIMA     95 HSE    CB   CT2    -   1433 TIMA     95 HSE    CA   CT1   
                                          1431 TIMA     95 HSE    N    NH1    excluded
                                          1432 TIMA     95 HSE    HN   H      excluded
                                          1434 TIMA     95 HSE    HA   HB1    excluded
  2552 TIMA    165 GLU    CB   CT2A   -   2550 TIMA    165 GLU    CA   CT1   
                                          2548 TIMA    165 GLU    N    NH1    excluded
                                          2549 TIMA    165 GLU    HN   H      excluded
                                          2551 TIMA    165 GLU    HA   HB1    excluded

  number of link atoms           = 2
  number of external MM charges  = 37183


  Check the input file for QSimulate [ qsimulate.json ]
Setup_Enefunc_Cmap_Par> Natural spline is used to derive cmap coefs.

Setup_Enefunc_Table> Setup Variables for LookupTable
  num_solutes     =      37226  num_waters      =          0

Setup_Enefunc_Restraint> Setup restraint groups
 group =     1, "sid:DHA or (sid:TIMA and (rno:95 or rno:165) and          not (an:CA  | an:C   | an:O   | an:N | an:HN | an:HA))"
 # of atoms =    35
 atomlist: 
   1435   1436   1437   1438   1439   1440   1441   1442   1443   1444
   1445   2552   2553   2554   2555   2556   2557   2558   2559   2560
   7575   7576   7577   7578   7579   7580   7581   7582   7583   7584
   7585   7586   7587   7588   7589
 group =     2, "atomno:1900 or atomno:5687"
 # of atoms =     2
 atomlist: 
   1900   5687
 group =     3, "atomno:1442"
 # of atoms =     1
 atomlist: 
   1442
 group =     4, "atomno:1443"
 # of atoms =     1
 atomlist: 
   1443
 group =     5, "atomno:2559"
 # of atoms =     1
 atomlist: 
   2559
 group =     6, "atomno:2560"
 # of atoms =     1
 atomlist: 
   2560
 group =     7, "atomno:7583"
 # of atoms =     1
 atomlist: 
   7583
 group =     8, "atomno:7584"
 # of atoms =     1
 atomlist: 
   7584
 group =     9, "atomno:7585"
 # of atoms =     1
 atomlist: 
   7585
 group =    10, "atomno:7586"
 # of atoms =     1
 atomlist: 
   7586
 group =    11, "atomno:7587"
 # of atoms =     1
 atomlist: 
   7587
 group =    12, "atomno:7588"
 # of atoms =     1
 atomlist: 
   7588
 group =    13, "atomno:7589"
 # of atoms =     1
 atomlist: 
   7589
Setup_Enefunc_Restraint> Setup restraint functions
 func  =     1 kind  =     1
 const(total, x, y, z) =   10.000   1.000   1.000   1.000
 exponend of function =     2
 # of groups  =     1
 grouplist:   2

 func  =     2 kind  =     2
 const             =  100.000
 ref               =    1.234
 exponend of function =     2
 # of distances  =     1
 distancelist: 
 group = (  6, 12) weight =    1.000 exponent =     1

 func  =     3 kind  =     2
 const             =  100.000
 ref               =    1.426
 exponend of function =     2
 # of distances  =     1
 distancelist: 
 group = (  9, 12) weight =    1.000 exponent =     1

 func  =     4 kind  =     2
 const             =  100.000
 ref               =    2.035
 exponend of function =     2
 # of distances  =     1
 distancelist: 
 group = (  5, 11) weight =    1.000 exponent =     1

 func  =     5 kind  =     2
 const             =  100.000
 ref               =    1.789
 exponend of function =     2
 # of distances  =     1
 distancelist: 
 group = (  8,  4) weight =    1.000 exponent =     1

 func  =     6 kind  =     2
 const             =  100.000
 ref               =    2.728
 exponend of function =     2
 # of distances  =     1
 distancelist: 
 group = (  3, 11) weight =    1.000 exponent =     1

Define_Enefunc_CHARMM> Number of Interactions in Each Term
  bond_ene        =      37255  angle_ene       =      23717
  urey_ene        =       6639
  torsion_ene     =      23862  improper_ene    =       1285
  cmap_ene        =        494
  restraint_groups=         13  restraint_funcs =          6
 
Setup_Fitting_Atdyn> NO fitting is applied, skip
  fitting method  =  NO

Update_Num_Deg_Freedom> Number of degrees of freedom was updated
  num_deg_freedom =      82743 (After setup of fixed atoms at boundary)
 
Remove_Fixatm> Modified Interactions
  bond_ene        =      27610  angle_ene       =      20502
  urey_ene        =       6639
  torsion_ene     =      23862  improper_ene    =       1285
 
Setup_Constraints> The following atoms are excluded from SHAKE:
    1443    7587    7588    7589
Setup_Settle> Setup constraints for SETTLE
  num_unconsbonds =       7633      num_Settle  =       6659
  r0(O-H)         =     0.9572  mass(O)         =    15.9994
  r0(H-H)         =     1.5139  mass(H)         =     1.0080
 
Setup_Shake> Setup constrains for SHAKE and RATTLE
  num_unconsbonds =       3837  num_rigid_bonds =       3796
 
  num_qm_rigid_bonds =         10
 
Update_Num_Deg_Freedom> Number of degrees of freedom was updated
  num_deg_freedom =      62766 (After setup of SETTLE)
 
Update_Num_Deg_Freedom> Number of degrees of freedom was updated
  num_deg_freedom =      58960 (After setup of SHAKE/RATTLE)
 
[STEP4] Compute Single Point Energy for Molecules
 
            STEP            BOND           ANGLE    UREY-BRADLEY        DIHEDRAL        IMPROPER            CMAP         VDWAALS           ELECT    RESTRAINT001    RESTRAINT002    RESTRAINT003    RESTRAINT004    RESTRAINT005    RESTRAINT006    RESTR_CVS001    RESTR_CVS002    RESTR_CVS003    RESTR_CVS004    RESTR_CVS005    RESTR_CVS006              QM            SPOT
 --------------- --------------- --------------- --------------- ---------------
               0       1530.3528       3730.8119        457.9815       4500.2648        260.1107       -192.4667       7314.6530    -117347.1973          0.5078          0.5742          0.9125          0.0051          0.6344          0.1394          0.0000          1.3099          1.3301          2.0426          1.8689          2.7651    -906472.1341         12.3551

[STEP5] Perform Molecular Dynamics Simulation
 
INFO:       STEP            TIME       TOTAL_ENE   POTENTIAL_ENE     KINETIC_ENE            RMSG            BOND           ANGLE    UREY-BRADLEY        DIHEDRAL        IMPROPER            CMAP         VDWAALS           ELECT RESTRAINT_TOTAL    RESTRAINT001    RESTRAINT002    RESTRAINT003    RESTRAINT004    RESTRAINT005    RESTRAINT006    RESTR_CVS001    RESTR_CVS002    RESTR_CVS003    RESTR_CVS004    RESTR_CVS005    RESTR_CVS006     TEMPERATURE          VOLUME              QM            SPOT
 --------------- --------------- --------------- --------------- ---------------
INFO:         50          0.0250    -988461.6096   -1006245.9444      17784.3348         12.6549       1529.9883       3728.7102        476.4529       4507.5369        274.1903       -183.3297       7320.3899    -117427.2738          1.1239          0.6116          0.0081          0.2602          0.0163          0.1942          0.0334          0.0000          1.2251          1.4766          2.0483          1.7452          2.7461        303.5782          0.0000    -906473.7335         17.0968

INFO:        100          0.0500    -988489.6119   -1006166.2526      17676.6406         12.5926       1477.4034       3799.5763        480.5648       4512.8069        282.3923       -180.6686       7310.1601    -117381.0033          1.5461          0.8096          0.5656          0.0005          0.0002          0.0589          0.1113          0.0000          1.3093          1.4278          2.0340          1.8136          2.7612        301.7398          0.0000    -906469.0306         15.5256

INFO:        150          0.0750    -988524.5109   -1006239.5813      17715.0704         12.6399       1471.6921       3835.7109        468.3259       4498.8347        276.1750       -190.8877       7310.4835    -117453.8988          2.6841          1.5921          0.7713          0.1040          0.0468          0.1237          0.0462          0.0000          1.1463          1.3934          2.0571          1.7541          2.7063        302.3958          0.0000    -906458.7009         15.5819

INFO:        200          0.1000    -988478.1826   -1006137.7470      17659.5645         12.6098       1477.6808       3793.0085        477.1929       4491.4641        266.7957       -200.4664       7355.2929    -117349.0552          3.6456          1.6628          0.3305          1.2355          0.0006          0.1503          0.2659          0.0000          1.1766          1.5368          2.0331          1.7505          2.7794        301.4483          0.0000    -906453.3060         18.9788

INFO:        250          0.1250    -988441.9522   -1006157.4862      17715.5339         12.6497       1498.5261       3758.1181        461.0669       4504.0007        278.3723       -201.6367       7329.3858    -117317.5695          2.3144          1.1662          0.9102          0.0281          0.1349          0.0482          0.0269          0.0000          1.1387          1.4424          2.0722          1.7674          2.7442        302.4037          0.0000    -906470.0644         15.8788

INFO:        300          0.1500    -988481.7384   -1006204.7384      17723.0000         12.6081       1541.5897       3751.0663        463.4778       4490.3148        255.9607       -187.4524       7372.4534    -117396.7924          3.4903          1.5735          0.0111          1.2529          0.6231          0.0235          0.0062          0.0000          1.2235          1.5375          1.9566          1.7740          2.7357        302.5312          0.0000    -906498.8466         17.7588

INFO:        350          0.1750    -988520.0878   -1006151.2313      17631.1434         12.6623       1524.8238       3790.4683        456.4347       4483.1580        265.7166       -187.2632       7338.9627    -117324.2338          2.2080          1.6390          0.0463          0.0599          0.1163          0.1490          0.1974          0.0000          1.2126          1.4501          2.0696          1.7507          2.7722        300.9632          0.0000    -906501.5063         23.2620

INFO:        400          0.2000    -988519.7758   -1006283.2121      17763.4363         12.6045       1511.5244       3782.6619        465.5322       4475.9866        270.6703       -201.3944       7272.1799    -117372.8163          2.1845          1.7120          0.0618          0.0934          0.0606          0.0318          0.2249          0.0000          1.2092          1.4562          2.0601          1.8071          2.7752        303.2214          0.0000    -906489.7413         18.3517

INFO:        450          0.2250    -988582.2234   -1006128.5102      17546.2868         12.6402       1496.7400       3826.4296        468.2783       4500.3476        272.9472       -199.6856       7298.7300    -117303.3598          4.1733          1.1683          0.7215          0.9669          0.0846          0.7936          0.4384          0.0000          1.1492          1.5239          2.0646          1.7002          2.7940        299.5147          0.0000    -906493.1106         17.4295

INFO:        500          0.2500    -988540.6697   -1006225.3097      17684.6400         12.5657       1510.9695       3736.1034        463.8109       4504.8826        250.0256       -202.4619       7372.5419    -117351.4675          2.6435          0.4774          0.0112          0.7089          0.4087          0.8416          0.1957          0.0000          1.2447          1.3414          2.0994          1.8810          2.7720        301.8764          0.0000    -906512.3577         16.2603

INFO:        550          0.2750    -988554.3893   -1006286.7732      17732.3839         12.6600       1548.3208       3716.1168        467.2151       4503.6417        255.9854       -196.0201       7348.7057    -117435.4503          2.4606          0.9610          0.2811          0.9411          0.1780          0.0949          0.0045          0.0000          1.1811          1.5226          2.0777          1.8201          2.7345        302.6914          0.0000    -906497.7487         10.7133

INFO:        600          0.3000    -988547.6743   -1006300.3638      17752.6895         12.6097       1502.7954       3706.7131        468.1895       4514.6099        258.1630       -196.2388       7293.3772    -117360.8222          2.3433          1.1615          0.0710          0.4602          0.1040          0.0007          0.5458          0.0000          1.2607          1.3578          2.0033          1.7920          2.8017        303.0380          0.0000    -906489.4943         15.4779

INFO:        650          0.3250    -988495.1379   -1006157.2119      17662.0740         12.6400       1500.2365       3805.9323        462.2563       4506.6672        266.1215       -201.1467       7289.9747    -117276.0346          2.1795          1.3328          0.0194          0.4656          0.2723          0.0076          0.0818          0.0000          1.2202          1.4938          2.0877          1.7980          2.7564        301.4912          0.0000    -906513.3986         17.3076

INFO:        700          0.3500    -988545.8931   -1006079.5770      17533.6839         12.6072       1467.3863       3787.1013        465.7890       4518.7293        275.5346       -208.1472       7201.3794    -117101.2566          5.7507          3.3367          0.5895          0.6214          0.1926          0.7676          0.2427          0.0000          1.1573          1.5044          2.0794          1.7017          2.7771        299.2996          0.0000    -906491.8439         16.3092

INFO:        750          0.3750    -988540.1336   -1006118.6434      17578.5098         12.5838       1471.3242       3740.6100        452.6409       4522.9544        264.6423       -198.8687       7227.7985    -117123.6434          3.6807          2.0594          1.1960          0.0426          0.2596          0.0413          0.0818          0.0000          1.1247          1.4050          1.9846          1.7690          2.7564        300.0647          0.0000    -906479.7823         16.7532

INFO:        800          0.4000    -988545.8370   -1006394.4142      17848.5772         12.6581       1537.6436       3737.1331        451.2081       4499.4011        268.0325       -187.4831       7243.8263    -117455.3261          3.8817          1.8062          0.0863          1.0784          0.6129          0.1606          0.1374          0.0000          1.2635          1.5294          2.1138          1.7492          2.7649        304.6748          0.0000    -906492.7314         14.0363

INFO:        850          0.4250    -988591.7669   -1006285.8406      17694.0737         12.6347       1503.8248       3740.2635        460.0081       4512.3149        260.7135       -184.7173       7314.1841    -117409.6508          2.5011          1.9248          0.0413          0.0377          0.0036          0.4112          0.0824          0.0000          1.2138          1.4062          2.0415          1.7252          2.7565        302.0374          0.0000    -906485.2825         14.2052

INFO:        900          0.4500    -988613.6151   -1006156.3865      17542.7714         12.6295       1544.8464       3765.1126        448.5703       4499.2713        258.8572       -182.5003       7126.3554    -117127.3986          4.9187          1.3668          0.3924          0.0540          0.6336          2.4579          0.0140          0.0000          1.1715          1.4024          1.9559          1.9461          2.7160        299.4547          0.0000    -906494.4195         11.3663

INFO:        950          0.4750    -988591.7686   -1006181.9210      17590.1524         12.5353       1471.0582       3782.6371        454.6472       4513.3450        269.6209       -189.3571       7062.5590    -117065.7389          3.1442          1.7054          0.6680          0.0030          0.6529          0.0181          0.0968          0.0000          1.3158          1.4201          2.1163          1.7759          2.6967        300.2635          0.0000    -906483.8365         17.8930

INFO:       1000          0.5000    -988619.0040   -1006301.2365      17682.2325         12.6128       1476.0332       3752.3794        457.7311       4500.8095        261.5830       -212.4085       7072.3639    -117117.5645          3.5056          1.3607          0.1624          0.0464          0.3286          1.4881          0.1195          0.0000          1.1938          1.4471          1.9782          1.6673          2.7624        301.8353          0.0000    -906495.6691         19.8859

INFO:       1050          0.5250    -988634.4961   -1006231.3206      17596.8245         12.5176       1487.1533       3769.2644        461.9488       4544.7045        254.5683       -204.1807       7074.4104    -117146.2278          2.1117          1.2064          0.7692          0.0257          0.0062          0.1020          0.0021          0.0000          1.1464          1.4416          2.0276          1.8212          2.7232        300.3774          0.0000    -906475.0734         23.3981

INFO:       1100          0.5500    -988664.4217   -1006072.4788      17408.0571         12.6061       1466.6561       3795.7104        461.6693       4557.9049        268.7007       -197.5523       7088.9866    -117036.8305          2.5832          1.6254          0.2693          0.4489          0.0040          0.0438          0.1917          0.0000          1.1822          1.4926          2.0419          1.8102          2.7716        297.1551          0.0000    -906480.3072         24.5804

INFO:       1150          0.5750    -988683.1598   -1006212.2075      17529.0477         12.5889       1453.9757       3734.5062        461.9426       4513.9464        260.1448       -200.7294       7097.5970    -117035.0232          2.1770          1.1089          0.2189          0.4560          0.0179          0.2234          0.1519          0.0000          1.1873          1.4931          2.0489          1.8366          2.7668        299.2204          0.0000    -906500.7446         17.8819

INFO:       1200          0.6000    -988695.8479   -1006249.7523      17553.9044         12.6088       1577.4143       3723.0882        471.7758       4540.5365        261.9072       -197.3880       6978.2447    -117120.7308          1.1040          0.8285          0.0877          0.0120          0.0576          0.1053          0.0129          0.0000          1.2045          1.4146          2.0115          1.8217          2.7391        299.6447          0.0000    -906485.7042         16.3689

INFO:       1250          0.6250    -988691.1661   -1006321.0036      17629.8376         12.5443       1477.8471       3785.6190        449.4573       4553.2148        284.4649       -214.7259       6955.4574    -117126.6463          1.3384          0.5798          0.2313          0.0249          0.3206          0.1747          0.0071          0.0000          1.2822          1.4098          2.0921          1.8311          2.7362        300.9409          0.0000    -906487.0304         22.8591

INFO:       1300          0.6500    -988738.1583   -1006157.3425      17419.1842         12.5868       1479.4232       3879.0073        463.0383       4528.2234        266.1026       -190.4062       7104.2501    -117209.3987          2.3275          0.6515          0.6506          0.4413          0.5324          0.0046          0.0471          0.0000          1.1534          1.4920          1.9625          1.7825          2.7061        297.3451          0.0000    -906479.9099         13.1983

INFO:       1350          0.6750    -988718.5655   -1006293.7563      17575.1908         12.6207       1474.4221       3729.4359        459.0546       4497.5917        267.4618       -195.8049       7198.0184    -117226.0011          1.4756          0.6555          0.0757          0.0819          0.3353          0.2857          0.0415          0.0000          1.2616          1.3970          1.9776          1.7358          2.7482        300.0081          0.0000    -906499.4102         13.0472

INFO:       1400          0.7000    -988705.9857   -1006243.9181      17537.9324         12.6616       1486.5630       3742.5216        457.7230       4485.5347        264.6880       -182.8781       7161.8479    -117173.4545          2.2223          1.3039          0.0184          0.3290          0.1320          0.4365          0.0024          0.0000          1.2205          1.4830          1.9992          1.8554          2.7229        299.3721          0.0000    -906488.6858         11.9940

INFO:       1450          0.7250    -988728.8799   -1006264.2240      17535.3441         12.6268       1486.0378       3755.5324        449.8226       4483.2207        269.3867       -197.6331       7288.3035    -117308.6595          2.4368          1.3611          0.0000          0.0001          0.2589          0.7967          0.0199          0.0000          1.2339          1.4268          1.9846          1.7000          2.7137        299.3279          0.0000    -906492.6719         13.0837

INFO:       1500          0.7500    -988702.0860   -1006291.6630      17589.5771         12.5869       1474.5177       3801.0525        477.4147       4489.7243        268.5981       -199.6815       7251.6707    -117364.7645          1.1191          0.8989          0.0017          0.0779          0.0354          0.0748          0.0304          0.0000          1.2382          1.3977          2.0543          1.8166          2.7452        300.2537          0.0000    -906491.3141          9.0545

INFO:       1550          0.7750    -988683.0696   -1006100.0988      17417.0292         12.6700       1527.3984       3753.2857        459.4371       4503.1358        289.0550       -185.7395       7172.6605    -117120.2919          2.5730          0.8940          0.3045          0.9277          0.3636          0.0548          0.0285          0.0000          1.1789          1.5219          2.0958          1.8127          2.7447        297.3083          0.0000    -906501.6129         13.7388

INFO:       1600          0.8000    -988672.6404   -1006242.3214      17569.6809         12.6164       1534.8479       3761.3991        458.7913       4527.1019        267.9741       -198.6352       7154.8359    -117246.5110          2.6669          1.3102          0.0280          0.0324          0.1350          1.1598          0.0014          0.0000          1.2174          1.4076          2.0722          1.6816          2.7316        299.9140          0.0000    -906504.7923         18.8919

INFO:       1650          0.8250    -988661.3853   -1006161.6049      17500.2196         12.6157       1489.8521       3791.5652        465.2987       4510.7209        249.2917       -200.9659       7258.5750    -117223.9594          2.0192          1.6814          0.0000          0.1957          0.0581          0.0834          0.0007          0.0000          1.2338          1.4698          2.0596          1.8182          2.7252        298.7283          0.0000    -906504.0022         13.9685

INFO:       1700          0.8500    -988664.2308   -1006169.0578      17504.8270         12.6502       1515.3095       3789.4991        455.7067       4495.2809        265.2419       -187.8119       7181.3778    -117175.9571          3.5886          1.7429          0.0571          0.0656          0.2539          1.4413          0.0278          0.0000          1.2102          1.4000          2.0859          1.9094          2.7111        298.8070          0.0000    -906511.2933         14.9454

INFO:       1750          0.8750    -988621.3139   -1006272.7498      17651.4360         12.6261       1545.6256       3725.5197        467.4138       4471.7500        259.1132       -180.3279       7250.7249    -117318.6847          2.0697          1.4834          0.4462          0.0185          0.0080          0.0205          0.0930          0.0000          1.3009          1.4120          2.0265          1.8036          2.7583        301.3096          0.0000    -906495.9542         13.9645

INFO:       1800          0.9000    -988597.8088   -1006281.8294      17684.0207         12.6513       1505.8998       3762.9044        455.0433       4494.2325        263.4439       -182.0698       7204.3710    -117291.5576          3.8917          1.7006          0.2518          0.1426          0.0399          1.5123          0.2445          0.0000          1.1839          1.4634          2.0155          1.9123          2.7772        301.8658          0.0000    -906497.9885         14.9031

INFO:       1850          0.9250    -988626.5085   -1006344.5806      17718.0722         12.6443       1500.2494       3790.9535        454.4111       4480.9262        270.5101       -179.5767       7253.0112    -117429.3777          2.7282          2.2241          0.0166          0.0391          0.2234          0.1282          0.0967          0.0000          1.2212          1.4454          1.9882          1.7535          2.7589        302.4471          0.0000    -906488.4160         10.6381

INFO:       1900          0.9500    -988672.7053   -1006271.4518      17598.7465         12.6810       1484.1422       3806.9624        468.3616       4467.7630        255.8962       -188.2981       7260.8516    -117320.9505          1.8369          1.2120          0.0688          0.0728          0.0578          0.0242          0.4012          0.0000          1.2079          1.4526          2.0115          1.7737          2.7911        300.4102          0.0000    -906508.0172         16.0381

INFO:       1950          0.9750    -988691.5209   -1006337.7051      17646.1843         12.6492       1491.9397       3724.0295        467.7399       4499.1627        274.3486       -198.3332       7206.4674    -117291.4096          2.4903          0.4625          0.7298          0.7891          0.4115          0.0942          0.0032          0.0000          1.1487          1.5144          1.9714          1.8200          2.7222        301.2199          0.0000    -906514.1404         13.9251

INFO:       2000          1.0000    -988725.1748   -1006295.5684      17570.3935         12.5723       1486.7311       3756.7426        458.6038       4513.9572        262.7771       -203.1242       7106.3740    -117172.6114          3.3384          0.5946          0.7632          0.8089          0.2763          0.8941          0.0013          0.0000          1.1467          1.5155          2.0881          1.6947          2.7313        299.9262          0.0000    -906508.3569         12.8786

INFO:       2050          1.0250    -988653.7257   -1006242.0551      17588.3294         12.5953       1487.8441       3771.1261        456.6064       4501.2965        254.5536       -191.3956       7111.7417    -117137.0292          1.8243          0.8860          0.3363          0.0180          0.3169          0.2669          0.0000          0.0000          1.1761          1.4390          2.0918          1.8410          2.7284        300.2324          0.0000    -906498.6229         17.8167

INFO:       2100          1.0500    -988652.2890   -1006184.3210      17532.0319         12.6112       1484.6369       3817.2454        461.1690       4497.5645        288.9906       -176.0787       7088.2917    -117161.3355          0.7831          0.5568          0.0001          0.0681          0.0795          0.0606          0.0180          0.0000          1.2331          1.3995          2.0073          1.7647          2.7144        299.2714          0.0000    -906485.5878         14.4306

INFO:       2150          1.0750    -988658.0769   -1006183.9050      17525.8280         12.6127       1471.7654       3812.7367        468.4860       4488.9763        257.6720       -193.3791       7176.8037    -117191.6212          1.6438          0.2200          0.3123          0.4680          0.0099          0.5877          0.0459          0.0000          1.1782          1.4940          2.0455          1.7126          2.7492        299.1655          0.0000    -906476.9885         14.4046

INFO:       2200          1.1000    -988643.3377   -1006334.2406      17690.9030         12.6637       1507.1068       3687.3849        477.0929       4491.4175        273.8976       -208.1165       7270.9563    -117348.5662          2.5258          0.3896          0.1862          0.2462          0.1164          1.5856          0.0017          0.0000          1.2773          1.3760          2.0014          1.9152          2.7237        301.9833          0.0000    -906487.9397         12.1191

INFO:       2250          1.1250    -988681.3041   -1006158.4426      17477.1385         12.6380       1428.7768       3766.5487        454.0234       4504.1455        273.2526       -187.9646       7337.7941    -117259.7861          1.9807          0.5779          0.8531          0.0028          0.3124          0.2025          0.0319          0.0000          1.1417          1.4309          1.9796          1.7443          2.7099        298.3343          0.0000    -906477.2138          6.8685

INFO:       2300          1.1500    -988665.0365   -1006226.6303      17561.5937         12.5631       1464.1980       3695.3193        456.9033       4506.4374        250.9111       -179.2083       7355.4466    -117299.0861          2.8045          1.3876          0.6571          0.1189          0.0003          0.5379          0.1026          0.0000          1.3152          1.3911          2.0373          1.7160          2.7598        299.7760          0.0000    -906480.3560         15.9442

INFO:       2350          1.1750    -988600.7839   -1006209.1941      17608.4102         12.6585       1465.5423       3773.7455        460.3891       4498.0040        271.9741       -191.0816       7287.1051    -117295.1464          2.0512          1.5072          0.3902          0.0022          0.0820          0.0037          0.0659          0.0000          1.1716          1.4303          2.0641          1.7832          2.7021        300.5751          0.0000    -906481.7774          9.7432

INFO:       2400          1.2000    -988572.5981   -1006311.6743      17739.0762         12.5978       1515.3753       3665.7556        477.6783       4467.8450        261.7041       -199.8270       7346.2476    -117389.6636          2.1795          1.7093          0.0142          0.0444          0.0158          0.3179          0.0779          0.0000          1.2222          1.4467          2.0229          1.8457          2.7557        302.8056          0.0000    -906458.9690         11.1433

INFO:       2450          1.2250    -988564.8957   -1006288.6339      17723.7382         12.6688       1480.0857       3685.1197        445.7568       4516.4460        261.8177       -210.4731       7328.3061    -117289.5598          1.5278          0.7624          0.0031          0.0005          0.0000          0.5049          0.2568          0.0000          1.2285          1.4233          2.0353          1.8604          2.6771        302.5438          0.0000    -906507.6609         12.6062

INFO:       2500          1.2500    -988610.0187   -1006215.2199      17605.2012         12.5794       1438.8907       3858.7641        466.7796       4530.4906        257.4439       -203.5919       7184.5655    -117244.0270          0.7533          0.2481          0.0005          0.3085          0.1719          0.0240          0.0004          0.0000          1.2363          1.4811          1.9940          1.8048          2.7297        300.5204          0.0000    -906505.2886         12.8719

INFO:       2550          1.2750    -988626.4913   -1006056.8070      17430.3157         12.6614       1541.2875       3845.2188        469.1203       4502.4858        260.5852       -198.0751       7223.3125    -117190.4024          1.4322          0.4726          0.0037          0.4909          0.1151          0.0605          0.2894          0.0000          1.2402          1.3555          2.0016          1.8139          2.7816        297.5351          0.0000    -906511.7717         13.1807

INFO:       2600          1.3000    -988569.0239   -1006237.8940      17668.8701         12.5746       1469.0260       3736.3790        460.1102       4490.8582        271.7205       -200.2929       7167.3785    -117137.6178          2.7796          0.8039          0.3144          1.2254          0.3241          0.0886          0.0232          0.0000          1.1780          1.5363          2.0924          1.8191          2.7126        301.6072          0.0000    -906498.2353         14.2339

INFO:       2650          1.3250    -988530.4104   -1006102.9402      17572.5298         12.6638       1513.0238       3727.6563        476.5905       4494.9769        252.9423       -184.0560       7186.3767    -117069.2425          1.3658          0.4072          0.1755          0.0819          0.0362          0.0369          0.6281          0.0000          1.1922          1.4542          2.0165          1.7701          2.8071        299.9627          0.0000    -906502.5741          9.3447

INFO:       2700          1.3500    -988534.4167   -1006100.2654      17565.8487         12.6535       1508.0392       3725.9071        454.8435       4510.8121        275.2503       -176.4117       7149.6175    -117040.2302          1.7209          0.7382          0.0312          0.0816          0.5348          0.1870          0.1481          0.0000          1.2518          1.3970          1.9624          1.7461          2.6893        299.8486          0.0000    -906509.8141         14.0446

INFO:       2750          1.3750    -988564.1630   -1006120.7504      17556.5874         12.6313       1523.2190       3758.5156        454.8947       4496.4486        290.3385       -179.7312       6963.0909    -116917.5719          1.0680          0.6059          0.0299          0.1398          0.0854          0.0371          0.1700          0.0000          1.2168          1.4630          2.0063          1.8086          2.7690        299.6905          0.0000    -906511.0225          9.5872

INFO:       2800          1.4000    -988590.4263   -1006142.1689      17551.7425         12.6307       1488.6812       3748.9792        461.3522       4516.4458        278.6670       -173.1409       6989.4744    -116936.5376          2.9516          0.7237          0.7277          0.1236          0.7649          0.4769          0.1347          0.0000          1.3194          1.3904          1.9480          1.8584          2.6911        299.6078          0.0000    -906519.0417         16.4715

INFO:       2850          1.4250    -988619.3326   -1006198.3543      17579.0217         12.6388       1490.0787       3785.3808        458.2164       4487.6043        255.2333       -166.0467       7055.1880    -117038.5296          0.8917          0.3621          0.3417          0.0009          0.0007          0.0684          0.1179          0.0000          1.1756          1.4286          2.0329          1.8155          2.6935        300.0735          0.0000    -906526.3712         13.8496

INFO:       2900          1.4500    -988594.5479   -1006183.3595      17588.8116         12.6549       1515.4283       3775.5346        463.2513       4528.9347        272.2020       -162.1034       7110.4395    -117179.7131          0.7246          0.3384          0.0061          0.0012          0.0898          0.0897          0.1994          0.0000          1.2419          1.4222          2.0655          1.8193          2.7725        300.2406          0.0000    -906508.0580         21.7666

INFO:       2950          1.4750    -988591.0607   -1006199.4867      17608.4261         12.6185       1463.3255       3838.3242        477.8216       4507.8487        276.5326       -170.8895       7184.6433    -117300.4979          1.5013          0.8392          0.3004          0.0050          0.1612          0.1559          0.0396          0.0000          1.2889          1.4327          2.0756          1.8288          2.7079        300.5754          0.0000    -906478.0966         19.0890

INFO:       3000          1.5000    -988626.8380   -1006305.3131      17678.4751         12.7108       1552.0554       3791.7410        469.4305       4525.4779        263.4711       -189.7457       7267.6820    -117494.7360          1.6848          0.8958          0.2765          0.1407          0.3313          0.0187          0.0217          0.0000          1.1815          1.3881          1.9779          1.8030          2.7425        301.7711          0.0000    -906492.3741         16.2626

INFO:       3050          1.5250    -988589.6974   -1006174.9603      17585.2629         12.6867       1497.4666       3795.8440        460.1326       4511.1273        299.7634       -180.0398       7288.9306    -117349.2363          2.1905          1.0455          0.1051          0.0253          0.3725          0.5328          0.1094          0.0000          1.2665          1.4097          1.9745          1.8623          2.7609        300.1800          0.0000    -906501.1393         16.4752

INFO:       3100          1.5500    -988570.8479   -1006157.5462      17586.6983         12.6488       1521.0979       3715.7665        463.5968       4530.0351        272.0700       -177.7897       7294.2901    -117292.0580          2.0372          1.3450          0.0023          0.0001          0.0001          0.6678          0.0218          0.0000          1.2293          1.4246          2.0367          1.7076          2.7130        300.2045          0.0000    -906486.5921         12.3696

INFO:       3150          1.5750    -988662.7729   -1006239.9882      17577.2152         12.6876       1513.4813       3734.7613        468.4138       4504.3711        278.7237       -187.3047       7211.3645    -117245.0479          2.1105          0.5804          0.0876          0.0004          1.0493          0.0002          0.3926          0.0000          1.2637          1.4235          1.9331          1.7879          2.7905        300.0426          0.0000    -906520.8617         18.4930

INFO:       3200          1.6000    -988605.0449   -1006226.5066      17621.4617         12.6278       1534.4329       3768.4858        474.3578       4490.1271        260.7066       -192.4598       7186.1290    -117238.1607          1.2141          0.2948          0.0933          0.0629          0.0149          0.3026          0.4456          0.0000          1.2036          1.4507          2.0477          1.8443          2.6610        300.7979          0.0000    -906511.3394         13.1566

INFO:       3250          1.6250    -988627.9031   -1006169.7080      17541.8049         12.6841       1506.5215       3797.1375        468.3113       4502.5830        274.9779       -190.5248       7176.2737    -117186.1774          1.0718          0.4322          0.1802          0.3008          0.0191          0.1193          0.0202          0.0000          1.1917          1.4804          2.0493          1.7548          2.7420        299.4382          0.0000    -906519.8823         21.3805

INFO:       3300          1.6500    -988615.4361   -1006159.5131      17544.0770         12.5502       1438.0281       3748.1229        454.4470       4534.0828        276.5893       -183.6452       7143.1759    -117071.6577          1.1554          0.5591          0.1279          0.0001          0.2695          0.0012          0.1975          0.0000          1.1983          1.4265          1.9836          1.7858          2.7722        299.4770          0.0000    -906499.8117         14.4901

INFO:       3350          1.6750    -988636.4065   -1006013.1987      17376.7921         12.6343       1530.9804       3768.3157        461.6772       4556.6272        260.6950       -192.7166       7135.2121    -117032.6338          1.9973          1.0121          0.0638          0.0788          0.4137          0.0007          0.4282          0.0000          1.2594          1.3975          2.0998          1.7919          2.6624        296.6214          0.0000    -906503.3531         14.8951

INFO:       3400          1.7000    -988596.4755   -1006216.0287      17619.5532         12.6196       1502.4716       3768.2592        469.6037       4507.1593        273.4845       -180.7820       7023.8880    -117111.2842          2.1549          1.1145          0.1181          0.7694          0.0160          0.0893          0.0476          0.0000          1.1997          1.5133          2.0481          1.7594          2.7496        300.7653          0.0000    -906470.9837         12.6665

INFO:       3450          1.7250    -988554.7501   -1006111.5128      17556.7627         12.6633       1541.7916       3790.1605        467.1076       4518.9035        261.9145       -180.4854       6925.4696    -116990.5042          3.3877          1.7116          0.0794          0.4001          0.6438          0.5237          0.0290          0.0000          1.2623          1.3623          1.9553          1.8617          2.7448        299.6935          0.0000    -906449.2582         14.3724

INFO:       3500          1.7500    -988602.0499   -1006268.8040      17666.7542         12.6293       1498.7355       3743.5364        481.1711       4490.0939        261.1132       -185.4001       7022.3423    -117114.5801          2.8689          2.0377          0.1574          0.1949          0.2384          0.0575          0.1830          0.0000          1.1944          1.4697          2.0843          1.8133          2.6850        301.5711          0.0000    -906468.6850         13.3608

INFO:       3550          1.7750    -988599.9794   -1006220.0603      17620.0809         12.6183       1488.1127       3769.7623        458.5910       4504.8200        252.6593       -193.9935       7126.3272    -117146.3279          2.4044          1.2480          0.0918          0.3701          0.0001          0.0190          0.6754          0.0000          1.2038          1.4864          2.0344          1.8031          2.6456        300.7744          0.0000    -906482.4157         16.2388

INFO:       3600          1.8000    -988581.1548   -1006185.0570      17603.9022         12.6476       1499.4426       3749.3080        474.1601       4506.0488        262.3408       -185.6575       7244.1576    -117257.9471          3.0278          0.7430          0.2277          0.2533          0.0416          1.5476          0.2147          0.0000          1.1864          1.3753          2.0151          1.9137          2.7741        300.4982          0.0000    -906479.9381         14.3404

INFO:       3650          1.8250    -988635.3431   -1006278.0896      17642.7465         12.6306       1460.6403       3727.0538        455.7154       4535.5351        265.5985       -177.4028       7162.1092    -117247.0263          2.8630          0.8218          0.7359          0.8778          0.0033          0.0854          0.3388          0.0000          1.1483          1.5193          2.0412          1.7601          2.6696        301.1613          0.0000    -906463.1758         28.8301

INFO:       3700          1.8500    -988608.1201   -1006191.2251      17583.1050         12.7218       1532.8089       3757.3540        461.3262       4500.8795        267.5590       -179.2350       7140.7346    -117195.2112          1.6132          1.0522          0.0562          0.0000          0.1867          0.0702          0.2480          0.0000          1.2104          1.4250          1.9923          1.7628          2.6780        300.1432          0.0000    -906479.0544         16.3255

INFO:       3750          1.8750    -988600.6533   -1006263.5257      17662.8724         12.6074       1510.9973       3747.3827        453.0140       4515.5555        278.5707       -177.3205       7002.9507    -117143.2549          1.4393          0.8406          0.0056          0.0757          0.2289          0.0590          0.2296          0.0000          1.2416          1.3981          1.9877          1.8136          2.7757        301.5048          0.0000    -906452.8606         15.3744

INFO:       3800          1.9000    -988609.4484   -1006297.0242      17687.5758         12.6267       1463.6901       3677.2465        453.1642       4499.1922        275.2871       -175.4340       7063.7151    -117063.5627          2.0907          1.0956          0.0102          0.0259          0.0035          0.1393          0.8162          0.0000          1.2240          1.4095          2.0414          1.7520          2.6375        301.9265          0.0000    -906492.4134         15.3434

INFO:       3850          1.9250    -988593.1953   -1006153.0770      17559.8817         12.6210       1506.6648       3722.5741        479.1054       4489.4745        254.7409       -192.0519       7099.3013    -117031.9566          2.2929          1.2047          0.0133          0.0029          0.0151          0.8601          0.1969          0.0000          1.2226          1.4202          2.0232          1.8820          2.7722        299.7468          0.0000    -906483.2223         12.1472

INFO:       3900          1.9500    -988597.7035   -1006273.2169      17675.5134         12.6038       1475.2260       3670.3970        460.2165       4466.7396        275.5429       -166.6732       6884.6974    -116864.8737          1.9947          0.6840          0.5096          0.4202          0.2903          0.0907          0.0000          0.0000          1.1627          1.4904          1.9816          1.8194          2.7279        301.7206          0.0000    -906476.4840         17.3633

INFO:       3950          1.9750    -988541.5191   -1006221.5493      17680.0302         12.6058       1531.6389       3660.8004        454.4685       4511.1005        272.8551       -175.9453       6954.2808    -116962.6524          1.3976          0.6098          0.0485          0.1131          0.0231          0.0135          0.5897          0.0000          1.2561          1.3920          2.0507          1.7777          2.6510        301.7977          0.0000    -906469.4935         11.0951

INFO:       4000          2.0000    -988584.8715   -1006050.4699      17465.5984         12.6661       1584.9676       3743.3152        465.8145       4536.4203        266.2070       -176.2862       7126.7558    -117123.2652          3.2523          0.5820          0.6960          1.2099          0.0948          0.0120          0.6575          0.0000          1.1507          1.5356          2.0663          1.8003          2.8089        298.1373          0.0000    -906477.6513         18.2296

 
[STEP6] Deallocate Arrays
 
Output_Time> Averaged timer profile (Min, Max)
  total time      =   27310.909
    setup         =      12.518
    dynamics      =   27298.392
      energy      =   27295.366
      integrator  =       8.293
      pairlist    =       4.890 (       4.203,       5.166)
  energy           
    bond          =       0.048 (       0.039,       0.071)
    angle         =       0.135 (       0.129,       0.148)
    dihedral      =       0.418 (       0.348,       0.524)
    nonbond       =      37.105 (      36.339,      37.821)
      pme real    =      37.104 (      36.338,      37.820)
      pme recip   =       0.000 (       0.000,       0.000)
    solvation     =       0.000 (       0.000,       0.000)
      polar       =       0.000 (       0.000,       0.000)
      non-polar   =       0.000 (       0.000,       0.000)
    restraint     =       0.022 (       0.018,       0.031)
    qmmm          =   27247.161 (   27245.809,   27247.536)
  integrator       
    constraint    =       4.651 (       4.550,       4.845)
    update        =       0.000 (       0.000,       0.000)
    comm_coord    =       0.000 (       0.000,       0.000)
    comm_force    =       0.000 (       0.000,       0.000)
    comm_migrate  =       0.000 (       0.000,       0.000)

Note: The following floating-point exceptions are signalling: IEEE_DIVIDE_BY_ZERO IEEE_UNDERFLOW_FLAG IEEE_DENORMAL
Note: The following floating-point exceptions are signalling: IEEE_DIVIDE_BY_ZERO IEEE_UNDERFLOW_FLAG IEEE_DENORMAL
Note: The following floating-point exceptions are signalling: IEEE_DIVIDE_BY_ZERO IEEE_UNDERFLOW_FLAG IEEE_DENORMAL
Note: The following floating-point exceptions are signalling: IEEE_DIVIDE_BY_ZERO IEEE_UNDERFLOW_FLAG IEEE_DENORMAL
Note: The following floating-point exceptions are signalling: IEEE_DIVIDE_BY_ZERO IEEE_UNDERFLOW_FLAG IEEE_DENORMAL
Note: The following floating-point exceptions are signalling: IEEE_INVALID_FLAG IEEE_DIVIDE_BY_ZERO IEEE_UNDERFLOW_FLAG IEEE_DENORMAL
Note: The following floating-point exceptions are signalling: IEEE_DIVIDE_BY_ZERO IEEE_UNDERFLOW_FLAG IEEE_DENORMAL
Note: The following floating-point exceptions are signalling: IEEE_DIVIDE_BY_ZERO IEEE_UNDERFLOW_FLAG IEEE_DENORMAL
Note: The following floating-point exceptions are signalling: IEEE_DIVIDE_BY_ZERO IEEE_UNDERFLOW_FLAG IEEE_DENORMAL
Note: The following floating-point exceptions are signalling: IEEE_DIVIDE_BY_ZERO IEEE_UNDERFLOW_FLAG IEEE_DENORMAL
Note: The following floating-point exceptions are signalling: IEEE_DIVIDE_BY_ZERO IEEE_UNDERFLOW_FLAG IEEE_DENORMAL
Note: The following floating-point exceptions are signalling: IEEE_INVALID_FLAG IEEE_DIVIDE_BY_ZERO IEEE_UNDERFLOW_FLAG IEEE_DENORMAL
Note: The following floating-point exceptions are signalling: IEEE_INVALID_FLAG IEEE_DIVIDE_BY_ZERO IEEE_UNDERFLOW_FLAG IEEE_DENORMAL
Note: The following floating-point exceptions are signalling: IEEE_INVALID_FLAG IEEE_DIVIDE_BY_ZERO IEEE_UNDERFLOW_FLAG IEEE_DENORMAL
Note: The following floating-point exceptions are signalling: IEEE_DIVIDE_BY_ZERO IEEE_UNDERFLOW_FLAG IEEE_DENORMAL
Note: The following floating-point exceptions are signalling: IEEE_DIVIDE_BY_ZERO IEEE_UNDERFLOW_FLAG IEEE_DENORMAL
Note: The following floating-point exceptions are signalling: IEEE_DIVIDE_BY_ZERO IEEE_UNDERFLOW_FLAG IEEE_DENORMAL
Note: The following floating-point exceptions are signalling: IEEE_DIVIDE_BY_ZERO IEEE_UNDERFLOW_FLAG IEEE_DENORMAL
Note: The following floating-point exceptions are signalling: IEEE_DIVIDE_BY_ZERO IEEE_UNDERFLOW_FLAG IEEE_DENORMAL
Note: The following floating-point exceptions are signalling: IEEE_DIVIDE_BY_ZERO IEEE_UNDERFLOW_FLAG IEEE_DENORMAL
Note: The following floating-point exceptions are signalling: IEEE_DIVIDE_BY_ZERO IEEE_UNDERFLOW_FLAG IEEE_DENORMAL
Note: The following floating-point exceptions are signalling: IEEE_DIVIDE_BY_ZERO IEEE_UNDERFLOW_FLAG IEEE_DENORMAL
Note: The following floating-point exceptions are signalling: IEEE_DIVIDE_BY_ZERO IEEE_UNDERFLOW_FLAG IEEE_DENORMAL
Note: The following floating-point exceptions are signalling: IEEE_DIVIDE_BY_ZERO IEEE_UNDERFLOW_FLAG IEEE_DENORMAL
Note: The following floating-point exceptions are signalling: IEEE_DIVIDE_BY_ZERO IEEE_UNDERFLOW_FLAG IEEE_DENORMAL
Note: The following floating-point exceptions are signalling: IEEE_DIVIDE_BY_ZERO IEEE_UNDERFLOW_FLAG IEEE_DENORMAL
Note: The following floating-point exceptions are signalling: IEEE_DIVIDE_BY_ZERO IEEE_UNDERFLOW_FLAG IEEE_DENORMAL
Note: The following floating-point exceptions are signalling: IEEE_DIVIDE_BY_ZERO IEEE_UNDERFLOW_FLAG IEEE_DENORMAL
Note: The following floating-point exceptions are signalling: IEEE_DIVIDE_BY_ZERO IEEE_UNDERFLOW_FLAG IEEE_DENORMAL
Note: The following floating-point exceptions are signalling: IEEE_DIVIDE_BY_ZERO IEEE_UNDERFLOW_FLAG IEEE_DENORMAL
Note: The following floating-point exceptions are signalling: IEEE_DIVIDE_BY_ZERO IEEE_UNDERFLOW_FLAG IEEE_DENORMAL
Note: The following floating-point exceptions are signalling: IEEE_DIVIDE_BY_ZERO IEEE_UNDERFLOW_FLAG IEEE_DENORMAL
