(10.0.17.43:0,1,2,3,4,5,6,7)
(10.0.17.44:8,9,10,11,12,13,14,15)
(10.0.17.45:16,17,18,19,20,21,22,23)
(10.0.17.46:24,25,26,27,28,29,30,31)

[0] MPI startup(): libfabric version: 1.7.2a-impi
[0] MPI startup(): libfabric provider: psm2
[0] MPI startup(): Rank    Pid      Node name    Pin cpu
[0] MPI startup(): 0       168244   cx1131.obcx  {0,1,2,3,4,5,6}
[0] MPI startup(): 1       168245   cx1131.obcx  {7,8,9,10,11,12,13}
[0] MPI startup(): 2       168246   cx1131.obcx  {14,15,16,17,18,19,20}
[0] MPI startup(): 3       168247   cx1131.obcx  {21,22,23,24,25,26,27}
[0] MPI startup(): 4       168248   cx1131.obcx  {28,29,30,31,32,33,34}
[0] MPI startup(): 5       168249   cx1131.obcx  {35,36,37,38,39,40,41}
[0] MPI startup(): 6       168250   cx1131.obcx  {42,43,44,45,46,47,48}
[0] MPI startup(): 7       168251   cx1131.obcx  {49,50,51,52,53,54,55}
[0] MPI startup(): 8       45018    cx1132.obcx  {0,1,2,3,4,5,6}
[0] MPI startup(): 9       45019    cx1132.obcx  {7,8,9,10,11,12,13}
[0] MPI startup(): 10      45020    cx1132.obcx  {14,15,16,17,18,19,20}
[0] MPI startup(): 11      45021    cx1132.obcx  {21,22,23,24,25,26,27}
[0] MPI startup(): 12      45022    cx1132.obcx  {28,29,30,31,32,33,34}
[0] MPI startup(): 13      45023    cx1132.obcx  {35,36,37,38,39,40,41}
[0] MPI startup(): 14      45024    cx1132.obcx  {42,43,44,45,46,47,48}
[0] MPI startup(): 15      45025    cx1132.obcx  {49,50,51,52,53,54,55}
[0] MPI startup(): 16      153339   cx1133.obcx  {0,1,2,3,4,5,6}
[0] MPI startup(): 17      153340   cx1133.obcx  {7,8,9,10,11,12,13}
[0] MPI startup(): 18      153341   cx1133.obcx  {14,15,16,17,18,19,20}
[0] MPI startup(): 19      153342   cx1133.obcx  {21,22,23,24,25,26,27}
[0] MPI startup(): 20      153343   cx1133.obcx  {28,29,30,31,32,33,34}
[0] MPI startup(): 21      153344   cx1133.obcx  {35,36,37,38,39,40,41}
[0] MPI startup(): 22      153345   cx1133.obcx  {42,43,44,45,46,47,48}
[0] MPI startup(): 23      153346   cx1133.obcx  {49,50,51,52,53,54,55}
[0] MPI startup(): 24      90576    cx1134.obcx  {0,1,2,3,4,5,6}
[0] MPI startup(): 25      90577    cx1134.obcx  {7,8,9,10,11,12,13}
[0] MPI startup(): 26      90578    cx1134.obcx  {14,15,16,17,18,19,20}
[0] MPI startup(): 27      90579    cx1134.obcx  {21,22,23,24,25,26,27}
[0] MPI startup(): 28      90580    cx1134.obcx  {28,29,30,31,32,33,34}
[0] MPI startup(): 29      90581    cx1134.obcx  {35,36,37,38,39,40,41}
[0] MPI startup(): 30      90582    cx1134.obcx  {42,43,44,45,46,47,48}
[0] MPI startup(): 31      90583    cx1134.obcx  {49,50,51,52,53,54,55}
[0] MPI startup(): I_MPI_OFI_LIBRARY_INTERNAL=1
[0] MPI startup(): I_MPI_ROOT=/work/opt/local/cores/intel/impi/2019.5.281
[0] MPI startup(): I_MPI_HYDRA_BOOTSTRAP_EXEC=/usr/local/bin/pjrsh4calc
[0] MPI startup(): I_MPI_HYDRA_BOOTSTRAP_AUTOFORK=0
[0] MPI startup(): I_MPI_HYDRA_TOPOLIB=hwloc
[0] MPI startup(): I_MPI_HYDRA_HOST_FILE=/work/00/hp200098/o30000/tim/tim5/b3lypD3.rpath1/4.equil2_ob/.d0000793835_nodeinfo
[0] MPI startup(): I_MPI_PERHOST=8
[0] MPI startup(): I_MPI_INTERNAL_MEM_POLICY=default
[0] MPI startup(): I_MPI_DEBUG=5
****************************************************
*                                                  *
*                  GENESIS ATDYN                   *
*                                                  *
*        A Molecular Dynamics Simulator with       *
*            Atomic Decomposition Scheme           *
*                                                  *
*               Developed by RIKEN                 *
*                                                  *
****************************************************
 
[STEP0] Architecture and Compiler Information
 
GENESIS_Information> GENESIS Information
  version      = 1.6.0
  commit ID    = $GENESIS_VERSION$
  precision    = double
  nonbonding   = CPU

Build_Information> Compiler Information
  build host   = o30000@obcx03.obcx
  fortran      = GNU Fortran (GCC) 7.5.0
  option       = -O3 -ffast-math -march=native -ffree-line-length-none -fopenmp 
  C            = gcc (GCC) 7.5.0
  option       = -O3 -ffast-math -march=native -fopenmp
  defined var. =  -DMPI -DOMP -DFFTE -DLAPACK -DDSFMT_MEXP=19937 -D__GFORTRAN__
  link option  = -L/work/hp200098/share/local/lib -fopenmp -lmkl_scalapack_lp64 -lmkl_blacs_intelmpi_lp64 -lmkl_intel_lp64 -lmkl_intel_thread -lmkl_core -liomp5 -lpthread -lm 

Runtime_Information> Machine and Library Information
  date       = 2021/02/05 18:01:12
  cpu model    = Intel(R) Xeon(R) Platinum 8280 CPU @ 2.70GHz
  exec. host   = o30000@cx1131.obcx
  LD library   = /work/hp200098/share/local/lib:/work/opt/local/cores/intel/compilers_and_libraries_2019.5.281/linux/tbb/lib/intel64_lin/gcc4.7:/work/opt/local/cores/intel/compilers_and_libraries_2019.5.281/linux/compiler/lib/intel64_lin:/work/opt/local/cores/intel/compilers_and_libraries_2019.5.281/linux/mkl/lib/intel64_lin:/work/opt/local/cores/intel/impi/2019.5.281/intel64/libfabric/lib:/work/opt/local/cores/intel/impi/2019.5.281/intel64/lib/release:/work/opt/local/cores/intel/impi/2019.5.281/intel64/lib:/work/opt/local/cores/gcc/7.5.0/lib64

[STEP1] Read Control Parameters
 
Read_Ctrl_Input> Input Files
  topfile = toppar/top_all36_prot.rtf, toppar/top_all36_cgenff.rtf
  parfile = toppar/par_all36_prot.prm, toppar/par_all36_cgenff.prm
  strfile = toppar/toppar_water_ions.str, toppar/toppar_dhap.3.str
  psffile = ../../2.equil/step4_nvt_100.psf
  pdbfile = ../../2.equil/step4_nvt_100.pdb
  rstfile = ../3.equil1/equil1_10.rst
  reffile = ../../2.equil/step4_nvt_100.pdb
 
Read_Ctrl_Output> Output Files
  dcdfile    = equil2_10.dcd
  rstfile    = equil2_10.rst
 
Read_Ctrl_Energy> Parameters of Energy Calculations
  forcefield      =     CHARMM
  switchdist      =     16.000  cutoffdist      =     18.000
  pairlistdist    =     19.500  dielec_const    =      1.000
  vdW force_switch=        yes
  electrostatic   =  CUTOFF
  implicit_solvent=       none
  table_order     =          3
  table_density   =     20.000
  water_model     =       NONE
  output_style    =    GENESIS
  dispersion_corr =       none
  nonb_limiter    =      no
 
Read_Ctrl_Dynamics> Parameters of MD simulation
  integrator      =       VVER  nsteps          =       4000
  timestep        =     0.0005  initial_time    =     0.0000
  eneout_period   =         50  rstout_period   =         50
  crdout_period   =         50  velout_period   =          0
  nbupdate_period =         10  stoptr_period   =         10
  iseed           =   20190319
  annealing       =         no
  verbose         =         no
  target_md       =         no
  steered_md      =         no
  esp_mm          =         no
 
Read_Ctrl_Constraints> Parameters for Constraints
  rigid_bond      =        yes
  shake_iteration =        500  shake_tolerance =  0.100E-09
  fast_water      =        yes  water_model     =       TIP3
  hydrogen_type   =  name|mass
  noshake_index   = 4  11  12  13
  fixatm_select_index        =       none
 
Read_Ctrl_Ensemble> Parameters for Ensemble
  ensemble        =        NVT
  temperature     =    300.000
  tpcontrol       =      BUSSI
  tau_t           =      0.500
 
Read_Ctrl_Boundary> Parameters of Boundary Condition
  type            =       NOBC
  spherical_pot   =        yes  restart         =          T
  center_info     =       read  modify_ratio    =      1.000
  constant        =     10.000  exponent        =          2
  fixatom         =          T  fix_layer       =      1.000
 
Read_Ctrl_Selection> Parameters of Selection
  # of groups     =         13
    group 1 = sid:DHA or (sid:TIMA and (rno:95 or rno:165) and          not (an:CA  | an:C   | an:O   | an:N | an:HN | an:HA))
    group 2 = atomno:1900 or atomno:5687
    group 3 = atomno:1442
    group 4 = atomno:1443
    group 5 = atomno:2559
    group 6 = atomno:2560
    group 7 = atomno:7583
    group 8 = atomno:7584
    group 9 = atomno:7585
    group 10 = atomno:7586
    group 11 = atomno:7587
    group 12 = atomno:7588
    group 13 = atomno:7589
  # of mole names =          0
 
Read_Ctrl_Restraints> Parameters of Restraint
  numfunc         =   6
  function1 = POSI     
    direction     = ALL 
    constant      = 10.0
    reference     = 
    select_index  = 2
    mode          =   0
    exponent      =   2
    exponent_dist = 
    weight_dist   = 

  function2 = DIST     
    constant      = 100.0
    reference     = 1.6541
    select_index  = 6  12
    mode          =   0
    exponent      =   2
    exponent_dist = 
    weight_dist   = 

  function3 = DIST     
    constant      = 100.0
    reference     = 1.1328
    select_index  = 9  12
    mode          =   0
    exponent      =   2
    exponent_dist = 
    weight_dist   = 

  function4 = DIST     
    constant      = 100.0
    reference     = 2.0303
    select_index  = 5  11
    mode          =   0
    exponent      =   2
    exponent_dist = 
    weight_dist   = 

  function5 = DIST     
    constant      = 100.0
    reference     = 1.8417
    select_index  = 8   4
    mode          =   0
    exponent      =   2
    exponent_dist = 
    weight_dist   = 

  function6 = DIST     
    constant      = 100.0
    reference     = 2.7288
    select_index  = 3  11
    mode          =   0
    exponent      =   2
    exponent_dist = 
    weight_dist   = 

  pressure_position   = NO
  pressure_rmsd     = NO

Read_Ctrl_Fitting_MD> Parameters of Fitting
  fitting method  =  TR+ROT   
  fitting atom    = group1
  mass_weight     =         no
 
Read_Ctrl_QMMM> Parameters of QM/MM
  qmtyp              = qsimulate
  qmcnt              = qsimulate.json
  qmexe              = 
  workdir            = equil2_10
  savedir            = none
  basename           = job
  qmsave_period      = 500
  qmmaxtrial         = 1
  qmatm_select_index = 1
  exclude_charge     = GROUP
 
[STEP2] Setup MPI
 
Setup_Mpi_Md> Summary of Setup MPI
  number of MPI processes   =         32
  number of OpenMP threads  =          7
  total number of CPU cores =        224

[STEP3] Set Relevant Variables and Structures
 
Input_Top> Summary of Topfile
  num_atom_class  =        212  num_resi_type   =        685
 
Input_Par> Summary of Parfile
  num_bonds       =        658  num_angles      =       2003
  num_dihedrals   =       4838  num_impropers   =        163
  num_atom_cls    =        212  num_nbfix       =         75
  num_cmap_terms  =          6
 
Input_Str> Summary of Top information
  num_atom_class  =        227  num_resi_type   =        700
 
Input_Str> Summary of Par information
  num_bonds       =        663  num_angles      =       2006
  num_dihedrals   =       4850  num_impropers   =        163
  num_atom_cls    =        227  num_nbfix       =         90
  num_cmap_terms  =          6
 
Read_Psf> Summary of Psffile
  psftype         =      xplor
  num_atoms       =      37226  num_bonds       =      37288
  num_angles      =      23768  num_dihedrals   =      20268
  num_impropers   =       1292  num_cmap_terms  =        494
  num_HB_donors   =      20596  num_HB_acceptors=      10610
  num_NB_exclusion=          0  num_groups      =      12168
  total_charge    =    -10.000
 
Check_Pdb> 6-column residue sequence number
 
Read_Pdb> Summary of Data in PDB file
  num_atoms       =      37226
 
Read_Rst_Binary> Summary of RST file
  num_atoms       =      37226  iseed           =   20190319
  boxsize (x,y,z) =      0.000     0.000     0.000
  spherical_pot     =      yes
  nfunctions                 2  num_fixatm              9645
  num_of_qm_charge          35

Define_Molecule> Summary of molecules
  num_atoms       =      37226  num_bonds       =      37288
  num_angles      =      23768  num_dihedrals   =      20268
  num_impropers   =       1292  num_cmap_terms  =        494
  num_residues    =      10370  num_molecules   =       9878
  num_segments    =          6  num_deg_freedom =     111678
  total_charge    =    -10.000
 
Setup_Boundary> Setup Variables for Boundary Condition
  origin(x,y,z)   =      0.000     0.000     0.000
  nfunctions      =        2
    center(x,y,z) =     17.000     0.000     0.000
    radius        =     35.000
    constant      =     10.000
    exponent      =          2
    center(x,y,z) =    -17.000     0.000     0.000
    radius        =     35.000
    constant      =     10.000
    exponent      =          2

  num_fixatm      =     9645

 
Random_Init> Initialize the random number
  seed            = 20190319

Setup_QMMM> Setup QM region
  QM assignment info
  1435 TIMA     95 HSE    CB   CT2    assigned to QM atom    1 of element: C     6
  1436 TIMA     95 HSE    HB1  HA2    assigned to QM atom    2 of element: H     1
  1437 TIMA     95 HSE    HB2  HA2    assigned to QM atom    3 of element: H     1
  1438 TIMA     95 HSE    ND1  NR2    assigned to QM atom    4 of element: N     7
  1439 TIMA     95 HSE    CG   CPH1   assigned to QM atom    5 of element: C     6
  1440 TIMA     95 HSE    CE1  CPH2   assigned to QM atom    6 of element: C     6
  1441 TIMA     95 HSE    HE1  HR1    assigned to QM atom    7 of element: H     1
  1442 TIMA     95 HSE    NE2  NR1    assigned to QM atom    8 of element: N     7
  1443 TIMA     95 HSE    HE2  H      assigned to QM atom    9 of element: H     1
  1444 TIMA     95 HSE    CD2  CPH1   assigned to QM atom   10 of element: C     6
  1445 TIMA     95 HSE    HD2  HR3    assigned to QM atom   11 of element: H     1
  2552 TIMA    165 GLU    CB   CT2A   assigned to QM atom   12 of element: C     6
  2553 TIMA    165 GLU    HB1  HA2    assigned to QM atom   13 of element: H     1
  2554 TIMA    165 GLU    HB2  HA2    assigned to QM atom   14 of element: H     1
  2555 TIMA    165 GLU    CG   CT2    assigned to QM atom   15 of element: C     6
  2556 TIMA    165 GLU    HG1  HA2    assigned to QM atom   16 of element: H     1
  2557 TIMA    165 GLU    HG2  HA2    assigned to QM atom   17 of element: H     1
  2558 TIMA    165 GLU    CD   CC     assigned to QM atom   18 of element: C     6
  2559 TIMA    165 GLU    OE1  OC     assigned to QM atom   19 of element: O     8
  2560 TIMA    165 GLU    OE2  OC     assigned to QM atom   20 of element: O     8
  7575 DHA     249 DHAP   P    PG2    assigned to QM atom   21 of element: P    15
  7576 DHA     249 DHAP   O1P  OG303  assigned to QM atom   22 of element: O     8
  7577 DHA     249 DHAP   O2P  OG2P1  assigned to QM atom   23 of element: O     8
  7578 DHA     249 DHAP   O3P  OG2P1  assigned to QM atom   24 of element: O     8
  7579 DHA     249 DHAP   O4P  OG2P1  assigned to QM atom   25 of element: O     8
  7580 DHA     249 DHAP   C1   CG321  assigned to QM atom   26 of element: C     6
  7581 DHA     249 DHAP   H11  HGA2   assigned to QM atom   27 of element: H     1
  7582 DHA     249 DHAP   H12  HGA2   assigned to QM atom   28 of element: H     1
  7583 DHA     249 DHAP   C2   CG2O5  assigned to QM atom   29 of element: C     6
  7584 DHA     249 DHAP   O2   OG2D3  assigned to QM atom   30 of element: O     8
  7585 DHA     249 DHAP   C3   CG321  assigned to QM atom   31 of element: C     6
  7586 DHA     249 DHAP   O3   OG311  assigned to QM atom   32 of element: O     8
  7587 DHA     249 DHAP   HO3  HGP1   assigned to QM atom   33 of element: H     1
  7588 DHA     249 DHAP   H31  HGA2   assigned to QM atom   34 of element: H     1
  7589 DHA     249 DHAP   H32  HGA2   assigned to QM atom   35 of element: H     1
  number of QM atoms = 35
 
  QM charges retreived from rstfile.
 

Generate_LinkAtoms> QM-MM interface info. Link hydrogen is set between:
              [ QM atom ]             -             [ MM atom ]
  1435 TIMA     95 HSE    CB   CT2    -   1433 TIMA     95 HSE    CA   CT1   
                                          1431 TIMA     95 HSE    N    NH1    excluded
                                          1432 TIMA     95 HSE    HN   H      excluded
                                          1434 TIMA     95 HSE    HA   HB1    excluded
  2552 TIMA    165 GLU    CB   CT2A   -   2550 TIMA    165 GLU    CA   CT1   
                                          2548 TIMA    165 GLU    N    NH1    excluded
                                          2549 TIMA    165 GLU    HN   H      excluded
                                          2551 TIMA    165 GLU    HA   HB1    excluded

  number of link atoms           = 2
  number of external MM charges  = 37183


  Check the input file for QSimulate [ qsimulate.json ]
Setup_Enefunc_Cmap_Par> Natural spline is used to derive cmap coefs.

Setup_Enefunc_Table> Setup Variables for LookupTable
  num_solutes     =      37226  num_waters      =          0

Setup_Enefunc_Restraint> Setup restraint groups
 group =     1, "sid:DHA or (sid:TIMA and (rno:95 or rno:165) and          not (an:CA  | an:C   | an:O   | an:N | an:HN | an:HA))"
 # of atoms =    35
 atomlist: 
   1435   1436   1437   1438   1439   1440   1441   1442   1443   1444
   1445   2552   2553   2554   2555   2556   2557   2558   2559   2560
   7575   7576   7577   7578   7579   7580   7581   7582   7583   7584
   7585   7586   7587   7588   7589
 group =     2, "atomno:1900 or atomno:5687"
 # of atoms =     2
 atomlist: 
   1900   5687
 group =     3, "atomno:1442"
 # of atoms =     1
 atomlist: 
   1442
 group =     4, "atomno:1443"
 # of atoms =     1
 atomlist: 
   1443
 group =     5, "atomno:2559"
 # of atoms =     1
 atomlist: 
   2559
 group =     6, "atomno:2560"
 # of atoms =     1
 atomlist: 
   2560
 group =     7, "atomno:7583"
 # of atoms =     1
 atomlist: 
   7583
 group =     8, "atomno:7584"
 # of atoms =     1
 atomlist: 
   7584
 group =     9, "atomno:7585"
 # of atoms =     1
 atomlist: 
   7585
 group =    10, "atomno:7586"
 # of atoms =     1
 atomlist: 
   7586
 group =    11, "atomno:7587"
 # of atoms =     1
 atomlist: 
   7587
 group =    12, "atomno:7588"
 # of atoms =     1
 atomlist: 
   7588
 group =    13, "atomno:7589"
 # of atoms =     1
 atomlist: 
   7589
Setup_Enefunc_Restraint> Setup restraint functions
 func  =     1 kind  =     1
 const(total, x, y, z) =   10.000   1.000   1.000   1.000
 exponend of function =     2
 # of groups  =     1
 grouplist:   2

 func  =     2 kind  =     2
 const             =  100.000
 ref               =    1.654
 exponend of function =     2
 # of distances  =     1
 distancelist: 
 group = (  6, 12) weight =    1.000 exponent =     1

 func  =     3 kind  =     2
 const             =  100.000
 ref               =    1.133
 exponend of function =     2
 # of distances  =     1
 distancelist: 
 group = (  9, 12) weight =    1.000 exponent =     1

 func  =     4 kind  =     2
 const             =  100.000
 ref               =    2.030
 exponend of function =     2
 # of distances  =     1
 distancelist: 
 group = (  5, 11) weight =    1.000 exponent =     1

 func  =     5 kind  =     2
 const             =  100.000
 ref               =    1.842
 exponend of function =     2
 # of distances  =     1
 distancelist: 
 group = (  8,  4) weight =    1.000 exponent =     1

 func  =     6 kind  =     2
 const             =  100.000
 ref               =    2.729
 exponend of function =     2
 # of distances  =     1
 distancelist: 
 group = (  3, 11) weight =    1.000 exponent =     1

Define_Enefunc_CHARMM> Number of Interactions in Each Term
  bond_ene        =      37255  angle_ene       =      23717
  urey_ene        =       6639
  torsion_ene     =      23862  improper_ene    =       1285
  cmap_ene        =        494
  restraint_groups=         13  restraint_funcs =          6
 
Setup_Fitting_Atdyn> NO fitting is applied, skip
  fitting method  =  NO

Update_Num_Deg_Freedom> Number of degrees of freedom was updated
  num_deg_freedom =      82743 (After setup of fixed atoms at boundary)
 
Remove_Fixatm> Modified Interactions
  bond_ene        =      27610  angle_ene       =      20502
  urey_ene        =       6639
  torsion_ene     =      23862  improper_ene    =       1285
 
Setup_Constraints> The following atoms are excluded from SHAKE:
    1443    7587    7588    7589
Setup_Settle> Setup constraints for SETTLE
  num_unconsbonds =       7633      num_Settle  =       6659
  r0(O-H)         =     0.9572  mass(O)         =    15.9994
  r0(H-H)         =     1.5139  mass(H)         =     1.0080
 
Setup_Shake> Setup constrains for SHAKE and RATTLE
  num_unconsbonds =       3837  num_rigid_bonds =       3796
 
  num_qm_rigid_bonds =         10
 
Update_Num_Deg_Freedom> Number of degrees of freedom was updated
  num_deg_freedom =      62766 (After setup of SETTLE)
 
Update_Num_Deg_Freedom> Number of degrees of freedom was updated
  num_deg_freedom =      58960 (After setup of SHAKE/RATTLE)
 
[STEP4] Compute Single Point Energy for Molecules
 
            STEP            BOND           ANGLE    UREY-BRADLEY        DIHEDRAL        IMPROPER            CMAP         VDWAALS           ELECT    RESTRAINT001    RESTRAINT002    RESTRAINT003    RESTRAINT004    RESTRAINT005    RESTRAINT006    RESTR_CVS001    RESTR_CVS002    RESTR_CVS003    RESTR_CVS004    RESTR_CVS005    RESTR_CVS006              QM            SPOT
 --------------- --------------- --------------- --------------- ---------------
               0       1484.5563       3780.0513        475.2918       4490.1588        242.5028       -198.7216       7091.3090    -117109.7662          1.6974          0.1486          0.0093          0.0256          0.0384          0.1104          0.0000          1.6926          1.1232          2.0143          1.8221          2.7620    -906465.6714         25.7255

[STEP5] Perform Molecular Dynamics Simulation
 
INFO:       STEP            TIME       TOTAL_ENE   POTENTIAL_ENE     KINETIC_ENE            RMSG            BOND           ANGLE    UREY-BRADLEY        DIHEDRAL        IMPROPER            CMAP         VDWAALS           ELECT RESTRAINT_TOTAL    RESTRAINT001    RESTRAINT002    RESTRAINT003    RESTRAINT004    RESTRAINT005    RESTRAINT006    RESTR_CVS001    RESTR_CVS002    RESTR_CVS003    RESTR_CVS004    RESTR_CVS005    RESTR_CVS006     TEMPERATURE          VOLUME              QM            SPOT
 --------------- --------------- --------------- --------------- ---------------
INFO:         50          0.0250    -988512.8116   -1006227.6178      17714.8062         12.5679       1464.9054       3698.5102        468.1719       4526.6015        287.9774       -203.6549       7159.5171    -117146.5248          2.6269          2.1053          0.0095          0.0117          0.0621          0.0139          0.4245          0.0000          1.6444          1.1436          2.0552          1.8299          2.6636        302.3913          0.0000    -906485.7485         17.4137

INFO:        100          0.0500    -988541.4606   -1006268.6865      17727.2259         12.5430       1480.4382       3790.0732        474.1437       4528.0659        253.9617       -204.5945       7211.0069    -117322.0169          3.3461          2.5048          0.1983          0.0010          0.1517          0.4394          0.0508          0.0000          1.6986          1.1296          2.0692          1.9080          2.7513        302.6033          0.0000    -906483.1108         21.9122

INFO:        150          0.0750    -988572.7990   -1006276.0671      17703.2680         12.5084       1475.1315       3793.1797        486.7234       4539.5714        255.7286       -189.1515       7129.4412    -117297.6278          2.9886          2.5842          0.1768          0.0229          0.1620          0.0275          0.0153          0.0000          1.6961          1.1479          1.9901          1.8251          2.7164        302.1944          0.0000    -906472.0522         19.3462

INFO:        200          0.1000    -988516.5206   -1006187.3024      17670.7817         12.5844       1535.1791       3768.1656        482.3332       4498.5447        259.8639       -187.5535       7185.1148    -117275.1097          2.5048          1.8805          0.1255          0.0017          0.4690          0.0253          0.0028          0.0000          1.6895          1.1287          1.9618          1.8576          2.7235        301.6398          0.0000    -906456.3453         14.0206

INFO:        250          0.1250    -988488.1205   -1006268.3638      17780.2434         12.6282       1529.2609       3710.6452        475.9572       4528.0705        261.1421       -180.5598       7114.9184    -117249.8091          3.8107          1.5446          0.0015          0.0408          0.0146          0.6799          1.5293          0.0000          1.6580          1.1530          2.0182          1.9242          2.8525        303.5083          0.0000    -906461.8000         18.6443

INFO:        300          0.1500    -988525.5541   -1006424.7011      17899.1470         12.6145       1483.3847       3745.4466        459.9759       4477.3550        254.2737       -188.2055       7121.4172    -117295.2124          3.5669          2.6354          0.4038          0.0177          0.3561          0.0212          0.1327          0.0000          1.7176          1.1461          2.0900          1.8563          2.6924        305.5380          0.0000    -906486.7033         14.5791

INFO:        350          0.1750    -988566.1642   -1006317.9876      17751.8234         12.5922       1510.8949       3751.4112        462.2272       4502.9361        261.3499       -188.6975       7230.1238    -117362.0507          6.8233          3.4960          0.2347          0.0001          0.1057          0.8486          2.1382          0.0000          1.7025          1.1339          1.9978          1.9338          2.8750        303.0232          0.0000    -906493.0058         16.4317

INFO:        400          0.2000    -988571.2905   -1006336.9625      17765.6720         12.6255       1475.2780       3783.7548        474.8430       4489.0893        243.8625       -174.9256       7378.0721    -117496.7779          4.3323          2.7407          1.4435          0.0020          0.0437          0.1018          0.0005          0.0000          1.7742          1.1372          2.0094          1.8736          2.7310        303.2596          0.0000    -906514.4912         18.6845

INFO:        450          0.2250    -988640.3992   -1006430.1100      17789.7108         12.5738       1498.3130       3690.9675        466.2039       4474.7817        247.8087       -174.7706       7348.1321    -117509.6368          5.3140          2.9724          0.1345          0.0001          0.5478          0.0830          1.5763          0.0000          1.6908          1.1319          1.9563          1.8705          2.8544        303.6699          0.0000    -906477.2236         19.9789

INFO:        500          0.2500    -988597.1874   -1006240.5849      17643.3975         12.6442       1547.3036       3702.8327        463.6884       4521.7734        248.1387       -193.5105       7352.0253    -117399.2073          5.4106          3.8338          0.2749          0.0043          0.0340          0.2278          1.0357          0.0000          1.7065          1.1394          2.0119          1.8894          2.6270        301.1724          0.0000    -906489.0397         17.8310

INFO:        550          0.2750    -988619.9770   -1006185.8944      17565.9174         12.5828       1479.9275       3808.7288        480.4982       4512.5908        282.5274       -197.5951       7253.1465    -117326.6590          5.6013          3.3841          0.0970          0.0072          0.6191          0.3020          1.1919          0.0000          1.6852          1.1413          1.9516          1.7867          2.8380        299.8498          0.0000    -906484.6608         18.0857

INFO:        600          0.3000    -988605.5905   -1006248.3235      17642.7330         12.6047       1529.2660       3792.1262        475.2888       4484.1779        266.0236       -195.7613       7182.5629    -117318.3205          4.2118          2.4433          0.7746          0.0017          0.0797          0.0698          0.8426          0.0000          1.7421          1.1287          2.0585          1.8153          2.6370        301.1610          0.0000    -906467.8988         21.6844

INFO:        650          0.3250    -988543.3830   -1006162.5717      17619.1887         12.5997       1487.3295       3786.8807        458.3944       4512.9638        274.0131       -206.4425       7178.1088    -117188.4266          3.4272          2.3525          0.1830          0.0164          0.1543          0.7109          0.0099          0.0000          1.6969          1.1456          1.9910          1.9260          2.7388        300.7591          0.0000    -906468.8201         18.0301

INFO:        700          0.3500    -988593.7124   -1006153.3052      17559.5927         12.6667       1501.8149       3837.7326        483.7995       4502.6819        291.7125       -203.5191       7190.5929    -117276.2609          2.7810          2.3337          0.0540          0.0001          0.0046          0.1323          0.2563          0.0000          1.6773          1.1316          2.0235          1.8053          2.7794        299.7418          0.0000    -906484.6405         17.3953

INFO:        750          0.3750    -988587.0092   -1006302.1813      17715.1721         12.6050       1442.8199       3786.2540        454.7752       4531.5118        263.5811       -202.1543       7277.5857    -117403.1437          5.3790          2.4519          2.0868          0.0000          0.3437          0.3806          0.1160          0.0000          1.7986          1.1327          2.0889          1.9034          2.6947        302.3976          0.0000    -906458.7899         14.6073

INFO:        800          0.4000    -988590.9117   -1006232.1990      17641.2874         12.5382       1467.4961       3738.4530        470.4001       4511.2292        272.9759       -223.3805       7282.3751    -117297.7718          3.6224          1.9399          0.1849          0.1259          0.2628          0.9833          0.1256          0.0000          1.6971          1.0973          1.9790          1.9409          2.7642        301.1364          0.0000    -906457.5986         12.6372

INFO:        850          0.4250    -988632.5694   -1006123.1422      17490.5728         12.6084       1553.5067       3761.5575        481.0344       4571.2174        273.5672       -224.2121       7161.3096    -117229.1544          3.9356          1.8810          0.9895          0.0133          1.0028          0.0449          0.0042          0.0000          1.7536          1.1443          1.9302          1.8205          2.7353        298.5637          0.0000    -906475.9042         11.2684

INFO:        900          0.4500    -988653.6833   -1006160.6743      17506.9910         12.5523       1448.8592       3813.4012        467.2040       4480.7891        263.6671       -221.0825       7137.6309    -117078.7458          2.7186          2.2272          0.1667          0.1067          0.1635          0.0278          0.0267          0.0000          1.6949          1.1655          2.0707          1.8584          2.7125        298.8439          0.0000    -906475.1161         12.7056

INFO:        950          0.4750    -988628.5318   -1006185.2915      17556.7597         12.6229       1532.6745       3770.1081        479.5964       4512.8056        250.7356       -212.8398       7031.2111    -117064.8774          3.5850          2.6167          0.2846          0.0027          0.2093          0.3380          0.1337          0.0000          1.7075          1.1380          1.9846          1.8998          2.7654        299.6935          0.0000    -906488.2905         19.6310

INFO:       1000          0.5000    -988651.8866   -1006108.5402      17456.6536         12.5803       1505.3374       3736.8996        477.9105       4520.4111        272.3467       -205.6657       7089.2057    -117057.4091          2.6736          2.2826          0.2515          0.0001          0.0584          0.0787          0.0024          0.0000          1.7042          1.1316          2.0545          1.8136          2.7239        297.9847          0.0000    -906450.2500         20.2329

INFO:       1050          0.5250    -988663.3996   -1006213.7836      17550.3840         12.5859       1553.7340       3716.6246        458.9007       4529.5191        241.6187       -204.7397       7119.6432    -117185.0183          2.9238          1.8410          0.4164          0.0017          0.0001          0.5540          0.1108          0.0000          1.7186          1.1369          2.0292          1.9161          2.6955        299.5846          0.0000    -906446.9898         22.4010

INFO:       1100          0.5500    -988691.6484   -1006273.0130      17581.3646         12.6446       1520.1094       3736.4650        468.8658       4494.8440        277.7908       -207.1391       7224.2334    -117336.9248          3.2779          2.0229          0.0052          0.0032          0.8483          0.1012          0.2971          0.0000          1.6613          1.1272          1.9382          1.8099          2.6743        300.1135          0.0000    -906454.5355         21.3837

INFO:       1150          0.5750    -988717.3454   -1006200.3626      17483.0172         12.5888       1493.4019       3805.6897        467.8982       4473.4815        275.0412       -204.0795       7246.9469    -117302.6301          4.8122          1.9506          0.0008          0.0110          2.4469          0.0022          0.4006          0.0000          1.6513          1.1223          1.8739          1.8370          2.6655        298.4347          0.0000    -906460.9246         23.3255

INFO:       1200          0.6000    -988724.5236   -1006219.7980      17495.2744         12.5362       1506.5506       3694.4411        479.6725       4524.8751        259.2249       -205.3623       7183.5057    -117201.9394          2.9384          1.4982          1.1094          0.0504          0.0148          0.2578          0.0078          0.0000          1.7594          1.1553          2.0424          1.8925          2.7200        298.6439          0.0000    -906463.7045         17.5859

INFO:       1250          0.6250    -988711.8869   -1006126.9303      17415.0435         12.6068       1492.4754       3770.2019        467.8576       4538.1203        268.6068       -204.8620       6989.0681    -116992.8191          1.7520          1.3753          0.0034          0.0238          0.1008          0.2168          0.0319          0.0000          1.6483          1.1174          1.9986          1.7951          2.7109        297.2744          0.0000    -906457.3313         22.5431

INFO:       1300          0.6500    -988760.4631   -1006229.8692      17469.4061         12.5974       1457.0002       3738.1062        465.2789       4507.6606        263.2116       -179.1799       6932.9407    -116949.0290          5.8637          1.5611          1.5180          0.0521          0.0591          1.8544          0.8190          0.0000          1.7773          1.1556          2.0060          1.7055          2.8193        298.2023          0.0000    -906471.7222         13.4207

INFO:       1350          0.6750    -988740.6593   -1006246.3102      17505.6509         12.5668       1440.0995       3751.2307        446.0494       4525.8763        266.4602       -188.2870       7028.6292    -117029.8798          2.9586          1.6673          0.0035          0.0351          0.0061          1.1383          0.1083          0.0000          1.6482          1.1141          2.0381          1.9484          2.7617        298.8210          0.0000    -906489.4475         16.3181

INFO:       1400          0.7000    -988729.2925   -1006223.9851      17494.6927         12.5809       1519.1641       3760.4676        468.4473       4517.3945        263.5082       -190.5735       7021.0087    -117102.2970          4.6773          1.7854          0.6844          0.0589          0.6930          1.4312          0.0243          0.0000          1.7368          1.1571          1.9471          1.9613          2.7444        298.6340          0.0000    -906485.7822         16.2890

INFO:       1450          0.7250    -988749.4046   -1006199.8677      17450.4631         12.5876       1516.2288       3760.6806        457.4702       4514.8675        253.7545       -201.5650       7165.2314    -117186.3181          2.8549          1.8286          0.0093          0.0073          0.3667          0.5313          0.1118          0.0000          1.6445          1.1243          1.9697          1.9146          2.7622        297.8790          0.0000    -906483.0726         23.2229

INFO:       1500          0.7500    -988720.8482   -1006285.2017      17564.3536         12.5372       1469.3813       3717.2476        450.9522       4491.8011        263.8287       -208.8528       7103.7391    -117094.5964          3.3781          1.3591          0.3413          0.0548          0.9982          0.0020          0.6226          0.0000          1.7125          1.1562          1.9304          1.8373          2.6499        299.8231          0.0000    -906482.0806         18.5429

INFO:       1550          0.7750    -988694.2533   -1006244.9380      17550.6848         12.5969       1511.3975       3726.7205        456.5759       4518.8876        258.8292       -217.7900       7072.6498    -117113.6406          3.2294          1.1654          0.0156          0.1051          0.6453          0.1689          1.1291          0.0000          1.6666          1.1004          2.1106          1.8006          2.8351        299.5898          0.0000    -906461.7972         17.5342

INFO:       1600          0.8000    -988680.0687   -1006160.5450      17480.4763         12.6222       1466.9928       3752.8730        468.2739       4519.2647        281.5467       -204.8962       7051.7097    -117030.8725          3.9099          1.8096          0.3666          0.0462          0.3014          0.7625          0.6235          0.0000          1.7146          1.1543          1.9754          1.9290          2.6498        298.3913          0.0000    -906469.3470         17.0575

INFO:       1650          0.8250    -988681.7789   -1006350.2011      17668.4222         12.5532       1476.4375       3709.6740        460.4429       4521.7813        271.6606       -208.2071       7010.8127    -117148.6804          4.2777          2.1866          0.2966          0.0507          0.4405          0.0241          1.2791          0.0000          1.7086          1.1103          1.9639          1.8572          2.8419        301.5995          0.0000    -906448.4002         16.1739

INFO:       1700          0.8500    -988688.5297   -1006316.7660      17628.2363         12.5424       1460.7377       3760.8647        454.7079       4552.4717        274.8491       -215.6857       7002.3678    -117137.0414          2.6504          1.9015          0.1302          0.0109          0.2197          0.0607          0.3274          0.0000          1.6902          1.1432          2.0772          1.8663          2.7860        300.9136          0.0000    -906472.6882         17.2993

INFO:       1750          0.8750    -988646.9188   -1006081.5458      17434.6269         12.5993       1502.8877       3769.4746        470.4094       4535.9401        268.4701       -200.3729       7150.0413    -117102.9578          2.6918          2.3928          0.2445          0.0106          0.0286          0.0013          0.0141          0.0000          1.7035          1.1225          2.0472          1.8453          2.7169        297.6087          0.0000    -906478.1300         18.2723

INFO:       1800          0.9000    -988613.7198   -1006268.9424      17655.2225         12.5526       1487.7171       3695.3601        471.2540       4507.0136        275.2741       -193.7192       7124.5338    -117189.6624          4.1129          3.0431          0.3037          0.0030          0.0144          0.1025          0.6461          0.0000          1.7092          1.1383          2.0423          1.8737          2.8092        301.3742          0.0000    -906450.8264         14.3885

INFO:       1850          0.9250    -988634.5238   -1006242.5332      17608.0094         12.5742       1485.4016       3740.1145        470.5033       4524.0961        250.6327       -196.5284       7171.2513    -117237.8499          2.6490          2.4832          0.0064          0.0153          0.0086          0.0111          0.1245          0.0000          1.6461          1.1204          2.0210          1.8522          2.7641        300.5683          0.0000    -906452.8035         11.5882

INFO:       1900          0.9500    -988678.6713   -1006282.7623      17604.0910         12.5240       1473.8745       3703.7438        458.7924       4502.2589        280.8464       -201.6048       7075.3505    -117121.0252          3.1072          1.6556          0.0748          0.0472          0.2279          0.2316          0.8701          0.0000          1.6815          1.1545          2.0780          1.7936          2.8221        300.5014          0.0000    -906458.1061         19.8346

INFO:       1950          0.9750    -988695.4393   -1006187.8394      17492.4000         12.6093       1504.3882       3755.0787        470.7370       4489.0446        259.0787       -201.5570       7160.3505    -117151.6277          2.4858          1.9070          0.2871          0.0021          0.0003          0.1134          0.1759          0.0000          1.7077          1.1373          2.0286          1.8754          2.7707        298.5948          0.0000    -906475.8180         17.9103

INFO:       2000          1.0000    -988730.4720   -1006295.9776      17565.5056         12.5802       1508.4965       3757.8654        482.5197       4494.8283        282.6001       -198.5123       7228.3935    -117398.8026          4.0562          2.0858          0.7085          0.0022          0.1072          0.7297          0.4228          0.0000          1.7383          1.1281          2.0630          1.9271          2.7938        299.8428          0.0000    -906457.4225         18.2494

INFO:       2050          1.0250    -988652.1926   -1006234.4172      17582.2246         12.6830       1494.8966       3752.0858        470.5084       4501.3956        269.6123       -213.1053       7322.3434    -117374.5870          2.0576          1.5394          0.4905          0.0065          0.0120          0.0004          0.0088          0.0000          1.7241          1.1247          2.0412          1.8397          2.7194        300.1282          0.0000    -906459.6248         12.1455

INFO:       2100          1.0500    -988662.9346   -1006235.7777      17572.8431         12.6072       1511.0294       3775.4137        476.3474       4511.3259        285.1578       -212.4262       7304.5465    -117406.4949          2.6960          1.9581          0.6155          0.0113          0.0201          0.0007          0.0903          0.0000          1.7326          1.1434          2.0445          1.8391          2.7589        299.9680          0.0000    -906483.3733         13.7164

INFO:       2150          1.0750    -988674.2264   -1006319.6309      17645.4045         12.5753       1501.8662       3688.7714        480.6480       4495.0217        249.9474       -201.2571       7394.2398    -117439.3178          4.8700          2.1811          0.0786          0.0173          2.0794          0.0278          0.4858          0.0000          1.6821          1.1460          1.8861          1.8250          2.7985        301.2066          0.0000    -906494.4203         12.7152

INFO:       2200          1.1000    -988670.1615   -1006199.3183      17529.1568         12.6053       1542.1891       3727.1231        483.5779       4494.4173        258.1699       -185.0617       7396.9963    -117437.9647          3.1846          1.9318          0.3563          0.0123          0.6697          0.1882          0.0262          0.0000          1.7138          1.1217          2.1121          1.7983          2.7126        299.2223          0.0000    -906481.9500         18.0034

INFO:       2250          1.1250    -988716.3441   -1006311.8573      17595.5132         12.5510       1433.0181       3786.7812        467.9218       4494.3412        262.6469       -189.2467       7298.7100    -117417.1635          2.8771          1.9874          0.0024          0.0032          0.0000          0.0085          0.8755          0.0000          1.6590          1.1384          2.0309          1.8325          2.8224        300.3550          0.0000    -906451.7433         19.4735

INFO:       2300          1.1500    -988698.2759   -1006280.6774      17582.4015         12.6225       1536.2915       3806.5585        460.4902       4479.8676        265.7992       -203.0946       7127.7083    -117284.2907          2.3225          1.3347          0.7929          0.0173          0.0843          0.0929          0.0005          0.0000          1.7431          1.1460          2.0013          1.8722          2.7267        300.1312          0.0000    -906472.3299         21.5658

INFO:       2350          1.1750    -988644.0957   -1006251.0274      17606.9316         12.5956       1469.3069       3817.3013        466.8758       4476.2522        270.2479       -203.3683       7128.4338    -117218.8011          1.5594          0.7242          0.1699          0.0227          0.1884          0.4537          0.0005          0.0000          1.6953          1.1479          1.9869          1.9091          2.7267        300.5499          0.0000    -906458.8353         23.3441

INFO:       2400          1.2000    -988605.8684   -1006245.2766      17639.4082         12.6290       1473.3258       3782.9151        472.2988       4506.0232        273.0835       -185.2723       7226.2118    -117349.6835          3.2717          0.9440          0.0724          0.0094          0.2103          0.1870          1.8487          0.0000          1.6810          1.1425          2.0762          1.8849          2.8648        301.1043          0.0000    -906447.4508         15.0225

INFO:       2450          1.2250    -988598.3708   -1006205.2980      17606.9272         12.6199       1506.7329       3764.7201        457.0491       4526.6107        283.4829       -207.1106       7314.1537    -117368.9881          2.1410          1.3741          0.3412          0.0103          0.0487          0.2230          0.1437          0.0000          1.7125          1.1226          2.0524          1.7945          2.6909        300.5498          0.0000    -906484.0897         18.8846

INFO:       2500          1.2500    -988636.4361   -1006357.8048      17721.3687         12.6290       1549.7090       3715.5507        467.3379       4484.1752        254.8809       -194.7111       7197.4907    -117365.3104          4.3877          1.6308          0.0018          0.0426          0.8021          0.0181          1.8922          0.0000          1.6584          1.1534          1.9407          1.8552          2.8664        302.5033          0.0000    -906471.3153         13.4986

INFO:       2550          1.2750    -988660.7579   -1006206.9000      17546.1421         12.6598       1545.6854       3756.0323        470.7727       4514.1297        263.3753       -187.7087       7321.3126    -117425.4740          3.3682          2.3858          0.0005          0.0017          0.3769          0.1996          0.4036          0.0000          1.6563          1.1287          1.9689          1.8864          2.6653        299.5122          0.0000    -906468.3935         17.5604

INFO:       2600          1.3000    -988596.0221   -1006143.6993      17547.6772         12.6523       1530.8474       3822.4118        476.8960       4500.0019        277.8699       -193.4126       7187.5336    -117320.8710          4.3138          2.7673          0.3082          0.0196          0.1172          0.0125          1.0890          0.0000          1.7096          1.1468          2.0645          1.8305          2.8332        299.5384          0.0000    -906429.2900         10.3544

INFO:       2650          1.3250    -988570.5195   -1006285.3356      17714.8160         12.5743       1436.5709       3780.5922        460.3345       4480.4211        265.5301       -201.8143       7211.4601    -117281.4454          3.8359          2.5955          0.3776          0.0028          0.0776          0.4650          0.3175          0.0000          1.7156          1.1275          2.0024          1.9099          2.6725        302.3915          0.0000    -906440.8207         16.5671

INFO:       2700          1.3500    -988567.0589   -1006167.8756      17600.8167         12.5592       1505.7199       3815.5893        469.9237       4473.4613        253.8894       -180.5136       7079.6651    -117126.7108          2.9001          2.2829          0.0526          0.0618          0.1287          0.0377          0.3363          0.0000          1.6770          1.1577          1.9944          1.8611          2.7868        300.4455          0.0000    -906461.8002         11.8972

INFO:       2750          1.3750    -988611.2016   -1006235.4591      17624.2574         12.5705       1477.2022       3791.1298        477.1844       4497.2411        244.2461       -194.2152       7045.9707    -117091.5960          5.1022          2.5405          0.0200          0.0392          2.0038          0.0988          0.4000          0.0000          1.6682          1.1130          2.1719          1.8103          2.7920        300.8457          0.0000    -906487.7243         18.5606

INFO:       2800          1.4000    -988632.3207   -1006237.0176      17604.6969         12.5865       1510.6647       3741.4292        477.7898       4467.6877        261.5323       -192.8705       7086.3428    -117119.8746          3.8792          1.6650          0.1293          0.0241          2.0134          0.0160          0.0314          0.0000          1.6901          1.1483          1.8884          1.8290          2.7111        300.5118          0.0000    -906473.5981         18.9203

INFO:       2850          1.4250    -988667.3712   -1006244.2334      17576.8621         12.6773       1541.5841       3814.6207        486.4098       4507.3829        258.6087       -190.5956       7193.6569    -117381.9095          2.4658          1.0349          0.0101          0.0095          0.7035          0.0126          0.6952          0.0000          1.6641          1.1231          2.1142          1.8305          2.8122        300.0366          0.0000    -906476.4570         19.5804

INFO:       2900          1.4500    -988635.8246   -1006260.2466      17624.4220         12.6590       1551.1468       3764.5856        462.5270       4487.4405        259.3412       -194.7439       7283.1583    -117397.8298          3.2274          1.1385          0.1930          0.0646          0.9647          0.1026          0.7640          0.0000          1.6980          1.1582          1.9321          1.8737          2.6414        300.8485          0.0000    -906479.0997         18.5267

INFO:       2950          1.4750    -988635.4496   -1006313.6656      17678.2161         12.5990       1499.6820       3720.5366        476.2283       4499.7677        263.1920       -202.3912       7167.9090    -117265.9879          4.6367          1.2736          0.0080          0.0293          0.1907          0.0216          3.1135          0.0000          1.6452          1.1157          1.9866          1.8270          2.9053        301.7667          0.0000    -906477.2388         16.0326

INFO:       3000          1.5000    -988679.4430   -1006298.5706      17619.1276         12.6425       1493.1969       3759.2731        460.5718       4467.9902        270.5472       -206.1225       7172.6765    -117256.5959          2.6444          1.3075          0.4794          0.0000          0.0010          0.1823          0.6742          0.0000          1.7233          1.1331          2.0271          1.7990          2.6467        300.7581          0.0000    -906462.7524         19.1013

INFO:       3050          1.5250    -988635.7465   -1006280.3024      17644.5558         12.5642       1452.3689       3764.3965        467.3373       4463.8432        265.7553       -201.2261       7180.5952    -117219.1790          3.1703          1.8616          0.0977          0.0037          0.1191          0.1231          0.9650          0.0000          1.6854          1.1389          1.9958          1.8768          2.8270        301.1921          0.0000    -906457.3639         15.4844

INFO:       3100          1.5500    -988621.4119   -1006235.6582      17614.2463         12.6093       1531.8170       3768.0608        459.8117       4456.1287        266.0841       -187.5876       7193.9595    -117248.5932          3.0216          2.1066          0.0843          0.0152          0.0217          0.3586          0.4352          0.0000          1.6831          1.1205          2.0156          1.9016          2.6628        300.6748          0.0000    -906478.3609         15.7001

INFO:       3150          1.5750    -988706.4924   -1006260.7877      17554.2952         12.5739       1471.4336       3755.7654        459.9471       4499.7872        257.2819       -176.1880       7259.7652    -117324.1089          2.1596          1.5065          0.0356          0.0030          0.4350          0.0126          0.1670          0.0000          1.6352          1.1382          1.9643          1.8529          2.7697        299.6514          0.0000    -906466.6310         13.2570

INFO:       3200          1.6000    -988654.2808   -1006284.7549      17630.4741         12.6485       1482.7322       3727.3441        467.7600       4493.6028        272.2392       -186.8608       7404.3343    -117472.7987          1.8377          1.1737          0.0046          0.0839          0.0119          0.1809          0.3827          0.0000          1.6609          1.1038          2.0194          1.7992          2.7907        300.9518          0.0000    -906474.9456         12.1275

INFO:       3250          1.6250    -988670.3226   -1006335.1298      17664.8072         12.6115       1479.5033       3709.1700        473.2896       4521.1552        271.8236       -181.0479       7302.4485    -117454.9845          1.8918          1.2065          0.0931          0.0182          0.0722          0.1252          0.3766          0.0000          1.6846          1.1463          2.0572          1.8771          2.6674        301.5378          0.0000    -906458.3794         10.4083

INFO:       3300          1.6500    -988678.4291   -1006306.0326      17627.6035         12.6188       1480.2375       3770.4938        454.9205       4487.5530        278.0340       -179.4213       7228.6437    -117349.1164          2.9787          1.3029          0.2928          0.0780          0.0927          0.6345          0.5777          0.0000          1.7082          1.1049          1.9998          1.9214          2.8048        300.9028          0.0000    -906480.3560         19.3221

INFO:       3350          1.6750    -988704.6552   -1006398.2215      17693.5663         12.6319       1511.3996       3700.7729        459.7537       4515.2448        257.9389       -198.0862       7125.0876    -117285.9884          3.7087          2.2251          0.0008          0.1158          0.6991          0.3282          0.3396          0.0000          1.6570          1.1668          1.9467          1.7844          2.6705        302.0288          0.0000    -906488.0531         16.5831

INFO:       3400          1.7000    -988679.5870   -1006398.9520      17719.3650         12.6114       1481.4779       3764.2267        473.7500       4499.3388        266.5150       -200.5826       7204.6293    -117428.4832          4.7368          3.0123          0.2052          0.0916          0.1139          0.0274          1.2864          0.0000          1.6994          1.1025          2.0640          1.8251          2.8422        302.4691          0.0000    -906464.5607         20.0344

INFO:       3450          1.7250    -988642.8334   -1006447.2919      17804.4585         12.6064       1495.2153       3741.1712        464.1157       4532.8576        241.5492       -183.9266       7179.1824    -117471.9864          4.4606          3.0746          0.5504          0.0341          0.4895          0.0132          0.2989          0.0000          1.7283          1.1513          1.9603          1.8532          2.6741        303.9217          0.0000    -906449.9309         20.7079

INFO:       3500          1.7500    -988702.9141   -1006479.3722      17776.4581         12.6124       1535.6223       3754.5835        471.5842       4495.1564        286.5618       -186.5473       7116.5206    -117484.8682          5.8300          3.2659          0.9439          0.0368          0.6853          0.0326          0.8656          0.0000          1.7513          1.1136          2.1131          1.8598          2.8218        303.4437          0.0000    -906473.8156         19.1137

INFO:       3550          1.7750    -988704.0536   -1006343.4500      17639.3965         12.6219       1480.5109       3829.6263        454.3351       4515.3888        268.1561       -195.2777       7214.2023    -117466.4679          3.6380          3.1794          0.0056          0.0398          0.0941          0.0090          0.3101          0.0000          1.6466          1.1528          1.9996          1.8512          2.7845        301.1041          0.0000    -906447.5620         21.5103

INFO:       3600          1.8000    -988682.4867   -1006299.1695      17616.6828         12.6062       1569.1709       3745.9594        486.1418       4518.8997        245.7427       -189.1945       7222.3198    -117423.0240          3.4559          2.5129          0.7886          0.0513          0.0474          0.0547          0.0009          0.0000          1.7429          1.1102          2.0085          1.8183          2.7258        300.7164          0.0000    -906478.6414         14.2711

INFO:       3650          1.8250    -988721.3367   -1006321.4186      17600.0819         12.5443       1459.2158       3783.7203        474.2328       4516.1485        265.9814       -189.7110       7177.1056    -117317.7011          5.9001          2.9300          0.0289          0.0041          0.0580          0.1485          2.7307          0.0000          1.6371          1.1392          2.0544          1.8802          2.8940        300.4330          0.0000    -906496.3110         14.2558

INFO:       3700          1.8500    -988708.6704   -1006382.9527      17674.2823         12.6172       1513.0903       3752.5533        473.9480       4518.6984        252.4187       -201.1641       7177.3876    -117397.9000          5.0968          3.0507          0.6564          0.0024          1.2163          0.1441          0.0270          0.0000          1.7351          1.1279          1.9200          1.8797          2.7452        301.6996          0.0000    -906477.0816         17.3466

INFO:       3750          1.8750    -988700.8224   -1006262.0852      17561.2628         12.6090       1525.7728       3852.2780        486.8671       4529.2993        253.7775       -197.8086       7174.9111    -117393.7403          2.6676          1.8033          0.0195          0.0328          0.2630          0.0425          0.5065          0.0000          1.6681          1.1509          1.9790          1.8623          2.8000        299.7703          0.0000    -906496.1096         15.4694

INFO:       3800          1.9000    -988716.6249   -1006425.7964      17709.1715         12.5563       1539.4852       3817.6146        475.2597       4487.0126        265.3004       -200.4350       7064.7884    -117403.9631          1.8944          1.0804          0.7789          0.0119          0.0175          0.0041          0.0016          0.0000          1.7424          1.1219          2.0171          1.8353          2.7328        302.2951          0.0000    -906472.7537         20.7887

INFO:       3850          1.9250    -988702.6078   -1006242.1273      17539.5196         12.6106       1519.1392       3810.3069        463.1694       4472.5586        268.1219       -185.7343       7172.4288    -117282.7492          1.1678          0.6412          0.0661          0.0000          0.2118          0.0242          0.2244          0.0000          1.6284          1.1331          2.0763          1.8573          2.7762        299.3992          0.0000    -906480.5364         20.0043

INFO:       3900          1.9500    -988706.4133   -1006250.4470      17544.0337         12.5861       1503.7043       3782.9162        479.4029       4506.7212        268.0795       -180.0553       7118.8232    -117266.7929          1.9223          0.5520          1.0946          0.0100          0.0685          0.1962          0.0011          0.0000          1.7587          1.1228          2.0041          1.8860          2.7255        299.4762          0.0000    -906465.1684         23.4007

INFO:       3950          1.9750    -988655.4854   -1006264.4817      17608.9963         12.6367       1501.5089       3778.7126        470.9529       4507.6104        253.0746       -201.7906       7216.2446    -117335.5177          2.2408          0.5332          0.0035          0.0000          1.2628          0.3761          0.0652          0.0000          1.6482          1.1334          1.9179          1.9030          2.7033        300.5851          0.0000    -906457.5182         18.2183

INFO:       4000          2.0000    -988699.7097   -1006335.7373      17636.0276         12.5810       1460.0550       3786.2602        481.4603       4477.2478        269.2644       -196.1366       7263.1250    -117417.9744          3.6156          1.6793          1.0315          0.0164          0.0275          0.0885          0.7725          0.0000          1.7557          1.1200          2.0469          1.8714          2.8167        301.0466          0.0000    -906462.6546         18.4576

 
[STEP6] Deallocate Arrays
 
Output_Time> Averaged timer profile (Min, Max)
  total time      =   27354.772
    setup         =      13.076
    dynamics      =   27341.696
      energy      =   27338.993
      integrator  =       8.284
      pairlist    =       4.887 (       4.189,       5.184)
  energy           
    bond          =       0.043 (       0.040,       0.047)
    angle         =       0.135 (       0.129,       0.140)
    dihedral      =       0.395 (       0.354,       0.427)
    nonbond       =      37.085 (      36.409,      37.799)
      pme real    =      37.084 (      36.408,      37.798)
      pme recip   =       0.000 (       0.000,       0.000)
    solvation     =       0.000 (       0.000,       0.000)
      polar       =       0.000 (       0.000,       0.000)
      non-polar   =       0.000 (       0.000,       0.000)
    restraint     =       0.022 (       0.019,       0.027)
    qmmm          =   27290.760 (   27289.413,   27291.147)
  integrator       
    constraint    =       4.649 (       4.510,       4.730)
    update        =       0.000 (       0.000,       0.000)
    comm_coord    =       0.000 (       0.000,       0.000)
    comm_force    =       0.000 (       0.000,       0.000)
    comm_migrate  =       0.000 (       0.000,       0.000)

Note: The following floating-point exceptions are signalling: IEEE_DIVIDE_BY_ZERO IEEE_UNDERFLOW_FLAG IEEE_DENORMAL
Note: The following floating-point exceptions are signalling: IEEE_INVALID_FLAG IEEE_DIVIDE_BY_ZERO IEEE_UNDERFLOW_FLAG IEEE_DENORMAL
Note: The following floating-point exceptions are signalling: IEEE_DIVIDE_BY_ZERO IEEE_UNDERFLOW_FLAG IEEE_DENORMAL
Note: The following floating-point exceptions are signalling: IEEE_DIVIDE_BY_ZERO IEEE_UNDERFLOW_FLAG IEEE_DENORMAL
Note: The following floating-point exceptions are signalling: IEEE_DIVIDE_BY_ZERO IEEE_UNDERFLOW_FLAG IEEE_DENORMAL
Note: The following floating-point exceptions are signalling: IEEE_DIVIDE_BY_ZERO IEEE_UNDERFLOW_FLAG IEEE_DENORMAL
Note: The following floating-point exceptions are signalling: IEEE_INVALID_FLAG IEEE_DIVIDE_BY_ZERO IEEE_UNDERFLOW_FLAG IEEE_DENORMAL
Note: The following floating-point exceptions are signalling: IEEE_DIVIDE_BY_ZERO IEEE_UNDERFLOW_FLAG IEEE_DENORMAL
Note: The following floating-point exceptions are signalling: IEEE_DIVIDE_BY_ZERO IEEE_UNDERFLOW_FLAG IEEE_DENORMAL
Note: The following floating-point exceptions are signalling: IEEE_DIVIDE_BY_ZERO IEEE_UNDERFLOW_FLAG IEEE_DENORMAL
Note: The following floating-point exceptions are signalling: IEEE_DIVIDE_BY_ZERO IEEE_UNDERFLOW_FLAG IEEE_DENORMAL
Note: The following floating-point exceptions are signalling: IEEE_DIVIDE_BY_ZERO IEEE_UNDERFLOW_FLAG IEEE_DENORMAL
Note: The following floating-point exceptions are signalling: IEEE_DIVIDE_BY_ZERO IEEE_UNDERFLOW_FLAG IEEE_DENORMAL
Note: The following floating-point exceptions are signalling: IEEE_DIVIDE_BY_ZERO IEEE_UNDERFLOW_FLAG IEEE_DENORMAL
Note: The following floating-point exceptions are signalling: IEEE_DIVIDE_BY_ZERO IEEE_UNDERFLOW_FLAG IEEE_DENORMAL
Note: The following floating-point exceptions are signalling: IEEE_DIVIDE_BY_ZERO IEEE_UNDERFLOW_FLAG IEEE_DENORMAL
Note: The following floating-point exceptions are signalling: IEEE_DIVIDE_BY_ZERO IEEE_UNDERFLOW_FLAG IEEE_DENORMAL
Note: The following floating-point exceptions are signalling: IEEE_DIVIDE_BY_ZERO IEEE_UNDERFLOW_FLAG IEEE_DENORMAL
Note: The following floating-point exceptions are signalling: IEEE_DIVIDE_BY_ZERO IEEE_UNDERFLOW_FLAG IEEE_DENORMAL
Note: The following floating-point exceptions are signalling: IEEE_DIVIDE_BY_ZERO IEEE_UNDERFLOW_FLAG IEEE_DENORMAL
Note: The following floating-point exceptions are signalling: IEEE_DIVIDE_BY_ZERO IEEE_UNDERFLOW_FLAG IEEE_DENORMAL
Note: The following floating-point exceptions are signalling: IEEE_DIVIDE_BY_ZERO IEEE_UNDERFLOW_FLAG IEEE_DENORMAL
Note: The following floating-point exceptions are signalling: IEEE_DIVIDE_BY_ZERO IEEE_UNDERFLOW_FLAG IEEE_DENORMAL
Note: The following floating-point exceptions are signalling: IEEE_DIVIDE_BY_ZERO IEEE_UNDERFLOW_FLAG IEEE_DENORMAL
Note: The following floating-point exceptions are signalling: IEEE_DIVIDE_BY_ZERO IEEE_UNDERFLOW_FLAG IEEE_DENORMAL
Note: The following floating-point exceptions are signalling: IEEE_DIVIDE_BY_ZERO IEEE_UNDERFLOW_FLAG IEEE_DENORMAL
Note: The following floating-point exceptions are signalling: IEEE_DIVIDE_BY_ZERO IEEE_UNDERFLOW_FLAG IEEE_DENORMAL
Note: The following floating-point exceptions are signalling: IEEE_DIVIDE_BY_ZERO IEEE_UNDERFLOW_FLAG IEEE_DENORMAL
Note: The following floating-point exceptions are signalling: IEEE_DIVIDE_BY_ZERO IEEE_UNDERFLOW_FLAG IEEE_DENORMAL
Note: The following floating-point exceptions are signalling: IEEE_DIVIDE_BY_ZERO IEEE_UNDERFLOW_FLAG IEEE_DENORMAL
Note: The following floating-point exceptions are signalling: IEEE_DIVIDE_BY_ZERO IEEE_UNDERFLOW_FLAG IEEE_DENORMAL
Note: The following floating-point exceptions are signalling: IEEE_DIVIDE_BY_ZERO IEEE_UNDERFLOW_FLAG IEEE_DENORMAL
