(10.0.17.51:0,1,2,3,4,5,6,7)
(10.0.17.52:8,9,10,11,12,13,14,15)
(10.0.17.53:16,17,18,19,20,21,22,23)
(10.0.17.54:24,25,26,27,28,29,30,31)

[0] MPI startup(): libfabric version: 1.7.2a-impi
[0] MPI startup(): libfabric provider: psm2
[0] MPI startup(): Rank    Pid      Node name    Pin cpu
[0] MPI startup(): 0       55016    cx1139.obcx  {0,1,2,3,4,5,6}
[0] MPI startup(): 1       55017    cx1139.obcx  {7,8,9,10,11,12,13}
[0] MPI startup(): 2       55018    cx1139.obcx  {14,15,16,17,18,19,20}
[0] MPI startup(): 3       55019    cx1139.obcx  {21,22,23,24,25,26,27}
[0] MPI startup(): 4       55020    cx1139.obcx  {28,29,30,31,32,33,34}
[0] MPI startup(): 5       55021    cx1139.obcx  {35,36,37,38,39,40,41}
[0] MPI startup(): 6       55022    cx1139.obcx  {42,43,44,45,46,47,48}
[0] MPI startup(): 7       55023    cx1139.obcx  {49,50,51,52,53,54,55}
[0] MPI startup(): 8       226645   cx1140.obcx  {0,1,2,3,4,5,6}
[0] MPI startup(): 9       226646   cx1140.obcx  {7,8,9,10,11,12,13}
[0] MPI startup(): 10      226647   cx1140.obcx  {14,15,16,17,18,19,20}
[0] MPI startup(): 11      226648   cx1140.obcx  {21,22,23,24,25,26,27}
[0] MPI startup(): 12      226649   cx1140.obcx  {28,29,30,31,32,33,34}
[0] MPI startup(): 13      226650   cx1140.obcx  {35,36,37,38,39,40,41}
[0] MPI startup(): 14      226651   cx1140.obcx  {42,43,44,45,46,47,48}
[0] MPI startup(): 15      226652   cx1140.obcx  {49,50,51,52,53,54,55}
[0] MPI startup(): 16      236549   cx1141.obcx  {0,1,2,3,4,5,6}
[0] MPI startup(): 17      236550   cx1141.obcx  {7,8,9,10,11,12,13}
[0] MPI startup(): 18      236551   cx1141.obcx  {14,15,16,17,18,19,20}
[0] MPI startup(): 19      236552   cx1141.obcx  {21,22,23,24,25,26,27}
[0] MPI startup(): 20      236553   cx1141.obcx  {28,29,30,31,32,33,34}
[0] MPI startup(): 21      236554   cx1141.obcx  {35,36,37,38,39,40,41}
[0] MPI startup(): 22      236555   cx1141.obcx  {42,43,44,45,46,47,48}
[0] MPI startup(): 23      236556   cx1141.obcx  {49,50,51,52,53,54,55}
[0] MPI startup(): 24      67219    cx1142.obcx  {0,1,2,3,4,5,6}
[0] MPI startup(): 25      67220    cx1142.obcx  {7,8,9,10,11,12,13}
[0] MPI startup(): 26      67221    cx1142.obcx  {14,15,16,17,18,19,20}
[0] MPI startup(): 27      67222    cx1142.obcx  {21,22,23,24,25,26,27}
[0] MPI startup(): 28      67223    cx1142.obcx  {28,29,30,31,32,33,34}
[0] MPI startup(): 29      67224    cx1142.obcx  {35,36,37,38,39,40,41}
[0] MPI startup(): 30      67225    cx1142.obcx  {42,43,44,45,46,47,48}
[0] MPI startup(): 31      67226    cx1142.obcx  {49,50,51,52,53,54,55}
[0] MPI startup(): I_MPI_OFI_LIBRARY_INTERNAL=1
[0] MPI startup(): I_MPI_ROOT=/work/opt/local/cores/intel/impi/2019.5.281
[0] MPI startup(): I_MPI_HYDRA_BOOTSTRAP_EXEC=/usr/local/bin/pjrsh4calc
[0] MPI startup(): I_MPI_HYDRA_BOOTSTRAP_AUTOFORK=0
[0] MPI startup(): I_MPI_HYDRA_TOPOLIB=hwloc
[0] MPI startup(): I_MPI_HYDRA_HOST_FILE=/work/00/hp200098/o30000/tim/tim5/b3lypD3.rpath1/4.equil2_ob/.d0000793837_nodeinfo
[0] MPI startup(): I_MPI_PERHOST=8
[0] MPI startup(): I_MPI_INTERNAL_MEM_POLICY=default
[0] MPI startup(): I_MPI_DEBUG=5
****************************************************
*                                                  *
*                  GENESIS ATDYN                   *
*                                                  *
*        A Molecular Dynamics Simulator with       *
*            Atomic Decomposition Scheme           *
*                                                  *
*               Developed by RIKEN                 *
*                                                  *
****************************************************
 
[STEP0] Architecture and Compiler Information
 
GENESIS_Information> GENESIS Information
  version      = 1.6.0
  commit ID    = $GENESIS_VERSION$
  precision    = double
  nonbonding   = CPU

Build_Information> Compiler Information
  build host   = o30000@obcx03.obcx
  fortran      = GNU Fortran (GCC) 7.5.0
  option       = -O3 -ffast-math -march=native -ffree-line-length-none -fopenmp 
  C            = gcc (GCC) 7.5.0
  option       = -O3 -ffast-math -march=native -fopenmp
  defined var. =  -DMPI -DOMP -DFFTE -DLAPACK -DDSFMT_MEXP=19937 -D__GFORTRAN__
  link option  = -L/work/hp200098/share/local/lib -fopenmp -lmkl_scalapack_lp64 -lmkl_blacs_intelmpi_lp64 -lmkl_intel_lp64 -lmkl_intel_thread -lmkl_core -liomp5 -lpthread -lm 

Runtime_Information> Machine and Library Information
  date       = 2021/02/05 18:01:21
  cpu model    = Intel(R) Xeon(R) Platinum 8280 CPU @ 2.70GHz
  exec. host   = o30000@cx1139.obcx
  LD library   = /work/hp200098/share/local/lib:/work/opt/local/cores/intel/compilers_and_libraries_2019.5.281/linux/tbb/lib/intel64_lin/gcc4.7:/work/opt/local/cores/intel/compilers_and_libraries_2019.5.281/linux/compiler/lib/intel64_lin:/work/opt/local/cores/intel/compilers_and_libraries_2019.5.281/linux/mkl/lib/intel64_lin:/work/opt/local/cores/intel/impi/2019.5.281/intel64/libfabric/lib:/work/opt/local/cores/intel/impi/2019.5.281/intel64/lib/release:/work/opt/local/cores/intel/impi/2019.5.281/intel64/lib:/work/opt/local/cores/gcc/7.5.0/lib64

[STEP1] Read Control Parameters
 
Read_Ctrl_Input> Input Files
  topfile = toppar/top_all36_prot.rtf, toppar/top_all36_cgenff.rtf
  parfile = toppar/par_all36_prot.prm, toppar/par_all36_cgenff.prm
  strfile = toppar/toppar_water_ions.str, toppar/toppar_dhap.3.str
  psffile = ../../2.equil/step4_nvt_100.psf
  pdbfile = ../../2.equil/step4_nvt_100.pdb
  rstfile = ../3.equil1/equil1_12.rst
  reffile = ../../2.equil/step4_nvt_100.pdb
 
Read_Ctrl_Output> Output Files
  dcdfile    = equil2_12.dcd
  rstfile    = equil2_12.rst
 
Read_Ctrl_Energy> Parameters of Energy Calculations
  forcefield      =     CHARMM
  switchdist      =     16.000  cutoffdist      =     18.000
  pairlistdist    =     19.500  dielec_const    =      1.000
  vdW force_switch=        yes
  electrostatic   =  CUTOFF
  implicit_solvent=       none
  table_order     =          3
  table_density   =     20.000
  water_model     =       NONE
  output_style    =    GENESIS
  dispersion_corr =       none
  nonb_limiter    =      no
 
Read_Ctrl_Dynamics> Parameters of MD simulation
  integrator      =       VVER  nsteps          =       4000
  timestep        =     0.0005  initial_time    =     0.0000
  eneout_period   =         50  rstout_period   =         50
  crdout_period   =         50  velout_period   =          0
  nbupdate_period =         10  stoptr_period   =         10
  iseed           =   20190319
  annealing       =         no
  verbose         =         no
  target_md       =         no
  steered_md      =         no
  esp_mm          =         no
 
Read_Ctrl_Constraints> Parameters for Constraints
  rigid_bond      =        yes
  shake_iteration =        500  shake_tolerance =  0.100E-09
  fast_water      =        yes  water_model     =       TIP3
  hydrogen_type   =  name|mass
  noshake_index   = 4  11  12  13
  fixatm_select_index        =       none
 
Read_Ctrl_Ensemble> Parameters for Ensemble
  ensemble        =        NVT
  temperature     =    300.000
  tpcontrol       =      BUSSI
  tau_t           =      0.500
 
Read_Ctrl_Boundary> Parameters of Boundary Condition
  type            =       NOBC
  spherical_pot   =        yes  restart         =          T
  center_info     =       read  modify_ratio    =      1.000
  constant        =     10.000  exponent        =          2
  fixatom         =          T  fix_layer       =      1.000
 
Read_Ctrl_Selection> Parameters of Selection
  # of groups     =         13
    group 1 = sid:DHA or (sid:TIMA and (rno:95 or rno:165) and          not (an:CA  | an:C   | an:O   | an:N | an:HN | an:HA))
    group 2 = atomno:1900 or atomno:5687
    group 3 = atomno:1442
    group 4 = atomno:1443
    group 5 = atomno:2559
    group 6 = atomno:2560
    group 7 = atomno:7583
    group 8 = atomno:7584
    group 9 = atomno:7585
    group 10 = atomno:7586
    group 11 = atomno:7587
    group 12 = atomno:7588
    group 13 = atomno:7589
  # of mole names =          0
 
Read_Ctrl_Restraints> Parameters of Restraint
  numfunc         =   6
  function1 = POSI     
    direction     = ALL 
    constant      = 10.0
    reference     = 
    select_index  = 2
    mode          =   0
    exponent      =   2
    exponent_dist = 
    weight_dist   = 

  function2 = DIST     
    constant      = 100.0
    reference     = 1.4698
    select_index  = 6  12
    mode          =   0
    exponent      =   2
    exponent_dist = 
    weight_dist   = 

  function3 = DIST     
    constant      = 100.0
    reference     = 1.2170
    select_index  = 9  12
    mode          =   0
    exponent      =   2
    exponent_dist = 
    weight_dist   = 

  function4 = DIST     
    constant      = 100.0
    reference     = 2.0419
    select_index  = 5  11
    mode          =   0
    exponent      =   2
    exponent_dist = 
    weight_dist   = 

  function5 = DIST     
    constant      = 100.0
    reference     = 1.8172
    select_index  = 8   4
    mode          =   0
    exponent      =   2
    exponent_dist = 
    weight_dist   = 

  function6 = DIST     
    constant      = 100.0
    reference     = 2.7266
    select_index  = 3  11
    mode          =   0
    exponent      =   2
    exponent_dist = 
    weight_dist   = 

  pressure_position   = NO
  pressure_rmsd     = NO

Read_Ctrl_Fitting_MD> Parameters of Fitting
  fitting method  =  TR+ROT   
  fitting atom    = group1
  mass_weight     =         no
 
Read_Ctrl_QMMM> Parameters of QM/MM
  qmtyp              = qsimulate
  qmcnt              = qsimulate.json
  qmexe              = 
  workdir            = equil2_12
  savedir            = none
  basename           = job
  qmsave_period      = 500
  qmmaxtrial         = 1
  qmatm_select_index = 1
  exclude_charge     = GROUP
 
[STEP2] Setup MPI
 
Setup_Mpi_Md> Summary of Setup MPI
  number of MPI processes   =         32
  number of OpenMP threads  =          7
  total number of CPU cores =        224

[STEP3] Set Relevant Variables and Structures
 
Input_Top> Summary of Topfile
  num_atom_class  =        212  num_resi_type   =        685
 
Input_Par> Summary of Parfile
  num_bonds       =        658  num_angles      =       2003
  num_dihedrals   =       4838  num_impropers   =        163
  num_atom_cls    =        212  num_nbfix       =         75
  num_cmap_terms  =          6
 
Input_Str> Summary of Top information
  num_atom_class  =        227  num_resi_type   =        700
 
Input_Str> Summary of Par information
  num_bonds       =        663  num_angles      =       2006
  num_dihedrals   =       4850  num_impropers   =        163
  num_atom_cls    =        227  num_nbfix       =         90
  num_cmap_terms  =          6
 
Read_Psf> Summary of Psffile
  psftype         =      xplor
  num_atoms       =      37226  num_bonds       =      37288
  num_angles      =      23768  num_dihedrals   =      20268
  num_impropers   =       1292  num_cmap_terms  =        494
  num_HB_donors   =      20596  num_HB_acceptors=      10610
  num_NB_exclusion=          0  num_groups      =      12168
  total_charge    =    -10.000
 
Check_Pdb> 6-column residue sequence number
 
Read_Pdb> Summary of Data in PDB file
  num_atoms       =      37226
 
Read_Rst_Binary> Summary of RST file
  num_atoms       =      37226  iseed           =   20190319
  boxsize (x,y,z) =      0.000     0.000     0.000
  spherical_pot     =      yes
  nfunctions                 2  num_fixatm              9645
  num_of_qm_charge          35

Define_Molecule> Summary of molecules
  num_atoms       =      37226  num_bonds       =      37288
  num_angles      =      23768  num_dihedrals   =      20268
  num_impropers   =       1292  num_cmap_terms  =        494
  num_residues    =      10370  num_molecules   =       9878
  num_segments    =          6  num_deg_freedom =     111678
  total_charge    =    -10.000
 
Setup_Boundary> Setup Variables for Boundary Condition
  origin(x,y,z)   =      0.000     0.000     0.000
  nfunctions      =        2
    center(x,y,z) =     17.000     0.000     0.000
    radius        =     35.000
    constant      =     10.000
    exponent      =          2
    center(x,y,z) =    -17.000     0.000     0.000
    radius        =     35.000
    constant      =     10.000
    exponent      =          2

  num_fixatm      =     9645

 
Random_Init> Initialize the random number
  seed            = 20190319

Setup_QMMM> Setup QM region
  QM assignment info
  1435 TIMA     95 HSE    CB   CT2    assigned to QM atom    1 of element: C     6
  1436 TIMA     95 HSE    HB1  HA2    assigned to QM atom    2 of element: H     1
  1437 TIMA     95 HSE    HB2  HA2    assigned to QM atom    3 of element: H     1
  1438 TIMA     95 HSE    ND1  NR2    assigned to QM atom    4 of element: N     7
  1439 TIMA     95 HSE    CG   CPH1   assigned to QM atom    5 of element: C     6
  1440 TIMA     95 HSE    CE1  CPH2   assigned to QM atom    6 of element: C     6
  1441 TIMA     95 HSE    HE1  HR1    assigned to QM atom    7 of element: H     1
  1442 TIMA     95 HSE    NE2  NR1    assigned to QM atom    8 of element: N     7
  1443 TIMA     95 HSE    HE2  H      assigned to QM atom    9 of element: H     1
  1444 TIMA     95 HSE    CD2  CPH1   assigned to QM atom   10 of element: C     6
  1445 TIMA     95 HSE    HD2  HR3    assigned to QM atom   11 of element: H     1
  2552 TIMA    165 GLU    CB   CT2A   assigned to QM atom   12 of element: C     6
  2553 TIMA    165 GLU    HB1  HA2    assigned to QM atom   13 of element: H     1
  2554 TIMA    165 GLU    HB2  HA2    assigned to QM atom   14 of element: H     1
  2555 TIMA    165 GLU    CG   CT2    assigned to QM atom   15 of element: C     6
  2556 TIMA    165 GLU    HG1  HA2    assigned to QM atom   16 of element: H     1
  2557 TIMA    165 GLU    HG2  HA2    assigned to QM atom   17 of element: H     1
  2558 TIMA    165 GLU    CD   CC     assigned to QM atom   18 of element: C     6
  2559 TIMA    165 GLU    OE1  OC     assigned to QM atom   19 of element: O     8
  2560 TIMA    165 GLU    OE2  OC     assigned to QM atom   20 of element: O     8
  7575 DHA     249 DHAP   P    PG2    assigned to QM atom   21 of element: P    15
  7576 DHA     249 DHAP   O1P  OG303  assigned to QM atom   22 of element: O     8
  7577 DHA     249 DHAP   O2P  OG2P1  assigned to QM atom   23 of element: O     8
  7578 DHA     249 DHAP   O3P  OG2P1  assigned to QM atom   24 of element: O     8
  7579 DHA     249 DHAP   O4P  OG2P1  assigned to QM atom   25 of element: O     8
  7580 DHA     249 DHAP   C1   CG321  assigned to QM atom   26 of element: C     6
  7581 DHA     249 DHAP   H11  HGA2   assigned to QM atom   27 of element: H     1
  7582 DHA     249 DHAP   H12  HGA2   assigned to QM atom   28 of element: H     1
  7583 DHA     249 DHAP   C2   CG2O5  assigned to QM atom   29 of element: C     6
  7584 DHA     249 DHAP   O2   OG2D3  assigned to QM atom   30 of element: O     8
  7585 DHA     249 DHAP   C3   CG321  assigned to QM atom   31 of element: C     6
  7586 DHA     249 DHAP   O3   OG311  assigned to QM atom   32 of element: O     8
  7587 DHA     249 DHAP   HO3  HGP1   assigned to QM atom   33 of element: H     1
  7588 DHA     249 DHAP   H31  HGA2   assigned to QM atom   34 of element: H     1
  7589 DHA     249 DHAP   H32  HGA2   assigned to QM atom   35 of element: H     1
  number of QM atoms = 35
 
  QM charges retreived from rstfile.
 

Generate_LinkAtoms> QM-MM interface info. Link hydrogen is set between:
              [ QM atom ]             -             [ MM atom ]
  1435 TIMA     95 HSE    CB   CT2    -   1433 TIMA     95 HSE    CA   CT1   
                                          1431 TIMA     95 HSE    N    NH1    excluded
                                          1432 TIMA     95 HSE    HN   H      excluded
                                          1434 TIMA     95 HSE    HA   HB1    excluded
  2552 TIMA    165 GLU    CB   CT2A   -   2550 TIMA    165 GLU    CA   CT1   
                                          2548 TIMA    165 GLU    N    NH1    excluded
                                          2549 TIMA    165 GLU    HN   H      excluded
                                          2551 TIMA    165 GLU    HA   HB1    excluded

  number of link atoms           = 2
  number of external MM charges  = 37183


  Check the input file for QSimulate [ qsimulate.json ]
Setup_Enefunc_Cmap_Par> Natural spline is used to derive cmap coefs.

Setup_Enefunc_Table> Setup Variables for LookupTable
  num_solutes     =      37226  num_waters      =          0

Setup_Enefunc_Restraint> Setup restraint groups
 group =     1, "sid:DHA or (sid:TIMA and (rno:95 or rno:165) and          not (an:CA  | an:C   | an:O   | an:N | an:HN | an:HA))"
 # of atoms =    35
 atomlist: 
   1435   1436   1437   1438   1439   1440   1441   1442   1443   1444
   1445   2552   2553   2554   2555   2556   2557   2558   2559   2560
   7575   7576   7577   7578   7579   7580   7581   7582   7583   7584
   7585   7586   7587   7588   7589
 group =     2, "atomno:1900 or atomno:5687"
 # of atoms =     2
 atomlist: 
   1900   5687
 group =     3, "atomno:1442"
 # of atoms =     1
 atomlist: 
   1442
 group =     4, "atomno:1443"
 # of atoms =     1
 atomlist: 
   1443
 group =     5, "atomno:2559"
 # of atoms =     1
 atomlist: 
   2559
 group =     6, "atomno:2560"
 # of atoms =     1
 atomlist: 
   2560
 group =     7, "atomno:7583"
 # of atoms =     1
 atomlist: 
   7583
 group =     8, "atomno:7584"
 # of atoms =     1
 atomlist: 
   7584
 group =     9, "atomno:7585"
 # of atoms =     1
 atomlist: 
   7585
 group =    10, "atomno:7586"
 # of atoms =     1
 atomlist: 
   7586
 group =    11, "atomno:7587"
 # of atoms =     1
 atomlist: 
   7587
 group =    12, "atomno:7588"
 # of atoms =     1
 atomlist: 
   7588
 group =    13, "atomno:7589"
 # of atoms =     1
 atomlist: 
   7589
Setup_Enefunc_Restraint> Setup restraint functions
 func  =     1 kind  =     1
 const(total, x, y, z) =   10.000   1.000   1.000   1.000
 exponend of function =     2
 # of groups  =     1
 grouplist:   2

 func  =     2 kind  =     2
 const             =  100.000
 ref               =    1.470
 exponend of function =     2
 # of distances  =     1
 distancelist: 
 group = (  6, 12) weight =    1.000 exponent =     1

 func  =     3 kind  =     2
 const             =  100.000
 ref               =    1.217
 exponend of function =     2
 # of distances  =     1
 distancelist: 
 group = (  9, 12) weight =    1.000 exponent =     1

 func  =     4 kind  =     2
 const             =  100.000
 ref               =    2.042
 exponend of function =     2
 # of distances  =     1
 distancelist: 
 group = (  5, 11) weight =    1.000 exponent =     1

 func  =     5 kind  =     2
 const             =  100.000
 ref               =    1.817
 exponend of function =     2
 # of distances  =     1
 distancelist: 
 group = (  8,  4) weight =    1.000 exponent =     1

 func  =     6 kind  =     2
 const             =  100.000
 ref               =    2.727
 exponend of function =     2
 # of distances  =     1
 distancelist: 
 group = (  3, 11) weight =    1.000 exponent =     1

Define_Enefunc_CHARMM> Number of Interactions in Each Term
  bond_ene        =      37255  angle_ene       =      23717
  urey_ene        =       6639
  torsion_ene     =      23862  improper_ene    =       1285
  cmap_ene        =        494
  restraint_groups=         13  restraint_funcs =          6
 
Setup_Fitting_Atdyn> NO fitting is applied, skip
  fitting method  =  NO

Update_Num_Deg_Freedom> Number of degrees of freedom was updated
  num_deg_freedom =      82743 (After setup of fixed atoms at boundary)
 
Remove_Fixatm> Modified Interactions
  bond_ene        =      27610  angle_ene       =      20502
  urey_ene        =       6639
  torsion_ene     =      23862  improper_ene    =       1285
 
Setup_Constraints> The following atoms are excluded from SHAKE:
    1443    7587    7588    7589
Setup_Settle> Setup constraints for SETTLE
  num_unconsbonds =       7633      num_Settle  =       6659
  r0(O-H)         =     0.9572  mass(O)         =    15.9994
  r0(H-H)         =     1.5139  mass(H)         =     1.0080
 
Setup_Shake> Setup constrains for SHAKE and RATTLE
  num_unconsbonds =       3837  num_rigid_bonds =       3796
 
  num_qm_rigid_bonds =         10
 
Update_Num_Deg_Freedom> Number of degrees of freedom was updated
  num_deg_freedom =      62766 (After setup of SETTLE)
 
Update_Num_Deg_Freedom> Number of degrees of freedom was updated
  num_deg_freedom =      58960 (After setup of SHAKE/RATTLE)
 
[STEP4] Compute Single Point Energy for Molecules
 
            STEP            BOND           ANGLE    UREY-BRADLEY        DIHEDRAL        IMPROPER            CMAP         VDWAALS           ELECT    RESTRAINT001    RESTRAINT002    RESTRAINT003    RESTRAINT004    RESTRAINT005    RESTRAINT006    RESTR_CVS001    RESTR_CVS002    RESTR_CVS003    RESTR_CVS004    RESTR_CVS005    RESTR_CVS006              QM            SPOT
 --------------- --------------- --------------- --------------- ---------------
               0       1548.9179       3690.8966        474.2256       4532.3441        265.1222       -212.7083       7280.7009    -117321.9687          0.7876          0.7814          0.5716          0.0197          0.0143          0.0417          0.0000          1.3814          1.2926          2.0559          1.8292          2.7470    -906533.7558         15.5265

[STEP5] Perform Molecular Dynamics Simulation
 
INFO:       STEP            TIME       TOTAL_ENE   POTENTIAL_ENE     KINETIC_ENE            RMSG            BOND           ANGLE    UREY-BRADLEY        DIHEDRAL        IMPROPER            CMAP         VDWAALS           ELECT RESTRAINT_TOTAL    RESTRAINT001    RESTRAINT002    RESTRAINT003    RESTRAINT004    RESTRAINT005    RESTRAINT006    RESTR_CVS001    RESTR_CVS002    RESTR_CVS003    RESTR_CVS004    RESTR_CVS005    RESTR_CVS006     TEMPERATURE          VOLUME              QM            SPOT
 --------------- --------------- --------------- --------------- ---------------
INFO:         50          0.0250    -988487.9712   -1006297.5006      17809.5294         12.6377       1487.7190       3705.8693        470.3212       4540.0890        255.0880       -204.6772       7256.3655    -117279.2752          2.6618          2.0830          0.0370          0.1606          0.1370          0.0188          0.2255          0.0000          1.4506          1.2571          2.0049          1.8309          2.6791        304.0082          0.0000    -906531.6619         13.7598

INFO:        100          0.0500    -988514.6136   -1006147.1573      17632.5437         12.6548       1517.4500       3730.9253        472.7997       4517.8883        263.0727       -203.0855       7234.0118    -117175.2090          6.0477          2.5977          1.6094          0.8140          0.2824          0.1447          0.5996          0.0000          1.5967          1.1268          1.9888          1.8552          2.8040        300.9871          0.0000    -906511.0582         15.7459

INFO:        150          0.0750    -988552.5064   -1006244.2057      17691.6993         12.6017       1495.0983       3731.3436        469.0834       4539.5679        261.5955       -207.2300       7194.8127    -117241.7341          7.8199          3.0334          3.1328          1.3794          0.0004          0.0219          0.2519          0.0000          1.6468          1.0996          2.0398          1.8320          2.6764        301.9969          0.0000    -906494.5629         19.9864

INFO:        200          0.1000    -988494.2461   -1006123.1884      17628.9423         12.6258       1499.9152       3727.8267        478.7197       4505.2150        260.7372       -193.6993       7164.8140    -117052.5843          2.3746          1.8914          0.2889          0.0041          0.0124          0.0395          0.1383          0.0000          1.5235          1.2234          2.0308          1.8371          2.7638        300.9256          0.0000    -906516.5072         16.7042

INFO:        250          0.1250    -988460.2161   -1006235.9624      17775.7463         12.5737       1421.1255       3648.7574        463.6101       4485.2021        269.5513       -205.3912       7160.3932    -117007.0502          2.2606          1.3137          0.0486          0.3094          0.4001          0.1394          0.0493          0.0000          1.4478          1.2726          1.9786          1.8545          2.7044        303.4316          0.0000    -906474.4211         19.0472

INFO:        300          0.1500    -988491.2023   -1006118.0007      17626.7984         12.6252       1485.7115       3769.9344        479.5587       4501.1367        262.6062       -208.9439       7077.3732    -116984.5639          2.1874          1.1744          0.3783          0.4338          0.0396          0.0125          0.1488          0.0000          1.5313          1.2829          2.0220          1.8060          2.6880        300.8890          0.0000    -906503.0009         16.6335

INFO:        350          0.1750    -988517.8116   -1006102.6947      17584.8830         12.6084       1496.1966       3753.0190        472.4661       4471.3625        248.1432       -189.5705       7230.0520    -117095.9557          3.1532          0.5586          1.5592          0.6550          0.0116          0.2791          0.0897          0.0000          1.5947          1.1361          2.0311          1.7644          2.7566        300.1735          0.0000    -906491.5611         11.5412

INFO:        400          0.2000    -988528.1804   -1006190.1426      17661.9621         12.5838       1513.2136       3786.9839        476.6077       4499.4001        264.0441       -198.1465       7154.7315    -117183.0634          4.5091          0.9757          1.3202          1.5810          0.0545          0.5777          0.0001          0.0000          1.5847          1.0913          2.0185          1.8932          2.7257        301.4893          0.0000    -906508.4227         21.3764

INFO:        450          0.2250    -988590.1672   -1006111.0341      17520.8668         12.6553       1508.0024       3725.7439        470.5270       4505.5707        253.4307       -195.0326       7248.4812    -117131.7958          8.3202          1.5986          3.6712          0.3629          0.4528          1.1350          1.0995          0.0000          1.6614          1.1568          2.1092          1.9237          2.8315        299.0808          0.0000    -906504.2817         20.5841

INFO:        500          0.2500    -988544.8009   -1006095.3260      17550.5252         12.5938       1450.1234       3781.0277        482.7489       4503.4220        260.5712       -188.9723       7227.1999    -117120.7463          2.3958          1.1695          0.0146          0.0632          0.9055          0.0134          0.2296          0.0000          1.4577          1.2421          1.9467          1.8288          2.7745        299.5870          0.0000    -906493.0962         20.5008

INFO:        550          0.2750    -988561.3585   -1006174.8934      17613.5349         12.6407       1486.3322       3746.4935        472.8164       4519.5230        265.6477       -212.8361       7172.3875    -117150.7723          5.4848          1.2323          0.2098          0.0000          0.7961          0.9664          2.2802          0.0000          1.5156          1.2175          1.9527          1.9155          2.8776        300.6626          0.0000    -906479.9702         21.5622

INFO:        600          0.3000    -988537.0485   -1006154.3118      17617.2633         12.5571       1477.2517       3754.3976        451.0901       4501.0240        270.3698       -206.6262       7155.9311    -117073.6120          8.2114          2.3215          2.8413          1.3450          0.0002          1.1992          0.5042          0.0000          1.6384          1.1010          2.0404          1.9267          2.7976        300.7263          0.0000    -906492.3494         17.3070

INFO:        650          0.3250    -988481.0569   -1006083.2276      17602.1708         12.6743       1507.0201       3745.9920        475.1225       4499.5456        262.4767       -188.3486       7241.7481    -117151.5934          3.8361          2.9724          0.0194          0.0399          0.4395          0.0013          0.3636          0.0000          1.4837          1.1970          2.1082          1.8208          2.7869        300.4686          0.0000    -906479.0268         19.4751

INFO:        700          0.3500    -988534.3362   -1006249.9155      17715.5793         12.6148       1546.9414       3736.1825        464.3112       4499.6729        266.9690       -190.0856       7218.0637    -117308.5231          4.4801          3.1094          0.0639          0.4984          0.0128          0.4848          0.3108          0.0000          1.4951          1.2876          2.0306          1.7476          2.7823        302.4045          0.0000    -906487.9277         19.0295

INFO:        750          0.3750    -988534.4521   -1006124.8346      17590.3824         12.6760       1541.2879       3839.1395        472.4569       4488.1708        260.7079       -204.0624       7084.5522    -117127.0827          2.9861          2.1890          0.6346          0.0668          0.0776          0.0011          0.0171          0.0000          1.5495          1.1912          2.0698          1.8205          2.7397        300.2674          0.0000    -906482.9907         27.0149

INFO:        800          0.4000    -988538.3728   -1006293.7042      17755.3314         12.6063       1494.8153       3751.4901        445.9579       4537.3977        261.8586       -205.7085       7029.1466    -117128.6830          7.1195          2.1830          2.7325          1.6058          0.1284          0.4695          0.0003          0.0000          1.6351          1.0903          2.0061          1.8857          2.7282        303.0831          0.0000    -906487.0983         21.0688

INFO:        850          0.4250    -988574.9314   -1006169.6330      17594.7017         12.6165       1514.3982       3779.7460        471.7110       4499.3557        261.3858       -201.6535       7159.2347    -117140.0236          2.6020          1.4159          0.5240          0.0034          0.2985          0.3552          0.0049          0.0000          1.5422          1.2229          1.9873          1.7576          2.7196        300.3411          0.0000    -906516.3891         17.5165

INFO:        900          0.4500    -988592.3310   -1006113.4978      17521.1668         12.6309       1508.4278       3769.2978        480.9987       4517.7146        258.0226       -183.2342       7117.6487    -117112.4489          1.6579          0.8383          0.0067          0.1097          0.5225          0.0731          0.1076          0.0000          1.4780          1.2501          1.9696          1.7902          2.7594        299.0859          0.0000    -906471.5828         13.1215

INFO:        950          0.4750    -988558.1652   -1006137.9878      17579.8226         12.6192       1487.6619       3740.0316        475.9942       4520.8324        263.8586       -185.4903       7086.2195    -117026.6981          1.3725          0.9492          0.0115          0.0609          0.0002          0.2796          0.0710          0.0000          1.4805          1.1923          2.0435          1.8701          2.7532        300.0871          0.0000    -906501.7700         13.1856

INFO:       1000          0.5000    -988581.7847   -1006122.8284      17541.0437         12.6556       1530.3458       3832.9700        465.3285       4482.8609        276.0878       -188.5835       7055.9311    -117115.4530          3.6662          1.4421          1.3692          0.6765          0.0030          0.1257          0.0498          0.0000          1.5868          1.1348          2.0474          1.8527          2.7489        299.4252          0.0000    -906465.9823         12.6700

INFO:       1050          0.5250    -988593.5379   -1006131.2068      17537.6690         12.6522       1554.4872       3722.5800        472.9219       4495.7262        269.6191       -176.4581       7128.1133    -117097.2967          5.5269          1.8651          2.5732          0.3124          0.4440          0.2910          0.0412          0.0000          1.6302          1.1611          1.9753          1.8711          2.7469        299.3676          0.0000    -906506.4265         11.1841

INFO:       1100          0.5500    -988624.2227   -1006084.7266      17460.5039         12.6985       1533.1378       3777.0005        480.4985       4472.0322        280.0405       -186.2104       7131.6606    -117063.3964          5.8613          2.7729          0.3514          0.0008          1.7543          0.8586          0.1233          0.0000          1.5291          1.2142          2.1743          1.9099          2.7617        298.0504          0.0000    -906515.3511         15.6810

INFO:       1150          0.5750    -988652.1356   -1006192.7817      17540.6462         12.6068       1499.2916       3724.2239        466.0631       4486.4629        274.5959       -200.8572       7221.5220    -117181.7948          4.3337          3.7308          0.0399          0.0598          0.0036          0.0216          0.4780          0.0000          1.4498          1.2414          2.0479          1.8025          2.7957        299.4184          0.0000    -906486.6228         14.1653

INFO:       1200          0.6000    -988671.0675   -1006182.9149      17511.8474         12.6963       1499.5568       3785.4522        467.1493       4488.6941        287.9337       -191.0944       7294.4375    -117322.8958          7.5617          4.6585          2.1483          0.2362          0.3176          0.0001          0.2010          0.0000          1.6164          1.1684          1.9855          1.8163          2.7714        298.9268          0.0000    -906499.7100         19.8891

INFO:       1250          0.6250    -988661.1298   -1006318.4959      17657.3662         12.6221       1498.7176       3711.1403        458.4243       4514.7482        253.2576       -204.6583       7225.4905    -117302.7809          7.9264          3.5639          2.5347          0.9348          0.0439          0.2552          0.5940          0.0000          1.6290          1.1203          2.0209          1.8677          2.8037        301.4108          0.0000    -906480.7617         17.3169

INFO:       1300          0.6500    -988721.5479   -1006346.7003      17625.1524         12.6114       1488.1798       3779.1293        471.7295       4511.7342        256.2920       -191.7878       7221.3736    -117387.3105          2.7173          2.5336          0.0594          0.0161          0.0523          0.0079          0.0480          0.0000          1.4454          1.2043          2.0190          1.8261          2.7047        300.8609          0.0000    -906498.7577         16.5458

INFO:       1350          0.6750    -988706.6544   -1006260.0151      17553.3607         12.6419       1486.6780       3761.1599        461.6172       4526.1201        269.1833       -192.7178       7191.3764    -117262.2611          2.6332          2.4748          0.0612          0.0000          0.0006          0.0008          0.0958          0.0000          1.4945          1.2163          2.0442          1.8144          2.7576        299.6354          0.0000    -906503.8043         19.3672

INFO:       1400          0.7000    -988689.8192   -1006120.8396      17431.0204         12.5822       1468.7479       3758.2298        482.9228       4509.4461        281.8069       -181.3262       7080.9569    -117038.8605          5.4069          1.9653          3.0289          0.1851          0.0000          0.2242          0.0034          0.0000          1.6438          1.1740          2.0418          1.7698          2.7207        297.5471          0.0000    -906488.1702         13.8399

INFO:       1450          0.7250    -988707.2339   -1006138.9203      17431.6864         12.6571       1504.0938       3787.5418        465.2589       4503.5785        260.6797       -189.0290       6979.7789    -116943.3616          2.3372          1.4109          0.2166          0.5080          0.1467          0.0311          0.0238          0.0000          1.5163          1.1457          2.0036          1.8348          2.7420        297.5585          0.0000    -906509.7984         16.4792

INFO:       1500          0.7500    -988684.4674   -1006230.9154      17546.4480         12.6383       1494.8409       3749.7949        470.1535       4517.9004        271.9460       -185.1670       6961.7882    -117030.0456          2.6480          0.8508          0.1119          0.0021          0.0919          0.8424          0.7487          0.0000          1.4363          1.2124          2.0722          1.9090          2.8131        299.5174          0.0000    -906484.7748         16.0512

INFO:       1550          0.7750    -988655.1872   -1006064.7553      17409.5682         12.5795       1460.4237       3727.1582        479.2575       4524.3647        247.1202       -188.5860       7030.3846    -116849.7487          1.1409          0.4520          0.2849          0.0210          0.0527          0.3298          0.0005          0.0000          1.5232          1.2315          2.0189          1.7598          2.7243        297.1809          0.0000    -906496.2706         14.7800

INFO:       1600          0.8000    -988641.9430   -1006191.1550      17549.2121         12.6153       1511.5583       3713.6623        473.3949       4511.3080        266.6758       -198.2377       7072.9224    -117040.3686          4.5254          0.6390          0.2949          1.4515          0.7748          0.0681          1.2971          0.0000          1.5241          1.0965          1.9539          1.7911          2.8405        299.5646          0.0000    -906506.5958         14.3467

INFO:       1650          0.8250    -988641.4419   -1006258.3551      17616.9132         12.6392       1524.8680       3748.5477        472.6960       4490.2510        280.3978       -205.2215       7199.6455    -117279.5093          5.4901          1.6021          1.8980          0.1404          0.0353          1.7870          0.0273          0.0000          1.6076          1.1795          2.0231          1.9509          2.7101        300.7203          0.0000    -906495.5204         13.5627

INFO:       1700          0.8500    -988649.8168   -1006284.8687      17635.0519         12.6204       1464.3942       3770.9239        476.4805       4509.9738        259.2797       -198.9183       7264.8473    -117354.9674          2.5906          2.1831          0.0007          0.0005          0.0295          0.0059          0.3709          0.0000          1.4671          1.2147          2.0591          1.8249          2.7875        301.0299          0.0000    -906479.4731         16.0341

INFO:       1750          0.8750    -988610.5793   -1006332.1044      17721.5251         12.6603       1491.1509       3760.7893        457.8256       4501.5722        286.7430       -198.8866       7352.9044    -117518.2395          4.8706          1.9497          0.8133          0.0062          0.7495          1.0721          0.2798          0.0000          1.5600          1.2091          1.9553          1.7137          2.7795        302.5060          0.0000    -906470.8343         15.0934

INFO:       1800          0.9000    -988592.7551   -1006337.8020      17745.0469         12.7229       1553.8349       3684.5165        466.9571       4456.0688        247.3711       -196.6517       7534.5711    -117643.4963          5.3650          1.5186          2.3376          0.7031          0.7946          0.0027          0.0083          0.0000          1.6227          1.1331          2.1310          1.8120          2.7357        302.9075          0.0000    -906446.3386         21.7555

INFO:       1850          0.9250    -988617.9952   -1006223.9410      17605.9458         12.6539       1475.8052       3788.6861        481.1392       4530.8122        261.8006       -200.2589       7553.5388    -117664.9872          4.6689          0.5972          1.5677          0.2818          0.0155          2.0136          0.1931          0.0000          1.5950          1.1639          2.0543          1.9591          2.7705        300.5331          0.0000    -906455.1458         16.5233

INFO:       1900          0.9500    -988660.4968   -1006283.4718      17622.9750         12.6888       1511.6729       3740.8105        455.4197       4479.3642        273.0498       -184.4653       7509.3425    -117614.0309          1.2815          0.9022          0.1148          0.0126          0.0924          0.1527          0.0069          0.0000          1.5037          1.2282          2.0115          1.7781          2.7349        300.8238          0.0000    -906455.9167         19.8795

INFO:       1950          0.9750    -988686.7258   -1006342.0342      17655.3084         12.6089       1439.4427       3744.4323        442.8170       4508.9600        258.9665       -171.9264       7280.5460    -117367.5200          3.4897          0.7200          2.2619          0.3078          0.1031          0.0003          0.0967          0.0000          1.6202          1.1615          2.0740          1.8156          2.7577        301.3757          0.0000    -906481.2420         27.1758

INFO:       2000          1.0000    -988714.4865   -1006279.6805      17565.1940         12.6563       1475.3566       3776.7108        463.0629       4490.8897        288.0135       -172.6076       7187.2630    -117326.2339          3.3831          0.9152          1.2924          0.7599          0.3060          0.0018          0.1079          0.0000          1.5835          1.1298          1.9866          1.8130          2.7594        299.8374          0.0000    -906465.5186         16.9100

INFO:       2050          1.0250    -988644.2343   -1006255.5082      17611.2740         12.6690       1520.5714       3769.6083        470.7222       4490.9517        253.4994       -183.9810       7237.3177    -117348.6230          1.0148          0.7356          0.0224          0.0555          0.1082          0.0876          0.0056          0.0000          1.4548          1.1934          2.0090          1.7876          2.7341        300.6240          0.0000    -906466.5899         18.7406

INFO:       2100          1.0500    -988657.9719   -1006200.7563      17542.7844         12.6267       1533.3753       3711.1892        451.7223       4522.3647        302.6640       -174.1886       7250.1799    -117326.5405          2.5438          1.0070          0.4885          0.0468          0.0003          0.1778          0.8233          0.0000          1.5397          1.2386          2.0435          1.8594          2.8173        299.4549          0.0000    -906474.0664         25.2296

INFO:       2150          1.0750    -988657.9185   -1006353.1105      17695.1920         12.6439       1496.2139       3759.4332        467.9560       4566.3922        261.7732       -190.5224       7195.4890    -117439.4433          2.6471          1.2119          0.2194          0.1723          0.8652          0.1124          0.0660          0.0000          1.5166          1.1755          2.1349          1.8507          2.7523        302.0565          0.0000    -906473.0493         16.6721

INFO:       2200          1.1000    -988650.6885   -1006267.3105      17616.6220         12.6433       1508.1343       3719.6457        461.6425       4522.3926        265.3285       -203.3771       7278.2027    -117351.3086          3.9409          1.0711          1.1033          0.7174          0.0061          0.0667          0.9764          0.0000          1.5748          1.1323          2.0341          1.8430          2.8254        300.7153          0.0000    -906471.9120         21.2545

INFO:       2250          1.1250    -988693.6519   -1006348.5268      17654.8749         12.6042       1455.4435       3736.4645        475.5429       4541.0350        258.5620       -200.5632       7176.9078    -117305.5613          3.2573          0.7970          1.0315          0.0968          0.2146          0.2217          0.8957          0.0000          1.5714          1.1859          2.0882          1.7701          2.8212        301.3683          0.0000    -906489.6152         16.7267

INFO:       2300          1.1500    -988667.3450   -1006269.5530      17602.2080         12.6081       1490.1555       3729.7061        460.4623       4534.5486        265.7061       -197.2256       7233.8922    -117295.0511          2.7551          0.4545          0.7136          0.1620          1.2841          0.1174          0.0235          0.0000          1.5543          1.2573          1.9286          1.8515          2.7419        300.4693          0.0000    -906494.5022          9.7262

INFO:       2350          1.1750    -988621.8333   -1006318.3680      17696.5347         12.6813       1552.3623       3750.5289        471.7619       4521.0169        253.9112       -199.6617       7199.3608    -117394.2018          2.5205          0.7221          0.1270          0.0040          0.0001          1.6432          0.0241          0.0000          1.4342          1.2106          2.0427          1.9454          2.7421        302.0794          0.0000    -906475.9669         17.5033

INFO:       2400          1.2000    -988596.8818   -1006181.2288      17584.3470         12.6040       1469.6635       3816.8611        480.2088       4509.0433        277.6712       -188.0186       7245.6831    -117300.3708          4.0276          1.5119          2.1467          0.2577          0.0079          0.0620          0.0415          0.0000          1.6163          1.1662          2.0508          1.8421          2.7062        300.1644          0.0000    -906495.9980         17.9447

INFO:       2450          1.2250    -988586.8224   -1006240.0755      17653.2531         12.6759       1524.8517       3781.1578        459.7291       4522.4513        278.2689       -180.9715       7307.7780    -117460.6296          3.8019          2.2163          0.0531          1.1127          0.0191          0.2945          0.1061          0.0000          1.4929          1.1115          2.0281          1.7629          2.7592        301.3406          0.0000    -906476.5130         17.5093

INFO:       2500          1.2500    -988627.7684   -1006284.3216      17656.5532         12.5952       1487.0581       3720.8660        465.5039       4497.8842        256.6404       -168.1948       7347.5819    -117428.7383          3.9496          2.1308          0.6451          0.0028          0.2754          0.8827          0.0128          0.0000          1.5501          1.2117          1.9894          1.9112          2.7379        301.3969          0.0000    -906466.8727         15.7705

INFO:       2550          1.2750    -988650.0078   -1006316.6035      17666.5956         12.6565       1471.8440       3810.1656        461.4345       4513.4065        271.0810       -183.0332       7414.9364    -117595.8230          2.3462          1.4168          0.0744          0.1130          0.0633          0.6204          0.0583          0.0000          1.4971          1.2506          2.0671          1.8960          2.7025        301.5684          0.0000    -906482.9616         17.6023

INFO:       2600          1.3000    -988595.3514   -1006253.3653      17658.0139         12.5932       1461.5995       3746.0252        459.9822       4525.7178        267.5324       -170.4410       7404.1469    -117470.2907          2.6301          1.0609          0.0058          0.0030          0.5686          0.4189          0.5728          0.0000          1.4774          1.2115          1.9665          1.8819          2.8023        301.4219          0.0000    -906480.2676         19.9976

INFO:       2650          1.3250    -988564.1107   -1006291.5094      17727.3988         12.7031       1505.3183       3809.3864        461.3284       4495.0082        258.1935       -177.5702       7318.6456    -117493.2421          4.3280          0.6738          2.4615          0.1603          0.9419          0.0632          0.0272          0.0000          1.6267          1.1770          2.1390          1.7921          2.7431        302.6063          0.0000    -906472.9055         20.2219

INFO:       2700          1.3500    -988565.5428   -1006276.8144      17711.2716         12.6262       1490.0410       3745.9655        454.2027       4511.8788        283.6973       -201.7774       7181.4567    -117265.4889          3.9496          1.0695          0.4737          0.8669          0.1126          0.0643          1.3625          0.0000          1.5386          1.1239          2.0755          1.8426          2.8433        302.3310          0.0000    -906480.7397         21.5957

INFO:       2750          1.3750    -988607.6026   -1006145.2027      17537.6001         12.6479       1530.0402       3726.9875        466.3061       4526.1159        276.3402       -195.0237       7194.5632    -117233.5338          4.4867          2.4699          1.1285          0.0831          0.1584          0.1290          0.5178          0.0000          1.5760          1.1882          2.0021          1.8531          2.7986        299.3664          0.0000    -906441.4849         29.9500

INFO:       2800          1.4000    -988621.6476   -1006165.6535      17544.0059         12.7101       1550.2554       3693.8324        472.5007       4515.9179        277.4035       -191.6987       7141.9483    -117171.4892          4.0941          2.4475          0.0083          0.0034          1.5976          0.0135          0.0238          0.0000          1.4789          1.2228          2.1683          1.8056          2.7420        299.4758          0.0000    -906458.4178         27.3765

INFO:       2850          1.4250    -988649.3207   -1006251.3330      17602.0122         12.6560       1504.9140       3680.5139        447.6861       4508.3736        253.3324       -188.2660       7241.6699    -117248.7793          4.6522          1.9535          0.2229          0.1379          0.0267          0.3894          1.9218          0.0000          1.5170          1.2541          2.0256          1.8796          2.8652        300.4659          0.0000    -906455.4296         22.2262

INFO:       2900          1.4500    -988610.3000   -1006315.3956      17705.0956         12.6741       1539.6936       3685.3463        464.6977       4487.7378        277.3694       -178.5022       7231.4346    -117369.2184          3.5020          1.2742          0.7292          0.0505          1.2131          0.0739          0.1611          0.0000          1.5552          1.1945          2.1520          1.8444          2.7667        302.2256          0.0000    -906457.4563         18.1036

INFO:       2950          1.4750    -988614.3581   -1006216.1432      17601.7851         12.5976       1516.6985       3739.5695        465.3557       4500.5277        271.6107       -190.0796       7023.2896    -117059.5390          4.7105          0.7107          1.0530          1.0437          0.1367          0.2579          1.5086          0.0000          1.5724          1.1148          2.0049          1.7664          2.8494        300.4620          0.0000    -906488.2866         20.2951

INFO:       3000          1.5000    -988644.2361   -1006288.5262      17644.2901         12.6420       1531.5649       3782.9421        464.5909       4523.8010        249.7588       -193.8402       7027.2255    -117213.8126          1.6088          0.4545          0.3657          0.0735          0.2081          0.2544          0.2526          0.0000          1.5303          1.1899          2.0875          1.8676          2.7769        301.1876          0.0000    -906462.3655         14.0913

INFO:       3050          1.5250    -988604.6136   -1006172.7759      17568.1623         12.6137       1512.6023       3791.9427        460.9517       4510.6682        257.0835       -189.9718       7140.4686    -117182.7833          3.1806          1.1997          0.7304          0.0194          0.1895          0.0005          1.0412          0.0000          1.5553          1.2309          2.0854          1.8150          2.8286        299.8881          0.0000    -906476.9183         14.9333

INFO:       3100          1.5500    -988594.0910   -1006271.7234      17677.6324         12.6392       1516.2214       3720.9112        459.0576       4539.8735        269.9705       -176.7917       7166.4847    -117283.4056          4.4915          2.1611          0.0129          0.0469          1.5431          0.0270          0.7005          0.0000          1.4811          1.1953          2.1661          1.8008          2.8103        301.7568          0.0000    -906488.5365         18.6007

INFO:       3150          1.5750    -988684.6141   -1006286.2674      17601.6533         12.5795       1486.0553       3683.2079        455.2331       4530.1574        265.1218       -198.0131       7263.7271    -117300.4607          4.6956          2.3842          1.5660          0.4320          0.0213          0.0003          0.2918          0.0000          1.5949          1.1513          2.0273          1.8191          2.7806        300.4598          0.0000    -906475.9918         20.4903

INFO:       3200          1.6000    -988629.0454   -1006200.8715      17571.8261         12.7200       1560.0513       3670.7762        461.7054       4528.3071        271.4010       -187.5027       7243.8770    -117250.0050          4.9644          1.6163          1.4019          0.2835          0.0026          0.0221          1.6379          0.0000          1.5882          1.1638          2.0470          1.8321          2.8546        299.9506          0.0000    -906504.4463         15.9155

INFO:       3250          1.6250    -988646.3034   -1006277.1946      17630.8912         12.6293       1514.1198       3752.6719        466.2577       4528.9548        253.6265       -176.5261       7292.3268    -117434.5969          2.2201          1.6092          0.1352          0.0299          0.4025          0.0167          0.0266          0.0000          1.5066          1.1997          1.9785          1.8043          2.7429        300.9589          0.0000    -906476.2492         12.6630

INFO:       3300          1.6500    -988641.5286   -1006272.4270      17630.8984         12.6715       1547.1609       3765.8876        464.0068       4512.8457        293.8421       -167.9190       7207.7278    -117386.0942          3.5692          2.0230          0.3586          0.0751          0.1153          0.2712          0.7261          0.0000          1.4099          1.1896          2.0079          1.7651          2.8118        300.9590          0.0000    -906513.4541          9.8496

INFO:       3350          1.6750    -988675.5650   -1006306.0548      17630.4898         12.6694       1544.9201       3780.5633        478.3962       4514.0140        270.8253       -181.6904       7184.9512    -117399.3653          3.1977          1.4364          0.5217          0.1700          0.3544          0.6077          0.1075          0.0000          1.5420          1.1758          2.1014          1.7392          2.7594        300.9520          0.0000    -906501.8667         14.2907

INFO:       3400          1.7000    -988644.1022   -1006277.6030      17633.5007         12.6087       1522.1312       3728.1530        467.5617       4500.0019        267.2014       -176.2749       7301.6768    -117399.6292          4.4780          1.2183          1.6181          0.6598          0.1792          0.0734          0.7292          0.0000          1.5970          1.1358          1.9996          1.8443          2.8120        301.0034          0.0000    -906492.9026         13.5982

INFO:       3450          1.7250    -988603.3289   -1006310.0687      17706.7398         12.6299       1535.8281       3722.7790        466.8379       4464.9710        269.7314       -188.2139       7334.2691    -117414.9291          1.8298          1.6520          0.0032          0.0167          0.0224          0.0756          0.0599          0.0000          1.4755          1.2041          2.0269          1.8447          2.7511        302.2536          0.0000    -906503.1721         13.0691

INFO:       3500          1.7500    -988662.6161   -1006302.0970      17639.4809         12.5809       1464.9271       3704.1724        447.9573       4474.2584        261.4702       -177.3265       7503.9727    -117469.0386          3.7026          1.7015          0.2339          0.1862          1.0201          0.4095          0.1515          0.0000          1.5182          1.2601          2.1429          1.7532          2.7655        301.1055          0.0000    -906516.1926         19.4047

INFO:       3550          1.7750    -988647.1480   -1006278.3364      17631.1883         12.6260       1482.8761       3886.0841        464.4521       4488.4951        267.6689       -181.6336       7353.7741    -117552.1051          3.8217          1.3986          0.3620          0.0492          0.0006          0.2646          1.7468          0.0000          1.5300          1.1948          2.0444          1.7658          2.8588        300.9640          0.0000    -906491.7697         12.6728

INFO:       3600          1.8000    -988635.0104   -1006247.4537      17612.4433         12.6494       1558.8293       3794.5505        474.4490       4499.9849        262.4429       -188.5437       7272.1079    -117413.7187          5.6097          1.9047          2.5923          0.3757          0.0084          0.0073          0.7213          0.0000          1.6308          1.1557          2.0511          1.8257          2.8115        300.6440          0.0000    -906513.1655         16.9382

INFO:       3650          1.8250    -988678.5301   -1006334.6598      17656.1297         12.6223       1484.1365       3758.2056        446.0018       4496.6758        279.1691       -197.8486       7383.7674    -117513.0014          5.8191          2.7848          0.3373          0.2241          0.9320          0.1258          1.4150          0.0000          1.5279          1.1697          2.1384          1.8527          2.8456        301.3897          0.0000    -906477.5851         19.3652

INFO:       3700          1.8500    -988657.0124   -1006166.2762      17509.2638         12.6287       1461.4246       3743.1575        457.5712       4512.4928        269.5466       -193.7057       7472.2712    -117393.7396          4.0696          2.7033          0.1740          0.0338          1.0077          0.1014          0.0494          0.0000          1.5115          1.2354          2.1423          1.8490          2.7488        298.8827          0.0000    -906499.3642         14.3957

INFO:       3750          1.8750    -988655.7748   -1006337.5720      17681.7972         12.6235       1468.3796       3745.7324        456.1005       4491.4617        277.3236       -185.4529       7376.7493    -117487.8550          3.0332          1.8723          0.0023          0.0000          0.0012          0.4063          0.7511          0.0000          1.4746          1.2163          2.0454          1.7535          2.8133        301.8279          0.0000    -906483.0442         19.4938

INFO:       3800          1.9000    -988656.3824   -1006225.0214      17568.6390         12.6456       1528.0624       3795.8669        461.9694       4488.0470        262.5447       -194.3800       7361.0603    -117441.6569          4.3379          1.8156          1.5915          0.0011          0.8948          0.0008          0.0341          0.0000          1.5960          1.2138          2.1365          1.8144          2.7451        299.8962          0.0000    -906490.8731         13.5522

INFO:       3850          1.9250    -988645.7080   -1006268.0124      17622.3045         12.6674       1560.1989       3751.7183        464.5718       4466.4297        268.0846       -185.1151       7427.7316    -117548.2849          4.6411          2.6182          0.5214          0.7196          0.1212          0.1870          0.4738          0.0000          1.5420          1.1322          2.0071          1.8604          2.7954        300.8123          0.0000    -906477.9885         13.4441

INFO:       3900          1.9500    -988652.5861   -1006357.6610      17705.0749         12.6093       1484.1437       3697.3165        475.4445       4520.5514        272.3999       -169.6639       7462.2703    -117618.6997          3.7972          1.5002          0.4276          0.2577          0.2023          0.5252          0.8843          0.0000          1.5352          1.1662          1.9969          1.7447          2.8206        302.2252          0.0000    -906485.2209         20.7807

INFO:       3950          1.9750    -988602.9875   -1006265.7108      17662.7232         12.6050       1473.9909       3697.2565        462.5011       4477.3729        266.6728       -176.6373       7400.5065    -117380.1642          1.9547          1.0128          0.2312          0.0003          0.1289          0.4092          0.1724          0.0000          1.5179          1.2154          2.0778          1.8812          2.7681        301.5023          0.0000    -906489.1647         17.0592

INFO:       4000          2.0000    -988642.5924   -1006361.1191      17718.5266         12.6363       1500.9332       3733.8475        461.4087       4476.5975        259.2267       -177.7075       7538.0406    -117656.8052          3.4139          1.6440          0.1538          0.1916          0.2219          0.8235          0.3790          0.0000          1.5090          1.1732          1.9948          1.9079          2.7882        302.4548          0.0000    -906500.0745         18.0608

 
[STEP6] Deallocate Arrays
 
Output_Time> Averaged timer profile (Min, Max)
  total time      =   28029.712
    setup         =      12.567
    dynamics      =   28017.146
      energy      =   28014.722
      integrator  =       8.280
      pairlist    =       4.875 (       4.161,       5.164)
  energy           
    bond          =       0.042 (       0.039,       0.046)
    angle         =       0.133 (       0.125,       0.138)
    dihedral      =       0.401 (       0.355,       0.447)
    nonbond       =      37.090 (      36.046,      37.549)
      pme real    =      37.089 (      36.045,      37.548)
      pme recip   =       0.000 (       0.000,       0.000)
    solvation     =       0.000 (       0.000,       0.000)
      polar       =       0.000 (       0.000,       0.000)
      non-polar   =       0.000 (       0.000,       0.000)
    restraint     =       0.021 (       0.018,       0.026)
    qmmm          =   27966.643 (   27965.306,   27967.016)
  integrator       
    constraint    =       4.644 (       4.560,       4.698)
    update        =       0.000 (       0.000,       0.000)
    comm_coord    =       0.000 (       0.000,       0.000)
    comm_force    =       0.000 (       0.000,       0.000)
    comm_migrate  =       0.000 (       0.000,       0.000)

Note: The following floating-point exceptions are signalling:Note: The following floating-point exceptions are signalling:Note: The following floating-point exceptions are signalling: IEEE_DIVIDE_BY_ZERO IEEE_UNDERFLOW_FLAG IEEE_DENORMAL
Note: The following floating-point exceptions are signalling: IEEE_INVALID_FLAG IEEE_DIVIDE_BY_ZERO IEEE_UNDERFLOW_FLAG IEEE_DENORMAL
Note: The following floating-point exceptions are signalling: IEEE_DIVIDE_BY_ZERO IEEE_UNDERFLOW_FLAG IEEE_DENORMAL
Note: The following floating-point exceptions are signalling: IEEE_DIVIDE_BY_ZERO IEEE_UNDERFLOW_FLAG IEEE_DENORMAL
Note: The following floating-point exceptions are signalling:Note: The following floating-point exceptions are signalling: IEEE_DIVIDE_BY_ZERO IEEE_UNDERFLOW_FLAG IEEE_DENORMAL
Note: The following floating-point exceptions are signalling: IEEE_DIVIDE_BY_ZERO IEEE_UNDERFLOW_FLAG IEEE_DENORMAL
Note: The following floating-point exceptions are signalling: IEEE_DIVIDE_BY_ZERO IEEE_UNDERFLOW_FLAG IEEE_DENORMAL
Note: The following floating-point exceptions are signalling: IEEE_DIVIDE_BY_ZERO IEEE_UNDERFLOW_FLAG IEEE_DENORMAL
Note: The following floating-point exceptions are signalling: IEEE_DIVIDE_BY_ZERO IEEE_UNDERFLOW_FLAG IEEE_DENORMAL
Note: The following floating-point exceptions are signalling: IEEE_DIVIDE_BY_ZERO IEEE_UNDERFLOW_FLAG IEEE_DENORMAL
Note: The following floating-point exceptions are signalling: IEEE_DIVIDE_BY_ZERO IEEE_UNDERFLOW_FLAG IEEE_DENORMAL
Note: The following floating-point exceptions are signalling: IEEE_DIVIDE_BY_ZERO IEEE_UNDERFLOW_FLAG IEEE_DENORMAL
Note: The following floating-point exceptions are signalling: IEEE_DIVIDE_BY_ZERO IEEE_UNDERFLOW_FLAG IEEE_DENORMAL
Note: The following floating-point exceptions are signalling: IEEE_DIVIDE_BY_ZERO IEEE_UNDERFLOW_FLAG IEEE_DENORMAL
Note: The following floating-point exceptions are signalling: IEEE_DIVIDE_BY_ZERO IEEE_UNDERFLOW_FLAG IEEE_DENORMAL
Note: The following floating-point exceptions are signalling: IEEE_DIVIDE_BY_ZERO IEEE_UNDERFLOW_FLAG IEEE_DENORMAL
Note: The following floating-point exceptions are signalling: IEEE_INVALID_FLAG IEEE_DIVIDE_BY_ZERO IEEE_UNDERFLOW_FLAG IEEE_DENORMAL
 IEEE_DIVIDE_BY_ZERONote: The following floating-point exceptions are signalling: IEEE_DIVIDE_BY_ZERO IEEE_UNDERFLOW_FLAG IEEE_DENORMAL
 IEEE_DIVIDE_BY_ZERO IEEE_UNDERFLOW_FLAG IEEE_DENORMAL
 IEEE_DIVIDE_BY_ZERO IEEE_UNDERFLOW_FLAG IEEE_DENORMAL
Note: The following floating-point exceptions are signalling: IEEE_DIVIDE_BY_ZERONote: The following floating-point exceptions are signalling:Note: The following floating-point exceptions are signalling: IEEE_UNDERFLOW_FLAG IEEE_DIVIDE_BY_ZERO IEEE_DIVIDE_BY_ZERO IEEE_UNDERFLOW_FLAG IEEE_DENORMAL
 IEEE_UNDERFLOW_FLAG IEEE_UNDERFLOW_FLAG IEEE_DENORMAL IEEE_DENORMAL IEEE_DENORMAL


Note: The following floating-point exceptions are signalling: IEEE_DIVIDE_BY_ZERO IEEE_UNDERFLOW_FLAG IEEE_DENORMAL
Note: The following floating-point exceptions are signalling: IEEE_DIVIDE_BY_ZERO IEEE_UNDERFLOW_FLAG IEEE_DENORMAL
Note: The following floating-point exceptions are signalling: IEEE_DIVIDE_BY_ZERO IEEE_UNDERFLOW_FLAG IEEE_DENORMAL
Note: The following floating-point exceptions are signalling: IEEE_DIVIDE_BY_ZERO IEEE_UNDERFLOW_FLAG IEEE_DENORMAL
Note: The following floating-point exceptions are signalling: IEEE_DIVIDE_BY_ZERO IEEE_UNDERFLOW_FLAG IEEE_DENORMAL
Note: The following floating-point exceptions are signalling: IEEE_DIVIDE_BY_ZERO IEEE_UNDERFLOW_FLAG IEEE_DENORMAL
Note: The following floating-point exceptions are signalling: IEEE_DIVIDE_BY_ZERO IEEE_UNDERFLOW_FLAG IEEE_DENORMAL
Note: The following floating-point exceptions are signalling: IEEE_DIVIDE_BY_ZERO IEEE_UNDERFLOW_FLAG IEEE_DENORMAL
