(10.0.18.3:0,1,2,3,4,5,6,7)
(10.0.18.4:8,9,10,11,12,13,14,15)
(10.0.18.5:16,17,18,19,20,21,22,23)
(10.0.18.6:24,25,26,27,28,29,30,31)

[0] MPI startup(): libfabric version: 1.7.2a-impi
[0] MPI startup(): libfabric provider: psm2
[0] MPI startup(): Rank    Pid      Node name    Pin cpu
[0] MPI startup(): 0       166078   cx1159.obcx  {0,1,2,3,4,5,6}
[0] MPI startup(): 1       166079   cx1159.obcx  {7,8,9,10,11,12,13}
[0] MPI startup(): 2       166080   cx1159.obcx  {14,15,16,17,18,19,20}
[0] MPI startup(): 3       166081   cx1159.obcx  {21,22,23,24,25,26,27}
[0] MPI startup(): 4       166082   cx1159.obcx  {28,29,30,31,32,33,34}
[0] MPI startup(): 5       166083   cx1159.obcx  {35,36,37,38,39,40,41}
[0] MPI startup(): 6       166084   cx1159.obcx  {42,43,44,45,46,47,48}
[0] MPI startup(): 7       166085   cx1159.obcx  {49,50,51,52,53,54,55}
[0] MPI startup(): 8       78769    cx1160.obcx  {0,1,2,3,4,5,6}
[0] MPI startup(): 9       78770    cx1160.obcx  {7,8,9,10,11,12,13}
[0] MPI startup(): 10      78771    cx1160.obcx  {14,15,16,17,18,19,20}
[0] MPI startup(): 11      78772    cx1160.obcx  {21,22,23,24,25,26,27}
[0] MPI startup(): 12      78773    cx1160.obcx  {28,29,30,31,32,33,34}
[0] MPI startup(): 13      78774    cx1160.obcx  {35,36,37,38,39,40,41}
[0] MPI startup(): 14      78775    cx1160.obcx  {42,43,44,45,46,47,48}
[0] MPI startup(): 15      78776    cx1160.obcx  {49,50,51,52,53,54,55}
[0] MPI startup(): 16      249445   cx1161.obcx  {0,1,2,3,4,5,6}
[0] MPI startup(): 17      249446   cx1161.obcx  {7,8,9,10,11,12,13}
[0] MPI startup(): 18      249447   cx1161.obcx  {14,15,16,17,18,19,20}
[0] MPI startup(): 19      249448   cx1161.obcx  {21,22,23,24,25,26,27}
[0] MPI startup(): 20      249449   cx1161.obcx  {28,29,30,31,32,33,34}
[0] MPI startup(): 21      249450   cx1161.obcx  {35,36,37,38,39,40,41}
[0] MPI startup(): 22      249451   cx1161.obcx  {42,43,44,45,46,47,48}
[0] MPI startup(): 23      249452   cx1161.obcx  {49,50,51,52,53,54,55}
[0] MPI startup(): 24      59009    cx1162.obcx  {0,1,2,3,4,5,6}
[0] MPI startup(): 25      59010    cx1162.obcx  {7,8,9,10,11,12,13}
[0] MPI startup(): 26      59011    cx1162.obcx  {14,15,16,17,18,19,20}
[0] MPI startup(): 27      59012    cx1162.obcx  {21,22,23,24,25,26,27}
[0] MPI startup(): 28      59013    cx1162.obcx  {28,29,30,31,32,33,34}
[0] MPI startup(): 29      59014    cx1162.obcx  {35,36,37,38,39,40,41}
[0] MPI startup(): 30      59015    cx1162.obcx  {42,43,44,45,46,47,48}
[0] MPI startup(): 31      59016    cx1162.obcx  {49,50,51,52,53,54,55}
[0] MPI startup(): I_MPI_OFI_LIBRARY_INTERNAL=1
[0] MPI startup(): I_MPI_ROOT=/work/opt/local/cores/intel/impi/2019.5.281
[0] MPI startup(): I_MPI_HYDRA_BOOTSTRAP_EXEC=/usr/local/bin/pjrsh4calc
[0] MPI startup(): I_MPI_HYDRA_BOOTSTRAP_AUTOFORK=0
[0] MPI startup(): I_MPI_HYDRA_TOPOLIB=hwloc
[0] MPI startup(): I_MPI_HYDRA_HOST_FILE=/work/00/hp200098/o30000/tim/tim5/b3lypD3.rpath1/4.equil2_ob/.d0000793842_nodeinfo
[0] MPI startup(): I_MPI_PERHOST=8
[0] MPI startup(): I_MPI_INTERNAL_MEM_POLICY=default
[0] MPI startup(): I_MPI_DEBUG=5
****************************************************
*                                                  *
*                  GENESIS ATDYN                   *
*                                                  *
*        A Molecular Dynamics Simulator with       *
*            Atomic Decomposition Scheme           *
*                                                  *
*               Developed by RIKEN                 *
*                                                  *
****************************************************
 
[STEP0] Architecture and Compiler Information
 
GENESIS_Information> GENESIS Information
  version      = 1.6.0
  commit ID    = $GENESIS_VERSION$
  precision    = double
  nonbonding   = CPU

Build_Information> Compiler Information
  build host   = o30000@obcx03.obcx
  fortran      = GNU Fortran (GCC) 7.5.0
  option       = -O3 -ffast-math -march=native -ffree-line-length-none -fopenmp 
  C            = gcc (GCC) 7.5.0
  option       = -O3 -ffast-math -march=native -fopenmp
  defined var. =  -DMPI -DOMP -DFFTE -DLAPACK -DDSFMT_MEXP=19937 -D__GFORTRAN__
  link option  = -L/work/hp200098/share/local/lib -fopenmp -lmkl_scalapack_lp64 -lmkl_blacs_intelmpi_lp64 -lmkl_intel_lp64 -lmkl_intel_thread -lmkl_core -liomp5 -lpthread -lm 

Runtime_Information> Machine and Library Information
  date       = 2021/02/05 18:01:21
  cpu model    = Intel(R) Xeon(R) Platinum 8280 CPU @ 2.70GHz
  exec. host   = o30000@cx1159.obcx
  LD library   = /work/hp200098/share/local/lib:/work/opt/local/cores/intel/compilers_and_libraries_2019.5.281/linux/tbb/lib/intel64_lin/gcc4.7:/work/opt/local/cores/intel/compilers_and_libraries_2019.5.281/linux/compiler/lib/intel64_lin:/work/opt/local/cores/intel/compilers_and_libraries_2019.5.281/linux/mkl/lib/intel64_lin:/work/opt/local/cores/intel/impi/2019.5.281/intel64/libfabric/lib:/work/opt/local/cores/intel/impi/2019.5.281/intel64/lib/release:/work/opt/local/cores/intel/impi/2019.5.281/intel64/lib:/work/opt/local/cores/gcc/7.5.0/lib64

[STEP1] Read Control Parameters
 
Read_Ctrl_Input> Input Files
  topfile = toppar/top_all36_prot.rtf, toppar/top_all36_cgenff.rtf
  parfile = toppar/par_all36_prot.prm, toppar/par_all36_cgenff.prm
  strfile = toppar/toppar_water_ions.str, toppar/toppar_dhap.3.str
  psffile = ../../2.equil/step4_nvt_100.psf
  pdbfile = ../../2.equil/step4_nvt_100.pdb
  rstfile = ../3.equil1/equil1_17.rst
  reffile = ../../2.equil/step4_nvt_100.pdb
 
Read_Ctrl_Output> Output Files
  dcdfile    = equil2_17.dcd
  rstfile    = equil2_17.rst
 
Read_Ctrl_Energy> Parameters of Energy Calculations
  forcefield      =     CHARMM
  switchdist      =     16.000  cutoffdist      =     18.000
  pairlistdist    =     19.500  dielec_const    =      1.000
  vdW force_switch=        yes
  electrostatic   =  CUTOFF
  implicit_solvent=       none
  table_order     =          3
  table_density   =     20.000
  water_model     =       NONE
  output_style    =    GENESIS
  dispersion_corr =       none
  nonb_limiter    =      no
 
Read_Ctrl_Dynamics> Parameters of MD simulation
  integrator      =       VVER  nsteps          =       4000
  timestep        =     0.0005  initial_time    =     0.0000
  eneout_period   =         50  rstout_period   =         50
  crdout_period   =         50  velout_period   =          0
  nbupdate_period =         10  stoptr_period   =         10
  iseed           =   20190319
  annealing       =         no
  verbose         =         no
  target_md       =         no
  steered_md      =         no
  esp_mm          =         no
 
Read_Ctrl_Constraints> Parameters for Constraints
  rigid_bond      =        yes
  shake_iteration =        500  shake_tolerance =  0.100E-09
  fast_water      =        yes  water_model     =       TIP3
  hydrogen_type   =  name|mass
  noshake_index   = 4  11  12  13
  fixatm_select_index        =       none
 
Read_Ctrl_Ensemble> Parameters for Ensemble
  ensemble        =        NVT
  temperature     =    300.000
  tpcontrol       =      BUSSI
  tau_t           =      0.500
 
Read_Ctrl_Boundary> Parameters of Boundary Condition
  type            =       NOBC
  spherical_pot   =        yes  restart         =          T
  center_info     =       read  modify_ratio    =      1.000
  constant        =     10.000  exponent        =          2
  fixatom         =          T  fix_layer       =      1.000
 
Read_Ctrl_Selection> Parameters of Selection
  # of groups     =         13
    group 1 = sid:DHA or (sid:TIMA and (rno:95 or rno:165) and          not (an:CA  | an:C   | an:O   | an:N | an:HN | an:HA))
    group 2 = atomno:1900 or atomno:5687
    group 3 = atomno:1442
    group 4 = atomno:1443
    group 5 = atomno:2559
    group 6 = atomno:2560
    group 7 = atomno:7583
    group 8 = atomno:7584
    group 9 = atomno:7585
    group 10 = atomno:7586
    group 11 = atomno:7587
    group 12 = atomno:7588
    group 13 = atomno:7589
  # of mole names =          0
 
Read_Ctrl_Restraints> Parameters of Restraint
  numfunc         =   6
  function1 = POSI     
    direction     = ALL 
    constant      = 10.0
    reference     = 
    select_index  = 2
    mode          =   0
    exponent      =   2
    exponent_dist = 
    weight_dist   = 

  function2 = DIST     
    constant      = 100.0
    reference     = 1.1170
    select_index  = 6  12
    mode          =   0
    exponent      =   2
    exponent_dist = 
    weight_dist   = 

  function3 = DIST     
    constant      = 100.0
    reference     = 1.5817
    select_index  = 9  12
    mode          =   0
    exponent      =   2
    exponent_dist = 
    weight_dist   = 

  function4 = DIST     
    constant      = 100.0
    reference     = 2.0583
    select_index  = 5  11
    mode          =   0
    exponent      =   2
    exponent_dist = 
    weight_dist   = 

  function5 = DIST     
    constant      = 100.0
    reference     = 1.7619
    select_index  = 8   4
    mode          =   0
    exponent      =   2
    exponent_dist = 
    weight_dist   = 

  function6 = DIST     
    constant      = 100.0
    reference     = 2.7205
    select_index  = 3  11
    mode          =   0
    exponent      =   2
    exponent_dist = 
    weight_dist   = 

  pressure_position   = NO
  pressure_rmsd     = NO

Read_Ctrl_Fitting_MD> Parameters of Fitting
  fitting method  =  TR+ROT   
  fitting atom    = group1
  mass_weight     =         no
 
Read_Ctrl_QMMM> Parameters of QM/MM
  qmtyp              = qsimulate
  qmcnt              = qsimulate.json
  qmexe              = 
  workdir            = equil2_17
  savedir            = none
  basename           = job
  qmsave_period      = 500
  qmmaxtrial         = 1
  qmatm_select_index = 1
  exclude_charge     = GROUP
 
[STEP2] Setup MPI
 
Setup_Mpi_Md> Summary of Setup MPI
  number of MPI processes   =         32
  number of OpenMP threads  =          7
  total number of CPU cores =        224

[STEP3] Set Relevant Variables and Structures
 
Input_Top> Summary of Topfile
  num_atom_class  =        212  num_resi_type   =        685
 
Input_Par> Summary of Parfile
  num_bonds       =        658  num_angles      =       2003
  num_dihedrals   =       4838  num_impropers   =        163
  num_atom_cls    =        212  num_nbfix       =         75
  num_cmap_terms  =          6
 
Input_Str> Summary of Top information
  num_atom_class  =        227  num_resi_type   =        700
 
Input_Str> Summary of Par information
  num_bonds       =        663  num_angles      =       2006
  num_dihedrals   =       4850  num_impropers   =        163
  num_atom_cls    =        227  num_nbfix       =         90
  num_cmap_terms  =          6
 
Read_Psf> Summary of Psffile
  psftype         =      xplor
  num_atoms       =      37226  num_bonds       =      37288
  num_angles      =      23768  num_dihedrals   =      20268
  num_impropers   =       1292  num_cmap_terms  =        494
  num_HB_donors   =      20596  num_HB_acceptors=      10610
  num_NB_exclusion=          0  num_groups      =      12168
  total_charge    =    -10.000
 
Check_Pdb> 6-column residue sequence number
 
Read_Pdb> Summary of Data in PDB file
  num_atoms       =      37226
 
Read_Rst_Binary> Summary of RST file
  num_atoms       =      37226  iseed           =   20190319
  boxsize (x,y,z) =      0.000     0.000     0.000
  spherical_pot     =      yes
  nfunctions                 2  num_fixatm              9645
  num_of_qm_charge          35

Define_Molecule> Summary of molecules
  num_atoms       =      37226  num_bonds       =      37288
  num_angles      =      23768  num_dihedrals   =      20268
  num_impropers   =       1292  num_cmap_terms  =        494
  num_residues    =      10370  num_molecules   =       9878
  num_segments    =          6  num_deg_freedom =     111678
  total_charge    =    -10.000
 
Setup_Boundary> Setup Variables for Boundary Condition
  origin(x,y,z)   =      0.000     0.000     0.000
  nfunctions      =        2
    center(x,y,z) =     17.000     0.000     0.000
    radius        =     35.000
    constant      =     10.000
    exponent      =          2
    center(x,y,z) =    -17.000     0.000     0.000
    radius        =     35.000
    constant      =     10.000
    exponent      =          2

  num_fixatm      =     9645

 
Random_Init> Initialize the random number
  seed            = 20190319

Setup_QMMM> Setup QM region
  QM assignment info
  1435 TIMA     95 HSE    CB   CT2    assigned to QM atom    1 of element: C     6
  1436 TIMA     95 HSE    HB1  HA2    assigned to QM atom    2 of element: H     1
  1437 TIMA     95 HSE    HB2  HA2    assigned to QM atom    3 of element: H     1
  1438 TIMA     95 HSE    ND1  NR2    assigned to QM atom    4 of element: N     7
  1439 TIMA     95 HSE    CG   CPH1   assigned to QM atom    5 of element: C     6
  1440 TIMA     95 HSE    CE1  CPH2   assigned to QM atom    6 of element: C     6
  1441 TIMA     95 HSE    HE1  HR1    assigned to QM atom    7 of element: H     1
  1442 TIMA     95 HSE    NE2  NR1    assigned to QM atom    8 of element: N     7
  1443 TIMA     95 HSE    HE2  H      assigned to QM atom    9 of element: H     1
  1444 TIMA     95 HSE    CD2  CPH1   assigned to QM atom   10 of element: C     6
  1445 TIMA     95 HSE    HD2  HR3    assigned to QM atom   11 of element: H     1
  2552 TIMA    165 GLU    CB   CT2A   assigned to QM atom   12 of element: C     6
  2553 TIMA    165 GLU    HB1  HA2    assigned to QM atom   13 of element: H     1
  2554 TIMA    165 GLU    HB2  HA2    assigned to QM atom   14 of element: H     1
  2555 TIMA    165 GLU    CG   CT2    assigned to QM atom   15 of element: C     6
  2556 TIMA    165 GLU    HG1  HA2    assigned to QM atom   16 of element: H     1
  2557 TIMA    165 GLU    HG2  HA2    assigned to QM atom   17 of element: H     1
  2558 TIMA    165 GLU    CD   CC     assigned to QM atom   18 of element: C     6
  2559 TIMA    165 GLU    OE1  OC     assigned to QM atom   19 of element: O     8
  2560 TIMA    165 GLU    OE2  OC     assigned to QM atom   20 of element: O     8
  7575 DHA     249 DHAP   P    PG2    assigned to QM atom   21 of element: P    15
  7576 DHA     249 DHAP   O1P  OG303  assigned to QM atom   22 of element: O     8
  7577 DHA     249 DHAP   O2P  OG2P1  assigned to QM atom   23 of element: O     8
  7578 DHA     249 DHAP   O3P  OG2P1  assigned to QM atom   24 of element: O     8
  7579 DHA     249 DHAP   O4P  OG2P1  assigned to QM atom   25 of element: O     8
  7580 DHA     249 DHAP   C1   CG321  assigned to QM atom   26 of element: C     6
  7581 DHA     249 DHAP   H11  HGA2   assigned to QM atom   27 of element: H     1
  7582 DHA     249 DHAP   H12  HGA2   assigned to QM atom   28 of element: H     1
  7583 DHA     249 DHAP   C2   CG2O5  assigned to QM atom   29 of element: C     6
  7584 DHA     249 DHAP   O2   OG2D3  assigned to QM atom   30 of element: O     8
  7585 DHA     249 DHAP   C3   CG321  assigned to QM atom   31 of element: C     6
  7586 DHA     249 DHAP   O3   OG311  assigned to QM atom   32 of element: O     8
  7587 DHA     249 DHAP   HO3  HGP1   assigned to QM atom   33 of element: H     1
  7588 DHA     249 DHAP   H31  HGA2   assigned to QM atom   34 of element: H     1
  7589 DHA     249 DHAP   H32  HGA2   assigned to QM atom   35 of element: H     1
  number of QM atoms = 35
 
  QM charges retreived from rstfile.
 

Generate_LinkAtoms> QM-MM interface info. Link hydrogen is set between:
              [ QM atom ]             -             [ MM atom ]
  1435 TIMA     95 HSE    CB   CT2    -   1433 TIMA     95 HSE    CA   CT1   
                                          1431 TIMA     95 HSE    N    NH1    excluded
                                          1432 TIMA     95 HSE    HN   H      excluded
                                          1434 TIMA     95 HSE    HA   HB1    excluded
  2552 TIMA    165 GLU    CB   CT2A   -   2550 TIMA    165 GLU    CA   CT1   
                                          2548 TIMA    165 GLU    N    NH1    excluded
                                          2549 TIMA    165 GLU    HN   H      excluded
                                          2551 TIMA    165 GLU    HA   HB1    excluded

  number of link atoms           = 2
  number of external MM charges  = 37183


  Check the input file for QSimulate [ qsimulate.json ]
Setup_Enefunc_Cmap_Par> Natural spline is used to derive cmap coefs.

Setup_Enefunc_Table> Setup Variables for LookupTable
  num_solutes     =      37226  num_waters      =          0

Setup_Enefunc_Restraint> Setup restraint groups
 group =     1, "sid:DHA or (sid:TIMA and (rno:95 or rno:165) and          not (an:CA  | an:C   | an:O   | an:N | an:HN | an:HA))"
 # of atoms =    35
 atomlist: 
   1435   1436   1437   1438   1439   1440   1441   1442   1443   1444
   1445   2552   2553   2554   2555   2556   2557   2558   2559   2560
   7575   7576   7577   7578   7579   7580   7581   7582   7583   7584
   7585   7586   7587   7588   7589
 group =     2, "atomno:1900 or atomno:5687"
 # of atoms =     2
 atomlist: 
   1900   5687
 group =     3, "atomno:1442"
 # of atoms =     1
 atomlist: 
   1442
 group =     4, "atomno:1443"
 # of atoms =     1
 atomlist: 
   1443
 group =     5, "atomno:2559"
 # of atoms =     1
 atomlist: 
   2559
 group =     6, "atomno:2560"
 # of atoms =     1
 atomlist: 
   2560
 group =     7, "atomno:7583"
 # of atoms =     1
 atomlist: 
   7583
 group =     8, "atomno:7584"
 # of atoms =     1
 atomlist: 
   7584
 group =     9, "atomno:7585"
 # of atoms =     1
 atomlist: 
   7585
 group =    10, "atomno:7586"
 # of atoms =     1
 atomlist: 
   7586
 group =    11, "atomno:7587"
 # of atoms =     1
 atomlist: 
   7587
 group =    12, "atomno:7588"
 # of atoms =     1
 atomlist: 
   7588
 group =    13, "atomno:7589"
 # of atoms =     1
 atomlist: 
   7589
Setup_Enefunc_Restraint> Setup restraint functions
 func  =     1 kind  =     1
 const(total, x, y, z) =   10.000   1.000   1.000   1.000
 exponend of function =     2
 # of groups  =     1
 grouplist:   2

 func  =     2 kind  =     2
 const             =  100.000
 ref               =    1.117
 exponend of function =     2
 # of distances  =     1
 distancelist: 
 group = (  6, 12) weight =    1.000 exponent =     1

 func  =     3 kind  =     2
 const             =  100.000
 ref               =    1.582
 exponend of function =     2
 # of distances  =     1
 distancelist: 
 group = (  9, 12) weight =    1.000 exponent =     1

 func  =     4 kind  =     2
 const             =  100.000
 ref               =    2.058
 exponend of function =     2
 # of distances  =     1
 distancelist: 
 group = (  5, 11) weight =    1.000 exponent =     1

 func  =     5 kind  =     2
 const             =  100.000
 ref               =    1.762
 exponend of function =     2
 # of distances  =     1
 distancelist: 
 group = (  8,  4) weight =    1.000 exponent =     1

 func  =     6 kind  =     2
 const             =  100.000
 ref               =    2.720
 exponend of function =     2
 # of distances  =     1
 distancelist: 
 group = (  3, 11) weight =    1.000 exponent =     1

Define_Enefunc_CHARMM> Number of Interactions in Each Term
  bond_ene        =      37255  angle_ene       =      23717
  urey_ene        =       6639
  torsion_ene     =      23862  improper_ene    =       1285
  cmap_ene        =        494
  restraint_groups=         13  restraint_funcs =          6
 
Setup_Fitting_Atdyn> NO fitting is applied, skip
  fitting method  =  NO

Update_Num_Deg_Freedom> Number of degrees of freedom was updated
  num_deg_freedom =      82743 (After setup of fixed atoms at boundary)
 
Remove_Fixatm> Modified Interactions
  bond_ene        =      27610  angle_ene       =      20502
  urey_ene        =       6639
  torsion_ene     =      23862  improper_ene    =       1285
 
Setup_Constraints> The following atoms are excluded from SHAKE:
    1443    7587    7588    7589
Setup_Settle> Setup constraints for SETTLE
  num_unconsbonds =       7633      num_Settle  =       6659
  r0(O-H)         =     0.9572  mass(O)         =    15.9994
  r0(H-H)         =     1.5139  mass(H)         =     1.0080
 
Setup_Shake> Setup constrains for SHAKE and RATTLE
  num_unconsbonds =       3837  num_rigid_bonds =       3796
 
  num_qm_rigid_bonds =         10
 
Update_Num_Deg_Freedom> Number of degrees of freedom was updated
  num_deg_freedom =      62766 (After setup of SETTLE)
 
Update_Num_Deg_Freedom> Number of degrees of freedom was updated
  num_deg_freedom =      58960 (After setup of SHAKE/RATTLE)
 
[STEP4] Compute Single Point Energy for Molecules
 
            STEP            BOND           ANGLE    UREY-BRADLEY        DIHEDRAL        IMPROPER            CMAP         VDWAALS           ELECT    RESTRAINT001    RESTRAINT002    RESTRAINT003    RESTRAINT004    RESTRAINT005    RESTRAINT006    RESTR_CVS001    RESTR_CVS002    RESTR_CVS003    RESTR_CVS004    RESTR_CVS005    RESTR_CVS006              QM            SPOT
 --------------- --------------- --------------- --------------- ---------------
               0       1543.6936       3735.5074        467.8905       4474.2644        256.5498       -171.2557       7310.3655    -117193.1694          2.0226          0.8430          0.5940          0.0103          0.2845          0.4503          0.0000          1.0252          1.6588          2.0481          1.8152          2.7876    -906542.5001         14.1913

[STEP5] Perform Molecular Dynamics Simulation
 
INFO:       STEP            TIME       TOTAL_ENE   POTENTIAL_ENE     KINETIC_ENE            RMSG            BOND           ANGLE    UREY-BRADLEY        DIHEDRAL        IMPROPER            CMAP         VDWAALS           ELECT RESTRAINT_TOTAL    RESTRAINT001    RESTRAINT002    RESTRAINT003    RESTRAINT004    RESTRAINT005    RESTRAINT006    RESTR_CVS001    RESTR_CVS002    RESTR_CVS003    RESTR_CVS004    RESTR_CVS005    RESTR_CVS006     TEMPERATURE          VOLUME              QM            SPOT
 --------------- --------------- --------------- --------------- ---------------
INFO:         50          0.0250    -988409.5506   -1006088.2134      17678.6628         12.6872       1491.1155       3795.0470        468.4361       4514.0968        264.8268       -168.8807       7364.4016    -117301.5899          5.7279          0.6161          0.9741          1.3424          1.3245          1.4027          0.0681          0.0000          1.0183          1.6976          2.1734          1.6435          2.7466        301.7743          0.0000    -906521.3944         12.8579

INFO:        100          0.0500    -988439.8194   -1006266.0633      17826.2439         12.5915       1465.9568       3671.8629        452.7378       4457.9638        271.3276       -173.2075       7429.8472    -117347.1590          3.5112          1.2321          0.2592          1.3187          0.0296          0.1385          0.5331          0.0000          1.0661          1.6965          2.0411          1.7991          2.7935        304.2936          0.0000    -906498.9041         14.8362

INFO:        150          0.0750    -988477.1262   -1006251.8832      17774.7570         12.6207       1476.4269       3734.4986        478.0595       4485.6600        251.0981       -177.6877       7520.6544    -117542.8087          1.2770          0.9967          0.0032          0.2021          0.0057          0.0021          0.0671          0.0000          1.1226          1.6267          2.0659          1.7665          2.7464        303.4147          0.0000    -906479.0613         16.6852

INFO:        200          0.1000    -988430.5389   -1006073.3101      17642.7712         12.5957       1474.3201       3787.1818        466.5686       4493.8027        275.5740       -179.4221       7380.2265    -117302.5985          1.8898          0.7528          0.0595          0.2227          0.8335          0.0020          0.0193          0.0000          1.1414          1.6289          1.9670          1.7664          2.7066        301.1617          0.0000    -906470.8532         20.0235

INFO:        250          0.1250    -988392.3680   -1006061.5135      17669.1455         12.6329       1514.0257       3749.9717        473.7399       4476.3052        267.7318       -167.3470       7279.1689    -117163.5746          2.3332          0.8903          0.2166          0.6006          0.2232          0.0045          0.3981          0.0000          1.0705          1.6592          2.0111          1.7686          2.7836        301.6119          0.0000    -906493.8683         14.7448

INFO:        300          0.1500    -988427.2339   -1006126.4931      17699.2592         12.6250       1528.4004       3732.6942        460.4294       4490.8518        267.3011       -184.0678       7113.1919    -117068.7368          3.2783          1.5875          0.2147          0.3794          0.0156          0.3207          0.7603          0.0000          1.0707          1.6433          2.0708          1.8185          2.6333        302.1259          0.0000    -906469.8356         12.2096

INFO:        350          0.1750    -988459.6560   -1006230.0878      17770.4317         12.6194       1477.4766       3710.8325        451.5499       4511.4030        269.1175       -175.7353       7239.2332    -117240.2953          3.6041          2.2605          0.0723          1.1008          0.0009          0.0000          0.1696          0.0000          1.0901          1.6866          2.0553          1.7622          2.7617        303.3408          0.0000    -906477.2739         11.4924

INFO:        400          0.2000    -988471.7314   -1006256.5215      17784.7901         12.6206       1498.3292       3673.9611        465.6076       4450.7757        251.9530       -175.0072       7224.1887    -117162.3881          2.4236          2.0802          0.2932          0.0127          0.0161          0.0028          0.0187          0.0000          1.0629          1.5705          2.0710          1.7672          2.7068        303.5859          0.0000    -906486.3650         17.3679

INFO:        450          0.2250    -988539.9456   -1006313.7553      17773.8097         12.5617       1473.4474       3675.6313        460.9970       4488.1383        266.5303       -175.1280       7302.8907    -117316.5873          2.2319          1.9293          0.0321          0.1930          0.0277          0.0130          0.0368          0.0000          1.0991          1.6256          2.0417          1.7505          2.7397        303.3985          0.0000    -906491.9069         16.5369

INFO:        500          0.2500    -988501.0521   -1006110.3284      17609.2763         12.6808       1513.4105       3742.6708        460.0074       4502.2923        264.8859       -160.8130       7290.9656    -117275.2020          5.0429          2.6613          0.0723          1.3118          0.5292          0.0095          0.4587          0.0000          1.0901          1.6962          2.1310          1.7717          2.7882        300.5899          0.0000    -906453.5889         16.2339

INFO:        550          0.2750    -988518.8788   -1006100.9804      17582.1016         12.5895       1487.5084       3800.4144        469.2679       4507.6894        261.5978       -179.8315       7155.4266    -117112.7293          6.0472          2.8403          0.6024          1.0735          0.1573          1.3648          0.0090          0.0000          1.0394          1.6853          2.0186          1.8787          2.7300        300.1261          0.0000    -906496.3712         14.6199

INFO:        600          0.3000    -988501.8776   -1006077.6462      17575.7687         12.6141       1511.8055       3795.5773        482.4962       4495.7677        270.3077       -172.6022       7044.5803    -117033.4099          4.2018          2.8444          0.1353          0.3132          0.2578          0.0087          0.6424          0.0000          1.0802          1.6377          2.1091          1.7712          2.8006        300.0179          0.0000    -906476.3705         13.2153

INFO:        650          0.3250    -988448.8560   -1006178.4548      17729.5987         12.5250       1481.5129       3649.7174        456.1599       4507.4677        253.8681       -184.8954       7001.8514    -116849.3744          3.7344          2.7685          0.0467          0.1175          0.1111          0.6841          0.0065          0.0000          1.0954          1.6160          2.0916          1.8446          2.7285        302.6438          0.0000    -906498.4967         18.2177

INFO:        700          0.3500    -988496.0490   -1006057.2844      17561.2354         12.5360       1489.2927       3707.1562        464.3949       4500.8250        256.1601       -184.2068       7025.8732    -116832.1961          4.6837          3.0520          0.0794          0.0001          0.6289          0.1628          0.7605          0.0000          1.0888          1.5805          1.9790          1.7216          2.6333        299.7699          0.0000    -906489.2673         17.1774

INFO:        750          0.3750    -988480.1070   -1006029.3697      17549.2627         12.6142       1497.0006       3756.3398        470.0908       4502.2120        277.7956       -208.0119       7049.5526    -116914.4072          3.3971          2.6435          0.0608          0.0681          0.0789          0.5454          0.0004          0.0000          1.0924          1.6078          2.0864          1.8358          2.7224        299.5655          0.0000    -906463.3390         13.7412

INFO:        800          0.4000    -988484.0974   -1006065.4662      17581.3688         12.5411       1448.6746       3748.0509        447.1640       4501.9111        253.2046       -196.0823       7074.5125    -116883.6928          3.3510          1.4198          0.0859          0.4264          0.5017          0.8482          0.0690          0.0000          1.0877          1.6470          1.9875          1.6698          2.6942        300.1135          0.0000    -906462.5598         12.1166

INFO:        850          0.4250    -988524.4920   -1005978.8819      17454.3899         12.5981       1504.7168       3704.9357        457.1584       4494.1432        245.2701       -190.7620       7216.9348    -116925.1866          4.7908          1.2196          0.2880          1.8146          0.7902          0.0294          0.6490          0.0000          1.0633          1.7164          1.9694          1.7790          2.6399        297.9460          0.0000    -906490.8830         17.3732

INFO:        900          0.4500    -988540.5963   -1005994.9635      17454.3673         12.5611       1518.7003       3705.3882        480.8414       4481.5775        263.1137       -190.7340       7223.0575    -117002.8385          4.4508          1.1973          0.2681          1.7527          0.1390          0.4178          0.6759          0.0000          1.0652          1.7141          2.0210          1.6973          2.8027        297.9456          0.0000    -906478.5204         16.6566

INFO:        950          0.4750    -988504.2728   -1006208.4997      17704.2269         12.5530       1442.6892       3754.6238        467.2488       4525.2319        255.2920       -187.5963       7139.9712    -117120.8968          2.1665          0.9136          0.0443          0.0100          0.1732          0.3606          0.6649          0.0000          1.0960          1.5717          2.0999          1.8219          2.6390        302.2107          0.0000    -906487.2300         14.0294

INFO:       1000          0.5000    -988531.4550   -1006116.5102      17585.0552         12.5529       1465.9061       3722.8192        465.0246       4472.8042        250.7149       -182.7678       7272.2466    -117075.5548          3.5321          1.4409          0.5252          0.5120          0.0602          0.8875          0.1064          0.0000          1.0445          1.6533          2.0338          1.8561          2.7531        300.1765          0.0000    -906511.2354         15.8333

INFO:       1050          0.5250    -988536.8858   -1006105.7149      17568.8291         12.5873       1563.6738       3710.9106        481.8790       4499.4644        281.4471       -186.0396       7180.4898    -117146.7083          4.8533          2.4067          0.9382          0.5678          0.1183          0.3191          0.5032          0.0000          1.0201          1.6571          2.0927          1.7054          2.7914        299.8995          0.0000    -906495.6850         12.2260

INFO:       1100          0.5500    -988569.0048   -1006150.5518      17581.5470         12.5788       1496.7414       3776.0386        470.2032       4483.6915        261.7592       -188.2346       7210.8424    -117151.5562          4.6109          2.3205          0.0659          1.2689          0.5085          0.0391          0.4080          0.0000          1.0913          1.6943          2.1296          1.7817          2.7844        300.1166          0.0000    -906514.6483         16.8235

INFO:       1150          0.5750    -988589.1738   -1006217.5104      17628.3365         12.5695       1497.8179       3712.0821        466.0047       4464.1583        233.9271       -190.3864       7329.8749    -117230.2005          4.2504          1.6597          0.0425          1.1475          0.0460          0.1381          1.2165          0.0000          1.0964          1.6888          2.0368          1.7991          2.8308        300.9153          0.0000    -906505.0388         12.6376

INFO:       1200          0.6000    -988611.9537   -1006138.0503      17526.0966         12.5492       1486.0876       3697.6121        478.9401       4482.4753        253.4538       -198.7322       7345.7629    -117199.8481          2.2191          0.8575          0.0262          0.4627          0.1486          0.7091          0.0150          0.0000          1.1332          1.6497          2.0968          1.8461          2.7082        299.1700          0.0000    -906486.0211         16.7496

INFO:       1250          0.6250    -988594.3232   -1006050.3129      17455.9897         12.5800       1492.1878       3747.6306        466.5633       4503.4324        252.2400       -194.7740       7300.8555    -117135.6354          1.1593          0.5770          0.0824          0.0104          0.0768          0.0343          0.3784          0.0000          1.0883          1.5919          2.0306          1.7804          2.7820        297.9733          0.0000    -906483.9723         13.0704

INFO:       1300          0.6500    -988651.7579   -1006219.3359      17567.5780         12.5525       1494.9477       3752.6440        473.1318       4503.1847        258.6941       -206.0174       7227.1634    -117201.2366          5.2585          0.6688          1.3180          2.6620          0.5350          0.0688          0.0060          0.0000          1.0022          1.7449          1.9852          1.7357          2.7128        299.8781          0.0000    -906527.1061         15.8079

INFO:       1350          0.6750    -988638.0957   -1006296.0626      17657.9669         12.4990       1490.7308       3693.5378        463.6108       4496.6422        279.1341       -216.5073       7042.8355    -117039.8365          1.4378          0.4365          0.4083          0.0376          0.0905          0.4510          0.0138          0.0000          1.0531          1.6011          2.0282          1.8291          2.7323        301.4211          0.0000    -906507.6479         19.4107

INFO:       1400          0.7000    -988625.3653   -1006056.6145      17431.2493         12.5143       1487.2363       3792.2875        470.6569       4482.6471        270.2200       -182.2397       7167.4307    -117062.0614          1.1376          0.7152          0.0103          0.3479          0.0035          0.0525          0.0081          0.0000          1.1272          1.6407          2.0643          1.7390          2.7295        297.5510          0.0000    -906483.9298         19.5098

INFO:       1450          0.7250    -988644.4649   -1006217.8699      17573.4050         12.5743       1449.2232       3796.5392        466.8889       4492.9981        266.7433       -196.6238       7145.6044    -117123.8630          3.8031          0.7178          0.1579          1.4671          0.3626          0.9893          0.1085          0.0000          1.0773          1.7028          2.1185          1.8614          2.7534        299.9776          0.0000    -906519.1834         20.9000

INFO:       1500          0.7500    -988616.4687   -1006180.1806      17563.7119         12.5762       1518.0995       3743.1327        477.7731       4498.1015        278.5632       -201.9031       7165.5468    -117136.4888          2.9962          1.1114          0.0392          0.5275          0.0358          1.2555          0.0269          0.0000          1.0972          1.6543          2.0772          1.6499          2.7369        299.8121          0.0000    -906526.0017         16.3833

INFO:       1550          0.7750    -988586.1919   -1006265.6164      17679.4245         12.5679       1531.9598       3722.6157        460.9887       4493.5957        249.6540       -172.0240       7201.4606    -117251.0876          1.4200          1.0623          0.0323          0.0052          0.2140          0.0706          0.0356          0.0000          1.0990          1.5745          2.1046          1.7353          2.7394        301.7874          0.0000    -906504.1993         11.5688

INFO:       1600          0.8000    -988579.4248   -1006149.0009      17569.5760         12.5337       1449.9888       3749.8643        464.1475       4499.6369        281.6038       -178.2614       7300.4034    -117238.7256          4.0716          0.9407          0.1895          2.2296          0.0074          0.7026          0.0018          0.0000          1.0735          1.7310          2.0497          1.8457          2.7248        299.9122          0.0000    -906481.7301         17.0566

INFO:       1650          0.8250    -988581.4985   -1006191.8293      17610.3308         12.6144       1475.4462       3728.7868        465.7245       4490.3315        249.3711       -179.5097       7322.2998    -117262.1877          2.7977          1.5270          0.9944          0.0491          0.1699          0.0437          0.0137          0.0000          1.0173          1.5595          2.0171          1.7828          2.7322        300.6079          0.0000    -906484.8894         17.0082

INFO:       1700          0.8500    -988584.9674   -1006106.3308      17521.3634         12.5703       1489.3018       3742.4813        463.6889       4498.7742        266.3112       -181.2354       7199.9574    -117104.6621          3.6745          1.6635          0.2105          0.8778          0.0869          0.1321          0.7038          0.0000          1.0711          1.6754          2.0878          1.7982          2.8044        299.0893          0.0000    -906484.6226         20.0733

INFO:       1750          0.8750    -988537.7082   -1006126.5442      17588.8359         12.6168       1473.9419       3801.0418        480.9885       4506.5444        256.0860       -160.7593       7207.4466    -117225.9788          3.2369          1.8359          0.0716          0.7886          0.0297          0.3413          0.1698          0.0000          1.0902          1.6705          2.0755          1.7035          2.7617        300.2410          0.0000    -906469.0922         10.7967

INFO:       1800          0.9000    -988516.3963   -1006268.2225      17751.8262         12.5493       1461.2736       3831.0731        465.8288       4470.7037        237.1668       -159.3739       7050.5524    -117146.2354          4.3409          2.3223          0.0174          0.0001          1.2290          0.6946          0.0776          0.0000          1.1038          1.5826          1.9474          1.8452          2.7484        303.0232          0.0000    -906483.5525         12.9420

INFO:       1850          0.9250    -988544.5105   -1006131.6940      17587.1835         12.5676       1471.4921       3770.3215        461.4629       4465.8146        260.4961       -161.0917       7182.0643    -117107.3681          4.9028          2.4849          0.2937          0.3408          1.0376          0.6165          0.1294          0.0000          1.0628          1.6401          2.1602          1.6834          2.7565        300.2128          0.0000    -906479.7887         12.1755

INFO:       1900          0.9500    -988587.8568   -1006319.1646      17731.3078         12.5544       1472.2478       3755.6633        455.7492       4479.7397        237.6485       -157.5662       7205.0048    -117293.9524          2.8629          1.5002          0.4966          0.7085          0.1271          0.0202          0.0103          0.0000          1.0465          1.6659          2.0939          1.7477          2.7307        302.6730          0.0000    -906476.5623         15.5159

INFO:       1950          0.9750    -988611.9854   -1006237.4586      17625.4732         12.6139       1491.7621       3747.3475        463.5070       4480.8741        268.2867       -172.4314       7290.6987    -117355.4131          2.1077          0.6713          1.0826          0.0893          0.0766          0.1825          0.0055          0.0000          1.0130          1.6116          2.0306          1.7192          2.7131        300.8664          0.0000    -906454.1979         19.4773

INFO:       2000          1.0000    -988641.5655   -1006229.8885      17588.3230         12.5511       1466.9648       3708.9764        459.7961       4502.2103        276.9244       -191.9274       7221.3486    -117202.3387          4.7417          1.0354          0.3328          2.7927          0.4604          0.0247          0.0956          0.0000          1.0593          1.7488          2.1262          1.7776          2.6896        300.2323          0.0000    -906476.5848         13.7027

INFO:       2050          1.0250    -988572.5369   -1006135.3993      17562.8624         12.6394       1465.4169       3748.9232        465.2613       4485.2665        264.2819       -187.1597       7345.7053    -117249.7700          1.2530          0.8907          0.3178          0.0031          0.0098          0.0187          0.0130          0.0000          1.0606          1.5762          2.0484          1.7482          2.7319        299.7976          0.0000    -906474.5775         15.7420

INFO:       2100          1.0500    -988579.5712   -1006244.5356      17664.9644         12.5663       1515.2509       3770.2983        475.4886       4495.6818        273.3796       -183.3352       7183.3495    -117306.6587          2.6152          1.1328          0.0619          0.0017          0.8918          0.1411          0.3860          0.0000          1.1419          1.5859          1.9639          1.7243          2.7826        301.5405          0.0000    -906470.6055         14.2207

INFO:       2150          1.0750    -988592.0833   -1006343.0260      17750.9427         12.5466       1498.1706       3646.3820        466.1843       4508.0373        262.5083       -203.2914       7168.8444    -117197.0784          1.8634          1.1243          0.0001          0.1654          0.5168          0.0567          0.0001          0.0000          1.1179          1.6224          2.1302          1.7857          2.7197        303.0082          0.0000    -906494.6466         16.1552

INFO:       2200          1.1000    -988588.7155   -1006403.5985      17814.8830         12.5706       1467.0440       3699.8115        459.1974       4485.9450        253.8346       -187.8283       7137.2626    -117239.5729          2.0316          1.3759          0.1302          0.0714          0.3300          0.1194          0.0048          0.0000          1.0809          1.6084          2.0009          1.7965          2.7274        304.0996          0.0000    -906481.3240         19.3162

INFO:       2250          1.1250    -988635.2117   -1006224.0289      17588.8171         12.5645       1463.8726       3683.1013        473.0337       4441.0667        250.0425       -203.6318       7354.3236    -117223.2972          3.5738          1.2569          0.8943          0.6793          0.7368          0.0005          0.0061          0.0000          1.0224          1.6641          1.9725          1.7596          2.7283        300.2407          0.0000    -906466.1141         18.8798

INFO:       2300          1.1500    -988611.6987   -1006208.9859      17597.2873         12.6036       1481.6268       3728.3565        474.8802       4459.6372        261.7974       -194.7651       7306.6404    -117243.7581          3.2333          1.6142          0.2526          1.2365          0.1283          0.0011          0.0006          0.0000          1.0667          1.6929          2.0941          1.7586          2.7180        300.3853          0.0000    -906486.6346         16.2831

INFO:       2350          1.1750    -988561.1891   -1006209.6859      17648.4969         12.5944       1444.7269       3746.4836        474.0656       4468.6336        273.9145       -196.4385       7357.9122    -117294.0350          3.4870          1.8378          0.1866          0.0658          0.0238          1.3479          0.0251          0.0000          1.0738          1.6074          2.0429          1.6458          2.7364        301.2594          0.0000    -906488.4357         18.7739

INFO:       2400          1.2000    -988527.9521   -1006178.6731      17650.7210         12.6230       1489.9909       3678.8053        470.7286       4508.0255        252.5249       -174.6095       7250.8133    -117168.1781          4.8451          1.6689          0.0932          0.6601          0.1622          2.2459          0.0148          0.0000          1.0865          1.6629          2.0986          1.9118          2.7327        301.2974          0.0000    -906491.6191         13.8654

INFO:       2450          1.2250    -988519.7144   -1006274.6803      17754.9659         12.6100       1497.8092       3655.8056        451.7396       4465.9844        256.3853       -166.3632       7261.5827    -117206.7080          4.0491          1.7022          0.3964          1.1022          0.6094          0.0402          0.1986          0.0000          1.0540          1.6867          2.1364          1.7418          2.7651        303.0768          0.0000    -906494.9650         15.0492

INFO:       2500          1.2500    -988572.4368   -1006118.0468      17545.6100         12.5970       1507.1724       3747.0046        476.4420       4479.4556        274.8953       -171.2075       7315.3371    -117263.7704          3.9036          1.2456          0.6321          1.9303          0.0011          0.0340          0.0604          0.0000          1.0375          1.7206          2.0616          1.7435          2.7451        299.5031          0.0000    -906487.2795         23.6199

INFO:       2550          1.2750    -988582.7987   -1006275.6272      17692.8285         12.6194       1469.0676       3750.8285        459.8273       4499.8683        257.7230       -190.6777       7351.5714    -117386.7430          2.6217          1.4910          0.3766          0.0286          0.7167          0.0000          0.0086          0.0000          1.0556          1.5986          1.9736          1.7618          2.7112        302.0162          0.0000    -906489.7142         18.3724

INFO:       2600          1.3000    -988529.4279   -1006150.4853      17621.0573         12.5043       1465.7598       3697.3458        482.0907       4484.8668        268.1682       -175.1872       7216.5235    -117134.2920          2.3927          1.6004          0.0285          0.6506          0.0956          0.0065          0.0112          0.0000          1.1339          1.6624          2.0892          1.7538          2.7099        300.7910          0.0000    -906458.1535         17.9885

INFO:       2650          1.3250    -988493.2510   -1006178.4446      17685.1936         12.5806       1514.8648       3745.6611        478.4019       4474.3577        273.8887       -174.4112       7165.1157    -117172.3998          2.8353          2.0266          0.0837          0.2369          0.0471          0.2465          0.1945          0.0000          1.1459          1.5330          2.0366          1.8115          2.7646        301.8858          0.0000    -906486.7588         12.2299

INFO:       2700          1.3500    -988500.6677   -1006153.5954      17652.9277         12.5533       1450.1165       3768.6723        462.6894       4505.9771        247.8131       -189.4703       7217.1887    -117150.1119          5.7578          2.6126          0.0521          0.2456          0.3754          2.4606          0.0114          0.0000          1.1398          1.5321          1.9970          1.9188          2.7098        301.3351          0.0000    -906472.2280         21.8887

INFO:       2750          1.3750    -988534.2757   -1006154.5099      17620.2343         12.5568       1473.9447       3720.5244        454.1451       4506.4716        275.1044       -198.6128       7205.9447    -117095.8001          3.8494          2.1592          0.0147          1.4718          0.0673          0.0125          0.1238          0.0000          1.1291          1.7030          2.0324          1.7731          2.7557        300.7770          0.0000    -906500.0814         17.4073

INFO:       2800          1.4000    -988560.7404   -1006196.0989      17635.3586         12.5834       1482.6406       3728.3383        477.1059       4491.5131        271.9851       -198.7371       7234.3501    -117223.3276          3.2148          1.2851          0.0667          0.1880          1.3577          0.3169          0.0003          0.0000          1.1428          1.5383          2.1748          1.8182          2.7222        301.0351          0.0000    -906463.1820         24.4577

INFO:       2850          1.4250    -988585.2516   -1006122.6953      17537.4438         12.5876       1534.2426       3690.6067        470.6413       4470.7563        260.6872       -180.9101       7241.8282    -117159.1400          1.9400          1.4014          0.1465          0.2841          0.0654          0.0288          0.0139          0.0000          1.0787          1.6350          2.0327          1.7449          2.7087        299.3637          0.0000    -906453.3475         15.7922

INFO:       2900          1.4500    -988555.6991   -1006196.2243      17640.5253         12.5483       1491.3898       3768.0726        484.1407       4501.0843        262.9747       -195.1878       7200.4238    -117239.2918          2.8944          1.0019          0.2827          0.0278          1.3582          0.2227          0.0010          0.0000          1.0638          1.5650          2.1748          1.7147          2.7173        301.1233          0.0000    -906472.7251         19.9468

INFO:       2950          1.4750    -988559.3101   -1006268.1804      17708.8703         12.5358       1469.0815       3738.2566        461.9103       4513.0177        259.3841       -185.9458       7245.1365    -117318.4104          2.7613          0.6933          0.0611          0.1979          0.0726          1.4195          0.3170          0.0000          1.0923          1.6262          2.0314          1.8810          2.6642        302.2900          0.0000    -906453.3722         21.8645

INFO:       3000          1.5000    -988587.1481   -1006237.9060      17650.7579         12.5645       1463.5360       3769.8533        459.9530       4519.6211        266.7473       -197.6532       7196.2929    -117257.9837          4.2626          0.9649          0.0114          0.9719          1.1164          0.7986          0.3994          0.0000          1.1063          1.6803          1.9526          1.6725          2.7837        301.2980          0.0000    -906462.5352         13.8733

INFO:       3050          1.5250    -988548.1646   -1006190.7813      17642.6167         12.5839       1528.2836       3697.5211        485.1108       4497.1127        269.6085       -183.4745       6969.9738    -116982.8526          2.2301          0.8906          0.3855          0.5140          0.0041          0.3857          0.0501          0.0000          1.0549          1.6534          2.0647          1.8240          2.6981        301.1590          0.0000    -906474.2949         14.7752

INFO:       3100          1.5500    -988532.5066   -1006185.2771      17652.7706         12.5576       1502.4882       3723.9093        453.2143       4491.3044        254.0812       -184.9744       7092.1105    -117044.3860          4.0250          1.3259          0.3279          2.3156          0.0018          0.0530          0.0007          0.0000          1.0597          1.7339          2.0625          1.7849          2.7232        301.3324          0.0000    -906477.0497         13.3110

INFO:       3150          1.5750    -988620.2165   -1006196.4456      17576.2291         12.6193       1529.0323       3740.8169        473.0469       4470.7004        271.7140       -179.7170       7209.0758    -117228.1526          4.4734          1.9703          0.5685          0.0086          1.7085          0.0190          0.1986          0.0000          1.0416          1.5910          1.9276          1.7757          2.7651        300.0258          0.0000    -906487.4358         12.9673

INFO:       3200          1.6000    -988578.3202   -1006221.5726      17643.2524         12.5501       1494.7291       3746.8719        461.8489       4492.7857        281.5638       -171.1326       7188.4396    -117221.1317          2.7562          1.7019          0.0552          0.1507          0.5179          0.3135          0.0170          0.0000          1.0935          1.6205          2.1303          1.7059          2.7075        301.1699          0.0000    -906498.3036         18.1023

INFO:       3250          1.6250    -988593.8697   -1006175.9785      17582.1088         12.5797       1475.8419       3698.0585        468.5716       4492.6211        256.6399       -169.6289       7277.3701    -117172.0590          2.2240          1.2459          0.0144          0.4612          0.2375          0.0072          0.2578          0.0000          1.1050          1.6496          2.0096          1.7534          2.7713        300.1262          0.0000    -906505.6177         16.0515

INFO:       3300          1.6500    -988592.6716   -1006192.6331      17599.9615         12.5546       1452.9890       3699.0291        465.6598       4486.8021        245.3307       -169.4127       7264.6114    -117166.8589          2.8752          1.2764          0.0801          0.0288          0.6343          0.1844          0.6712          0.0000          1.0887          1.5647          2.1379          1.8048          2.8024        300.4309          0.0000    -906473.6589         15.1892

INFO:       3350          1.6750    -988617.8878   -1006147.8632      17529.9754         12.5802       1493.7701       3725.8275        474.8612       4492.8254        263.1372       -175.7080       7220.4624    -117151.0725          4.0511          1.9144          0.0171          1.6487          0.0639          0.3906          0.0164          0.0000          1.1039          1.7101          2.0330          1.8244          2.7333        299.2363          0.0000    -906496.0177         17.2989

INFO:       3400          1.7000    -988589.1677   -1006169.1686      17580.0009         12.5509       1515.2980       3801.4353        481.5863       4497.8022        256.1863       -183.4246       7110.2802    -117151.7060          5.5616          2.5219          0.6396          0.0681          1.4779          0.0004          0.8537          0.0000          1.0370          1.5556          2.1799          1.7600          2.8129        300.0902          0.0000    -906502.1880         21.1026

INFO:       3450          1.7250    -988546.7493   -1006177.4833      17630.7339         12.6204       1543.9596       3748.5942        472.5282       4514.0988        264.2818       -185.7893       7097.0638    -117121.3556          6.5067          2.7512          0.1611          1.6295          0.5645          1.2946          0.1058          0.0000          1.0769          1.7094          1.9832          1.6481          2.7530        300.9562          0.0000    -906517.3715         18.4994

INFO:       3500          1.7500    -988597.8833   -1006126.9076      17529.0244         12.6218       1444.4134       3748.7912        473.6069       4499.3695        283.0654       -188.3292       7230.1523    -117133.3675          3.9283          2.6500          0.1822          0.0129          0.4539          0.6289          0.0003          0.0000          1.0743          1.5703          2.1257          1.8412          2.7188        299.2200          0.0000    -906488.5379         20.0910

INFO:       3550          1.7750    -988588.1215   -1006265.6728      17677.5513         12.5389       1526.7477       3697.4544        481.6694       4495.9751        274.4796       -180.3312       7103.6083    -117161.9314          5.0107          2.6751          0.0147          0.1250          0.7871          0.4905          0.9181          0.0000          1.1049          1.6171          1.9696          1.6919          2.8163        301.7554          0.0000    -906508.3555         18.8084

INFO:       3600          1.8000    -988571.9694   -1006159.0835      17587.1140         12.5698       1531.1083       3774.7402        483.4501       4519.7168        256.2471       -193.0964       7163.9682    -117224.3301          3.8619          1.8391          0.0537          0.4931          0.5764          0.7801          0.1195          0.0000          1.0938          1.6519          2.1342          1.8502          2.6859        300.2116          0.0000    -906474.7495         17.0024

INFO:       3650          1.8250    -988612.5135   -1006367.6766      17755.1631         12.5608       1493.7408       3707.9789        473.6082       4443.4386        253.6828       -179.4610       7198.4043    -117283.9663          3.2115          1.9620          0.4557          0.1503          0.2435          0.1026          0.2974          0.0000          1.0495          1.5429          2.0089          1.7939          2.7750        303.0802          0.0000    -906478.3143         20.2963

INFO:       3700          1.8500    -988598.9568   -1006242.4693      17643.5125         12.5877       1480.8869       3775.7049        477.6675       4460.8191        251.9076       -159.6610       7231.7537    -117280.5015          3.3182          1.1463          0.1806          0.7039          0.5720          0.5403          0.1750          0.0000          1.0745          1.6656          2.1339          1.6884          2.7623        301.1743          0.0000    -906484.3647         20.4896

INFO:       3750          1.8750    -988585.2181   -1006257.5004      17672.2823         12.5869       1448.0297       3764.6470        476.5104       4471.6279        269.8125       -177.6979       7293.8820    -117331.1335          0.9357          0.4050          0.1858          0.1985          0.0060          0.0009          0.1395          0.0000          1.0739          1.6262          2.0506          1.7589          2.7578        301.6654          0.0000    -906474.1141         14.2451

INFO:       3800          1.9000    -988599.9439   -1006281.4094      17681.4655         12.6000       1483.8911       3753.3933        481.7779       4492.4360        253.3982       -201.8192       7270.8270    -117312.6758          2.3809          0.4364          0.0743          0.0500          0.1494          1.0097          0.6611          0.0000          1.0897          1.6041          2.0970          1.6614          2.8018        301.8222          0.0000    -906505.0189         19.9561

INFO:       3850          1.9250    -988585.7434   -1006173.9058      17588.1624         12.6454       1436.6067       3738.9581        459.4070       4497.9177        277.1501       -178.4728       7303.6629    -117223.5460          2.8205          1.1478          0.0777          0.5972          0.4648          0.3213          0.2118          0.0000          1.0891          1.6590          2.1265          1.8186          2.7665        300.2295          0.0000    -906488.4101         17.5083

INFO:       3900          1.9500    -988590.0248   -1006155.9146      17565.8897         12.5672       1457.7908       3711.7436        479.3869       4512.0623        248.8252       -183.9812       7236.2569    -117128.5544          2.5281          1.3770          0.1313          0.1187          0.4062          0.0855          0.4094          0.0000          1.0808          1.6162          2.1220          1.7327          2.7845        299.8493          0.0000    -906491.9728         21.4118

INFO:       3950          1.9750    -988543.5227   -1006176.0421      17632.5194         12.6030       1525.2952       3804.0414        479.3889       4510.6170        259.8499       -203.6684       7187.8237    -117267.9205          5.2183          1.7362          0.3633          1.4336          0.1757          1.4855          0.0240          0.0000          1.0567          1.7014          2.0164          1.8838          2.7360        300.9867          0.0000    -906476.6874         20.6662

INFO:       4000          2.0000    -988582.9349   -1006173.2630      17590.3281         12.5286       1491.6202       3796.6703        465.9570       4497.1120        267.8535       -194.2350       7200.2382    -117196.9219          2.8514          1.8163          0.1349          0.0677          0.6245          0.2025          0.0056          0.0000          1.0803          1.6077          2.1373          1.7169          2.7280        300.2665          0.0000    -906504.4087         18.6745

 
[STEP6] Deallocate Arrays
 
Output_Time> Averaged timer profile (Min, Max)
  total time      =   27911.811
    setup         =      11.684
    dynamics      =   27900.128
      energy      =   27896.714
      integrator  =       8.292
      pairlist    =       4.869 (       4.162,       5.164)
  energy           
    bond          =       0.097 (       0.039,       0.264)
    angle         =       0.134 (       0.126,       0.138)
    dihedral      =       0.395 (       0.348,       0.436)
    nonbond       =      37.080 (      36.487,      37.692)
      pme real    =      37.079 (      36.486,      37.691)
      pme recip   =       0.000 (       0.000,       0.000)
    solvation     =       0.000 (       0.000,       0.000)
      polar       =       0.000 (       0.000,       0.000)
      non-polar   =       0.000 (       0.000,       0.000)
    restraint     =       0.023 (       0.019,       0.028)
    qmmm          =   27848.811 (   27847.452,   27849.185)
  integrator       
    constraint    =       4.651 (       4.544,       4.766)
    update        =       0.000 (       0.000,       0.000)
    comm_coord    =       0.000 (       0.000,       0.000)
    comm_force    =       0.000 (       0.000,       0.000)
    comm_migrate  =       0.000 (       0.000,       0.000)

Note: The following floating-point exceptions are signalling:Note: The following floating-point exceptions are signalling: IEEE_DIVIDE_BY_ZERO IEEE_UNDERFLOW_FLAG IEEE_DENORMAL
Note: The following floating-point exceptions are signalling:Note: The following floating-point exceptions are signalling: IEEE_DIVIDE_BY_ZERO IEEE_UNDERFLOW_FLAG IEEE_DENORMAL
Note: The following floating-point exceptions are signalling: IEEE_DIVIDE_BY_ZERO IEEE_UNDERFLOW_FLAG IEEE_DENORMAL
Note: The following floating-point exceptions are signalling: IEEE_DIVIDE_BY_ZERO IEEE_UNDERFLOW_FLAG IEEE_DENORMAL
Note: The following floating-point exceptions are signalling: IEEE_DIVIDE_BY_ZERO IEEE_UNDERFLOW_FLAG IEEE_DENORMAL
Note: The following floating-point exceptions are signalling: IEEE_DIVIDE_BY_ZERO IEEE_UNDERFLOW_FLAG IEEE_DENORMAL
Note: The following floating-point exceptions are signalling: IEEE_DIVIDE_BY_ZERO IEEE_UNDERFLOW_FLAG IEEE_DENORMAL
Note: The following floating-point exceptions are signalling:Note: The following floating-point exceptions are signalling: IEEE_DIVIDE_BY_ZERO IEEE_UNDERFLOW_FLAG IEEE_DENORMAL
Note: The following floating-point exceptions are signalling: IEEE_DIVIDE_BY_ZERO IEEE_UNDERFLOW_FLAG IEEE_DENORMAL
Note: The following floating-point exceptions are signalling: IEEE_DIVIDE_BY_ZERO IEEE_UNDERFLOW_FLAG IEEE_DENORMAL
Note: The following floating-point exceptions are signalling: IEEE_DIVIDE_BY_ZERO IEEE_UNDERFLOW_FLAG IEEE_DENORMAL
Note: The following floating-point exceptions are signalling: IEEE_DIVIDE_BY_ZERO IEEE_UNDERFLOW_FLAG IEEE_DENORMAL
Note: The following floating-point exceptions are signalling: IEEE_DIVIDE_BY_ZERO IEEE_UNDERFLOW_FLAG IEEE_DENORMAL
Note: The following floating-point exceptions are signalling: IEEE_DIVIDE_BY_ZERO IEEE_UNDERFLOW_FLAG IEEE_DENORMAL
Note: The following floating-point exceptions are signalling: IEEE_DIVIDE_BY_ZERO IEEE_UNDERFLOW_FLAG IEEE_DENORMAL
Note: The following floating-point exceptions are signalling: IEEE_DIVIDE_BY_ZERO IEEE_UNDERFLOW_FLAG IEEE_DENORMAL
Note: The following floating-point exceptions are signalling: IEEE_DIVIDE_BY_ZERO IEEE_UNDERFLOW_FLAG IEEE_DENORMAL
Note: The following floating-point exceptions are signalling: IEEE_DIVIDE_BY_ZERO IEEE_UNDERFLOW_FLAG IEEE_DENORMAL
Note: The following floating-point exceptions are signalling: IEEE_DIVIDE_BY_ZERO IEEE_UNDERFLOW_FLAG IEEE_DENORMAL
 IEEE_DIVIDE_BY_ZERONote: The following floating-point exceptions are signalling: IEEE_DIVIDE_BY_ZERO IEEE_UNDERFLOW_FLAGNote: The following floating-point exceptions are signalling: IEEE_DIVIDE_BY_ZERO IEEE_UNDERFLOW_FLAG IEEE_DENORMAL IEEE_UNDERFLOW_FLAG IEEE_DENORMAL

 IEEE_DENORMAL IEEE_DIVIDE_BY_ZERO IEEE_DIVIDE_BY_ZERO
 IEEE_UNDERFLOW_FLAG IEEE_UNDERFLOW_FLAG IEEE_DENORMAL IEEE_DENORMAL

Note: The following floating-point exceptions are signalling: IEEE_DIVIDE_BY_ZERO IEEE_UNDERFLOW_FLAG IEEE_DENORMAL
Note: The following floating-point exceptions are signalling: IEEE_DIVIDE_BY_ZERO IEEE_UNDERFLOW_FLAG IEEE_DENORMALNote: The following floating-point exceptions are signalling: IEEE_DIVIDE_BY_ZERO IEEE_UNDERFLOW_FLAG IEEE_DENORMAL
Note: The following floating-point exceptions are signalling: IEEE_DIVIDE_BY_ZERO IEEE_UNDERFLOW_FLAG IEEE_DENORMAL
Note: The following floating-point exceptions are signalling: IEEE_DIVIDE_BY_ZERO IEEE_UNDERFLOW_FLAG IEEE_DENORMAL
Note: The following floating-point exceptions are signalling: IEEE_DIVIDE_BY_ZERO IEEE_UNDERFLOW_FLAG IEEE_DENORMAL

Note: The following floating-point exceptions are signalling: IEEE_DIVIDE_BY_ZERO IEEE_UNDERFLOW_FLAG IEEE_DENORMAL
Note: The following floating-point exceptions are signalling: IEEE_DIVIDE_BY_ZERO IEEE_UNDERFLOW_FLAG IEEE_DENORMAL
