(10.0.18.7:0,1,2,3,4,5,6,7)
(10.0.18.8:8,9,10,11,12,13,14,15)
(10.0.18.9:16,17,18,19,20,21,22,23)
(10.0.18.10:24,25,26,27,28,29,30,31)

[0] MPI startup(): libfabric version: 1.7.2a-impi
[0] MPI startup(): libfabric provider: psm2
[0] MPI startup(): Rank    Pid      Node name    Pin cpu
[0] MPI startup(): 0       172512   cx1163.obcx  {0,1,2,3,4,5,6}
[0] MPI startup(): 1       172513   cx1163.obcx  {7,8,9,10,11,12,13}
[0] MPI startup(): 2       172514   cx1163.obcx  {14,15,16,17,18,19,20}
[0] MPI startup(): 3       172515   cx1163.obcx  {21,22,23,24,25,26,27}
[0] MPI startup(): 4       172516   cx1163.obcx  {28,29,30,31,32,33,34}
[0] MPI startup(): 5       172517   cx1163.obcx  {35,36,37,38,39,40,41}
[0] MPI startup(): 6       172518   cx1163.obcx  {42,43,44,45,46,47,48}
[0] MPI startup(): 7       172519   cx1163.obcx  {49,50,51,52,53,54,55}
[0] MPI startup(): 8       197071   cx1164.obcx  {0,1,2,3,4,5,6}
[0] MPI startup(): 9       197072   cx1164.obcx  {7,8,9,10,11,12,13}
[0] MPI startup(): 10      197073   cx1164.obcx  {14,15,16,17,18,19,20}
[0] MPI startup(): 11      197074   cx1164.obcx  {21,22,23,24,25,26,27}
[0] MPI startup(): 12      197075   cx1164.obcx  {28,29,30,31,32,33,34}
[0] MPI startup(): 13      197076   cx1164.obcx  {35,36,37,38,39,40,41}
[0] MPI startup(): 14      197077   cx1164.obcx  {42,43,44,45,46,47,48}
[0] MPI startup(): 15      197078   cx1164.obcx  {49,50,51,52,53,54,55}
[0] MPI startup(): 16      10854    cx1165.obcx  {0,1,2,3,4,5,6}
[0] MPI startup(): 17      10855    cx1165.obcx  {7,8,9,10,11,12,13}
[0] MPI startup(): 18      10856    cx1165.obcx  {14,15,16,17,18,19,20}
[0] MPI startup(): 19      10857    cx1165.obcx  {21,22,23,24,25,26,27}
[0] MPI startup(): 20      10858    cx1165.obcx  {28,29,30,31,32,33,34}
[0] MPI startup(): 21      10859    cx1165.obcx  {35,36,37,38,39,40,41}
[0] MPI startup(): 22      10860    cx1165.obcx  {42,43,44,45,46,47,48}
[0] MPI startup(): 23      10861    cx1165.obcx  {49,50,51,52,53,54,55}
[0] MPI startup(): 24      650      cx1166.obcx  {0,1,2,3,4,5,6}
[0] MPI startup(): 25      651      cx1166.obcx  {7,8,9,10,11,12,13}
[0] MPI startup(): 26      652      cx1166.obcx  {14,15,16,17,18,19,20}
[0] MPI startup(): 27      653      cx1166.obcx  {21,22,23,24,25,26,27}
[0] MPI startup(): 28      654      cx1166.obcx  {28,29,30,31,32,33,34}
[0] MPI startup(): 29      655      cx1166.obcx  {35,36,37,38,39,40,41}
[0] MPI startup(): 30      656      cx1166.obcx  {42,43,44,45,46,47,48}
[0] MPI startup(): 31      657      cx1166.obcx  {49,50,51,52,53,54,55}
[0] MPI startup(): I_MPI_OFI_LIBRARY_INTERNAL=1
[0] MPI startup(): I_MPI_ROOT=/work/opt/local/cores/intel/impi/2019.5.281
[0] MPI startup(): I_MPI_HYDRA_BOOTSTRAP_EXEC=/usr/local/bin/pjrsh4calc
[0] MPI startup(): I_MPI_HYDRA_BOOTSTRAP_AUTOFORK=0
[0] MPI startup(): I_MPI_HYDRA_TOPOLIB=hwloc
[0] MPI startup(): I_MPI_HYDRA_HOST_FILE=/work/00/hp200098/o30000/tim/tim5/b3lypD3.rpath1/4.equil2_ob/.d0000793843_nodeinfo
[0] MPI startup(): I_MPI_PERHOST=8
[0] MPI startup(): I_MPI_INTERNAL_MEM_POLICY=default
[0] MPI startup(): I_MPI_DEBUG=5
****************************************************
*                                                  *
*                  GENESIS ATDYN                   *
*                                                  *
*        A Molecular Dynamics Simulator with       *
*            Atomic Decomposition Scheme           *
*                                                  *
*               Developed by RIKEN                 *
*                                                  *
****************************************************
 
[STEP0] Architecture and Compiler Information
 
GENESIS_Information> GENESIS Information
  version      = 1.6.0
  commit ID    = $GENESIS_VERSION$
  precision    = double
  nonbonding   = CPU

Build_Information> Compiler Information
  build host   = o30000@obcx03.obcx
  fortran      = GNU Fortran (GCC) 7.5.0
  option       = -O3 -ffast-math -march=native -ffree-line-length-none -fopenmp 
  C            = gcc (GCC) 7.5.0
  option       = -O3 -ffast-math -march=native -fopenmp
  defined var. =  -DMPI -DOMP -DFFTE -DLAPACK -DDSFMT_MEXP=19937 -D__GFORTRAN__
  link option  = -L/work/hp200098/share/local/lib -fopenmp -lmkl_scalapack_lp64 -lmkl_blacs_intelmpi_lp64 -lmkl_intel_lp64 -lmkl_intel_thread -lmkl_core -liomp5 -lpthread -lm 

Runtime_Information> Machine and Library Information
  date       = 2021/02/05 18:01:21
  cpu model    = Intel(R) Xeon(R) Platinum 8280 CPU @ 2.70GHz
  exec. host   = o30000@cx1163.obcx
  LD library   = /work/hp200098/share/local/lib:/work/opt/local/cores/intel/compilers_and_libraries_2019.5.281/linux/tbb/lib/intel64_lin/gcc4.7:/work/opt/local/cores/intel/compilers_and_libraries_2019.5.281/linux/compiler/lib/intel64_lin:/work/opt/local/cores/intel/compilers_and_libraries_2019.5.281/linux/mkl/lib/intel64_lin:/work/opt/local/cores/intel/impi/2019.5.281/intel64/libfabric/lib:/work/opt/local/cores/intel/impi/2019.5.281/intel64/lib/release:/work/opt/local/cores/intel/impi/2019.5.281/intel64/lib:/work/opt/local/cores/gcc/7.5.0/lib64

[STEP1] Read Control Parameters
 
Read_Ctrl_Input> Input Files
  topfile = toppar/top_all36_prot.rtf, toppar/top_all36_cgenff.rtf
  parfile = toppar/par_all36_prot.prm, toppar/par_all36_cgenff.prm
  strfile = toppar/toppar_water_ions.str, toppar/toppar_dhap.3.str
  psffile = ../../2.equil/step4_nvt_100.psf
  pdbfile = ../../2.equil/step4_nvt_100.pdb
  rstfile = ../3.equil1/equil1_18.rst
  reffile = ../../2.equil/step4_nvt_100.pdb
 
Read_Ctrl_Output> Output Files
  dcdfile    = equil2_18.dcd
  rstfile    = equil2_18.rst
 
Read_Ctrl_Energy> Parameters of Energy Calculations
  forcefield      =     CHARMM
  switchdist      =     16.000  cutoffdist      =     18.000
  pairlistdist    =     19.500  dielec_const    =      1.000
  vdW force_switch=        yes
  electrostatic   =  CUTOFF
  implicit_solvent=       none
  table_order     =          3
  table_density   =     20.000
  water_model     =       NONE
  output_style    =    GENESIS
  dispersion_corr =       none
  nonb_limiter    =      no
 
Read_Ctrl_Dynamics> Parameters of MD simulation
  integrator      =       VVER  nsteps          =       4000
  timestep        =     0.0005  initial_time    =     0.0000
  eneout_period   =         50  rstout_period   =         50
  crdout_period   =         50  velout_period   =          0
  nbupdate_period =         10  stoptr_period   =         10
  iseed           =   20190319
  annealing       =         no
  verbose         =         no
  target_md       =         no
  steered_md      =         no
  esp_mm          =         no
 
Read_Ctrl_Constraints> Parameters for Constraints
  rigid_bond      =        yes
  shake_iteration =        500  shake_tolerance =  0.100E-09
  fast_water      =        yes  water_model     =       TIP3
  hydrogen_type   =  name|mass
  noshake_index   = 4  11  12  13
  fixatm_select_index        =       none
 
Read_Ctrl_Ensemble> Parameters for Ensemble
  ensemble        =        NVT
  temperature     =    300.000
  tpcontrol       =      BUSSI
  tau_t           =      0.500
 
Read_Ctrl_Boundary> Parameters of Boundary Condition
  type            =       NOBC
  spherical_pot   =        yes  restart         =          T
  center_info     =       read  modify_ratio    =      1.000
  constant        =     10.000  exponent        =          2
  fixatom         =          T  fix_layer       =      1.000
 
Read_Ctrl_Selection> Parameters of Selection
  # of groups     =         13
    group 1 = sid:DHA or (sid:TIMA and (rno:95 or rno:165) and          not (an:CA  | an:C   | an:O   | an:N | an:HN | an:HA))
    group 2 = atomno:1900 or atomno:5687
    group 3 = atomno:1442
    group 4 = atomno:1443
    group 5 = atomno:2559
    group 6 = atomno:2560
    group 7 = atomno:7583
    group 8 = atomno:7584
    group 9 = atomno:7585
    group 10 = atomno:7586
    group 11 = atomno:7587
    group 12 = atomno:7588
    group 13 = atomno:7589
  # of mole names =          0
 
Read_Ctrl_Restraints> Parameters of Restraint
  numfunc         =   6
  function1 = POSI     
    direction     = ALL 
    constant      = 10.0
    reference     = 
    select_index  = 2
    mode          =   0
    exponent      =   2
    exponent_dist = 
    weight_dist   = 

  function2 = DIST     
    constant      = 100.0
    reference     = 1.0729
    select_index  = 6  12
    mode          =   0
    exponent      =   2
    exponent_dist = 
    weight_dist   = 

  function3 = DIST     
    constant      = 100.0
    reference     = 1.6838
    select_index  = 9  12
    mode          =   0
    exponent      =   2
    exponent_dist = 
    weight_dist   = 

  function4 = DIST     
    constant      = 100.0
    reference     = 2.0682
    select_index  = 5  11
    mode          =   0
    exponent      =   2
    exponent_dist = 
    weight_dist   = 

  function5 = DIST     
    constant      = 100.0
    reference     = 1.7359
    select_index  = 8   4
    mode          =   0
    exponent      =   2
    exponent_dist = 
    weight_dist   = 

  function6 = DIST     
    constant      = 100.0
    reference     = 2.7115
    select_index  = 3  11
    mode          =   0
    exponent      =   2
    exponent_dist = 
    weight_dist   = 

  pressure_position   = NO
  pressure_rmsd     = NO

Read_Ctrl_Fitting_MD> Parameters of Fitting
  fitting method  =  TR+ROT   
  fitting atom    = group1
  mass_weight     =         no
 
Read_Ctrl_QMMM> Parameters of QM/MM
  qmtyp              = qsimulate
  qmcnt              = qsimulate.json
  qmexe              = 
  workdir            = equil2_18
  savedir            = none
  basename           = job
  qmsave_period      = 500
  qmmaxtrial         = 1
  qmatm_select_index = 1
  exclude_charge     = GROUP
 
[STEP2] Setup MPI
 
Setup_Mpi_Md> Summary of Setup MPI
  number of MPI processes   =         32
  number of OpenMP threads  =          7
  total number of CPU cores =        224

[STEP3] Set Relevant Variables and Structures
 
Input_Top> Summary of Topfile
  num_atom_class  =        212  num_resi_type   =        685
 
Input_Par> Summary of Parfile
  num_bonds       =        658  num_angles      =       2003
  num_dihedrals   =       4838  num_impropers   =        163
  num_atom_cls    =        212  num_nbfix       =         75
  num_cmap_terms  =          6
 
Input_Str> Summary of Top information
  num_atom_class  =        227  num_resi_type   =        700
 
Input_Str> Summary of Par information
  num_bonds       =        663  num_angles      =       2006
  num_dihedrals   =       4850  num_impropers   =        163
  num_atom_cls    =        227  num_nbfix       =         90
  num_cmap_terms  =          6
 
Read_Psf> Summary of Psffile
  psftype         =      xplor
  num_atoms       =      37226  num_bonds       =      37288
  num_angles      =      23768  num_dihedrals   =      20268
  num_impropers   =       1292  num_cmap_terms  =        494
  num_HB_donors   =      20596  num_HB_acceptors=      10610
  num_NB_exclusion=          0  num_groups      =      12168
  total_charge    =    -10.000
 
Check_Pdb> 6-column residue sequence number
 
Read_Pdb> Summary of Data in PDB file
  num_atoms       =      37226
 
Read_Rst_Binary> Summary of RST file
  num_atoms       =      37226  iseed           =   20190319
  boxsize (x,y,z) =      0.000     0.000     0.000
  spherical_pot     =      yes
  nfunctions                 2  num_fixatm              9645
  num_of_qm_charge          35

Define_Molecule> Summary of molecules
  num_atoms       =      37226  num_bonds       =      37288
  num_angles      =      23768  num_dihedrals   =      20268
  num_impropers   =       1292  num_cmap_terms  =        494
  num_residues    =      10370  num_molecules   =       9878
  num_segments    =          6  num_deg_freedom =     111678
  total_charge    =    -10.000
 
Setup_Boundary> Setup Variables for Boundary Condition
  origin(x,y,z)   =      0.000     0.000     0.000
  nfunctions      =        2
    center(x,y,z) =     17.000     0.000     0.000
    radius        =     35.000
    constant      =     10.000
    exponent      =          2
    center(x,y,z) =    -17.000     0.000     0.000
    radius        =     35.000
    constant      =     10.000
    exponent      =          2

  num_fixatm      =     9645

 
Random_Init> Initialize the random number
  seed            = 20190319

Setup_QMMM> Setup QM region
  QM assignment info
  1435 TIMA     95 HSE    CB   CT2    assigned to QM atom    1 of element: C     6
  1436 TIMA     95 HSE    HB1  HA2    assigned to QM atom    2 of element: H     1
  1437 TIMA     95 HSE    HB2  HA2    assigned to QM atom    3 of element: H     1
  1438 TIMA     95 HSE    ND1  NR2    assigned to QM atom    4 of element: N     7
  1439 TIMA     95 HSE    CG   CPH1   assigned to QM atom    5 of element: C     6
  1440 TIMA     95 HSE    CE1  CPH2   assigned to QM atom    6 of element: C     6
  1441 TIMA     95 HSE    HE1  HR1    assigned to QM atom    7 of element: H     1
  1442 TIMA     95 HSE    NE2  NR1    assigned to QM atom    8 of element: N     7
  1443 TIMA     95 HSE    HE2  H      assigned to QM atom    9 of element: H     1
  1444 TIMA     95 HSE    CD2  CPH1   assigned to QM atom   10 of element: C     6
  1445 TIMA     95 HSE    HD2  HR3    assigned to QM atom   11 of element: H     1
  2552 TIMA    165 GLU    CB   CT2A   assigned to QM atom   12 of element: C     6
  2553 TIMA    165 GLU    HB1  HA2    assigned to QM atom   13 of element: H     1
  2554 TIMA    165 GLU    HB2  HA2    assigned to QM atom   14 of element: H     1
  2555 TIMA    165 GLU    CG   CT2    assigned to QM atom   15 of element: C     6
  2556 TIMA    165 GLU    HG1  HA2    assigned to QM atom   16 of element: H     1
  2557 TIMA    165 GLU    HG2  HA2    assigned to QM atom   17 of element: H     1
  2558 TIMA    165 GLU    CD   CC     assigned to QM atom   18 of element: C     6
  2559 TIMA    165 GLU    OE1  OC     assigned to QM atom   19 of element: O     8
  2560 TIMA    165 GLU    OE2  OC     assigned to QM atom   20 of element: O     8
  7575 DHA     249 DHAP   P    PG2    assigned to QM atom   21 of element: P    15
  7576 DHA     249 DHAP   O1P  OG303  assigned to QM atom   22 of element: O     8
  7577 DHA     249 DHAP   O2P  OG2P1  assigned to QM atom   23 of element: O     8
  7578 DHA     249 DHAP   O3P  OG2P1  assigned to QM atom   24 of element: O     8
  7579 DHA     249 DHAP   O4P  OG2P1  assigned to QM atom   25 of element: O     8
  7580 DHA     249 DHAP   C1   CG321  assigned to QM atom   26 of element: C     6
  7581 DHA     249 DHAP   H11  HGA2   assigned to QM atom   27 of element: H     1
  7582 DHA     249 DHAP   H12  HGA2   assigned to QM atom   28 of element: H     1
  7583 DHA     249 DHAP   C2   CG2O5  assigned to QM atom   29 of element: C     6
  7584 DHA     249 DHAP   O2   OG2D3  assigned to QM atom   30 of element: O     8
  7585 DHA     249 DHAP   C3   CG321  assigned to QM atom   31 of element: C     6
  7586 DHA     249 DHAP   O3   OG311  assigned to QM atom   32 of element: O     8
  7587 DHA     249 DHAP   HO3  HGP1   assigned to QM atom   33 of element: H     1
  7588 DHA     249 DHAP   H31  HGA2   assigned to QM atom   34 of element: H     1
  7589 DHA     249 DHAP   H32  HGA2   assigned to QM atom   35 of element: H     1
  number of QM atoms = 35
 
  QM charges retreived from rstfile.
 

Generate_LinkAtoms> QM-MM interface info. Link hydrogen is set between:
              [ QM atom ]             -             [ MM atom ]
  1435 TIMA     95 HSE    CB   CT2    -   1433 TIMA     95 HSE    CA   CT1   
                                          1431 TIMA     95 HSE    N    NH1    excluded
                                          1432 TIMA     95 HSE    HN   H      excluded
                                          1434 TIMA     95 HSE    HA   HB1    excluded
  2552 TIMA    165 GLU    CB   CT2A   -   2550 TIMA    165 GLU    CA   CT1   
                                          2548 TIMA    165 GLU    N    NH1    excluded
                                          2549 TIMA    165 GLU    HN   H      excluded
                                          2551 TIMA    165 GLU    HA   HB1    excluded

  number of link atoms           = 2
  number of external MM charges  = 37183


  Check the input file for QSimulate [ qsimulate.json ]
Setup_Enefunc_Cmap_Par> Natural spline is used to derive cmap coefs.

Setup_Enefunc_Table> Setup Variables for LookupTable
  num_solutes     =      37226  num_waters      =          0

Setup_Enefunc_Restraint> Setup restraint groups
 group =     1, "sid:DHA or (sid:TIMA and (rno:95 or rno:165) and          not (an:CA  | an:C   | an:O   | an:N | an:HN | an:HA))"
 # of atoms =    35
 atomlist: 
   1435   1436   1437   1438   1439   1440   1441   1442   1443   1444
   1445   2552   2553   2554   2555   2556   2557   2558   2559   2560
   7575   7576   7577   7578   7579   7580   7581   7582   7583   7584
   7585   7586   7587   7588   7589
 group =     2, "atomno:1900 or atomno:5687"
 # of atoms =     2
 atomlist: 
   1900   5687
 group =     3, "atomno:1442"
 # of atoms =     1
 atomlist: 
   1442
 group =     4, "atomno:1443"
 # of atoms =     1
 atomlist: 
   1443
 group =     5, "atomno:2559"
 # of atoms =     1
 atomlist: 
   2559
 group =     6, "atomno:2560"
 # of atoms =     1
 atomlist: 
   2560
 group =     7, "atomno:7583"
 # of atoms =     1
 atomlist: 
   7583
 group =     8, "atomno:7584"
 # of atoms =     1
 atomlist: 
   7584
 group =     9, "atomno:7585"
 # of atoms =     1
 atomlist: 
   7585
 group =    10, "atomno:7586"
 # of atoms =     1
 atomlist: 
   7586
 group =    11, "atomno:7587"
 # of atoms =     1
 atomlist: 
   7587
 group =    12, "atomno:7588"
 # of atoms =     1
 atomlist: 
   7588
 group =    13, "atomno:7589"
 # of atoms =     1
 atomlist: 
   7589
Setup_Enefunc_Restraint> Setup restraint functions
 func  =     1 kind  =     1
 const(total, x, y, z) =   10.000   1.000   1.000   1.000
 exponend of function =     2
 # of groups  =     1
 grouplist:   2

 func  =     2 kind  =     2
 const             =  100.000
 ref               =    1.073
 exponend of function =     2
 # of distances  =     1
 distancelist: 
 group = (  6, 12) weight =    1.000 exponent =     1

 func  =     3 kind  =     2
 const             =  100.000
 ref               =    1.684
 exponend of function =     2
 # of distances  =     1
 distancelist: 
 group = (  9, 12) weight =    1.000 exponent =     1

 func  =     4 kind  =     2
 const             =  100.000
 ref               =    2.068
 exponend of function =     2
 # of distances  =     1
 distancelist: 
 group = (  5, 11) weight =    1.000 exponent =     1

 func  =     5 kind  =     2
 const             =  100.000
 ref               =    1.736
 exponend of function =     2
 # of distances  =     1
 distancelist: 
 group = (  8,  4) weight =    1.000 exponent =     1

 func  =     6 kind  =     2
 const             =  100.000
 ref               =    2.712
 exponend of function =     2
 # of distances  =     1
 distancelist: 
 group = (  3, 11) weight =    1.000 exponent =     1

Define_Enefunc_CHARMM> Number of Interactions in Each Term
  bond_ene        =      37255  angle_ene       =      23717
  urey_ene        =       6639
  torsion_ene     =      23862  improper_ene    =       1285
  cmap_ene        =        494
  restraint_groups=         13  restraint_funcs =          6
 
Setup_Fitting_Atdyn> NO fitting is applied, skip
  fitting method  =  NO

Update_Num_Deg_Freedom> Number of degrees of freedom was updated
  num_deg_freedom =      82743 (After setup of fixed atoms at boundary)
 
Remove_Fixatm> Modified Interactions
  bond_ene        =      27610  angle_ene       =      20502
  urey_ene        =       6639
  torsion_ene     =      23862  improper_ene    =       1285
 
Setup_Constraints> The following atoms are excluded from SHAKE:
    1443    7587    7588    7589
Setup_Settle> Setup constraints for SETTLE
  num_unconsbonds =       7633      num_Settle  =       6659
  r0(O-H)         =     0.9572  mass(O)         =    15.9994
  r0(H-H)         =     1.5139  mass(H)         =     1.0080
 
Setup_Shake> Setup constrains for SHAKE and RATTLE
  num_unconsbonds =       3837  num_rigid_bonds =       3796
 
  num_qm_rigid_bonds =         10
 
Update_Num_Deg_Freedom> Number of degrees of freedom was updated
  num_deg_freedom =      62766 (After setup of SETTLE)
 
Update_Num_Deg_Freedom> Number of degrees of freedom was updated
  num_deg_freedom =      58960 (After setup of SHAKE/RATTLE)
 
[STEP4] Compute Single Point Energy for Molecules
 
            STEP            BOND           ANGLE    UREY-BRADLEY        DIHEDRAL        IMPROPER            CMAP         VDWAALS           ELECT    RESTRAINT001    RESTRAINT002    RESTRAINT003    RESTRAINT004    RESTRAINT005    RESTRAINT006    RESTR_CVS001    RESTR_CVS002    RESTR_CVS003    RESTR_CVS004    RESTR_CVS005    RESTR_CVS006              QM            SPOT
 --------------- --------------- --------------- --------------- ---------------
               0       1479.5982       3743.8348        467.7530       4503.1668        288.8847       -169.3042       7217.3536    -117152.9598          0.3261          0.2508          0.1583          0.0436          0.0001          0.0873          0.0000          1.0228          1.6440          2.0891          1.7352          2.7410    -906515.7501         15.0987

[STEP5] Perform Molecular Dynamics Simulation
 
INFO:       STEP            TIME       TOTAL_ENE   POTENTIAL_ENE     KINETIC_ENE            RMSG            BOND           ANGLE    UREY-BRADLEY        DIHEDRAL        IMPROPER            CMAP         VDWAALS           ELECT RESTRAINT_TOTAL    RESTRAINT001    RESTRAINT002    RESTRAINT003    RESTRAINT004    RESTRAINT005    RESTRAINT006    RESTR_CVS001    RESTR_CVS002    RESTR_CVS003    RESTR_CVS004    RESTR_CVS005    RESTR_CVS006     TEMPERATURE          VOLUME              QM            SPOT
 --------------- --------------- --------------- --------------- ---------------
INFO:         50          0.0250    -988413.4172   -1006108.8537      17695.4366         12.5755       1484.0363       3805.3077        458.8371       4479.9771        270.3011       -166.6671       7220.6692    -117161.3341          1.0203          0.6957          0.0196          0.2037          0.0972          0.0039          0.0002          0.0000          1.0589          1.7289          2.0370          1.7297          2.7128        302.0607          0.0000    -906501.0013         13.7621

INFO:        100          0.0500    -988445.2437   -1006057.4063      17612.1626         12.5963       1561.7947       3769.1614        472.7647       4440.6906        255.9573       -176.0237       7239.5754    -117135.4736          3.3456          1.5152          0.1789          0.1663          0.5965          0.5232          0.3654          0.0000          1.0306          1.7246          2.1454          1.8082          2.7719        300.6392          0.0000    -906489.1986         21.6499

INFO:        150          0.0750    -988474.2408   -1006145.0240      17670.7832         12.6232       1528.7242       3770.2704        470.7642       4474.0045        282.7953       -184.7306       7091.2778    -117089.9100          2.8477          2.4151          0.0136          0.2431          0.0478          0.1200          0.0082          0.0000          1.0845          1.7331          2.0901          1.7705          2.7205        301.6398          0.0000    -906491.0675         17.6342

INFO:        200          0.1000    -988425.9525   -1006223.6896      17797.7372         12.6502       1498.2404       3742.9761        466.7608       4462.7348        265.1044       -174.4134       7102.4419    -117108.5072          4.5966          2.4620          0.4125          1.0251          0.3453          0.0161          0.3357          0.0000          1.0087          1.7850          2.0094          1.7232          2.6536        303.8069          0.0000    -906483.6242         21.1602

INFO:        250          0.1250    -988388.3794   -1006093.0053      17704.6259         12.6379       1510.9455       3670.4562        460.9623       4501.7359        291.6700       -189.1832       7086.5732    -116920.4363          2.5287          2.1376          0.0119          0.0766          0.0047          0.2067          0.0913          0.0000          1.0620          1.6561          2.0614          1.6904          2.6813        302.2175          0.0000    -906508.2577         16.7799

INFO:        300          0.1500    -988427.3329   -1005967.1849      17539.8520         12.6330       1521.6268       3734.5308        473.8713       4530.5694        277.8508       -192.7141       7183.3368    -116998.8515          3.8219          1.9430          0.0229          1.5935          0.0587          0.1067          0.0971          0.0000          1.0578          1.8100          2.0440          1.7686          2.6803        299.4049          0.0000    -906501.2269         25.0748

INFO:        350          0.1750    -988444.8181   -1006054.2980      17609.4799         12.6440       1508.3156       3793.1062        467.4505       4488.5328        276.0323       -190.3033       7154.4885    -117035.2690          2.1015          1.3991          0.1337          0.0133          0.0844          0.4660          0.0051          0.0000          1.0363          1.6723          2.0391          1.6676          2.7186        300.5934          0.0000    -906518.7531         14.6384

INFO:        400          0.2000    -988446.2204   -1006028.5546      17582.3341         12.5752       1502.5788       3782.0802        473.9795       4487.8786        280.6305       -175.0785       7120.9588    -117005.3120          2.4609          0.9620          0.0755          0.8504          0.0012          0.5712          0.0007          0.0000          1.0454          1.7760          2.0647          1.8115          2.7142        300.1300          0.0000    -906498.7313         14.5366

INFO:        450          0.2250    -988507.6847   -1006031.2616      17523.5769         12.5912       1503.8390       3794.8502        469.2733       4488.8726        258.2072       -177.6330       7198.3265    -117082.0025          3.0838          1.8838          0.0504          0.2481          0.1766          0.4377          0.2873          0.0000          1.0504          1.7336          2.1102          1.6697          2.7651        299.1270          0.0000    -906488.0788         16.5589

INFO:        500          0.2500    -988458.3029   -1006141.0945      17682.7917         12.6266       1469.5754       3796.7790        469.3912       4441.8151        268.9936       -191.1538       7103.5649    -117012.0972          5.5379          2.9876          0.0292          0.7768          0.1169          1.3317          0.2956          0.0000          1.0558          1.7719          2.1024          1.8513          2.7659        301.8448          0.0000    -906493.5005         11.7537

INFO:        550          0.2750    -988484.9114   -1006228.3714      17743.4599         12.6095       1495.6423       3685.4194        461.7624       4516.4812        256.0981       -191.2459       7098.8697    -117068.3895          3.3773          2.6124          0.1184          0.3148          0.0297          0.0217          0.2802          0.0000          1.0385          1.7399          2.0854          1.7212          2.7644        302.8804          0.0000    -906486.3863         15.7351

INFO:        600          0.3000    -988471.2154   -1006070.7704      17599.5550         12.6450       1540.3338       3756.6116        474.5041       4470.3313        282.2481       -185.6568       7263.6575    -117142.7828          2.9297          2.1192          0.1056          0.3558          0.0009          0.0014          0.3467          0.0000          1.0404          1.7434          2.0712          1.7397          2.7704        300.4240          0.0000    -906532.9469         19.0569

INFO:        650          0.3250    -988400.8250   -1005947.5044      17546.6794         12.6455       1503.2227       3825.6062        471.0110       4501.8455        238.0450       -180.5255       7089.5491    -116872.8397          1.6729          1.1329          0.1310          0.0547          0.1084          0.0128          0.2330          0.0000          1.0367          1.7072          2.1011          1.7246          2.7598        299.5214          0.0000    -906525.0916          9.9177

INFO:        700          0.3500    -988457.9741   -1006120.4120      17662.4379         12.6133       1468.6417       3705.7457        458.6813       4463.3991        254.3218       -179.5190       7101.6542    -116909.0447          1.0761          0.7198          0.0625          0.0899          0.0082          0.1956          0.0000          0.0000          1.0479          1.6538          2.0592          1.6917          2.7120        301.4974          0.0000    -906485.3683         17.8112

INFO:        750          0.3750    -988455.7481   -1005971.5381      17515.7900         12.6693       1493.6118       3750.4924        459.0022       4475.8714        250.4285       -193.7515       7216.3438    -116917.9755          1.4758          1.0961          0.0638          0.0447          0.0784          0.0286          0.1642          0.0000          1.0982          1.7050          2.0962          1.7528          2.6710        298.9941          0.0000    -906507.0369         24.8547

INFO:        800          0.4000    -988455.4925   -1006005.3685      17549.8760         12.6463       1507.0583       3770.0728        477.4544       4493.6547        267.8474       -179.4137       7227.2359    -117077.3980          3.8247          1.1583          0.1638          1.9220          0.5276          0.0008          0.0522          0.0000          1.0324          1.8224          1.9956          1.7331          2.6887        299.5760          0.0000    -906495.7051         22.4631

INFO:        850          0.4250    -988497.1896   -1005977.5978      17480.4082         12.7029       1540.4549       3764.1678        468.0114       4506.6913        287.6440       -158.3978       7328.2212    -117219.1793          1.4299          0.6815          0.0138          0.0719          0.6191          0.0055          0.0382          0.0000          1.0612          1.6570          1.9895          1.7285          2.7310        298.3901          0.0000    -906496.6413         20.7348

INFO:        900          0.4500    -988516.8800   -1006183.1646      17666.2846         12.6116       1447.5735       3768.5292        462.6892       4514.3063        278.2068       -179.5183       7254.7425    -117204.8422          1.4131          0.4397          0.1086          0.3543          0.0632          0.4353          0.0119          0.0000          1.0399          1.7433          2.0933          1.6699          2.7224        301.5631          0.0000    -906526.2647         16.7413

INFO:        950          0.4750    -988491.2968   -1006107.4223      17616.1254         12.6455       1507.7981       3759.9127        459.0983       4495.1743        277.1994       -178.2972       7230.2006    -117152.9869          2.1123          0.4643          0.3450          0.2219          0.0753          0.9295          0.0763          0.0000          1.0142          1.7309          2.0408          1.8323          2.7391        300.7068          0.0000    -906507.6337         19.0676

INFO:       1000          0.5000    -988518.2130   -1006182.9225      17664.7095         12.6040       1528.0490       3773.2201        473.2540       4462.2228        265.6148       -190.7010       7109.6413    -117080.3667          1.2938          0.4849          0.0111          0.0000          0.1891          0.0892          0.5195          0.0000          1.0834          1.6835          2.1117          1.7060          2.7836        301.5362          0.0000    -906525.1506         18.6778

INFO:       1050          0.5250    -988530.8780   -1006228.9666      17698.0886         12.6243       1527.1268       3734.0392        461.4969       4492.9011        265.5259       -186.2598       6991.3319    -117007.4754          3.1977          0.7407          0.5519          1.5951          0.2061          0.0839          0.0200          0.0000          0.9986          1.8101          2.0228          1.7649          2.7256        302.1059          0.0000    -906510.8510         15.3666

INFO:       1100          0.5500    -988566.8386   -1006120.4910      17553.6524         12.5916       1501.3252       3702.0106        463.9625       4506.3064        268.1731       -198.1413       7140.3980    -117012.6943          4.0558          1.2495          0.0033          0.0005          1.0123          1.2888          0.5014          0.0000          1.0787          1.6815          2.1688          1.6224          2.7823        299.6404          0.0000    -906495.8871         16.9799

INFO:       1150          0.5750    -988590.3612   -1006166.2744      17575.9132         12.5720       1517.8831       3674.1297        468.5334       4469.2573        261.9108       -204.3865       7213.4395    -117049.3250          2.2905          0.9649          0.0216          0.1024          0.9466          0.2527          0.0023          0.0000          1.0582          1.7158          1.9709          1.7862          2.7067        300.0204          0.0000    -906520.0072         14.4698

INFO:       1200          0.6000    -988605.2191   -1006161.8750      17556.6559         12.6749       1536.4455       3713.5386        483.1376       4467.4787        247.6385       -207.8124       7244.2742    -117117.1799          2.4123          1.8229          0.3787          0.0041          0.1366          0.0216          0.0483          0.0000          1.0114          1.6774          2.1052          1.7212          2.6895        299.6917          0.0000    -906531.8080         12.7997

INFO:       1250          0.6250    -988593.5871   -1006230.3075      17636.7203         12.5983       1521.0417       3680.9313        452.4698       4462.7671        260.4344       -201.7773       7326.7685    -117239.5124          3.7748          1.8914          0.3118          1.0039          0.1512          0.4152          0.0012          0.0000          1.1287          1.7840          2.0293          1.6715          2.7081        301.0584          0.0000    -906497.2055         10.3555

INFO:       1300          0.6500    -988651.8294   -1006191.1095      17539.2800         12.6378       1588.7970       3823.1232        468.8378       4458.9262        256.6065       -191.3228       7141.7943    -117209.3378          3.1382          1.7613          0.7389          0.2815          0.2578          0.0904          0.0083          0.0000          0.9869          1.7369          2.1190          1.7058          2.7024        299.3951          0.0000    -906531.6722         10.4931

INFO:       1350          0.6750    -988639.0288   -1006190.0910      17551.0622         12.6308       1514.3985       3849.3743        468.6012       4477.2825        273.1855       -210.9019       7156.0524    -117221.6761          3.0354          1.7872          0.0174          0.0067          0.9181          0.2093          0.0967          0.0000          1.0861          1.6920          1.9724          1.6902          2.6804        299.5962          0.0000    -906499.4427         14.2708

INFO:       1400          0.7000    -988628.7833   -1006173.0958      17544.3125         12.6685       1533.6638       3680.6923        455.8249       4484.7389        251.5952       -210.0658       7325.4069    -117171.3945          5.2017          2.3422          0.0001          0.0360          1.1920          1.5828          0.0487          0.0000          1.0721          1.6648          2.1774          1.8617          2.7336        299.4810          0.0000    -906528.7591         16.3220

INFO:       1450          0.7250    -988649.5296   -1006227.9679      17578.4383         12.6244       1444.7859       3753.7903        463.6616       4467.5811        263.0751       -196.9780       7332.4439    -117249.1302          5.9056          2.1488          0.5137          1.1114          1.8149          0.2910          0.0259          0.0000          1.0012          1.7892          1.9335          1.6820          2.6954        300.0635          0.0000    -906513.1034         17.3054

INFO:       1500          0.7500    -988630.7019   -1006237.3753      17606.6733         12.6646       1524.3033       3811.3583        458.3030       4481.9905        246.0356       -208.9486       7385.6364    -117422.5092          2.7167          1.2756          0.0443          0.0144          1.3183          0.0070          0.0572          0.0000          1.0939          1.6958          1.9534          1.7275          2.7354        300.5455          0.0000    -906516.2613         17.1580

INFO:       1550          0.7750    -988612.3217   -1006117.9494      17505.6277         12.7016       1569.5297       3807.3704        469.2251       4503.0182        251.0543       -188.9892       7404.3054    -117414.8425          2.2057          0.5240          0.4289          1.0439          0.0003          0.0155          0.1932          0.0000          1.0074          1.7860          2.0666          1.7234          2.7555        298.8206          0.0000    -906520.8265         23.1555

INFO:       1600          0.8000    -988604.8695   -1006344.5899      17739.7204         12.6773       1476.1221       3802.1154        461.4737       4473.9054        270.5360       -189.9115       7395.1296    -117545.1497          2.5242          0.4474          0.0014          0.0009          0.0203          1.6891          0.3650          0.0000          1.0691          1.6868          2.0539          1.8659          2.6511        302.8166          0.0000    -906491.3351         23.8728

INFO:       1650          0.8250    -988609.0851   -1006253.8629      17644.7778         12.6827       1508.3267       3705.4351        461.7554       4452.6242        252.1692       -160.6982       7457.3532    -117427.8966          0.9320          0.9245          0.0022          0.0002          0.0040          0.0012          0.0000          0.0000          1.0682          1.6825          2.0618          1.7393          2.7120        301.1959          0.0000    -906503.8639         22.5038

INFO:       1700          0.8500    -988614.5537   -1006307.0299      17692.4762         12.6511       1498.6058       3792.4937        469.1953       4473.8017        255.7176       -164.8494       7367.3268    -117485.9766          4.0776          1.4397          0.5345          1.8083          0.2942          0.0002          0.0008          0.0000          0.9998          1.8183          2.1224          1.7344          2.7086        302.0101          0.0000    -906517.4226         21.4107

INFO:       1750          0.8750    -988580.1866   -1006216.2057      17636.0191         12.6686       1588.3115       3768.8000        456.9875       4462.6750        261.4353       -182.7398       7240.0891    -117306.3839          2.1523          1.8494          0.1861          0.0257          0.0007          0.0021          0.0883          0.0000          1.1160          1.6998          2.0656          1.7313          2.6818        301.0464          0.0000    -906507.5328         18.1384

INFO:       1800          0.9000    -988549.0546   -1006182.6565      17633.6020         12.6330       1527.0806       3733.4953        472.9723       4479.1328        258.9958       -176.8700       7273.3731    -117241.8778          3.5802          2.1161          0.2446          0.0145          0.2030          0.9191          0.0828          0.0000          1.0234          1.6958          2.1133          1.8318          2.7403        301.0052          0.0000    -906512.5389         13.4744

INFO:       1850          0.9250    -988573.7912   -1006255.7718      17681.9806         12.6213       1417.4153       3745.4404        467.7587       4461.4958        267.5962       -183.2023       7232.7875    -117169.9027          3.0603          1.6115          0.1434          0.5719          0.3100          0.4234          0.0001          0.0000          1.0350          1.7594          2.1239          1.6708          2.7103        301.8310          0.0000    -906498.2209          9.7440

INFO:       1900          0.9500    -988619.9430   -1006304.0207      17684.0777         12.6068       1508.0171       3611.9808        457.3312       4510.6029        251.4369       -181.9063       7265.8604    -117216.5609          1.9174          1.3406          0.0487          0.3975          0.0234          0.1072          0.0000          0.0000          1.0950          1.6208          2.0835          1.7032          2.7108        301.8668          0.0000    -906512.7002         15.4251

INFO:       1950          0.9750    -988643.5555   -1006222.0912      17578.5357         12.6537       1472.3657       3741.5481        469.1037       4512.7063        275.5013       -180.7503       7237.5577    -117235.8230          2.9522          1.1080          0.7140          0.5405          0.2668          0.2181          0.1048          0.0000          0.9884          1.7573          2.0165          1.7826          2.7439        300.0652          0.0000    -906517.2530         18.2235

INFO:       2000          1.0000    -988678.9353   -1006269.1840      17590.2487         12.6271       1567.3952       3728.7419        468.1999       4489.2747        239.4370       -182.7088       7063.5294    -117140.8251          1.4086          1.1710          0.1550          0.0360          0.0001          0.0465          0.0001          0.0000          1.1123          1.7028          2.0674          1.7143          2.7108        300.2651          0.0000    -906503.6366         12.4697

INFO:       2050          1.0250    -988609.1290   -1006370.1538      17761.0248         12.6262       1489.1286       3742.2134        473.0543       4480.3256        241.3187       -193.4986       7072.5516    -117137.5977          2.5018          1.1745          0.1615          0.1141          0.0094          0.7841          0.2583          0.0000          1.0327          1.7176          2.0779          1.8244          2.7623        303.1803          0.0000    -906540.1513         14.3582

INFO:       2100          1.0500    -988623.9208   -1006184.3569      17560.4361         12.6454       1510.6842       3782.3352        470.6965       4502.0173        246.3089       -191.9663       7147.8626    -117135.0408          1.1811          0.9207          0.0055          0.0919          0.1338          0.0291          0.0001          0.0000          1.0655          1.6535          2.0316          1.7530          2.7123        299.7562          0.0000    -906518.4354         18.7675

INFO:       2150          1.0750    -988622.4370   -1006200.4112      17577.9742         12.5743       1438.5705       3761.6940        456.9378       4516.1856        258.4359       -160.5260       7177.2837    -117115.0869          2.0110          1.6677          0.0170          0.0094          0.0022          0.2764          0.0382          0.0000          1.0859          1.6935          2.0729          1.7885          2.7311        300.0556          0.0000    -906535.9169          9.2020

INFO:       2200          1.1000    -988617.7848   -1006219.4889      17601.7042         12.7010       1573.3938       3719.9925        452.3358       4489.7404        251.8169       -170.9312       7172.7651    -117193.9774          5.1244          3.7884          0.2655          0.3792          0.0021          0.1148          0.5743          0.0000          1.0214          1.7454          2.0636          1.7020          2.7873        300.4607          0.0000    -906519.7493         16.1585

INFO:       2250          1.1250    -988656.8773   -1006272.2586      17615.3813         12.6356       1509.5338       3792.8129        450.5328       4485.0753        271.4540       -175.8760       7203.8641    -117285.4275          5.3636          4.6025          0.0000          0.0017          0.0093          0.7480          0.0021          0.0000          1.0730          1.6879          2.0779          1.8224          2.7069        300.6941          0.0000    -906529.5917         10.4851

INFO:       2300          1.1500    -988637.2073   -1006173.5520      17536.3447         12.6319       1516.1517       3768.0842        459.8989       4461.3116        248.3164       -176.7522       7116.2040    -117026.7755          5.6935          3.9072          0.4893          0.2725          0.9847          0.0170          0.0228          0.0000          1.0030          1.7360          2.1674          1.7229          2.7266        299.3450          0.0000    -906545.6847         11.0734

INFO:       2350          1.1750    -988592.4319   -1006259.4213      17666.9894         12.6186       1471.7329       3765.9358        451.2416       4476.2187        246.5374       -160.3790       7231.4140    -117200.7143          3.8558          3.4005          0.0242          0.3387          0.0000          0.0924          0.0000          0.0000          1.0885          1.7420          2.0683          1.7055          2.7115        301.5751          0.0000    -906545.2642         19.3648

INFO:       2400          1.2000    -988557.4475   -1006246.0170      17688.5694         12.6502       1448.9158       3767.7192        456.7334       4494.3070        258.0500       -160.4358       7281.9892    -117235.3901          5.3045          3.6010          0.3066          0.2483          0.2180          0.9080          0.0225          0.0000          1.0175          1.7336          2.1149          1.6406          2.7265        301.9435          0.0000    -906563.2102         14.4333

INFO:       2450          1.2250    -988551.7602   -1006235.9933      17684.2331         12.6591       1481.1562       3740.1036        458.2640       4498.0771        261.0419       -168.2728       7302.3337    -117277.7417          2.8017          2.4014          0.0056          0.1666          0.1809          0.0072          0.0400          0.0000          1.0654          1.7246          2.0257          1.7444          2.6915        301.8694          0.0000    -906533.7571         12.9205

INFO:       2500          1.2500    -988602.2238   -1006265.2462      17663.0223         12.5867       1478.7769       3690.5105        469.6543       4505.4663        280.4814       -183.5241       7359.9319    -117343.1628          3.0629          2.0821          0.0019          0.0186          0.0097          0.5598          0.3908          0.0000          1.0685          1.6975          2.0584          1.8107          2.6490        301.5074          0.0000    -906526.4435         17.8234

INFO:       2550          1.2750    -988624.2772   -1006228.7325      17604.4552         12.6353       1491.9052       3808.5582        464.7807       4461.1678        256.3654       -182.8642       7456.7210    -117456.7931          4.9280          3.1362          0.2702          0.7160          0.6442          0.0535          0.1078          0.0000          1.0209          1.7684          1.9879          1.7128          2.7443        300.5076          0.0000    -906533.5015         20.0363

INFO:       2600          1.3000    -988561.6451   -1006212.5967      17650.9516         12.5979       1514.0029       3730.1087        477.2744       4461.1588        273.4089       -192.6068       7580.3499    -117526.1295          3.9614          2.8214          0.0055          0.0498          0.0741          1.0100          0.0005          0.0000          1.0803          1.7061          2.0954          1.8364          2.7138        301.3013          0.0000    -906534.1254         13.5597

INFO:       2650          1.3250    -988531.9430   -1006075.2473      17543.3043         12.6317       1481.0977       3817.4766        468.8538       4505.8236        279.1764       -203.3030       7272.8537    -117183.1264          2.9807          1.8318          0.1823          0.4911          0.0065          0.4687          0.0004          0.0000          1.0302          1.7539          2.0602          1.6674          2.7096        299.4638          0.0000    -906517.0805         16.8245

INFO:       2700          1.3500    -988526.8325   -1006252.1672      17725.3346         12.6041       1473.4391       3781.1993        459.7839       4481.0137        263.3184       -190.8296       7265.0353    -117238.3948          1.6389          0.9226          0.0963          0.0709          0.0000          0.4586          0.0905          0.0000          1.0419          1.6572          2.0678          1.8036          2.7416        302.5710          0.0000    -906548.3714         13.2250

INFO:       2750          1.3750    -988564.8461   -1006125.9452      17561.0991         12.6190       1489.9461       3689.5132        463.9697       4489.3302        278.6668       -182.6491       7241.3068    -117104.0760          1.8341          1.0860          0.1708          0.2509          0.0677          0.0011          0.2575          0.0000          1.0316          1.7339          2.0942          1.7325          2.7622        299.7675          0.0000    -906493.7870         16.1242

INFO:       2800          1.4000    -988585.7831   -1006274.7409      17688.9578         12.5826       1482.1953       3716.8389        452.9686       4509.0612        274.7515       -188.8869       7171.3561    -117167.9171          2.5116          1.9670          0.0790          0.2664          0.1588          0.0139          0.0265          0.0000          1.0448          1.7354          2.1080          1.7241          2.7278        301.9501          0.0000    -906527.6200         20.4727

INFO:       2850          1.4250    -988612.3290   -1006256.3251      17643.9962         12.5740       1499.8553       3769.0377        466.0308       4474.3651        244.9876       -181.0595       7002.3322    -117043.3153          4.7264          4.0325          0.1055          0.0078          0.1616          0.3544          0.0647          0.0000          1.1054          1.6926          2.0280          1.6764          2.7369        301.1826          0.0000    -906493.2855         14.2992

INFO:       2900          1.4500    -988577.4864   -1006037.6988      17460.2125         12.6621       1542.9025       3803.9556        464.6074       4502.7264        267.9127       -176.1893       7125.1701    -117074.9962          8.3603          4.8361          0.4193          2.0265          0.2287          0.8422          0.0074          0.0000          1.0081          1.8262          2.1160          1.8277          2.7201        298.0454          0.0000    -906502.1482         12.4283

INFO:       2950          1.4750    -988573.8624   -1006066.0556      17492.1931         12.6248       1510.5131       3786.4181        469.5607       4510.4300        275.7405       -167.1314       7071.9961    -117019.6799          4.3127          4.1466          0.0076          0.0198          0.0050          0.1309          0.0028          0.0000          1.0816          1.6697          2.0611          1.6997          2.7062        298.5913          0.0000    -906508.2154         14.7572

INFO:       3000          1.5000    -988611.7216   -1006171.0644      17559.3429         12.6012       1469.3927       3780.0023        458.6342       4512.9379        258.7130       -162.7707       7075.0780    -117062.8018          3.3650          1.9831          0.1911          0.0993          0.1267          0.8976          0.0671          0.0000          1.0292          1.7153          2.1038          1.8306          2.7374        299.7376          0.0000    -906503.6149         17.4228

INFO:       3050          1.5250    -988570.0420   -1006188.1488      17618.1068         12.5797       1473.8171       3762.8966        469.1264       4511.7509        240.1990       -181.0942       7171.1986    -117126.8665          3.7317          1.4973          0.0400          1.4892          0.0562          0.6400          0.0090          0.0000          1.0529          1.8058          2.0445          1.6559          2.7210        300.7407          0.0000    -906512.9085         17.9858

INFO:       3100          1.5500    -988556.4903   -1006298.0994      17741.6091         12.6161       1484.5471       3699.3027        459.3392       4481.0877        264.8032       -171.8776       7143.0449    -117132.4550          3.5684          2.3965          0.0029          0.0363          0.0589          0.1820          0.8917          0.0000          1.0783          1.6647          2.0925          1.6932          2.8059        302.8488          0.0000    -906529.4601         19.9886

INFO:       3150          1.5750    -988640.1439   -1006216.5592      17576.4153         12.5836       1489.7790       3694.8301        463.4580       4538.5910        270.8158       -179.7424       7099.4921    -117061.7013          6.6431          3.7196          0.3326          2.2238          0.0030          0.1998          0.1643          0.0000          1.0152          1.8329          2.0627          1.6912          2.7520        300.0290          0.0000    -906538.7246         13.3973

INFO:       3200          1.6000    -988588.4196   -1006132.3055      17543.8859         12.6084       1505.3640       3725.1951        460.0526       4512.5843        266.8062       -173.1243       7187.6883    -117083.1680          4.9205          4.5131          0.0026          0.2696          0.0929          0.0166          0.0257          0.0000          1.0678          1.6319          2.0377          1.7230          2.7275        299.4737          0.0000    -906538.6242         12.9019

INFO:       3250          1.6250    -988611.0302   -1006141.5052      17530.4750         12.6106       1481.8949       3745.3234        465.3177       4502.3434        286.5252       -188.3997       7177.8414    -117059.5613          6.3707          3.6350          0.2204          1.1370          0.8207          0.1241          0.4335          0.0000          1.0260          1.7904          2.1588          1.7007          2.7773        299.2448          0.0000    -906559.1609         23.1586

INFO:       3300          1.6500    -988599.5651   -1006271.1862      17671.6211         12.6450       1537.2083       3663.8446        454.2476       4509.6366        269.4164       -186.7086       7141.1679    -117120.3713          2.6671          2.3218          0.0010          0.0001          0.1104          0.0627          0.1712          0.0000          1.0760          1.6847          2.1014          1.7109          2.7529        301.6541          0.0000    -906542.2948         11.0254

INFO:       3350          1.6750    -988634.8919   -1006333.7861      17698.8942         12.5959       1445.4978       3796.2921        456.3953       4504.0172        248.0330       -177.1316       7125.7500    -117199.1054          2.0895          1.4258          0.0093          0.1539          0.0100          0.4181          0.0724          0.0000          1.0826          1.6446          2.0782          1.8006          2.7384        302.1197          0.0000    -906535.6240         12.8814

INFO:       3400          1.7000    -988604.9687   -1006425.7211      17820.7524         12.5795       1508.4305       3700.3137        458.5482       4494.4160        242.9536       -170.0862       7246.0409    -117374.3162          5.0134          1.1382          0.3609          2.1460          0.3221          0.8409          0.2053          0.0000          1.0128          1.8303          2.1249          1.6442          2.7568        304.1998          0.0000    -906537.0350         12.9754

INFO:       3450          1.7250    -988568.2038   -1006225.7502      17657.5464         12.6452       1520.3101       3759.7507        464.8672       4479.5595        266.0387       -167.7365       7290.5723    -117311.9078          3.8481          2.1024          0.0022          0.1835          0.5052          0.3462          0.7087          0.0000          1.0775          1.6410          2.1393          1.7947          2.7957        301.4139          0.0000    -906531.0526         13.2291

INFO:       3500          1.7500    -988622.3396   -1006224.1421      17601.8026         12.6226       1513.1208       3761.1581        459.7888       4483.1973        272.5876       -168.7704       7128.1888    -117158.2480          5.1438          3.4185          0.1896          0.6532          0.1012          0.1476          0.6337          0.0000          1.0294          1.7646          2.0364          1.6975          2.7911        300.4623          0.0000    -906520.3090         13.5770

INFO:       3550          1.7750    -988617.2626   -1006175.2030      17557.9404         12.6232       1529.4943       3700.5874        459.1340       4505.0961        279.3519       -180.9768       7082.6726    -117045.8357          3.9150          3.5513          0.0753          0.0407          0.0005          0.0687          0.1786          0.0000          1.0455          1.6636          2.0703          1.7621          2.7538        299.7136          0.0000    -906508.6418         20.1400

INFO:       3600          1.8000    -988589.3030   -1006233.4692      17644.1663         12.5304       1447.8948       3681.0469        449.1176       4479.0271        268.0353       -188.1375       7172.3984    -117021.1556          4.1677          2.6089          0.0255          0.0162          0.3302          0.0029          1.1840          0.0000          1.0889          1.6965          2.1257          1.7412          2.8203        301.1855          0.0000    -906525.8639         13.8642

INFO:       3650          1.8250    -988617.6945   -1006074.2751      17456.5806         12.6697       1523.8780       3723.8052        461.5884       4469.1047        249.8115       -177.8460       7225.9090    -117056.1436          4.0905          2.5502          0.6056          0.8778          0.0477          0.0090          0.0001          0.0000          0.9951          1.7775          2.0900          1.7454          2.7104        297.9834          0.0000    -906498.4727         12.0913

INFO:       3700          1.8500    -988599.2896   -1006243.9549      17644.6653         12.6489       1521.8112       3762.9456        456.3991       4460.5592        265.1367       -188.9733       7123.7127    -117133.4748          2.8896          1.9643          0.0616          0.0250          0.6689          0.0160          0.1539          0.0000          1.0977          1.6996          1.9864          1.7485          2.7507        301.1940          0.0000    -906514.9609         16.0472

INFO:       3750          1.8750    -988590.9735   -1006262.6033      17671.6298         12.5395       1497.8977       3773.7172        468.2508       4464.9311        248.1539       -179.6054       7170.8803    -117221.0624          2.9046          1.3671          0.0320          0.6175          0.0233          0.4656          0.3991          0.0000          1.0908          1.7624          2.0835          1.6677          2.7747        301.6543          0.0000    -906488.6711         13.8949

INFO:       3800          1.9000    -988596.0505   -1006154.8138      17558.7633         12.6066       1483.8521       3758.1575        451.7481       4466.5999        265.4715       -185.3591       7295.1703    -117161.9807          2.5757          0.8739          0.5732          0.6653          0.3825          0.0580          0.0228          0.0000          0.9972          1.7654          2.1300          1.7118          2.6964        299.7277          0.0000    -906531.0489         13.4306

INFO:       3850          1.9250    -988584.3540   -1006209.3549      17625.0008         12.5745       1463.8194       3737.3926        465.5120       4452.7679        264.8518       -181.7079       7295.8036    -117219.9213          3.3268          0.9777          0.1297          0.0138          0.3668          1.7161          0.1228          0.0000          1.1089          1.6720          2.0076          1.6049          2.7465        300.8583          0.0000    -906491.1997         15.3651

INFO:       3900          1.9500    -988582.5230   -1006253.2205      17670.6975         12.6047       1465.0315       3722.1041        465.3683       4499.0009        267.6557       -180.1094       7195.1600    -117164.8745          5.4941          2.6956          0.0813          0.0002          1.0181          0.5136          1.1854          0.0000          1.0444          1.6826          2.1691          1.8076          2.8204        301.6384          0.0000    -906528.0511         11.0856

INFO:       3950          1.9750    -988539.9932   -1006247.9493      17707.9561         12.6019       1474.9756       3706.4378        459.7683       4473.0245        267.3895       -187.6466       7335.5909    -117279.9628          7.0734          6.2732          0.2148          0.4562          0.0773          0.0027          0.0492          0.0000          1.0266          1.7513          2.0960          1.7307          2.6893        302.2744          0.0000    -906504.5999         13.5237

INFO:       4000          2.0000    -988582.4618   -1006243.3054      17660.8436         12.6527       1533.8299       3700.1222        460.4175       4496.2804        256.4538       -182.3868       7365.2366    -117362.6450          7.8317          6.4451          0.1928          0.0543          0.8680          0.0531          0.2184          0.0000          1.1168          1.6605          2.1614          1.7129          2.7582        301.4702          0.0000    -906518.4456         14.6789

 
[STEP6] Deallocate Arrays
 
Output_Time> Averaged timer profile (Min, Max)
  total time      =   27554.783
    setup         =      11.896
    dynamics      =   27542.887
      energy      =   27539.703
      integrator  =       8.332
      pairlist    =       4.862 (       4.168,       5.208)
  energy           
    bond          =       0.043 (       0.039,       0.053)
    angle         =       0.133 (       0.126,       0.137)
    dihedral      =       0.401 (       0.356,       0.439)
    nonbond       =      37.095 (      36.555,      37.623)
      pme real    =      37.094 (      36.555,      37.623)
      pme recip   =       0.000 (       0.000,       0.000)
    solvation     =       0.000 (       0.000,       0.000)
      polar       =       0.000 (       0.000,       0.000)
      non-polar   =       0.000 (       0.000,       0.000)
    restraint     =       0.043 (       0.019,       0.117)
    qmmm          =   27490.576 (   27489.232,   27490.946)
  integrator       
    constraint    =       4.668 (       4.621,       4.787)
    update        =       0.000 (       0.000,       0.000)
    comm_coord    =       0.000 (       0.000,       0.000)
    comm_force    =       0.000 (       0.000,       0.000)
    comm_migrate  =       0.000 (       0.000,       0.000)

Note: The following floating-point exceptions are signalling: IEEE_DIVIDE_BY_ZERO IEEE_UNDERFLOW_FLAG IEEE_DENORMAL
Note: The following floating-point exceptions are signalling: IEEE_INVALID_FLAG IEEE_DIVIDE_BY_ZERO IEEE_UNDERFLOW_FLAG IEEE_DENORMAL
Note: The following floating-point exceptions are signalling: IEEE_DIVIDE_BY_ZERO IEEE_UNDERFLOW_FLAG IEEE_DENORMAL
Note: The following floating-point exceptions are signalling: IEEE_DIVIDE_BY_ZERO IEEE_UNDERFLOW_FLAG IEEE_DENORMAL
Note: The following floating-point exceptions are signalling: IEEE_DIVIDE_BY_ZERO IEEE_UNDERFLOW_FLAG IEEE_DENORMAL
Note: The following floating-point exceptions are signalling: IEEE_DIVIDE_BY_ZERO IEEE_UNDERFLOW_FLAG IEEE_DENORMAL
Note: The following floating-point exceptions are signalling: IEEE_DIVIDE_BY_ZERO IEEE_UNDERFLOW_FLAG IEEE_DENORMAL
Note: The following floating-point exceptions are signalling: IEEE_DIVIDE_BY_ZERO IEEE_UNDERFLOW_FLAG IEEE_DENORMAL
Note: The following floating-point exceptions are signalling: IEEE_DIVIDE_BY_ZERO IEEE_UNDERFLOW_FLAG IEEE_DENORMAL
Note: The following floating-point exceptions are signalling: IEEE_DIVIDE_BY_ZERO IEEE_UNDERFLOW_FLAG IEEE_DENORMAL
Note: The following floating-point exceptions are signalling: IEEE_DIVIDE_BY_ZERO IEEE_UNDERFLOW_FLAG IEEE_DENORMAL
Note: The following floating-point exceptions are signalling: IEEE_DIVIDE_BY_ZERO IEEE_UNDERFLOW_FLAG IEEE_DENORMAL
Note: The following floating-point exceptions are signalling: IEEE_DIVIDE_BY_ZERO IEEE_UNDERFLOW_FLAG IEEE_DENORMAL
Note: The following floating-point exceptions are signalling: IEEE_DIVIDE_BY_ZERO IEEE_UNDERFLOW_FLAG IEEE_DENORMAL
Note: The following floating-point exceptions are signalling: IEEE_DIVIDE_BY_ZERO IEEE_UNDERFLOW_FLAG IEEE_DENORMAL
Note: The following floating-point exceptions are signalling: IEEE_DIVIDE_BY_ZERO IEEE_UNDERFLOW_FLAG IEEE_DENORMAL
Note: The following floating-point exceptions are signalling: IEEE_INVALID_FLAG IEEE_DIVIDE_BY_ZERO IEEE_UNDERFLOW_FLAG IEEE_DENORMAL
Note: The following floating-point exceptions are signalling: IEEE_DIVIDE_BY_ZERO IEEE_UNDERFLOW_FLAG IEEE_DENORMAL
Note: The following floating-point exceptions are signalling: IEEE_DIVIDE_BY_ZERO IEEE_UNDERFLOW_FLAG IEEE_DENORMAL
Note: The following floating-point exceptions are signalling: IEEE_DIVIDE_BY_ZERO IEEE_UNDERFLOW_FLAG IEEE_DENORMAL
Note: The following floating-point exceptions are signalling: IEEE_DIVIDE_BY_ZERO IEEE_UNDERFLOW_FLAG IEEE_DENORMAL
Note: The following floating-point exceptions are signalling: IEEE_DIVIDE_BY_ZERO IEEE_UNDERFLOW_FLAG IEEE_DENORMAL
Note: The following floating-point exceptions are signalling: IEEE_DIVIDE_BY_ZERO IEEE_UNDERFLOW_FLAG IEEE_DENORMAL
Note: The following floating-point exceptions are signalling: IEEE_DIVIDE_BY_ZERO IEEE_UNDERFLOW_FLAG IEEE_DENORMAL
Note: The following floating-point exceptions are signalling: IEEE_DIVIDE_BY_ZERO IEEE_UNDERFLOW_FLAG IEEE_DENORMAL
Note: The following floating-point exceptions are signalling: IEEE_DIVIDE_BY_ZERO IEEE_UNDERFLOW_FLAG IEEE_DENORMAL
Note: The following floating-point exceptions are signalling: IEEE_DIVIDE_BY_ZERO IEEE_UNDERFLOW_FLAG IEEE_DENORMAL
Note: The following floating-point exceptions are signalling: IEEE_DIVIDE_BY_ZERO IEEE_UNDERFLOW_FLAG IEEE_DENORMAL
Note: The following floating-point exceptions are signalling: IEEE_DIVIDE_BY_ZERO IEEE_UNDERFLOW_FLAG IEEE_DENORMAL
Note: The following floating-point exceptions are signalling: IEEE_DIVIDE_BY_ZERO IEEE_UNDERFLOW_FLAG IEEE_DENORMAL
Note: The following floating-point exceptions are signalling: IEEE_DIVIDE_BY_ZERO IEEE_UNDERFLOW_FLAG IEEE_DENORMAL
Note: The following floating-point exceptions are signalling: IEEE_DIVIDE_BY_ZERO IEEE_UNDERFLOW_FLAG IEEE_DENORMAL
