(10.0.17.19:0,1,2,3,4,5,6,7)
(10.0.17.20:8,9,10,11,12,13,14,15)
(10.0.17.21:16,17,18,19,20,21,22,23)
(10.0.17.22:24,25,26,27,28,29,30,31)

[0] MPI startup(): libfabric version: 1.7.2a-impi
[0] MPI startup(): libfabric provider: psm2
[0] MPI startup(): Rank    Pid      Node name    Pin cpu
[0] MPI startup(): 0       261209   cx1107.obcx  {0,1,2,3,4,5,6}
[0] MPI startup(): 1       261210   cx1107.obcx  {7,8,9,10,11,12,13}
[0] MPI startup(): 2       261211   cx1107.obcx  {14,15,16,17,18,19,20}
[0] MPI startup(): 3       261212   cx1107.obcx  {21,22,23,24,25,26,27}
[0] MPI startup(): 4       261213   cx1107.obcx  {28,29,30,31,32,33,34}
[0] MPI startup(): 5       261214   cx1107.obcx  {35,36,37,38,39,40,41}
[0] MPI startup(): 6       261215   cx1107.obcx  {42,43,44,45,46,47,48}
[0] MPI startup(): 7       261216   cx1107.obcx  {49,50,51,52,53,54,55}
[0] MPI startup(): 8       105217   cx1108.obcx  {0,1,2,3,4,5,6}
[0] MPI startup(): 9       105218   cx1108.obcx  {7,8,9,10,11,12,13}
[0] MPI startup(): 10      105219   cx1108.obcx  {14,15,16,17,18,19,20}
[0] MPI startup(): 11      105220   cx1108.obcx  {21,22,23,24,25,26,27}
[0] MPI startup(): 12      105221   cx1108.obcx  {28,29,30,31,32,33,34}
[0] MPI startup(): 13      105222   cx1108.obcx  {35,36,37,38,39,40,41}
[0] MPI startup(): 14      105223   cx1108.obcx  {42,43,44,45,46,47,48}
[0] MPI startup(): 15      105224   cx1108.obcx  {49,50,51,52,53,54,55}
[0] MPI startup(): 16      169918   cx1109.obcx  {0,1,2,3,4,5,6}
[0] MPI startup(): 17      169919   cx1109.obcx  {7,8,9,10,11,12,13}
[0] MPI startup(): 18      169920   cx1109.obcx  {14,15,16,17,18,19,20}
[0] MPI startup(): 19      169921   cx1109.obcx  {21,22,23,24,25,26,27}
[0] MPI startup(): 20      169922   cx1109.obcx  {28,29,30,31,32,33,34}
[0] MPI startup(): 21      169923   cx1109.obcx  {35,36,37,38,39,40,41}
[0] MPI startup(): 22      169924   cx1109.obcx  {42,43,44,45,46,47,48}
[0] MPI startup(): 23      169925   cx1109.obcx  {49,50,51,52,53,54,55}
[0] MPI startup(): 24      141866   cx1110.obcx  {0,1,2,3,4,5,6}
[0] MPI startup(): 25      141867   cx1110.obcx  {7,8,9,10,11,12,13}
[0] MPI startup(): 26      141868   cx1110.obcx  {14,15,16,17,18,19,20}
[0] MPI startup(): 27      141869   cx1110.obcx  {21,22,23,24,25,26,27}
[0] MPI startup(): 28      141870   cx1110.obcx  {28,29,30,31,32,33,34}
[0] MPI startup(): 29      141871   cx1110.obcx  {35,36,37,38,39,40,41}
[0] MPI startup(): 30      141872   cx1110.obcx  {42,43,44,45,46,47,48}
[0] MPI startup(): 31      141873   cx1110.obcx  {49,50,51,52,53,54,55}
[0] MPI startup(): I_MPI_OFI_LIBRARY_INTERNAL=1
[0] MPI startup(): I_MPI_ROOT=/work/opt/local/cores/intel/impi/2019.5.281
[0] MPI startup(): I_MPI_HYDRA_BOOTSTRAP_EXEC=/usr/local/bin/pjrsh4calc
[0] MPI startup(): I_MPI_HYDRA_BOOTSTRAP_AUTOFORK=0
[0] MPI startup(): I_MPI_HYDRA_TOPOLIB=hwloc
[0] MPI startup(): I_MPI_HYDRA_HOST_FILE=/work/00/hp200098/o30000/tim/tim5/b3lypD3.rpath1/4.equil2_ob/.d0000793829_nodeinfo
[0] MPI startup(): I_MPI_PERHOST=8
[0] MPI startup(): I_MPI_INTERNAL_MEM_POLICY=default
[0] MPI startup(): I_MPI_DEBUG=5
****************************************************
*                                                  *
*                  GENESIS ATDYN                   *
*                                                  *
*        A Molecular Dynamics Simulator with       *
*            Atomic Decomposition Scheme           *
*                                                  *
*               Developed by RIKEN                 *
*                                                  *
****************************************************
 
[STEP0] Architecture and Compiler Information
 
GENESIS_Information> GENESIS Information
  version      = 1.6.0
  commit ID    = $GENESIS_VERSION$
  precision    = double
  nonbonding   = CPU

Build_Information> Compiler Information
  build host   = o30000@obcx03.obcx
  fortran      = GNU Fortran (GCC) 7.5.0
  option       = -O3 -ffast-math -march=native -ffree-line-length-none -fopenmp 
  C            = gcc (GCC) 7.5.0
  option       = -O3 -ffast-math -march=native -fopenmp
  defined var. =  -DMPI -DOMP -DFFTE -DLAPACK -DDSFMT_MEXP=19937 -D__GFORTRAN__
  link option  = -L/work/hp200098/share/local/lib -fopenmp -lmkl_scalapack_lp64 -lmkl_blacs_intelmpi_lp64 -lmkl_intel_lp64 -lmkl_intel_thread -lmkl_core -liomp5 -lpthread -lm 

Runtime_Information> Machine and Library Information
  date       = 2021/02/05 18:01:12
  cpu model    = Intel(R) Xeon(R) Platinum 8280 CPU @ 2.70GHz
  exec. host   = o30000@cx1107.obcx
  LD library   = /work/hp200098/share/local/lib:/work/opt/local/cores/intel/compilers_and_libraries_2019.5.281/linux/tbb/lib/intel64_lin/gcc4.7:/work/opt/local/cores/intel/compilers_and_libraries_2019.5.281/linux/compiler/lib/intel64_lin:/work/opt/local/cores/intel/compilers_and_libraries_2019.5.281/linux/mkl/lib/intel64_lin:/work/opt/local/cores/intel/impi/2019.5.281/intel64/libfabric/lib:/work/opt/local/cores/intel/impi/2019.5.281/intel64/lib/release:/work/opt/local/cores/intel/impi/2019.5.281/intel64/lib:/work/opt/local/cores/gcc/7.5.0/lib64

[STEP1] Read Control Parameters
 
Read_Ctrl_Input> Input Files
  topfile = toppar/top_all36_prot.rtf, toppar/top_all36_cgenff.rtf
  parfile = toppar/par_all36_prot.prm, toppar/par_all36_cgenff.prm
  strfile = toppar/toppar_water_ions.str, toppar/toppar_dhap.3.str
  psffile = ../../2.equil/step4_nvt_100.psf
  pdbfile = ../../2.equil/step4_nvt_100.pdb
  rstfile = ../3.equil1/equil1_4.rst
  reffile = ../../2.equil/step4_nvt_100.pdb
 
Read_Ctrl_Output> Output Files
  dcdfile    = equil2_4.dcd
  rstfile    = equil2_4.rst
 
Read_Ctrl_Energy> Parameters of Energy Calculations
  forcefield      =     CHARMM
  switchdist      =     16.000  cutoffdist      =     18.000
  pairlistdist    =     19.500  dielec_const    =      1.000
  vdW force_switch=        yes
  electrostatic   =  CUTOFF
  implicit_solvent=       none
  table_order     =          3
  table_density   =     20.000
  water_model     =       NONE
  output_style    =    GENESIS
  dispersion_corr =       none
  nonb_limiter    =      no
 
Read_Ctrl_Dynamics> Parameters of MD simulation
  integrator      =       VVER  nsteps          =       4000
  timestep        =     0.0005  initial_time    =     0.0000
  eneout_period   =         50  rstout_period   =         50
  crdout_period   =         50  velout_period   =          0
  nbupdate_period =         10  stoptr_period   =         10
  iseed           =   20190319
  annealing       =         no
  verbose         =         no
  target_md       =         no
  steered_md      =         no
  esp_mm          =         no
 
Read_Ctrl_Constraints> Parameters for Constraints
  rigid_bond      =        yes
  shake_iteration =        500  shake_tolerance =  0.100E-09
  fast_water      =        yes  water_model     =       TIP3
  hydrogen_type   =  name|mass
  noshake_index   = 4  11  12  13
  fixatm_select_index        =       none
 
Read_Ctrl_Ensemble> Parameters for Ensemble
  ensemble        =        NVT
  temperature     =    300.000
  tpcontrol       =      BUSSI
  tau_t           =      0.500
 
Read_Ctrl_Boundary> Parameters of Boundary Condition
  type            =       NOBC
  spherical_pot   =        yes  restart         =          T
  center_info     =       read  modify_ratio    =      1.000
  constant        =     10.000  exponent        =          2
  fixatom         =          T  fix_layer       =      1.000
 
Read_Ctrl_Selection> Parameters of Selection
  # of groups     =         13
    group 1 = sid:DHA or (sid:TIMA and (rno:95 or rno:165) and          not (an:CA  | an:C   | an:O   | an:N | an:HN | an:HA))
    group 2 = atomno:1900 or atomno:5687
    group 3 = atomno:1442
    group 4 = atomno:1443
    group 5 = atomno:2559
    group 6 = atomno:2560
    group 7 = atomno:7583
    group 8 = atomno:7584
    group 9 = atomno:7585
    group 10 = atomno:7586
    group 11 = atomno:7587
    group 12 = atomno:7588
    group 13 = atomno:7589
  # of mole names =          0
 
Read_Ctrl_Restraints> Parameters of Restraint
  numfunc         =   6
  function1 = POSI     
    direction     = ALL 
    constant      = 10.0
    reference     = 
    select_index  = 2
    mode          =   0
    exponent      =   2
    exponent_dist = 
    weight_dist   = 

  function2 = DIST     
    constant      = 100.0
    reference     = 2.2400
    select_index  = 6  12
    mode          =   0
    exponent      =   2
    exponent_dist = 
    weight_dist   = 

  function3 = DIST     
    constant      = 100.0
    reference     = 1.0949
    select_index  = 9  12
    mode          =   0
    exponent      =   2
    exponent_dist = 
    weight_dist   = 

  function4 = DIST     
    constant      = 100.0
    reference     = 1.8586
    select_index  = 5  11
    mode          =   0
    exponent      =   2
    exponent_dist = 
    weight_dist   = 

  function5 = DIST     
    constant      = 100.0
    reference     = 1.8556
    select_index  = 8   4
    mode          =   0
    exponent      =   2
    exponent_dist = 
    weight_dist   = 

  function6 = DIST     
    constant      = 100.0
    reference     = 2.7421
    select_index  = 3  11
    mode          =   0
    exponent      =   2
    exponent_dist = 
    weight_dist   = 

  pressure_position   = NO
  pressure_rmsd     = NO

Read_Ctrl_Fitting_MD> Parameters of Fitting
  fitting method  =  TR+ROT   
  fitting atom    = group1
  mass_weight     =         no
 
Read_Ctrl_QMMM> Parameters of QM/MM
  qmtyp              = qsimulate
  qmcnt              = qsimulate.json
  qmexe              = 
  workdir            = equil2_4
  savedir            = none
  basename           = job
  qmsave_period      = 500
  qmmaxtrial         = 1
  qmatm_select_index = 1
  exclude_charge     = GROUP
 
[STEP2] Setup MPI
 
Setup_Mpi_Md> Summary of Setup MPI
  number of MPI processes   =         32
  number of OpenMP threads  =          7
  total number of CPU cores =        224

[STEP3] Set Relevant Variables and Structures
 
Input_Top> Summary of Topfile
  num_atom_class  =        212  num_resi_type   =        685
 
Input_Par> Summary of Parfile
  num_bonds       =        658  num_angles      =       2003
  num_dihedrals   =       4838  num_impropers   =        163
  num_atom_cls    =        212  num_nbfix       =         75
  num_cmap_terms  =          6
 
Input_Str> Summary of Top information
  num_atom_class  =        227  num_resi_type   =        700
 
Input_Str> Summary of Par information
  num_bonds       =        663  num_angles      =       2006
  num_dihedrals   =       4850  num_impropers   =        163
  num_atom_cls    =        227  num_nbfix       =         90
  num_cmap_terms  =          6
 
Read_Psf> Summary of Psffile
  psftype         =      xplor
  num_atoms       =      37226  num_bonds       =      37288
  num_angles      =      23768  num_dihedrals   =      20268
  num_impropers   =       1292  num_cmap_terms  =        494
  num_HB_donors   =      20596  num_HB_acceptors=      10610
  num_NB_exclusion=          0  num_groups      =      12168
  total_charge    =    -10.000
 
Check_Pdb> 6-column residue sequence number
 
Read_Pdb> Summary of Data in PDB file
  num_atoms       =      37226
 
Read_Rst_Binary> Summary of RST file
  num_atoms       =      37226  iseed           =   20190319
  boxsize (x,y,z) =      0.000     0.000     0.000
  spherical_pot     =      yes
  nfunctions                 2  num_fixatm              9645
  num_of_qm_charge          35

Define_Molecule> Summary of molecules
  num_atoms       =      37226  num_bonds       =      37288
  num_angles      =      23768  num_dihedrals   =      20268
  num_impropers   =       1292  num_cmap_terms  =        494
  num_residues    =      10370  num_molecules   =       9878
  num_segments    =          6  num_deg_freedom =     111678
  total_charge    =    -10.000
 
Setup_Boundary> Setup Variables for Boundary Condition
  origin(x,y,z)   =      0.000     0.000     0.000
  nfunctions      =        2
    center(x,y,z) =     17.000     0.000     0.000
    radius        =     35.000
    constant      =     10.000
    exponent      =          2
    center(x,y,z) =    -17.000     0.000     0.000
    radius        =     35.000
    constant      =     10.000
    exponent      =          2

  num_fixatm      =     9645

 
Random_Init> Initialize the random number
  seed            = 20190319

Setup_QMMM> Setup QM region
  QM assignment info
  1435 TIMA     95 HSE    CB   CT2    assigned to QM atom    1 of element: C     6
  1436 TIMA     95 HSE    HB1  HA2    assigned to QM atom    2 of element: H     1
  1437 TIMA     95 HSE    HB2  HA2    assigned to QM atom    3 of element: H     1
  1438 TIMA     95 HSE    ND1  NR2    assigned to QM atom    4 of element: N     7
  1439 TIMA     95 HSE    CG   CPH1   assigned to QM atom    5 of element: C     6
  1440 TIMA     95 HSE    CE1  CPH2   assigned to QM atom    6 of element: C     6
  1441 TIMA     95 HSE    HE1  HR1    assigned to QM atom    7 of element: H     1
  1442 TIMA     95 HSE    NE2  NR1    assigned to QM atom    8 of element: N     7
  1443 TIMA     95 HSE    HE2  H      assigned to QM atom    9 of element: H     1
  1444 TIMA     95 HSE    CD2  CPH1   assigned to QM atom   10 of element: C     6
  1445 TIMA     95 HSE    HD2  HR3    assigned to QM atom   11 of element: H     1
  2552 TIMA    165 GLU    CB   CT2A   assigned to QM atom   12 of element: C     6
  2553 TIMA    165 GLU    HB1  HA2    assigned to QM atom   13 of element: H     1
  2554 TIMA    165 GLU    HB2  HA2    assigned to QM atom   14 of element: H     1
  2555 TIMA    165 GLU    CG   CT2    assigned to QM atom   15 of element: C     6
  2556 TIMA    165 GLU    HG1  HA2    assigned to QM atom   16 of element: H     1
  2557 TIMA    165 GLU    HG2  HA2    assigned to QM atom   17 of element: H     1
  2558 TIMA    165 GLU    CD   CC     assigned to QM atom   18 of element: C     6
  2559 TIMA    165 GLU    OE1  OC     assigned to QM atom   19 of element: O     8
  2560 TIMA    165 GLU    OE2  OC     assigned to QM atom   20 of element: O     8
  7575 DHA     249 DHAP   P    PG2    assigned to QM atom   21 of element: P    15
  7576 DHA     249 DHAP   O1P  OG303  assigned to QM atom   22 of element: O     8
  7577 DHA     249 DHAP   O2P  OG2P1  assigned to QM atom   23 of element: O     8
  7578 DHA     249 DHAP   O3P  OG2P1  assigned to QM atom   24 of element: O     8
  7579 DHA     249 DHAP   O4P  OG2P1  assigned to QM atom   25 of element: O     8
  7580 DHA     249 DHAP   C1   CG321  assigned to QM atom   26 of element: C     6
  7581 DHA     249 DHAP   H11  HGA2   assigned to QM atom   27 of element: H     1
  7582 DHA     249 DHAP   H12  HGA2   assigned to QM atom   28 of element: H     1
  7583 DHA     249 DHAP   C2   CG2O5  assigned to QM atom   29 of element: C     6
  7584 DHA     249 DHAP   O2   OG2D3  assigned to QM atom   30 of element: O     8
  7585 DHA     249 DHAP   C3   CG321  assigned to QM atom   31 of element: C     6
  7586 DHA     249 DHAP   O3   OG311  assigned to QM atom   32 of element: O     8
  7587 DHA     249 DHAP   HO3  HGP1   assigned to QM atom   33 of element: H     1
  7588 DHA     249 DHAP   H31  HGA2   assigned to QM atom   34 of element: H     1
  7589 DHA     249 DHAP   H32  HGA2   assigned to QM atom   35 of element: H     1
  number of QM atoms = 35
 
  QM charges retreived from rstfile.
 

Generate_LinkAtoms> QM-MM interface info. Link hydrogen is set between:
              [ QM atom ]             -             [ MM atom ]
  1435 TIMA     95 HSE    CB   CT2    -   1433 TIMA     95 HSE    CA   CT1   
                                          1431 TIMA     95 HSE    N    NH1    excluded
                                          1432 TIMA     95 HSE    HN   H      excluded
                                          1434 TIMA     95 HSE    HA   HB1    excluded
  2552 TIMA    165 GLU    CB   CT2A   -   2550 TIMA    165 GLU    CA   CT1   
                                          2548 TIMA    165 GLU    N    NH1    excluded
                                          2549 TIMA    165 GLU    HN   H      excluded
                                          2551 TIMA    165 GLU    HA   HB1    excluded

  number of link atoms           = 2
  number of external MM charges  = 37183


  Check the input file for QSimulate [ qsimulate.json ]
Setup_Enefunc_Cmap_Par> Natural spline is used to derive cmap coefs.

Setup_Enefunc_Table> Setup Variables for LookupTable
  num_solutes     =      37226  num_waters      =          0

Setup_Enefunc_Restraint> Setup restraint groups
 group =     1, "sid:DHA or (sid:TIMA and (rno:95 or rno:165) and          not (an:CA  | an:C   | an:O   | an:N | an:HN | an:HA))"
 # of atoms =    35
 atomlist: 
   1435   1436   1437   1438   1439   1440   1441   1442   1443   1444
   1445   2552   2553   2554   2555   2556   2557   2558   2559   2560
   7575   7576   7577   7578   7579   7580   7581   7582   7583   7584
   7585   7586   7587   7588   7589
 group =     2, "atomno:1900 or atomno:5687"
 # of atoms =     2
 atomlist: 
   1900   5687
 group =     3, "atomno:1442"
 # of atoms =     1
 atomlist: 
   1442
 group =     4, "atomno:1443"
 # of atoms =     1
 atomlist: 
   1443
 group =     5, "atomno:2559"
 # of atoms =     1
 atomlist: 
   2559
 group =     6, "atomno:2560"
 # of atoms =     1
 atomlist: 
   2560
 group =     7, "atomno:7583"
 # of atoms =     1
 atomlist: 
   7583
 group =     8, "atomno:7584"
 # of atoms =     1
 atomlist: 
   7584
 group =     9, "atomno:7585"
 # of atoms =     1
 atomlist: 
   7585
 group =    10, "atomno:7586"
 # of atoms =     1
 atomlist: 
   7586
 group =    11, "atomno:7587"
 # of atoms =     1
 atomlist: 
   7587
 group =    12, "atomno:7588"
 # of atoms =     1
 atomlist: 
   7588
 group =    13, "atomno:7589"
 # of atoms =     1
 atomlist: 
   7589
Setup_Enefunc_Restraint> Setup restraint functions
 func  =     1 kind  =     1
 const(total, x, y, z) =   10.000   1.000   1.000   1.000
 exponend of function =     2
 # of groups  =     1
 grouplist:   2

 func  =     2 kind  =     2
 const             =  100.000
 ref               =    2.240
 exponend of function =     2
 # of distances  =     1
 distancelist: 
 group = (  6, 12) weight =    1.000 exponent =     1

 func  =     3 kind  =     2
 const             =  100.000
 ref               =    1.095
 exponend of function =     2
 # of distances  =     1
 distancelist: 
 group = (  9, 12) weight =    1.000 exponent =     1

 func  =     4 kind  =     2
 const             =  100.000
 ref               =    1.859
 exponend of function =     2
 # of distances  =     1
 distancelist: 
 group = (  5, 11) weight =    1.000 exponent =     1

 func  =     5 kind  =     2
 const             =  100.000
 ref               =    1.856
 exponend of function =     2
 # of distances  =     1
 distancelist: 
 group = (  8,  4) weight =    1.000 exponent =     1

 func  =     6 kind  =     2
 const             =  100.000
 ref               =    2.742
 exponend of function =     2
 # of distances  =     1
 distancelist: 
 group = (  3, 11) weight =    1.000 exponent =     1

Define_Enefunc_CHARMM> Number of Interactions in Each Term
  bond_ene        =      37255  angle_ene       =      23717
  urey_ene        =       6639
  torsion_ene     =      23862  improper_ene    =       1285
  cmap_ene        =        494
  restraint_groups=         13  restraint_funcs =          6
 
Setup_Fitting_Atdyn> NO fitting is applied, skip
  fitting method  =  NO

Update_Num_Deg_Freedom> Number of degrees of freedom was updated
  num_deg_freedom =      82743 (After setup of fixed atoms at boundary)
 
Remove_Fixatm> Modified Interactions
  bond_ene        =      27610  angle_ene       =      20502
  urey_ene        =       6639
  torsion_ene     =      23862  improper_ene    =       1285
 
Setup_Constraints> The following atoms are excluded from SHAKE:
    1443    7587    7588    7589
Setup_Settle> Setup constraints for SETTLE
  num_unconsbonds =       7633      num_Settle  =       6659
  r0(O-H)         =     0.9572  mass(O)         =    15.9994
  r0(H-H)         =     1.5139  mass(H)         =     1.0080
 
Setup_Shake> Setup constrains for SHAKE and RATTLE
  num_unconsbonds =       3837  num_rigid_bonds =       3796
 
  num_qm_rigid_bonds =         10
 
Update_Num_Deg_Freedom> Number of degrees of freedom was updated
  num_deg_freedom =      62766 (After setup of SETTLE)
 
Update_Num_Deg_Freedom> Number of degrees of freedom was updated
  num_deg_freedom =      58960 (After setup of SHAKE/RATTLE)
 
[STEP4] Compute Single Point Energy for Molecules
 
            STEP            BOND           ANGLE    UREY-BRADLEY        DIHEDRAL        IMPROPER            CMAP         VDWAALS           ELECT    RESTRAINT001    RESTRAINT002    RESTRAINT003    RESTRAINT004    RESTRAINT005    RESTRAINT006    RESTR_CVS001    RESTR_CVS002    RESTR_CVS003    RESTR_CVS004    RESTR_CVS005    RESTR_CVS006              QM            SPOT
 --------------- --------------- --------------- --------------- ---------------
               0       1546.7030       3778.8198        481.1760       4488.7152        249.7544       -188.7610       7192.4753    -117188.3873          1.0202          0.3330          0.0697          0.1181          0.2656          0.0683          0.0000          2.2977          1.0685          1.8242          1.8041          2.7160    -906465.2188         25.3838

[STEP5] Perform Molecular Dynamics Simulation
 
INFO:       STEP            TIME       TOTAL_ENE   POTENTIAL_ENE     KINETIC_ENE            RMSG            BOND           ANGLE    UREY-BRADLEY        DIHEDRAL        IMPROPER            CMAP         VDWAALS           ELECT RESTRAINT_TOTAL    RESTRAINT001    RESTRAINT002    RESTRAINT003    RESTRAINT004    RESTRAINT005    RESTRAINT006    RESTR_CVS001    RESTR_CVS002    RESTR_CVS003    RESTR_CVS004    RESTR_CVS005    RESTR_CVS006     TEMPERATURE          VOLUME              QM            SPOT
 --------------- --------------- --------------- --------------- ---------------
INFO:         50          0.0250    -988404.9173   -1005982.1557      17577.2384         12.7047       1539.1697       3801.8733        479.6120       4506.9234        283.0219       -204.6956       7148.6715    -117078.9798          3.3105          1.7803          0.2995          0.3704          0.3625          0.3258          0.1719          0.0000          2.1853          1.1558          1.7984          1.7985          2.7836        300.0430          0.0000    -906461.0625         17.1047

INFO:        100          0.0500    -988435.9280   -1006130.6690      17694.7411         12.5762       1471.9097       3749.3896        470.1898       4499.2202        269.3368       -182.8639       7101.0476    -117080.9030          2.6205          1.9344          0.0997          0.1833          0.2369          0.1565          0.0096          0.0000          2.2716          1.0521          1.9073          1.8952          2.7323        302.0488          0.0000    -906430.6163         23.4406

INFO:        150          0.0750    -988460.0309   -1006065.4376      17605.4067         12.6607       1548.5973       3814.3021        490.1826       4472.0690        275.9717       -182.8615       7134.9315    -117172.4042          5.4771          1.8904          1.4903          0.0021          0.8150          1.2101          0.0691          0.0000          2.3621          1.0995          1.7683          1.9656          2.7684        300.5239          0.0000    -906451.7033         17.1811

INFO:        200          0.1000    -988410.9322   -1006164.3734      17753.4412         12.6285       1518.5851       3709.9037        475.9214       4470.5435        261.5241       -177.5383       7151.0885    -117114.8901          4.8442          2.7427          0.2948          0.2931          1.3101          0.0071          0.1964          0.0000          2.1857          1.1490          1.7441          1.8640          2.7864        303.0508          0.0000    -906464.3556         18.0961

INFO:        250          0.1250    -988378.4717   -1006058.3707      17679.8990         12.6398       1464.3586       3776.4933        460.2828       4461.8226        266.1580       -184.1706       7192.1120    -117040.4217          4.7396          2.4694          1.1002          0.3000          0.4689          0.0937          0.3075          0.0000          2.3449          1.0401          1.9271          1.8250          2.6867        301.7955          0.0000    -906459.7454         20.1213

INFO:        300          0.1500    -988412.4758   -1006069.4896      17657.0138         12.6119       1521.2681       3713.1574        462.0464       4456.9530        279.9972       -187.3561       7170.5129    -117027.6104          4.0262          2.0542          0.1787          0.0794          1.4180          0.1908          0.1051          0.0000          2.1977          1.1231          1.7395          1.8119          2.7745        301.4048          0.0000    -906462.4843         19.0899

INFO:        350          0.1750    -988441.9870   -1006085.1234      17643.1364         12.5796       1485.6195       3806.9245        473.1835       4469.2083        257.8018       -185.6681       7146.9222    -117089.7631          2.6141          1.9073          0.1670          0.1168          0.0724          0.2314          0.1193          0.0000          2.2809          1.1291          1.8855          1.9037          2.7076        301.1679          0.0000    -906451.9660         17.0655

INFO:        400          0.2000    -988440.1276   -1006157.8695      17717.7419         12.6361       1506.1819       3825.0029        470.2368       4435.5046        283.8413       -184.4109       7037.5969    -117101.3480          4.2535          1.9690          0.0889          0.2327          0.0034          0.8605          1.0990          0.0000          2.2698          1.0467          1.8528          1.9484          2.8469        302.4414          0.0000    -906434.7286         12.2462

INFO:        450          0.2250    -988509.6378   -1006172.3868      17662.7491         12.6414       1505.8779       3737.7928        468.9696       4477.3550        258.4277       -179.7787       7140.2810    -117162.6870          4.2471          2.0079          0.0663          0.3559          1.6553          0.0011          0.1605          0.0000          2.2658          1.1546          1.7299          1.8524          2.7822        301.5027          0.0000    -906422.8723         17.8245

INFO:        500          0.2500    -988461.2139   -1006179.5324      17718.3186         12.5996       1504.5641       3816.2279        467.5731       4475.9980        265.6638       -208.5330       7121.7723    -117202.1055          4.2478          1.8712          0.2029          0.0437          2.0225          0.0132          0.0943          0.0000          2.2850          1.0740          2.0008          1.8671          2.7114        302.4513          0.0000    -906424.9408         10.8058

INFO:        550          0.2750    -988488.0195   -1006099.6223      17611.6028         12.6361       1533.6946       3775.9507        465.9880       4493.3988        253.6475       -211.7845       7221.3530    -117186.6320          4.6195          3.2397          0.0984          0.0072          0.7333          0.0451          0.4959          0.0000          2.2086          1.0864          1.7730          1.8768          2.8125        300.6296          0.0000    -906449.8580         17.1780

INFO:        600          0.3000    -988470.2511   -1006147.3756      17677.1245         12.6379       1464.1548       3799.6056        466.8650       4517.1327        265.0161       -190.7601       7320.2982    -117345.0261          5.6916          3.8280          0.1423          0.2770          0.5429          0.7030          0.1985          0.0000          2.2777          1.1475          1.7849          1.7718          2.6975        301.7481          0.0000    -906450.3535         16.0290

INFO:        650          0.3250    -988415.2885   -1006011.9567      17596.6682         12.6155       1488.3845       3774.4483        480.2771       4463.2049        291.2715       -188.4605       7299.5248    -117173.6693          3.6613          2.7142          0.0008          0.1174          0.5421          0.2585          0.0283          0.0000          2.2428          1.0606          1.9322          1.8048          2.7589        300.3747          0.0000    -906450.5993         18.6825

INFO:        700          0.3500    -988467.2273   -1006187.7951      17720.5678         12.5758       1501.3250       3767.7977        467.3288       4488.1093        262.5474       -181.6270       7080.7109    -117106.4076          2.9613          2.3314          0.1038          0.1469          0.2202          0.1590          0.0000          0.0000          2.2722          1.1332          1.8117          1.8955          2.7416        302.4897          0.0000    -906470.5409         17.1345

INFO:        750          0.3750    -988457.1692   -1006041.2234      17584.0542         12.6589       1555.2303       3767.0897        475.5591       4477.7068        284.7277       -195.6816       7113.7405    -117065.3669          4.3200          2.8531          0.0443          0.0002          0.2893          1.0778          0.0554          0.0000          2.2190          1.0934          1.9124          1.9594          2.7656        300.1594          0.0000    -906458.5491         16.1936

INFO:        800          0.4000    -988463.9683   -1006145.0887      17681.1204         12.6626       1512.7504       3700.6741        469.8120       4495.9323        266.1313       -189.2226       7097.5174    -117040.7235          4.3401          3.1450          0.1207          0.1635          0.0041          0.0041          0.9027          0.0000          2.2747          1.0545          1.8522          1.8620          2.8371        301.8163          0.0000    -906462.3001         17.8431

INFO:        850          0.4250    -988498.2746   -1006046.3307      17548.0561         12.6585       1552.6331       3691.4942        459.5945       4484.1233        263.6531       -178.6216       7297.0148    -117135.8617          4.5264          3.9581          0.0945          0.1477          0.2058          0.0968          0.0234          0.0000          2.2093          1.1333          1.9040          1.8245          2.7268        299.5449          0.0000    -906484.8868         13.0002

INFO:        900          0.4500    -988528.8352   -1006165.7419      17636.9067         12.6713       1490.8912       3787.8363        465.2676       4461.4457        274.8181       -179.5986       7384.4423    -117399.9496          3.2111          2.9914          0.0230          0.0022          0.1411          0.0496          0.0037          0.0000          2.2248          1.0996          1.8210          1.8333          2.7360        301.0616          0.0000    -906454.1059         18.0802

INFO:        950          0.4750    -988496.1934   -1006086.0138      17589.8204         12.7064       1564.8455       3762.7660        474.4719       4451.1914        249.8654       -183.0834       7467.8693    -117410.8775          4.2747          1.9795          0.6268          0.0082          1.2428          0.2519          0.1656          0.0000          2.3192          1.0859          1.7471          1.9058          2.7014        300.2578          0.0000    -906467.3372         14.2947

INFO:       1000          0.5000    -988526.8760   -1006179.8183      17652.9422         12.6833       1475.7198       3790.9193        465.6407       4427.9055        272.5530       -193.7747       7496.2164    -117438.7854          2.4243          1.3648          0.1435          0.1671          0.3534          0.3950          0.0006          0.0000          2.2021          1.1358          1.9180          1.9185          2.7444        301.3353          0.0000    -906478.6371         16.2472

INFO:       1050          0.5250    -988532.6261   -1006156.4679      17623.8417         12.6467       1523.4222       3697.9816        476.4785       4490.7951        264.1240       -200.2036       7430.8336    -117392.8965          3.1022          1.4153          0.0745          0.0470          0.7553          0.0687          0.7413          0.0000          2.2673          1.0732          1.7717          1.8818          2.8282        300.8386          0.0000    -906450.1048         10.2574

INFO:       1100          0.5500    -988567.1061   -1006224.3445      17657.2385         12.6856       1504.4590       3759.1637        449.0027       4476.3307        267.1600       -207.2033       7302.5674    -117307.9803          2.6975          1.4460          0.3436          0.0008          0.6217          0.2634          0.0219          0.0000          2.1814          1.0921          1.7798          1.8043          2.7273        301.4086          0.0000    -906470.5419         11.0558

INFO:       1150          0.5750    -988601.8843   -1006317.6315      17715.7472         12.6178       1504.2871       3755.0761        469.1435       4464.2365        250.5843       -194.5702       7311.4907    -117426.0676          4.6219          1.6659          0.0225          0.0308          1.4126          0.1531          1.3369          0.0000          2.2250          1.1125          1.9775          1.8947          2.8577        302.4074          0.0000    -906456.4338         13.5464

INFO:       1200          0.6000    -988627.2966   -1006342.4200      17715.1234         12.6321       1483.6105       3788.2500        465.7693       4483.2789        261.5808       -198.2484       7279.4647    -117437.6526          4.7778          1.7732          1.1728          0.1780          0.7610          0.3002          0.5927          0.0000          2.3483          1.0527          1.7714          1.9104          2.6651        302.3967          0.0000    -906473.2512         15.6943

INFO:       1250          0.6250    -988615.5441   -1006147.2919      17531.7478         12.6279       1481.2842       3765.2844        468.3864       4472.4577        257.6462       -192.4665       7424.6605    -117368.5053          2.4625          1.4076          0.3987          0.0961          0.0965          0.2493          0.2143          0.0000          2.1769          1.1259          1.8275          1.8057          2.7884        299.2665          0.0000    -906458.5021         13.5581

INFO:       1300          0.6500    -988677.2754   -1006406.5694      17729.2940         12.6215       1510.6862       3679.4917        466.9196       4458.7349        257.5193       -188.5902       7282.0583    -117401.3099          4.9386          1.0224          3.7772          0.0061          0.1061          0.0146          0.0122          0.0000          2.4344          1.1027          1.8912          1.8677          2.7531        302.6386          0.0000    -906477.0180         12.5645

INFO:       1350          0.6750    -988666.8718   -1006279.7751      17612.9033         12.6158       1501.3159       3735.8402        472.2123       4466.1911        279.9740       -194.9178       7249.9053    -117314.7544          3.1895          2.0952          0.9107          0.1064          0.0033          0.0379          0.0360          0.0000          2.1446          1.0623          1.8529          1.8751          2.7231        300.6518          0.0000    -906478.7312         16.9508

INFO:       1400          0.7000    -988656.6630   -1006325.7939      17669.1309         12.6658       1556.2601       3769.7615        465.0741       4468.5536        262.4826       -193.3703       7240.2467    -117420.5078          7.3999          1.9636          3.1109          0.3701          0.6415          0.0226          1.2912          0.0000          2.4164          1.1557          1.7785          1.8706          2.8557        301.6116          0.0000    -906481.6944         13.2354

INFO:       1450          0.7250    -988682.4065   -1006248.1549      17565.7484         12.6120       1470.6720       3733.9977        458.2828       4458.2888        256.0301       -180.7111       7258.9554    -117234.5498          5.5308          2.5764          0.6574          0.0386          1.4957          0.0910          0.6718          0.0000          2.1589          1.0753          1.9809          1.8254          2.6601        299.8469          0.0000    -906474.6516         15.4524

INFO:       1500          0.7500    -988666.2762   -1006349.5431      17683.2669         12.6113       1466.1050       3770.6733        475.7211       4438.3975        253.2586       -186.8821       7199.1489    -117286.0521          4.8787          2.0182          1.9922          0.0606          0.1348          0.3040          0.3689          0.0000          2.3811          1.1195          1.8219          1.8005          2.8028        301.8529          0.0000    -906484.7920         16.5553

INFO:       1550          0.7750    -988647.8867   -1006226.3248      17578.4381         12.6517       1527.2805       3826.8029        465.5936       4435.2843        271.0266       -193.8790       7189.9954    -117301.1405          3.5864          1.4678          0.1511          0.0947          0.0001          0.3174          1.5553          0.0000          2.2011          1.1257          1.8578          1.9119          2.8668        300.0635          0.0000    -906450.8749         19.6920

INFO:       1600          0.8000    -988637.9638   -1006399.9444      17761.9806         12.5910       1473.5604       3733.6981        472.9830       4455.2665        246.3811       -188.0555       7097.8751    -117221.4812          2.7609          1.5700          0.7061          0.0134          0.0001          0.1364          0.3349          0.0000          2.3240          1.0833          1.8576          1.8925          2.6842        303.1966          0.0000    -906472.9328         15.6741

INFO:       1650          0.8250    -988641.5887   -1006233.9631      17592.3744         12.6066       1509.7080       3730.2194        472.9094       4464.3544        261.1401       -180.9159       7095.8912    -117119.9096          3.7785          1.5128          1.0550          0.0510          0.5227          0.1541          0.4830          0.0000          2.1373          1.1175          1.7863          1.8163          2.8116        300.3014          0.0000    -906471.1387         13.4675

INFO:       1700          0.8500    -988645.5224   -1006245.4723      17599.9499         12.6403       1506.6392       3817.6523        484.5728       4457.0464        262.3522       -193.6704       7089.1779    -117173.7072          2.7198          1.2559          0.9883          0.0149          0.0202          0.3258          0.1148          0.0000          2.3394          1.1071          1.8728          1.9127          2.7760        300.4307          0.0000    -906498.2553         13.7219

INFO:       1750          0.8750    -988610.4478   -1006228.6838      17618.2360         12.6002       1479.1443       3817.4969        478.0963       4461.8372        263.5729       -203.0418       7180.9233    -117220.7059          1.9228          1.6209          0.0121          0.0093          0.0209          0.2447          0.0149          0.0000          2.2290          1.0853          1.8730          1.9051          2.7543        300.7429          0.0000    -906487.9298         16.0135

INFO:       1800          0.9000    -988582.6997   -1006234.3230      17651.6234         12.6033       1471.5138       3759.1775        462.7308       4467.3667        267.3617       -193.8262       7268.0703    -117287.2882          3.9208          1.6327          1.3003          0.0925          0.2697          0.0182          0.6073          0.0000          2.3540          1.1253          1.8067          1.8421          2.8200        301.3128          0.0000    -906453.3502         14.5158

INFO:       1850          0.9250    -988611.5578   -1006211.8212      17600.2634         12.6268       1527.2515       3682.0588        470.7871       4496.7646        257.0592       -180.3526       7363.2736    -117375.9538          1.8409          1.4397          0.0896          0.0377          0.0864          0.0030          0.1846          0.0000          2.2101          1.0755          1.8292          1.8502          2.6991        300.4361          0.0000    -906454.5505         15.8070

INFO:       1900          0.9500    -988644.2456   -1006224.0885      17579.8428         12.6497       1526.8789       3740.5122        473.4627       4470.1876        252.5340       -188.4991       7470.4136    -117530.8719          2.9739          0.9054          0.6104          0.0042          0.0437          0.6917          0.7185          0.0000          2.3181          1.1014          1.8795          1.9388          2.8269        300.0875          0.0000    -906441.6803          9.4798

INFO:       1950          0.9750    -988673.2154   -1006254.5086      17581.2932         12.6132       1543.4027       3743.8474        464.2308       4487.9869        232.3430       -179.7992       7292.0210    -117371.9174          5.2910          1.9130          0.1840          0.0442          2.2748          0.5242          0.3507          0.0000          2.1971          1.1159          1.7078          1.9280          2.6829        300.1123          0.0000    -906471.9148         16.7340

INFO:       2000          1.0000    -988708.3708   -1006333.7702      17625.3994         12.6655       1497.1762       3769.8413        468.6560       4464.4041        276.9856       -201.6595       7252.0525    -117384.1744          2.9224          2.1639          0.3391          0.1126          0.1108          0.1179          0.0781          0.0000          2.2982          1.0613          1.8919          1.8213          2.7142        300.8651          0.0000    -906479.9743         16.7320

INFO:       2050          1.0250    -988638.3722   -1006202.8300      17564.4577         12.6287       1453.9688       3713.6052        469.4336       4480.4615        266.7645       -190.4816       7227.0536    -117151.9798          2.4364          0.5954          1.0348          0.0625          0.4672          0.0462          0.2303          0.0000          2.3417          1.1199          1.9270          1.8341          2.7901        299.8249          0.0000    -906474.0921         18.5283

INFO:       2100          1.0500    -988634.1441   -1006161.5967      17527.4526         12.6477       1492.0029       3743.3156        464.5901       4498.3018        273.4610       -176.7025       7235.2790    -117214.0107          1.3445          0.2785          0.6955          0.0023          0.2777          0.0544          0.0363          0.0000          2.1566          1.0996          1.8059          1.8323          2.7231        299.1932          0.0000    -906479.1783         11.6679

INFO:       2150          1.0750    -988646.1781   -1006209.4701      17563.2920         12.6247       1480.5983       3795.7994        462.0452       4496.0536        275.6623       -180.5893       7323.8610    -117411.6197          3.3827          0.5201          1.8674          0.0061          0.8390          0.1493          0.0009          0.0000          2.3767          1.0871          1.7670          1.8170          2.7391        299.8050          0.0000    -906454.6637         13.3867

INFO:       2200          1.1000    -988638.5407   -1006325.0666      17686.5259         12.5978       1490.5889       3794.3301        472.7915       4480.5404        280.7764       -192.7846       7407.1772    -117595.2213          2.3777          0.6173          0.7213          0.0521          0.2224          0.0170          0.7477          0.0000          2.1551          1.1177          1.9058          1.8686          2.8286        301.9086          0.0000    -906465.6430         15.3216

INFO:       2250          1.1250    -988690.8559   -1006328.2878      17637.4319         12.6629       1546.5176       3706.0490        461.3485       4446.4259        269.0150       -198.5041       7377.2586    -117468.3207          3.2490          1.1183          1.4014          0.0003          0.1316          0.2912          0.3061          0.0000          2.3584          1.0967          1.8223          1.9096          2.6868        301.0705          0.0000    -906471.3266         15.5851

INFO:       2300          1.1500    -988675.0911   -1006248.7107      17573.6195         12.6076       1448.3282       3748.2181        472.1287       4498.5226        275.7243       -204.3756       7395.8132    -117431.5044          3.2538          1.1950          0.0686          0.0036          0.9666          0.9650          0.0550          0.0000          2.2138          1.0889          1.7603          1.9538          2.7187        299.9813          0.0000    -906454.8195         18.4919

INFO:       2350          1.1750    -988621.6489   -1006361.6351      17739.9862         12.6059       1467.3741       3703.7199        472.2301       4476.8227        246.6543       -205.6722       7288.7908    -117352.6859          4.1308          1.6115          1.6289          0.0676          0.2593          0.4630          0.1005          0.0000          2.3676          1.1209          1.9095          1.9236          2.7104        302.8211          0.0000    -906462.9997         21.3311

INFO:       2400          1.2000    -988591.4486   -1006139.6596      17548.2110         12.6299       1479.3387       3781.0089        461.7659       4457.8016        276.5212       -208.2042       7380.5451    -117270.7306          2.9415          2.0565          0.1100          0.0147          0.5744          0.0179          0.1680          0.0000          2.2068          1.0828          1.9344          1.8422          2.7831        299.5475          0.0000    -906500.6476         21.0034

INFO:       2450          1.2250    -988575.2133   -1006295.1069      17719.8936         12.6326       1554.3555       3723.1740        474.0923       4469.0717        261.0052       -201.8781       7273.4808    -117366.3577          8.1144          3.2584          0.5367          0.0160          3.8089          0.0770          0.4175          0.0000          2.3133          1.1075          1.6634          1.8278          2.8067        302.4782          0.0000    -906490.1650         16.2644

INFO:       2500          1.2500    -988617.6955   -1006312.4424      17694.7469         12.6383       1558.2430       3730.0670        458.9697       4449.9977        258.3244       -200.6069       7268.0683    -117386.7008          5.3691          3.2486          1.0962          0.0146          0.4558          0.3141          0.2398          0.0000          2.1353          1.1070          1.9261          1.9116          2.6931        302.0489          0.0000    -906454.1739         13.5850

INFO:       2550          1.2750    -988641.0987   -1006260.0493      17618.9505         12.6504       1557.1352       3761.6909        470.9584       4513.6287        273.9902       -204.1027       7266.7331    -117434.8314          6.7776          4.4527          0.6122          0.0324          0.0280          0.8877          0.7647          0.0000          2.3182          1.0769          1.8419          1.9498          2.8295        300.7551          0.0000    -906472.0293         18.6128

INFO:       2600          1.3000    -988587.1204   -1006368.5852      17781.4648         12.6319       1514.6942       3764.6935        477.4748       4526.7594        258.0783       -202.4078       7139.4635    -117396.5002          4.7093          4.2569          0.0635          0.0023          0.0121          0.3425          0.0320          0.0000          2.2652          1.0997          1.8476          1.7971          2.7242        303.5292          0.0000    -906455.5501         16.0899

INFO:       2650          1.3250    -988555.5163   -1006255.1668      17699.6505         12.6255       1452.2957       3825.0344        473.6337       4494.3766        278.7089       -195.7586       7214.1033    -117318.4015          6.5704          4.4830          0.0117          0.0137          0.2863          1.5996          0.1761          0.0000          2.2292          1.1066          1.8051          1.7291          2.7001        302.1326          0.0000    -906485.7297         12.9500

INFO:       2700          1.3500    -988561.8654   -1006259.0101      17697.1447         12.5770       1485.3584       3711.8539        474.2531       4511.9790        256.6493       -186.9045       7166.3685    -117223.6516          6.0016          3.2188          1.0606          0.0069          1.2281          0.0734          0.4138          0.0000          2.3430          1.1032          1.9694          1.8285          2.8064        302.0898          0.0000    -906460.9179         15.6065

INFO:       2750          1.3750    -988597.9683   -1006067.6350      17469.6667         12.6539       1509.3944       3770.8843        462.0465       4499.7066        294.5312       -195.8328       7189.7486    -117139.0954          3.5729          1.8978          0.7773          0.0113          0.7002          0.1785          0.0078          0.0000          2.1518          1.1055          1.7749          1.8978          2.7333        298.2068          0.0000    -906462.5913         20.1942

INFO:       2800          1.4000    -988610.7194   -1006241.7200      17631.0006         12.5454       1508.7642       3736.3790        456.5657       4458.5813        256.4973       -196.1224       6991.7800    -117000.4061          3.7855          1.3086          0.8784          0.0056          0.7418          0.0003          0.8508          0.0000          2.3337          1.1024          1.7725          1.8572          2.8343        300.9608          0.0000    -906457.5445         15.4601

INFO:       2850          1.4250    -988642.1617   -1006202.1059      17559.9442         12.6040       1491.0647       3743.5550        471.4690       4455.1693        270.2160       -200.3056       7119.5297    -117097.7250          2.0837          1.1390          0.1634          0.0045          0.7248          0.0076          0.0443          0.0000          2.1996          1.0882          1.9437          1.8643          2.7211        299.7478          0.0000    -906457.1626         14.5845

INFO:       2900          1.4500    -988608.0917   -1006299.3404      17691.2487         12.6250       1445.2817       3723.5273        459.7510       4498.3190        262.7007       -176.7826       7040.5509    -117078.2920          2.7758          1.3504          0.2779          0.0080          0.1479          0.4403          0.5513          0.0000          2.2927          1.1039          1.8201          1.9220          2.8163        301.9892          0.0000    -906477.1723         11.5314

INFO:       2950          1.4750    -988612.6861   -1006196.5368      17583.8507         12.6099       1456.1234       3835.5456        457.3257       4491.0210        258.8114       -185.9811       7060.3554    -117094.1563          5.0633          1.5556          1.1440          0.0887          1.5399          0.6871          0.0481          0.0000          2.3470          1.0651          1.7345          1.9385          2.7640        300.1559          0.0000    -906480.6453         12.7657

INFO:       3000          1.5000    -988647.7244   -1006243.7102      17595.9858         12.5779       1530.0374       3708.8092        461.8917       4464.8650        261.1114       -178.1890       6905.6243    -116948.5910          3.6872          1.2093          0.8961          0.0104          1.0916          0.3351          0.1447          0.0000          2.1453          1.1051          1.9631          1.7977          2.7801        300.3631          0.0000    -906452.9564         10.0980

INFO:       3050          1.5250    -988609.6875   -1006179.5300      17569.8425         12.5387       1459.5943       3803.1940        457.7922       4472.4964        289.2307       -175.4422       6802.4036    -116823.3988          2.2779          0.6148          0.2910          0.1578          0.8073          0.3429          0.0641          0.0000          2.2939          1.1346          1.7688          1.7970          2.7674        299.9168          0.0000    -906467.6780         12.7281

INFO:       3100          1.5500    -988599.1311   -1006161.4495      17562.3184         12.5446       1482.0221       3713.9354        449.9469       4480.5484        281.7519       -173.1801       6927.9690    -116857.9183          4.3925          0.8197          0.9835          0.0520          1.0580          1.4792          0.0000          0.0000          2.1408          1.0721          1.7557          1.9772          2.7427        299.7884          0.0000    -906470.9173         20.8342

INFO:       3150          1.5750    -988676.4506   -1006252.2591      17575.8085         12.5460       1444.5195       3677.2949        460.6812       4481.6502        252.0482       -169.3503       7012.9032    -116935.3584          3.9827          2.2460          0.6744          0.0580          0.3907          0.1001          0.5135          0.0000          2.3221          1.1190          1.9211          1.8872          2.8138        300.0186          0.0000    -906480.6304         13.7487

INFO:       3200          1.6000    -988630.1908   -1006312.4225      17682.2317         12.6226       1532.4580       3742.7739        468.5100       4482.9355        252.1357       -170.0496       6923.6659    -117061.9485          2.4473          1.9886          0.2908          0.0011          0.0249          0.0396          0.1023          0.0000          2.2939          1.0916          1.8744          1.8357          2.7741        301.8353          0.0000    -906485.3507         21.4745

INFO:       3250          1.6250    -988641.0528   -1006157.7951      17516.7423         12.6229       1512.8950       3743.8284        483.5179       4503.3655        252.6818       -179.6678       7036.4736    -117024.1620          2.9966          2.1074          0.1356          0.0478          0.1475          0.3013          0.2569          0.0000          2.2768          1.0730          1.8970          1.9105          2.7928        299.0104          0.0000    -906489.7241         16.3450

INFO:       3300          1.6500    -988640.9255   -1006353.9260      17713.0005         12.5885       1476.1935       3716.7651        462.3914       4501.6401        243.2584       -180.2397       6981.2679    -117077.7448          2.1800          2.0061          0.0020          0.0317          0.1015          0.0319          0.0068          0.0000          2.2355          1.1127          1.8905          1.8735          2.7338        302.3605          0.0000    -906479.6380         19.9291

INFO:       3350          1.6750    -988666.1404   -1006270.8541      17604.7136         12.5429       1481.0749       3730.4126        460.3671       4490.1245        258.7630       -175.5109       7041.9046    -117090.2802          2.8151          1.9402          0.2627          0.1353          0.2388          0.0046          0.2336          0.0000          2.1887          1.0581          1.9075          1.8624          2.7904        300.5120          0.0000    -906470.5248         17.5536

INFO:       3400          1.7000    -988633.7296   -1006372.2605      17738.5309         12.6241       1492.5274       3699.5642        462.2816       4539.9683        267.8289       -192.8926       7024.1373    -117164.0115          5.2753          2.4089          1.8012          0.0229          0.0579          0.1996          0.7848          0.0000          2.3742          1.1100          1.8345          1.8109          2.8307        302.7963          0.0000    -906506.9395         16.4610

INFO:       3450          1.7250    -988591.9809   -1006218.1344      17626.1534         12.5612       1469.7362       3732.9625        477.4560       4488.8550        246.7175       -170.0886       7135.1076    -117139.3532          5.8000          3.0581          0.8630          0.1083          0.8057          0.0386          0.9263          0.0000          2.1471          1.1278          1.9484          1.8359          2.8383        300.8780          0.0000    -906465.3273         12.8209

INFO:       3500          1.7500    -988645.8137   -1006265.8205      17620.0068         12.5387       1473.1025       3804.5364        466.9240       4503.8236        255.9463       -171.6932       7151.4080    -117265.1114          7.6477          3.7037          2.4537          0.0007          0.0882          0.3956          1.0059          0.0000          2.3966          1.0976          1.8289          1.9185          2.8424        300.7731          0.0000    -906492.4043         17.1918

INFO:       3550          1.7750    -988635.2090   -1006138.6679      17503.4588         12.6209       1491.0163       3798.4143        470.5115       4475.9090        293.5092       -172.5027       7267.2382    -117307.8900          7.1932          3.8956          2.8957          0.0000          0.3393          0.0625          0.0000          0.0000          2.0698          1.0953          1.8003          1.8806          2.7421        298.7836          0.0000    -906462.0669         14.3852

INFO:       3600          1.8000    -988615.9278   -1006305.4802      17689.5525         12.5206       1483.7454       3735.3045        459.0933       4496.3735        270.3545       -176.0784       7249.0261    -117334.0048          3.8799          2.7091          0.3567          0.1124          0.3345          0.1356          0.2316          0.0000          2.2997          1.1284          1.9164          1.8188          2.7902        301.9602          0.0000    -906493.1743         16.8877

INFO:       3650          1.8250    -988653.5727   -1006194.8565      17541.2837         12.6534       1536.3510       3735.8152        473.6780       4514.1854        280.9339       -179.7863       7231.8518    -117319.4870          2.5546          2.1703          0.0356          0.1579          0.0248          0.1610          0.0049          0.0000          2.2589          1.0552          1.8428          1.8155          2.7351        299.4293          0.0000    -906470.9530         18.5020

INFO:       3700          1.8500    -988637.3827   -1006191.8004      17554.4177         12.5805       1476.9688       3750.0572        467.5670       4533.1324        263.9004       -177.2358       7283.4123    -117317.7127          3.4301          1.7081          0.3025          0.0557          0.0263          1.3375          0.0000          0.0000          2.2950          1.1185          1.8424          1.9712          2.7420        299.6535          0.0000    -906475.3201         23.7381

INFO:       3750          1.8750    -988622.5033   -1006181.5553      17559.0520         12.6671       1486.6340       3766.9646        462.7426       4516.3990        274.2318       -183.1951       7233.4255    -117271.6655          2.5561          1.3686          0.2449          0.0015          0.1816          0.6060          0.1535          0.0000          2.2895          1.0988          1.9012          1.9334          2.7813        299.7326          0.0000    -906469.6485         17.6332

INFO:       3800          1.9000    -988633.9429   -1006201.5140      17567.5710         12.6343       1507.9393       3702.5407        460.0935       4531.9460        262.3993       -188.1510       7227.4823    -117245.8402          3.6340          1.7155          0.3533          0.0731          0.9291          0.5535          0.0094          0.0000          2.1806          1.0679          1.7622          1.7812          2.7324        299.8780          0.0000    -906463.5577         20.0858

INFO:       3850          1.9250    -988618.3951   -1006191.0882      17572.6931         12.6318       1509.7110       3704.2874        482.3747       4517.3593        277.4301       -201.1020       7215.6567    -117203.0199          2.4486          1.8884          0.1178          0.1303          0.0060          0.0160          0.2901          0.0000          2.2743          1.1310          1.8509          1.8429          2.7960        299.9654          0.0000    -906496.2340         18.9663

INFO:       3900          1.9500    -988614.1592   -1006343.5724      17729.4132         12.6099       1548.2558       3640.0969        461.1796       4493.2284        247.8892       -198.3161       7240.7647    -117325.1246          3.2525          2.7489          0.0000          0.0286          0.1154          0.1033          0.2563          0.0000          2.2395          1.1118          1.8246          1.8877          2.6915        302.6407          0.0000    -906454.7988         14.7641

INFO:       3950          1.9750    -988569.1233   -1006291.6223      17722.4990         12.6193       1548.9959       3703.3055        462.6410       4521.0817        268.4520       -189.6944       7251.5910    -117383.5213          2.5170          1.6758          0.4657          0.0145          0.0030          0.2835          0.0744          0.0000          2.3082          1.0829          1.8641          1.9088          2.7694        302.5226          0.0000    -906476.9907         16.4637

INFO:       4000          2.0000    -988610.2278   -1006300.4704      17690.2425         12.6045       1427.2507       3821.7984        448.0751       4468.1350        257.4046       -202.9915       7167.0238    -117199.2419          2.5216          1.2403          0.1142          0.0019          0.8590          0.2575          0.0488          0.0000          2.2738          1.0992          1.7659          1.8049          2.7200        301.9720          0.0000    -906490.4463         14.9764

 
[STEP6] Deallocate Arrays
 
Output_Time> Averaged timer profile (Min, Max)
  total time      =   27481.131
    setup         =      12.732
    dynamics      =   27468.400
      energy      =   27465.410
      integrator  =       8.279
      pairlist    =       4.848 (       4.175,       5.206)
  energy           
    bond          =       0.044 (       0.038,       0.053)
    angle         =       0.133 (       0.126,       0.140)
    dihedral      =       0.400 (       0.337,       0.451)
    nonbond       =      36.946 (      36.294,      37.563)
      pme real    =      36.945 (      36.293,      37.562)
      pme recip   =       0.000 (       0.000,       0.000)
    solvation     =       0.000 (       0.000,       0.000)
      polar       =       0.000 (       0.000,       0.000)
      non-polar   =       0.000 (       0.000,       0.000)
    restraint     =       0.030 (       0.019,       0.058)
    qmmm          =   27417.530 (   27416.140,   27417.920)
  integrator       
    constraint    =       4.646 (       4.553,       4.845)
    update        =       0.000 (       0.000,       0.000)
    comm_coord    =       0.000 (       0.000,       0.000)
    comm_force    =       0.000 (       0.000,       0.000)
    comm_migrate  =       0.000 (       0.000,       0.000)

Note: The following floating-point exceptions are signalling: IEEE_DIVIDE_BY_ZERO IEEE_UNDERFLOW_FLAG IEEE_DENORMAL
Note: The following floating-point exceptions are signalling: IEEE_DIVIDE_BY_ZERO IEEE_UNDERFLOW_FLAG IEEE_DENORMAL
Note: The following floating-point exceptions are signalling: IEEE_DIVIDE_BY_ZERO IEEE_UNDERFLOW_FLAG IEEE_DENORMAL
Note: The following floating-point exceptions are signalling: IEEE_DIVIDE_BY_ZERO IEEE_UNDERFLOW_FLAG IEEE_DENORMAL
Note: The following floating-point exceptions are signalling: IEEE_DIVIDE_BY_ZERO IEEE_UNDERFLOW_FLAG IEEE_DENORMAL
Note: The following floating-point exceptions are signalling: IEEE_DIVIDE_BY_ZERO IEEE_UNDERFLOW_FLAG IEEE_DENORMAL
Note: The following floating-point exceptions are signalling: IEEE_DIVIDE_BY_ZERO IEEE_UNDERFLOW_FLAG IEEE_DENORMAL
Note: The following floating-point exceptions are signalling: IEEE_DIVIDE_BY_ZERO IEEE_UNDERFLOW_FLAG IEEE_DENORMAL
Note: The following floating-point exceptions are signalling: IEEE_DIVIDE_BY_ZERO IEEE_UNDERFLOW_FLAG IEEE_DENORMAL
Note: The following floating-point exceptions are signalling: IEEE_DIVIDE_BY_ZERO IEEE_UNDERFLOW_FLAG IEEE_DENORMAL
Note: The following floating-point exceptions are signalling: IEEE_DIVIDE_BY_ZERO IEEE_UNDERFLOW_FLAG IEEE_DENORMAL
Note: The following floating-point exceptions are signalling: IEEE_INVALID_FLAG IEEE_DIVIDE_BY_ZERO IEEE_UNDERFLOW_FLAG IEEE_DENORMAL
Note: The following floating-point exceptions are signalling: IEEE_DIVIDE_BY_ZERO IEEE_UNDERFLOW_FLAG IEEE_DENORMAL
Note: The following floating-point exceptions are signalling: IEEE_DIVIDE_BY_ZERO IEEE_UNDERFLOW_FLAG IEEE_DENORMAL
Note: The following floating-point exceptions are signalling: IEEE_DIVIDE_BY_ZERO IEEE_UNDERFLOW_FLAG IEEE_DENORMAL
Note: The following floating-point exceptions are signalling: IEEE_DIVIDE_BY_ZERO IEEE_UNDERFLOW_FLAG IEEE_DENORMAL
Note: The following floating-point exceptions are signalling: IEEE_DIVIDE_BY_ZERO IEEE_UNDERFLOW_FLAG IEEE_DENORMAL
Note: The following floating-point exceptions are signalling: IEEE_DIVIDE_BY_ZERO IEEE_UNDERFLOW_FLAG IEEE_DENORMAL
Note: The following floating-point exceptions are signalling: IEEE_DIVIDE_BY_ZERO IEEE_UNDERFLOW_FLAG IEEE_DENORMAL
Note: The following floating-point exceptions are signalling: IEEE_DIVIDE_BY_ZERO IEEE_UNDERFLOW_FLAG IEEE_DENORMAL
Note: The following floating-point exceptions are signalling: IEEE_DIVIDE_BY_ZERO IEEE_UNDERFLOW_FLAG IEEE_DENORMAL
Note: The following floating-point exceptions are signalling: IEEE_DIVIDE_BY_ZERO IEEE_UNDERFLOW_FLAG IEEE_DENORMAL
Note: The following floating-point exceptions are signalling: IEEE_DIVIDE_BY_ZERO IEEE_UNDERFLOW_FLAG IEEE_DENORMAL
Note: The following floating-point exceptions are signalling: IEEE_DIVIDE_BY_ZERO IEEE_UNDERFLOW_FLAG IEEE_DENORMAL
Note: The following floating-point exceptions are signalling: IEEE_DIVIDE_BY_ZERO IEEE_UNDERFLOW_FLAG IEEE_DENORMAL
Note: The following floating-point exceptions are signalling: IEEE_DIVIDE_BY_ZERO IEEE_UNDERFLOW_FLAG IEEE_DENORMAL
Note: The following floating-point exceptions are signalling: IEEE_DIVIDE_BY_ZERO IEEE_UNDERFLOW_FLAG IEEE_DENORMAL
Note: The following floating-point exceptions are signalling: IEEE_DIVIDE_BY_ZERO IEEE_UNDERFLOW_FLAG IEEE_DENORMAL
Note: The following floating-point exceptions are signalling: IEEE_DIVIDE_BY_ZERO IEEE_UNDERFLOW_FLAG IEEE_DENORMAL
Note: The following floating-point exceptions are signalling: IEEE_DIVIDE_BY_ZERO IEEE_UNDERFLOW_FLAG IEEE_DENORMAL
Note: The following floating-point exceptions are signalling: IEEE_DIVIDE_BY_ZERO IEEE_UNDERFLOW_FLAG IEEE_DENORMAL
Note: The following floating-point exceptions are signalling: IEEE_DIVIDE_BY_ZERO IEEE_UNDERFLOW_FLAG IEEE_DENORMAL
