(10.0.17.59:0,1,2,3,4,5,6,7)
(10.0.17.60:8,9,10,11,12,13,14,15)
(10.0.17.61:16,17,18,19,20,21,22,23)
(10.0.17.62:24,25,26,27,28,29,30,31)

[0] MPI startup(): libfabric version: 1.7.2a-impi
[0] MPI startup(): libfabric provider: psm2
[0] MPI startup(): Rank    Pid      Node name    Pin cpu
[0] MPI startup(): 0       213451   cx1147.obcx  {0,1,2,3,4,5,6}
[0] MPI startup(): 1       213452   cx1147.obcx  {7,8,9,10,11,12,13}
[0] MPI startup(): 2       213453   cx1147.obcx  {14,15,16,17,18,19,20}
[0] MPI startup(): 3       213454   cx1147.obcx  {21,22,23,24,25,26,27}
[0] MPI startup(): 4       213455   cx1147.obcx  {28,29,30,31,32,33,34}
[0] MPI startup(): 5       213456   cx1147.obcx  {35,36,37,38,39,40,41}
[0] MPI startup(): 6       213457   cx1147.obcx  {42,43,44,45,46,47,48}
[0] MPI startup(): 7       213458   cx1147.obcx  {49,50,51,52,53,54,55}
[0] MPI startup(): 8       230738   cx1148.obcx  {0,1,2,3,4,5,6}
[0] MPI startup(): 9       230739   cx1148.obcx  {7,8,9,10,11,12,13}
[0] MPI startup(): 10      230740   cx1148.obcx  {14,15,16,17,18,19,20}
[0] MPI startup(): 11      230741   cx1148.obcx  {21,22,23,24,25,26,27}
[0] MPI startup(): 12      230742   cx1148.obcx  {28,29,30,31,32,33,34}
[0] MPI startup(): 13      230743   cx1148.obcx  {35,36,37,38,39,40,41}
[0] MPI startup(): 14      230744   cx1148.obcx  {42,43,44,45,46,47,48}
[0] MPI startup(): 15      230745   cx1148.obcx  {49,50,51,52,53,54,55}
[0] MPI startup(): 16      230238   cx1149.obcx  {0,1,2,3,4,5,6}
[0] MPI startup(): 17      230239   cx1149.obcx  {7,8,9,10,11,12,13}
[0] MPI startup(): 18      230240   cx1149.obcx  {14,15,16,17,18,19,20}
[0] MPI startup(): 19      230241   cx1149.obcx  {21,22,23,24,25,26,27}
[0] MPI startup(): 20      230242   cx1149.obcx  {28,29,30,31,32,33,34}
[0] MPI startup(): 21      230243   cx1149.obcx  {35,36,37,38,39,40,41}
[0] MPI startup(): 22      230244   cx1149.obcx  {42,43,44,45,46,47,48}
[0] MPI startup(): 23      230245   cx1149.obcx  {49,50,51,52,53,54,55}
[0] MPI startup(): 24      252258   cx1150.obcx  {0,1,2,3,4,5,6}
[0] MPI startup(): 25      252259   cx1150.obcx  {7,8,9,10,11,12,13}
[0] MPI startup(): 26      252260   cx1150.obcx  {14,15,16,17,18,19,20}
[0] MPI startup(): 27      252261   cx1150.obcx  {21,22,23,24,25,26,27}
[0] MPI startup(): 28      252262   cx1150.obcx  {28,29,30,31,32,33,34}
[0] MPI startup(): 29      252263   cx1150.obcx  {35,36,37,38,39,40,41}
[0] MPI startup(): 30      252264   cx1150.obcx  {42,43,44,45,46,47,48}
[0] MPI startup(): 31      252265   cx1150.obcx  {49,50,51,52,53,54,55}
[0] MPI startup(): I_MPI_OFI_LIBRARY_INTERNAL=1
[0] MPI startup(): I_MPI_ROOT=/work/opt/local/cores/intel/impi/2019.5.281
[0] MPI startup(): I_MPI_HYDRA_BOOTSTRAP_EXEC=/usr/local/bin/pjrsh4calc
[0] MPI startup(): I_MPI_HYDRA_BOOTSTRAP_AUTOFORK=0
[0] MPI startup(): I_MPI_HYDRA_TOPOLIB=hwloc
[0] MPI startup(): I_MPI_HYDRA_HOST_FILE=/work/00/hp200098/o30000/tim/tim5/b3lypD3.rpath1/4.equil2_ob/.d0000793839_nodeinfo
[0] MPI startup(): I_MPI_PERHOST=8
[0] MPI startup(): I_MPI_INTERNAL_MEM_POLICY=default
[0] MPI startup(): I_MPI_DEBUG=5
****************************************************
*                                                  *
*                  GENESIS ATDYN                   *
*                                                  *
*        A Molecular Dynamics Simulator with       *
*            Atomic Decomposition Scheme           *
*                                                  *
*               Developed by RIKEN                 *
*                                                  *
****************************************************
 
[STEP0] Architecture and Compiler Information
 
GENESIS_Information> GENESIS Information
  version      = 1.6.0
  commit ID    = $GENESIS_VERSION$
  precision    = double
  nonbonding   = CPU

Build_Information> Compiler Information
  build host   = o30000@obcx03.obcx
  fortran      = GNU Fortran (GCC) 7.5.0
  option       = -O3 -ffast-math -march=native -ffree-line-length-none -fopenmp 
  C            = gcc (GCC) 7.5.0
  option       = -O3 -ffast-math -march=native -fopenmp
  defined var. =  -DMPI -DOMP -DFFTE -DLAPACK -DDSFMT_MEXP=19937 -D__GFORTRAN__
  link option  = -L/work/hp200098/share/local/lib -fopenmp -lmkl_scalapack_lp64 -lmkl_blacs_intelmpi_lp64 -lmkl_intel_lp64 -lmkl_intel_thread -lmkl_core -liomp5 -lpthread -lm 

Runtime_Information> Machine and Library Information
  date       = 2021/02/05 18:01:20
  cpu model    = Intel(R) Xeon(R) Platinum 8280 CPU @ 2.70GHz
  exec. host   = o30000@cx1147.obcx
  LD library   = /work/hp200098/share/local/lib:/work/opt/local/cores/intel/compilers_and_libraries_2019.5.281/linux/tbb/lib/intel64_lin/gcc4.7:/work/opt/local/cores/intel/compilers_and_libraries_2019.5.281/linux/compiler/lib/intel64_lin:/work/opt/local/cores/intel/compilers_and_libraries_2019.5.281/linux/mkl/lib/intel64_lin:/work/opt/local/cores/intel/impi/2019.5.281/intel64/libfabric/lib:/work/opt/local/cores/intel/impi/2019.5.281/intel64/lib/release:/work/opt/local/cores/intel/impi/2019.5.281/intel64/lib:/work/opt/local/cores/gcc/7.5.0/lib64

[STEP1] Read Control Parameters
 
Read_Ctrl_Input> Input Files
  topfile = toppar/top_all36_prot.rtf, toppar/top_all36_cgenff.rtf
  parfile = toppar/par_all36_prot.prm, toppar/par_all36_cgenff.prm
  strfile = toppar/toppar_water_ions.str, toppar/toppar_dhap.3.str
  psffile = ../../2.equil/step4_nvt_100.psf
  pdbfile = ../../2.equil/step4_nvt_100.pdb
  rstfile = ../3.equil1/equil1_14.rst
  reffile = ../../2.equil/step4_nvt_100.pdb
 
Read_Ctrl_Output> Output Files
  dcdfile    = equil2_14.dcd
  rstfile    = equil2_14.rst
 
Read_Ctrl_Energy> Parameters of Energy Calculations
  forcefield      =     CHARMM
  switchdist      =     16.000  cutoffdist      =     18.000
  pairlistdist    =     19.500  dielec_const    =      1.000
  vdW force_switch=        yes
  electrostatic   =  CUTOFF
  implicit_solvent=       none
  table_order     =          3
  table_density   =     20.000
  water_model     =       NONE
  output_style    =    GENESIS
  dispersion_corr =       none
  nonb_limiter    =      no
 
Read_Ctrl_Dynamics> Parameters of MD simulation
  integrator      =       VVER  nsteps          =       4000
  timestep        =     0.0005  initial_time    =     0.0000
  eneout_period   =         50  rstout_period   =         50
  crdout_period   =         50  velout_period   =          0
  nbupdate_period =         10  stoptr_period   =         10
  iseed           =   20190319
  annealing       =         no
  verbose         =         no
  target_md       =         no
  steered_md      =         no
  esp_mm          =         no
 
Read_Ctrl_Constraints> Parameters for Constraints
  rigid_bond      =        yes
  shake_iteration =        500  shake_tolerance =  0.100E-09
  fast_water      =        yes  water_model     =       TIP3
  hydrogen_type   =  name|mass
  noshake_index   = 4  11  12  13
  fixatm_select_index        =       none
 
Read_Ctrl_Ensemble> Parameters for Ensemble
  ensemble        =        NVT
  temperature     =    300.000
  tpcontrol       =      BUSSI
  tau_t           =      0.500
 
Read_Ctrl_Boundary> Parameters of Boundary Condition
  type            =       NOBC
  spherical_pot   =        yes  restart         =          T
  center_info     =       read  modify_ratio    =      1.000
  constant        =     10.000  exponent        =          2
  fixatom         =          T  fix_layer       =      1.000
 
Read_Ctrl_Selection> Parameters of Selection
  # of groups     =         13
    group 1 = sid:DHA or (sid:TIMA and (rno:95 or rno:165) and          not (an:CA  | an:C   | an:O   | an:N | an:HN | an:HA))
    group 2 = atomno:1900 or atomno:5687
    group 3 = atomno:1442
    group 4 = atomno:1443
    group 5 = atomno:2559
    group 6 = atomno:2560
    group 7 = atomno:7583
    group 8 = atomno:7584
    group 9 = atomno:7585
    group 10 = atomno:7586
    group 11 = atomno:7587
    group 12 = atomno:7588
    group 13 = atomno:7589
  # of mole names =          0
 
Read_Ctrl_Restraints> Parameters of Restraint
  numfunc         =   6
  function1 = POSI     
    direction     = ALL 
    constant      = 10.0
    reference     = 
    select_index  = 2
    mode          =   0
    exponent      =   2
    exponent_dist = 
    weight_dist   = 

  function2 = DIST     
    constant      = 100.0
    reference     = 1.3129
    select_index  = 6  12
    mode          =   0
    exponent      =   2
    exponent_dist = 
    weight_dist   = 

  function3 = DIST     
    constant      = 100.0
    reference     = 1.3464
    select_index  = 9  12
    mode          =   0
    exponent      =   2
    exponent_dist = 
    weight_dist   = 

  function4 = DIST     
    constant      = 100.0
    reference     = 2.0487
    select_index  = 5  11
    mode          =   0
    exponent      =   2
    exponent_dist = 
    weight_dist   = 

  function5 = DIST     
    constant      = 100.0
    reference     = 1.7939
    select_index  = 8   4
    mode          =   0
    exponent      =   2
    exponent_dist = 
    weight_dist   = 

  function6 = DIST     
    constant      = 100.0
    reference     = 2.7244
    select_index  = 3  11
    mode          =   0
    exponent      =   2
    exponent_dist = 
    weight_dist   = 

  pressure_position   = NO
  pressure_rmsd     = NO

Read_Ctrl_Fitting_MD> Parameters of Fitting
  fitting method  =  TR+ROT   
  fitting atom    = group1
  mass_weight     =         no
 
Read_Ctrl_QMMM> Parameters of QM/MM
  qmtyp              = qsimulate
  qmcnt              = qsimulate.json
  qmexe              = 
  workdir            = equil2_14
  savedir            = none
  basename           = job
  qmsave_period      = 500
  qmmaxtrial         = 1
  qmatm_select_index = 1
  exclude_charge     = GROUP
 
[STEP2] Setup MPI
 
Setup_Mpi_Md> Summary of Setup MPI
  number of MPI processes   =         32
  number of OpenMP threads  =          7
  total number of CPU cores =        224

[STEP3] Set Relevant Variables and Structures
 
Input_Top> Summary of Topfile
  num_atom_class  =        212  num_resi_type   =        685
 
Input_Par> Summary of Parfile
  num_bonds       =        658  num_angles      =       2003
  num_dihedrals   =       4838  num_impropers   =        163
  num_atom_cls    =        212  num_nbfix       =         75
  num_cmap_terms  =          6
 
Input_Str> Summary of Top information
  num_atom_class  =        227  num_resi_type   =        700
 
Input_Str> Summary of Par information
  num_bonds       =        663  num_angles      =       2006
  num_dihedrals   =       4850  num_impropers   =        163
  num_atom_cls    =        227  num_nbfix       =         90
  num_cmap_terms  =          6
 
Read_Psf> Summary of Psffile
  psftype         =      xplor
  num_atoms       =      37226  num_bonds       =      37288
  num_angles      =      23768  num_dihedrals   =      20268
  num_impropers   =       1292  num_cmap_terms  =        494
  num_HB_donors   =      20596  num_HB_acceptors=      10610
  num_NB_exclusion=          0  num_groups      =      12168
  total_charge    =    -10.000
 
Check_Pdb> 6-column residue sequence number
 
Read_Pdb> Summary of Data in PDB file
  num_atoms       =      37226
 
Read_Rst_Binary> Summary of RST file
  num_atoms       =      37226  iseed           =   20190319
  boxsize (x,y,z) =      0.000     0.000     0.000
  spherical_pot     =      yes
  nfunctions                 2  num_fixatm              9645
  num_of_qm_charge          35

Define_Molecule> Summary of molecules
  num_atoms       =      37226  num_bonds       =      37288
  num_angles      =      23768  num_dihedrals   =      20268
  num_impropers   =       1292  num_cmap_terms  =        494
  num_residues    =      10370  num_molecules   =       9878
  num_segments    =          6  num_deg_freedom =     111678
  total_charge    =    -10.000
 
Setup_Boundary> Setup Variables for Boundary Condition
  origin(x,y,z)   =      0.000     0.000     0.000
  nfunctions      =        2
    center(x,y,z) =     17.000     0.000     0.000
    radius        =     35.000
    constant      =     10.000
    exponent      =          2
    center(x,y,z) =    -17.000     0.000     0.000
    radius        =     35.000
    constant      =     10.000
    exponent      =          2

  num_fixatm      =     9645

 
Random_Init> Initialize the random number
  seed            = 20190319

Setup_QMMM> Setup QM region
  QM assignment info
  1435 TIMA     95 HSE    CB   CT2    assigned to QM atom    1 of element: C     6
  1436 TIMA     95 HSE    HB1  HA2    assigned to QM atom    2 of element: H     1
  1437 TIMA     95 HSE    HB2  HA2    assigned to QM atom    3 of element: H     1
  1438 TIMA     95 HSE    ND1  NR2    assigned to QM atom    4 of element: N     7
  1439 TIMA     95 HSE    CG   CPH1   assigned to QM atom    5 of element: C     6
  1440 TIMA     95 HSE    CE1  CPH2   assigned to QM atom    6 of element: C     6
  1441 TIMA     95 HSE    HE1  HR1    assigned to QM atom    7 of element: H     1
  1442 TIMA     95 HSE    NE2  NR1    assigned to QM atom    8 of element: N     7
  1443 TIMA     95 HSE    HE2  H      assigned to QM atom    9 of element: H     1
  1444 TIMA     95 HSE    CD2  CPH1   assigned to QM atom   10 of element: C     6
  1445 TIMA     95 HSE    HD2  HR3    assigned to QM atom   11 of element: H     1
  2552 TIMA    165 GLU    CB   CT2A   assigned to QM atom   12 of element: C     6
  2553 TIMA    165 GLU    HB1  HA2    assigned to QM atom   13 of element: H     1
  2554 TIMA    165 GLU    HB2  HA2    assigned to QM atom   14 of element: H     1
  2555 TIMA    165 GLU    CG   CT2    assigned to QM atom   15 of element: C     6
  2556 TIMA    165 GLU    HG1  HA2    assigned to QM atom   16 of element: H     1
  2557 TIMA    165 GLU    HG2  HA2    assigned to QM atom   17 of element: H     1
  2558 TIMA    165 GLU    CD   CC     assigned to QM atom   18 of element: C     6
  2559 TIMA    165 GLU    OE1  OC     assigned to QM atom   19 of element: O     8
  2560 TIMA    165 GLU    OE2  OC     assigned to QM atom   20 of element: O     8
  7575 DHA     249 DHAP   P    PG2    assigned to QM atom   21 of element: P    15
  7576 DHA     249 DHAP   O1P  OG303  assigned to QM atom   22 of element: O     8
  7577 DHA     249 DHAP   O2P  OG2P1  assigned to QM atom   23 of element: O     8
  7578 DHA     249 DHAP   O3P  OG2P1  assigned to QM atom   24 of element: O     8
  7579 DHA     249 DHAP   O4P  OG2P1  assigned to QM atom   25 of element: O     8
  7580 DHA     249 DHAP   C1   CG321  assigned to QM atom   26 of element: C     6
  7581 DHA     249 DHAP   H11  HGA2   assigned to QM atom   27 of element: H     1
  7582 DHA     249 DHAP   H12  HGA2   assigned to QM atom   28 of element: H     1
  7583 DHA     249 DHAP   C2   CG2O5  assigned to QM atom   29 of element: C     6
  7584 DHA     249 DHAP   O2   OG2D3  assigned to QM atom   30 of element: O     8
  7585 DHA     249 DHAP   C3   CG321  assigned to QM atom   31 of element: C     6
  7586 DHA     249 DHAP   O3   OG311  assigned to QM atom   32 of element: O     8
  7587 DHA     249 DHAP   HO3  HGP1   assigned to QM atom   33 of element: H     1
  7588 DHA     249 DHAP   H31  HGA2   assigned to QM atom   34 of element: H     1
  7589 DHA     249 DHAP   H32  HGA2   assigned to QM atom   35 of element: H     1
  number of QM atoms = 35
 
  QM charges retreived from rstfile.
 

Generate_LinkAtoms> QM-MM interface info. Link hydrogen is set between:
              [ QM atom ]             -             [ MM atom ]
  1435 TIMA     95 HSE    CB   CT2    -   1433 TIMA     95 HSE    CA   CT1   
                                          1431 TIMA     95 HSE    N    NH1    excluded
                                          1432 TIMA     95 HSE    HN   H      excluded
                                          1434 TIMA     95 HSE    HA   HB1    excluded
  2552 TIMA    165 GLU    CB   CT2A   -   2550 TIMA    165 GLU    CA   CT1   
                                          2548 TIMA    165 GLU    N    NH1    excluded
                                          2549 TIMA    165 GLU    HN   H      excluded
                                          2551 TIMA    165 GLU    HA   HB1    excluded

  number of link atoms           = 2
  number of external MM charges  = 37183


  Check the input file for QSimulate [ qsimulate.json ]
Setup_Enefunc_Cmap_Par> Natural spline is used to derive cmap coefs.

Setup_Enefunc_Table> Setup Variables for LookupTable
  num_solutes     =      37226  num_waters      =          0

Setup_Enefunc_Restraint> Setup restraint groups
 group =     1, "sid:DHA or (sid:TIMA and (rno:95 or rno:165) and          not (an:CA  | an:C   | an:O   | an:N | an:HN | an:HA))"
 # of atoms =    35
 atomlist: 
   1435   1436   1437   1438   1439   1440   1441   1442   1443   1444
   1445   2552   2553   2554   2555   2556   2557   2558   2559   2560
   7575   7576   7577   7578   7579   7580   7581   7582   7583   7584
   7585   7586   7587   7588   7589
 group =     2, "atomno:1900 or atomno:5687"
 # of atoms =     2
 atomlist: 
   1900   5687
 group =     3, "atomno:1442"
 # of atoms =     1
 atomlist: 
   1442
 group =     4, "atomno:1443"
 # of atoms =     1
 atomlist: 
   1443
 group =     5, "atomno:2559"
 # of atoms =     1
 atomlist: 
   2559
 group =     6, "atomno:2560"
 # of atoms =     1
 atomlist: 
   2560
 group =     7, "atomno:7583"
 # of atoms =     1
 atomlist: 
   7583
 group =     8, "atomno:7584"
 # of atoms =     1
 atomlist: 
   7584
 group =     9, "atomno:7585"
 # of atoms =     1
 atomlist: 
   7585
 group =    10, "atomno:7586"
 # of atoms =     1
 atomlist: 
   7586
 group =    11, "atomno:7587"
 # of atoms =     1
 atomlist: 
   7587
 group =    12, "atomno:7588"
 # of atoms =     1
 atomlist: 
   7588
 group =    13, "atomno:7589"
 # of atoms =     1
 atomlist: 
   7589
Setup_Enefunc_Restraint> Setup restraint functions
 func  =     1 kind  =     1
 const(total, x, y, z) =   10.000   1.000   1.000   1.000
 exponend of function =     2
 # of groups  =     1
 grouplist:   2

 func  =     2 kind  =     2
 const             =  100.000
 ref               =    1.313
 exponend of function =     2
 # of distances  =     1
 distancelist: 
 group = (  6, 12) weight =    1.000 exponent =     1

 func  =     3 kind  =     2
 const             =  100.000
 ref               =    1.346
 exponend of function =     2
 # of distances  =     1
 distancelist: 
 group = (  9, 12) weight =    1.000 exponent =     1

 func  =     4 kind  =     2
 const             =  100.000
 ref               =    2.049
 exponend of function =     2
 # of distances  =     1
 distancelist: 
 group = (  5, 11) weight =    1.000 exponent =     1

 func  =     5 kind  =     2
 const             =  100.000
 ref               =    1.794
 exponend of function =     2
 # of distances  =     1
 distancelist: 
 group = (  8,  4) weight =    1.000 exponent =     1

 func  =     6 kind  =     2
 const             =  100.000
 ref               =    2.724
 exponend of function =     2
 # of distances  =     1
 distancelist: 
 group = (  3, 11) weight =    1.000 exponent =     1

Define_Enefunc_CHARMM> Number of Interactions in Each Term
  bond_ene        =      37255  angle_ene       =      23717
  urey_ene        =       6639
  torsion_ene     =      23862  improper_ene    =       1285
  cmap_ene        =        494
  restraint_groups=         13  restraint_funcs =          6
 
Setup_Fitting_Atdyn> NO fitting is applied, skip
  fitting method  =  NO

Update_Num_Deg_Freedom> Number of degrees of freedom was updated
  num_deg_freedom =      82743 (After setup of fixed atoms at boundary)
 
Remove_Fixatm> Modified Interactions
  bond_ene        =      27610  angle_ene       =      20502
  urey_ene        =       6639
  torsion_ene     =      23862  improper_ene    =       1285
 
Setup_Constraints> The following atoms are excluded from SHAKE:
    1443    7587    7588    7589
Setup_Settle> Setup constraints for SETTLE
  num_unconsbonds =       7633      num_Settle  =       6659
  r0(O-H)         =     0.9572  mass(O)         =    15.9994
  r0(H-H)         =     1.5139  mass(H)         =     1.0080
 
Setup_Shake> Setup constrains for SHAKE and RATTLE
  num_unconsbonds =       3837  num_rigid_bonds =       3796
 
  num_qm_rigid_bonds =         10
 
Update_Num_Deg_Freedom> Number of degrees of freedom was updated
  num_deg_freedom =      62766 (After setup of SETTLE)
 
Update_Num_Deg_Freedom> Number of degrees of freedom was updated
  num_deg_freedom =      58960 (After setup of SHAKE/RATTLE)
 
[STEP4] Compute Single Point Energy for Molecules
 
            STEP            BOND           ANGLE    UREY-BRADLEY        DIHEDRAL        IMPROPER            CMAP         VDWAALS           ELECT    RESTRAINT001    RESTRAINT002    RESTRAINT003    RESTRAINT004    RESTRAINT005    RESTRAINT006    RESTR_CVS001    RESTR_CVS002    RESTR_CVS003    RESTR_CVS004    RESTR_CVS005    RESTR_CVS006              QM            SPOT
 --------------- --------------- --------------- --------------- ---------------
               0       1460.0803       3679.0307        463.8764       4526.4367        273.5573       -203.6904       6968.7527    -116787.4321          1.4567          0.3689          0.3710          0.1135          0.2750          0.0321          0.0000          1.3736          1.2855          2.0824          1.8463          2.7065    -906518.9361         17.7060

[STEP5] Perform Molecular Dynamics Simulation
 
INFO:       STEP            TIME       TOTAL_ENE   POTENTIAL_ENE     KINETIC_ENE            RMSG            BOND           ANGLE    UREY-BRADLEY        DIHEDRAL        IMPROPER            CMAP         VDWAALS           ELECT RESTRAINT_TOTAL    RESTRAINT001    RESTRAINT002    RESTRAINT003    RESTRAINT004    RESTRAINT005    RESTRAINT006    RESTR_CVS001    RESTR_CVS002    RESTR_CVS003    RESTR_CVS004    RESTR_CVS005    RESTR_CVS006     TEMPERATURE          VOLUME              QM            SPOT
 --------------- --------------- --------------- --------------- ---------------
INFO:         50          0.0250    -988460.1540   -1006227.7776      17767.6236         12.4273       1412.2696       3732.9474        444.2882       4495.1264        246.1918       -205.5432       6820.7601    -116687.9329          4.7668          2.1311          0.6869          1.2131          0.1541          0.3626          0.2190          0.0000          1.3958          1.2363          2.0094          1.7337          2.7712        303.2929          0.0000    -906490.6517         18.6404

INFO:        100          0.0500    -988488.0330   -1006186.7242      17698.6912         12.5586       1575.6173       3672.9062        463.2521       4508.5230        279.2230       -194.4271       6912.7846    -116912.2009          4.1074          2.4453          0.0004          0.0367          0.6685          0.4135          0.5429          0.0000          1.3150          1.3272          2.1305          1.7296          2.7981        302.1162          0.0000    -906496.5098         20.8002

INFO:        150          0.0750    -988518.5437   -1006014.0051      17495.4615         12.5370       1493.9441       3741.6686        459.9423       4502.3474        248.4205       -194.5006       7150.9827    -116939.5890          4.1440          3.2577          0.0062          0.0302          0.1350          0.1568          0.5581          0.0000          1.3207          1.3638          2.0120          1.8335          2.7991        298.6471          0.0000    -906481.3652         20.0478

INFO:        200          0.1000    -988461.4579   -1006130.3852      17668.9273         12.5977       1481.5336       3718.6771        475.6194       4502.5890        265.6315       -186.0115       7277.3270    -117198.1210          4.6725          3.6979          0.3921          0.2362          0.0096          0.0337          0.3030          0.0000          1.3755          1.2978          2.0585          1.7756          2.7794        301.6082          0.0000    -906472.3028         17.5669

INFO:        250          0.1250    -988427.1513   -1006153.6253      17726.4740         12.4971       1451.9767       3668.4379        463.6775       4524.7181        264.4546       -182.3988       7258.9383    -117130.7545          6.3111          3.2696          1.6687          1.3013          0.0003          0.0555          0.0156          0.0000          1.4421          1.2323          2.0469          1.8175          2.7119        302.5905          0.0000    -906478.9861         20.3874

INFO:        300          0.1500    -988468.0434   -1006104.2858      17636.2424         12.5379       1491.2216       3665.5482        472.0345       4517.6022        256.4681       -194.7365       7298.0223    -117158.0846          3.6709          2.1204          0.0003          0.5497          0.0900          0.9105          0.0001          0.0000          1.3146          1.4205          2.0787          1.6985          2.7237        301.0502          0.0000    -906456.0326         28.8092

INFO:        350          0.1750    -988484.8190   -1006109.2972      17624.4782         12.5874       1508.0816       3651.2896        458.5359       4529.9939        271.5258       -186.1914       7274.2181    -117143.7960          2.7514          1.9019          0.0643          0.0674          0.4960          0.2054          0.0163          0.0000          1.3383          1.3204          1.9783          1.8392          2.7116        300.8494          0.0000    -906475.7061         19.8561

INFO:        400          0.2000    -988482.4978   -1006127.1012      17644.6033         12.5540       1465.3835       3711.7016        465.8655       4525.7163        250.1976       -185.5955       7226.8796    -117138.5398          3.7275          1.7729          1.0431          0.5976          0.0835          0.2299          0.0005          0.0000          1.4150          1.2691          2.0776          1.8418          2.7221        301.1930          0.0000    -906452.4376         21.3148

INFO:        450          0.2250    -988536.0596   -1006244.9987      17708.9391         12.5448       1487.3641       3659.7681        459.0150       4505.8126        253.8269       -185.5069       7134.6361    -117092.6170          5.8353          1.9402          2.2093          1.2881          0.0065          0.0327          0.3585          0.0000          1.4615          1.2329          2.0567          1.7758          2.7843        302.2912          0.0000    -906473.1328         10.9669

INFO:        500          0.2500    -988502.0548   -1006096.4593      17594.4045         12.5618       1490.6046       3714.9916        442.6525       4537.5538        258.8499       -186.9051       7235.3279    -117130.7483          2.9064          2.2341          0.2624          0.1893          0.1956          0.0058          0.0192          0.0000          1.2617          1.3899          2.0929          1.8015          2.7383        300.3361          0.0000    -906461.6926         18.4969

INFO:        550          0.2750    -988517.1077   -1006113.6641      17596.5565         12.6008       1466.4320       3747.7730        463.3110       4526.1201        262.8881       -187.6592       7192.0613    -117103.9065          2.3471          1.4691          0.7464          0.0491          0.0011          0.0006          0.0808          0.0000          1.3993          1.3242          2.0455          1.7914          2.7528        300.3728          0.0000    -906483.0310         18.1159

INFO:        600          0.3000    -988495.5066   -1006066.9658      17571.4592         12.5686       1454.9146       3768.4477        474.2451       4518.9604        252.0288       -192.1365       7221.8097    -117114.8299          3.8399          1.6874          0.6486          0.8603          0.0190          0.5577          0.0669          0.0000          1.3934          1.2536          2.0349          1.7192          2.7503        299.9444          0.0000    -906454.2458         14.4107

INFO:        650          0.3250    -988440.4556   -1006060.5032      17620.0476         12.5868       1458.8877       3769.6132        458.1727       4528.5986        260.8915       -190.2471       7245.1979    -117103.4798          2.4247          1.7254          0.2477          0.0039          0.2650          0.1791          0.0036          0.0000          1.2631          1.3402          1.9972          1.7516          2.7304        300.7738          0.0000    -906490.5625         16.1234

INFO:        700          0.3500    -988493.3153   -1006149.4983      17656.1830         12.5633       1490.7237       3672.3187        455.4485       4480.5191        272.9738       -194.7452       7233.9381    -117086.7788          1.3261          0.6826          0.0937          0.0047          0.4281          0.0104          0.1065          0.0000          1.2823          1.3533          1.9833          1.8041          2.7570        301.3906          0.0000    -906475.2222         15.6852

INFO:        750          0.3750    -988491.9581   -1006267.5853      17775.6272         12.5504       1433.2147       3623.5594        463.5250       4539.8524        269.6172       -201.7241       7360.8839    -117242.4323          2.1898          1.4342          0.0918          0.0801          0.0038          0.0483          0.5316          0.0000          1.3432          1.3747          2.0549          1.8159          2.6515        303.4295          0.0000    -906516.2713         18.1222

INFO:        800          0.4000    -988493.5654   -1006074.5540      17580.9886         12.5939       1499.7875       3729.1758        469.0830       4517.6107        261.7051       -182.1999       7360.8712    -117255.6414          7.0150          1.6237          1.7005          1.2963          0.2152          2.0966          0.0826          0.0000          1.4433          1.2325          2.0023          1.9387          2.7531        300.1071          0.0000    -906481.9609         14.2755

INFO:        850          0.4250    -988538.5300   -1006180.2087      17641.6787         12.5546       1474.2704       3694.7372        449.7545       4503.3196        256.7114       -185.6397       7315.4484    -117223.2985          5.2949          1.9391          1.5506          0.6158          0.3367          0.5114          0.3413          0.0000          1.1884          1.4249          2.1067          1.7224          2.6660        301.1430          0.0000    -906470.8069         18.4249

INFO:        900          0.4500    -988562.3994   -1006119.3044      17556.9050         12.4956       1421.1545       3796.9740        452.6156       4514.0382        258.4288       -179.1420       7189.1918    -117103.5887          5.5686          3.2983          0.0054          0.1819          0.5525          1.3586          0.1719          0.0000          1.3056          1.3890          1.9744          1.6773          2.6829        299.6959          0.0000    -906474.5451         18.7835

INFO:        950          0.4750    -988524.3201   -1006070.7061      17546.3861         12.5708       1452.1213       3739.2856        459.2825       4523.4776        254.0361       -176.7390       7164.2614    -117020.6995          4.6361          3.2227          0.0160          0.2814          0.0415          0.9832          0.0912          0.0000          1.3002          1.2933          2.0691          1.6947          2.7546        299.5164          0.0000    -906470.3683         11.7960

INFO:       1000          0.5000    -988558.6517   -1006181.7626      17623.1108         12.5653       1467.6139       3688.6431        459.5461       4485.3028        260.3353       -165.7593       7227.1903    -117150.7006          2.8138          1.9058          0.1464          0.0578          0.0619          0.0661          0.5758          0.0000          1.3512          1.3224          2.0238          1.8196          2.6485        300.8261          0.0000    -906456.7479         15.3689

INFO:       1050          0.5250    -988569.7229   -1006101.6939      17531.9710         12.6466       1497.7474       3714.4990        470.6888       4500.8225        267.4195       -175.8094       7278.3795    -117180.9687          4.7243          1.5394          1.3785          1.0995          0.4215          0.1526          0.1330          0.0000          1.1955          1.4513          2.1136          1.8330          2.7609        299.2703          0.0000    -906479.1969         15.6665

INFO:       1100          0.5500    -988604.0780   -1006246.9502      17642.8722         12.5906       1448.8257       3726.2879        464.9017       4501.2622        257.7198       -183.8037       7250.4929    -117259.6293          1.9046          1.1311          0.0258          0.0104          0.0763          0.1494          0.5115          0.0000          1.3290          1.3566          2.0211          1.8325          2.7959        301.1634          0.0000    -906454.9120         17.0330

INFO:       1150          0.5750    -988632.0814   -1006245.3652      17613.2839         12.5679       1477.6451       3681.1465        459.4286       4504.6441        259.4792       -188.0138       7324.2163    -117305.5981          4.2433          1.2184          0.6368          0.6933          0.0995          1.0965          0.4989          0.0000          1.3927          1.2631          2.0802          1.8986          2.6538        300.6583          0.0000    -906462.5565         14.2783

INFO:       1200          0.6000    -988657.4731   -1006238.3075      17580.8344         12.5382       1462.0860       3682.8812        471.4933       4507.0421        255.8531       -185.2614       7321.5325    -117258.7841          3.3840          1.3073          0.7521          0.0006          0.5082          0.0231          0.7926          0.0000          1.2262          1.3439          2.1200          1.7787          2.8134        300.1044          0.0000    -906498.5340         20.2125

INFO:       1250          0.6250    -988648.8550   -1006188.7532      17539.8983         12.5747       1493.7122       3725.8164        472.9038       4489.1913        260.5115       -189.5930       7223.2975    -117196.7538          2.2849          1.4937          0.0112          0.1412          0.1391          0.2717          0.2280          0.0000          1.3023          1.3840          2.0114          1.7418          2.6766        299.4056          0.0000    -906470.1239         23.4252

INFO:       1300          0.6500    -988700.0900   -1006246.4814      17546.3915         12.4940       1510.1797       3698.7372        477.8194       4495.7031        237.1287       -194.7243       7060.2647    -117058.9375          3.4175          1.7711          0.9972          0.5227          0.0203          0.0366          0.0696          0.0000          1.2130          1.4187          2.0630          1.8130          2.7508        299.5165          0.0000    -906476.0698         17.5141

INFO:       1350          0.6750    -988676.8373   -1006211.1737      17534.3363         12.5838       1540.3477       3792.2145        472.1952       4469.3745        265.5657       -180.7662       6846.8365    -116932.6972          6.2614          1.5205          3.1634          1.3882          0.0708          0.0734          0.0451          0.0000          1.4908          1.2286          2.0221          1.7668          2.7456        299.3107          0.0000    -906490.5056         12.8483

INFO:       1400          0.7000    -988668.0604   -1006187.1423      17519.0819         12.6052       1495.6805       3756.9785        462.5908       4530.6028        262.3145       -187.9656       6936.5202    -116951.8858          2.8073          1.0878          0.0768          0.8451          0.1304          0.5839          0.0832          0.0000          1.3406          1.2545          2.0848          1.7175          2.6956        299.0503          0.0000    -906494.7854         17.8044

INFO:       1450          0.7250    -988688.4607   -1006240.8641      17552.4034         12.5800       1480.3591       3728.2997        456.4172       4512.9386        267.0323       -197.8679       6941.9951    -116940.2401          3.3663          1.0098          1.4778          0.0481          0.0038          0.1897          0.6371          0.0000          1.4345          1.3683          2.0549          1.8374          2.8042        299.6191          0.0000    -906493.1644         19.5964

INFO:       1500          0.7500    -988670.5386   -1006321.8922      17651.3536         12.5235       1420.0029       3764.6822        464.3206       4456.0989        266.6136       -196.5300       7079.5432    -117112.9104          2.0070          1.5992          0.2080          0.0335          0.0110          0.1335          0.0217          0.0000          1.2673          1.3647          2.0592          1.8304          2.7097        301.3082          0.0000    -906465.7201         16.6898

INFO:       1550          0.7750    -988646.2561   -1006203.8206      17557.5644         12.5610       1464.2295       3769.0004        447.5410       4480.0812        252.9654       -201.4945       7139.6827    -117072.9555          5.2283          2.9727          0.1809          0.9540          0.0419          0.0329          1.0458          0.0000          1.3554          1.2487          2.0282          1.8120          2.8267        299.7072          0.0000    -906488.0991         17.9712

INFO:       1600          0.8000    -988638.2494   -1006342.3247      17704.0753         12.5701       1517.8996       3762.2668        472.5171       4517.5582        256.4015       -195.5943       7003.6205    -117194.6695          6.0657          3.4719          0.7744          0.2461          0.0592          0.0157          1.4985          0.0000          1.4009          1.2968          2.0244          1.8064          2.8468        302.2081          0.0000    -906488.3901         19.8082

INFO:       1650          0.8250    -988639.5400   -1006159.6042      17520.0642         12.6207       1526.2685       3713.5810        460.7286       4502.5812        279.0794       -189.6826       6994.2645    -116971.8896          6.6941          3.3625          1.1518          0.9304          1.2484          0.0001          0.0008          0.0000          1.2056          1.4429          2.1604          1.7927          2.7273        299.0671          0.0000    -906481.2294         18.5368

INFO:       1700          0.8500    -988643.2016   -1006337.5142      17694.3126         12.5605       1464.3253       3677.4687        462.9428       4496.5372        264.9308       -184.5522       7185.8843    -117240.2831          6.6456          3.2195          2.0408          0.2838          0.0057          0.1673          0.9285          0.0000          1.4558          1.2931          2.0411          1.8348          2.8208        302.0415          0.0000    -906471.4136         17.3064

INFO:       1750          0.8750    -988608.5523   -1006419.4231      17810.8707         12.5563       1507.3987       3686.5979        458.8588       4534.6272        274.0652       -181.5556       7182.1567    -117403.1230          4.9332          2.0888          0.9065          1.2086          0.4707          0.0134          0.2451          0.0000          1.4081          1.2365          2.1173          1.8055          2.6749        304.0311          0.0000    -906483.3822         15.4858

INFO:       1800          0.9000    -988580.8067   -1006276.9979      17696.1912         12.6133       1492.4630       3751.4352        452.1253       4500.6828        259.9986       -185.7800       7226.3406    -117317.6663          3.1925          0.9251          1.1016          0.0767          1.0547          0.0034          0.0309          0.0000          1.4179          1.3187          1.9460          1.7881          2.7068        302.0736          0.0000    -906459.7895         11.5103

INFO:       1850          0.9250    -988618.9284   -1006272.4170      17653.4886         12.5517       1477.5891       3740.0979        455.9261       4505.7899        259.3607       -182.3963       7227.3260    -117275.3694          4.6500          1.4850          0.1516          0.8099          0.3638          1.0726          0.7670          0.0000          1.2740          1.4364          1.9884          1.6903          2.8120        301.3446          0.0000    -906485.3909         15.9316

INFO:       1900          0.9500    -988658.7694   -1006332.0308      17673.2614         12.5185       1445.8309       3666.9654        456.9159       4505.4986        267.8950       -173.1008       7113.4713    -117145.8597          4.5975          1.9480          1.1283          0.7129          0.0158          0.0317          0.7609          0.0000          1.4191          1.2620          2.0361          1.8117          2.6372        301.6821          0.0000    -906474.2450         16.2340

INFO:       1950          0.9750    -988674.2965   -1006352.1561      17677.8597         12.5329       1484.0917       3652.3018        479.8684       4497.9087        270.2462       -168.2570       7048.8989    -117161.4051          2.2698          1.3002          0.3376          0.3901          0.0766          0.1651          0.0002          0.0000          1.3710          1.2839          2.0210          1.8345          2.7259        301.7606          0.0000    -906458.0796         13.6588

INFO:       2000          1.0000    -988706.1389   -1006239.6915      17533.5526         12.6113       1505.3990       3668.5134        471.8304       4504.4402        251.0790       -174.7403       7259.7171    -117254.4927          2.2937          0.8833          0.0445          0.0020          0.0973          0.2766          0.9900          0.0000          1.3340          1.3509          2.0799          1.7413          2.8239        299.2973          0.0000    -906473.7313         13.0832

INFO:       2050          1.0250    -988635.5019   -1006263.5405      17628.0387         12.5522       1446.5674       3701.0479        459.1479       4468.9787        252.3620       -168.6142       7265.7971    -117225.8466          1.0695          0.5255          0.0155          0.0953          0.3308          0.1020          0.0005          0.0000          1.3254          1.3155          2.1062          1.7620          2.7266        300.9102          0.0000    -906464.0503         15.7056

INFO:       2100          1.0500    -988640.5703   -1006109.8346      17469.2643         12.5694       1412.6971       3782.4984        469.2439       4527.1423        258.7997       -182.0064       7399.0810    -117285.1650          2.6171          0.2667          0.3697          0.5106          0.4550          0.1508          0.8643          0.0000          1.3737          1.2749          1.9812          1.8327          2.8174        298.1999          0.0000    -906494.7426         17.1488

INFO:       2150          1.0750    -988652.6072   -1006294.5815      17641.9743         12.5444       1479.5469       3746.6931        489.3790       4508.1953        272.5793       -199.0441       7308.6331    -117419.1210          4.3719          0.9512          0.7596          1.0625          0.1389          0.1807          1.2790          0.0000          1.4001          1.2433          2.0860          1.8364          2.8375        301.1481          0.0000    -906485.8149         20.0150

INFO:       2200          1.1000    -988645.7333   -1006399.8492      17754.1159         12.4866       1496.8248       3606.9516        462.4673       4524.8167        287.7775       -177.7742       7235.6153    -117365.3560          2.6950          1.5208          0.5012          0.1309          0.0004          0.1971          0.3446          0.0000          1.2421          1.3826          2.0506          1.7495          2.6657        303.0623          0.0000    -906473.8672         22.8318

INFO:       2250          1.1250    -988692.7933   -1006310.3895      17617.5962         12.5447       1455.8666       3729.6769        472.8451       4498.0464        282.6193       -187.0256       7167.0993    -117264.9477          3.0780          1.2586          0.6737          0.0329          0.3794          0.3444          0.3890          0.0000          1.3950          1.3283          1.9871          1.8526          2.7868        300.7319          0.0000    -906467.6479         21.1416

INFO:       2300          1.1500    -988667.9263   -1006310.8608      17642.9345         12.4861       1460.0858       3697.2788        468.7903       4514.8274        263.9246       -182.1213       7105.9040    -117164.4132          1.8046          0.8210          0.0531          0.0021          0.3577          0.0013          0.5694          0.0000          1.3359          1.3419          1.9889          1.7974          2.6489        301.1645          0.0000    -906476.9417         15.7254

INFO:       2350          1.1750    -988614.1838   -1006310.4050      17696.2213         12.5118       1417.9294       3728.9290        458.5811       4529.1020        272.1175       -196.4243       7138.0451    -117213.0672          2.0639          0.7535          0.5325          0.5146          0.0247          0.1715          0.0670          0.0000          1.3859          1.2747          2.0330          1.7525          2.6985        302.0741          0.0000    -906447.6815         14.5405

INFO:       2400          1.2000    -988588.2939   -1006353.1302      17764.8363         12.5070       1426.7496       3729.3678        460.0370       4512.4001        264.3665       -191.9618       7206.7400    -117299.8339          1.6658          0.6885          0.0149          0.0285          0.0022          0.0104          0.9213          0.0000          1.3007          1.3633          2.0440          1.7837          2.8204        303.2453          0.0000    -906462.6612         13.5206

INFO:       2450          1.2250    -988588.5304   -1006274.9693      17686.4389         12.5645       1455.7855       3707.9266        453.0128       4523.7265        267.3613       -189.9589       7300.7898    -117339.4785          2.9274          0.6655          0.9963          0.1393          0.4209          0.6874          0.0180          0.0000          1.4127          1.3091          2.1136          1.8768          2.7378        301.9071          0.0000    -906457.0618         22.7696

INFO:       2500          1.2500    -988625.4429   -1006209.5476      17584.1047         12.5767       1505.8169       3690.7792        466.6250       4492.3901        270.8731       -186.3627       7254.6818    -117261.3049          6.2270          0.9673          0.8867          1.7990          0.2269          0.3143          2.0328          0.0000          1.4071          1.2123          2.0963          1.8500          2.8670        300.1602          0.0000    -906449.2731         17.2118

INFO:       2550          1.2750    -988647.5027   -1006193.8758      17546.3730         12.5397       1479.9536       3708.9892        448.4775       4531.0118        274.6315       -179.9432       7277.3612    -117258.6891          4.1041          0.7805          2.0003          0.1245          0.1122          0.0000          1.0866          0.0000          1.4543          1.3111          2.0822          1.7941          2.8286        299.5162          0.0000    -906479.7724         19.7267

INFO:       2600          1.3000    -988590.9270   -1006273.6381      17682.7111         12.5087       1485.3959       3714.8873        462.3960       4506.7348        239.3586       -187.2048       7208.8808    -117248.3991          2.6762          1.1482          0.1228          0.1150          1.0465          0.1514          0.0922          0.0000          1.3479          1.3803          2.1510          1.8328          2.6940        301.8435          0.0000    -906458.3639         19.2592

INFO:       2650          1.3250    -988557.3478   -1006065.9985      17508.6506         12.5688       1487.2682       3766.2501        460.6497       4522.2330        278.7906       -182.5100       7053.6132    -117035.5329          4.0780          2.1415          0.4231          0.0251          0.4238          0.0481          1.0165          0.0000          1.2479          1.3306          2.1138          1.8158          2.8252        298.8722          0.0000    -906420.8384         18.7363

INFO:       2700          1.3500    -988559.8994   -1006219.8583      17659.9590         12.5187       1503.8419       3716.5071        460.5878       4496.4649        244.1033       -183.5725       7070.2864    -117086.3043          5.5388          2.6667          1.8567          0.3512          0.5328          0.0943          0.0370          0.0000          1.4492          1.2871          1.9757          1.8246          2.7436        301.4551          0.0000    -906447.3118         18.3170

INFO:       2750          1.3750    -988591.9557   -1006219.8088      17627.8531         12.5134       1501.1272       3741.0035        455.6661       4477.1462        260.5758       -182.2883       7228.8724    -117264.7345          5.5963          2.9522          0.6461          1.2013          0.4194          0.0627          0.3146          0.0000          1.3933          1.2368          2.1135          1.7689          2.7805        300.9070          0.0000    -906442.7735         17.5354

INFO:       2800          1.4000    -988606.2134   -1006233.2768      17627.0634         12.5469       1499.9090       3750.2388        468.5574       4471.1162        255.7230       -177.4498       7235.1576    -117297.9610          6.1418          2.8224          0.1781          0.2174          1.6244          1.0910          0.2085          0.0000          1.3551          1.2998          1.9212          1.6894          2.7701        300.8935          0.0000    -906444.7097         14.6016

INFO:       2850          1.4250    -988639.8759   -1006173.4548      17533.5789         12.5019       1430.1183       3725.3035        465.7946       4494.2451        264.7314       -180.2699       7201.0471    -117085.7955          4.9046          2.6289          0.1920          0.0280          1.4996          0.5404          0.0159          0.0000          1.3567          1.3297          2.1712          1.7204          2.7370        299.2978          0.0000    -906493.5340         18.0813

INFO:       2900          1.4500    -988602.6394   -1006093.4845      17490.8452         12.5910       1444.5647       3808.8187        469.6396       4494.3949        270.8383       -176.3961       7224.7471    -117165.8077          4.7583          2.2565          0.8260          0.2704          0.2119          1.1461          0.0474          0.0000          1.4038          1.2944          2.0027          1.9010          2.7026        298.5683          0.0000    -906469.0423         20.3346

INFO:       2950          1.4750    -988597.6691   -1006166.6474      17568.9784         12.5776       1477.8787       3696.6675        465.6856       4470.4622        252.8095       -179.2126       7348.5827    -117223.1604          2.9913          2.5749          0.0067          0.0327          0.0873          0.0940          0.1958          0.0000          1.3047          1.3283          2.0783          1.8246          2.6802        299.9020          0.0000    -906479.3519         19.5765

INFO:       3000          1.5000    -988631.7963   -1006077.7004      17445.9041         12.5619       1508.7334       3682.1299        469.4292       4484.1383        268.4358       -179.0487       7382.4235    -117212.5897          4.6079          3.4053          0.0268          0.1490          0.8441          0.0083          0.1743          0.0000          1.2965          1.3850          1.9568          1.8030          2.6827        297.8012          0.0000    -906485.9601         21.2184

INFO:       3050          1.5250    -988592.0467   -1006323.1346      17731.0879         12.5329       1424.1289       3749.2106        474.3768       4513.7164        247.9973       -177.6553       7143.4102    -117239.1325          5.5525          3.2577          0.9299          0.6479          0.0000          0.1401          0.5767          0.0000          1.4093          1.2659          2.0484          1.7565          2.8003        302.6692          0.0000    -906464.7395         22.0771

INFO:       3100          1.5500    -988582.2239   -1006250.6683      17668.4444         12.5509       1488.8660       3692.6141        457.3676       4500.0551        264.0932       -195.7508       7272.1801    -117243.9490          5.3707          2.1270          1.6805          1.2435          0.0103          0.2791          0.0303          0.0000          1.4425          1.2349          2.0588          1.7411          2.7418        301.5999          0.0000    -906491.5153         23.9847

INFO:       3150          1.5750    -988669.5197   -1006440.0239      17770.5042         12.5040       1448.6778       3672.7011        458.3614       4503.8379        274.2338       -210.6615       7186.2066    -117305.1442          3.4477          1.6666          0.9690          0.2957          0.0660          0.1869          0.2636          0.0000          1.4113          1.2920          2.0744          1.8371          2.7757        303.3421          0.0000    -906471.6845         17.7959

INFO:       3200          1.6000    -988618.7641   -1006180.0052      17561.2411         12.6394       1510.5920       3711.1909        457.2132       4504.0889        258.5395       -188.9362       7226.1658    -117181.9513          2.3103          1.6575          0.0523          0.0177          0.1542          0.0103          0.4184          0.0000          1.3358          1.3597          2.0880          1.8040          2.7891        299.7700          0.0000    -906479.2184         18.4745

INFO:       3250          1.6250    -988636.8533   -1006252.3185      17615.4652         12.5852       1474.1240       3702.9619        458.3023       4544.7253        253.1306       -212.6557       7228.7383    -117208.2846          2.9977          2.2577          0.1794          0.0202          0.0741          0.4642          0.0020          0.0000          1.3553          1.3322          2.0759          1.7258          2.7289        300.6956          0.0000    -906496.3583         18.6032

INFO:       3300          1.6500    -988633.5041   -1006162.2889      17528.7849         12.6150       1488.7904       3694.8787        458.3874       4526.2589        260.8499       -201.6602       7259.1218    -117177.0469          2.1776          1.7087          0.0396          0.1108          0.0710          0.2218          0.0258          0.0000          1.3328          1.3131          2.0753          1.7468          2.7405        299.2159          0.0000    -906474.0465         16.5525

INFO:       3350          1.6750    -988655.8314   -1006237.6955      17581.8641         12.5602       1455.9461       3658.4273        457.0064       4524.4242        253.9764       -193.8554       7270.5290    -117190.2771          1.6759          1.0607          0.0000          0.2303          0.1629          0.1608          0.0612          0.0000          1.3126          1.2984          2.0083          1.7538          2.6997        300.1220          0.0000    -906475.5484         14.6239

INFO:       3400          1.7000    -988620.3768   -1006140.5537      17520.1769         12.6330       1583.3354       3698.4110        469.2303       4487.5802        255.6521       -198.0063       7224.7979    -117211.8026          1.3672          1.0274          0.0023          0.0995          0.0151          0.0237          0.1993          0.0000          1.3081          1.3149          2.0364          1.8093          2.6798        299.0690          0.0000    -906451.1188         16.7474

INFO:       3450          1.7250    -988576.8192   -1006125.7900      17548.9708         12.5190       1462.5370       3752.9082        458.7922       4498.2479        272.4233       -202.0388       7299.3734    -117205.2151          1.9767          1.4389          0.2513          0.0153          0.0046          0.0002          0.2663          0.0000          1.3630          1.3340          2.0419          1.7954          2.7760        299.5605          0.0000    -906464.7949         18.4056

INFO:       3500          1.7500    -988617.4251   -1006146.5850      17529.1599         12.5493       1464.3780       3712.9358        461.4119       4473.8450        260.1475       -192.2917       7271.9211    -117158.3271          3.9788          1.7459          0.7520          0.9988          0.2694          0.1629          0.0498          0.0000          1.3996          1.2465          1.9968          1.7535          2.7021        299.2223          0.0000    -906444.5842         14.0401

INFO:       3550          1.7750    -988604.5619   -1006170.4985      17565.9366         12.5327       1462.5721       3759.1642        478.7099       4494.9258        257.0853       -212.1325       7173.3946    -117113.0266          4.9541          2.3273          1.2540          0.8351          0.0015          0.0970          0.4392          0.0000          1.4249          1.2550          2.0448          1.8251          2.7907        299.8501          0.0000    -906476.1455         12.6674

INFO:       3600          1.8000    -988587.7035   -1006065.8276      17478.1241         12.5635       1473.3980       3725.3053        463.2908       4491.3514        239.3374       -200.1641       7250.9825    -117035.3949          2.3255          2.0194          0.1312          0.0263          0.1439          0.0008          0.0040          0.0000          1.3491          1.3626          2.0866          1.7968          2.7181        298.3512          0.0000    -906476.2596         13.0977

INFO:       3650          1.8250    -988622.1818   -1006126.1224      17503.9406         12.5581       1503.4349       3733.8376        451.7742       4495.5558        259.7422       -200.1276       7173.3354    -117077.4028          2.1051          1.2437          0.1454          0.1298          0.2391          0.3053          0.0418          0.0000          1.3510          1.3104          1.9998          1.8492          2.7448        298.7918          0.0000    -906468.3770         14.9285

INFO:       3700          1.8500    -988608.1837   -1006202.2749      17594.0912         12.5339       1456.0307       3722.3451        461.0647       4491.7144        242.1245       -171.8649       7107.2695    -117065.8238          4.1470          0.8722          2.2342          0.8190          0.0263          0.1573          0.0382          0.0000          1.4624          1.2559          2.0649          1.8336          2.7439        300.3307          0.0000    -906449.2821         21.9287

INFO:       3750          1.8750    -988595.0635   -1006045.9794      17450.9160         12.6009       1510.1799       3679.8423        446.6202       4509.9473        267.7596       -168.3577       7270.4085    -117114.8678          2.5662          0.7292          0.8527          0.7394          0.0032          0.0024          0.2393          0.0000          1.4052          1.2604          2.0543          1.7988          2.6755        297.8867          0.0000    -906450.0779         20.8797

INFO:       3800          1.9000    -988596.8407   -1006188.1178      17591.2771         12.5877       1498.0296       3682.7624        458.7410       4497.5417        260.4903       -165.1377       7254.6081    -117234.1825          3.8582          1.0168          0.6782          0.3429          0.9836          0.0216          0.8151          0.0000          1.3953          1.2878          1.9495          1.8086          2.8147        300.2827          0.0000    -906444.8289         18.7421

INFO:       3850          1.9250    -988588.2170   -1006092.4452      17504.2283         12.6180       1492.6036       3797.7950        474.3604       4514.5836        268.4678       -171.1242       7286.9315    -117298.9462          2.7710          1.8988          0.0214          0.1055          0.3879          0.2530          0.1043          0.0000          1.3275          1.3139          2.1110          1.8442          2.6921        298.7968          0.0000    -906459.8878         23.3145

INFO:       3900          1.9500    -988591.2341   -1006223.3049      17632.0707         12.5240       1497.9209       3664.3085        453.7924       4508.9229        268.7572       -187.5842       7320.2235    -117290.8085          2.3909          1.4547          0.5132          0.0064          0.4141          0.0008          0.0018          0.0000          1.3845          1.3384          1.9844          1.7966          2.7286        300.9790          0.0000    -906461.2284         27.0294

INFO:       3950          1.9750    -988534.6830   -1006238.6866      17704.0035         12.6362       1483.6506       3712.1126        465.4916       4516.6176        252.1824       -179.3043       7275.1496    -117306.6478          3.0974          0.6452          0.8826          0.7798          0.2555          0.3270          0.2071          0.0000          1.4068          1.2581          1.9982          1.7367          2.7699        302.2069          0.0000    -906461.0362         20.4895

INFO:       4000          2.0000    -988574.6111   -1006261.5952      17686.9841         12.4918       1472.3562       3729.0024        455.0566       4491.3060        270.5090       -169.0777       7314.0797    -117380.3158          1.6364          0.5035          0.4844          0.0050          0.0551          0.3300          0.2584          0.0000          1.3825          1.3393          2.0252          1.7365          2.6736        301.9164          0.0000    -906446.1479         18.2556

 
[STEP6] Deallocate Arrays
 
Output_Time> Averaged timer profile (Min, Max)
  total time      =   27984.307
    setup         =      13.471
    dynamics      =   27970.836
      energy      =   27968.787
      integrator  =       8.306
      pairlist    =       4.872 (       4.167,       5.177)
  energy           
    bond          =       0.046 (       0.040,       0.062)
    angle         =       0.134 (       0.128,       0.146)
    dihedral      =       0.404 (       0.358,       0.461)
    nonbond       =      37.078 (      36.393,      37.714)
      pme real    =      37.077 (      36.392,      37.713)
      pme recip   =       0.000 (       0.000,       0.000)
    solvation     =       0.000 (       0.000,       0.000)
      polar       =       0.000 (       0.000,       0.000)
      non-polar   =       0.000 (       0.000,       0.000)
    restraint     =       0.051 (       0.019,       0.140)
    qmmm          =   27920.215 (   27918.915,   27920.590)
  integrator       
    constraint    =       4.656 (       4.581,       4.798)
    update        =       0.000 (       0.000,       0.000)
    comm_coord    =       0.000 (       0.000,       0.000)
    comm_force    =       0.000 (       0.000,       0.000)
    comm_migrate  =       0.000 (       0.000,       0.000)

Note: The following floating-point exceptions are signalling:Note: The following floating-point exceptions are signalling:Note: The following floating-point exceptions are signalling: IEEE_DIVIDE_BY_ZERO IEEE_UNDERFLOW_FLAG IEEE_DENORMAL
Note: The following floating-point exceptions are signalling: IEEE_DIVIDE_BY_ZERO IEEE_UNDERFLOW_FLAG IEEE_DENORMAL
Note: The following floating-point exceptions are signalling: IEEE_DIVIDE_BY_ZERO IEEE_UNDERFLOW_FLAG IEEE_DENORMAL
Note: The following floating-point exceptions are signalling:Note: The following floating-point exceptions are signalling: IEEE_DIVIDE_BY_ZERO IEEE_UNDERFLOW_FLAG IEEE_DENORMAL
Note: The following floating-point exceptions are signalling: IEEE_DIVIDE_BY_ZERO IEEE_UNDERFLOW_FLAG IEEE_DENORMAL
Note: The following floating-point exceptions are signalling: IEEE_DIVIDE_BY_ZERO IEEE_UNDERFLOW_FLAG IEEE_DENORMAL
Note: The following floating-point exceptions are signalling: IEEE_DIVIDE_BY_ZERO IEEE_UNDERFLOW_FLAG IEEE_DENORMAL
Note: The following floating-point exceptions are signalling: IEEE_DIVIDE_BY_ZERO IEEE_UNDERFLOW_FLAG IEEE_DENORMAL
Note: The following floating-point exceptions are signalling: IEEE_INVALID_FLAG IEEE_DIVIDE_BY_ZERO IEEE_UNDERFLOW_FLAG IEEE_DENORMAL
Note: The following floating-point exceptions are signalling: IEEE_DIVIDE_BY_ZERO IEEE_UNDERFLOW_FLAG IEEE_DENORMAL
Note: The following floating-point exceptions are signalling: IEEE_DIVIDE_BY_ZERO IEEE_UNDERFLOW_FLAG IEEE_DENORMAL
Note: The following floating-point exceptions are signalling: IEEE_DIVIDE_BY_ZERO IEEE_UNDERFLOW_FLAG IEEE_DENORMAL
Note: The following floating-point exceptions are signalling: IEEE_DIVIDE_BY_ZERO IEEE_UNDERFLOW_FLAG IEEE_DENORMAL
 IEEE_DIVIDE_BY_ZERONote: The following floating-point exceptions are signalling: IEEE_DIVIDE_BY_ZERO IEEE_UNDERFLOW_FLAG IEEE_DENORMAL
Note: The following floating-point exceptions are signalling: IEEE_DIVIDE_BY_ZERO IEEE_UNDERFLOW_FLAG IEEE_DENORMAL
Note: The following floating-point exceptions are signalling: IEEE_DIVIDE_BY_ZERO IEEE_UNDERFLOW_FLAG IEEE_DENORMAL
Note: The following floating-point exceptions are signalling: IEEE_DIVIDE_BY_ZERO IEEE_UNDERFLOW_FLAG IEEE_DENORMAL
 IEEE_DIVIDE_BY_ZERONote: The following floating-point exceptions are signalling: IEEE_DIVIDE_BY_ZERO IEEE_UNDERFLOW_FLAG IEEE_DENORMAL
Note: The following floating-point exceptions are signalling: IEEE_INVALID_FLAG IEEE_DIVIDE_BY_ZERO IEEE_UNDERFLOW_FLAG IEEE_DENORMAL
Note: The following floating-point exceptions are signalling: IEEE_DIVIDE_BY_ZERO IEEE_UNDERFLOW_FLAG IEEE_DENORMALNote: The following floating-point exceptions are signalling: IEEE_DIVIDE_BY_ZERO IEEE_UNDERFLOW_FLAG IEEE_DENORMAL
 IEEE_DIVIDE_BY_ZERO IEEE_UNDERFLOW_FLAG IEEE_UNDERFLOW_FLAG IEEE_UNDERFLOW_FLAG
 IEEE_DENORMAL IEEE_DENORMAL IEEE_DENORMAL


Note: The following floating-point exceptions are signalling: IEEE_DIVIDE_BY_ZERO IEEE_UNDERFLOW_FLAG IEEE_DENORMAL
Note: The following floating-point exceptions are signalling: IEEE_DIVIDE_BY_ZERO IEEE_UNDERFLOW_FLAG IEEE_DENORMAL
Note: The following floating-point exceptions are signalling: IEEE_DIVIDE_BY_ZERO IEEE_UNDERFLOW_FLAG IEEE_DENORMAL
Note: The following floating-point exceptions are signalling: IEEE_DIVIDE_BY_ZERO IEEE_UNDERFLOW_FLAG IEEE_DENORMAL
Note: The following floating-point exceptions are signalling: IEEE_DIVIDE_BY_ZERO IEEE_UNDERFLOW_FLAG IEEE_DENORMAL
Note: The following floating-point exceptions are signalling: IEEE_DIVIDE_BY_ZERO IEEE_UNDERFLOW_FLAG IEEE_DENORMAL
Note: The following floating-point exceptions are signalling: IEEE_DIVIDE_BY_ZERO IEEE_UNDERFLOW_FLAG IEEE_DENORMAL
Note: The following floating-point exceptions are signalling: IEEE_DIVIDE_BY_ZERO IEEE_UNDERFLOW_FLAG IEEE_DENORMAL
