INFO:       STEP   POTENTIAL_ENE            RMSG            MAXG            BOND           ANGLE    UREY-BRADLEY        DIHEDRAL        IMPROPER            CMAP         VDWAALS           ELECT              QM
 --------------- --------------- --------------- --------------- ---------------
INFO:          0   -1006298.5434          0.0000          0.0000       1497.9217       3743.6508        459.2848       4476.1631        271.3429       -186.0667       7155.3814    -117214.2399    -906501.9815

Iter.     1

+++++ Start micro iteration 1 +++++ 

     STEP        2 POTENTIAL_ENE =    -1000160.61986378  RMSG =     149.0068  MAXG =     408.0341
     STEP        4 POTENTIAL_ENE =    -1006298.63114007  RMSG =       0.1996  MAXG =       1.8234
     STEP        6 POTENTIAL_ENE =    -1006298.69049534  RMSG =       0.2155  MAXG =       1.8332
     STEP        8 POTENTIAL_ENE =    -1006298.72419218  RMSG =       0.1371  MAXG =       1.1329
     STEP       10 POTENTIAL_ENE =    -1006298.75999081  RMSG =       0.3714  MAXG =       3.3360
     STEP       12 POTENTIAL_ENE =    -1006298.79534417  RMSG =       0.0880  MAXG =       0.5690
     STEP       14 POTENTIAL_ENE =    -1006298.82177233  RMSG =       0.1218  MAXG =       1.0105
     STEP       16 POTENTIAL_ENE =    -1006298.85113664  RMSG =       0.0876  MAXG =       0.4743
     STEP       17 POTENTIAL_ENE =    -1006298.85609476  RMSG =       0.0614  MAXG =       0.4050

+++++ STOP: RMSG and MAXG becomes sufficiently small.+++++

INFO:          1   -1006298.8278          0.0614          0.4050       1497.7846       3743.7054        459.2707       4476.2167        271.3314       -186.0223       7155.5510    -117217.3372    -906499.3283

Iter.     2

+++++ Start micro iteration 2 +++++ 

     STEP        2 POTENTIAL_ENE =    -1005698.32904974  RMSG =      45.0249  MAXG =     314.9424
     STEP        4 POTENTIAL_ENE =    -1006298.83578252  RMSG =       0.0640  MAXG =       0.4311
     STEP        5 POTENTIAL_ENE =    -1006298.84022788  RMSG =       0.0518  MAXG =       0.3202

+++++ STOP: RMSG and MAXG becomes sufficiently small.+++++

INFO:          2   -1006316.9225          0.0518          0.3202       1497.8281       3743.7298        459.2645       4476.2050        271.3312       -186.0169       7155.5844    -117217.2700    -906517.5786

Iter.     3

+++++ Start micro iteration 3 +++++ 

     STEP        2 POTENTIAL_ENE =    -1005360.60025193  RMSG =      54.5092  MAXG =     294.7342
     STEP        4 POTENTIAL_ENE =    -1006316.92804725  RMSG =       0.0494  MAXG =       0.5260
     STEP        6 POTENTIAL_ENE =    -1006316.93301944  RMSG =       0.0658  MAXG =       0.4506
     STEP        8 POTENTIAL_ENE =    -1006316.93760902  RMSG =       0.0514  MAXG =       0.5743
     STEP       10 POTENTIAL_ENE =    -1006316.94400727  RMSG =       0.0754  MAXG =       0.7491
     STEP       11 POTENTIAL_ENE =    -1006316.94715767  RMSG =       0.0568  MAXG =       0.3802

+++++ STOP: RMSG and MAXG becomes sufficiently small.+++++

INFO:          3   -1006322.2793          0.0568          0.3802       1497.8059       3743.6845        459.2496       4476.1986        271.3308       -186.0254       7155.7388    -117217.0469    -906523.2151

Iter.     4

+++++ Start micro iteration 4 +++++ 

     STEP        2 POTENTIAL_ENE =    -1004794.67533887  RMSG =      83.5306  MAXG =     440.3386
     STEP        4 POTENTIAL_ENE =    -1006322.28218815  RMSG =       0.0483  MAXG =       0.4640
     STEP        5 POTENTIAL_ENE =    -1006322.28590925  RMSG =       0.0470  MAXG =       0.3287

+++++ STOP: RMSG and MAXG becomes sufficiently small.+++++

INFO:          4   -1006323.6389          0.0470          0.3287       1497.7623       3743.7215        459.2566       4476.2068        271.3264       -186.0297       7155.7937    -117217.2138    -906524.4626

Iter.     5

+++++ Start micro iteration 5 +++++ 

     STEP        1 POTENTIAL_ENE =    -1006323.63886043  RMSG =       0.0486  MAXG =       0.3382

+++++ STOP: RMSG and MAXG becomes sufficiently small.+++++

INFO:          5   -1006324.1813          0.0486          0.3382       1497.7638       3743.7222        459.2566       4476.2084        271.3267       -186.0266       7155.8445    -117217.2139    -906525.0631

Iter.     6

+++++ Start micro iteration 6 +++++ 

     STEP        1 POTENTIAL_ENE =    -1006324.18129049  RMSG =       0.0516  MAXG =       0.3393

+++++ STOP: RMSG and MAXG becomes sufficiently small.+++++

INFO:          6   -1006324.4672          0.0516          0.3393       1497.7650       3743.7258        459.2566       4476.2100        271.3269       -186.0252       7155.8723    -117217.2141    -906525.3845

Iter.     7

+++++ Start micro iteration 7 +++++ 

     STEP        1 POTENTIAL_ENE =    -1006324.46724082  RMSG =       0.0555  MAXG =       0.3569

+++++ STOP: RMSG and MAXG becomes sufficiently small.+++++

INFO:          7   -1006324.6626          0.0555          0.3569       1497.7653       3743.7309        459.2566       4476.2117        271.3270       -186.0246       7155.9060    -117217.2142    -906525.6213

Iter.     8

+++++ Start micro iteration 8 +++++ 

     STEP        2 POTENTIAL_ENE =    -1005248.45001761  RMSG =      66.7964  MAXG =     417.8001
     STEP        4 POTENTIAL_ENE =    -1006324.66551740  RMSG =       0.0452  MAXG =       0.3494

+++++ STOP: RMSG and MAXG becomes sufficiently small.+++++

INFO:          8   -1006324.8136          0.0452          0.3494       1497.7673       3743.7403        459.2552       4476.2085        271.3272       -186.0235       7155.9450    -117217.2633    -906525.7703

Iter.     9

+++++ Start micro iteration 9 +++++ 

     STEP        1 POTENTIAL_ENE =    -1006324.81361850  RMSG =       0.0465  MAXG =       0.3960

+++++ STOP: RMSG and MAXG becomes sufficiently small.+++++

INFO:          9   -1006324.9329          0.0465          0.3960       1497.7679       3743.7441        459.2553       4476.2098        271.3273       -186.0223       7155.9760    -117217.2633    -906525.9277

Iter.    10

+++++ Start micro iteration 10 +++++ 

     STEP        2 POTENTIAL_ENE =    -1005455.39125256  RMSG =      62.8109  MAXG =     432.3216
     STEP        4 POTENTIAL_ENE =    -1006324.93506780  RMSG =       0.0482  MAXG =       0.3761

+++++ STOP: RMSG and MAXG becomes sufficiently small.+++++

INFO:         10   -1006325.0334          0.0482          0.3761       1497.7726       3743.7473        459.2569       4476.2103        271.3272       -186.0234       7156.0026    -117217.2633    -906526.0636

Iter.    11

+++++ Start micro iteration 11 +++++ 

     STEP        2 POTENTIAL_ENE =    -1005132.72069507  RMSG =      74.1957  MAXG =     362.0115
     STEP        4 POTENTIAL_ENE =    -1006325.03519482  RMSG =       0.0445  MAXG =       0.3876

+++++ STOP: RMSG and MAXG becomes sufficiently small.+++++

INFO:         11   -1006325.1180          0.0445          0.3876       1497.7637       3743.7593        459.2566       4476.2113        271.3271       -186.0222       7156.0397    -117217.3077    -906526.1458

Iter.    12

+++++ Start micro iteration 12 +++++ 

     STEP        2 POTENTIAL_ENE =    -1005379.38477238  RMSG =      65.9016  MAXG =     319.8524
     STEP        4 POTENTIAL_ENE =    -1006325.11981098  RMSG =       0.0468  MAXG =       0.3833

+++++ STOP: RMSG and MAXG becomes sufficiently small.+++++

INFO:         12   -1006325.1905          0.0468          0.3833       1497.7654       3743.7579        459.2579       4476.2121        271.3272       -186.0225       7156.0668    -117217.3065    -906526.2488

Iter.    13

+++++ Start micro iteration 13 +++++ 

     STEP        2 POTENTIAL_ENE =    -1005130.59079077  RMSG =      74.3888  MAXG =     316.3668
     STEP        4 POTENTIAL_ENE =    -1006325.19217074  RMSG =       0.0449  MAXG =       0.3933

+++++ STOP: RMSG and MAXG becomes sufficiently small.+++++

INFO:         13   -1006325.2535          0.0449          0.3933       1497.7593       3743.7664        459.2578       4476.2132        271.3271       -186.0209       7156.1032    -117217.3447    -906526.3148

Iter.    14

+++++ Start micro iteration 14 +++++ 

     STEP        2 POTENTIAL_ENE =    -1005350.90685424  RMSG =      66.6034  MAXG =     306.2268
     STEP        4 POTENTIAL_ENE =    -1006325.25524828  RMSG =       0.0470  MAXG =       0.3921

+++++ STOP: RMSG and MAXG becomes sufficiently small.+++++

INFO:         14   -1006325.3091          0.0470          0.3921       1497.7607       3743.7650        459.2589       4476.2140        271.3274       -186.0214       7156.1296    -117217.3439    -906526.3996

Iter.    15

+++++ Start micro iteration 15 +++++ 

     STEP        2 POTENTIAL_ENE =    -1005155.90807532  RMSG =      73.1534  MAXG =     299.5475
     STEP        4 POTENTIAL_ENE =    -1006325.31089006  RMSG =       0.0456  MAXG =       0.4007

+++++ STOP: RMSG and MAXG becomes sufficiently small.+++++

INFO:         15   -1006325.3588          0.0456          0.4007       1497.7553       3743.7713        459.2588       4476.2149        271.3274       -186.0194       7156.1672    -117217.3796    -906526.4547

Iter.    16

+++++ Start micro iteration 16 +++++ 

     STEP        2 POTENTIAL_ENE =    -1005324.61485912  RMSG =      66.9500  MAXG =     300.5569
     STEP        4 POTENTIAL_ENE =    -1006325.36068216  RMSG =       0.0475  MAXG =       0.4034

+++++ STOP: RMSG and MAXG becomes sufficiently small.+++++

INFO:         16   -1006325.4038          0.0475          0.4034       1497.7572       3743.7703        459.2599       4476.2156        271.3278       -186.0203       7156.1944    -117217.3776    -906526.5311

Iter.    17

+++++ Start micro iteration 17 +++++ 

     STEP        2 POTENTIAL_ENE =    -1005184.94404944  RMSG =      71.5535  MAXG =     300.6806
     STEP        4 POTENTIAL_ENE =    -1006325.40565879  RMSG =       0.0468  MAXG =       0.4126
     STEP        6 POTENTIAL_ENE =    -1006325.42220794  RMSG =       0.0811  MAXG =       0.8912
     STEP        8 POTENTIAL_ENE =    -1006325.42775814  RMSG =       0.1275  MAXG =       1.0559
     STEP       10 POTENTIAL_ENE =    -1006325.43875416  RMSG =       0.0599  MAXG =       0.5637
     STEP       12 POTENTIAL_ENE =    -1006325.44763293  RMSG =       0.0782  MAXG =       0.6443
     STEP       14 POTENTIAL_ENE =    -1006325.45548550  RMSG =       0.0664  MAXG =       0.7400
     STEP       16 POTENTIAL_ENE =    -1006325.46118791  RMSG =       0.0507  MAXG =       0.6258
     STEP       18 POTENTIAL_ENE =    -1006325.46525908  RMSG =       0.0445  MAXG =       0.5050
     STEP       20 POTENTIAL_ENE =    -1006325.47031876  RMSG =       0.0550  MAXG =       0.5522
     STEP       22 POTENTIAL_ENE =    -1006325.47136723  RMSG =       0.0653  MAXG =       0.9040
     STEP       24 POTENTIAL_ENE =    -1006325.47466285  RMSG =       0.0317  MAXG =       0.3236

+++++ STOP: RMSG and MAXG becomes sufficiently small.+++++

INFO:         17   -1006325.5015          0.0317          0.3236       1497.7517       3743.6628        459.2560       4476.1769        271.3222       -186.0389       7156.0821    -117217.8304    -906525.8839

Iter.    18

+++++ Start micro iteration 18 +++++ 

     STEP        2 POTENTIAL_ENE =    -1005973.74249223  RMSG =      40.3072  MAXG =     437.6593
     STEP        4 POTENTIAL_ENE =    -1006325.50316049  RMSG =       0.0393  MAXG =       0.3233

+++++ STOP: RMSG and MAXG becomes sufficiently small.+++++

INFO:         18   -1006325.5472          0.0393          0.3233       1497.7609       3743.6630        459.2579       4476.1785        271.3217       -186.0375       7156.1274    -117217.8456    -906525.9734

Iter.    19

+++++ Start micro iteration 19 +++++ 

     STEP        1 POTENTIAL_ENE =    -1006325.54716192  RMSG =       0.0394  MAXG =       0.3421

+++++ STOP: RMSG and MAXG becomes sufficiently small.+++++

INFO:         19   -1006325.5866          0.0394          0.3421       1497.7595       3743.6678        459.2579       4476.1791        271.3219       -186.0372       7156.1653    -117217.8460    -906526.0548

Iter.    20

+++++ Start micro iteration 20 +++++ 

     STEP        1 POTENTIAL_ENE =    -1006325.58662836  RMSG =       0.0401  MAXG =       0.3614

+++++ STOP: RMSG and MAXG becomes sufficiently small.+++++

INFO:         20   -1006325.6224          0.0401          0.3614       1497.7578       3743.6727        459.2580       4476.1798        271.3220       -186.0371       7156.1996    -117217.8463    -906526.1289

Iter.    21

+++++ Start micro iteration 21 +++++ 

     STEP        1 POTENTIAL_ENE =    -1006325.62243255  RMSG =       0.0415  MAXG =       0.3807

+++++ STOP: RMSG and MAXG becomes sufficiently small.+++++

INFO:         21   -1006325.6551          0.0415          0.3807       1497.7561       3743.6775        459.2581       4476.1806        271.3221       -186.0370       7156.2321    -117217.8466    -906526.1981

Iter.    22

+++++ Start micro iteration 22 +++++ 

     STEP        1 POTENTIAL_ENE =    -1006325.65513058  RMSG =       0.0433  MAXG =       0.3993

+++++ STOP: RMSG and MAXG becomes sufficiently small.+++++

INFO:         22   -1006325.6851          0.0433          0.3993       1497.7545       3743.6824        459.2582       4476.1813        271.3223       -186.0370       7156.2627    -117217.8468    -906526.2626

Iter.    23

+++++ Start micro iteration 23 +++++ 

     STEP        2 POTENTIAL_ENE =    -1005540.42851151  RMSG =      62.2402  MAXG =     441.1364
     STEP        3 POTENTIAL_ENE =    -1006325.68573221  RMSG =       0.0384  MAXG =       0.3510

+++++ STOP: RMSG and MAXG becomes sufficiently small.+++++

INFO:         23   -1006325.7134          0.0384          0.3510       1497.7338       3743.6890        459.2582       4476.1825        271.3227       -186.0377       7156.2929    -117217.8356    -906526.3191

Iter.    24

+++++ Start micro iteration 24 +++++ 

     STEP        1 POTENTIAL_ENE =    -1006325.71338542  RMSG =       0.0402  MAXG =       0.4007

+++++ STOP: RMSG and MAXG becomes sufficiently small.+++++

INFO:         24   -1006325.7390          0.0402          0.4007       1497.7325       3743.6931        459.2583       4476.1832        271.3228       -186.0373       7156.3207    -117217.8359    -906526.3764

Iter.    25

+++++ Start micro iteration 25 +++++ 

     STEP        2 POTENTIAL_ENE =    -1005372.46202615  RMSG =      70.5739  MAXG =     417.0985
     STEP        3 POTENTIAL_ENE =    -1006325.73952117  RMSG =       0.0380  MAXG =       0.3963

+++++ STOP: RMSG and MAXG becomes sufficiently small.+++++

INFO:         25   -1006325.7633          0.0380          0.3963       1497.7399       3743.6949        459.2585       4476.1840        271.3225       -186.0368       7156.3478    -117217.8458    -906526.4283

Iter.    26

+++++ Start micro iteration 26 +++++ 

     STEP        2 POTENTIAL_ENE =    -1005454.17576456  RMSG =      68.7974  MAXG =     395.3167
     STEP        4 POTENTIAL_ENE =    -1006325.76426634  RMSG =       0.0339  MAXG =       0.3710

+++++ STOP: RMSG and MAXG becomes sufficiently small.+++++

INFO:         26   -1006325.7865          0.0339          0.3710       1497.7341       3743.6997        459.2586       4476.1845        271.3227       -186.0372       7156.3747    -117217.8418    -906526.4817

Iter.    27

+++++ Start micro iteration 27 +++++ 

     STEP        2 POTENTIAL_ENE =    -1005546.29068223  RMSG =      65.0943  MAXG =     360.9124
     STEP        4 POTENTIAL_ENE =    -1006325.78734773  RMSG =       0.0327  MAXG =       0.3426

+++++ STOP: RMSG and MAXG becomes sufficiently small.+++++

INFO:         27   -1006325.8082          0.0327          0.3426       1497.7390       3743.6992        459.2590       4476.1850        271.3227       -186.0361       7156.4014    -117217.8540    -906526.5244

Iter.    28

+++++ Start micro iteration 28 +++++ 

     STEP        1 POTENTIAL_ENE =    -1006325.80824515  RMSG =       0.0348  MAXG =       0.3984

+++++ STOP: RMSG and MAXG becomes sufficiently small.+++++

INFO:         28   -1006325.8279          0.0348          0.3984       1497.7376       3743.7030        459.2590       4476.1854        271.3229       -186.0356       7156.4252    -117217.8543    -906526.5712

Iter.    29

+++++ Start micro iteration 29 +++++ 

     STEP        2 POTENTIAL_ENE =    -1005543.68581874  RMSG =      65.2191  MAXG =     356.3954
     STEP        4 POTENTIAL_ENE =    -1006325.82874620  RMSG =       0.0340  MAXG =       0.3499

+++++ STOP: RMSG and MAXG becomes sufficiently small.+++++

INFO:         29   -1006325.8472          0.0340          0.3499       1497.7289       3743.7070        459.2595       4476.1859        271.3229       -186.0359       7156.4494    -117217.8526    -906526.6122

Iter.    30

+++++ Start micro iteration 30 +++++ 

     STEP        1 POTENTIAL_ENE =    -1006325.84720339  RMSG =       0.0356  MAXG =       0.3948

+++++ STOP: RMSG and MAXG becomes sufficiently small.+++++

INFO:         30   -1006325.8646          0.0356          0.3948       1497.7276       3743.7105        459.2595       4476.1863        271.3230       -186.0352       7156.4716    -117217.8529    -906526.6552

Iter.    31

+++++ Start micro iteration 31 +++++ 

     STEP        2 POTENTIAL_ENE =    -1005487.31587178  RMSG =      67.5439  MAXG =     371.0219
     STEP        4 POTENTIAL_ENE =    -1006325.86554238  RMSG =       0.0350  MAXG =       0.3713

+++++ STOP: RMSG and MAXG becomes sufficiently small.+++++

INFO:         31   -1006325.8820          0.0350          0.3713       1497.7324       3743.7097        459.2601       4476.1868        271.3230       -186.0345       7156.4951    -117217.8652    -906526.6894

Iter.    32

+++++ Start micro iteration 32 +++++ 

     STEP        2 POTENTIAL_ENE =    -1005453.02110530  RMSG =      69.2283  MAXG =     365.5082
     STEP        4 POTENTIAL_ENE =    -1006325.88280910  RMSG =       0.0332  MAXG =       0.3374

+++++ STOP: RMSG and MAXG becomes sufficiently small.+++++

INFO:         32   -1006325.8984          0.0332          0.3374       1497.7262       3743.7135        459.2603       4476.1871        271.3231       -186.0346       7156.5165    -117217.8652    -906526.7253

Iter.    33

+++++ Start micro iteration 33 +++++ 

     STEP        1 POTENTIAL_ENE =    -1006325.89841189  RMSG =       0.0350  MAXG =       0.3905

+++++ STOP: RMSG and MAXG becomes sufficiently small.+++++

INFO:         33   -1006325.9133          0.0350          0.3905       1497.7249       3743.7167        459.2604       4476.1875        271.3233       -186.0339       7156.5367    -117217.8655    -906526.7635

Iter.    34

+++++ Start micro iteration 34 +++++ 

     STEP        2 POTENTIAL_ENE =    -1005508.38367558  RMSG =      66.6885  MAXG =     360.6279
     STEP        4 POTENTIAL_ENE =    -1006325.91425279  RMSG =       0.0354  MAXG =       0.3454

+++++ STOP: RMSG and MAXG becomes sufficiently small.+++++

INFO:         34   -1006325.9284          0.0354          0.3454       1497.7284       3743.7154        459.2610       4476.1880        271.3233       -186.0333       7156.5582    -117217.8767    -906526.7928

Iter.    35

+++++ Start micro iteration 35 +++++ 

     STEP        1 POTENTIAL_ENE =    -1006325.92839252  RMSG =       0.0369  MAXG =       0.3867

+++++ STOP: RMSG and MAXG becomes sufficiently small.+++++

INFO:         35   -1006325.9419          0.0369          0.3867       1497.7268       3743.7191        459.2611       4476.1884        271.3235       -186.0327       7156.5772    -117217.8770    -906526.8283

Iter.    36

+++++ Start micro iteration 36 +++++ 

     STEP        2 POTENTIAL_ENE =    -1005416.54693983  RMSG =      70.6236  MAXG =     363.1831
     STEP        4 POTENTIAL_ENE =    -1006325.94289586  RMSG =       0.0361  MAXG =       0.3639

+++++ STOP: RMSG and MAXG becomes sufficiently small.+++++

INFO:         36   -1006325.9554          0.0361          0.3639       1497.7207       3743.7224        459.2613       4476.1887        271.3234       -186.0331       7156.5957    -117217.8772    -906526.8573

Iter.    37

+++++ Start micro iteration 37 +++++ 

     STEP        1 POTENTIAL_ENE =    -1006325.95542124  RMSG =       0.0376  MAXG =       0.4043

+++++ STOP: RMSG and MAXG becomes sufficiently small.+++++

INFO:         37   -1006325.9669          0.0376          0.4043       1497.7194       3743.7256        459.2614       4476.1891        271.3236       -186.0325       7156.6135    -117217.8775    -906526.8895

Iter.    38

+++++ Start micro iteration 38 +++++ 

     STEP        2 POTENTIAL_ENE =    -1005372.22129966  RMSG =      72.2627  MAXG =     381.5557
     STEP        4 POTENTIAL_ENE =    -1006325.96790522  RMSG =       0.0370  MAXG =       0.3641

+++++ STOP: RMSG and MAXG becomes sufficiently small.+++++

INFO:         38   -1006325.9790          0.0370          0.3641       1497.7239       3743.7235        459.2620       4476.1896        271.3238       -186.0319       7156.6324    -117217.8887    -906526.9136

Iter.    39

+++++ Start micro iteration 39 +++++ 

     STEP        1 POTENTIAL_ENE =    -1006325.97899379  RMSG =       0.0383  MAXG =       0.4031

+++++ STOP: RMSG and MAXG becomes sufficiently small.+++++

INFO:         39   -1006325.9896          0.0383          0.4031       1497.7223       3743.7270        459.2620       4476.1900        271.3240       -186.0314       7156.6491    -117217.8890    -906526.9437

Iter.    40

+++++ Start micro iteration 40 +++++ 

     STEP        2 POTENTIAL_ENE =    -1005377.15430280  RMSG =      72.1513  MAXG =     360.2894
     STEP        4 POTENTIAL_ENE =    -1006325.99066993  RMSG =       0.0381  MAXG =       0.3721

+++++ STOP: RMSG and MAXG becomes sufficiently small.+++++

INFO:         40   -1006326.0008          0.0381          0.3721       1497.7164       3743.7302        459.2623       4476.1902        271.3239       -186.0319       7156.6652    -117217.8895    -906526.9677

Iter.    41

+++++ Start micro iteration 41 +++++ 

     STEP        2 POTENTIAL_ENE =    -1005281.03592496  RMSG =      75.9540  MAXG =     390.7792
     STEP        4 POTENTIAL_ENE =    -1006326.00175003  RMSG =       0.0362  MAXG =       0.3404

+++++ STOP: RMSG and MAXG becomes sufficiently small.+++++

INFO:         41   -1006326.0115          0.0362          0.3404       1497.7219       3743.7274        459.2628       4476.1906        271.3244       -186.0308       7156.6832    -117217.9009    -906526.9901

Iter.    42

+++++ Start micro iteration 42 +++++ 

     STEP        1 POTENTIAL_ENE =    -1006326.01151578  RMSG =       0.0378  MAXG =       0.3899

+++++ STOP: RMSG and MAXG becomes sufficiently small.+++++

INFO:         42   -1006326.0209          0.0378          0.3899       1497.7202       3743.7309        459.2628       4476.1910        271.3246       -186.0304       7156.6987    -117217.9012    -906527.0176

Iter.    43

+++++ Start micro iteration 43 +++++ 

     STEP        2 POTENTIAL_ENE =    -1005407.14913610  RMSG =      70.9738  MAXG =     350.3920
     STEP        4 POTENTIAL_ENE =    -1006326.02193437  RMSG =       0.0385  MAXG =       0.3400

+++++ STOP: RMSG and MAXG becomes sufficiently small.+++++

INFO:         43   -1006326.0309          0.0385          0.3400       1497.7141       3743.7340        459.2631       4476.1912        271.3245       -186.0309       7156.7135    -117217.9015    -906527.0389

Iter.    44

+++++ Start micro iteration 44 +++++ 

     STEP        1 POTENTIAL_ENE =    -1006326.03086037  RMSG =       0.0396  MAXG =       0.3767

+++++ STOP: RMSG and MAXG becomes sufficiently small.+++++

INFO:         44   -1006326.0394          0.0396          0.3767       1497.7127       3743.7370        459.2631       4476.1916        271.3246       -186.0303       7156.7285    -117217.9017    -906527.0650

Iter.    45

+++++ Start micro iteration 45 +++++ 

     STEP        2 POTENTIAL_ENE =    -1005237.95767759  RMSG =      77.4521  MAXG =     393.5740
     STEP        4 POTENTIAL_ENE =    -1006326.04050945  RMSG =       0.0383  MAXG =       0.3515

+++++ STOP: RMSG and MAXG becomes sufficiently small.+++++

INFO:         45   -1006326.0487          0.0383          0.3515       1497.7181       3743.7337        459.2636       4476.1920        271.3250       -186.0295       7156.7448    -117217.9130    -906527.0834

Iter.    46

+++++ Start micro iteration 46 +++++ 

     STEP        1 POTENTIAL_ENE =    -1006326.04869017  RMSG =       0.0395  MAXG =       0.3872

+++++ STOP: RMSG and MAXG becomes sufficiently small.+++++

INFO:         46   -1006326.0566          0.0395          0.3872       1497.7166       3743.7370        459.2636       4476.1924        271.3252       -186.0291       7156.7591    -117217.9133    -906527.1081

Iter.    47

+++++ Start micro iteration 47 +++++ 

     STEP        2 POTENTIAL_ENE =    -1005328.23144625  RMSG =      74.0865  MAXG =     359.8954
     STEP        4 POTENTIAL_ENE =    -1006326.05768767  RMSG =       0.0397  MAXG =       0.3460

+++++ STOP: RMSG and MAXG becomes sufficiently small.+++++

INFO:         47   -1006326.0652          0.0397          0.3460       1497.7109       3743.7405        459.2640       4476.1926        271.3251       -186.0298       7156.7722    -117217.9133    -906527.1274

Iter.    48

+++++ Start micro iteration 48 +++++ 

     STEP        1 POTENTIAL_ENE =    -1006326.06521352  RMSG =       0.0408  MAXG =       0.3800

+++++ STOP: RMSG and MAXG becomes sufficiently small.+++++

INFO:         48   -1006326.0725          0.0408          0.3800       1497.7096       3743.7435        459.2640       4476.1930        271.3252       -186.0292       7156.7860    -117217.9135    -906527.1510

Iter.    49

+++++ Start micro iteration 49 +++++ 

     STEP        2 POTENTIAL_ENE =    -1005190.11456070  RMSG =      79.1986  MAXG =     395.7085
     STEP        4 POTENTIAL_ENE =    -1006326.07360790  RMSG =       0.0395  MAXG =       0.3473

+++++ STOP: RMSG and MAXG becomes sufficiently small.+++++

INFO:         49   -1006326.0805          0.0395          0.3473       1497.7151       3743.7395        459.2644       4476.1934        271.3256       -186.0284       7156.8011    -117217.9247    -906527.1666

Iter.    50

+++++ Start micro iteration 50 +++++ 

     STEP        1 POTENTIAL_ENE =    -1006326.08053528  RMSG =       0.0406  MAXG =       0.3797

+++++ STOP: RMSG and MAXG becomes sufficiently small.+++++

INFO:         50   -1006326.0872          0.0406          0.3797       1497.7135       3743.7428        459.2645       4476.1938        271.3258       -186.0281       7156.8143    -117217.9250    -906527.1888

Iter.    51

+++++ Start micro iteration 51 +++++ 

     STEP        2 POTENTIAL_ENE =    -1005278.36248472  RMSG =      75.9731  MAXG =     363.3620
     STEP        4 POTENTIAL_ENE =    -1006326.08840799  RMSG =       0.0408  MAXG =       0.3412

+++++ STOP: RMSG and MAXG becomes sufficiently small.+++++

INFO:         51   -1006326.0948          0.0408          0.3412       1497.7081       3743.7466        459.2648       4476.1938        271.3257       -186.0287       7156.8259    -117217.9248    -906527.2062

Iter.    52

+++++ Start micro iteration 52 +++++ 

     STEP        1 POTENTIAL_ENE =    -1006326.09477858  RMSG =       0.0417  MAXG =       0.3728

+++++ STOP: RMSG and MAXG becomes sufficiently small.+++++

INFO:         52   -1006326.1009          0.0417          0.3728       1497.7068       3743.7494        459.2648       4476.1943        271.3258       -186.0283       7156.8386    -117217.9250    -906527.2274

Iter.    53

+++++ Start micro iteration 53 +++++ 

     STEP        2 POTENTIAL_ENE =    -1005141.06360072  RMSG =      80.9433  MAXG =     397.0526
     STEP        4 POTENTIAL_ENE =    -1006326.10210271  RMSG =       0.0404  MAXG =       0.3381

+++++ STOP: RMSG and MAXG becomes sufficiently small.+++++

INFO:         53   -1006326.1080          0.0404          0.3381       1497.7124       3743.7449        459.2652       4476.1947        271.3262       -186.0274       7156.8528    -117217.9363    -906527.2406

Iter.    54

+++++ Start micro iteration 54 +++++ 

     STEP        1 POTENTIAL_ENE =    -1006326.10799047  RMSG =       0.0413  MAXG =       0.3690

+++++ STOP: RMSG and MAXG becomes sufficiently small.+++++

INFO:         54   -1006326.1137          0.0413          0.3690       1497.7108       3743.7482        459.2652       4476.1951        271.3264       -186.0271       7156.8650    -117217.9365    -906527.2607

Iter.    55

+++++ Start micro iteration 55 +++++ 

     STEP        2 POTENTIAL_ENE =    -1005241.52224730  RMSG =      77.3432  MAXG =     364.5432
     STEP        3 POTENTIAL_ENE =    -1006326.11418833  RMSG =       0.0437  MAXG =       0.4016

+++++ STOP: RMSG and MAXG becomes sufficiently small.+++++

INFO:         55   -1006326.1196          0.0437          0.4016       1497.7055       3743.7535        459.2654       4476.1952        271.3262       -186.0278       7156.8752    -117217.9345    -906527.2783

Iter.    56

+++++ Start micro iteration 56 +++++ 

     STEP        2 POTENTIAL_ENE =    -1005054.61635307  RMSG =      84.3918  MAXG =     405.8921
     STEP        4 POTENTIAL_ENE =    -1006326.12077719  RMSG =       0.0408  MAXG =       0.3444

+++++ STOP: RMSG and MAXG becomes sufficiently small.+++++

INFO:         56   -1006326.1260          0.0408          0.3444       1497.7100       3743.7486        459.2658       4476.1958        271.3267       -186.0268       7156.8888    -117217.9438    -906527.2912

Iter.    57

+++++ Start micro iteration 57 +++++ 

     STEP        1 POTENTIAL_ENE =    -1006326.12596083  RMSG =       0.0417  MAXG =       0.3761

+++++ STOP: RMSG and MAXG becomes sufficiently small.+++++

INFO:         57   -1006326.1310          0.0417          0.3761       1497.7084       3743.7518        459.2658       4476.1962        271.3268       -186.0265       7156.9002    -117217.9440    -906527.3098

Iter.    58

+++++ Start micro iteration 58 +++++ 

     STEP        2 POTENTIAL_ENE =    -1005249.90746508  RMSG =      77.3964  MAXG =     371.5581
     STEP        4 POTENTIAL_ENE =    -1006326.13222704  RMSG =       0.0427  MAXG =       0.3335

+++++ STOP: RMSG and MAXG becomes sufficiently small.+++++

INFO:         58   -1006326.1370          0.0427          0.3335       1497.7050       3743.7558        459.2661       4476.1960        271.3267       -186.0272       7156.9092    -117217.9448    -906527.3238

Iter.    59

+++++ Start micro iteration 59 +++++ 

     STEP        1 POTENTIAL_ENE =    -1006326.13699240  RMSG =       0.0435  MAXG =       0.3619

+++++ STOP: RMSG and MAXG becomes sufficiently small.+++++

INFO:         59   -1006326.1416          0.0435          0.3619       1497.7037       3743.7584        459.2662       4476.1965        271.3268       -186.0268       7156.9203    -117217.9450    -906527.3416

Iter.    60

+++++ Start micro iteration 60 +++++ 

     STEP        1 POTENTIAL_ENE =    -1006326.14159500  RMSG =       0.0447  MAXG =       0.4021

+++++ STOP: RMSG and MAXG becomes sufficiently small.+++++

INFO:         60   -1006326.1460          0.0447          0.4021       1497.7027       3743.7610        459.2662       4476.1969        271.3269       -186.0267       7156.9310    -117217.9452    -906527.3587

Iter.    61

+++++ Start micro iteration 61 +++++ 

     STEP        2 POTENTIAL_ENE =    -1005022.58192395  RMSG =      85.2516  MAXG =     400.4526
     STEP        4 POTENTIAL_ENE =    -1006326.14726593  RMSG =       0.0427  MAXG =       0.3469

+++++ STOP: RMSG and MAXG becomes sufficiently small.+++++

INFO:         61   -1006326.1514          0.0427          0.3469       1497.7070       3743.7556        459.2666       4476.1975        271.3273       -186.0258       7156.9435    -117217.9554    -906527.3678

Iter.    62

+++++ Start micro iteration 62 +++++ 

     STEP        1 POTENTIAL_ENE =    -1006326.15141363  RMSG =       0.0434  MAXG =       0.3703

+++++ STOP: RMSG and MAXG becomes sufficiently small.+++++

INFO:         62   -1006326.1555          0.0434          0.3703       1497.7055       3743.7587        459.2666       4476.1979        271.3274       -186.0255       7156.9538    -117217.9556    -906527.3842

Iter.    63

+++++ Start micro iteration 63 +++++ 

     STEP        2 POTENTIAL_ENE =    -1005153.39838924  RMSG =      80.7991  MAXG =     374.9194
     STEP        3 POTENTIAL_ENE =    -1006326.15604175  RMSG =       0.0456  MAXG =       0.4028

+++++ STOP: RMSG and MAXG becomes sufficiently small.+++++

INFO:         63   -1006326.1601          0.0456          0.4028       1497.7018       3743.7638        459.2668       4476.1978        271.3273       -186.0262       7156.9614    -117217.9540    -906527.3986

Iter.    64

+++++ Start micro iteration 64 +++++ 

     STEP        2 POTENTIAL_ENE =    -1004977.53874571  RMSG =      87.0841  MAXG =     404.7433
     STEP        4 POTENTIAL_ENE =    -1006326.16132634  RMSG =       0.0427  MAXG =       0.3438

+++++ STOP: RMSG and MAXG becomes sufficiently small.+++++

INFO:         64   -1006326.1649          0.0427          0.3438       1497.7056       3743.7585        459.2671       4476.1986        271.3277       -186.0251       7156.9736    -117217.9636    -906527.4074

Iter.    65

+++++ Start micro iteration 65 +++++ 

     STEP        1 POTENTIAL_ENE =    -1006326.16492148  RMSG =       0.0435  MAXG =       0.3722

+++++ STOP: RMSG and MAXG becomes sufficiently small.+++++

INFO:         65   -1006326.1685          0.0435          0.3722       1497.7040       3743.7615        459.2671       4476.1990        271.3278       -186.0249       7156.9833    -117217.9638    -906527.4226

Iter.    66

+++++ Start micro iteration 66 +++++ 

     STEP        2 POTENTIAL_ENE =    -1005154.09040307  RMSG =      80.9682  MAXG =     377.7216
     STEP        3 POTENTIAL_ENE =    -1006326.16906612  RMSG =       0.0460  MAXG =       0.3987

+++++ STOP: RMSG and MAXG becomes sufficiently small.+++++

INFO:         66   -1006326.1724          0.0460          0.3987       1497.7011       3743.7665        459.2673       4476.1988        271.3276       -186.0256       7156.9901    -117217.9623    -906527.4359

Iter.    67

+++++ Start micro iteration 67 +++++ 

     STEP        2 POTENTIAL_ENE =    -1004966.91080888  RMSG =      87.5366  MAXG =     405.7200
     STEP        4 POTENTIAL_ENE =    -1006326.17369404  RMSG =       0.0430  MAXG =       0.3374

+++++ STOP: RMSG and MAXG becomes sufficiently small.+++++

INFO:         67   -1006326.1769          0.0430          0.3374       1497.7043       3743.7613        459.2676       4476.1996        271.3281       -186.0245       7157.0017    -117217.9715    -906527.4434

Iter.    68

+++++ Start micro iteration 68 +++++ 

     STEP        1 POTENTIAL_ENE =    -1006326.17688053  RMSG =       0.0437  MAXG =       0.3653

+++++ STOP: RMSG and MAXG becomes sufficiently small.+++++

INFO:         68   -1006326.1799          0.0437          0.3653       1497.7027       3743.7642        459.2676       4476.2001        271.3282       -186.0243       7157.0108    -117217.9717    -906527.4575

Iter.    69

+++++ Start micro iteration 69 +++++ 

     STEP        1 POTENTIAL_ENE =    -1006326.17994276  RMSG =       0.0446  MAXG =       0.4007

+++++ STOP: RMSG and MAXG becomes sufficiently small.+++++

INFO:         69   -1006326.1828          0.0446          0.4007       1497.7017       3743.7666        459.2676       4476.2005        271.3283       -186.0242       7157.0195    -117217.9718    -906527.4709

Iter.    70

+++++ Start micro iteration 70 +++++ 

     STEP        2 POTENTIAL_ENE =    -1005132.22119936  RMSG =      81.7509  MAXG =     379.9470
     STEP        4 POTENTIAL_ENE =    -1006326.18419354  RMSG =       0.0454  MAXG =       0.3373

+++++ STOP: RMSG and MAXG becomes sufficiently small.+++++

INFO:         70   -1006326.1869          0.0454          0.3373       1497.7002       3743.7704        459.2680       4476.2000        271.3281       -186.0250       7157.0248    -117217.9730    -906527.4804

Iter.    71

+++++ Start micro iteration 71 +++++ 

     STEP        1 POTENTIAL_ENE =    -1006326.18687483  RMSG =       0.0459  MAXG =       0.3577

+++++ STOP: RMSG and MAXG becomes sufficiently small.+++++

INFO:         71   -1006326.1895          0.0459          0.3577       1497.6990       3743.7727        459.2680       4476.2004        271.3282       -186.0247       7157.0334    -117217.9731    -906527.4934

Iter.    72

+++++ Start micro iteration 72 +++++ 

     STEP        1 POTENTIAL_ENE =    -1006326.18948422  RMSG =       0.0467  MAXG =       0.3926

+++++ STOP: RMSG and MAXG becomes sufficiently small.+++++

INFO:         72   -1006326.1919          0.0467          0.3926       1497.6981       3743.7748        459.2680       4476.2008        271.3283       -186.0245       7157.0415    -117217.9733    -906527.5058

Iter.    73

+++++ Start micro iteration 73 +++++ 

     STEP        2 POTENTIAL_ENE =    -1004935.91381355  RMSG =      88.3204  MAXG =     395.2147
     STEP        4 POTENTIAL_ENE =    -1006326.19328460  RMSG =       0.0448  MAXG =       0.3410

+++++ STOP: RMSG and MAXG becomes sufficiently small.+++++

INFO:         73   -1006326.1955          0.0448          0.3410       1497.7016       3743.7686        459.2682       4476.2017        271.3287       -186.0234       7157.0517    -117217.9836    -906527.5090

Iter.    74

+++++ Start micro iteration 74 +++++ 

     STEP        1 POTENTIAL_ENE =    -1006326.19552745  RMSG =       0.0453  MAXG =       0.3599

+++++ STOP: RMSG and MAXG becomes sufficiently small.+++++

INFO:         74   -1006326.1976          0.0453          0.3599       1497.7001       3743.7713        459.2682       4476.2021        271.3288       -186.0232       7157.0596    -117217.9838    -906527.5207

Iter.    75

+++++ Start micro iteration 75 +++++ 

     STEP        1 POTENTIAL_ENE =    -1006326.19755815  RMSG =       0.0461  MAXG =       0.3930

+++++ STOP: RMSG and MAXG becomes sufficiently small.+++++

INFO:         75   -1006326.1996          0.0461          0.3930       1497.6992       3743.7735        459.2682       4476.2025        271.3289       -186.0232       7157.0672    -117217.9839    -906527.5320

Iter.    76

+++++ Start micro iteration 76 +++++ 

     STEP        2 POTENTIAL_ENE =    -1005043.57998829  RMSG =      84.7002  MAXG =     380.5911
     STEP        3 POTENTIAL_ENE =    -1006326.20023434  RMSG =       0.0479  MAXG =       0.4039

+++++ STOP: RMSG and MAXG becomes sufficiently small.+++++

INFO:         76   -1006326.2022          0.0479          0.4039       1497.6969       3743.7787        459.2685       4476.2022        271.3287       -186.0240       7157.0716    -117217.9824    -906527.5423

Iter.    77

+++++ Start micro iteration 77 +++++ 

     STEP        2 POTENTIAL_ENE =    -1004896.19794925  RMSG =      89.7634  MAXG =     405.0884
     STEP        4 POTENTIAL_ENE =    -1006326.20353308  RMSG =       0.0450  MAXG =       0.3424

+++++ STOP: RMSG and MAXG becomes sufficiently small.+++++

INFO:         77   -1006326.2053          0.0450          0.3424       1497.7003       3743.7723        459.2687       4476.2031        271.3292       -186.0228       7157.0810    -117217.9925    -906527.5448

Iter.    78

+++++ Start micro iteration 78 +++++ 

     STEP        1 POTENTIAL_ENE =    -1006326.20531583  RMSG =       0.0455  MAXG =       0.3656

+++++ STOP: RMSG and MAXG becomes sufficiently small.+++++

INFO:         78   -1006326.2071          0.0455          0.3656       1497.6988       3743.7750        459.2687       4476.2036        271.3293       -186.0226       7157.0882    -117217.9926    -906527.5554

Iter.    79

+++++ Start micro iteration 79 +++++ 

     STEP        1 POTENTIAL_ENE =    -1006326.20706300  RMSG =       0.0463  MAXG =       0.3978

+++++ STOP: RMSG and MAXG becomes sufficiently small.+++++

INFO:         79   -1006326.2087          0.0463          0.3978       1497.6979       3743.7770        459.2688       4476.2041        271.3293       -186.0226       7157.0951    -117217.9927    -906527.5655

Iter.    80

+++++ Start micro iteration 80 +++++ 

     STEP        2 POTENTIAL_ENE =    -1005038.56698593  RMSG =      84.9331  MAXG =     382.3465
     STEP        3 POTENTIAL_ENE =    -1006326.20929512  RMSG =       0.0483  MAXG =       0.4048

+++++ STOP: RMSG and MAXG becomes sufficiently small.+++++

INFO:         80   -1006326.2105          0.0483          0.4048       1497.6958       3743.7825        459.2690       4476.2037        271.3291       -186.0234       7157.1001    -117217.9912    -906527.5760

Iter.    81

+++++ Start micro iteration 81 +++++ 

     STEP        2 POTENTIAL_ENE =    -1004886.47695094  RMSG =      90.0952  MAXG =     405.0342
     STEP        4 POTENTIAL_ENE =    -1006326.21193715  RMSG =       0.0455  MAXG =       0.3426

+++++ STOP: RMSG and MAXG becomes sufficiently small.+++++

INFO:         81   -1006326.2131          0.0455          0.3426       1497.6991       3743.7759        459.2692       4476.2046        271.3297       -186.0221       7157.1103    -117218.0012    -906527.5785

Iter.    82

+++++ Start micro iteration 82 +++++ 

     STEP        1 POTENTIAL_ENE =    -1006326.21307623  RMSG =       0.0461  MAXG =       0.3675

+++++ STOP: RMSG and MAXG becomes sufficiently small.+++++

INFO:         82   -1006326.2142          0.0461          0.3675       1497.6976       3743.7784        459.2692       4476.2051        271.3298       -186.0220       7157.1189    -117218.0013    -906527.5898

Iter.    83

+++++ Start micro iteration 83 +++++ 

     STEP        1 POTENTIAL_ENE =    -1006326.21421568  RMSG =       0.0470  MAXG =       0.4013

+++++ STOP: RMSG and MAXG becomes sufficiently small.+++++

INFO:         83   -1006326.2153          0.0470          0.4013       1497.6967       3743.7804        459.2692       4476.2055        271.3298       -186.0220       7157.1276    -117218.0014    -906527.6010

Iter.    84

+++++ Start micro iteration 84 +++++ 

     STEP        2 POTENTIAL_ENE =    -1005012.42323870  RMSG =      85.8226  MAXG =     383.4741
     STEP        4 POTENTIAL_ENE =    -1006326.21674857  RMSG =       0.0474  MAXG =       0.3377

+++++ STOP: RMSG and MAXG becomes sufficiently small.+++++

INFO:         84   -1006326.2177          0.0474          0.3377       1497.6953       3743.7855        459.2696       4476.2048        271.3297       -186.0228       7157.1329    -117218.0027    -906527.6099

Iter.    85

+++++ Start micro iteration 85 +++++ 

     STEP        1 POTENTIAL_ENE =    -1006326.21770366  RMSG =       0.0478  MAXG =       0.3551

+++++ STOP: RMSG and MAXG becomes sufficiently small.+++++

INFO:         85   -1006326.2187          0.0478          0.3551       1497.6942       3743.7875        459.2696       4476.2052        271.3298       -186.0225       7157.1419    -117218.0029    -906527.6215

Iter.    86

+++++ Start micro iteration 86 +++++ 

     STEP        1 POTENTIAL_ENE =    -1006326.21866792  RMSG =       0.0486  MAXG =       0.3867

+++++ STOP: RMSG and MAXG becomes sufficiently small.+++++

INFO:         86   -1006326.2196          0.0486          0.3867       1497.6935       3743.7892        459.2696       4476.2056        271.3298       -186.0225       7157.1508    -117218.0030    -906527.6327

Iter.    87

+++++ Start micro iteration 87 +++++ 

     STEP        2 POTENTIAL_ENE =    -1004864.03230431  RMSG =      90.5793  MAXG =     393.0654
     STEP        3 POTENTIAL_ENE =    -1006326.22021503  RMSG =       0.0488  MAXG =       0.3985

+++++ STOP: RMSG and MAXG becomes sufficiently small.+++++

INFO:         87   -1006326.2210          0.0488          0.3985       1497.6962       3743.7824        459.2696       4476.2068        271.3303       -186.0213       7157.1619    -117218.0105    -906527.6364

Iter.    88

+++++ Start micro iteration 88 +++++ 

     STEP        2 POTENTIAL_ENE =    -1004902.70462593  RMSG =      89.4906  MAXG =     394.9995
     STEP        4 POTENTIAL_ENE =    -1006326.22253154  RMSG =       0.0472  MAXG =       0.3337

+++++ STOP: RMSG and MAXG becomes sufficiently small.+++++

INFO:         88   -1006326.2233          0.0472          0.3337       1497.6943       3743.7891        459.2699       4476.2060        271.3302       -186.0221       7157.1671    -117218.0120    -906527.6457

Iter.    89

+++++ Start micro iteration 89 +++++ 

     STEP        1 POTENTIAL_ENE =    -1006326.22326332  RMSG =       0.0478  MAXG =       0.3539

+++++ STOP: RMSG and MAXG becomes sufficiently small.+++++

INFO:         89   -1006326.2240          0.0478          0.3539       1497.6933       3743.7909        459.2699       4476.2065        271.3303       -186.0219       7157.1759    -117218.0121    -906527.6568

Iter.    90

+++++ Start micro iteration 90 +++++ 

     STEP        1 POTENTIAL_ENE =    -1006326.22399902  RMSG =       0.0486  MAXG =       0.3832

+++++ STOP: RMSG and MAXG becomes sufficiently small.+++++

INFO:         90   -1006326.2247          0.0486          0.3832       1497.6926       3743.7925        459.2700       4476.2069        271.3304       -186.0219       7157.1845    -117218.0122    -906527.6674

Iter.    91

+++++ Start micro iteration 91 +++++ 

     STEP        1 POTENTIAL_ENE =    -1006326.22465253  RMSG =       0.0493  MAXG =       0.4019

+++++ STOP: RMSG and MAXG becomes sufficiently small.+++++

INFO:         91   -1006326.2252          0.0493          0.4019       1497.6921       3743.7940        459.2700       4476.2073        271.3304       -186.0219       7157.1929    -117218.0123    -906527.6777

Iter.    92

+++++ Start micro iteration 92 +++++ 

     STEP        2 POTENTIAL_ENE =    -1004888.51525506  RMSG =      89.7653  MAXG =     399.7536
     STEP        4 POTENTIAL_ENE =    -1006326.22680614  RMSG =       0.0488  MAXG =       0.3331

+++++ STOP: RMSG and MAXG becomes sufficiently small.+++++

INFO:         92   -1006326.2273          0.0488          0.3331       1497.6962       3743.7854        459.2701       4476.2084        271.3308       -186.0206       7157.2026    -117218.0225    -906527.6776

Iter.    93

+++++ Start micro iteration 93 +++++ 

     STEP        1 POTENTIAL_ENE =    -1006326.22728172  RMSG =       0.0492  MAXG =       0.3502

+++++ STOP: RMSG and MAXG becomes sufficiently small.+++++

INFO:         93   -1006326.2278          0.0492          0.3502       1497.6949       3743.7877        459.2700       4476.2088        271.3309       -186.0205       7157.2108    -117218.0226    -906527.6878

