INFO:       STEP   POTENTIAL_ENE            RMSG            MAXG            BOND           ANGLE    UREY-BRADLEY        DIHEDRAL        IMPROPER            CMAP         VDWAALS           ELECT              QM
 --------------- --------------- --------------- --------------- ---------------
INFO:          0   -1006329.3707          0.0000          0.0000       1497.8645       3743.5788        459.2595       4476.2888        271.3007       -186.0245       7155.0328    -117215.3825    -906531.2888

Iter.     1

+++++ Start micro iteration 1 +++++ 

     STEP        2 POTENTIAL_ENE =    -1000020.91371871  RMSG =     153.8871  MAXG =     445.8333
     STEP        4 POTENTIAL_ENE =    -1006329.41515434  RMSG =       0.0968  MAXG =       0.6828
     STEP        6 POTENTIAL_ENE =    -1006329.42615944  RMSG =       0.0716  MAXG =       0.4470
     STEP        8 POTENTIAL_ENE =    -1006329.43242103  RMSG =       0.0552  MAXG =       0.4049

+++++ STOP: RMSG and MAXG becomes sufficiently small.+++++

INFO:          1   -1006329.4315          0.0552          0.4049       1497.8538       3743.6497        459.2413       4476.2977        271.3003       -186.0206       7155.1140    -117215.8837    -906530.9839

Iter.     2

+++++ Start micro iteration 2 +++++ 

     STEP        1 POTENTIAL_ENE =    -1006329.43153035  RMSG =       0.0549  MAXG =       0.4044

+++++ STOP: RMSG and MAXG becomes sufficiently small.+++++

INFO:          2   -1006332.0531          0.0549          0.4044       1497.8534       3743.6492        459.2414       4476.3008        271.3000       -186.0198       7155.1428    -117215.8829    -906533.6380

Iter.     3

+++++ Start micro iteration 3 +++++ 

     STEP        2 POTENTIAL_ENE =    -1005089.27431018  RMSG =      74.5716  MAXG =     431.6839
     STEP        4 POTENTIAL_ENE =    -1006332.05593329  RMSG =       0.0454  MAXG =       0.3925

+++++ STOP: RMSG and MAXG becomes sufficiently small.+++++

INFO:          3   -1006332.1965          0.0454          0.3925       1497.8580       3743.6677        459.2446       4476.3023        271.2978       -186.0195       7155.2023    -117215.9038    -906533.8459

Iter.     4

+++++ Start micro iteration 4 +++++ 

     STEP        1 POTENTIAL_ENE =    -1006332.19646178  RMSG =       0.0478  MAXG =       0.3707

+++++ STOP: RMSG and MAXG becomes sufficiently small.+++++

INFO:          4   -1006332.2569          0.0478          0.3707       1497.8578       3743.6667        459.2447       4476.3028        271.2979       -186.0186       7155.2103    -117215.9035    -906533.9148

Iter.     5

+++++ Start micro iteration 5 +++++ 

     STEP        1 POTENTIAL_ENE =    -1006332.25685000  RMSG =       0.0481  MAXG =       0.3691

+++++ STOP: RMSG and MAXG becomes sufficiently small.+++++

INFO:          5   -1006332.2960          0.0481          0.3691       1497.8581       3743.6673        459.2447       4476.3031        271.2979       -186.0184       7155.2392    -117215.9035    -906533.9844

Iter.     6

+++++ Start micro iteration 6 +++++ 

     STEP        2 POTENTIAL_ENE =    -1005183.60774666  RMSG =      73.7911  MAXG =     383.6884
     STEP        3 POTENTIAL_ENE =    -1006332.29678319  RMSG =       0.0475  MAXG =       0.3766

+++++ STOP: RMSG and MAXG becomes sufficiently small.+++++

INFO:          6   -1006332.3245          0.0475          0.3766       1497.8584       3743.6499        459.2461       4476.3040        271.2978       -186.0180       7155.2425    -117215.9144    -906533.9909

Iter.     7

+++++ Start micro iteration 7 +++++ 

     STEP        1 POTENTIAL_ENE =    -1006332.32454874  RMSG =       0.0481  MAXG =       0.3641

+++++ STOP: RMSG and MAXG becomes sufficiently small.+++++

INFO:          7   -1006332.3457          0.0481          0.3641       1497.8588       3743.6510        459.2461       4476.3042        271.2978       -186.0177       7155.2560    -117215.9144    -906534.0275

Iter.     8

+++++ Start micro iteration 8 +++++ 

     STEP        2 POTENTIAL_ENE =    -1004968.86643618  RMSG =      84.7732  MAXG =     402.9348
     STEP        3 POTENTIAL_ENE =    -1006332.34635756  RMSG =       0.0453  MAXG =       0.3749

+++++ STOP: RMSG and MAXG becomes sufficiently small.+++++

INFO:          8   -1006332.3632          0.0453          0.3749       1497.8518       3743.6640        459.2458       4476.3050        271.2982       -186.0185       7155.2597    -117215.9157    -906534.0534

Iter.     9

+++++ Start micro iteration 9 +++++ 

     STEP        1 POTENTIAL_ENE =    -1006332.36324330  RMSG =       0.0457  MAXG =       0.3741

+++++ STOP: RMSG and MAXG becomes sufficiently small.+++++

INFO:          9   -1006332.3772          0.0457          0.3741       1497.8522       3743.6650        459.2458       4476.3052        271.2982       -186.0182       7155.2658    -117215.9157    -906534.0755

Iter.    10

+++++ Start micro iteration 10 +++++ 

     STEP        1 POTENTIAL_ENE =    -1006332.37724890  RMSG =       0.0463  MAXG =       0.3970

+++++ STOP: RMSG and MAXG becomes sufficiently small.+++++

INFO:         10   -1006332.3892          0.0463          0.3970       1497.8524       3743.6664        459.2458       4476.3054        271.2982       -186.0182       7155.2666    -117215.9158    -906534.0902

Iter.    11

+++++ Start micro iteration 11 +++++ 

     STEP        1 POTENTIAL_ENE =    -1006332.38922765  RMSG =       0.0467  MAXG =       0.3979

+++++ STOP: RMSG and MAXG becomes sufficiently small.+++++

INFO:         11   -1006332.3997          0.0467          0.3979       1497.8524       3743.6680        459.2458       4476.3056        271.2982       -186.0181       7155.2690    -117215.9159    -906534.1048

Iter.    12

+++++ Start micro iteration 12 +++++ 

     STEP        2 POTENTIAL_ENE =    -1005122.13997389  RMSG =      80.6439  MAXG =     360.1880
     STEP        3 POTENTIAL_ENE =    -1006332.40038070  RMSG =       0.0473  MAXG =       0.3816

+++++ STOP: RMSG and MAXG becomes sufficiently small.+++++

INFO:         12   -1006332.4097          0.0473          0.3816       1497.8577       3743.6590        459.2467       4476.3063        271.2979       -186.0176       7155.2699    -117215.9294    -906534.1002

Iter.    13

+++++ Start micro iteration 13 +++++ 

     STEP        1 POTENTIAL_ENE =    -1006332.40973479  RMSG =       0.0476  MAXG =       0.3827

+++++ STOP: RMSG and MAXG becomes sufficiently small.+++++

INFO:         13   -1006332.4183          0.0476          0.3827       1497.8577       3743.6604        459.2467       4476.3064        271.2979       -186.0175       7155.2705    -117215.9296    -906534.1108

Iter.    14

+++++ Start micro iteration 14 +++++ 

     STEP        1 POTENTIAL_ENE =    -1006332.41825436  RMSG =       0.0480  MAXG =       0.3891

+++++ STOP: RMSG and MAXG becomes sufficiently small.+++++

INFO:         14   -1006332.4261          0.0480          0.3891       1497.8576       3743.6619        459.2467       4476.3065        271.2979       -186.0174       7155.2698    -117215.9297    -906534.1194

Iter.    15

+++++ Start micro iteration 15 +++++ 

     STEP        1 POTENTIAL_ENE =    -1006332.42608207  RMSG =       0.0484  MAXG =       0.3902

+++++ STOP: RMSG and MAXG becomes sufficiently small.+++++

INFO:         15   -1006332.4333          0.0484          0.3902       1497.8574       3743.6634        459.2467       4476.3067        271.2979       -186.0174       7155.2692    -117215.9298    -906534.1275

Iter.    16

+++++ Start micro iteration 16 +++++ 

     STEP        1 POTENTIAL_ENE =    -1006332.43332723  RMSG =       0.0488  MAXG =       0.3932

+++++ STOP: RMSG and MAXG becomes sufficiently small.+++++

INFO:         16   -1006332.4401          0.0488          0.3932       1497.8571       3743.6650        459.2467       4476.3068        271.2979       -186.0174       7155.2679    -117215.9298    -906534.1344

Iter.    17

+++++ Start micro iteration 17 +++++ 

     STEP        1 POTENTIAL_ENE =    -1006332.44010139  RMSG =       0.0492  MAXG =       0.3935

+++++ STOP: RMSG and MAXG becomes sufficiently small.+++++

INFO:         17   -1006332.4465          0.0492          0.3935       1497.8568       3743.6666        459.2467       4476.3069        271.2979       -186.0174       7155.2667    -117215.9299    -906534.1408

Iter.    18

+++++ Start micro iteration 18 +++++ 

     STEP        1 POTENTIAL_ENE =    -1006332.44648596  RMSG =       0.0496  MAXG =       0.3944

+++++ STOP: RMSG and MAXG becomes sufficiently small.+++++

INFO:         18   -1006332.4525          0.0496          0.3944       1497.8565       3743.6682        459.2468       4476.3070        271.2980       -186.0174       7155.2650    -117215.9300    -906534.1465

Iter.    19

+++++ Start micro iteration 19 +++++ 

     STEP        1 POTENTIAL_ENE =    -1006332.45253064  RMSG =       0.0500  MAXG =       0.3939

+++++ STOP: RMSG and MAXG becomes sufficiently small.+++++

INFO:         19   -1006332.4583          0.0500          0.3939       1497.8562       3743.6697        459.2468       4476.3071        271.2980       -186.0174       7155.2633    -117215.9301    -906534.1518

Iter.    20

+++++ Start micro iteration 20 +++++ 

     STEP        1 POTENTIAL_ENE =    -1006332.45828504  RMSG =       0.0504  MAXG =       0.4045

+++++ STOP: RMSG and MAXG becomes sufficiently small.+++++

INFO:         20   -1006332.4638          0.0504          0.4045       1497.8558       3743.6713        459.2468       4476.3072        271.2980       -186.0175       7155.2613    -117215.9302    -906534.1565

Iter.    21

+++++ Start micro iteration 21 +++++ 

     STEP        2 POTENTIAL_ENE =    -1004890.56814629  RMSG =      88.6722  MAXG =     393.7773
     STEP        3 POTENTIAL_ENE =    -1006332.46450738  RMSG =       0.0491  MAXG =       0.3957

+++++ STOP: RMSG and MAXG becomes sufficiently small.+++++

INFO:         21   -1006332.4698          0.0491          0.3957       1497.8459       3743.6790        459.2467       4476.3076        271.2979       -186.0183       7155.2604    -117215.9294    -906534.1597

Iter.    22

+++++ Start micro iteration 22 +++++ 

     STEP        1 POTENTIAL_ENE =    -1006332.46982367  RMSG =       0.0494  MAXG =       0.3958

+++++ STOP: RMSG and MAXG becomes sufficiently small.+++++

INFO:         22   -1006332.4749          0.0494          0.3958       1497.8461       3743.6801        459.2467       4476.3075        271.2980       -186.0181       7155.2583    -117215.9296    -906534.1638

Iter.    23

+++++ Start micro iteration 23 +++++ 

     STEP        1 POTENTIAL_ENE =    -1006332.47491439  RMSG =       0.0498  MAXG =       0.4021

+++++ STOP: RMSG and MAXG becomes sufficiently small.+++++

INFO:         23   -1006332.4799          0.0498          0.4021       1497.8458       3743.6814        459.2467       4476.3075        271.2980       -186.0181       7155.2561    -117215.9297    -906534.1676

Iter.    24

+++++ Start micro iteration 24 +++++ 

     STEP        2 POTENTIAL_ENE =    -1004876.41153934  RMSG =      89.6073  MAXG =     387.0043
     STEP        4 POTENTIAL_ENE =    -1006332.48136490  RMSG =       0.0454  MAXG =       0.4001

+++++ STOP: RMSG and MAXG becomes sufficiently small.+++++

INFO:         24   -1006332.4861          0.0454          0.4001       1497.8513       3743.6683        459.2480       4476.3082        271.2976       -186.0179       7155.2570    -117215.9496    -906534.1490

Iter.    25

+++++ Start micro iteration 25 +++++ 

     STEP        1 POTENTIAL_ENE =    -1006332.48613333  RMSG =       0.0456  MAXG =       0.4005

+++++ STOP: RMSG and MAXG becomes sufficiently small.+++++

INFO:         25   -1006332.4908          0.0456          0.4005       1497.8514       3743.6693        459.2480       4476.3080        271.2976       -186.0176       7155.2548    -117215.9498    -906534.1525

Iter.    26

+++++ Start micro iteration 26 +++++ 

     STEP        1 POTENTIAL_ENE =    -1006332.49080769  RMSG =       0.0460  MAXG =       0.4005

+++++ STOP: RMSG and MAXG becomes sufficiently small.+++++

INFO:         26   -1006332.4953          0.0460          0.4005       1497.8511       3743.6705        459.2480       4476.3080        271.2977       -186.0175       7155.2523    -117215.9500    -906534.1555

Iter.    27

+++++ Start micro iteration 27 +++++ 

     STEP        1 POTENTIAL_ENE =    -1006332.49534258  RMSG =       0.0464  MAXG =       0.4005

+++++ STOP: RMSG and MAXG becomes sufficiently small.+++++

INFO:         27   -1006332.4998          0.0464          0.4005       1497.8508       3743.6719        459.2481       4476.3080        271.2977       -186.0175       7155.2498    -117215.9501    -906534.1584

Iter.    28

+++++ Start micro iteration 28 +++++ 

     STEP        1 POTENTIAL_ENE =    -1006332.49975568  RMSG =       0.0468  MAXG =       0.4005

+++++ STOP: RMSG and MAXG becomes sufficiently small.+++++

INFO:         28   -1006332.5041          0.0468          0.4005       1497.8504       3743.6733        459.2481       4476.3080        271.2977       -186.0175       7155.2472    -117215.9502    -906534.1610

Iter.    29

+++++ Start micro iteration 29 +++++ 

     STEP        1 POTENTIAL_ENE =    -1006332.50405869  RMSG =       0.0471  MAXG =       0.4006

+++++ STOP: RMSG and MAXG becomes sufficiently small.+++++

INFO:         29   -1006332.5083          0.0471          0.4006       1497.8500       3743.6747        459.2481       4476.3080        271.2977       -186.0175       7155.2446    -117215.9503    -906534.1635

Iter.    30

+++++ Start micro iteration 30 +++++ 

     STEP        1 POTENTIAL_ENE =    -1006332.50825867  RMSG =       0.0474  MAXG =       0.4007

+++++ STOP: RMSG and MAXG becomes sufficiently small.+++++

INFO:         30   -1006332.5124          0.0474          0.4007       1497.8496       3743.6760        459.2481       4476.3080        271.2977       -186.0176       7155.2418    -117215.9504    -906534.1658

Iter.    31

+++++ Start micro iteration 31 +++++ 

     STEP        1 POTENTIAL_ENE =    -1006332.51235857  RMSG =       0.0478  MAXG =       0.4008

+++++ STOP: RMSG and MAXG becomes sufficiently small.+++++

INFO:         31   -1006332.5164          0.0478          0.4008       1497.8493       3743.6774        459.2481       4476.3080        271.2978       -186.0176       7155.2390    -117215.9505    -906534.1679

Iter.    32

+++++ Start micro iteration 32 +++++ 

     STEP        1 POTENTIAL_ENE =    -1006332.51637937  RMSG =       0.0481  MAXG =       0.4009

+++++ STOP: RMSG and MAXG becomes sufficiently small.+++++

INFO:         32   -1006332.5203          0.0481          0.4009       1497.8489       3743.6787        459.2481       4476.3080        271.2978       -186.0176       7155.2362    -117215.9506    -906534.1699

Iter.    33

+++++ Start micro iteration 33 +++++ 

     STEP        1 POTENTIAL_ENE =    -1006332.52029565  RMSG =       0.0485  MAXG =       0.4010

+++++ STOP: RMSG and MAXG becomes sufficiently small.+++++

INFO:         33   -1006332.5241          0.0485          0.4010       1497.8485       3743.6800        459.2481       4476.3080        271.2978       -186.0176       7155.2334    -117215.9507    -906534.1718

Iter.    34

+++++ Start micro iteration 34 +++++ 

     STEP        1 POTENTIAL_ENE =    -1006332.52412804  RMSG =       0.0489  MAXG =       0.4011

+++++ STOP: RMSG and MAXG becomes sufficiently small.+++++

INFO:         34   -1006332.5279          0.0489          0.4011       1497.8482       3743.6813        459.2481       4476.3080        271.2978       -186.0176       7155.2305    -117215.9508    -906534.1735

Iter.    35

+++++ Start micro iteration 35 +++++ 

     STEP        2 POTENTIAL_ENE =    -1004952.19070906  RMSG =      86.9285  MAXG =     367.7611
     STEP        4 POTENTIAL_ENE =    -1006332.52947344  RMSG =       0.0471  MAXG =       0.4015

+++++ STOP: RMSG and MAXG becomes sufficiently small.+++++

INFO:         35   -1006332.5332          0.0471          0.4015       1497.8398       3743.6839        459.2486       4476.3085        271.2973       -186.0183       7155.2305    -117215.9550    -906534.1684

Iter.    36

+++++ Start micro iteration 36 +++++ 

     STEP        1 POTENTIAL_ENE =    -1006332.53318351  RMSG =       0.0473  MAXG =       0.4021

+++++ STOP: RMSG and MAXG becomes sufficiently small.+++++

INFO:         36   -1006332.5368          0.0473          0.4021       1497.8401       3743.6846        459.2486       4476.3080        271.2973       -186.0179       7155.2277    -117215.9553    -906534.1701

Iter.    37

+++++ Start micro iteration 37 +++++ 

     STEP        1 POTENTIAL_ENE =    -1006332.53679386  RMSG =       0.0477  MAXG =       0.4023

+++++ STOP: RMSG and MAXG becomes sufficiently small.+++++

INFO:         37   -1006332.5403          0.0477          0.4023       1497.8399       3743.6857        459.2487       4476.3079        271.2974       -186.0177       7155.2249    -117215.9554    -906534.1715

Iter.    38

+++++ Start micro iteration 38 +++++ 

     STEP        1 POTENTIAL_ENE =    -1006332.54026620  RMSG =       0.0480  MAXG =       0.4024

+++++ STOP: RMSG and MAXG becomes sufficiently small.+++++

INFO:         38   -1006332.5437          0.0480          0.4024       1497.8396       3743.6869        459.2487       4476.3078        271.2974       -186.0177       7155.2220    -117215.9556    -906534.1728

Iter.    39

+++++ Start micro iteration 39 +++++ 

     STEP        1 POTENTIAL_ENE =    -1006332.54369854  RMSG =       0.0483  MAXG =       0.4026

+++++ STOP: RMSG and MAXG becomes sufficiently small.+++++

INFO:         39   -1006332.5471          0.0483          0.4026       1497.8392       3743.6881        459.2487       4476.3077        271.2974       -186.0177       7155.2191    -117215.9557    -906534.1740

Iter.    40

+++++ Start micro iteration 40 +++++ 

     STEP        1 POTENTIAL_ENE =    -1006332.54706926  RMSG =       0.0487  MAXG =       0.4027

+++++ STOP: RMSG and MAXG becomes sufficiently small.+++++

INFO:         40   -1006332.5504          0.0487          0.4027       1497.8389       3743.6893        459.2487       4476.3077        271.2974       -186.0177       7155.2162    -117215.9558    -906534.1752

Iter.    41

+++++ Start micro iteration 41 +++++ 

     STEP        1 POTENTIAL_ENE =    -1006332.55038352  RMSG =       0.0490  MAXG =       0.4029

+++++ STOP: RMSG and MAXG becomes sufficiently small.+++++

INFO:         41   -1006332.5536          0.0490          0.4029       1497.8385       3743.6905        459.2487       4476.3076        271.2975       -186.0177       7155.2133    -117215.9559    -906534.1762

Iter.    42

+++++ Start micro iteration 42 +++++ 

     STEP        1 POTENTIAL_ENE =    -1006332.55362895  RMSG =       0.0493  MAXG =       0.4031

+++++ STOP: RMSG and MAXG becomes sufficiently small.+++++

INFO:         42   -1006332.5568          0.0493          0.4031       1497.8381       3743.6918        459.2487       4476.3076        271.2975       -186.0177       7155.2103    -117215.9560    -906534.1772

Iter.    43

+++++ Start micro iteration 43 +++++ 

     STEP        1 POTENTIAL_ENE =    -1006332.55683236  RMSG =       0.0496  MAXG =       0.4033

+++++ STOP: RMSG and MAXG becomes sufficiently small.+++++

INFO:         43   -1006332.5600          0.0496          0.4033       1497.8378       3743.6929        459.2487       4476.3076        271.2975       -186.0177       7155.2074    -117215.9561    -906534.1782

Iter.    44

+++++ Start micro iteration 44 +++++ 

     STEP        2 POTENTIAL_ENE =    -1004869.45238114  RMSG =      89.7339  MAXG =     375.5526
     STEP        4 POTENTIAL_ENE =    -1006332.56153957  RMSG =       0.0466  MAXG =       0.3753

+++++ STOP: RMSG and MAXG becomes sufficiently small.+++++

INFO:         44   -1006332.5646          0.0466          0.3753       1497.8440       3743.6780        459.2496       4476.3082        271.2970       -186.0174       7155.2082    -117215.9736    -906534.1586

Iter.    45

+++++ Start micro iteration 45 +++++ 

     STEP        1 POTENTIAL_ENE =    -1006332.56462924  RMSG =       0.0467  MAXG =       0.3759

+++++ STOP: RMSG and MAXG becomes sufficiently small.+++++

INFO:         45   -1006332.5677          0.0467          0.3759       1497.8441       3743.6789        459.2496       4476.3078        271.2970       -186.0171       7155.2054    -117215.9739    -906534.1596

Iter.    46

+++++ Start micro iteration 46 +++++ 

     STEP        1 POTENTIAL_ENE =    -1006332.56771163  RMSG =       0.0472  MAXG =       0.3761

+++++ STOP: RMSG and MAXG becomes sufficiently small.+++++

INFO:         46   -1006332.5707          0.0472          0.3761       1497.8439       3743.6799        459.2496       4476.3076        271.2971       -186.0170       7155.2026    -117215.9741    -906534.1604

Iter.    47

+++++ Start micro iteration 47 +++++ 

     STEP        1 POTENTIAL_ENE =    -1006332.57073099  RMSG =       0.0475  MAXG =       0.3762

+++++ STOP: RMSG and MAXG becomes sufficiently small.+++++

INFO:         47   -1006332.5737          0.0475          0.3762       1497.8436       3743.6810        459.2496       4476.3075        271.2971       -186.0169       7155.1997    -117215.9742    -906534.1611

Iter.    48

+++++ Start micro iteration 48 +++++ 

     STEP        1 POTENTIAL_ENE =    -1006332.57369858  RMSG =       0.0479  MAXG =       0.3764

+++++ STOP: RMSG and MAXG becomes sufficiently small.+++++

INFO:         48   -1006332.5766          0.0479          0.3764       1497.8432       3743.6821        459.2497       4476.3074        271.2971       -186.0169       7155.1969    -117215.9743    -906534.1618

Iter.    49

+++++ Start micro iteration 49 +++++ 

     STEP        1 POTENTIAL_ENE =    -1006332.57661973  RMSG =       0.0482  MAXG =       0.3766

+++++ STOP: RMSG and MAXG becomes sufficiently small.+++++

INFO:         49   -1006332.5795          0.0482          0.3766       1497.8429       3743.6832        459.2497       4476.3073        271.2971       -186.0169       7155.1940    -117215.9744    -906534.1624

Iter.    50

+++++ Start micro iteration 50 +++++ 

     STEP        1 POTENTIAL_ENE =    -1006332.57949263  RMSG =       0.0485  MAXG =       0.3794

+++++ STOP: RMSG and MAXG becomes sufficiently small.+++++

INFO:         50   -1006332.5823          0.0485          0.3794       1497.8425       3743.6843        459.2497       4476.3073        271.2972       -186.0169       7155.1911    -117215.9745    -906534.1630

Iter.    51

+++++ Start micro iteration 51 +++++ 

     STEP        1 POTENTIAL_ENE =    -1006332.58232037  RMSG =       0.0489  MAXG =       0.3885

+++++ STOP: RMSG and MAXG becomes sufficiently small.+++++

INFO:         51   -1006332.5851          0.0489          0.3885       1497.8422       3743.6854        459.2497       4476.3072        271.2972       -186.0169       7155.1883    -117215.9746    -906534.1636

Iter.    52

+++++ Start micro iteration 52 +++++ 

     STEP        1 POTENTIAL_ENE =    -1006332.58510083  RMSG =       0.0492  MAXG =       0.3975

+++++ STOP: RMSG and MAXG becomes sufficiently small.+++++

INFO:         52   -1006332.5878          0.0492          0.3975       1497.8418       3743.6865        459.2497       4476.3072        271.2972       -186.0169       7155.1855    -117215.9747    -906534.1641

Iter.    53

+++++ Start micro iteration 53 +++++ 

     STEP        2 POTENTIAL_ENE =    -1004880.85857016  RMSG =      89.3152  MAXG =     371.4340
     STEP        3 POTENTIAL_ENE =    -1006332.58851221  RMSG =       0.0494  MAXG =       0.4035

+++++ STOP: RMSG and MAXG becomes sufficiently small.+++++

INFO:         53   -1006332.5912          0.0494          0.4035       1497.8340       3743.6925        459.2497       4476.3072        271.2972       -186.0175       7155.1839    -117215.9697    -906534.1687

Iter.    54

+++++ Start micro iteration 54 +++++ 

     STEP        2 POTENTIAL_ENE =    -1004863.76114915  RMSG =      90.4973  MAXG =     386.8428
     STEP        3 POTENTIAL_ENE =    -1006332.59190123  RMSG =       0.0475  MAXG =       0.3946

+++++ STOP: RMSG and MAXG becomes sufficiently small.+++++

INFO:         54   -1006332.5946          0.0475          0.3946       1497.8410       3743.6834        459.2501       4476.3074        271.2969       -186.0169       7155.1828    -117215.9824    -906534.1569

Iter.    55

+++++ Start micro iteration 55 +++++ 

     STEP        1 POTENTIAL_ENE =    -1006332.59455334  RMSG =       0.0479  MAXG =       0.4033

+++++ STOP: RMSG and MAXG becomes sufficiently small.+++++

INFO:         55   -1006332.5972          0.0479          0.4033       1497.8408       3743.6843        459.2501       4476.3071        271.2970       -186.0167       7155.1801    -117215.9826    -906534.1574

Iter.    56

+++++ Start micro iteration 56 +++++ 

     STEP        2 POTENTIAL_ENE =    -1004950.39435438  RMSG =      87.7436  MAXG =     386.4000
     STEP        3 POTENTIAL_ENE =    -1006332.59781456  RMSG =       0.0476  MAXG =       0.3926

+++++ STOP: RMSG and MAXG becomes sufficiently small.+++++

INFO:         56   -1006332.6004          0.0476          0.3926       1497.8352       3743.6896        459.2502       4476.3070        271.2970       -186.0172       7155.1780    -117215.9778    -906534.1625

Iter.    57

+++++ Start micro iteration 57 +++++ 

     STEP        1 POTENTIAL_ENE =    -1006332.60043456  RMSG =       0.0479  MAXG =       0.4012

+++++ STOP: RMSG and MAXG becomes sufficiently small.+++++

INFO:         57   -1006332.6030          0.0479          0.4012       1497.8352       3743.6903        459.2502       4476.3067        271.2970       -186.0170       7155.1754    -117215.9780    -906534.1629

Iter.    58

+++++ Start micro iteration 58 +++++ 

     STEP        2 POTENTIAL_ENE =    -1004933.77193323  RMSG =      88.4292  MAXG =     382.6085
     STEP        3 POTENTIAL_ENE =    -1006332.60361111  RMSG =       0.0469  MAXG =       0.3909

+++++ STOP: RMSG and MAXG becomes sufficiently small.+++++

INFO:         58   -1006332.6061          0.0469          0.3909       1497.8409       3743.6824        459.2504       4476.3070        271.2967       -186.0166       7155.1746    -117215.9904    -906534.1510

Iter.    59

+++++ Start micro iteration 59 +++++ 

     STEP        1 POTENTIAL_ENE =    -1006332.60610611  RMSG =       0.0472  MAXG =       0.3993

+++++ STOP: RMSG and MAXG becomes sufficiently small.+++++

INFO:         59   -1006332.6086          0.0472          0.3993       1497.8407       3743.6833        459.2504       4476.3067        271.2967       -186.0164       7155.1720    -117215.9906    -906534.1514

Iter.    60

+++++ Start micro iteration 60 +++++ 

     STEP        2 POTENTIAL_ENE =    -1004980.19692469  RMSG =      86.9144  MAXG =     386.4658
     STEP        3 POTENTIAL_ENE =    -1006332.60919224  RMSG =       0.0467  MAXG =       0.3888

+++++ STOP: RMSG and MAXG becomes sufficiently small.+++++

INFO:         60   -1006332.6117          0.0467          0.3888       1497.8360       3743.6878        459.2506       4476.3066        271.2968       -186.0169       7155.1699    -117215.9851    -906534.1573

Iter.    61

+++++ Start micro iteration 61 +++++ 

     STEP        1 POTENTIAL_ENE =    -1006332.61166324  RMSG =       0.0470  MAXG =       0.3970

+++++ STOP: RMSG and MAXG becomes sufficiently small.+++++

INFO:         61   -1006332.6141          0.0470          0.3970       1497.8359       3743.6885        459.2506       4476.3064        271.2968       -186.0167       7155.1673    -117215.9853    -906534.1576

Iter.    62

+++++ Start micro iteration 62 +++++ 

     STEP        2 POTENTIAL_ENE =    -1004973.42450313  RMSG =      87.2192  MAXG =     379.8758
     STEP        3 POTENTIAL_ENE =    -1006332.61466460  RMSG =       0.0461  MAXG =       0.3875

+++++ STOP: RMSG and MAXG becomes sufficiently small.+++++

INFO:         62   -1006332.6170          0.0461          0.3875       1497.8408       3743.6814        459.2508       4476.3066        271.2964       -186.0162       7155.1666    -117215.9977    -906534.1457

Iter.    63

+++++ Start micro iteration 63 +++++ 

     STEP        1 POTENTIAL_ENE =    -1006332.61701648  RMSG =       0.0464  MAXG =       0.3956

+++++ STOP: RMSG and MAXG becomes sufficiently small.+++++

INFO:         63   -1006332.6193          0.0464          0.3956       1497.8407       3743.6822        459.2508       4476.3063        271.2965       -186.0161       7155.1641    -117215.9978    -906534.1460

Iter.    64

+++++ Start micro iteration 64 +++++ 

     STEP        1 POTENTIAL_ENE =    -1006332.61934843  RMSG =       0.0468  MAXG =       0.4036

+++++ STOP: RMSG and MAXG becomes sufficiently small.+++++

INFO:         64   -1006332.6216          0.0468          0.4036       1497.8404       3743.6831        459.2508       4476.3061        271.2965       -186.0160       7155.1616    -117215.9979    -906534.1462

Iter.    65

+++++ Start micro iteration 65 +++++ 

     STEP        2 POTENTIAL_ENE =    -1005019.00536153  RMSG =      85.6635  MAXG =     383.1882
     STEP        3 POTENTIAL_ENE =    -1006332.62223327  RMSG =       0.0464  MAXG =       0.3936

+++++ STOP: RMSG and MAXG becomes sufficiently small.+++++

INFO:         65   -1006332.6245          0.0464          0.3936       1497.8361       3743.6870        459.2509       4476.3061        271.2965       -186.0165       7155.1596    -117215.9918    -906534.1525

Iter.    66

+++++ Start micro iteration 66 +++++ 

     STEP        1 POTENTIAL_ENE =    -1006332.62448582  RMSG =       0.0466  MAXG =       0.4013

+++++ STOP: RMSG and MAXG becomes sufficiently small.+++++

INFO:         66   -1006332.6267          0.0466          0.4013       1497.8361       3743.6877        459.2509       4476.3058        271.2965       -186.0163       7155.1571    -117215.9919    -906534.1526

Iter.    67

+++++ Start micro iteration 67 +++++ 

     STEP        2 POTENTIAL_ENE =    -1004977.06887321  RMSG =      87.1424  MAXG =     381.2065
     STEP        3 POTENTIAL_ENE =    -1006332.62727584  RMSG =       0.0456  MAXG =       0.3926

+++++ STOP: RMSG and MAXG becomes sufficiently small.+++++

INFO:         67   -1006332.6294          0.0456          0.3926       1497.8406       3743.6810        459.2511       4476.3060        271.2961       -186.0159       7155.1564    -117216.0043    -906534.1404

Iter.    68

+++++ Start micro iteration 68 +++++ 

     STEP        1 POTENTIAL_ENE =    -1006332.62943250  RMSG =       0.0458  MAXG =       0.4004

+++++ STOP: RMSG and MAXG becomes sufficiently small.+++++

INFO:         68   -1006332.6316          0.0458          0.4004       1497.8405       3743.6817        459.2511       4476.3058        271.2962       -186.0158       7155.1539    -117216.0044    -906534.1405

Iter.    69

+++++ Start micro iteration 69 +++++ 

     STEP        2 POTENTIAL_ENE =    -1005060.11629911  RMSG =      84.3842  MAXG =     379.1277
     STEP        3 POTENTIAL_ENE =    -1006332.63214621  RMSG =       0.0456  MAXG =       0.3911

+++++ STOP: RMSG and MAXG becomes sufficiently small.+++++

INFO:         69   -1006332.6343          0.0456          0.3911       1497.8369       3743.6854        459.2512       4476.3057        271.2962       -186.0163       7155.1518    -117215.9980    -906534.1473

Iter.    70

+++++ Start micro iteration 70 +++++ 

     STEP        1 POTENTIAL_ENE =    -1006332.63428309  RMSG =       0.0459  MAXG =       0.3987

+++++ STOP: RMSG and MAXG becomes sufficiently small.+++++

INFO:         70   -1006332.6364          0.0459          0.3987       1497.8368       3743.6861        459.2512       4476.3054        271.2963       -186.0161       7155.1494    -117215.9981    -906534.1473

Iter.    71

+++++ Start micro iteration 71 +++++ 

     STEP        2 POTENTIAL_ENE =    -1005005.90020846  RMSG =      86.2443  MAXG =     379.9318
     STEP        3 POTENTIAL_ENE =    -1006332.63693463  RMSG =       0.0448  MAXG =       0.3906

+++++ STOP: RMSG and MAXG becomes sufficiently small.+++++

INFO:         71   -1006332.6390          0.0448          0.3906       1497.8409       3743.6797        459.2513       4476.3056        271.2959       -186.0157       7155.1487    -117216.0103    -906534.1351

Iter.    72

+++++ Start micro iteration 72 +++++ 

     STEP        1 POTENTIAL_ENE =    -1006332.63895651  RMSG =       0.0451  MAXG =       0.3981

+++++ STOP: RMSG and MAXG becomes sufficiently small.+++++

INFO:         72   -1006332.6410          0.0451          0.3981       1497.8408       3743.6804        459.2514       4476.3053        271.2960       -186.0155       7155.1463    -117216.0105    -906534.1351

Iter.    73

+++++ Start micro iteration 73 +++++ 

     STEP        2 POTENTIAL_ENE =    -1005095.85076877  RMSG =      83.2274  MAXG =     376.1644
     STEP        3 POTENTIAL_ENE =    -1006332.64152297  RMSG =       0.0450  MAXG =       0.3894

+++++ STOP: RMSG and MAXG becomes sufficiently small.+++++

INFO:         73   -1006332.6435          0.0450          0.3894       1497.8375       3743.6839        459.2515       4476.3053        271.2960       -186.0160       7155.1442    -117216.0039    -906534.1420

Iter.    74

+++++ Start micro iteration 74 +++++ 

     STEP        1 POTENTIAL_ENE =    -1006332.64353504  RMSG =       0.0452  MAXG =       0.3967

+++++ STOP: RMSG and MAXG becomes sufficiently small.+++++

INFO:         74   -1006332.6455          0.0452          0.3967       1497.8375       3743.6845        459.2515       4476.3050        271.2960       -186.0158       7155.1418    -117216.0040    -906534.1419

Iter.    75

+++++ Start micro iteration 75 +++++ 

     STEP        1 POTENTIAL_ENE =    -1006332.64548226  RMSG =       0.0455  MAXG =       0.4039

+++++ STOP: RMSG and MAXG becomes sufficiently small.+++++

INFO:         75   -1006332.6474          0.0455          0.4039       1497.8373       3743.6852        459.2515       4476.3048        271.2961       -186.0157       7155.1395    -117216.0042    -906534.1418

Iter.    76

+++++ Start micro iteration 76 +++++ 

     STEP        2 POTENTIAL_ENE =    -1005030.14910040  RMSG =      85.4416  MAXG =     379.2459
     STEP        3 POTENTIAL_ENE =    -1006332.64795060  RMSG =       0.0445  MAXG =       0.3962

+++++ STOP: RMSG and MAXG becomes sufficiently small.+++++

INFO:         76   -1006332.6498          0.0445          0.3962       1497.8410       3743.6792        459.2516       4476.3050        271.2957       -186.0154       7155.1389    -117216.0160    -906534.1298

Iter.    77

+++++ Start micro iteration 77 +++++ 

     STEP        1 POTENTIAL_ENE =    -1006332.64982388  RMSG =       0.0448  MAXG =       0.4033

+++++ STOP: RMSG and MAXG becomes sufficiently small.+++++

INFO:         77   -1006332.6517          0.0448          0.4033       1497.8409       3743.6798        459.2516       4476.3047        271.2957       -186.0152       7155.1366    -117216.0161    -906534.1297

Iter.    78

+++++ Start micro iteration 78 +++++ 

     STEP        2 POTENTIAL_ENE =    -1005108.92495988  RMSG =      82.8288  MAXG =     375.6640
     STEP        3 POTENTIAL_ENE =    -1006332.65223414  RMSG =       0.0445  MAXG =       0.3950

+++++ STOP: RMSG and MAXG becomes sufficiently small.+++++

INFO:         78   -1006332.6541          0.0445          0.3950       1497.8378       3743.6832        459.2517       4476.3047        271.2958       -186.0158       7155.1345    -117216.0094    -906534.1367

Iter.    79

+++++ Start micro iteration 79 +++++ 

     STEP        1 POTENTIAL_ENE =    -1006332.65410386  RMSG =       0.0448  MAXG =       0.4019

+++++ STOP: RMSG and MAXG becomes sufficiently small.+++++

INFO:         79   -1006332.6559          0.0448          0.4019       1497.8378       3743.6837        459.2517       4476.3044        271.2958       -186.0156       7155.1323    -117216.0095    -906534.1366

Iter.    80

+++++ Start micro iteration 80 +++++ 

     STEP        2 POTENTIAL_ENE =    -1005057.16569465  RMSG =      84.6280  MAXG =     377.2800
     STEP        3 POTENTIAL_ENE =    -1006332.65645028  RMSG =       0.0438  MAXG =       0.3947

+++++ STOP: RMSG and MAXG becomes sufficiently small.+++++

INFO:         80   -1006332.6582          0.0438          0.3947       1497.8414       3743.6782        459.2518       4476.3045        271.2955       -186.0153       7155.1317    -117216.0212    -906534.1248

Iter.    81

+++++ Start micro iteration 81 +++++ 

     STEP        1 POTENTIAL_ENE =    -1006332.65819288  RMSG =       0.0440  MAXG =       0.4015

+++++ STOP: RMSG and MAXG becomes sufficiently small.+++++

INFO:         81   -1006332.6599          0.0440          0.4015       1497.8413       3743.6787        459.2518       4476.3042        271.2955       -186.0151       7155.1295    -117216.0213    -906534.1247

Iter.    82

+++++ Start micro iteration 82 +++++ 

     STEP        2 POTENTIAL_ENE =    -1005141.01887124  RMSG =      81.7654  MAXG =     373.0004
     STEP        3 POTENTIAL_ENE =    -1006332.66045646  RMSG =       0.0439  MAXG =       0.3936

+++++ STOP: RMSG and MAXG becomes sufficiently small.+++++

INFO:         82   -1006332.6622          0.0439          0.3936       1497.8383       3743.6820        459.2519       4476.3042        271.2956       -186.0156       7155.1275    -117216.0145    -906534.1315

Iter.    83

+++++ Start micro iteration 83 +++++ 

     STEP        1 POTENTIAL_ENE =    -1006332.66219636  RMSG =       0.0442  MAXG =       0.4004

+++++ STOP: RMSG and MAXG becomes sufficiently small.+++++

INFO:         83   -1006332.6639          0.0442          0.4004       1497.8382       3743.6825        459.2519       4476.3039        271.2956       -186.0154       7155.1254    -117216.0147    -906534.1314

Iter.    84

+++++ Start micro iteration 84 +++++ 

     STEP        2 POTENTIAL_ENE =    -1005079.32477456  RMSG =      83.9229  MAXG =     376.3133
     STEP        3 POTENTIAL_ENE =    -1006332.66440481  RMSG =       0.0432  MAXG =       0.3935

+++++ STOP: RMSG and MAXG becomes sufficiently small.+++++

INFO:         84   -1006332.6661          0.0432          0.3935       1497.8417       3743.6771        459.2520       4476.3040        271.2953       -186.0151       7155.1248    -117216.0261    -906534.1199

Iter.    85

+++++ Start micro iteration 85 +++++ 

     STEP        1 POTENTIAL_ENE =    -1006332.66605081  RMSG =       0.0434  MAXG =       0.4001

+++++ STOP: RMSG and MAXG becomes sufficiently small.+++++

INFO:         85   -1006332.6677          0.0434          0.4001       1497.8416       3743.6776        459.2520       4476.3038        271.2953       -186.0149       7155.1228    -117216.0262    -906534.1197

Iter.    86

+++++ Start micro iteration 86 +++++ 

     STEP        2 POTENTIAL_ENE =    -1005166.77570126  RMSG =      80.9160  MAXG =     370.8987
     STEP        3 POTENTIAL_ENE =    -1006332.66821122  RMSG =       0.0433  MAXG =       0.3926

+++++ STOP: RMSG and MAXG becomes sufficiently small.+++++

INFO:         86   -1006332.6699          0.0433          0.3926       1497.8386       3743.6808        459.2521       4476.3037        271.2954       -186.0154       7155.1208    -117216.0195    -906534.1264

Iter.    87

+++++ Start micro iteration 87 +++++ 

     STEP        1 POTENTIAL_ENE =    -1006332.66986280  RMSG =       0.0436  MAXG =       0.3991

+++++ STOP: RMSG and MAXG becomes sufficiently small.+++++

INFO:         87   -1006332.6715          0.0436          0.3991       1497.8386       3743.6813        459.2521       4476.3035        271.2954       -186.0152       7155.1187    -117216.0196    -906534.1262

Iter.    88

+++++ Start micro iteration 88 +++++ 

     STEP        2 POTENTIAL_ENE =    -1005106.32493592  RMSG =      83.0527  MAXG =     374.1108
     STEP        3 POTENTIAL_ENE =    -1006332.67197365  RMSG =       0.0426  MAXG =       0.3925

+++++ STOP: RMSG and MAXG becomes sufficiently small.+++++

INFO:         88   -1006332.6735          0.0426          0.3925       1497.8419       3743.6761        459.2522       4476.3035        271.2951       -186.0149       7155.1183    -117216.0308    -906534.1150

Iter.    89

+++++ Start micro iteration 89 +++++ 

     STEP        1 POTENTIAL_ENE =    -1006332.67353756  RMSG =       0.0428  MAXG =       0.3989

+++++ STOP: RMSG and MAXG becomes sufficiently small.+++++

INFO:         89   -1006332.6751          0.0428          0.3989       1497.8419       3743.6766        459.2522       4476.3033        271.2952       -186.0148       7155.1163    -117216.0309    -906534.1149

Iter.    90

+++++ Start micro iteration 90 +++++ 

     STEP        2 POTENTIAL_ENE =    -1005187.76620443  RMSG =      80.2213  MAXG =     369.3787
     STEP        3 POTENTIAL_ENE =    -1006332.67560510  RMSG =       0.0428  MAXG =       0.3917

+++++ STOP: RMSG and MAXG becomes sufficiently small.+++++

INFO:         90   -1006332.6772          0.0428          0.3917       1497.8389       3743.6797        459.2523       4476.3032        271.2952       -186.0153       7155.1143    -117216.0242    -906534.1214

Iter.    91

+++++ Start micro iteration 91 +++++ 

     STEP        1 POTENTIAL_ENE =    -1006332.67717340  RMSG =       0.0430  MAXG =       0.3980

+++++ STOP: RMSG and MAXG becomes sufficiently small.+++++

INFO:         91   -1006332.6787          0.0430          0.3980       1497.8389       3743.6801        459.2523       4476.3030        271.2953       -186.0151       7155.1124    -117216.0243    -906534.1212

Iter.    92

+++++ Start micro iteration 92 +++++ 

     STEP        1 POTENTIAL_ENE =    -1006332.67869195  RMSG =       0.0433  MAXG =       0.4042

+++++ STOP: RMSG and MAXG becomes sufficiently small.+++++

INFO:         92   -1006332.6802          0.0433          0.4042       1497.8387       3743.6807        459.2523       4476.3028        271.2953       -186.0150       7155.1104    -117216.0244    -906534.1210

Iter.    93

+++++ Start micro iteration 93 +++++ 

     STEP        2 POTENTIAL_ENE =    -1005130.36981929  RMSG =      82.2146  MAXG =     371.8676
     STEP        3 POTENTIAL_ENE =    -1006332.68069611  RMSG =       0.0425  MAXG =       0.3977

+++++ STOP: RMSG and MAXG becomes sufficiently small.+++++

INFO:         93   -1006332.6822          0.0425          0.3977       1497.8419       3743.6757        459.2524       4476.3029        271.2950       -186.0148       7155.1101    -117216.0352    -906534.1102

