INFO:       STEP   POTENTIAL_ENE            RMSG            MAXG            BOND           ANGLE    UREY-BRADLEY        DIHEDRAL        IMPROPER            CMAP         VDWAALS           ELECT              QM
 --------------- --------------- --------------- --------------- ---------------
INFO:          0   -1006293.9832          0.0000          0.0000       1497.8949       3743.7197        459.2864       4476.1189        271.3423       -186.0773       7155.5748    -117213.7264    -906498.1166

Iter.     1

+++++ Start micro iteration 1 +++++ 

     STEP        2 POTENTIAL_ENE =    -1000048.73408441  RMSG =     151.8878  MAXG =     494.3563
     STEP        4 POTENTIAL_ENE =    -1006294.06451529  RMSG =       0.1977  MAXG =       1.8374
     STEP        6 POTENTIAL_ENE =    -1006294.12226560  RMSG =       0.2087  MAXG =       2.3569
     STEP        8 POTENTIAL_ENE =    -1006294.15628123  RMSG =       0.1398  MAXG =       1.1785
     STEP       10 POTENTIAL_ENE =    -1006294.17992495  RMSG =       0.4355  MAXG =       4.0067
     STEP       12 POTENTIAL_ENE =    -1006294.21335436  RMSG =       0.1276  MAXG =       0.8374
     STEP       14 POTENTIAL_ENE =    -1006294.24298262  RMSG =       0.1329  MAXG =       0.9828
     STEP       16 POTENTIAL_ENE =    -1006294.26892233  RMSG =       0.0969  MAXG =       0.6735
     STEP       18 POTENTIAL_ENE =    -1006294.28659358  RMSG =       0.1006  MAXG =       0.8735
     STEP       20 POTENTIAL_ENE =    -1006294.30130777  RMSG =       0.0711  MAXG =       0.5431
     STEP       22 POTENTIAL_ENE =    -1006294.31071626  RMSG =       0.0738  MAXG =       0.5087
     STEP       24 POTENTIAL_ENE =    -1006294.32239312  RMSG =       0.0669  MAXG =       0.4409
     STEP       25 POTENTIAL_ENE =    -1006294.32559539  RMSG =       0.0510  MAXG =       0.3343

+++++ STOP: RMSG and MAXG becomes sufficiently small.+++++

INFO:          1   -1006294.2763          0.0510          0.3343       1497.7607       3743.6439        459.2577       4476.2115        271.3513       -186.0064       7155.5382    -117216.6647    -906495.3685

Iter.     2

+++++ Start micro iteration 2 +++++ 

     STEP        2 POTENTIAL_ENE =    -1005563.38700266  RMSG =      55.4686  MAXG =     385.3443
     STEP        4 POTENTIAL_ENE =    -1006294.28148006  RMSG =       0.0624  MAXG =       0.8535
     STEP        6 POTENTIAL_ENE =    -1006294.28898931  RMSG =       0.0857  MAXG =       0.6750
     STEP        8 POTENTIAL_ENE =    -1006294.29612016  RMSG =       0.0509  MAXG =       0.4779
     STEP       10 POTENTIAL_ENE =    -1006294.30333427  RMSG =       0.0608  MAXG =       0.4466
     STEP       12 POTENTIAL_ENE =    -1006294.30954147  RMSG =       0.0422  MAXG =       0.2663

+++++ STOP: RMSG and MAXG becomes sufficiently small.+++++

INFO:          2   -1006308.2304          0.0422          0.2663       1497.7504       3743.7049        459.2551       4476.1773        271.3354       -186.0204       7155.6821    -117216.2543    -906509.8608

Iter.     3

+++++ Start micro iteration 3 +++++ 

     STEP        2 POTENTIAL_ENE =    -1005408.44936598  RMSG =      57.0727  MAXG =     313.8193
     STEP        4 POTENTIAL_ENE =    -1006308.23458665  RMSG =       0.0433  MAXG =       0.4344
     STEP        6 POTENTIAL_ENE =    -1006308.23826154  RMSG =       0.0520  MAXG =       0.3850

+++++ STOP: RMSG and MAXG becomes sufficiently small.+++++

INFO:          3   -1006313.7449          0.0520          0.3850       1497.7660       3743.7181        459.2578       4476.1732        271.3476       -186.0240       7155.8067    -117216.3406    -906515.4496

Iter.     4

+++++ Start micro iteration 4 +++++ 

     STEP        2 POTENTIAL_ENE =    -1004636.16762718  RMSG =      89.8126  MAXG =     458.8471
     STEP        4 POTENTIAL_ENE =    -1006313.74701757  RMSG =       0.0412  MAXG =       0.4793
     STEP        5 POTENTIAL_ENE =    -1006313.75002323  RMSG =       0.0426  MAXG =       0.3801

+++++ STOP: RMSG and MAXG becomes sufficiently small.+++++

INFO:          4   -1006316.2699          0.0426          0.3801       1497.7257       3743.7040        459.2560       4476.1727        271.3412       -186.0205       7155.8827    -117216.4838    -906517.8479

Iter.     5

+++++ Start micro iteration 5 +++++ 

     STEP        2 POTENTIAL_ENE =    -1005707.40956721  RMSG =      48.9097  MAXG =     259.8244
     STEP        4 POTENTIAL_ENE =    -1006316.27218852  RMSG =       0.0404  MAXG =       0.4096
     STEP        5 POTENTIAL_ENE =    -1006316.27456798  RMSG =       0.0450  MAXG =       0.3588

+++++ STOP: RMSG and MAXG becomes sufficiently small.+++++

INFO:          5   -1006317.9632          0.0450          0.3588       1497.7640       3743.7164        459.2607       4476.1770        271.3499       -186.0207       7155.9299    -117216.6315    -906519.5090

Iter.     6

+++++ Start micro iteration 6 +++++ 

     STEP        2 POTENTIAL_ENE =    -1005586.39408932  RMSG =      52.3672  MAXG =     275.4782
     STEP        4 POTENTIAL_ENE =    -1006317.96570126  RMSG =       0.0407  MAXG =       0.4362
     STEP        5 POTENTIAL_ENE =    -1006317.96826946  RMSG =       0.0482  MAXG =       0.3798

+++++ STOP: RMSG and MAXG becomes sufficiently small.+++++

INFO:          6   -1006319.0919          0.0482          0.3798       1497.7426       3743.7223        459.2582       4476.1729        271.3451       -186.0202       7155.9935    -117216.7423    -906520.5641

Iter.     7

+++++ Start micro iteration 7 +++++ 

     STEP        2 POTENTIAL_ENE =    -1005388.72287947  RMSG =      59.8600  MAXG =     320.4430
     STEP        4 POTENTIAL_ENE =    -1006319.09447032  RMSG =       0.0407  MAXG =       0.4534
     STEP        5 POTENTIAL_ENE =    -1006319.09703725  RMSG =       0.0473  MAXG =       0.3779

+++++ STOP: RMSG and MAXG becomes sufficiently small.+++++

INFO:          7   -1006319.8514          0.0473          0.3779       1497.7587       3743.7289        459.2617       4476.1808        271.3527       -186.0179       7156.0193    -117216.8686    -906521.2669

Iter.     8

+++++ Start micro iteration 8 +++++ 

     STEP        1 POTENTIAL_ENE =    -1006319.85135219  RMSG =       0.0525  MAXG =       0.4006

+++++ STOP: RMSG and MAXG becomes sufficiently small.+++++

INFO:          8   -1006320.3696          0.0525          0.4006       1497.7578       3743.7316        459.2616       4476.1828        271.3529       -186.0145       7156.0501    -117216.8682    -906521.8237

Iter.     9

+++++ Start micro iteration 9 +++++ 

     STEP        2 POTENTIAL_ENE =    -1005339.92421284  RMSG =      60.2366  MAXG =     331.6247
     STEP        4 POTENTIAL_ENE =    -1006320.37234509  RMSG =       0.0430  MAXG =       0.4495
     STEP        5 POTENTIAL_ENE =    -1006320.37562994  RMSG =       0.0551  MAXG =       0.3816

+++++ STOP: RMSG and MAXG becomes sufficiently small.+++++

INFO:          9   -1006320.7424          0.0551          0.3816       1497.7531       3743.7515        459.2613       4476.1764        271.3477       -186.0214       7156.1100    -117216.9904    -906522.1306

Iter.    10

+++++ Start micro iteration 10 +++++ 

     STEP        1 POTENTIAL_ENE =    -1006320.74238443  RMSG =       0.0571  MAXG =       0.3910

+++++ STOP: RMSG and MAXG becomes sufficiently small.+++++

INFO:         10   -1006321.0130          0.0571          0.3910       1497.7578       3743.7511        459.2615       4476.1768        271.3478       -186.0200       7156.1422    -117216.9906    -906522.4396

Iter.    11

+++++ Start micro iteration 11 +++++ 

     STEP        2 POTENTIAL_ENE =    -1005173.57934080  RMSG =      63.8920  MAXG =     320.3260
     STEP        4 POTENTIAL_ENE =    -1006321.01599731  RMSG =       0.0425  MAXG =       0.4766
     STEP        6 POTENTIAL_ENE =    -1006321.02369946  RMSG =       0.0904  MAXG =       0.6171
     STEP        8 POTENTIAL_ENE =    -1006321.03786284  RMSG =       0.2211  MAXG =       2.5458
     STEP       10 POTENTIAL_ENE =    -1006321.05060967  RMSG =       0.0385  MAXG =       0.2428

+++++ STOP: RMSG and MAXG becomes sufficiently small.+++++

INFO:         11   -1006321.2532          0.0385          0.2428       1497.7653       3743.7399        459.2674       4476.1861        271.3565       -186.0244       7156.2719    -117217.9471    -906521.8689

Iter.    12

+++++ Start micro iteration 12 +++++ 

     STEP        1 POTENTIAL_ENE =    -1006321.25324555  RMSG =       0.0406  MAXG =       0.3281

+++++ STOP: RMSG and MAXG becomes sufficiently small.+++++

INFO:         12   -1006321.4237          0.0406          0.3281       1497.7665       3743.7404        459.2675       4476.1873        271.3566       -186.0218       7156.3114    -117217.9468    -906522.0846

Iter.    13

+++++ Start micro iteration 13 +++++ 

     STEP        1 POTENTIAL_ENE =    -1006321.42369284  RMSG =       0.0411  MAXG =       0.3124

+++++ STOP: RMSG and MAXG becomes sufficiently small.+++++

INFO:         13   -1006321.5616          0.0411          0.3124       1497.7666       3743.7434        459.2675       4476.1884        271.3567       -186.0209       7156.3496    -117217.9468    -906522.2662

Iter.    14

+++++ Start micro iteration 14 +++++ 

     STEP        1 POTENTIAL_ENE =    -1006321.56162573  RMSG =       0.0423  MAXG =       0.3318

+++++ STOP: RMSG and MAXG becomes sufficiently small.+++++

INFO:         14   -1006321.6768          0.0423          0.3318       1497.7660       3743.7476        459.2676       4476.1894        271.3568       -186.0205       7156.3867    -117217.9469    -906522.4235

Iter.    15

+++++ Start micro iteration 15 +++++ 

     STEP        1 POTENTIAL_ENE =    -1006321.67678056  RMSG =       0.0436  MAXG =       0.3641

+++++ STOP: RMSG and MAXG becomes sufficiently small.+++++

INFO:         15   -1006321.7748          0.0436          0.3641       1497.7655       3743.7514        459.2677       4476.1904        271.3568       -186.0200       7156.4241    -117217.9469    -906522.5637

Iter.    16

+++++ Start micro iteration 16 +++++ 

     STEP        1 POTENTIAL_ENE =    -1006321.77475892  RMSG =       0.0456  MAXG =       0.4008

+++++ STOP: RMSG and MAXG becomes sufficiently small.+++++

INFO:         16   -1006321.8593          0.0456          0.4008       1497.7646       3743.7557        459.2678       4476.1913        271.3569       -186.0199       7156.4612    -117217.9470    -906522.6898

Iter.    17

+++++ Start micro iteration 17 +++++ 

     STEP        2 POTENTIAL_ENE =    -1005605.43674436  RMSG =      56.1435  MAXG =     323.8791
     STEP        3 POTENTIAL_ENE =    -1006321.86024794  RMSG =       0.0508  MAXG =       0.3208

+++++ STOP: RMSG and MAXG becomes sufficiently small.+++++

INFO:         17   -1006321.9342          0.0508          0.3208       1497.7542       3743.7683        459.2677       4476.1903        271.3586       -186.0217       7156.4916    -117217.9499    -906522.7932

Iter.    18

+++++ Start micro iteration 18 +++++ 

     STEP        1 POTENTIAL_ENE =    -1006321.93415917  RMSG =       0.0512  MAXG =       0.3384

+++++ STOP: RMSG and MAXG becomes sufficiently small.+++++

INFO:         18   -1006321.9995          0.0512          0.3384       1497.7537       3743.7710        459.2677       4476.1912        271.3586       -186.0208       7156.5282    -117217.9499    -906522.8993

Iter.    19

+++++ Start micro iteration 19 +++++ 

     STEP        1 POTENTIAL_ENE =    -1006321.99951979  RMSG =       0.0524  MAXG =       0.4019

+++++ STOP: RMSG and MAXG becomes sufficiently small.+++++

INFO:         19   -1006322.0576          0.0524          0.4019       1497.7531       3743.7743        459.2678       4476.1921        271.3587       -186.0205       7156.5643    -117217.9499    -906522.9975

Iter.    20

+++++ Start micro iteration 20 +++++ 

     STEP        2 POTENTIAL_ENE =    -1004902.78070595  RMSG =      86.5154  MAXG =     426.1372
     STEP        3 POTENTIAL_ENE =    -1006322.05842492  RMSG =       0.0435  MAXG =       0.3883

+++++ STOP: RMSG and MAXG becomes sufficiently small.+++++

INFO:         20   -1006322.1105          0.0435          0.3883       1497.7473       3743.7698        459.2672       4476.1927        271.3592       -186.0201       7156.5959    -117217.9226    -906523.0999

Iter.    21

+++++ Start micro iteration 21 +++++ 

     STEP        2 POTENTIAL_ENE =    -1005165.55672365  RMSG =      79.0926  MAXG =     393.2808
     STEP        4 POTENTIAL_ENE =    -1006322.11175546  RMSG =       0.0389  MAXG =       0.2170

+++++ STOP: RMSG and MAXG becomes sufficiently small.+++++

INFO:         21   -1006322.1587          0.0389          0.2170       1497.7509       3743.7758        459.2668       4476.1923        271.3593       -186.0209       7156.6237    -117217.9089    -906523.1978

Iter.    22

+++++ Start micro iteration 22 +++++ 

     STEP        1 POTENTIAL_ENE =    -1006322.15871826  RMSG =       0.0402  MAXG =       0.3114

+++++ STOP: RMSG and MAXG becomes sufficiently small.+++++

INFO:         22   -1006322.2013          0.0402          0.3114       1497.7503       3743.7780        459.2669       4476.1931        271.3594       -186.0201       7156.6584    -117217.9088    -906523.2783

Iter.    23

+++++ Start micro iteration 23 +++++ 

     STEP        2 POTENTIAL_ENE =    -1005270.13578137  RMSG =      75.4981  MAXG =     374.4613
     STEP        4 POTENTIAL_ENE =    -1006322.20252618  RMSG =       0.0414  MAXG =       0.3069

+++++ STOP: RMSG and MAXG becomes sufficiently small.+++++

INFO:         23   -1006322.2411          0.0414          0.3069       1497.7401       3743.7746        459.2676       4476.1939        271.3599       -186.0203       7156.6846    -117217.8911    -906523.3504

Iter.    24

+++++ Start micro iteration 24 +++++ 

     STEP        2 POTENTIAL_ENE =    -1005059.15237217  RMSG =      83.5348  MAXG =     381.4766
     STEP        4 POTENTIAL_ENE =    -1006322.24222548  RMSG =       0.0390  MAXG =       0.3169

+++++ STOP: RMSG and MAXG becomes sufficiently small.+++++

INFO:         24   -1006322.2776          0.0390          0.3169       1497.7455       3743.7798        459.2670       4476.1935        271.3599       -186.0203       7156.7135    -117217.8850    -906523.4315

Iter.    25

+++++ Start micro iteration 25 +++++ 

     STEP        2 POTENTIAL_ENE =    -1005293.10333412  RMSG =      75.1613  MAXG =     342.8191
     STEP        4 POTENTIAL_ENE =    -1006322.27873096  RMSG =       0.0409  MAXG =       0.3353

+++++ STOP: RMSG and MAXG becomes sufficiently small.+++++

INFO:         25   -1006322.3111          0.0409          0.3353       1497.7376       3743.7750        459.2676       4476.1943        271.3604       -186.0199       7156.7410    -117217.8730    -906523.4941

Iter.    26

+++++ Start micro iteration 26 +++++ 

     STEP        2 POTENTIAL_ENE =    -1005092.08234100  RMSG =      82.6396  MAXG =     370.0386
     STEP        4 POTENTIAL_ENE =    -1006322.31219023  RMSG =       0.0397  MAXG =       0.3442

+++++ STOP: RMSG and MAXG becomes sufficiently small.+++++

INFO:         26   -1006322.3419          0.0397          0.3442       1497.7424       3743.7807        459.2672       4476.1939        271.3603       -186.0199       7156.7698    -117217.8699    -906523.5665

Iter.    27

+++++ Start micro iteration 27 +++++ 

     STEP        2 POTENTIAL_ENE =    -1005277.41762361  RMSG =      75.9688  MAXG =     340.4070
     STEP        4 POTENTIAL_ENE =    -1006322.34307404  RMSG =       0.0416  MAXG =       0.3586

+++++ STOP: RMSG and MAXG becomes sufficiently small.+++++

INFO:         27   -1006322.3705          0.0416          0.3586       1497.7353       3743.7759        459.2678       4476.1947        271.3607       -186.0196       7156.7969    -117217.8611    -906523.6211

Iter.    28

+++++ Start micro iteration 28 +++++ 

     STEP        2 POTENTIAL_ENE =    -1005096.93907924  RMSG =      82.6279  MAXG =     366.4838
     STEP        4 POTENTIAL_ENE =    -1006322.37159865  RMSG =       0.0408  MAXG =       0.3660

+++++ STOP: RMSG and MAXG becomes sufficiently small.+++++

INFO:         28   -1006322.3969          0.0408          0.3660       1497.7394       3743.7821        459.2675       4476.1945        271.3605       -186.0195       7156.8251    -117217.8602    -906523.6863

Iter.    29

+++++ Start micro iteration 29 +++++ 

     STEP        2 POTENTIAL_ENE =    -1005240.40234590  RMSG =      77.4430  MAXG =     341.1288
     STEP        4 POTENTIAL_ENE =    -1006322.39812484  RMSG =       0.0424  MAXG =       0.3775

+++++ STOP: RMSG and MAXG becomes sufficiently small.+++++

INFO:         29   -1006322.4216          0.0424          0.3775       1497.7330       3743.7774        459.2680       4476.1953        271.3608       -186.0192       7156.8511    -117217.8537    -906523.7342

Iter.    30

+++++ Start micro iteration 30 +++++ 

     STEP        2 POTENTIAL_ENE =    -1005093.01651795  RMSG =      82.8595  MAXG =     364.1753
     STEP        4 POTENTIAL_ENE =    -1006322.42275053  RMSG =       0.0419  MAXG =       0.3832

+++++ STOP: RMSG and MAXG becomes sufficiently small.+++++

INFO:         30   -1006322.4445          0.0419          0.3832       1497.7366       3743.7838        459.2677       4476.1951        271.3607       -186.0191       7156.8786    -117217.8547    -906523.7932

Iter.    31

+++++ Start micro iteration 31 +++++ 

     STEP        2 POTENTIAL_ENE =    -1005202.55262502  RMSG =      78.8776  MAXG =     341.6834
     STEP        4 POTENTIAL_ENE =    -1006322.44571214  RMSG =       0.0433  MAXG =       0.3925

+++++ STOP: RMSG and MAXG becomes sufficiently small.+++++

INFO:         31   -1006322.4659          0.0433          0.3925       1497.7308       3743.7789        459.2682       4476.1959        271.3609       -186.0188       7156.9034    -117217.8497    -906523.8356

Iter.    32

+++++ Start micro iteration 32 +++++ 

     STEP        2 POTENTIAL_ENE =    -1005084.98526105  RMSG =      83.2052  MAXG =     362.3688
     STEP        4 POTENTIAL_ENE =    -1006322.46714006  RMSG =       0.0430  MAXG =       0.3959

+++++ STOP: RMSG and MAXG becomes sufficiently small.+++++

INFO:         32   -1006322.4859          0.0430          0.3959       1497.7341       3743.7855        459.2680       4476.1958        271.3607       -186.0187       7156.9301    -117217.8521    -906523.8893

Iter.    33

+++++ Start micro iteration 33 +++++ 

     STEP        2 POTENTIAL_ENE =    -1005167.99685078  RMSG =      80.1586  MAXG =     341.7988
     STEP        4 POTENTIAL_ENE =    -1006322.48716939  RMSG =       0.0442  MAXG =       0.4021

+++++ STOP: RMSG and MAXG becomes sufficiently small.+++++

INFO:         33   -1006322.5048          0.0442          0.4021       1497.7288       3743.7804        459.2685       4476.1966        271.3609       -186.0183       7156.9537    -117217.8483    -906523.9271

Iter.    34

+++++ Start micro iteration 34 +++++ 

     STEP        2 POTENTIAL_ENE =    -1005078.30158642  RMSG =      83.4832  MAXG =     360.6377
     STEP        4 POTENTIAL_ENE =    -1006322.50605430  RMSG =       0.0440  MAXG =       0.4044

+++++ STOP: RMSG and MAXG becomes sufficiently small.+++++

INFO:         34   -1006322.5225          0.0440          0.4044       1497.7318       3743.7870        459.2684       4476.1964        271.3607       -186.0181       7156.9795    -117217.8520    -906523.9762

Iter.    35

+++++ Start micro iteration 35 +++++ 

     STEP        2 POTENTIAL_ENE =    -1005134.50855531  RMSG =      81.3649  MAXG =     341.7009
     STEP        4 POTENTIAL_ENE =    -1006322.52382294  RMSG =       0.0449  MAXG =       0.4095
     STEP        6 POTENTIAL_ENE =    -1006322.54780548  RMSG =       0.0919  MAXG =       1.0604
     STEP        8 POTENTIAL_ENE =    -1006322.55189380  RMSG =       0.1015  MAXG =       0.8851
     STEP       10 POTENTIAL_ENE =    -1006322.56672181  RMSG =       0.0622  MAXG =       0.5925
     STEP       12 POTENTIAL_ENE =    -1006322.57158896  RMSG =       0.0571  MAXG =       0.4641
     STEP       13 POTENTIAL_ENE =    -1006322.57354021  RMSG =       0.0385  MAXG =       0.3938

+++++ STOP: RMSG and MAXG becomes sufficiently small.+++++

INFO:         35   -1006322.5798          0.0385          0.3938       1497.7203       3743.6493        459.2702       4476.1707        271.3487       -186.0138       7156.9129    -117218.0964    -906523.5416

Iter.    36

+++++ Start micro iteration 36 +++++ 

     STEP        1 POTENTIAL_ENE =    -1006322.57975127  RMSG =       0.0399  MAXG =       0.3624

+++++ STOP: RMSG and MAXG becomes sufficiently small.+++++

INFO:         36   -1006322.6007          0.0399          0.3624       1497.7190       3743.6503        459.2702       4476.1718        271.3488       -186.0129       7156.9518    -117218.0963    -906523.6036

Iter.    37

+++++ Start micro iteration 37 +++++ 

     STEP        1 POTENTIAL_ENE =    -1006322.60074182  RMSG =       0.0406  MAXG =       0.3636

+++++ STOP: RMSG and MAXG becomes sufficiently small.+++++

INFO:         37   -1006322.6194          0.0406          0.3636       1497.7185       3743.6515        459.2703       4476.1723        271.3489       -186.0125       7156.9876    -117218.0963    -906523.6598

Iter.    38

+++++ Start micro iteration 38 +++++ 

     STEP        1 POTENTIAL_ENE =    -1006322.61941397  RMSG =       0.0417  MAXG =       0.3622

+++++ STOP: RMSG and MAXG becomes sufficiently small.+++++

INFO:         38   -1006322.6372          0.0417          0.3622       1497.7180       3743.6531        459.2703       4476.1729        271.3489       -186.0123       7157.0207    -117218.0964    -906523.7125

Iter.    39

+++++ Start micro iteration 39 +++++ 

     STEP        1 POTENTIAL_ENE =    -1006322.63722047  RMSG =       0.0430  MAXG =       0.3803

+++++ STOP: RMSG and MAXG becomes sufficiently small.+++++

INFO:         39   -1006322.6538          0.0430          0.3803       1497.7175       3743.6548        459.2704       4476.1734        271.3490       -186.0123       7157.0522    -117218.0964    -906523.7623

Iter.    40

+++++ Start micro iteration 40 +++++ 

     STEP        2 POTENTIAL_ENE =    -1005742.57606137  RMSG =      50.9977  MAXG =     333.7504
     STEP        3 POTENTIAL_ENE =    -1006322.65455389  RMSG =       0.0498  MAXG =       0.3774

+++++ STOP: RMSG and MAXG becomes sufficiently small.+++++

INFO:         40   -1006322.6703          0.0498          0.3774       1497.7264       3743.6662        459.2704       4476.1745        271.3500       -186.0132       7157.0797    -117218.0791    -906523.8453

Iter.    41

+++++ Start micro iteration 41 +++++ 

     STEP        1 POTENTIAL_ENE =    -1006322.67029481  RMSG =       0.0501  MAXG =       0.3925

+++++ STOP: RMSG and MAXG becomes sufficiently small.+++++

INFO:         41   -1006322.6849          0.0501          0.3925       1497.7264       3743.6666        459.2705       4476.1751        271.3501       -186.0127       7157.1089    -117218.0790    -906523.8906

Iter.    42

+++++ Start micro iteration 42 +++++ 

     STEP        2 POTENTIAL_ENE =    -1004965.06598636  RMSG =      84.8101  MAXG =     449.0075
     STEP        3 POTENTIAL_ENE =    -1006322.68550635  RMSG =       0.0379  MAXG =       0.3636

+++++ STOP: RMSG and MAXG becomes sufficiently small.+++++

INFO:         42   -1006322.6991          0.0379          0.3636       1497.7183       3743.6751        459.2706       4476.1745        271.3506       -186.0141       7157.1385    -117218.1009    -906523.9117

Iter.    43

+++++ Start micro iteration 43 +++++ 

     STEP        1 POTENTIAL_ENE =    -1006322.69908575  RMSG =       0.0389  MAXG =       0.3811

+++++ STOP: RMSG and MAXG becomes sufficiently small.+++++

INFO:         43   -1006322.7118          0.0389          0.3811       1497.7176       3743.6766        459.2707       4476.1750        271.3506       -186.0139       7157.1654    -117218.1009    -906523.9529

Iter.    44

+++++ Start micro iteration 44 +++++ 

     STEP        2 POTENTIAL_ENE =    -1005420.06568037  RMSG =      69.3825  MAXG =     361.5747
     STEP        3 POTENTIAL_ENE =    -1006322.71228219  RMSG =       0.0395  MAXG =       0.3680

+++++ STOP: RMSG and MAXG becomes sufficiently small.+++++

INFO:         44   -1006322.7242          0.0395          0.3680       1497.7197       3743.6809        459.2708       4476.1759        271.3508       -186.0135       7157.1893    -117218.0874    -906524.0106

Iter.    45

+++++ Start micro iteration 45 +++++ 

     STEP        2 POTENTIAL_ENE =    -1005271.62080666  RMSG =      75.8014  MAXG =     385.4266
     STEP        3 POTENTIAL_ENE =    -1006322.72463906  RMSG =       0.0364  MAXG =       0.3852

+++++ STOP: RMSG and MAXG becomes sufficiently small.+++++

INFO:         45   -1006322.7358          0.0364          0.3852       1497.7187       3743.6857        459.2706       4476.1756        271.3514       -186.0144       7157.2149    -117218.1042    -906524.0341

Iter.    46

+++++ Start micro iteration 46 +++++ 

     STEP        2 POTENTIAL_ENE =    -1005452.48947245  RMSG =      69.2411  MAXG =     340.3121
     STEP        4 POTENTIAL_ENE =    -1006322.73666518  RMSG =       0.0323  MAXG =       0.3425

+++++ STOP: RMSG and MAXG becomes sufficiently small.+++++

INFO:         46   -1006322.7473          0.0323          0.3425       1497.7185       3743.6905        459.2705       4476.1762        271.3516       -186.0141       7157.2374    -117218.0924    -906524.0855

Iter.    47

+++++ Start micro iteration 47 +++++ 

     STEP        1 POTENTIAL_ENE =    -1006322.74728269  RMSG =       0.0331  MAXG =       0.3458

+++++ STOP: RMSG and MAXG becomes sufficiently small.+++++

INFO:         47   -1006322.7573          0.0331          0.3458       1497.7181       3743.6913        459.2705       4476.1768        271.3516       -186.0137       7157.2609    -117218.0923    -906524.1204

Iter.    48

+++++ Start micro iteration 48 +++++ 

     STEP        1 POTENTIAL_ENE =    -1006322.75727007  RMSG =       0.0342  MAXG =       0.3620

+++++ STOP: RMSG and MAXG becomes sufficiently small.+++++

INFO:         48   -1006322.7667          0.0342          0.3620       1497.7177       3743.6923        459.2705       4476.1772        271.3517       -186.0136       7157.2837    -117218.0923    -906524.1539

Iter.    49

+++++ Start micro iteration 49 +++++ 

     STEP        2 POTENTIAL_ENE =    -1005542.68950033  RMSG =      65.2265  MAXG =     326.7554
     STEP        3 POTENTIAL_ENE =    -1006322.76703195  RMSG =       0.0350  MAXG =       0.4029

+++++ STOP: RMSG and MAXG becomes sufficiently small.+++++

INFO:         49   -1006322.7759          0.0350          0.4029       1497.7171       3743.6967        459.2706       4476.1772        271.3520       -186.0144       7157.3056    -117218.1076    -906524.1730

Iter.    50

+++++ Start micro iteration 50 +++++ 

     STEP        2 POTENTIAL_ENE =    -1005465.10834565  RMSG =      69.0748  MAXG =     363.5295
     STEP        4 POTENTIAL_ENE =    -1006322.77657835  RMSG =       0.0304  MAXG =       0.3530

+++++ STOP: RMSG and MAXG becomes sufficiently small.+++++

INFO:         50   -1006322.7850          0.0304          0.3530       1497.7167       3743.6997        459.2706       4476.1779        271.3521       -186.0139       7157.3251    -117218.0961    -906524.2171

Iter.    51

+++++ Start micro iteration 51 +++++ 

     STEP        1 POTENTIAL_ENE =    -1006322.78499305  RMSG =       0.0313  MAXG =       0.3555

+++++ STOP: RMSG and MAXG becomes sufficiently small.+++++

INFO:         51   -1006322.7930          0.0313          0.3555       1497.7161       3743.7005        459.2706       4476.1785        271.3521       -186.0136       7157.3459    -117218.0960    -906524.2471

Iter.    52

+++++ Start micro iteration 52 +++++ 

     STEP        1 POTENTIAL_ENE =    -1006322.79295664  RMSG =       0.0325  MAXG =       0.3920

+++++ STOP: RMSG and MAXG becomes sufficiently small.+++++

INFO:         52   -1006322.8005          0.0325          0.3920       1497.7157       3743.7015        459.2706       4476.1790        271.3522       -186.0135       7157.3660    -117218.0960    -906524.2759

Iter.    53

+++++ Start micro iteration 53 +++++ 

     STEP        2 POTENTIAL_ENE =    -1005685.35037423  RMSG =      59.0995  MAXG =     309.3123
     STEP        4 POTENTIAL_ENE =    -1006322.80123723  RMSG =       0.0322  MAXG =       0.3591

+++++ STOP: RMSG and MAXG becomes sufficiently small.+++++

INFO:         53   -1006322.8084          0.0322          0.3591       1497.7148       3743.7068        459.2708       4476.1788        271.3527       -186.0143       7157.3839    -117218.1113    -906524.2906

Iter.    54

+++++ Start micro iteration 54 +++++ 

     STEP        1 POTENTIAL_ENE =    -1006322.80835666  RMSG =       0.0329  MAXG =       0.3609

+++++ STOP: RMSG and MAXG becomes sufficiently small.+++++

INFO:         54   -1006322.8152          0.0329          0.3609       1497.7136       3743.7081        459.2708       4476.1795        271.3527       -186.0140       7157.4029    -117218.1113    -906524.3175

Iter.    55

+++++ Start micro iteration 55 +++++ 

     STEP        2 POTENTIAL_ENE =    -1005536.20152799  RMSG =      66.3257  MAXG =     353.1634
     STEP        3 POTENTIAL_ENE =    -1006322.81546563  RMSG =       0.0324  MAXG =       0.4026

+++++ STOP: RMSG and MAXG becomes sufficiently small.+++++

INFO:         55   -1006322.8219          0.0324          0.4026       1497.7146       3743.7075        459.2708       4476.1805        271.3527       -186.0134       7157.4202    -117218.1001    -906524.3549

Iter.    56

+++++ Start micro iteration 56 +++++ 

     STEP        2 POTENTIAL_ENE =    -1005647.18343513  RMSG =      61.5174  MAXG =     324.7500
     STEP        4 POTENTIAL_ENE =    -1006322.82263226  RMSG =       0.0314  MAXG =       0.3570

+++++ STOP: RMSG and MAXG becomes sufficiently small.+++++

INFO:         56   -1006322.8288          0.0314          0.3570       1497.7123       3743.7114        459.2710       4476.1804        271.3531       -186.0137       7157.4374    -117218.1148    -906524.3658

Iter.    57

+++++ Start micro iteration 57 +++++ 

     STEP        1 POTENTIAL_ENE =    -1006322.82875415  RMSG =       0.0322  MAXG =       0.3585

+++++ STOP: RMSG and MAXG becomes sufficiently small.+++++

INFO:         57   -1006322.8347          0.0322          0.3585       1497.7112       3743.7128        459.2710       4476.1810        271.3531       -186.0136       7157.4548    -117218.1147    -906524.3903

Iter.    58

+++++ Start micro iteration 58 +++++ 

     STEP        2 POTENTIAL_ENE =    -1005613.83666980  RMSG =      63.0439  MAXG =     337.5420
     STEP        4 POTENTIAL_ENE =    -1006322.83536486  RMSG =       0.0317  MAXG =       0.3570

+++++ STOP: RMSG and MAXG becomes sufficiently small.+++++

INFO:         58   -1006322.8410          0.0317          0.3570       1497.7123       3743.7123        459.2710       4476.1820        271.3532       -186.0129       7157.4695    -117218.1054    -906524.4228

Iter.    59

+++++ Start micro iteration 59 +++++ 

     STEP        1 POTENTIAL_ENE =    -1006322.84095236  RMSG =       0.0325  MAXG =       0.3602

+++++ STOP: RMSG and MAXG becomes sufficiently small.+++++

INFO:         59   -1006322.8463          0.0325          0.3602       1497.7116       3743.7132        459.2710       4476.1826        271.3532       -186.0127       7157.4861    -117218.1053    -906524.4459

Iter.    60

+++++ Start micro iteration 60 +++++ 

     STEP        2 POTENTIAL_ENE =    -1005615.41939923  RMSG =      63.0055  MAXG =     329.4804
     STEP        4 POTENTIAL_ENE =    -1006322.84703743  RMSG =       0.0322  MAXG =       0.3553

+++++ STOP: RMSG and MAXG becomes sufficiently small.+++++

INFO:         60   -1006322.8521          0.0322          0.3553       1497.7098       3743.7162        459.2713       4476.1825        271.3535       -186.0131       7157.5013    -117218.1217    -906524.4519

Iter.    61

+++++ Start micro iteration 61 +++++ 

     STEP        1 POTENTIAL_ENE =    -1006322.85213463  RMSG =       0.0329  MAXG =       0.3580

+++++ STOP: RMSG and MAXG becomes sufficiently small.+++++

INFO:         61   -1006322.8571          0.0329          0.3580       1497.7087       3743.7175        459.2713       4476.1832        271.3535       -186.0129       7157.5170    -117218.1217    -906524.4736

Iter.    62

+++++ Start micro iteration 62 +++++ 

     STEP        1 POTENTIAL_ENE =    -1006322.85707229  RMSG =       0.0338  MAXG =       0.4030

+++++ STOP: RMSG and MAXG becomes sufficiently small.+++++

INFO:         62   -1006322.8618          0.0338          0.4030       1497.7081       3743.7185        459.2713       4476.1837        271.3535       -186.0129       7157.5323    -117218.1217    -906524.4946

Iter.    63

+++++ Start micro iteration 63 +++++ 

     STEP        2 POTENTIAL_ENE =    -1005587.55444862  RMSG =      64.2014  MAXG =     337.8442
     STEP        4 POTENTIAL_ENE =    -1006322.86254584  RMSG =       0.0337  MAXG =       0.3649

+++++ STOP: RMSG and MAXG becomes sufficiently small.+++++

INFO:         63   -1006322.8670          0.0337          0.3649       1497.7095       3743.7169        459.2713       4476.1847        271.3535       -186.0122       7157.5445    -117218.1116    -906524.5237

Iter.    64

+++++ Start micro iteration 64 +++++ 

     STEP        1 POTENTIAL_ENE =    -1006322.86699351  RMSG =       0.0343  MAXG =       0.3822

+++++ STOP: RMSG and MAXG becomes sufficiently small.+++++

INFO:         64   -1006322.8712          0.0343          0.3822       1497.7087       3743.7178        459.2713       4476.1853        271.3535       -186.0120       7157.5591    -117218.1115    -906524.5434

Iter.    65

+++++ Start micro iteration 65 +++++ 

     STEP        2 POTENTIAL_ENE =    -1005547.16893219  RMSG =      66.0419  MAXG =     338.9378
     STEP        4 POTENTIAL_ENE =    -1006322.87199947  RMSG =       0.0338  MAXG =       0.3650

+++++ STOP: RMSG and MAXG becomes sufficiently small.+++++

INFO:         65   -1006322.8761          0.0338          0.3650       1497.7068       3743.7211        459.2716       4476.1853        271.3539       -186.0123       7157.5721    -117218.1295    -906524.5451

Iter.    66

+++++ Start micro iteration 66 +++++ 

     STEP        1 POTENTIAL_ENE =    -1006322.87610195  RMSG =       0.0344  MAXG =       0.3733

+++++ STOP: RMSG and MAXG becomes sufficiently small.+++++

INFO:         66   -1006322.8800          0.0344          0.3733       1497.7056       3743.7224        459.2716       4476.1860        271.3540       -186.0123       7157.5860    -117218.1295    -906524.5638

Iter.    67

+++++ Start micro iteration 67 +++++ 

     STEP        2 POTENTIAL_ENE =    -1005546.96794985  RMSG =      66.0926  MAXG =     340.5612
     STEP        4 POTENTIAL_ENE =    -1006322.88076988  RMSG =       0.0344  MAXG =       0.3652

+++++ STOP: RMSG and MAXG becomes sufficiently small.+++++

INFO:         67   -1006322.8845          0.0344          0.3652       1497.7070       3743.7202        459.2716       4476.1871        271.3538       -186.0114       7157.5970    -117218.1197    -906524.5902

Iter.    68

+++++ Start micro iteration 68 +++++ 

     STEP        1 POTENTIAL_ENE =    -1006322.88449678  RMSG =       0.0349  MAXG =       0.3712

+++++ STOP: RMSG and MAXG becomes sufficiently small.+++++

INFO:         68   -1006322.8881          0.0349          0.3712       1497.7063       3743.7211        459.2716       4476.1877        271.3538       -186.0113       7157.6106    -117218.1197    -906524.6082

Iter.    69

+++++ Start micro iteration 69 +++++ 

     STEP        2 POTENTIAL_ENE =    -1005528.48572091  RMSG =      66.8617  MAXG =     336.6669
     STEP        4 POTENTIAL_ENE =    -1006322.88889848  RMSG =       0.0347  MAXG =       0.3645

+++++ STOP: RMSG and MAXG becomes sufficiently small.+++++

INFO:         69   -1006322.8923          0.0347          0.3645       1497.7046       3743.7243        459.2719       4476.1877        271.3542       -186.0115       7157.6226    -117218.1384    -906524.6076

Iter.    70

+++++ Start micro iteration 70 +++++ 

     STEP        1 POTENTIAL_ENE =    -1006322.89225780  RMSG =       0.0353  MAXG =       0.3671

+++++ STOP: RMSG and MAXG becomes sufficiently small.+++++

INFO:         70   -1006322.8956          0.0353          0.3671       1497.7034       3743.7256        459.2719       4476.1884        271.3542       -186.0115       7157.6356    -117218.1384    -906524.6248

Iter.    71

+++++ Start micro iteration 71 +++++ 

     STEP        1 POTENTIAL_ENE =    -1006322.89556234  RMSG =       0.0360  MAXG =       0.4023

+++++ STOP: RMSG and MAXG becomes sufficiently small.+++++

INFO:         71   -1006322.8987          0.0360          0.4023       1497.7029       3743.7264        459.2719       4476.1889        271.3542       -186.0116       7157.6485    -117218.1383    -906524.6416

Iter.    72

+++++ Start micro iteration 72 +++++ 

     STEP        2 POTENTIAL_ENE =    -1005504.57261500  RMSG =      67.8131  MAXG =     345.6441
     STEP        4 POTENTIAL_ENE =    -1006322.89951813  RMSG =       0.0361  MAXG =       0.3713

+++++ STOP: RMSG and MAXG becomes sufficiently small.+++++

INFO:         72   -1006322.9024          0.0361          0.3713       1497.7050       3743.7235        459.2718       4476.1901        271.3541       -186.0106       7157.6581    -117218.1280    -906524.6664

Iter.    73

+++++ Start micro iteration 73 +++++ 

     STEP        1 POTENTIAL_ENE =    -1006322.90239977  RMSG =       0.0366  MAXG =       0.3820

+++++ STOP: RMSG and MAXG becomes sufficiently small.+++++

INFO:         73   -1006322.9053          0.0366          0.3820       1497.7041       3743.7245        459.2718       4476.1907        271.3541       -186.0105       7157.6707    -117218.1280    -906524.6828

Iter.    74

+++++ Start micro iteration 74 +++++ 

     STEP        2 POTENTIAL_ENE =    -1005465.92835963  RMSG =      69.4369  MAXG =     342.0407
     STEP        4 POTENTIAL_ENE =    -1006322.90615151  RMSG =       0.0362  MAXG =       0.3711

+++++ STOP: RMSG and MAXG becomes sufficiently small.+++++

INFO:         74   -1006322.9089          0.0362          0.3711       1497.7023       3743.7281        459.2722       4476.1907        271.3545       -186.0108       7157.6817    -117218.1479    -906524.6797

Iter.    75

+++++ Start micro iteration 75 +++++ 

     STEP        1 POTENTIAL_ENE =    -1006322.90885323  RMSG =       0.0366  MAXG =       0.3735

+++++ STOP: RMSG and MAXG becomes sufficiently small.+++++

INFO:         75   -1006322.9115          0.0366          0.3735       1497.7012       3743.7294        459.2722       4476.1914        271.3545       -186.0108       7157.6939    -117218.1478    -906524.6955

Iter.    76

+++++ Start micro iteration 76 +++++ 

     STEP        2 POTENTIAL_ENE =    -1005458.86268675  RMSG =      69.7543  MAXG =     349.1139
     STEP        4 POTENTIAL_ENE =    -1006322.91239406  RMSG =       0.0366  MAXG =       0.3709

+++++ STOP: RMSG and MAXG becomes sufficiently small.+++++

INFO:         76   -1006322.9149          0.0366          0.3709       1497.7032       3743.7262        459.2721       4476.1927        271.3543       -186.0098       7157.7030    -117218.1376    -906524.7190

Iter.    77

+++++ Start micro iteration 77 +++++ 

     STEP        1 POTENTIAL_ENE =    -1006322.91488983  RMSG =       0.0371  MAXG =       0.3705

+++++ STOP: RMSG and MAXG becomes sufficiently small.+++++

INFO:         77   -1006322.9174          0.0371          0.3705       1497.7024       3743.7271        459.2721       4476.1933        271.3543       -186.0098       7157.7151    -117218.1375    -906524.7344

Iter.    78

+++++ Start micro iteration 78 +++++ 

     STEP        1 POTENTIAL_ENE =    -1006322.91741976  RMSG =       0.0378  MAXG =       0.4019

+++++ STOP: RMSG and MAXG becomes sufficiently small.+++++

INFO:         78   -1006322.9198          0.0378          0.4019       1497.7020       3743.7277        459.2721       4476.1938        271.3543       -186.0098       7157.7268    -117218.1375    -906524.7492

Iter.    79

+++++ Start micro iteration 79 +++++ 

     STEP        2 POTENTIAL_ENE =    -1005443.82939069  RMSG =      70.2472  MAXG =     340.4785
     STEP        4 POTENTIAL_ENE =    -1006322.92068974  RMSG =       0.0379  MAXG =       0.3766

+++++ STOP: RMSG and MAXG becomes sufficiently small.+++++

INFO:         79   -1006322.9229          0.0379          0.3766       1497.7007       3743.7312        459.2724       4476.1938        271.3547       -186.0101       7157.7368    -117218.1578    -906524.7445

Iter.    80

+++++ Start micro iteration 80 +++++ 

     STEP        1 POTENTIAL_ENE =    -1006322.92287421  RMSG =       0.0383  MAXG =       0.3810

+++++ STOP: RMSG and MAXG becomes sufficiently small.+++++

INFO:         80   -1006322.9254          0.0383          0.3810       1497.6994       3743.7326        459.2724       4476.1945        271.3547       -186.0101       7157.7483    -117218.1578    -906524.7594

Iter.    81

+++++ Start micro iteration 81 +++++ 

     STEP        2 POTENTIAL_ENE =    -1005385.76587564  RMSG =      72.6452  MAXG =     353.9938
     STEP        4 POTENTIAL_ENE =    -1006322.92633267  RMSG =       0.0378  MAXG =       0.3767

+++++ STOP: RMSG and MAXG becomes sufficiently small.+++++

INFO:         81   -1006322.9287          0.0378          0.3767       1497.7013       3743.7293        459.2723       4476.1958        271.3545       -186.0090       7157.7566    -117218.1474    -906524.7821

Iter.    82

+++++ Start micro iteration 82 +++++ 

     STEP        1 POTENTIAL_ENE =    -1006322.92869855  RMSG =       0.0383  MAXG =       0.3761

+++++ STOP: RMSG and MAXG becomes sufficiently small.+++++

INFO:         82   -1006322.9311          0.0383          0.3761       1497.7005       3743.7301        459.2724       4476.1964        271.3545       -186.0090       7157.7681    -117218.1474    -906524.7967

Iter.    83

+++++ Start micro iteration 83 +++++ 

     STEP        1 POTENTIAL_ENE =    -1006322.93107072  RMSG =       0.0390  MAXG =       0.4045

+++++ STOP: RMSG and MAXG becomes sufficiently small.+++++

INFO:         83   -1006322.9333          0.0390          0.4045       1497.7001       3743.7307        459.2724       4476.1969        271.3545       -186.0091       7157.7794    -117218.1473    -906524.8109

Iter.    84

+++++ Start micro iteration 84 +++++ 

     STEP        2 POTENTIAL_ENE =    -1005404.85657699  RMSG =      71.7404  MAXG =     341.7220
     STEP        4 POTENTIAL_ENE =    -1006322.93432850  RMSG =       0.0392  MAXG =       0.3823

+++++ STOP: RMSG and MAXG becomes sufficiently small.+++++

INFO:         84   -1006322.9364          0.0392          0.3823       1497.6990       3743.7340        459.2726       4476.1968        271.3549       -186.0093       7157.7887    -117218.1682    -906524.8050

Iter.    85

+++++ Start micro iteration 85 +++++ 

     STEP        1 POTENTIAL_ENE =    -1006322.93642133  RMSG =       0.0396  MAXG =       0.3845

+++++ STOP: RMSG and MAXG becomes sufficiently small.+++++

INFO:         85   -1006322.9386          0.0396          0.3845       1497.6976       3743.7355        459.2726       4476.1976        271.3549       -186.0095       7157.7997    -117218.1681    -906524.8190

Iter.    86

+++++ Start micro iteration 86 +++++ 

     STEP        2 POTENTIAL_ENE =    -1005333.70205009  RMSG =      74.6074  MAXG =     354.7910
     STEP        4 POTENTIAL_ENE =    -1006322.93956619  RMSG =       0.0390  MAXG =       0.3823

+++++ STOP: RMSG and MAXG becomes sufficiently small.+++++

INFO:         86   -1006322.9416          0.0390          0.3823       1497.6996       3743.7319        459.2726       4476.1989        271.3547       -186.0082       7157.8072    -117218.1576    -906524.8407

Iter.    87

+++++ Start micro iteration 87 +++++ 

     STEP        1 POTENTIAL_ENE =    -1006322.94158848  RMSG =       0.0395  MAXG =       0.3816

+++++ STOP: RMSG and MAXG becomes sufficiently small.+++++

INFO:         87   -1006322.9436          0.0395          0.3816       1497.6988       3743.7327        459.2726       4476.1995        271.3547       -186.0083       7157.8181    -117218.1576    -906524.8543

Iter.    88

+++++ Start micro iteration 88 +++++ 

     STEP        2 POTENTIAL_ENE =    -1005365.22256092  RMSG =      73.3102  MAXG =     344.6526
     STEP        4 POTENTIAL_ENE =    -1006322.94461627  RMSG =       0.0396  MAXG =       0.3820

+++++ STOP: RMSG and MAXG becomes sufficiently small.+++++

INFO:         88   -1006322.9465          0.0396          0.3820       1497.6975       3743.7361        459.2728       4476.1994        271.3551       -186.0086       7157.8272    -117218.1790    -906524.8470

Iter.    89

+++++ Start micro iteration 89 +++++ 

     STEP        1 POTENTIAL_ENE =    -1006322.94649165  RMSG =       0.0400  MAXG =       0.3812

+++++ STOP: RMSG and MAXG becomes sufficiently small.+++++

INFO:         89   -1006322.9484          0.0400          0.3812       1497.6962       3743.7375        459.2728       4476.2002        271.3551       -186.0087       7157.8377    -117218.1789    -906524.8603

Iter.    90

+++++ Start micro iteration 90 +++++ 

     STEP        1 POTENTIAL_ENE =    -1006322.94842921  RMSG =       0.0405  MAXG =       0.3991

+++++ STOP: RMSG and MAXG becomes sufficiently small.+++++

INFO:         90   -1006322.9503          0.0405          0.3991       1497.6956       3743.7382        459.2729       4476.2007        271.3551       -186.0088       7157.8481    -117218.1789    -906524.8731

Iter.    91

+++++ Start micro iteration 91 +++++ 

     STEP        2 POTENTIAL_ENE =    -1005326.57255890  RMSG =      74.7682  MAXG =     352.6093
     STEP        4 POTENTIAL_ENE =    -1006322.95132433  RMSG =       0.0405  MAXG =       0.3870

+++++ STOP: RMSG and MAXG becomes sufficiently small.+++++

INFO:         91   -1006322.9530          0.0405          0.3870       1497.6984       3743.7336        459.2728       4476.2020        271.3550       -186.0075       7157.8545    -117218.1678    -906524.8941

Iter.    92

+++++ Start micro iteration 92 +++++ 

     STEP        1 POTENTIAL_ENE =    -1006322.95303591  RMSG =       0.0409  MAXG =       0.3859

+++++ STOP: RMSG and MAXG becomes sufficiently small.+++++

INFO:         92   -1006322.9548          0.0409          0.3859       1497.6975       3743.7345        459.2728       4476.2027        271.3549       -186.0076       7157.8648    -117218.1678    -906524.9067

Iter.    93

+++++ Start micro iteration 93 +++++ 

     STEP        2 POTENTIAL_ENE =    -1005297.64927109  RMSG =      75.8340  MAXG =     351.9060
     STEP        4 POTENTIAL_ENE =    -1006322.95584427  RMSG =       0.0405  MAXG =       0.3866

+++++ STOP: RMSG and MAXG becomes sufficiently small.+++++

INFO:         93   -1006322.9574          0.0405          0.3866       1497.6957       3743.7385        459.2730       4476.2026        271.3553       -186.0079       7157.8732    -117218.1902    -906524.8977

