INFO:       STEP   POTENTIAL_ENE            RMSG            MAXG            BOND           ANGLE    UREY-BRADLEY        DIHEDRAL        IMPROPER            CMAP         VDWAALS           ELECT              QM
 --------------- --------------- --------------- --------------- ---------------
INFO:          0   -1006306.6162          0.0000          0.0000       1497.9169       3743.8015        459.2796       4476.0854        271.3864       -186.0939       7156.0751    -117212.9360    -906512.1310

Iter.     1

+++++ Start micro iteration 1 +++++ 

     STEP        2 POTENTIAL_ENE =    -1000389.36383643  RMSG =     146.4773  MAXG =     427.5115
     STEP        4 POTENTIAL_ENE =    -1006306.68371668  RMSG =       0.1709  MAXG =       1.4195
     STEP        6 POTENTIAL_ENE =    -1006306.73464714  RMSG =       0.1919  MAXG =       2.0712
     STEP        8 POTENTIAL_ENE =    -1006306.78081733  RMSG =       0.1544  MAXG =       1.4325
     STEP       10 POTENTIAL_ENE =    -1006306.83442811  RMSG =       0.3092  MAXG =       2.9884
     STEP       12 POTENTIAL_ENE =    -1006306.87054890  RMSG =       0.1073  MAXG =       0.6949
     STEP       14 POTENTIAL_ENE =    -1006306.90836135  RMSG =       0.1440  MAXG =       1.3679
     STEP       16 POTENTIAL_ENE =    -1006306.91692339  RMSG =       0.1934  MAXG =       2.9436
     STEP       18 POTENTIAL_ENE =    -1006306.94460427  RMSG =       0.0823  MAXG =       0.4280
     STEP       20 POTENTIAL_ENE =    -1006306.96650306  RMSG =       0.1693  MAXG =       1.3997
     STEP       22 POTENTIAL_ENE =    -1006306.98160766  RMSG =       0.0725  MAXG =       0.4496
     STEP       24 POTENTIAL_ENE =    -1006306.99442876  RMSG =       0.1782  MAXG =       1.3103
     STEP       26 POTENTIAL_ENE =    -1006307.00705364  RMSG =       0.0549  MAXG =       0.5208
     STEP       28 POTENTIAL_ENE =    -1006307.01557247  RMSG =       0.1201  MAXG =       0.9952
     STEP       29 POTENTIAL_ENE =    -1006307.02038349  RMSG =       0.0692  MAXG =       0.3754

+++++ STOP: RMSG and MAXG becomes sufficiently small.+++++

INFO:          1   -1006306.9562          0.0692          0.3754       1497.6807       3743.6848        459.2588       4476.2529        271.3930       -185.9724       7156.0109    -117214.5356    -906510.7292

Iter.     2

+++++ Start micro iteration 2 +++++ 

     STEP        2 POTENTIAL_ENE =    -1004708.93322269  RMSG =      83.8553  MAXG =     379.7697
     STEP        4 POTENTIAL_ENE =    -1006306.96105423  RMSG =       0.0650  MAXG =       0.5462
     STEP        6 POTENTIAL_ENE =    -1006306.96986880  RMSG =       0.1026  MAXG =       0.7367
     STEP        8 POTENTIAL_ENE =    -1006306.97830157  RMSG =       0.0528  MAXG =       0.6886
     STEP       10 POTENTIAL_ENE =    -1006306.98872359  RMSG =       0.1163  MAXG =       1.2542
     STEP       12 POTENTIAL_ENE =    -1006306.99449486  RMSG =       0.0425  MAXG =       0.4440
     STEP       14 POTENTIAL_ENE =    -1006306.99835441  RMSG =       0.0543  MAXG =       0.4241
     STEP       16 POTENTIAL_ENE =    -1006306.99771986  RMSG =       0.1908  MAXG =       1.8003
     STEP       18 POTENTIAL_ENE =    -1006307.00453628  RMSG =       0.0334  MAXG =       0.2329

+++++ STOP: RMSG and MAXG becomes sufficiently small.+++++

INFO:          2   -1006311.8435          0.0334          0.2329       1497.7063       3743.6460        459.2645       4476.2250        271.3851       -186.0127       7156.0223    -117214.0867    -906515.9933

Iter.     3

+++++ Start micro iteration 3 +++++ 

     STEP        2 POTENTIAL_ENE =    -1005783.11827134  RMSG =      45.8549  MAXG =     369.1599
     STEP        4 POTENTIAL_ENE =    -1006311.84615812  RMSG =       0.0359  MAXG =       0.2342

+++++ STOP: RMSG and MAXG becomes sufficiently small.+++++

INFO:          3   -1006313.4178          0.0359          0.2342       1497.7255       3743.6278        459.2630       4476.2216        271.3939       -186.0108       7156.0513    -117214.0617    -906517.6285

Iter.     4

+++++ Start micro iteration 4 +++++ 

     STEP        1 POTENTIAL_ENE =    -1006313.41781369  RMSG =       0.0403  MAXG =       0.3929

+++++ STOP: RMSG and MAXG becomes sufficiently small.+++++

INFO:          4   -1006314.2081          0.0403          0.3929       1497.7213       3743.6205        459.2626       4476.2199        271.3938       -186.0111       7156.0662    -117214.0612    -906518.4201

Iter.     5

+++++ Start micro iteration 5 +++++ 

     STEP        1 POTENTIAL_ENE =    -1006314.20810664  RMSG =       0.0401  MAXG =       0.3994

+++++ STOP: RMSG and MAXG becomes sufficiently small.+++++

INFO:          5   -1006314.7525          0.0401          0.3994       1497.7224       3743.6132        459.2624       4476.2176        271.3937       -186.0115       7156.0593    -117214.0612    -906518.9483

Iter.     6

+++++ Start micro iteration 6 +++++ 

     STEP        2 POTENTIAL_ENE =    -1005487.16697106  RMSG =      61.0030  MAXG =     381.7818
     STEP        3 POTENTIAL_ENE =    -1006314.75308483  RMSG =       0.0392  MAXG =       0.3970

+++++ STOP: RMSG and MAXG becomes sufficiently small.+++++

INFO:          6   -1006315.1617          0.0392          0.3970       1497.7118       3743.6087        459.2633       4476.2147        271.3941       -186.0112       7156.0641    -117214.0780    -906519.3292

Iter.     7

+++++ Start micro iteration 7 +++++ 

     STEP        2 POTENTIAL_ENE =    -1005376.95231671  RMSG =      69.0667  MAXG =     435.5500
     STEP        3 POTENTIAL_ENE =    -1006315.16220619  RMSG =       0.0358  MAXG =       0.3904

+++++ STOP: RMSG and MAXG becomes sufficiently small.+++++

INFO:          7   -1006315.4778          0.0358          0.3904       1497.7254       3743.5964        459.2615       4476.2135        271.3942       -186.0111       7156.0489    -117214.0615    -906519.6452

Iter.     8

+++++ Start micro iteration 8 +++++ 

     STEP        2 POTENTIAL_ENE =    -1005528.33088834  RMSG =      64.7127  MAXG =     414.1139
     STEP        3 POTENTIAL_ENE =    -1006315.47824691  RMSG =       0.0379  MAXG =       0.4003

+++++ STOP: RMSG and MAXG becomes sufficiently small.+++++

INFO:          8   -1006315.7306          0.0379          0.4003       1497.7217       3743.5965        459.2617       4476.2115        271.3949       -186.0111       7156.0466    -117214.0654    -906519.8871

Iter.     9

+++++ Start micro iteration 9 +++++ 

     STEP        1 POTENTIAL_ENE =    -1006315.73064293  RMSG =       0.0396  MAXG =       0.4033

+++++ STOP: RMSG and MAXG becomes sufficiently small.+++++

INFO:          9   -1006315.9371          0.0396          0.4033       1497.7249       3743.5915        459.2616       4476.2103        271.3947       -186.0112       7156.0421    -117214.0652    -906520.0858

Iter.    10

+++++ Start micro iteration 10 +++++ 

     STEP        2 POTENTIAL_ENE =    -1005385.44818111  RMSG =      70.2318  MAXG =     423.1388
     STEP        3 POTENTIAL_ENE =    -1006315.93759408  RMSG =       0.0399  MAXG =       0.3859

+++++ STOP: RMSG and MAXG becomes sufficiently small.+++++

INFO:         10   -1006316.1106          0.0399          0.3859       1497.7386       3743.5806        459.2600       4476.2102        271.3954       -186.0113       7156.0322    -117214.0527    -906520.2636

Iter.    11

+++++ Start micro iteration 11 +++++ 

     STEP        1 POTENTIAL_ENE =    -1006316.11057890  RMSG =       0.0417  MAXG =       0.3853

+++++ STOP: RMSG and MAXG becomes sufficiently small.+++++

INFO:         11   -1006316.2580          0.0417          0.3853       1497.7411       3743.5767        459.2599       4476.2094        271.3952       -186.0114       7156.0316    -117214.0524    -906520.4082

Iter.    12

+++++ Start micro iteration 12 +++++ 

     STEP        1 POTENTIAL_ENE =    -1006316.25804718  RMSG =       0.0441  MAXG =       0.3890

+++++ STOP: RMSG and MAXG becomes sufficiently small.+++++

INFO:         12   -1006316.3856          0.0441          0.3890       1497.7440       3743.5725        459.2599       4476.2087        271.3950       -186.0113       7156.0328    -117214.0522    -906520.5350

Iter.    13

+++++ Start micro iteration 13 +++++ 

     STEP        2 POTENTIAL_ENE =    -1005292.21144756  RMSG =      74.4467  MAXG =     435.9359
     STEP        4 POTENTIAL_ENE =    -1006316.38688827  RMSG =       0.0411  MAXG =       0.3494

+++++ STOP: RMSG and MAXG becomes sufficiently small.+++++

INFO:         13   -1006316.4990          0.0411          0.3494       1497.7391       3743.5749        459.2590       4476.2078        271.3968       -186.0113       7156.0345    -117214.0406    -906520.6591

Iter.    14

+++++ Start micro iteration 14 +++++ 

     STEP        2 POTENTIAL_ENE =    -1005315.77864163  RMSG =      73.6626  MAXG =     392.9538
     STEP        3 POTENTIAL_ENE =    -1006316.49946916  RMSG =       0.0421  MAXG =       0.3900

+++++ STOP: RMSG and MAXG becomes sufficiently small.+++++

INFO:         14   -1006316.5991          0.0421          0.3900       1497.7474       3743.5677        459.2584       4476.2089        271.3970       -186.0114       7156.0338    -117214.0358    -906520.7651

Iter.    15

+++++ Start micro iteration 15 +++++ 

     STEP        2 POTENTIAL_ENE =    -1005243.40099981  RMSG =      76.9367  MAXG =     430.5979
     STEP        4 POTENTIAL_ENE =    -1006316.60024864  RMSG =       0.0396  MAXG =       0.3729

+++++ STOP: RMSG and MAXG becomes sufficiently small.+++++

INFO:         15   -1006316.6896          0.0396          0.3729       1497.7416       3743.5750        459.2579       4476.2083        271.3979       -186.0118       7156.0406    -117214.0278    -906520.8714

Iter.    16

+++++ Start micro iteration 16 +++++ 

     STEP        2 POTENTIAL_ENE =    -1005349.95328598  RMSG =      72.7432  MAXG =     389.7345
     STEP        4 POTENTIAL_ENE =    -1006316.69073550  RMSG =       0.0391  MAXG =       0.3603

+++++ STOP: RMSG and MAXG becomes sufficiently small.+++++

INFO:         16   -1006316.7719          0.0391          0.3603       1497.7504       3743.5696        459.2574       4476.2099        271.3986       -186.0121       7156.0416    -117214.0210    -906520.9665

Iter.    17

+++++ Start micro iteration 17 +++++ 

     STEP        2 POTENTIAL_ENE =    -1005319.13031444  RMSG =      74.1609  MAXG =     395.6057
     STEP        3 POTENTIAL_ENE =    -1006316.77240049  RMSG =       0.0402  MAXG =       0.4002

+++++ STOP: RMSG and MAXG becomes sufficiently small.+++++

INFO:         17   -1006316.8467          0.0402          0.4002       1497.7441       3743.5751        459.2573       4476.2093        271.3986       -186.0126       7156.0531    -117214.0165    -906521.0551

Iter.    18

+++++ Start micro iteration 18 +++++ 

     STEP        2 POTENTIAL_ENE =    -1005326.02332134  RMSG =      73.9874  MAXG =     390.7832
     STEP        4 POTENTIAL_ENE =    -1006316.84774463  RMSG =       0.0389  MAXG =       0.3724

+++++ STOP: RMSG and MAXG becomes sufficiently small.+++++

INFO:         18   -1006316.9159          0.0389          0.3724       1497.7543       3743.5690        459.2568       4476.2109        271.3992       -186.0125       7156.0567    -117214.0095    -906521.1409

Iter.    19

+++++ Start micro iteration 19 +++++ 

     STEP        2 POTENTIAL_ENE =    -1005327.13278042  RMSG =      74.1274  MAXG =     392.7813
     STEP        4 POTENTIAL_ENE =    -1006316.91692036  RMSG =       0.0381  MAXG =       0.3591

+++++ STOP: RMSG and MAXG becomes sufficiently small.+++++

INFO:         19   -1006316.9802          0.0381          0.3591       1497.7468       3743.5772        459.2566       4476.2106        271.3996       -186.0132       7156.0689    -117214.0039    -906521.2228

Iter.    20

+++++ Start micro iteration 20 +++++ 

     STEP        2 POTENTIAL_ENE =    -1005348.51096809  RMSG =      73.1107  MAXG =     368.5983
     STEP        3 POTENTIAL_ENE =    -1006316.98061058  RMSG =       0.0395  MAXG =       0.3962

+++++ STOP: RMSG and MAXG becomes sufficiently small.+++++

INFO:         20   -1006317.0395          0.0395          0.3962       1497.7572       3743.5686        459.2565       4476.2121        271.3995       -186.0130       7156.0761    -117213.9998    -906521.2967

Iter.    21

+++++ Start micro iteration 21 +++++ 

     STEP        2 POTENTIAL_ENE =    -1005315.07743928  RMSG =      74.6880  MAXG =     384.5815
     STEP        4 POTENTIAL_ENE =    -1006317.04058277  RMSG =       0.0383  MAXG =       0.3636

+++++ STOP: RMSG and MAXG becomes sufficiently small.+++++

INFO:         21   -1006317.0959          0.0383          0.3636       1497.7495       3743.5781        459.2563       4476.2116        271.3999       -186.0136       7156.0895    -117213.9942    -906521.3730

Iter.    22

+++++ Start micro iteration 22 +++++ 

     STEP        2 POTENTIAL_ENE =    -1005332.99012746  RMSG =      73.8756  MAXG =     382.2110
     STEP        3 POTENTIAL_ENE =    -1006317.09630437  RMSG =       0.0396  MAXG =       0.4026

+++++ STOP: RMSG and MAXG becomes sufficiently small.+++++

INFO:         22   -1006317.1484          0.0396          0.4026       1497.7600       3743.5688        459.2562       4476.2132        271.3998       -186.0135       7156.0983    -117213.9908    -906521.4404

Iter.    23

+++++ Start micro iteration 23 +++++ 

     STEP        2 POTENTIAL_ENE =    -1005309.57392233  RMSG =      74.9099  MAXG =     375.4529
     STEP        4 POTENTIAL_ENE =    -1006317.14943914  RMSG =       0.0384  MAXG =       0.3651

+++++ STOP: RMSG and MAXG becomes sufficiently small.+++++

INFO:         23   -1006317.1987          0.0384          0.3651       1497.7517       3743.5794        459.2560       4476.2127        271.4001       -186.0140       7156.1126    -117213.9856    -906521.5117

Iter.    24

+++++ Start micro iteration 24 +++++ 

     STEP        1 POTENTIAL_ENE =    -1006317.19870404  RMSG =       0.0399  MAXG =       0.4038

+++++ STOP: RMSG and MAXG becomes sufficiently small.+++++

INFO:         24   -1006317.2455          0.0399          0.4038       1497.7531       3743.5775        459.2560       4476.2131        271.3999       -186.0142       7156.1272    -117213.9852    -906521.5728

Iter.    25

+++++ Start micro iteration 25 +++++ 

     STEP        2 POTENTIAL_ENE =    -1005306.28112640  RMSG =      74.7719  MAXG =     384.7054
     STEP        4 POTENTIAL_ENE =    -1006317.24656867  RMSG =       0.0397  MAXG =       0.3785

+++++ STOP: RMSG and MAXG becomes sufficiently small.+++++

INFO:         25   -1006317.2911          0.0397          0.3785       1497.7647       3743.5696        459.2558       4476.2148        271.4003       -186.0139       7156.1345    -117213.9783    -906521.6386

Iter.    26

+++++ Start micro iteration 26 +++++ 

     STEP        2 POTENTIAL_ENE =    -1005257.08893944  RMSG =      76.7742  MAXG =     371.1045
     STEP        3 POTENTIAL_ENE =    -1006317.29155622  RMSG =       0.0402  MAXG =       0.4044

+++++ STOP: RMSG and MAXG becomes sufficiently small.+++++

INFO:         26   -1006317.3341          0.0402          0.4044       1497.7554       3743.5793        459.2558       4476.2144        271.4002       -186.0145       7156.1520    -117213.9769    -906521.6997

Iter.    27

+++++ Start micro iteration 27 +++++ 

     STEP        2 POTENTIAL_ENE =    -1005260.39403875  RMSG =      76.5938  MAXG =     383.0907
     STEP        4 POTENTIAL_ENE =    -1006317.33514687  RMSG =       0.0391  MAXG =       0.3637

+++++ STOP: RMSG and MAXG becomes sufficiently small.+++++

INFO:         27   -1006317.3758          0.0391          0.3637       1497.7660       3743.5713        459.2556       4476.2161        271.4005       -186.0142       7156.1603    -117213.9715    -906521.7600

Iter.    28

+++++ Start micro iteration 28 +++++ 

     STEP        1 POTENTIAL_ENE =    -1006317.37584181  RMSG =       0.0402  MAXG =       0.3977

+++++ STOP: RMSG and MAXG becomes sufficiently small.+++++

INFO:         28   -1006317.4149          0.0402          0.3977       1497.7669       3743.5702        459.2556       4476.2166        271.4004       -186.0146       7156.1759    -117213.9712    -906521.8146

Iter.    29

+++++ Start micro iteration 29 +++++ 

     STEP        2 POTENTIAL_ENE =    -1005281.78653136  RMSG =      75.7549  MAXG =     366.5982
     STEP        4 POTENTIAL_ENE =    -1006317.41603617  RMSG =       0.0405  MAXG =       0.3679

+++++ STOP: RMSG and MAXG becomes sufficiently small.+++++

INFO:         29   -1006317.4535          0.0405          0.3679       1497.7589       3743.5812        459.2555       4476.2163        271.4007       -186.0149       7156.1912    -117213.9658    -906521.8765

Iter.    30

+++++ Start micro iteration 30 +++++ 

     STEP        1 POTENTIAL_ENE =    -1006317.45349944  RMSG =       0.0416  MAXG =       0.3968

+++++ STOP: RMSG and MAXG becomes sufficiently small.+++++

INFO:         30   -1006317.4896          0.0416          0.3968       1497.7599       3743.5798        459.2555       4476.2168        271.4005       -186.0151       7156.2069    -117213.9655    -906521.9284

Iter.    31

+++++ Start micro iteration 31 +++++ 

     STEP        2 POTENTIAL_ENE =    -1005174.33873423  RMSG =      79.5067  MAXG =     386.5934
     STEP        4 POTENTIAL_ENE =    -1006317.49079424  RMSG =       0.0404  MAXG =       0.3641

+++++ STOP: RMSG and MAXG becomes sufficiently small.+++++

INFO:         31   -1006317.5255          0.0404          0.3641       1497.7706       3743.5717        459.2554       4476.2187        271.4008       -186.0147       7156.2148    -117213.9606    -906521.9823

Iter.    32

+++++ Start micro iteration 32 +++++ 

     STEP        1 POTENTIAL_ENE =    -1006317.52553803  RMSG =       0.0414  MAXG =       0.3910

+++++ STOP: RMSG and MAXG becomes sufficiently small.+++++

INFO:         32   -1006317.5591          0.0414          0.3910       1497.7714       3743.5708        459.2554       4476.2192        271.4006       -186.0150       7156.2306    -117213.9603    -906522.0318

Iter.    33

+++++ Start micro iteration 33 +++++ 

     STEP        2 POTENTIAL_ENE =    -1005200.66609535  RMSG =      78.5744  MAXG =     366.7054
     STEP        4 POTENTIAL_ENE =    -1006317.56030818  RMSG =       0.0415  MAXG =       0.3586

+++++ STOP: RMSG and MAXG becomes sufficiently small.+++++

INFO:         33   -1006317.5926          0.0415          0.3586       1497.7624       3743.5826        459.2554       4476.2190        271.4009       -186.0153       7156.2462    -117213.9558    -906522.0880

Iter.    34

+++++ Start micro iteration 34 +++++ 

     STEP        1 POTENTIAL_ENE =    -1006317.59261782  RMSG =       0.0425  MAXG =       0.3843

+++++ STOP: RMSG and MAXG becomes sufficiently small.+++++

INFO:         34   -1006317.6239          0.0425          0.3843       1497.7633       3743.5815        459.2554       4476.2195        271.4007       -186.0155       7156.2621    -117213.9555    -906522.1353

Iter.    35

+++++ Start micro iteration 35 +++++ 

     STEP        2 POTENTIAL_ENE =    -1005118.62142739  RMSG =      81.3813  MAXG =     389.1525
     STEP        3 POTENTIAL_ENE =    -1006317.62449613  RMSG =       0.0437  MAXG =       0.4006

+++++ STOP: RMSG and MAXG becomes sufficiently small.+++++

INFO:         35   -1006317.6547          0.0437          0.4006       1497.7752       3743.5706        459.2553       4476.2214        271.4007       -186.0152       7156.2715    -117213.9519    -906522.1824

Iter.    36

+++++ Start micro iteration 36 +++++ 

     STEP        2 POTENTIAL_ENE =    -1005072.22932554  RMSG =      83.2487  MAXG =     390.0654
     STEP        4 POTENTIAL_ENE =    -1006317.65595025  RMSG =       0.0416  MAXG =       0.3606

+++++ STOP: RMSG and MAXG becomes sufficiently small.+++++

INFO:         36   -1006317.6850          0.0416          0.3606       1497.7643       3743.5840        459.2553       4476.2211        271.4009       -186.0155       7156.2871    -117213.9494    -906522.2329

Iter.    37

+++++ Start micro iteration 37 +++++ 

     STEP        1 POTENTIAL_ENE =    -1006317.68499121  RMSG =       0.0427  MAXG =       0.3860

+++++ STOP: RMSG and MAXG becomes sufficiently small.+++++

INFO:         37   -1006317.7128          0.0427          0.3860       1497.7653       3743.5829        459.2553       4476.2217        271.4007       -186.0157       7156.3029    -117213.9491    -906522.2768

Iter.    38

+++++ Start micro iteration 38 +++++ 

     STEP        2 POTENTIAL_ENE =    -1005135.33587556  RMSG =      80.8659  MAXG =     397.9140
     STEP        3 POTENTIAL_ENE =    -1006317.71342549  RMSG =       0.0451  MAXG =       0.3995

+++++ STOP: RMSG and MAXG becomes sufficiently small.+++++

INFO:         38   -1006317.7404          0.0451          0.3995       1497.7777       3743.5712        459.2553       4476.2237        271.4007       -186.0154       7156.3120    -117213.9444    -906522.3211

Iter.    39

+++++ Start micro iteration 39 +++++ 

     STEP        2 POTENTIAL_ENE =    -1004996.23896353  RMSG =      85.7935  MAXG =     401.0382
     STEP        4 POTENTIAL_ENE =    -1006317.74167095  RMSG =       0.0421  MAXG =       0.3589

+++++ STOP: RMSG and MAXG becomes sufficiently small.+++++

INFO:         39   -1006317.7679          0.0421          0.3589       1497.7664       3743.5850        459.2553       4476.2234        271.4009       -186.0156       7156.3276    -117213.9428    -906522.3680

Iter.    40

+++++ Start micro iteration 40 +++++ 

     STEP        1 POTENTIAL_ENE =    -1006317.76789908  RMSG =       0.0433  MAXG =       0.3831

+++++ STOP: RMSG and MAXG becomes sufficiently small.+++++

INFO:         40   -1006317.7935          0.0433          0.3831       1497.7672       3743.5840        459.2553       4476.2241        271.4007       -186.0159       7156.3432    -117213.9425    -906522.4094

Iter.    41

+++++ Start micro iteration 41 +++++ 

     STEP        2 POTENTIAL_ENE =    -1005112.75459446  RMSG =      81.6211  MAXG =     395.5897
     STEP        3 POTENTIAL_ENE =    -1006317.79405317  RMSG =       0.0461  MAXG =       0.3951

+++++ STOP: RMSG and MAXG becomes sufficiently small.+++++

INFO:         41   -1006317.8189          0.0461          0.3951       1497.7799       3743.5717        459.2552       4476.2260        271.4007       -186.0156       7156.3519    -117213.9373    -906522.4514

Iter.    42

+++++ Start micro iteration 42 +++++ 

     STEP        2 POTENTIAL_ENE =    -1004940.39515919  RMSG =      87.6105  MAXG =     402.2901
     STEP        3 POTENTIAL_ENE =    -1006317.81947723  RMSG =       0.0449  MAXG =       0.4028

+++++ STOP: RMSG and MAXG becomes sufficiently small.+++++

INFO:         42   -1006317.8435          0.0449          0.4028       1497.7696       3743.5838        459.2552       4476.2256        271.4006       -186.0159       7156.3696    -117213.9373    -906522.4948

Iter.    43

+++++ Start micro iteration 43 +++++ 

     STEP        2 POTENTIAL_ENE =    -1005040.01910659  RMSG =      84.2550  MAXG =     369.5413
     STEP        4 POTENTIAL_ENE =    -1006317.84484948  RMSG =       0.0439  MAXG =       0.3630

+++++ STOP: RMSG and MAXG becomes sufficiently small.+++++

INFO:         43   -1006317.8683          0.0439          0.3630       1497.7799       3743.5737        459.2552       4476.2276        271.4008       -186.0155       7156.3760    -117213.9322    -906522.5338

Iter.    44

+++++ Start micro iteration 44 +++++ 

     STEP        1 POTENTIAL_ENE =    -1006317.86830187  RMSG =       0.0448  MAXG =       0.3838

+++++ STOP: RMSG and MAXG becomes sufficiently small.+++++

INFO:         44   -1006317.8912          0.0448          0.3838       1497.7803       3743.5734        459.2552       4476.2283        271.4006       -186.0160       7156.3911    -117213.9319    -906522.5723

Iter.    45

+++++ Start micro iteration 45 +++++ 

     STEP        2 POTENTIAL_ENE =    -1004998.57081357  RMSG =      85.5863  MAXG =     375.2781
     STEP        3 POTENTIAL_ENE =    -1006317.89182027  RMSG =       0.0464  MAXG =       0.4043

+++++ STOP: RMSG and MAXG becomes sufficiently small.+++++

INFO:         45   -1006317.9141          0.0464          0.4043       1497.7716       3743.5842        459.2552       4476.2280        271.4007       -186.0162       7156.4082    -117213.9307    -906522.6151

Iter.    46

+++++ Start micro iteration 46 +++++ 

     STEP        2 POTENTIAL_ENE =    -1004932.01131529  RMSG =      87.8935  MAXG =     403.1755
     STEP        4 POTENTIAL_ENE =    -1006317.91545845  RMSG =       0.0440  MAXG =       0.3692

+++++ STOP: RMSG and MAXG becomes sufficiently small.+++++

INFO:         46   -1006317.9372          0.0440          0.3692       1497.7811       3743.5755        459.2552       4476.2300        271.4008       -186.0157       7156.4141    -117213.9266    -906522.6515

Iter.    47

+++++ Start micro iteration 47 +++++ 

     STEP        1 POTENTIAL_ENE =    -1006317.93717563  RMSG =       0.0449  MAXG =       0.3909

+++++ STOP: RMSG and MAXG becomes sufficiently small.+++++

INFO:         47   -1006317.9584          0.0449          0.3909       1497.7815       3743.5753        459.2552       4476.2308        271.4006       -186.0161       7156.4288    -117213.9264    -906522.6881

Iter.    48

+++++ Start micro iteration 48 +++++ 

     STEP        2 POTENTIAL_ENE =    -1005004.65353668  RMSG =      85.4158  MAXG =     374.4663
     STEP        4 POTENTIAL_ENE =    -1006317.95986883  RMSG =       0.0452  MAXG =       0.3655

+++++ STOP: RMSG and MAXG becomes sufficiently small.+++++

INFO:         48   -1006317.9805          0.0452          0.3655       1497.7721       3743.5870        459.2552       4476.2306        271.4010       -186.0161       7156.4426    -117213.9233    -906522.7295

Iter.    49

+++++ Start micro iteration 49 +++++ 

     STEP        1 POTENTIAL_ENE =    -1006317.98051985  RMSG =       0.0460  MAXG =       0.3880

+++++ STOP: RMSG and MAXG becomes sufficiently small.+++++

INFO:         49   -1006318.0008          0.0460          0.3880       1497.7726       3743.5865        459.2552       4476.2313        271.4008       -186.0164       7156.4571    -117213.9231    -906522.7648

Iter.    50

+++++ Start micro iteration 50 +++++ 

     STEP        2 POTENTIAL_ENE =    -1004927.82828537  RMSG =      87.8739  MAXG =     392.3247
     STEP        4 POTENTIAL_ENE =    -1006318.00221671  RMSG =       0.0448  MAXG =       0.3632

+++++ STOP: RMSG and MAXG becomes sufficiently small.+++++

INFO:         50   -1006318.0219          0.0448          0.3632       1497.7834       3743.5773        459.2552       4476.2334        271.4009       -186.0159       7156.4619    -117213.9195    -906522.7986

Iter.    51

+++++ Start micro iteration 51 +++++ 

     STEP        1 POTENTIAL_ENE =    -1006318.02193944  RMSG =       0.0457  MAXG =       0.3852

+++++ STOP: RMSG and MAXG becomes sufficiently small.+++++

INFO:         51   -1006318.0413          0.0457          0.3852       1497.7836       3743.5771        459.2552       4476.2342        271.4008       -186.0163       7156.4760    -117213.9192    -906522.8328

Iter.    52

+++++ Start micro iteration 52 +++++ 

     STEP        2 POTENTIAL_ENE =    -1004926.70079355  RMSG =      87.8604  MAXG =     374.2388
     STEP        3 POTENTIAL_ENE =    -1006318.04199023  RMSG =       0.0473  MAXG =       0.4050

+++++ STOP: RMSG and MAXG becomes sufficiently small.+++++

INFO:         52   -1006318.0609          0.0473          0.4050       1497.7748       3743.5871        459.2552       4476.2339        271.4008       -186.0165       7156.4923    -117213.9176    -906522.8710

Iter.    53

+++++ Start micro iteration 53 +++++ 

     STEP        2 POTENTIAL_ENE =    -1004887.94431970  RMSG =      89.3017  MAXG =     403.4848
     STEP        4 POTENTIAL_ENE =    -1006318.06232498  RMSG =       0.0451  MAXG =       0.3703

+++++ STOP: RMSG and MAXG becomes sufficiently small.+++++

INFO:         53   -1006318.0808          0.0451          0.3703       1497.7841       3743.5786        459.2552       4476.2360        271.4009       -186.0160       7156.4967    -117213.9147    -906522.9015

Iter.    54

+++++ Start micro iteration 54 +++++ 

     STEP        1 POTENTIAL_ENE =    -1006318.08075468  RMSG =       0.0459  MAXG =       0.3908

+++++ STOP: RMSG and MAXG becomes sufficiently small.+++++

INFO:         54   -1006318.0989          0.0459          0.3908       1497.7843       3743.5785        459.2552       4476.2368        271.4008       -186.0164       7156.5105    -117213.9144    -906522.9341

Iter.    55

+++++ Start micro iteration 55 +++++ 

     STEP        2 POTENTIAL_ENE =    -1004915.67751128  RMSG =      88.2890  MAXG =     378.6689
     STEP        4 POTENTIAL_ENE =    -1006318.10039042  RMSG =       0.0459  MAXG =       0.3654

+++++ STOP: RMSG and MAXG becomes sufficiently small.+++++

INFO:         55   -1006318.1181          0.0459          0.3654       1497.7747       3743.5895        459.2553       4476.2365        271.4010       -186.0162       7156.5235    -117213.9112    -906522.9710

Iter.    56

+++++ Start micro iteration 56 +++++ 

     STEP        1 POTENTIAL_ENE =    -1006318.11806560  RMSG =       0.0466  MAXG =       0.3868

+++++ STOP: RMSG and MAXG becomes sufficiently small.+++++

INFO:         56   -1006318.1355          0.0466          0.3868       1497.7751       3743.5892        459.2553       4476.2373        271.4008       -186.0166       7156.5370    -117213.9109    -906523.0026

Iter.    57

+++++ Start micro iteration 57 +++++ 

     STEP        2 POTENTIAL_ENE =    -1004898.22222776  RMSG =      88.8094  MAXG =     388.7112
     STEP        3 POTENTIAL_ENE =    -1006318.13614722  RMSG =       0.0478  MAXG =       0.4049

+++++ STOP: RMSG and MAXG becomes sufficiently small.+++++

INFO:         57   -1006318.1531          0.0478          0.4049       1497.7867       3743.5788        459.2552       4476.2394        271.4008       -186.0163       7156.5434    -117213.9091    -906523.0321

Iter.    58

+++++ Start micro iteration 58 +++++ 

     STEP        2 POTENTIAL_ENE =    -1004813.78538397  RMSG =      91.6368  MAXG =     391.3670
     STEP        4 POTENTIAL_ENE =    -1006318.15458227  RMSG =       0.0456  MAXG =       0.3699

+++++ STOP: RMSG and MAXG becomes sufficiently small.+++++

INFO:         58   -1006318.1712          0.0456          0.3699       1497.7750       3743.5905        459.2553       4476.2391        271.4009       -186.0163       7156.5563    -117213.9069    -906523.0650

Iter.    59

+++++ Start micro iteration 59 +++++ 

     STEP        1 POTENTIAL_ENE =    -1006318.17123661  RMSG =       0.0464  MAXG =       0.3900

+++++ STOP: RMSG and MAXG becomes sufficiently small.+++++

INFO:         59   -1006318.1876          0.0464          0.3900       1497.7753       3743.5902        459.2553       4476.2399        271.4007       -186.0166       7156.5693    -117213.9067    -906523.0952

Iter.    60

+++++ Start micro iteration 60 +++++ 

     STEP        2 POTENTIAL_ENE =    -1004919.25549345  RMSG =      88.1761  MAXG =     397.4417
     STEP        4 POTENTIAL_ENE =    -1006318.18915295  RMSG =       0.0466  MAXG =       0.3632

+++++ STOP: RMSG and MAXG becomes sufficiently small.+++++

INFO:         60   -1006318.2051          0.0466          0.3632       1497.7872       3743.5801        459.2553       4476.2420        271.4009       -186.0159       7156.5720    -117213.9037    -906523.1230

Iter.    61

+++++ Start micro iteration 61 +++++ 

     STEP        1 POTENTIAL_ENE =    -1006318.20513701  RMSG =       0.0472  MAXG =       0.3837

+++++ STOP: RMSG and MAXG becomes sufficiently small.+++++

INFO:         61   -1006318.2209          0.0472          0.3837       1497.7872       3743.5803        459.2553       4476.2428        271.4007       -186.0164       7156.5848    -117213.9034    -906523.1524

Iter.    62

+++++ Start micro iteration 62 +++++ 

     STEP        2 POTENTIAL_ENE =    -1004816.08762530  RMSG =      91.3811  MAXG =     378.2957
     STEP        3 POTENTIAL_ENE =    -1006318.22162150  RMSG =       0.0479  MAXG =       0.4013

+++++ STOP: RMSG and MAXG becomes sufficiently small.+++++

INFO:         62   -1006318.2371          0.0479          0.4013       1497.7775       3743.5904        459.2553       4476.2425        271.4007       -186.0166       7156.6003    -117213.9017    -906523.1855

Iter.    63

+++++ Start micro iteration 63 +++++ 

     STEP        2 POTENTIAL_ENE =    -1004852.05325429  RMSG =      90.4467  MAXG =     406.1398
     STEP        4 POTENTIAL_ENE =    -1006318.23856636  RMSG =       0.0464  MAXG =       0.3649

+++++ STOP: RMSG and MAXG becomes sufficiently small.+++++

INFO:         63   -1006318.2537          0.0464          0.3649       1497.7870       3743.5814        459.2553       4476.2446        271.4008       -186.0160       7156.6029    -117213.9004    -906523.2095

Iter.    64

+++++ Start micro iteration 64 +++++ 

     STEP        1 POTENTIAL_ENE =    -1006318.25370681  RMSG =       0.0470  MAXG =       0.3844

+++++ STOP: RMSG and MAXG becomes sufficiently small.+++++

INFO:         64   -1006318.2687          0.0470          0.3844       1497.7869       3743.5818        459.2553       4476.2455        271.4007       -186.0164       7156.6163    -117213.9001    -906523.2387

Iter.    65

+++++ Start micro iteration 65 +++++ 

     STEP        2 POTENTIAL_ENE =    -1004834.71951819  RMSG =      90.8577  MAXG =     387.4609
     STEP        4 POTENTIAL_ENE =    -1006318.27026875  RMSG =       0.0468  MAXG =       0.3622

+++++ STOP: RMSG and MAXG becomes sufficiently small.+++++

INFO:         65   -1006318.2850          0.0468          0.3622       1497.7770       3743.5922        459.2554       4476.2451        271.4008       -186.0161       7156.6295    -117213.8966    -906523.2722

Iter.    66

+++++ Start micro iteration 66 +++++ 

     STEP        1 POTENTIAL_ENE =    -1006318.28495979  RMSG =       0.0476  MAXG =       0.3841

+++++ STOP: RMSG and MAXG becomes sufficiently small.+++++

INFO:         66   -1006318.2995          0.0476          0.3841       1497.7773       3743.5922        459.2554       4476.2460        271.4007       -186.0165       7156.6433    -117213.8963    -906523.3015

Iter.    67

+++++ Start micro iteration 67 +++++ 

     STEP        2 POTENTIAL_ENE =    -1004844.56397759  RMSG =      90.4785  MAXG =     388.0873
     STEP        3 POTENTIAL_ENE =    -1006318.30021341  RMSG =       0.0489  MAXG =       0.4020

+++++ STOP: RMSG and MAXG becomes sufficiently small.+++++

INFO:         67   -1006318.3145          0.0489          0.4020       1497.7893       3743.5819        459.2554       4476.2481        271.4006       -186.0161       7156.6500    -117213.8955    -906523.3282

Iter.    68

+++++ Start micro iteration 68 +++++ 

     STEP        2 POTENTIAL_ENE =    -1004747.35159785  RMSG =      93.6627  MAXG =     393.1354
     STEP        4 POTENTIAL_ENE =    -1006318.31600762  RMSG =       0.0468  MAXG =       0.3660

+++++ STOP: RMSG and MAXG becomes sufficiently small.+++++

INFO:         68   -1006318.3300          0.0468          0.3660       1497.7773       3743.5930        459.2555       4476.2477        271.4007       -186.0160       7156.6637    -117213.8928    -906523.3590

Iter.    69

+++++ Start micro iteration 69 +++++ 

     STEP        1 POTENTIAL_ENE =    -1006318.33000716  RMSG =       0.0476  MAXG =       0.3859

+++++ STOP: RMSG and MAXG becomes sufficiently small.+++++

INFO:         69   -1006318.3439          0.0476          0.3859       1497.7776       3743.5930        459.2555       4476.2486        271.4005       -186.0164       7156.6777    -117213.8926    -906523.3878

Iter.    70

+++++ Start micro iteration 70 +++++ 

     STEP        2 POTENTIAL_ENE =    -1004851.09799814  RMSG =      90.3143  MAXG =     398.2280
     STEP        3 POTENTIAL_ENE =    -1006318.34460790  RMSG =       0.0497  MAXG =       0.4025

+++++ STOP: RMSG and MAXG becomes sufficiently small.+++++

INFO:         70   -1006318.3582          0.0497          0.4025       1497.7900       3743.5821        459.2555       4476.2507        271.4005       -186.0159       7156.6843    -117213.8913    -906523.4141

Iter.    71

+++++ Start micro iteration 71 +++++ 

     STEP        2 POTENTIAL_ENE =    -1004715.11015563  RMSG =      94.6563  MAXG =     396.3750
     STEP        4 POTENTIAL_ENE =    -1006318.35979434  RMSG =       0.0473  MAXG =       0.3653

+++++ STOP: RMSG and MAXG becomes sufficiently small.+++++

INFO:         71   -1006318.3732          0.0473          0.3653       1497.7777       3743.5937        459.2555       4476.2503        271.4006       -186.0160       7156.6980    -117213.8888    -906523.4443

Iter.    72

+++++ Start micro iteration 72 +++++ 

     STEP        1 POTENTIAL_ENE =    -1006318.37318314  RMSG =       0.0481  MAXG =       0.3844

+++++ STOP: RMSG and MAXG becomes sufficiently small.+++++

INFO:         72   -1006318.3865          0.0481          0.3844       1497.7780       3743.5937        459.2555       4476.2512        271.4005       -186.0163       7156.7118    -117213.8886    -906523.4722

Iter.    73

+++++ Start micro iteration 73 +++++ 

     STEP        2 POTENTIAL_ENE =    -1004830.00960614  RMSG =      90.9610  MAXG =     394.9765
     STEP        3 POTENTIAL_ENE =    -1006318.38720592  RMSG =       0.0502  MAXG =       0.3999

+++++ STOP: RMSG and MAXG becomes sufficiently small.+++++

INFO:         73   -1006318.4002          0.0502          0.3999       1497.7903       3743.5828        459.2555       4476.2533        271.4004       -186.0158       7156.7181    -117213.8875    -906523.4973

Iter.    74

+++++ Start micro iteration 74 +++++ 

     STEP        2 POTENTIAL_ENE =    -1004706.17951118  RMSG =      94.9366  MAXG =     396.6214
     STEP        4 POTENTIAL_ENE =    -1006318.40184445  RMSG =       0.0478  MAXG =       0.3627

+++++ STOP: RMSG and MAXG becomes sufficiently small.+++++

INFO:         74   -1006318.4147          0.0478          0.3627       1497.7782       3743.5939        459.2556       4476.2529        271.4005       -186.0158       7156.7315    -117213.8849    -906523.5266

Iter.    75

+++++ Start micro iteration 75 +++++ 

     STEP        1 POTENTIAL_ENE =    -1006318.41466185  RMSG =       0.0486  MAXG =       0.3814

+++++ STOP: RMSG and MAXG becomes sufficiently small.+++++

INFO:         75   -1006318.4274          0.0486          0.3814       1497.7784       3743.5940        459.2556       4476.2537        271.4003       -186.0161       7156.7449    -117213.8847    -906523.5536

Iter.    76

+++++ Start micro iteration 76 +++++ 

     STEP        2 POTENTIAL_ENE =    -1004797.29744581  RMSG =      91.9577  MAXG =     392.5606
     STEP        3 POTENTIAL_ENE =    -1006318.42812712  RMSG =       0.0505  MAXG =       0.3962

+++++ STOP: RMSG and MAXG becomes sufficiently small.+++++

INFO:         76   -1006318.4406          0.0505          0.3962       1497.7905       3743.5833        459.2556       4476.2559        271.4003       -186.0156       7156.7509    -117213.8840    -906523.5775

Iter.    77

+++++ Start micro iteration 77 +++++ 

     STEP        2 POTENTIAL_ENE =    -1004702.28265680  RMSG =      95.0538  MAXG =     395.5659
     STEP        3 POTENTIAL_ENE =    -1006318.44136755  RMSG =       0.0500  MAXG =       0.4032

+++++ STOP: RMSG and MAXG becomes sufficiently small.+++++

INFO:         77   -1006318.4537          0.0500          0.4032       1497.7804       3743.5929        459.2556       4476.2555        271.4002       -186.0160       7156.7669    -117213.8812    -906523.6079

Iter.    78

+++++ Start micro iteration 78 +++++ 

     STEP        2 POTENTIAL_ENE =    -1004764.55272976  RMSG =      93.1113  MAXG =     391.5923
     STEP        4 POTENTIAL_ENE =    -1006318.45533593  RMSG =       0.0489  MAXG =       0.3620

+++++ STOP: RMSG and MAXG becomes sufficiently small.+++++

INFO:         78   -1006318.4674          0.0489          0.3620       1497.7895       3743.5837        459.2557       4476.2577        271.4005       -186.0152       7156.7697    -117213.8819    -906523.6271

Iter.    79

+++++ Start micro iteration 79 +++++ 

     STEP        1 POTENTIAL_ENE =    -1006318.46743489  RMSG =       0.0495  MAXG =       0.3786

+++++ STOP: RMSG and MAXG becomes sufficiently small.+++++

INFO:         79   -1006318.4795          0.0495          0.3786       1497.7892       3743.5844        459.2557       4476.2586        271.4004       -186.0157       7156.7825    -117213.8817    -906523.6529

Iter.    80

+++++ Start micro iteration 80 +++++ 

     STEP        2 POTENTIAL_ENE =    -1004729.75139053  RMSG =      94.0447  MAXG =     391.9621
     STEP        3 POTENTIAL_ENE =    -1006318.48024049  RMSG =       0.0508  MAXG =       0.3948

+++++ STOP: RMSG and MAXG becomes sufficiently small.+++++

INFO:         80   -1006318.4919          0.0508          0.3948       1497.7809       3743.5926        459.2557       4476.2581        271.4003       -186.0158       7156.7978    -117213.8777    -906523.6837

Iter.    81

+++++ Start micro iteration 81 +++++ 

     STEP        2 POTENTIAL_ENE =    -1004714.91048526  RMSG =      94.6519  MAXG =     404.7092
     STEP        3 POTENTIAL_ENE =    -1006318.49266630  RMSG =       0.0506  MAXG =       0.4003

+++++ STOP: RMSG and MAXG becomes sufficiently small.+++++

INFO:         81   -1006318.5041          0.0506          0.4003       1497.7910       3743.5835        459.2557       4476.2604        271.4004       -186.0154       7156.8036    -117213.8788    -906523.7045

Iter.    82

+++++ Start micro iteration 82 +++++ 

     STEP        2 POTENTIAL_ENE =    -1004713.14902142  RMSG =      94.7500  MAXG =     389.0614
     STEP        3 POTENTIAL_ENE =    -1006318.50482173  RMSG =       0.0510  MAXG =       0.4043

+++++ STOP: RMSG and MAXG becomes sufficiently small.+++++

INFO:         82   -1006318.5161          0.0510          0.4043       1497.7813       3743.5921        459.2557       4476.2599        271.4002       -186.0157       7156.8185    -117213.8750    -906523.7330

Iter.    83

+++++ Start micro iteration 83 +++++ 

     STEP        2 POTENTIAL_ENE =    -1004742.77958193  RMSG =      93.8171  MAXG =     394.5994
     STEP        4 POTENTIAL_ENE =    -1006318.51774994  RMSG =       0.0495  MAXG =       0.3605

+++++ STOP: RMSG and MAXG becomes sufficiently small.+++++

INFO:         83   -1006318.5288          0.0495          0.3605       1497.7893       3743.5839        459.2557       4476.2621        271.4004       -186.0149       7156.8206    -117213.8762    -906523.7497

Iter.    84

+++++ Start micro iteration 84 +++++ 

     STEP        1 POTENTIAL_ENE =    -1006318.52879547  RMSG =       0.0501  MAXG =       0.3760

+++++ STOP: RMSG and MAXG becomes sufficiently small.+++++

INFO:         84   -1006318.5398          0.0501          0.3760       1497.7889       3743.5847        459.2557       4476.2630        271.4003       -186.0154       7156.8326    -117213.8760    -906523.7737

Iter.    85

+++++ Start micro iteration 85 +++++ 

     STEP        1 POTENTIAL_ENE =    -1006318.53984929  RMSG =       0.0510  MAXG =       0.4032

+++++ STOP: RMSG and MAXG becomes sufficiently small.+++++

INFO:         85   -1006318.5507          0.0510          0.4032       1497.7892       3743.5847        459.2557       4476.2638        271.4002       -186.0156       7156.8442    -117213.8759    -906523.7972

Iter.    86

+++++ Start micro iteration 86 +++++ 

     STEP        2 POTENTIAL_ENE =    -1004692.74323276  RMSG =      95.0899  MAXG =     398.2502
     STEP        4 POTENTIAL_ENE =    -1006318.55248342  RMSG =       0.0507  MAXG =       0.3640

+++++ STOP: RMSG and MAXG becomes sufficiently small.+++++

INFO:         86   -1006318.5631          0.0507          0.3640       1497.7807       3743.5929        459.2558       4476.2630        271.4001       -186.0151       7156.8547    -117213.8697    -906523.8255

Iter.    87

+++++ Start micro iteration 87 +++++ 

     STEP        1 POTENTIAL_ENE =    -1006318.56313943  RMSG =       0.0512  MAXG =       0.3747

+++++ STOP: RMSG and MAXG becomes sufficiently small.+++++

INFO:         87   -1006318.5738          0.0512          0.3747       1497.7805       3743.5933        459.2558       4476.2639        271.4000       -186.0155       7156.8661    -117213.8695    -906523.8484

Iter.    88

+++++ Start micro iteration 88 +++++ 

     STEP        1 POTENTIAL_ENE =    -1006318.57377789  RMSG =       0.0521  MAXG =       0.3994

+++++ STOP: RMSG and MAXG becomes sufficiently small.+++++

INFO:         88   -1006318.5843          0.0521          0.3994       1497.7809       3743.5931        459.2558       4476.2647        271.3999       -186.0157       7156.8772    -117213.8694    -906523.8709

Iter.    89

+++++ Start micro iteration 89 +++++ 

     STEP        2 POTENTIAL_ENE =    -1004676.14991195  RMSG =      95.4845  MAXG =     379.4898
     STEP        3 POTENTIAL_ENE =    -1006318.58508605  RMSG =       0.0531  MAXG =       0.4029

+++++ STOP: RMSG and MAXG becomes sufficiently small.+++++

INFO:         89   -1006318.5954          0.0531          0.4029       1497.7916       3743.5840        459.2558       4476.2670        271.4002       -186.0152       7156.8812    -117213.8707    -906523.8893

Iter.    90

+++++ Start micro iteration 90 +++++ 

     STEP        2 POTENTIAL_ENE =    -1004570.86937870  RMSG =      98.8184  MAXG =     402.3092
     STEP        3 POTENTIAL_ENE =    -1006318.59619660  RMSG =       0.0523  MAXG =       0.4045

+++++ STOP: RMSG and MAXG becomes sufficiently small.+++++

INFO:         90   -1006318.6064          0.0523          0.4045       1497.7822       3743.5924        459.2558       4476.2664        271.3999       -186.0154       7156.8945    -117213.8667    -906523.9156

Iter.    91

+++++ Start micro iteration 91 +++++ 

     STEP        2 POTENTIAL_ENE =    -1004715.71292177  RMSG =      94.5943  MAXG =     393.0768
     STEP        3 POTENTIAL_ENE =    -1006318.60721549  RMSG =       0.0532  MAXG =       0.4049

+++++ STOP: RMSG and MAXG becomes sufficiently small.+++++

INFO:         91   -1006318.6173          0.0532          0.4049       1497.7918       3743.5830        459.2559       4476.2687        271.4001       -186.0149       7156.8989    -117213.8683    -906523.9326

Iter.    92

+++++ Start micro iteration 92 +++++ 

     STEP        2 POTENTIAL_ENE =    -1004592.31388883  RMSG =      98.2598  MAXG =     399.2959
     STEP        4 POTENTIAL_ENE =    -1006318.61908553  RMSG =       0.0507  MAXG =       0.3841

+++++ STOP: RMSG and MAXG becomes sufficiently small.+++++

INFO:         92   -1006318.6291          0.0507          0.3841       1497.7798       3743.5927        459.2559       4476.2680        271.3999       -186.0148       7156.9084    -117213.8633    -906523.9557

Iter.    93

+++++ Start micro iteration 93 +++++ 

     STEP        1 POTENTIAL_ENE =    -1006318.62905565  RMSG =       0.0513  MAXG =       0.3769

+++++ STOP: RMSG and MAXG becomes sufficiently small.+++++

INFO:         93   -1006318.6390          0.0513          0.3769       1497.7795       3743.5933        459.2559       4476.2689        271.3998       -186.0152       7156.9190    -117213.8631    -906523.9771

