INFO:       STEP   POTENTIAL_ENE            RMSG            MAXG            BOND           ANGLE    UREY-BRADLEY        DIHEDRAL        IMPROPER            CMAP         VDWAALS           ELECT              QM
 --------------- --------------- --------------- --------------- ---------------
INFO:          0   -1006294.9550          0.0000          0.0000       1497.8113       3743.7012        459.2878       4476.1285        271.3307       -186.0710       7155.4547    -117213.9687    -906498.6294

Iter.     1

+++++ Start micro iteration 1 +++++ 

     STEP        2 POTENTIAL_ENE =    -1000092.07755591  RMSG =     150.8537  MAXG =     485.3298
     STEP        4 POTENTIAL_ENE =    -1006295.04427342  RMSG =       0.2021  MAXG =       1.7978
     STEP        6 POTENTIAL_ENE =    -1006295.10404126  RMSG =       0.2103  MAXG =       2.5222
     STEP        8 POTENTIAL_ENE =    -1006295.14063641  RMSG =       0.1422  MAXG =       1.2291
     STEP       10 POTENTIAL_ENE =    -1006295.16756728  RMSG =       0.4332  MAXG =       4.0644
     STEP       12 POTENTIAL_ENE =    -1006295.20137075  RMSG =       0.1290  MAXG =       0.8193
     STEP       14 POTENTIAL_ENE =    -1006295.23173775  RMSG =       0.1334  MAXG =       0.9878
     STEP       16 POTENTIAL_ENE =    -1006295.25824940  RMSG =       0.0998  MAXG =       0.6810
     STEP       18 POTENTIAL_ENE =    -1006295.27564314  RMSG =       0.1003  MAXG =       0.7912
     STEP       20 POTENTIAL_ENE =    -1006295.28975460  RMSG =       0.0708  MAXG =       0.5434
     STEP       22 POTENTIAL_ENE =    -1006295.29931019  RMSG =       0.0757  MAXG =       0.6738
     STEP       24 POTENTIAL_ENE =    -1006295.30933290  RMSG =       0.0595  MAXG =       0.3722

+++++ STOP: RMSG and MAXG becomes sufficiently small.+++++

INFO:          1   -1006295.2620          0.0595          0.3722       1497.7745       3743.6598        459.2587       4476.2108        271.3391       -186.0142       7155.4695    -117217.0990    -906495.8613

Iter.     2

+++++ Start micro iteration 2 +++++ 

     STEP        2 POTENTIAL_ENE =    -1005450.34982748  RMSG =      56.4375  MAXG =     384.3388
     STEP        4 POTENTIAL_ENE =    -1006295.26798338  RMSG =       0.0604  MAXG =       0.8966
     STEP        6 POTENTIAL_ENE =    -1006295.27473337  RMSG =       0.0817  MAXG =       0.7108
     STEP        8 POTENTIAL_ENE =    -1006295.28128564  RMSG =       0.0503  MAXG =       0.4836
     STEP       10 POTENTIAL_ENE =    -1006295.28780616  RMSG =       0.0628  MAXG =       0.4773
     STEP       12 POTENTIAL_ENE =    -1006295.29467336  RMSG =       0.0423  MAXG =       0.2936

+++++ STOP: RMSG and MAXG becomes sufficiently small.+++++

INFO:          2   -1006312.0892          0.0423          0.2936       1497.7568       3743.6959        459.2544       4476.1792        271.3207       -186.0216       7155.6223    -117216.6843    -906513.2126

Iter.     3

+++++ Start micro iteration 3 +++++ 

     STEP        2 POTENTIAL_ENE =    -1005336.25091422  RMSG =      59.8578  MAXG =     348.5761
     STEP        4 POTENTIAL_ENE =    -1006312.09371139  RMSG =       0.0473  MAXG =       0.4594
     STEP        6 POTENTIAL_ENE =    -1006312.09818434  RMSG =       0.0568  MAXG =       0.5420
     STEP        8 POTENTIAL_ENE =    -1006312.10113312  RMSG =       0.0358  MAXG =       0.4111
     STEP        9 POTENTIAL_ENE =    -1006312.10268575  RMSG =       0.0354  MAXG =       0.3955

+++++ STOP: RMSG and MAXG becomes sufficiently small.+++++

INFO:          3   -1006318.2465          0.0354          0.3955       1497.7658       3743.6998        459.2539       4476.1763        271.3285       -186.0262       7155.7650    -117216.8259    -906519.3837

Iter.     4

+++++ Start micro iteration 4 +++++ 

     STEP        2 POTENTIAL_ENE =    -1005331.56825888  RMSG =      63.9044  MAXG =     414.1095
     STEP        4 POTENTIAL_ENE =    -1006318.24832162  RMSG =       0.0352  MAXG =       0.3819

+++++ STOP: RMSG and MAXG becomes sufficiently small.+++++

INFO:          4   -1006320.4956          0.0352          0.3819       1497.7448       3743.6988        459.2561       4476.1770        271.3331       -186.0245       7155.8329    -117216.9003    -906521.6134

Iter.     5

+++++ Start micro iteration 5 +++++ 

     STEP        2 POTENTIAL_ENE =    -1005845.23063137  RMSG =      45.1649  MAXG =     333.3359
     STEP        4 POTENTIAL_ENE =    -1006320.49751016  RMSG =       0.0450  MAXG =       0.4352
     STEP        6 POTENTIAL_ENE =    -1006320.50367204  RMSG =       0.1286  MAXG =       1.9329
     STEP        8 POTENTIAL_ENE =    -1006320.50856231  RMSG =       0.0340  MAXG =       0.2593

+++++ STOP: RMSG and MAXG becomes sufficiently small.+++++

INFO:          5   -1006321.6639          0.0340          0.2593       1497.7716       3743.7181        459.2607       4476.1785        271.3360       -186.0284       7155.9379    -117217.4016    -906522.4366

Iter.     6

+++++ Start micro iteration 6 +++++ 

     STEP        1 POTENTIAL_ENE =    -1006321.66389343  RMSG =       0.0346  MAXG =       0.2842

+++++ STOP: RMSG and MAXG becomes sufficiently small.+++++

INFO:          6   -1006322.2764          0.0346          0.2842       1497.7739       3743.7185        459.2607       4476.1800        271.3363       -186.0252       7155.9726    -117217.4015    -906523.0915

Iter.     7

+++++ Start micro iteration 7 +++++ 

     STEP        1 POTENTIAL_ENE =    -1006322.27636102  RMSG =       0.0398  MAXG =       0.3701

+++++ STOP: RMSG and MAXG becomes sufficiently small.+++++

INFO:          7   -1006322.6370          0.0398          0.3701       1497.7752       3743.7227        459.2607       4476.1814        271.3364       -186.0243       7156.0040    -117217.4017    -906523.4914

Iter.     8

+++++ Start micro iteration 8 +++++ 

     STEP        2 POTENTIAL_ENE =    -1005774.32597046  RMSG =      46.0164  MAXG =     334.8743
     STEP        3 POTENTIAL_ENE =    -1006322.63790267  RMSG =       0.0476  MAXG =       0.3768

+++++ STOP: RMSG and MAXG becomes sufficiently small.+++++

INFO:          8   -1006322.8795          0.0476          0.3768       1497.7637       3743.7335        459.2586       4476.1822        271.3375       -186.0248       7156.0353    -117217.4399    -906523.7257

Iter.     9

+++++ Start micro iteration 9 +++++ 

     STEP        2 POTENTIAL_ENE =    -1005267.94925931  RMSG =      71.6256  MAXG =     426.0880
     STEP        3 POTENTIAL_ENE =    -1006322.88017494  RMSG =       0.0419  MAXG =       0.3938

+++++ STOP: RMSG and MAXG becomes sufficiently small.+++++

INFO:          9   -1006323.0588          0.0419          0.3938       1497.7591       3743.7404        459.2600       4476.1842        271.3378       -186.0231       7156.0658    -117217.4016    -906523.9813

Iter.    10

+++++ Start micro iteration 10 +++++ 

     STEP        2 POTENTIAL_ENE =    -1005306.76311566  RMSG =      72.4582  MAXG =     399.9950
     STEP        4 POTENTIAL_ENE =    -1006323.06007401  RMSG =       0.0399  MAXG =       0.3689

+++++ STOP: RMSG and MAXG becomes sufficiently small.+++++

INFO:         10   -1006323.2001          0.0399          0.3689       1497.7621       3743.7452        459.2598       4476.1846        271.3382       -186.0238       7156.0938    -117217.4365    -906524.1235

Iter.    11

+++++ Start micro iteration 11 +++++ 

     STEP        1 POTENTIAL_ENE =    -1006323.20011807  RMSG =       0.0413  MAXG =       0.3921

+++++ STOP: RMSG and MAXG becomes sufficiently small.+++++

INFO:         11   -1006323.3145          0.0413          0.3921       1497.7624       3743.7488        459.2599       4476.1859        271.3383       -186.0227       7156.1264    -117217.4366    -906524.2770

Iter.    12

+++++ Start micro iteration 12 +++++ 

     STEP        2 POTENTIAL_ENE =    -1005479.33546904  RMSG =      66.3797  MAXG =     377.1781
     STEP        4 POTENTIAL_ENE =    -1006323.31599572  RMSG =       0.0447  MAXG =       0.3996

+++++ STOP: RMSG and MAXG becomes sufficiently small.+++++

INFO:         12   -1006323.4118          0.0447          0.3996       1497.7452       3743.7597        459.2602       4476.1882        271.3383       -186.0221       7156.1637    -117217.4139    -906524.4310

Iter.    13

+++++ Start micro iteration 13 +++++ 

     STEP        2 POTENTIAL_ENE =    -1005100.17325089  RMSG =      79.9616  MAXG =     413.3834
     STEP        4 POTENTIAL_ENE =    -1006323.41307993  RMSG =       0.0412  MAXG =       0.3955

+++++ STOP: RMSG and MAXG becomes sufficiently small.+++++

INFO:         13   -1006323.4949          0.0412          0.3955       1497.7551       3743.7589        459.2604       4476.1882        271.3387       -186.0225       7156.1969    -117217.4511    -906524.5196

Iter.    14

+++++ Start micro iteration 14 +++++ 

     STEP        2 POTENTIAL_ENE =    -1005406.41573892  RMSG =      69.4490  MAXG =     362.3013
     STEP        4 POTENTIAL_ENE =    -1006323.49628894  RMSG =       0.0447  MAXG =       0.4094
     STEP        6 POTENTIAL_ENE =    -1006323.50850790  RMSG =       0.0752  MAXG =       1.6389
     STEP        8 POTENTIAL_ENE =    -1006323.51851854  RMSG =       0.0713  MAXG =       0.5940
     STEP       10 POTENTIAL_ENE =    -1006323.52426186  RMSG =       0.0559  MAXG =       0.7918
     STEP       12 POTENTIAL_ENE =    -1006323.52751829  RMSG =       0.1779  MAXG =       1.6440
     STEP       14 POTENTIAL_ENE =    -1006323.53389794  RMSG =       0.0417  MAXG =       0.5366
     STEP       16 POTENTIAL_ENE =    -1006323.53794373  RMSG =       0.0516  MAXG =       0.6253
     STEP       18 POTENTIAL_ENE =    -1006323.54097738  RMSG =       0.0324  MAXG =       0.3655

+++++ STOP: RMSG and MAXG becomes sufficiently small.+++++

INFO:         14   -1006323.6030          0.0324          0.3655       1497.7697       3743.7246        459.2598       4476.1693        271.3445       -186.0485       7156.2196    -117218.1331    -906523.9089

Iter.    15

+++++ Start micro iteration 15 +++++ 

     STEP        1 POTENTIAL_ENE =    -1006323.60300906  RMSG =       0.0376  MAXG =       0.3892

+++++ STOP: RMSG and MAXG becomes sufficiently small.+++++

INFO:         15   -1006323.6732          0.0376          0.3892       1497.7721       3743.7236        459.2600       4476.1701        271.3447       -186.0465       7156.2652    -117218.1332    -906524.0292

Iter.    16

+++++ Start micro iteration 16 +++++ 

     STEP        1 POTENTIAL_ENE =    -1006323.67317766  RMSG =       0.0381  MAXG =       0.3800

+++++ STOP: RMSG and MAXG becomes sufficiently small.+++++

INFO:         16   -1006323.7349          0.0381          0.3800       1497.7718       3743.7268        459.2601       4476.1709        271.3448       -186.0458       7156.3074    -117218.1334    -906524.1376

Iter.    17

+++++ Start micro iteration 17 +++++ 

     STEP        2 POTENTIAL_ENE =    -1005889.21945151  RMSG =      42.4142  MAXG =     368.8230
     STEP        3 POTENTIAL_ENE =    -1006323.73575651  RMSG =       0.0487  MAXG =       0.3729

+++++ STOP: RMSG and MAXG becomes sufficiently small.+++++

INFO:         17   -1006323.7907          0.0487          0.3729       1497.7513       3743.7350        459.2613       4476.1725        271.3443       -186.0446       7156.3474    -117218.1175    -906524.2403

Iter.    18

+++++ Start micro iteration 18 +++++ 

     STEP        1 POTENTIAL_ENE =    -1006323.79068365  RMSG =       0.0479  MAXG =       0.3729

+++++ STOP: RMSG and MAXG becomes sufficiently small.+++++

INFO:         18   -1006323.8399          0.0479          0.3729       1497.7501       3743.7387        459.2614       4476.1735        271.3444       -186.0439       7156.3854    -117218.1175    -906524.3319

Iter.    19

+++++ Start micro iteration 19 +++++ 

     STEP        2 POTENTIAL_ENE =    -1005052.67534699  RMSG =      79.7890  MAXG =     405.9166
     STEP        3 POTENTIAL_ENE =    -1006323.84053082  RMSG =       0.0361  MAXG =       0.3975

+++++ STOP: RMSG and MAXG becomes sufficiently small.+++++

INFO:         19   -1006323.8850          0.0361          0.3975       1497.7615       3743.7226        459.2610       4476.1737        271.3441       -186.0432       7156.4210    -117218.1129    -906524.4128

Iter.    20

+++++ Start micro iteration 20 +++++ 

     STEP        2 POTENTIAL_ENE =    -1005451.68084966  RMSG =      67.3963  MAXG =     387.0263
     STEP        3 POTENTIAL_ENE =    -1006323.88539101  RMSG =       0.0360  MAXG =       0.3807

+++++ STOP: RMSG and MAXG becomes sufficiently small.+++++

INFO:         20   -1006323.9254          0.0360          0.3807       1497.7542       3743.7399        459.2603       4476.1748        271.3445       -186.0427       7156.4587    -117218.1048    -906524.5104

Iter.    21

+++++ Start micro iteration 21 +++++ 

     STEP        1 POTENTIAL_ENE =    -1006323.92544637  RMSG =       0.0369  MAXG =       0.3965

+++++ STOP: RMSG and MAXG becomes sufficiently small.+++++

INFO:         21   -1006323.9618          0.0369          0.3965       1497.7529       3743.7441        459.2604       4476.1756        271.3446       -186.0424       7156.4929    -117218.1049    -906524.5850

Iter.    22

+++++ Start micro iteration 22 +++++ 

     STEP        2 POTENTIAL_ENE =    -1005396.86794058  RMSG =      70.2829  MAXG =     397.6589
     STEP        3 POTENTIAL_ENE =    -1006323.96223420  RMSG =       0.0376  MAXG =       0.3884

+++++ STOP: RMSG and MAXG becomes sufficiently small.+++++

INFO:         22   -1006323.9953          0.0376          0.3884       1497.7507       3743.7285        459.2617       4476.1763        271.3443       -186.0420       7156.5238    -117218.1051    -906524.6337

Iter.    23

+++++ Start micro iteration 23 +++++ 

     STEP        2 POTENTIAL_ENE =    -1005303.47143099  RMSG =      74.9590  MAXG =     396.9690
     STEP        3 POTENTIAL_ENE =    -1006323.99577171  RMSG =       0.0364  MAXG =       0.3677

+++++ STOP: RMSG and MAXG becomes sufficiently small.+++++

INFO:         23   -1006324.0261          0.0364          0.3677       1497.7509       3743.7446        459.2612       4476.1769        271.3446       -186.0414       7156.5560    -117218.0932    -906524.7257

Iter.    24

+++++ Start micro iteration 24 +++++ 

     STEP        1 POTENTIAL_ENE =    -1006324.02611443  RMSG =       0.0382  MAXG =       0.3864

+++++ STOP: RMSG and MAXG becomes sufficiently small.+++++

INFO:         24   -1006324.0539          0.0382          0.3864       1497.7496       3743.7484        459.2613       4476.1777        271.3447       -186.0410       7156.5874    -117218.0934    -906524.7886

Iter.    25

+++++ Start micro iteration 25 +++++ 

     STEP        2 POTENTIAL_ENE =    -1005411.39121120  RMSG =      70.3815  MAXG =     365.9894
     STEP        3 POTENTIAL_ENE =    -1006324.05439530  RMSG =       0.0412  MAXG =       0.3941

+++++ STOP: RMSG and MAXG becomes sufficiently small.+++++

INFO:         25   -1006324.0799          0.0412          0.3941       1497.7428       3743.7338        459.2623       4476.1785        271.3445       -186.0408       7156.6168    -117218.0964    -906524.8214

Iter.    26

+++++ Start micro iteration 26 +++++ 

     STEP        2 POTENTIAL_ENE =    -1005185.30369254  RMSG =      79.5694  MAXG =     397.8036
     STEP        4 POTENTIAL_ENE =    -1006324.08095407  RMSG =       0.0356  MAXG =       0.3646

+++++ STOP: RMSG and MAXG becomes sufficiently small.+++++

INFO:         26   -1006324.1047          0.0356          0.3646       1497.7442       3743.7487        459.2620       4476.1788        271.3447       -186.0401       7156.6457    -117218.0805    -906524.9083

Iter.    27

+++++ Start micro iteration 27 +++++ 

     STEP        1 POTENTIAL_ENE =    -1006324.10470210  RMSG =       0.0376  MAXG =       0.3712

+++++ STOP: RMSG and MAXG becomes sufficiently small.+++++

INFO:         27   -1006324.1270          0.0376          0.3712       1497.7433       3743.7516        459.2621       4476.1794        271.3449       -186.0393       7156.6746    -117218.0807    -906524.9628

Iter.    28

+++++ Start micro iteration 28 +++++ 

     STEP        2 POTENTIAL_ENE =    -1005463.04058338  RMSG =      68.4840  MAXG =     340.9571
     STEP        4 POTENTIAL_ENE =    -1006324.12808788  RMSG =       0.0387  MAXG =       0.3650

+++++ STOP: RMSG and MAXG becomes sufficiently small.+++++

INFO:         28   -1006324.1485          0.0387          0.3650       1497.7352       3743.7368        459.2632       4476.1803        271.3447       -186.0391       7156.7009    -117218.0808    -906524.9898

Iter.    29

+++++ Start micro iteration 29 +++++ 

     STEP        1 POTENTIAL_ENE =    -1006324.14846348  RMSG =       0.0405  MAXG =       0.3950

+++++ STOP: RMSG and MAXG becomes sufficiently small.+++++

INFO:         29   -1006324.1673          0.0405          0.3950       1497.7340       3743.7399        459.2633       4476.1809        271.3449       -186.0383       7156.7282    -117218.0810    -906525.0392

Iter.    30

+++++ Start micro iteration 30 +++++ 

     STEP        2 POTENTIAL_ENE =    -1005205.80456116  RMSG =      78.8373  MAXG =     391.1041
     STEP        4 POTENTIAL_ENE =    -1006324.16840916  RMSG =       0.0380  MAXG =       0.3599

+++++ STOP: RMSG and MAXG becomes sufficiently small.+++++

INFO:         30   -1006324.1863          0.0380          0.3599       1497.7370       3743.7558        459.2630       4476.1810        271.3451       -186.0378       7156.7538    -117218.0702    -906525.1140

Iter.    31

+++++ Start micro iteration 31 +++++ 

     STEP        2 POTENTIAL_ENE =    -1005347.25543345  RMSG =      73.4070  MAXG =     352.6417
     STEP        4 POTENTIAL_ENE =    -1006324.18727070  RMSG =       0.0377  MAXG =       0.3434

+++++ STOP: RMSG and MAXG becomes sufficiently small.+++++

INFO:         31   -1006324.2040          0.0377          0.3434       1497.7305       3743.7411        459.2639       4476.1818        271.3451       -186.0370       7156.7785    -117218.0734    -906525.1345

Iter.    32

+++++ Start micro iteration 32 +++++ 

     STEP        2 POTENTIAL_ENE =    -1005282.78378186  RMSG =      76.1932  MAXG =     368.2143
     STEP        4 POTENTIAL_ENE =    -1006324.20493775  RMSG =       0.0366  MAXG =       0.3271

+++++ STOP: RMSG and MAXG becomes sufficiently small.+++++

INFO:         32   -1006324.2207          0.0366          0.3271       1497.7335       3743.7569        459.2636       4476.1819        271.3453       -186.0361       7156.8028    -117218.0653    -906525.2034

Iter.    33

+++++ Start micro iteration 33 +++++ 

     STEP        1 POTENTIAL_ENE =    -1006324.22068210  RMSG =       0.0384  MAXG =       0.4042

+++++ STOP: RMSG and MAXG becomes sufficiently small.+++++

INFO:         33   -1006324.2355          0.0384          0.4042       1497.7325       3743.7595        459.2637       4476.1824        271.3455       -186.0354       7156.8273    -117218.0654    -906525.2455

Iter.    34

+++++ Start micro iteration 34 +++++ 

     STEP        2 POTENTIAL_ENE =    -1005381.19884081  RMSG =      71.9746  MAXG =     343.7075
     STEP        4 POTENTIAL_ENE =    -1006324.23659995  RMSG =       0.0396  MAXG =       0.3667

+++++ STOP: RMSG and MAXG becomes sufficiently small.+++++

INFO:         34   -1006324.2505          0.0396          0.3667       1497.7253       3743.7445        459.2647       4476.1833        271.3453       -186.0353       7156.8497    -117218.0691    -906525.2589

Iter.    35

+++++ Start micro iteration 35 +++++ 

     STEP        2 POTENTIAL_ENE =    -1005189.24808695  RMSG =      79.6008  MAXG =     383.7006
     STEP        4 POTENTIAL_ENE =    -1006324.25146162  RMSG =       0.0373  MAXG =       0.3519

+++++ STOP: RMSG and MAXG becomes sufficiently small.+++++

INFO:         35   -1006324.2647          0.0373          0.3519       1497.7295       3743.7609        459.2643       4476.1833        271.3455       -186.0344       7156.8720    -117218.0628    -906525.3230

Iter.    36

+++++ Start micro iteration 36 +++++ 

     STEP        2 POTENTIAL_ENE =    -1005381.62723456  RMSG =      72.1869  MAXG =     336.6346
     STEP        4 POTENTIAL_ENE =    -1006324.26575454  RMSG =       0.0384  MAXG =       0.3504

+++++ STOP: RMSG and MAXG becomes sufficiently small.+++++

INFO:         36   -1006324.2780          0.0384          0.3504       1497.7233       3743.7457        459.2652       4476.1842        271.3455       -186.0338       7156.8947    -117218.0674    -906525.3354

Iter.    37

+++++ Start micro iteration 37 +++++ 

     STEP        2 POTENTIAL_ENE =    -1005233.98619274  RMSG =      78.0580  MAXG =     371.3145
     STEP        4 POTENTIAL_ENE =    -1006324.27895282  RMSG =       0.0372  MAXG =       0.3451

+++++ STOP: RMSG and MAXG becomes sufficiently small.+++++

INFO:         37   -1006324.2902          0.0372          0.3451       1497.7270       3743.7621        459.2649       4476.1842        271.3457       -186.0329       7156.9177    -117218.0625    -906525.3963

Iter.    38

+++++ Start micro iteration 38 +++++ 

     STEP        2 POTENTIAL_ENE =    -1005367.57336838  RMSG =      72.8493  MAXG =     335.9154
     STEP        4 POTENTIAL_ENE =    -1006324.29117186  RMSG =       0.0383  MAXG =       0.3477

+++++ STOP: RMSG and MAXG becomes sufficiently small.+++++

INFO:         38   -1006324.3021          0.0383          0.3477       1497.7211       3743.7470        459.2657       4476.1850        271.3456       -186.0324       7156.9401    -117218.0678    -906525.4065

Iter.    39

+++++ Start micro iteration 39 +++++ 

     STEP        2 POTENTIAL_ENE =    -1005242.04487068  RMSG =      77.8256  MAXG =     365.5960
     STEP        4 POTENTIAL_ENE =    -1006324.30303381  RMSG =       0.0375  MAXG =       0.3431

+++++ STOP: RMSG and MAXG becomes sufficiently small.+++++

INFO:         39   -1006324.3135          0.0375          0.3431       1497.7246       3743.7636        459.2655       4476.1850        271.3458       -186.0317       7156.9626    -117218.0634    -906525.4654

Iter.    40

+++++ Start micro iteration 40 +++++ 

     STEP        2 POTENTIAL_ENE =    -1005350.32698399  RMSG =      73.5976  MAXG =     336.7614
     STEP        4 POTENTIAL_ENE =    -1006324.31449143  RMSG =       0.0385  MAXG =       0.3455

+++++ STOP: RMSG and MAXG becomes sufficiently small.+++++

INFO:         40   -1006324.3244          0.0385          0.3455       1497.7188       3743.7483        459.2662       4476.1859        271.3458       -186.0312       7156.9846    -117218.0691    -906525.4736

Iter.    41

+++++ Start micro iteration 41 +++++ 

     STEP        2 POTENTIAL_ENE =    -1005238.54066841  RMSG =      77.9903  MAXG =     364.2721
     STEP        4 POTENTIAL_ENE =    -1006324.32536996  RMSG =       0.0379  MAXG =       0.3420

+++++ STOP: RMSG and MAXG becomes sufficiently small.+++++

INFO:         41   -1006324.3349          0.0379          0.3420       1497.7223       3743.7650        459.2660       4476.1858        271.3459       -186.0306       7157.0064    -117218.0652    -906525.5306

Iter.    42

+++++ Start micro iteration 42 +++++ 

     STEP        2 POTENTIAL_ENE =    -1005330.36742161  RMSG =      74.4079  MAXG =     337.7876
     STEP        4 POTENTIAL_ENE =    -1006324.33594431  RMSG =       0.0388  MAXG =       0.3443

+++++ STOP: RMSG and MAXG becomes sufficiently small.+++++

INFO:         42   -1006324.3450          0.0388          0.3443       1497.7165       3743.7495        459.2668       4476.1867        271.3459       -186.0301       7157.0277    -117218.0712    -906525.5368

Iter.    43

+++++ Start micro iteration 43 +++++ 

     STEP        2 POTENTIAL_ENE =    -1005229.08376057  RMSG =      78.3503  MAXG =     363.4320
     STEP        4 POTENTIAL_ENE =    -1006324.34596307  RMSG =       0.0384  MAXG =       0.3418

+++++ STOP: RMSG and MAXG becomes sufficiently small.+++++

INFO:         43   -1006324.3547          0.0384          0.3418       1497.7201       3743.7663        459.2666       4476.1867        271.3460       -186.0296       7157.0487    -117218.0677    -906525.5918

Iter.    44

+++++ Start micro iteration 44 +++++ 

     STEP        2 POTENTIAL_ENE =    -1005308.73483013  RMSG =      75.2543  MAXG =     338.6325
     STEP        4 POTENTIAL_ENE =    -1006324.35568940  RMSG =       0.0393  MAXG =       0.3441

+++++ STOP: RMSG and MAXG becomes sufficiently small.+++++

INFO:         44   -1006324.3639          0.0393          0.3441       1497.7143       3743.7506        459.2673       4476.1876        271.3460       -186.0291       7157.0692    -117218.0740    -906525.5959

Iter.    45

+++++ Start micro iteration 45 +++++ 

     STEP        2 POTENTIAL_ENE =    -1005217.20272727  RMSG =      78.7870  MAXG =     361.1020
     STEP        4 POTENTIAL_ENE =    -1006324.36490184  RMSG =       0.0389  MAXG =       0.3420

+++++ STOP: RMSG and MAXG becomes sufficiently small.+++++

INFO:         45   -1006324.3728          0.0389          0.3420       1497.7181       3743.7676        459.2671       4476.1875        271.3461       -186.0286       7157.0893    -117218.0709    -906525.6490

Iter.    46

+++++ Start micro iteration 46 +++++ 

     STEP        2 POTENTIAL_ENE =    -1005288.45634222  RMSG =      76.0286  MAXG =     338.9145
     STEP        4 POTENTIAL_ENE =    -1006324.37386101  RMSG =       0.0397  MAXG =       0.3441

+++++ STOP: RMSG and MAXG becomes sufficiently small.+++++

INFO:         46   -1006324.3813          0.0397          0.3441       1497.7123       3743.7517        459.2678       4476.1884        271.3462       -186.0281       7157.1090    -117218.0774    -906525.6511

Iter.    47

+++++ Start micro iteration 47 +++++ 

     STEP        2 POTENTIAL_ENE =    -1005206.58368182  RMSG =      79.1700  MAXG =     357.8950
     STEP        4 POTENTIAL_ENE =    -1006324.38234723  RMSG =       0.0395  MAXG =       0.3422

+++++ STOP: RMSG and MAXG becomes sufficiently small.+++++

INFO:         47   -1006324.3896          0.0395          0.3422       1497.7162       3743.7687        459.2676       4476.1883        271.3463       -186.0277       7157.1281    -117218.0747    -906525.7025

Iter.    48

+++++ Start micro iteration 48 +++++ 

     STEP        1 POTENTIAL_ENE =    -1006324.38955862  RMSG =       0.0406  MAXG =       0.4030

+++++ STOP: RMSG and MAXG becomes sufficiently small.+++++

INFO:         48   -1006324.3964          0.0406          0.4030       1497.7150       3743.7710        459.2677       4476.1888        271.3464       -186.0273       7157.1483    -117218.0748    -906525.7315

Iter.    49

+++++ Start micro iteration 49 +++++ 

     STEP        2 POTENTIAL_ENE =    -1005263.72030669  RMSG =      76.7425  MAXG =     338.8246
     STEP        4 POTENTIAL_ENE =    -1006324.39757954  RMSG =       0.0419  MAXG =       0.3739

+++++ STOP: RMSG and MAXG becomes sufficiently small.+++++

INFO:         49   -1006324.4040          0.0419          0.3739       1497.7092       3743.7542        459.2684       4476.1898        271.3464       -186.0270       7157.1663    -117218.0812    -906525.7300

Iter.    50

+++++ Start micro iteration 50 +++++ 

     STEP        2 POTENTIAL_ENE =    -1005122.51909365  RMSG =      82.1145  MAXG =     367.6295
     STEP        4 POTENTIAL_ENE =    -1006324.40511232  RMSG =       0.0408  MAXG =       0.3618

+++++ STOP: RMSG and MAXG becomes sufficiently small.+++++

INFO:         50   -1006324.4114          0.0408          0.3618       1497.7137       3743.7719        459.2682       4476.1895        271.3465       -186.0266       7157.1840    -117218.0790    -906525.7796

Iter.    51

+++++ Start micro iteration 51 +++++ 

     STEP        2 POTENTIAL_ENE =    -1005236.04952290  RMSG =      77.8885  MAXG =     338.8104
     STEP        4 POTENTIAL_ENE =    -1006324.41252271  RMSG =       0.0418  MAXG =       0.3594

+++++ STOP: RMSG and MAXG becomes sufficiently small.+++++

INFO:         51   -1006324.4184          0.0418          0.3594       1497.7077       3743.7553        459.2688       4476.1905        271.3466       -186.0261       7157.2014    -117218.0860    -906525.7767

Iter.    52

+++++ Start micro iteration 52 +++++ 

     STEP        2 POTENTIAL_ENE =    -1005143.33700963  RMSG =      81.3875  MAXG =     360.5120
     STEP        4 POTENTIAL_ENE =    -1006324.41951357  RMSG =       0.0412  MAXG =       0.3545

+++++ STOP: RMSG and MAXG becomes sufficiently small.+++++

INFO:         52   -1006324.4253          0.0412          0.3545       1497.7120       3743.7729        459.2687       4476.1903        271.3467       -186.0258       7157.2182    -117218.0841    -906525.8242

Iter.    53

+++++ Start micro iteration 53 +++++ 

     STEP        2 POTENTIAL_ENE =    -1005211.81987766  RMSG =      78.7916  MAXG =     340.4300
     STEP        4 POTENTIAL_ENE =    -1006324.42639250  RMSG =       0.0418  MAXG =       0.3536

+++++ STOP: RMSG and MAXG becomes sufficiently small.+++++

INFO:         53   -1006324.4318          0.0418          0.3536       1497.7061       3743.7561        459.2693       4476.1913        271.3467       -186.0252       7157.2349    -117218.0911    -906525.8199

Iter.    54

+++++ Start micro iteration 54 +++++ 

     STEP        2 POTENTIAL_ENE =    -1005155.34584309  RMSG =      80.9725  MAXG =     353.2465
     STEP        4 POTENTIAL_ENE =    -1006324.43292823  RMSG =       0.0415  MAXG =       0.3488

+++++ STOP: RMSG and MAXG becomes sufficiently small.+++++

INFO:         54   -1006324.4382          0.0415          0.3488       1497.7104       3743.7737        459.2692       4476.1910        271.3468       -186.0250       7157.2508    -117218.0896    -906525.8656

Iter.    55

+++++ Start micro iteration 55 +++++ 

     STEP        1 POTENTIAL_ENE =    -1006324.43817331  RMSG =       0.0424  MAXG =       0.3991

+++++ STOP: RMSG and MAXG becomes sufficiently small.+++++

INFO:         55   -1006324.4432          0.0424          0.3991       1497.7093       3743.7757        459.2692       4476.1915        271.3469       -186.0247       7157.2681    -117218.0896    -906525.8896

Iter.    56

+++++ Start micro iteration 56 +++++ 

     STEP        2 POTENTIAL_ENE =    -1005191.18621807  RMSG =      79.3870  MAXG =     340.9209
     STEP        4 POTENTIAL_ENE =    -1006324.44440308  RMSG =       0.0433  MAXG =       0.3718

+++++ STOP: RMSG and MAXG becomes sufficiently small.+++++

INFO:         56   -1006324.4490          0.0433          0.3718       1497.7036       3743.7582        459.2698       4476.1926        271.3469       -186.0242       7157.2832    -117218.0965    -906525.8825

Iter.    57

+++++ Start micro iteration 57 +++++ 

     STEP        2 POTENTIAL_ENE =    -1005098.55610894  RMSG =      82.9170  MAXG =     358.6737
     STEP        4 POTENTIAL_ENE =    -1006324.45015214  RMSG =       0.0425  MAXG =       0.3598

+++++ STOP: RMSG and MAXG becomes sufficiently small.+++++

INFO:         57   -1006324.4547          0.0425          0.3598       1497.7082       3743.7762        459.2697       4476.1922        271.3470       -186.0240       7157.2977    -117218.0955    -906525.9264

Iter.    58

+++++ Start micro iteration 58 +++++ 

     STEP        2 POTENTIAL_ENE =    -1005172.96574697  RMSG =      80.1449  MAXG =     340.7994
     STEP        4 POTENTIAL_ENE =    -1006324.45592931  RMSG =       0.0430  MAXG =       0.3548

+++++ STOP: RMSG and MAXG becomes sufficiently small.+++++

INFO:         58   -1006324.4602          0.0430          0.3548       1497.7024       3743.7588        459.2702       4476.1933        271.3471       -186.0234       7157.3124    -117218.1027    -906525.9183

Iter.    59

+++++ Start micro iteration 59 +++++ 

     STEP        1 POTENTIAL_ENE =    -1006324.46021455  RMSG =       0.0438  MAXG =       0.3992

+++++ STOP: RMSG and MAXG becomes sufficiently small.+++++

INFO:         59   -1006324.4644          0.0438          0.3992       1497.7008       3743.7613        459.2702       4476.1938        271.3472       -186.0233       7157.3280    -117218.1028    -906525.9398

Iter.    60

+++++ Start micro iteration 60 +++++ 

     STEP        2 POTENTIAL_ENE =    -1005122.59785962  RMSG =      81.9777  MAXG =     352.1628
     STEP        4 POTENTIAL_ENE =    -1006324.46564295  RMSG =       0.0440  MAXG =       0.3712

+++++ STOP: RMSG and MAXG becomes sufficiently small.+++++

INFO:         60   -1006324.4696          0.0440          0.3712       1497.7064       3743.7783        459.2701       4476.1934        271.3472       -186.0231       7157.3411    -117218.1017    -906525.9815

Iter.    61

+++++ Start micro iteration 61 +++++ 

     STEP        2 POTENTIAL_ENE =    -1005098.17092301  RMSG =      82.7811  MAXG =     351.3855
     STEP        4 POTENTIAL_ENE =    -1006324.47084384  RMSG =       0.0436  MAXG =       0.3610

+++++ STOP: RMSG and MAXG becomes sufficiently small.+++++

INFO:         61   -1006324.4746          0.0436          0.3610       1497.7002       3743.7614        459.2706       4476.1945        271.3474       -186.0225       7157.3547    -117218.1096    -906525.9712

Iter.    62

+++++ Start micro iteration 62 +++++ 

     STEP        1 POTENTIAL_ENE =    -1006324.47457064  RMSG =       0.0443  MAXG =       0.4014

+++++ STOP: RMSG and MAXG becomes sufficiently small.+++++

INFO:         62   -1006324.4782          0.0443          0.4014       1497.6988       3743.7637        459.2707       4476.1950        271.3475       -186.0224       7157.3693    -117218.1097    -906525.9911

Iter.    63

+++++ Start micro iteration 63 +++++ 

     STEP        2 POTENTIAL_ENE =    -1005127.35470297  RMSG =      81.7554  MAXG =     349.7466
     STEP        4 POTENTIAL_ENE =    -1006324.47952550  RMSG =       0.0449  MAXG =       0.3739

+++++ STOP: RMSG and MAXG becomes sufficiently small.+++++

INFO:         63   -1006324.4830          0.0449          0.3739       1497.7046       3743.7803        459.2706       4476.1946        271.3475       -186.0222       7157.3812    -117218.1085    -906526.0310

Iter.    64

+++++ Start micro iteration 64 +++++ 

     STEP        2 POTENTIAL_ENE =    -1005061.06502988  RMSG =      84.0206  MAXG =     354.2236
     STEP        4 POTENTIAL_ENE =    -1006324.48424112  RMSG =       0.0441  MAXG =       0.3632

+++++ STOP: RMSG and MAXG becomes sufficiently small.+++++

INFO:         64   -1006324.4874          0.0441          0.3632       1497.6983       3743.7635        459.2711       4476.1956        271.3477       -186.0216       7157.3937    -117218.1170    -906526.0186

Iter.    65

+++++ Start micro iteration 65 +++++ 

     STEP        1 POTENTIAL_ENE =    -1006324.48742756  RMSG =       0.0448  MAXG =       0.3992

+++++ STOP: RMSG and MAXG becomes sufficiently small.+++++

INFO:         65   -1006324.4907          0.0448          0.3992       1497.6970       3743.7657        459.2711       4476.1962        271.3477       -186.0215       7157.4071    -117218.1171    -906526.0367

Iter.    66

+++++ Start micro iteration 66 +++++ 

     STEP        2 POTENTIAL_ENE =    -1005120.65922255  RMSG =      81.9658  MAXG =     349.8476
     STEP        4 POTENTIAL_ENE =    -1006324.49196975  RMSG =       0.0455  MAXG =       0.3728

+++++ STOP: RMSG and MAXG becomes sufficiently small.+++++

INFO:         66   -1006324.4950          0.0455          0.3728       1497.7029       3743.7820        459.2710       4476.1958        271.3477       -186.0213       7157.4177    -117218.1159    -906526.0748

Iter.    67

+++++ Start micro iteration 67 +++++ 

     STEP        2 POTENTIAL_ENE =    -1005041.62507038  RMSG =      84.6536  MAXG =     354.8278
     STEP        4 POTENTIAL_ENE =    -1006324.49622899  RMSG =       0.0445  MAXG =       0.3740

+++++ STOP: RMSG and MAXG becomes sufficiently small.+++++

INFO:         67   -1006324.4990          0.0445          0.3740       1497.6964       3743.7653        459.2715       4476.1968        271.3479       -186.0207       7157.4292    -117218.1249    -906526.0605

Iter.    68

+++++ Start micro iteration 68 +++++ 

     STEP        1 POTENTIAL_ENE =    -1006324.49902380  RMSG =       0.0452  MAXG =       0.3938

+++++ STOP: RMSG and MAXG becomes sufficiently small.+++++

INFO:         68   -1006324.5017          0.0452          0.3938       1497.6951       3743.7674        459.2715       4476.1973        271.3480       -186.0207       7157.4417    -117218.1249    -906526.0771

Iter.    69

+++++ Start micro iteration 69 +++++ 

     STEP        2 POTENTIAL_ENE =    -1005111.18929640  RMSG =      82.2798  MAXG =     350.1015
     STEP        4 POTENTIAL_ENE =    -1006324.50308363  RMSG =       0.0458  MAXG =       0.3813

+++++ STOP: RMSG and MAXG becomes sufficiently small.+++++

INFO:         69   -1006324.5056          0.0458          0.3813       1497.7014       3743.7832        459.2714       4476.1969        271.3480       -186.0205       7157.4511    -117218.1237    -906526.1135

Iter.    70

+++++ Start micro iteration 70 +++++ 

     STEP        1 POTENTIAL_ENE =    -1006324.50562972  RMSG =       0.0463  MAXG =       0.3990

+++++ STOP: RMSG and MAXG becomes sufficiently small.+++++

INFO:         70   -1006324.5081          0.0463          0.3990       1497.7003       3743.7850        459.2714       4476.1975        271.3480       -186.0202       7157.4630    -117218.1237    -906526.1293

Iter.    71

+++++ Start micro iteration 71 +++++ 

     STEP        2 POTENTIAL_ENE =    -1005031.43445075  RMSG =      84.9102  MAXG =     354.3887
     STEP        4 POTENTIAL_ENE =    -1006324.50940785  RMSG =       0.0458  MAXG =       0.3885

+++++ STOP: RMSG and MAXG becomes sufficiently small.+++++

INFO:         71   -1006324.5116          0.0458          0.3885       1497.6942       3743.7676        459.2719       4476.1985        271.3482       -186.0198       7157.4732    -117218.1330    -906526.1122

Iter.    72

+++++ Start micro iteration 72 +++++ 

     STEP        1 POTENTIAL_ENE =    -1006324.51159146  RMSG =       0.0463  MAXG =       0.4010

+++++ STOP: RMSG and MAXG becomes sufficiently small.+++++

INFO:         72   -1006324.5138          0.0463          0.4010       1497.6928       3743.7697        459.2719       4476.1990        271.3483       -186.0197       7157.4845    -117218.1331    -906526.1271

Iter.    73

+++++ Start micro iteration 73 +++++ 

     STEP        2 POTENTIAL_ENE =    -1005054.44144478  RMSG =      84.2432  MAXG =     353.7559
     STEP        4 POTENTIAL_ENE =    -1006324.51514217  RMSG =       0.0465  MAXG =       0.3946

+++++ STOP: RMSG and MAXG becomes sufficiently small.+++++

INFO:         73   -1006324.5172          0.0465          0.3946       1497.6995       3743.7856        459.2717       4476.1986        271.3483       -186.0195       7157.4927    -117218.1321    -906526.1621

Iter.    74

+++++ Start micro iteration 74 +++++ 

     STEP        1 POTENTIAL_ENE =    -1006324.51716822  RMSG =       0.0469  MAXG =       0.3998

+++++ STOP: RMSG and MAXG becomes sufficiently small.+++++

INFO:         74   -1006324.5191          0.0469          0.3998       1497.6985       3743.7873        459.2717       4476.1991        271.3483       -186.0193       7157.5036    -117218.1321    -906526.1763

Iter.    75

+++++ Start micro iteration 75 +++++ 

     STEP        2 POTENTIAL_ENE =    -1005024.09858315  RMSG =      85.1499  MAXG =     354.0878
     STEP        4 POTENTIAL_ENE =    -1006324.52050307  RMSG =       0.0466  MAXG =       0.4000

+++++ STOP: RMSG and MAXG becomes sufficiently small.+++++

INFO:         75   -1006324.5222          0.0466          0.4000       1497.6922       3743.7698        459.2723       4476.2001        271.3485       -186.0189       7157.5129    -117218.1418    -906526.1573

Iter.    76

+++++ Start micro iteration 76 +++++ 

     STEP        1 POTENTIAL_ENE =    -1006324.52221901  RMSG =       0.0470  MAXG =       0.3995

+++++ STOP: RMSG and MAXG becomes sufficiently small.+++++

INFO:         76   -1006324.5240          0.0470          0.3995       1497.6909       3743.7718        459.2723       4476.2007        271.3486       -186.0188       7157.5233    -117218.1418    -906526.1707

Iter.    77

+++++ Start micro iteration 77 +++++ 

     STEP        2 POTENTIAL_ENE =    -1005027.27179183  RMSG =      85.1542  MAXG =     354.4709
     STEP        4 POTENTIAL_ENE =    -1006324.52536593  RMSG =       0.0469  MAXG =       0.4044

+++++ STOP: RMSG and MAXG becomes sufficiently small.+++++

INFO:         77   -1006324.5270          0.0469          0.4044       1497.6978       3743.7877        459.2721       4476.2002        271.3486       -186.0185       7157.5305    -117218.1410    -906526.2044

Iter.    78

+++++ Start micro iteration 78 +++++ 

     STEP        1 POTENTIAL_ENE =    -1006324.52699035  RMSG =       0.0473  MAXG =       0.4040

+++++ STOP: RMSG and MAXG becomes sufficiently small.+++++

INFO:         78   -1006324.5286          0.0473          0.4040       1497.6968       3743.7893        459.2721       4476.2008        271.3486       -186.0184       7157.5406    -117218.1410    -906526.2173

Iter.    79

+++++ Start micro iteration 79 +++++ 

     STEP        2 POTENTIAL_ENE =    -1005010.32062819  RMSG =      85.5982  MAXG =     354.8506
     STEP        4 POTENTIAL_ENE =    -1006324.52996882  RMSG =       0.0471  MAXG =       0.4085
     STEP        6 POTENTIAL_ENE =    -1006324.54939446  RMSG =       0.2465  MAXG =       2.1521
     STEP        8 POTENTIAL_ENE =    -1006324.56793234  RMSG =       0.0638  MAXG =       0.6271
     STEP       10 POTENTIAL_ENE =    -1006324.57730758  RMSG =       0.0662  MAXG =       0.4778
     STEP       12 POTENTIAL_ENE =    -1006324.58232459  RMSG =       0.1245  MAXG =       1.3312
     STEP       13 POTENTIAL_ENE =    -1006324.58621939  RMSG =       0.0379  MAXG =       0.3938

+++++ STOP: RMSG and MAXG becomes sufficiently small.+++++

INFO:         79   -1006324.5723          0.0379          0.3938       1497.6933       3743.6430        459.2788       4476.1875        271.3408       -186.0022       7157.3926    -117218.5185    -906525.5877

Iter.    80

+++++ Start micro iteration 80 +++++ 

     STEP        2 POTENTIAL_ENE =    -1006017.81400891  RMSG =      35.0965  MAXG =     334.6255
     STEP        4 POTENTIAL_ENE =    -1006324.57527509  RMSG =       0.0481  MAXG =       0.4659
     STEP        5 POTENTIAL_ENE =    -1006324.57897530  RMSG =       0.0445  MAXG =       0.4038

+++++ STOP: RMSG and MAXG becomes sufficiently small.+++++

INFO:         80   -1006324.5847          0.0445          0.4038       1497.7062       3743.6820        459.2765       4476.1785        271.3479       -186.0128       7157.4367    -117218.5179    -906525.6817

Iter.    81

+++++ Start micro iteration 81 +++++ 

     STEP        2 POTENTIAL_ENE =    -1005886.21046083  RMSG =      39.6151  MAXG =     347.5777
     STEP        3 POTENTIAL_ENE =    -1006324.58579513  RMSG =       0.0492  MAXG =       0.3853

+++++ STOP: RMSG and MAXG becomes sufficiently small.+++++

INFO:         81   -1006324.5905          0.0492          0.3853       1497.7082       3743.6829        459.2762       4476.1795        271.3478       -186.0115       7157.4574    -117218.4961    -906525.7350

Iter.    82

+++++ Start micro iteration 82 +++++ 

     STEP        1 POTENTIAL_ENE =    -1006324.59048628  RMSG =       0.0480  MAXG =       0.3439

+++++ STOP: RMSG and MAXG becomes sufficiently small.+++++

INFO:         82   -1006324.5945          0.0480          0.3439       1497.7068       3743.6843        459.2762       4476.1799        271.3479       -186.0114       7157.4770    -117218.4961    -906525.7592

Iter.    83

+++++ Start micro iteration 83 +++++ 

     STEP        1 POTENTIAL_ENE =    -1006324.59450674  RMSG =       0.0480  MAXG =       0.3438

+++++ STOP: RMSG and MAXG becomes sufficiently small.+++++

INFO:         83   -1006324.5981          0.0480          0.3438       1497.7060       3743.6856        459.2762       4476.1802        271.3480       -186.0115       7157.4955    -117218.4963    -906525.7819

Iter.    84

+++++ Start micro iteration 84 +++++ 

     STEP        1 POTENTIAL_ENE =    -1006324.59810821  RMSG =       0.0480  MAXG =       0.3438

+++++ STOP: RMSG and MAXG becomes sufficiently small.+++++

INFO:         84   -1006324.6014          0.0480          0.3438       1497.7053       3743.6868        459.2762       4476.1806        271.3480       -186.0115       7157.5127    -117218.4963    -906525.8031

Iter.    85

+++++ Start micro iteration 85 +++++ 

     STEP        1 POTENTIAL_ENE =    -1006324.60141162  RMSG =       0.0481  MAXG =       0.3450

+++++ STOP: RMSG and MAXG becomes sufficiently small.+++++

INFO:         85   -1006324.6044          0.0481          0.3450       1497.7047       3743.6879        459.2762       4476.1809        271.3480       -186.0116       7157.5290    -117218.4964    -906525.8233

Iter.    86

+++++ Start micro iteration 86 +++++ 

     STEP        1 POTENTIAL_ENE =    -1006324.60442425  RMSG =       0.0482  MAXG =       0.3492

+++++ STOP: RMSG and MAXG becomes sufficiently small.+++++

INFO:         86   -1006324.6072          0.0482          0.3492       1497.7042       3743.6890        459.2763       4476.1813        271.3481       -186.0116       7157.5443    -117218.4965    -906525.8423

Iter.    87

+++++ Start micro iteration 87 +++++ 

     STEP        1 POTENTIAL_ENE =    -1006324.60720496  RMSG =       0.0484  MAXG =       0.3517

+++++ STOP: RMSG and MAXG becomes sufficiently small.+++++

INFO:         87   -1006324.6098          0.0484          0.3517       1497.7037       3743.6901        459.2763       4476.1817        271.3481       -186.0117       7157.5589    -117218.4965    -906525.8603

Iter.    88

+++++ Start micro iteration 88 +++++ 

     STEP        1 POTENTIAL_ENE =    -1006324.60975658  RMSG =       0.0486  MAXG =       0.3538

+++++ STOP: RMSG and MAXG becomes sufficiently small.+++++

INFO:         88   -1006324.6121          0.0486          0.3538       1497.7033       3743.6911        459.2763       4476.1821        271.3481       -186.0117       7157.5728    -117218.4966    -906525.8775

Iter.    89

+++++ Start micro iteration 89 +++++ 

     STEP        1 POTENTIAL_ENE =    -1006324.61213663  RMSG =       0.0489  MAXG =       0.3553

+++++ STOP: RMSG and MAXG becomes sufficiently small.+++++

INFO:         89   -1006324.6144          0.0489          0.3553       1497.7029       3743.6921        459.2763       4476.1825        271.3481       -186.0118       7157.5861    -117218.4967    -906525.8940

Iter.    90

+++++ Start micro iteration 90 +++++ 

     STEP        1 POTENTIAL_ENE =    -1006324.61435332  RMSG =       0.0493  MAXG =       0.3572

+++++ STOP: RMSG and MAXG becomes sufficiently small.+++++

INFO:         90   -1006324.6164          0.0493          0.3572       1497.7025       3743.6930        459.2764       4476.1830        271.3482       -186.0118       7157.5988    -117218.4967    -906525.9097

Iter.    91

+++++ Start micro iteration 91 +++++ 

     STEP        1 POTENTIAL_ENE =    -1006324.61640949  RMSG =       0.0496  MAXG =       0.3584

+++++ STOP: RMSG and MAXG becomes sufficiently small.+++++

INFO:         91   -1006324.6183          0.0496          0.3584       1497.7021       3743.6939        459.2764       4476.1834        271.3482       -186.0119       7157.6109    -117218.4967    -906525.9247

Iter.    92

+++++ Start micro iteration 92 +++++ 

     STEP        1 POTENTIAL_ENE =    -1006324.61832794  RMSG =       0.0500  MAXG =       0.3593

+++++ STOP: RMSG and MAXG becomes sufficiently small.+++++

INFO:         92   -1006324.6201          0.0500          0.3593       1497.7017       3743.6948        459.2764       4476.1838        271.3482       -186.0119       7157.6226    -117218.4968    -906525.9391

Iter.    93

+++++ Start micro iteration 93 +++++ 

     STEP        1 POTENTIAL_ENE =    -1006324.62014993  RMSG =       0.0504  MAXG =       0.3607

+++++ STOP: RMSG and MAXG becomes sufficiently small.+++++

INFO:         93   -1006324.6218          0.0504          0.3607       1497.7014       3743.6957        459.2764       4476.1843        271.3482       -186.0119       7157.6338    -117218.4968    -906525.9530

