INFO:       STEP   POTENTIAL_ENE            RMSG            MAXG            BOND           ANGLE    UREY-BRADLEY        DIHEDRAL        IMPROPER            CMAP         VDWAALS           ELECT              QM
 --------------- --------------- --------------- --------------- ---------------
INFO:          0   -1006318.7316          0.0000          0.0000       1497.8381       3743.5752        459.2754       4476.2220        271.3133       -186.0392       7155.1715    -117214.8674    -906521.2205

Iter.     1

+++++ Start micro iteration 1 +++++ 

     STEP        2 POTENTIAL_ENE =     -999975.55479228  RMSG =     154.4171  MAXG =     468.1364
     STEP        4 POTENTIAL_ENE =    -1006318.79819679  RMSG =       0.1497  MAXG =       1.4125
     STEP        6 POTENTIAL_ENE =    -1006318.82916207  RMSG =       0.1425  MAXG =       1.0625
     STEP        8 POTENTIAL_ENE =    -1006318.84582624  RMSG =       0.0946  MAXG =       0.7943
     STEP       10 POTENTIAL_ENE =    -1006318.86832969  RMSG =       0.1642  MAXG =       1.2605
     STEP       12 POTENTIAL_ENE =    -1006318.88509253  RMSG =       0.0712  MAXG =       0.4971
     STEP       14 POTENTIAL_ENE =    -1006318.89824926  RMSG =       0.1209  MAXG =       0.8174
     STEP       16 POTENTIAL_ENE =    -1006318.90973248  RMSG =       0.0629  MAXG =       0.3729

+++++ STOP: RMSG and MAXG becomes sufficiently small.+++++

INFO:          1   -1006318.8963          0.0629          0.3729       1497.8299       3743.6233        459.2619       4476.2824        271.3115       -186.0223       7155.2860    -117217.0111    -906519.4578

Iter.     2

+++++ Start micro iteration 2 +++++ 

     STEP        1 POTENTIAL_ENE =    -1006318.89625499  RMSG =       0.0636  MAXG =       0.3719

+++++ STOP: RMSG and MAXG becomes sufficiently small.+++++

INFO:          2   -1006328.5393          0.0636          0.3719       1497.8258       3743.6260        459.2613       4476.2852        271.3119       -186.0172       7155.3489    -117217.0108    -906529.1704

Iter.     3

+++++ Start micro iteration 3 +++++ 

     STEP        2 POTENTIAL_ENE =    -1004951.37283939  RMSG =      76.4521  MAXG =     459.5496
     STEP        4 POTENTIAL_ENE =    -1006328.54407245  RMSG =       0.0534  MAXG =       0.3847

+++++ STOP: RMSG and MAXG becomes sufficiently small.+++++

INFO:          3   -1006329.5127          0.0534          0.3847       1497.8424       3743.6657        459.2602       4476.2817        271.3060       -186.0186       7155.4644    -117217.0450    -906530.2695

Iter.     4

+++++ Start micro iteration 4 +++++ 

     STEP        2 POTENTIAL_ENE =    -1004894.90421718  RMSG =      80.1736  MAXG =     425.5191
     STEP        4 POTENTIAL_ENE =    -1006329.51480464  RMSG =       0.0404  MAXG =       0.2890

+++++ STOP: RMSG and MAXG becomes sufficiently small.+++++

INFO:          4   -1006329.7163          0.0404          0.2890       1497.8438       3743.6568        459.2611       4476.2840        271.3059       -186.0157       7155.4744    -117217.0253    -906530.5013

Iter.     5

+++++ Start micro iteration 5 +++++ 

     STEP        1 POTENTIAL_ENE =    -1006329.71633599  RMSG =       0.0443  MAXG =       0.3310

+++++ STOP: RMSG and MAXG becomes sufficiently small.+++++

INFO:          5   -1006329.8404          0.0443          0.3310       1497.8445       3743.6584        459.2610       4476.2846        271.3061       -186.0147       7155.5310    -117217.0255    -906530.6858

Iter.     6

+++++ Start micro iteration 6 +++++ 

     STEP        1 POTENTIAL_ENE =    -1006329.84036408  RMSG =       0.0452  MAXG =       0.3982

+++++ STOP: RMSG and MAXG becomes sufficiently small.+++++

INFO:          6   -1006329.9295          0.0452          0.3982       1497.8449       3743.6616        459.2610       4476.2852        271.3062       -186.0143       7155.5448    -117217.0257    -906530.7932

Iter.     7

+++++ Start micro iteration 7 +++++ 

     STEP        2 POTENTIAL_ENE =    -1005435.03984952  RMSG =      62.1606  MAXG =     340.1935
     STEP        3 POTENTIAL_ENE =    -1006329.93045502  RMSG =       0.0520  MAXG =       0.3765

+++++ STOP: RMSG and MAXG becomes sufficiently small.+++++

INFO:          7   -1006330.0011          0.0520          0.3765       1497.8273       3743.6865        459.2591       4476.2844        271.3058       -186.0155       7155.5782    -117217.0325    -906530.8943

Iter.     8

+++++ Start micro iteration 8 +++++ 

     STEP        2 POTENTIAL_ENE =    -1004696.25065079  RMSG =      89.8483  MAXG =     428.4376
     STEP        3 POTENTIAL_ENE =    -1006330.00193451  RMSG =       0.0441  MAXG =       0.3814

+++++ STOP: RMSG and MAXG becomes sufficiently small.+++++

INFO:          8   -1006330.0583          0.0441          0.3814       1497.8377       3743.6752        459.2602       4476.2854        271.3046       -186.0145       7155.5891    -117217.0247    -906530.9712

Iter.     9

+++++ Start micro iteration 9 +++++ 

     STEP        2 POTENTIAL_ENE =    -1005164.42698916  RMSG =      78.0020  MAXG =     378.2173
     STEP        3 POTENTIAL_ENE =    -1006330.05896987  RMSG =       0.0464  MAXG =       0.3993

+++++ STOP: RMSG and MAXG becomes sufficiently small.+++++

INFO:          9   -1006330.1066          0.0464          0.3993       1497.8344       3743.6905        459.2591       4476.2856        271.3049       -186.0152       7155.6078    -117217.0220    -906531.0515

Iter.    10

+++++ Start micro iteration 10 +++++ 

     STEP        2 POTENTIAL_ENE =    -1004973.94153341  RMSG =      85.4882  MAXG =     422.3823
     STEP        3 POTENTIAL_ENE =    -1006330.10720862  RMSG =       0.0443  MAXG =       0.3965

+++++ STOP: RMSG and MAXG becomes sufficiently small.+++++

INFO:         10   -1006330.1474          0.0443          0.3965       1497.8338       3743.6860        459.2595       4476.2861        271.3041       -186.0149       7155.6186    -117217.0198    -906531.1008

Iter.    11

+++++ Start micro iteration 11 +++++ 

     STEP        2 POTENTIAL_ENE =    -1005086.87520216  RMSG =      82.1966  MAXG =     401.6225
     STEP        3 POTENTIAL_ENE =    -1006330.14801181  RMSG =       0.0449  MAXG =       0.3825

+++++ STOP: RMSG and MAXG becomes sufficiently small.+++++

INFO:         11   -1006330.1833          0.0449          0.3825       1497.8340       3743.6958        459.2589       4476.2865        271.3044       -186.0152       7155.6322    -117217.0150    -906531.1648

Iter.    12

+++++ Start micro iteration 12 +++++ 

     STEP        2 POTENTIAL_ENE =    -1005044.61630434  RMSG =      83.9351  MAXG =     401.0513
     STEP        3 POTENTIAL_ENE =    -1006330.18390435  RMSG =       0.0444  MAXG =       0.3804

+++++ STOP: RMSG and MAXG becomes sufficiently small.+++++

INFO:         12   -1006330.2148          0.0444          0.3804       1497.8309       3743.6928        459.2592       4476.2867        271.3039       -186.0152       7155.6417    -117217.0144    -906531.2004

Iter.    13

+++++ Start micro iteration 13 +++++ 

     STEP        2 POTENTIAL_ENE =    -1005050.70849463  RMSG =      83.9378  MAXG =     406.9565
     STEP        3 POTENTIAL_ENE =    -1006330.21534372  RMSG =       0.0444  MAXG =       0.3828

+++++ STOP: RMSG and MAXG becomes sufficiently small.+++++

INFO:         13   -1006330.2431          0.0444          0.3828       1497.8321       3743.7003        459.2588       4476.2871        271.3041       -186.0153       7155.6524    -117217.0085    -906531.2542

Iter.    14

+++++ Start micro iteration 14 +++++ 

     STEP        2 POTENTIAL_ENE =    -1005068.72787189  RMSG =      83.4264  MAXG =     393.9365
     STEP        3 POTENTIAL_ENE =    -1006330.24368811  RMSG =       0.0445  MAXG =       0.3780

+++++ STOP: RMSG and MAXG becomes sufficiently small.+++++

INFO:         14   -1006330.2687          0.0445          0.3780       1497.8279       3743.6979        459.2591       4476.2872        271.3036       -186.0154       7155.6611    -117217.0092    -906531.2810

Iter.    15

+++++ Start micro iteration 15 +++++ 

     STEP        2 POTENTIAL_ENE =    -1005016.08712521  RMSG =      85.3405  MAXG =     393.8939
     STEP        3 POTENTIAL_ENE =    -1006330.26928460  RMSG =       0.0444  MAXG =       0.3784

+++++ STOP: RMSG and MAXG becomes sufficiently small.+++++

INFO:         15   -1006330.2922          0.0444          0.3784       1497.8298       3743.7045        459.2589       4476.2877        271.3038       -186.0154       7155.6697    -117217.0031    -906531.3279

Iter.    16

+++++ Start micro iteration 16 +++++ 

     STEP        2 POTENTIAL_ENE =    -1005079.67999124  RMSG =      83.2385  MAXG =     377.3716
     STEP        3 POTENTIAL_ENE =    -1006330.29274956  RMSG =       0.0450  MAXG =       0.3718

+++++ STOP: RMSG and MAXG becomes sufficiently small.+++++

INFO:         16   -1006330.3137          0.0450          0.3718       1497.8247       3743.7022        459.2591       4476.2876        271.3033       -186.0155       7155.6777    -117217.0043    -906531.3485

Iter.    17

+++++ Start micro iteration 17 +++++ 

     STEP        2 POTENTIAL_ENE =    -1004993.06081644  RMSG =      86.2269  MAXG =     379.5897
     STEP        3 POTENTIAL_ENE =    -1006330.31433024  RMSG =       0.0447  MAXG =       0.3850

+++++ STOP: RMSG and MAXG becomes sufficiently small.+++++

INFO:         17   -1006330.3339          0.0447          0.3850       1497.8271       3743.7081        459.2590       4476.2881        271.3036       -186.0155       7155.6844    -117216.9986    -906531.3901

Iter.    18

+++++ Start micro iteration 18 +++++ 

     STEP        1 POTENTIAL_ENE =    -1006330.33387468  RMSG =       0.0459  MAXG =       0.4036

+++++ STOP: RMSG and MAXG becomes sufficiently small.+++++

INFO:         18   -1006330.3520          0.0459          0.4036       1497.8266       3743.7111        459.2590       4476.2883        271.3037       -186.0152       7155.6917    -117216.9988    -906531.4184

Iter.    19

+++++ Start micro iteration 19 +++++ 

     STEP        2 POTENTIAL_ENE =    -1005063.98236576  RMSG =      83.7104  MAXG =     371.1521
     STEP        4 POTENTIAL_ENE =    -1006330.35341667  RMSG =       0.0437  MAXG =       0.2948

+++++ STOP: RMSG and MAXG becomes sufficiently small.+++++

INFO:         19   -1006330.3704          0.0437          0.2948       1497.8174       3743.7085        459.2593       4476.2880        271.3028       -186.0160       7155.6980    -117216.9958    -906531.4326

Iter.    20

+++++ Start micro iteration 20 +++++ 

     STEP        1 POTENTIAL_ENE =    -1006330.37043359  RMSG =       0.0445  MAXG =       0.3139

+++++ STOP: RMSG and MAXG becomes sufficiently small.+++++

INFO:         20   -1006330.3865          0.0445          0.3139       1497.8167       3743.7112        459.2593       4476.2881        271.3030       -186.0154       7155.7040    -117216.9961    -906531.4574

Iter.    21

+++++ Start micro iteration 21 +++++ 

     STEP        1 POTENTIAL_ENE =    -1006330.38652399  RMSG =       0.0459  MAXG =       0.3714

+++++ STOP: RMSG and MAXG becomes sufficiently small.+++++

INFO:         21   -1006330.4017          0.0459          0.3714       1497.8159       3743.7143        459.2593       4476.2884        271.3030       -186.0151       7155.7095    -117216.9963    -906531.4807

Iter.    22

+++++ Start micro iteration 22 +++++ 

     STEP        1 POTENTIAL_ENE =    -1006330.40174645  RMSG =       0.0471  MAXG =       0.3983

+++++ STOP: RMSG and MAXG becomes sufficiently small.+++++

INFO:         22   -1006330.4162          0.0471          0.3983       1497.8149       3743.7176        459.2594       4476.2887        271.3031       -186.0150       7155.7144    -117216.9966    -906531.5026

Iter.    23

+++++ Start micro iteration 23 +++++ 

     STEP        2 POTENTIAL_ENE =    -1004966.34073747  RMSG =      86.7920  MAXG =     396.4338
     STEP        3 POTENTIAL_ENE =    -1006330.41684735  RMSG =       0.0491  MAXG =       0.3719

+++++ STOP: RMSG and MAXG becomes sufficiently small.+++++

INFO:         23   -1006330.4306          0.0491          0.3719       1497.8170       3743.7223        459.2594       4476.2892        271.3033       -186.0153       7155.7175    -117216.9912    -906531.5328

Iter.    24

+++++ Start micro iteration 24 +++++ 

     STEP        1 POTENTIAL_ENE =    -1006330.43060392  RMSG =       0.0500  MAXG =       0.3960

+++++ STOP: RMSG and MAXG becomes sufficiently small.+++++

INFO:         24   -1006330.4438          0.0500          0.3960       1497.8163       3743.7252        459.2594       4476.2894        271.3034       -186.0150       7155.7216    -117216.9915    -906531.5525

Iter.    25

+++++ Start micro iteration 25 +++++ 

     STEP        2 POTENTIAL_ENE =    -1004793.17651113  RMSG =      92.3044  MAXG =     395.0607
     STEP        4 POTENTIAL_ENE =    -1006330.44531988  RMSG =       0.0457  MAXG =       0.3456

+++++ STOP: RMSG and MAXG becomes sufficiently small.+++++

INFO:         25   -1006330.4580          0.0457          0.3456       1497.8087       3743.7211        459.2598       4476.2887        271.3025       -186.0158       7155.7255    -117216.9896    -906531.5589

Iter.    26

+++++ Start micro iteration 26 +++++ 

     STEP        1 POTENTIAL_ENE =    -1006330.45795367  RMSG =       0.0465  MAXG =       0.3731

+++++ STOP: RMSG and MAXG becomes sufficiently small.+++++

INFO:         26   -1006330.4702          0.0465          0.3731       1497.8080       3743.7238        459.2598       4476.2887        271.3026       -186.0152       7155.7290    -117216.9900    -906531.5770

Iter.    27

+++++ Start micro iteration 27 +++++ 

     STEP        2 POTENTIAL_ENE =    -1004931.06864967  RMSG =      88.0999  MAXG =     389.3716
     STEP        4 POTENTIAL_ENE =    -1006330.47166965  RMSG =       0.0462  MAXG =       0.3444

+++++ STOP: RMSG and MAXG becomes sufficiently small.+++++

INFO:         27   -1006330.4834          0.0462          0.3444       1497.8113       3743.7269        459.2600       4476.2887        271.3027       -186.0157       7155.7304    -117216.9836    -906531.6041

Iter.    28

+++++ Start micro iteration 28 +++++ 

     STEP        1 POTENTIAL_ENE =    -1006330.48341605  RMSG =       0.0470  MAXG =       0.3737

+++++ STOP: RMSG and MAXG becomes sufficiently small.+++++

INFO:         28   -1006330.4948          0.0470          0.3737       1497.8109       3743.7290        459.2600       4476.2886        271.3028       -186.0150       7155.7335    -117216.9839    -906531.6207

Iter.    29

+++++ Start micro iteration 29 +++++ 

     STEP        2 POTENTIAL_ENE =    -1004844.71200193  RMSG =      90.7266  MAXG =     379.8112
     STEP        3 POTENTIAL_ENE =    -1006330.49545920  RMSG =       0.0473  MAXG =       0.4028

+++++ STOP: RMSG and MAXG becomes sufficiently small.+++++

INFO:         29   -1006330.5064          0.0473          0.4028       1497.8044       3743.7259        459.2601       4476.2882        271.3023       -186.0154       7155.7369    -117216.9858    -906531.6230

Iter.    30

+++++ Start micro iteration 30 +++++ 

     STEP        2 POTENTIAL_ENE =    -1004861.04974859  RMSG =      90.4987  MAXG =     400.3514
     STEP        4 POTENTIAL_ENE =    -1006330.50785296  RMSG =       0.0450  MAXG =       0.3462

+++++ STOP: RMSG and MAXG becomes sufficiently small.+++++

INFO:         30   -1006330.5185          0.0450          0.3462       1497.8083       3743.7292        459.2602       4476.2881        271.3025       -186.0156       7155.7376    -117216.9790    -906531.6498

Iter.    31

+++++ Start micro iteration 31 +++++ 

     STEP        1 POTENTIAL_ENE =    -1006330.51849826  RMSG =       0.0458  MAXG =       0.3765

+++++ STOP: RMSG and MAXG becomes sufficiently small.+++++

INFO:         31   -1006330.5288          0.0458          0.3765       1497.8078       3743.7314        459.2602       4476.2880        271.3027       -186.0150       7155.7400    -117216.9793    -906531.6647

Iter.    32

+++++ Start micro iteration 32 +++++ 

     STEP        2 POTENTIAL_ENE =    -1004919.50512649  RMSG =      88.4976  MAXG =     384.6793
     STEP        3 POTENTIAL_ENE =    -1006330.52948477  RMSG =       0.0474  MAXG =       0.4046

+++++ STOP: RMSG and MAXG becomes sufficiently small.+++++

INFO:         32   -1006330.5394          0.0474          0.4046       1497.8012       3743.7280        459.2604       4476.2876        271.3021       -186.0154       7155.7427    -117216.9814    -906531.6647

Iter.    33

+++++ Start micro iteration 33 +++++ 

     STEP        2 POTENTIAL_ENE =    -1004845.69838030  RMSG =      91.0483  MAXG =     397.9674
     STEP        4 POTENTIAL_ENE =    -1006330.54086576  RMSG =       0.0446  MAXG =       0.3484

+++++ STOP: RMSG and MAXG becomes sufficiently small.+++++

INFO:         33   -1006330.5506          0.0446          0.3484       1497.8051       3743.7310        459.2605       4476.2875        271.3024       -186.0155       7155.7431    -117216.9747    -906531.6897

Iter.    34

+++++ Start micro iteration 34 +++++ 

     STEP        1 POTENTIAL_ENE =    -1006330.55056459  RMSG =       0.0453  MAXG =       0.3775

+++++ STOP: RMSG and MAXG becomes sufficiently small.+++++

INFO:         34   -1006330.5600          0.0453          0.3775       1497.8045       3743.7332        459.2605       4476.2873        271.3025       -186.0149       7155.7449    -117216.9750    -906531.7030

Iter.    35

+++++ Start micro iteration 35 +++++ 

     STEP        2 POTENTIAL_ENE =    -1004946.15217368  RMSG =      87.7110  MAXG =     387.4836
     STEP        3 POTENTIAL_ENE =    -1006330.56062355  RMSG =       0.0472  MAXG =       0.4044

+++++ STOP: RMSG and MAXG becomes sufficiently small.+++++

INFO:         35   -1006330.5697          0.0472          0.4044       1497.7984       3743.7296        459.2607       4476.2869        271.3019       -186.0153       7155.7471    -117216.9775    -906531.7015

Iter.    36

+++++ Start micro iteration 36 +++++ 

     STEP        2 POTENTIAL_ENE =    -1004859.19512124  RMSG =      90.6785  MAXG =     391.9223
     STEP        4 POTENTIAL_ENE =    -1006330.57113727  RMSG =       0.0443  MAXG =       0.3489

+++++ STOP: RMSG and MAXG becomes sufficiently small.+++++

INFO:         36   -1006330.5799          0.0443          0.3489       1497.8025       3743.7324        459.2607       4476.2867        271.3022       -186.0154       7155.7473    -117216.9710    -906531.7253

Iter.    37

+++++ Start micro iteration 37 +++++ 

     STEP        1 POTENTIAL_ENE =    -1006330.57990621  RMSG =       0.0451  MAXG =       0.3782

+++++ STOP: RMSG and MAXG becomes sufficiently small.+++++

INFO:         37   -1006330.5882          0.0451          0.3782       1497.8019       3743.7346        459.2608       4476.2866        271.3023       -186.0148       7155.7490    -117216.9714    -906531.7372

Iter.    38

+++++ Start micro iteration 38 +++++ 

     STEP        2 POTENTIAL_ENE =    -1004956.55468862  RMSG =      87.4197  MAXG =     389.8318
     STEP        3 POTENTIAL_ENE =    -1006330.58886417  RMSG =       0.0469  MAXG =       0.4031

+++++ STOP: RMSG and MAXG becomes sufficiently small.+++++

INFO:         38   -1006330.5970          0.0469          0.4031       1497.7960       3743.7308        459.2610       4476.2861        271.3017       -186.0153       7155.7512    -117216.9740    -906531.7346

Iter.    39

+++++ Start micro iteration 39 +++++ 

     STEP        2 POTENTIAL_ENE =    -1004877.53922319  RMSG =      90.1356  MAXG =     385.4210
     STEP        4 POTENTIAL_ENE =    -1006330.59842198  RMSG =       0.0442  MAXG =       0.3487

+++++ STOP: RMSG and MAXG becomes sufficiently small.+++++

INFO:         39   -1006330.6064          0.0442          0.3487       1497.8001       3743.7334        459.2610       4476.2860        271.3020       -186.0153       7155.7515    -117216.9678    -906531.7573

Iter.    40

+++++ Start micro iteration 40 +++++ 

     STEP        1 POTENTIAL_ENE =    -1006330.60642840  RMSG =       0.0449  MAXG =       0.3769

+++++ STOP: RMSG and MAXG becomes sufficiently small.+++++

INFO:         40   -1006330.6143          0.0449          0.3769       1497.7995       3743.7355        459.2610       4476.2858        271.3022       -186.0148       7155.7531    -117216.9682    -906531.7685

Iter.    41

+++++ Start micro iteration 41 +++++ 

     STEP        2 POTENTIAL_ENE =    -1004959.79302375  RMSG =      87.3556  MAXG =     392.5344
     STEP        3 POTENTIAL_ENE =    -1006330.61488219  RMSG =       0.0467  MAXG =       0.4006

+++++ STOP: RMSG and MAXG becomes sufficiently small.+++++

INFO:         41   -1006330.6225          0.0467          0.4006       1497.7940       3743.7316        459.2612       4476.2853        271.3016       -186.0152       7155.7552    -117216.9708    -906531.7653

Iter.    42

+++++ Start micro iteration 42 +++++ 

     STEP        2 POTENTIAL_ENE =    -1004895.82805215  RMSG =      89.5832  MAXG =     386.2492
     STEP        4 POTENTIAL_ENE =    -1006330.62384960  RMSG =       0.0443  MAXG =       0.3466

+++++ STOP: RMSG and MAXG becomes sufficiently small.+++++

INFO:         42   -1006330.6313          0.0443          0.3466       1497.7980       3743.7341        459.2613       4476.2851        271.3019       -186.0153       7155.7556    -117216.9651    -906531.7869

Iter.    43

+++++ Start micro iteration 43 +++++ 

     STEP        1 POTENTIAL_ENE =    -1006330.63130358  RMSG =       0.0449  MAXG =       0.3741

+++++ STOP: RMSG and MAXG becomes sufficiently small.+++++

INFO:         43   -1006330.6386          0.0449          0.3741       1497.7974       3743.7362        459.2613       4476.2850        271.3020       -186.0148       7155.7570    -117216.9654    -906531.7973

Iter.    44

+++++ Start micro iteration 44 +++++ 

     STEP        1 POTENTIAL_ENE =    -1006330.63859526  RMSG =       0.0459  MAXG =       0.4047

+++++ STOP: RMSG and MAXG becomes sufficiently small.+++++

INFO:         44   -1006330.6457          0.0459          0.4047       1497.7965       3743.7386        459.2613       4476.2850        271.3021       -186.0146       7155.7583    -117216.9657    -906531.8073

Iter.    45

+++++ Start micro iteration 45 +++++ 

     STEP        2 POTENTIAL_ENE =    -1004947.30199178  RMSG =      87.6195  MAXG =     396.7089
     STEP        4 POTENTIAL_ENE =    -1006330.64712779  RMSG =       0.0457  MAXG =       0.3494

+++++ STOP: RMSG and MAXG becomes sufficiently small.+++++

INFO:         45   -1006330.6540          0.0457          0.3494       1497.7912       3743.7322        459.2617       4476.2842        271.3012       -186.0155       7155.7604    -117216.9663    -906531.8031

Iter.    46

+++++ Start micro iteration 46 +++++ 

     STEP        1 POTENTIAL_ENE =    -1006330.65403104  RMSG =       0.0462  MAXG =       0.3710

+++++ STOP: RMSG and MAXG becomes sufficiently small.+++++

INFO:         46   -1006330.6608          0.0462          0.3710       1497.7902       3743.7346        459.2617       4476.2841        271.3013       -186.0150       7155.7616    -117216.9667    -906531.8128

Iter.    47

+++++ Start micro iteration 47 +++++ 

     STEP        1 POTENTIAL_ENE =    -1006330.66082968  RMSG =       0.0471  MAXG =       0.4039

+++++ STOP: RMSG and MAXG becomes sufficiently small.+++++

INFO:         47   -1006330.6674          0.0471          0.4039       1497.7893       3743.7371        459.2617       4476.2841        271.3014       -186.0148       7155.7627    -117216.9669    -906531.8220

Iter.    48

+++++ Start micro iteration 48 +++++ 

     STEP        2 POTENTIAL_ENE =    -1004908.73745173  RMSG =      88.9329  MAXG =     362.6357
     STEP        4 POTENTIAL_ENE =    -1006330.66891545  RMSG =       0.0460  MAXG =       0.3618

+++++ STOP: RMSG and MAXG becomes sufficiently small.+++++

INFO:         48   -1006330.6754          0.0460          0.3618       1497.7934       3743.7382        459.2618       4476.2840        271.3016       -186.0151       7155.7630    -117216.9625    -906531.8400

Iter.    49

+++++ Start micro iteration 49 +++++ 

     STEP        1 POTENTIAL_ENE =    -1006330.67538734  RMSG =       0.0466  MAXG =       0.3831

+++++ STOP: RMSG and MAXG becomes sufficiently small.+++++

INFO:         49   -1006330.6817          0.0466          0.3831       1497.7928       3743.7403        459.2618       4476.2838        271.3018       -186.0146       7155.7641    -117216.9628    -906531.8490

Iter.    50

+++++ Start micro iteration 50 +++++ 

     STEP        2 POTENTIAL_ENE =    -1004852.84270325  RMSG =      90.7380  MAXG =     391.7952
     STEP        4 POTENTIAL_ENE =    -1006330.68316024  RMSG =       0.0453  MAXG =       0.3481

+++++ STOP: RMSG and MAXG becomes sufficiently small.+++++

INFO:         50   -1006330.6894          0.0453          0.3481       1497.7884       3743.7344        459.2621       4476.2828        271.3010       -186.0154       7155.7659    -117216.9634    -906531.8451

Iter.    51

+++++ Start micro iteration 51 +++++ 

     STEP        1 POTENTIAL_ENE =    -1006330.68935007  RMSG =       0.0458  MAXG =       0.3710

+++++ STOP: RMSG and MAXG becomes sufficiently small.+++++

INFO:         51   -1006330.6954          0.0458          0.3710       1497.7875       3743.7366        459.2621       4476.2827        271.3011       -186.0149       7155.7667    -117216.9637    -906531.8536

Iter.    52

+++++ Start micro iteration 52 +++++ 

     STEP        1 POTENTIAL_ENE =    -1006330.69543426  RMSG =       0.0467  MAXG =       0.4008

+++++ STOP: RMSG and MAXG becomes sufficiently small.+++++

INFO:         52   -1006330.7014          0.0467          0.4008       1497.7866       3743.7389        459.2621       4476.2827        271.3012       -186.0148       7155.7675    -117216.9639    -906531.8617

Iter.    53

+++++ Start micro iteration 53 +++++ 

     STEP        2 POTENTIAL_ENE =    -1004942.93029492  RMSG =      87.7385  MAXG =     349.5322
     STEP        4 POTENTIAL_ENE =    -1006330.70284793  RMSG =       0.0465  MAXG =       0.3478

+++++ STOP: RMSG and MAXG becomes sufficiently small.+++++

INFO:         53   -1006330.7087          0.0465          0.3478       1497.7901       3743.7399        459.2623       4476.2826        271.3014       -186.0150       7155.7678    -117216.9599    -906531.8779

Iter.    54

+++++ Start micro iteration 54 +++++ 

     STEP        1 POTENTIAL_ENE =    -1006330.70865702  RMSG =       0.0469  MAXG =       0.3691

+++++ STOP: RMSG and MAXG becomes sufficiently small.+++++

INFO:         54   -1006330.7144          0.0469          0.3691       1497.7895       3743.7420        459.2623       4476.2823        271.3015       -186.0145       7155.7685    -117216.9602    -906531.8859

Iter.    55

+++++ Start micro iteration 55 +++++ 

     STEP        1 POTENTIAL_ENE =    -1006330.71435627  RMSG =       0.0478  MAXG =       0.3989

+++++ STOP: RMSG and MAXG becomes sufficiently small.+++++

INFO:         55   -1006330.7199          0.0478          0.3989       1497.7887       3743.7442        459.2623       4476.2823        271.3016       -186.0143       7155.7691    -117216.9605    -906531.8934

Iter.    56

+++++ Start micro iteration 56 +++++ 

     STEP        2 POTENTIAL_ENE =    -1004827.46245896  RMSG =      91.4046  MAXG =     386.6614
     STEP        4 POTENTIAL_ENE =    -1006330.72138972  RMSG =       0.0462  MAXG =       0.3552

+++++ STOP: RMSG and MAXG becomes sufficiently small.+++++

INFO:         56   -1006330.7268          0.0462          0.3552       1497.7848       3743.7373        459.2625       4476.2814        271.3008       -186.0152       7155.7706    -117216.9608    -906531.8883

Iter.    57

+++++ Start micro iteration 57 +++++ 

     STEP        1 POTENTIAL_ENE =    -1006330.72681314  RMSG =       0.0467  MAXG =       0.3739

+++++ STOP: RMSG and MAXG becomes sufficiently small.+++++

INFO:         57   -1006330.7322          0.0467          0.3739       1497.7840       3743.7396        459.2625       4476.2812        271.3009       -186.0148       7155.7711    -117216.9612    -906531.8955

Iter.    58

+++++ Start micro iteration 58 +++++ 

     STEP        1 POTENTIAL_ENE =    -1006330.73216762  RMSG =       0.0475  MAXG =       0.4024

+++++ STOP: RMSG and MAXG becomes sufficiently small.+++++

INFO:         58   -1006330.7374          0.0475          0.4024       1497.7831       3743.7418        459.2626       4476.2812        271.3010       -186.0146       7155.7714    -117216.9614    -906531.9024

Iter.    59

+++++ Start micro iteration 59 +++++ 

     STEP        2 POTENTIAL_ENE =    -1004916.02291013  RMSG =      88.6019  MAXG =     350.5542
     STEP        4 POTENTIAL_ENE =    -1006330.73889976  RMSG =       0.0472  MAXG =       0.3556

+++++ STOP: RMSG and MAXG becomes sufficiently small.+++++

INFO:         59   -1006330.7440          0.0472          0.3556       1497.7870       3743.7429        459.2628       4476.2811        271.3012       -186.0149       7155.7712    -117216.9575    -906531.9178

Iter.    60

+++++ Start micro iteration 60 +++++ 

     STEP        1 POTENTIAL_ENE =    -1006330.74400330  RMSG =       0.0476  MAXG =       0.3731

+++++ STOP: RMSG and MAXG becomes sufficiently small.+++++

INFO:         60   -1006330.7490          0.0476          0.3731       1497.7865       3743.7448        459.2628       4476.2809        271.3014       -186.0144       7155.7715    -117216.9578    -906531.9245

Iter.    61

+++++ Start micro iteration 61 +++++ 

     STEP        1 POTENTIAL_ENE =    -1006330.74904103  RMSG =       0.0483  MAXG =       0.3993

+++++ STOP: RMSG and MAXG becomes sufficiently small.+++++

INFO:         61   -1006330.7540          0.0483          0.3993       1497.7858       3743.7468        459.2628       4476.2809        271.3014       -186.0143       7155.7716    -117216.9581    -906531.9309

Iter.    62

+++++ Start micro iteration 62 +++++ 

     STEP        2 POTENTIAL_ENE =    -1004810.22550683  RMSG =      91.9455  MAXG =     384.3821
     STEP        4 POTENTIAL_ENE =    -1006330.75547695  RMSG =       0.0467  MAXG =       0.3538

+++++ STOP: RMSG and MAXG becomes sufficiently small.+++++

INFO:         62   -1006330.7603          0.0467          0.3538       1497.7821       3743.7399        459.2630       4476.2799        271.3006       -186.0152       7155.7725    -117216.9582    -906531.9249

Iter.    63

+++++ Start micro iteration 63 +++++ 

     STEP        1 POTENTIAL_ENE =    -1006330.76026163  RMSG =       0.0471  MAXG =       0.3703

+++++ STOP: RMSG and MAXG becomes sufficiently small.+++++

INFO:         63   -1006330.7650          0.0471          0.3703       1497.7813       3743.7420        459.2630       4476.2798        271.3007       -186.0148       7155.7725    -117216.9585    -906531.9310

Iter.    64

+++++ Start micro iteration 64 +++++ 

     STEP        1 POTENTIAL_ENE =    -1006330.76499841  RMSG =       0.0478  MAXG =       0.3963

+++++ STOP: RMSG and MAXG becomes sufficiently small.+++++

INFO:         64   -1006330.7696          0.0478          0.3963       1497.7805       3743.7440        459.2630       4476.2798        271.3008       -186.0147       7155.7724    -117216.9587    -906531.9368

Iter.    65

+++++ Start micro iteration 65 +++++ 

     STEP        2 POTENTIAL_ENE =    -1004909.86007034  RMSG =      88.8173  MAXG =     349.6535
     STEP        3 POTENTIAL_ENE =    -1006330.77025916  RMSG =       0.0491  MAXG =       0.4036

+++++ STOP: RMSG and MAXG becomes sufficiently small.+++++

INFO:         65   -1006330.7748          0.0491          0.4036       1497.7837       3743.7479        459.2630       4476.2801        271.3012       -186.0146       7155.7725    -117216.9555    -906531.9531

Iter.    66

+++++ Start micro iteration 66 +++++ 

     STEP        2 POTENTIAL_ENE =    -1004782.53562518  RMSG =      93.0718  MAXG =     402.9084
     STEP        4 POTENTIAL_ENE =    -1006330.77626593  RMSG =       0.0465  MAXG =       0.3594

+++++ STOP: RMSG and MAXG becomes sufficiently small.+++++

INFO:         66   -1006330.7807          0.0465          0.3594       1497.7805       3743.7410        459.2634       4476.2790        271.3006       -186.0152       7155.7741    -117216.9568    -906531.9472

Iter.    67

+++++ Start micro iteration 67 +++++ 

     STEP        1 POTENTIAL_ENE =    -1006330.78067284  RMSG =       0.0471  MAXG =       0.3831

+++++ STOP: RMSG and MAXG becomes sufficiently small.+++++

INFO:         67   -1006330.7850          0.0471          0.3831       1497.7797       3743.7430        459.2634       4476.2788        271.3007       -186.0148       7155.7751    -117216.9571    -906531.9538

Iter.    68

+++++ Start micro iteration 68 +++++ 

     STEP        2 POTENTIAL_ENE =    -1004939.05035575  RMSG =      88.0166  MAXG =     355.1963
     STEP        3 POTENTIAL_ENE =    -1006330.78567391  RMSG =       0.0489  MAXG =       0.3965

+++++ STOP: RMSG and MAXG becomes sufficiently small.+++++

INFO:         68   -1006330.7899          0.0489          0.3965       1497.7824       3743.7473        459.2633       4476.2790        271.3011       -186.0146       7155.7760    -117216.9535    -906531.9710

Iter.    69

+++++ Start micro iteration 69 +++++ 

     STEP        2 POTENTIAL_ENE =    -1004809.18722916  RMSG =      92.3323  MAXG =     400.7391
     STEP        4 POTENTIAL_ENE =    -1006330.79138119  RMSG =       0.0464  MAXG =       0.3690

+++++ STOP: RMSG and MAXG becomes sufficiently small.+++++

INFO:         69   -1006330.7955          0.0464          0.3690       1497.7796       3743.7397        459.2636       4476.2780        271.3004       -186.0152       7155.7779    -117216.9552    -906531.9645

Iter.    70

+++++ Start micro iteration 70 +++++ 

     STEP        1 POTENTIAL_ENE =    -1006330.79553554  RMSG =       0.0470  MAXG =       0.3687

+++++ STOP: RMSG and MAXG becomes sufficiently small.+++++

INFO:         70   -1006330.7996          0.0470          0.3687       1497.7787       3743.7419        459.2636       4476.2778        271.3006       -186.0149       7155.7792    -117216.9555    -906531.9711

Iter.    71

+++++ Start micro iteration 71 +++++ 

     STEP        1 POTENTIAL_ENE =    -1006330.79963235  RMSG =       0.0477  MAXG =       0.3935

+++++ STOP: RMSG and MAXG becomes sufficiently small.+++++

INFO:         71   -1006330.8036          0.0477          0.3935       1497.7779       3743.7438        459.2637       4476.2777        271.3006       -186.0147       7155.7804    -117216.9557    -906531.9774

Iter.    72

+++++ Start micro iteration 72 +++++ 

     STEP        2 POTENTIAL_ENE =    -1004935.14427719  RMSG =      88.0811  MAXG =     356.5190
     STEP        3 POTENTIAL_ENE =    -1006330.80428820  RMSG =       0.0496  MAXG =       0.3945

+++++ STOP: RMSG and MAXG becomes sufficiently small.+++++

INFO:         72   -1006330.8082          0.0496          0.3945       1497.7806       3743.7482        459.2636       4476.2780        271.3010       -186.0146       7155.7815    -117216.9519    -906531.9945

Iter.    73

+++++ Start micro iteration 73 +++++ 

     STEP        2 POTENTIAL_ENE =    -1004790.59017058  RMSG =      92.9173  MAXG =     401.8000
     STEP        3 POTENTIAL_ENE =    -1006330.80887053  RMSG =       0.0482  MAXG =       0.4048

+++++ STOP: RMSG and MAXG becomes sufficiently small.+++++

INFO:         73   -1006330.8127          0.0482          0.4048       1497.7771       3743.7424        459.2638       4476.2773        271.3005       -186.0149       7155.7834    -117216.9545    -906531.9877

Iter.    74

+++++ Start micro iteration 74 +++++ 

     STEP        2 POTENTIAL_ENE =    -1004922.84780249  RMSG =      88.7722  MAXG =     374.7610
     STEP        4 POTENTIAL_ENE =    -1006330.81419706  RMSG =       0.0477  MAXG =       0.3868

+++++ STOP: RMSG and MAXG becomes sufficiently small.+++++

INFO:         74   -1006330.8180          0.0477          0.3868       1497.7817       3743.7453        459.2638       4476.2769        271.3008       -186.0150       7155.7838    -117216.9507    -906532.0048

Iter.    75

+++++ Start micro iteration 75 +++++ 

     STEP        1 POTENTIAL_ENE =    -1006330.81798002  RMSG =       0.0482  MAXG =       0.3863

+++++ STOP: RMSG and MAXG becomes sufficiently small.+++++

INFO:         75   -1006330.8217          0.0482          0.3863       1497.7813       3743.7469        459.2638       4476.2767        271.3009       -186.0146       7155.7850    -117216.9510    -906532.0108

Iter.    76

+++++ Start micro iteration 76 +++++ 

     STEP        1 POTENTIAL_ENE =    -1006330.82169819  RMSG =       0.0488  MAXG =       0.3909

+++++ STOP: RMSG and MAXG becomes sufficiently small.+++++

INFO:         76   -1006330.8253          0.0488          0.3909       1497.7806       3743.7486        459.2638       4476.2767        271.3010       -186.0144       7155.7861    -117216.9512    -906532.0165

Iter.    77

+++++ Start micro iteration 77 +++++ 

     STEP        2 POTENTIAL_ENE =    -1004845.03961971  RMSG =      90.9862  MAXG =     400.7239
     STEP        3 POTENTIAL_ENE =    -1006330.82598868  RMSG =       0.0493  MAXG =       0.3974

+++++ STOP: RMSG and MAXG becomes sufficiently small.+++++

INFO:         77   -1006330.8295          0.0493          0.3974       1497.7758       3743.7430        459.2639       4476.2762        271.3004       -186.0149       7155.7878    -117216.9529    -906532.0088

Iter.    78

+++++ Start micro iteration 78 +++++ 

     STEP        2 POTENTIAL_ENE =    -1004864.80327216  RMSG =      90.6395  MAXG =     383.0093
     STEP        3 POTENTIAL_ENE =    -1006330.83018621  RMSG =       0.0491  MAXG =       0.4036

+++++ STOP: RMSG and MAXG becomes sufficiently small.+++++

INFO:         78   -1006330.8337          0.0491          0.4036       1497.7798       3743.7479        459.2638       4476.2763        271.3009       -186.0147       7155.7882    -117216.9495    -906532.0264

Iter.    79

+++++ Start micro iteration 79 +++++ 

     STEP        2 POTENTIAL_ENE =    -1004865.94481839  RMSG =      90.6475  MAXG =     399.0682
     STEP        4 POTENTIAL_ENE =    -1006330.83519141  RMSG =       0.0477  MAXG =       0.3998

+++++ STOP: RMSG and MAXG becomes sufficiently small.+++++

INFO:         79   -1006330.8386          0.0477          0.3998       1497.7767       3743.7403        459.2642       4476.2754        271.3003       -186.0153       7155.7894    -117216.9513    -906532.0184

Iter.    80

+++++ Start micro iteration 80 +++++ 

     STEP        1 POTENTIAL_ENE =    -1006330.83861364  RMSG =       0.0481  MAXG =       0.3996

+++++ STOP: RMSG and MAXG becomes sufficiently small.+++++

INFO:         80   -1006330.8419          0.0481          0.3996       1497.7759       3743.7423        459.2642       4476.2753        271.3004       -186.0150       7155.7903    -117216.9516    -906532.0236

Iter.    81

+++++ Start micro iteration 81 +++++ 

     STEP        1 POTENTIAL_ENE =    -1006330.84189435  RMSG =       0.0487  MAXG =       0.3995

+++++ STOP: RMSG and MAXG becomes sufficiently small.+++++

INFO:         81   -1006330.8451          0.0487          0.3995       1497.7752       3743.7441        459.2643       4476.2752        271.3005       -186.0149       7155.7910    -117216.9518    -906532.0286

Iter.    82

+++++ Start micro iteration 82 +++++ 

     STEP        1 POTENTIAL_ENE =    -1006330.84509103  RMSG =       0.0493  MAXG =       0.4045

+++++ STOP: RMSG and MAXG becomes sufficiently small.+++++

INFO:         82   -1006330.8482          0.0493          0.4045       1497.7745       3743.7458        459.2643       4476.2753        271.3005       -186.0149       7155.7916    -117216.9519    -906532.0334

Iter.    83

+++++ Start micro iteration 83 +++++ 

     STEP        2 POTENTIAL_ENE =    -1004896.69501670  RMSG =      89.3221  MAXG =     371.0667
     STEP        4 POTENTIAL_ENE =    -1006330.84980472  RMSG =       0.0491  MAXG =       0.4064
     STEP        5 POTENTIAL_ENE =    -1006330.85312618  RMSG =       0.0464  MAXG =       0.3794

+++++ STOP: RMSG and MAXG becomes sufficiently small.+++++

INFO:         83   -1006330.8562          0.0464          0.3794       1497.7810       3743.7401        459.2649       4476.2741        271.3001       -186.0161       7155.7909    -117216.9470    -906532.0443

Iter.    84

+++++ Start micro iteration 84 +++++ 

     STEP        1 POTENTIAL_ENE =    -1006330.85618722  RMSG =       0.0463  MAXG =       0.3787

+++++ STOP: RMSG and MAXG becomes sufficiently small.+++++

INFO:         84   -1006330.8594          0.0463          0.3787       1497.7806       3743.7418        459.2649       4476.2734        271.3003       -186.0151       7155.7917    -117216.9476    -906532.0494

Iter.    85

+++++ Start micro iteration 85 +++++ 

     STEP        1 POTENTIAL_ENE =    -1006330.85940085  RMSG =       0.0460  MAXG =       0.3787

+++++ STOP: RMSG and MAXG becomes sufficiently small.+++++

INFO:         85   -1006330.8625          0.0460          0.3787       1497.7799       3743.7434        459.2649       4476.2731        271.3005       -186.0148       7155.7922    -117216.9479    -906532.0538

Iter.    86

+++++ Start micro iteration 86 +++++ 

     STEP        1 POTENTIAL_ENE =    -1006330.86248251  RMSG =       0.0461  MAXG =       0.3787

+++++ STOP: RMSG and MAXG becomes sufficiently small.+++++

INFO:         86   -1006330.8655          0.0461          0.3787       1497.7792       3743.7450        459.2649       4476.2730        271.3005       -186.0146       7155.7926    -117216.9481    -906532.0581

Iter.    87

+++++ Start micro iteration 87 +++++ 

     STEP        1 POTENTIAL_ENE =    -1006330.86550299  RMSG =       0.0464  MAXG =       0.3786

+++++ STOP: RMSG and MAXG becomes sufficiently small.+++++

INFO:         87   -1006330.8685          0.0464          0.3786       1497.7786       3743.7467        459.2649       4476.2730        271.3006       -186.0146       7155.7929    -117216.9483    -906532.0622

Iter.    88

+++++ Start micro iteration 88 +++++ 

     STEP        1 POTENTIAL_ENE =    -1006330.86846460  RMSG =       0.0467  MAXG =       0.3785

+++++ STOP: RMSG and MAXG becomes sufficiently small.+++++

INFO:         88   -1006330.8714          0.0467          0.3785       1497.7779       3743.7483        459.2650       4476.2731        271.3006       -186.0145       7155.7930    -117216.9485    -906532.0662

Iter.    89

+++++ Start micro iteration 89 +++++ 

     STEP        1 POTENTIAL_ENE =    -1006330.87138082  RMSG =       0.0470  MAXG =       0.3784

+++++ STOP: RMSG and MAXG becomes sufficiently small.+++++

INFO:         89   -1006330.8742          0.0470          0.3784       1497.7774       3743.7498        459.2650       4476.2731        271.3007       -186.0145       7155.7930    -117216.9486    -906532.0701

Iter.    90

+++++ Start micro iteration 90 +++++ 

     STEP        1 POTENTIAL_ENE =    -1006330.87424797  RMSG =       0.0474  MAXG =       0.3803

+++++ STOP: RMSG and MAXG becomes sufficiently small.+++++

INFO:         90   -1006330.8771          0.0474          0.3803       1497.7768       3743.7514        459.2650       4476.2732        271.3007       -186.0145       7155.7929    -117216.9488    -906532.0738

Iter.    91

+++++ Start micro iteration 91 +++++ 

     STEP        1 POTENTIAL_ENE =    -1006330.87706551  RMSG =       0.0477  MAXG =       0.3841

+++++ STOP: RMSG and MAXG becomes sufficiently small.+++++

INFO:         91   -1006330.8798          0.0477          0.3841       1497.7763       3743.7529        459.2651       4476.2733        271.3008       -186.0145       7155.7926    -117216.9489    -906532.0774

Iter.    92

+++++ Start micro iteration 92 +++++ 

     STEP        1 POTENTIAL_ENE =    -1006330.87984163  RMSG =       0.0481  MAXG =       0.3879

+++++ STOP: RMSG and MAXG becomes sufficiently small.+++++

INFO:         92   -1006330.8826          0.0481          0.3879       1497.7758       3743.7544        459.2651       4476.2734        271.3008       -186.0145       7155.7923    -117216.9490    -906532.0809

Iter.    93

+++++ Start micro iteration 93 +++++ 

     STEP        1 POTENTIAL_ENE =    -1006330.88257627  RMSG =       0.0484  MAXG =       0.3916

+++++ STOP: RMSG and MAXG becomes sufficiently small.+++++

INFO:         93   -1006330.8853          0.0484          0.3916       1497.7754       3743.7559        459.2651       4476.2735        271.3008       -186.0144       7155.7919    -117216.9491    -906532.0842

