INFO:       STEP   POTENTIAL_ENE            RMSG            MAXG            BOND           ANGLE    UREY-BRADLEY        DIHEDRAL        IMPROPER            CMAP         VDWAALS           ELECT              QM
 --------------- --------------- --------------- --------------- ---------------
INFO:          0   -1006318.6282          0.0000          0.0000       1497.8857       3743.9690        459.2856       4476.0536        271.4172       -186.1076       7156.5068    -117212.5293    -906525.1093

Iter.     1

+++++ Start micro iteration 1 +++++ 

     STEP        2 POTENTIAL_ENE =    -1000423.70569035  RMSG =     147.9891  MAXG =     426.4836
     STEP        4 POTENTIAL_ENE =    -1006318.69836478  RMSG =       0.1867  MAXG =       2.1101
     STEP        6 POTENTIAL_ENE =    -1006318.77061288  RMSG =       0.2347  MAXG =       2.5824
     STEP        8 POTENTIAL_ENE =    -1006318.86096844  RMSG =       0.2049  MAXG =       1.8436
     STEP       10 POTENTIAL_ENE =    -1006318.94899406  RMSG =       0.2755  MAXG =       2.0906
     STEP       12 POTENTIAL_ENE =    -1006319.01176489  RMSG =       0.1462  MAXG =       0.9974
     STEP       14 POTENTIAL_ENE =    -1006319.05673073  RMSG =       0.1575  MAXG =       1.0919
     STEP       16 POTENTIAL_ENE =    -1006319.09828435  RMSG =       0.1878  MAXG =       1.9637
     STEP       18 POTENTIAL_ENE =    -1006319.12729168  RMSG =       0.1083  MAXG =       0.8482
     STEP       20 POTENTIAL_ENE =    -1006319.14992370  RMSG =       0.1942  MAXG =       1.8943
     STEP       22 POTENTIAL_ENE =    -1006319.16679103  RMSG =       0.0783  MAXG =       0.8098
     STEP       24 POTENTIAL_ENE =    -1006319.18488060  RMSG =       0.1434  MAXG =       1.2266
     STEP       26 POTENTIAL_ENE =    -1006319.20011923  RMSG =       0.0665  MAXG =       0.4917
     STEP       28 POTENTIAL_ENE =    -1006319.21373007  RMSG =       0.1076  MAXG =       0.9092
     STEP       30 POTENTIAL_ENE =    -1006319.23129890  RMSG =       0.1099  MAXG =       0.6731
     STEP       32 POTENTIAL_ENE =    -1006319.24363692  RMSG =       0.0700  MAXG =       0.6325
     STEP       34 POTENTIAL_ENE =    -1006319.25276865  RMSG =       0.0632  MAXG =       0.4741
     STEP       36 POTENTIAL_ENE =    -1006319.25973022  RMSG =       0.0619  MAXG =       0.3571

+++++ STOP: RMSG and MAXG becomes sufficiently small.+++++

INFO:          1   -1006319.1647          0.0619          0.3571       1497.6937       3743.6802        459.2595       4476.3276        271.4476       -185.9969       7156.5214    -117213.2229    -906524.8749

Iter.     2

+++++ Start micro iteration 2 +++++ 

     STEP        2 POTENTIAL_ENE =    -1004778.68652018  RMSG =      85.9910  MAXG =     456.9736
     STEP        4 POTENTIAL_ENE =    -1006319.16876546  RMSG =       0.0615  MAXG =       0.6014
     STEP        6 POTENTIAL_ENE =    -1006319.17651458  RMSG =       0.1017  MAXG =       0.8985
     STEP        8 POTENTIAL_ENE =    -1006319.18502282  RMSG =       0.0574  MAXG =       0.6652
     STEP       10 POTENTIAL_ENE =    -1006319.19648494  RMSG =       0.1324  MAXG =       1.3640
     STEP       12 POTENTIAL_ENE =    -1006319.20338365  RMSG =       0.0427  MAXG =       0.5452
     STEP       14 POTENTIAL_ENE =    -1006319.20734916  RMSG =       0.0584  MAXG =       0.7036
     STEP       16 POTENTIAL_ENE =    -1006319.21135705  RMSG =       0.1419  MAXG =       2.3127
     STEP       18 POTENTIAL_ENE =    -1006319.21623328  RMSG =       0.0273  MAXG =       0.1878

+++++ STOP: RMSG and MAXG becomes sufficiently small.+++++

INFO:          2   -1006320.2226          0.0273          0.1878       1497.6342       3743.5894        459.2636       4476.3006        271.4381       -186.0024       7156.3659    -117212.8843    -906525.9277

Iter.     3

+++++ Start micro iteration 3 +++++ 

     STEP        1 POTENTIAL_ENE =    -1006320.22264453  RMSG =       0.0415  MAXG =       0.3899

+++++ STOP: RMSG and MAXG becomes sufficiently small.+++++

INFO:          3   -1006320.5276          0.0415          0.3899       1497.6359       3743.5813        459.2637       4476.2989        271.4378       -186.0020       7156.3806    -117212.8847    -906526.2390

Iter.     4

+++++ Start micro iteration 4 +++++ 

     STEP        2 POTENTIAL_ENE =    -1005869.47096775  RMSG =      40.4745  MAXG =     364.0016
     STEP        4 POTENTIAL_ENE =    -1006320.53005776  RMSG =       0.0359  MAXG =       0.3430

+++++ STOP: RMSG and MAXG becomes sufficiently small.+++++

INFO:          4   -1006320.6715          0.0359          0.3430       1497.6805       3743.5731        459.2626       4476.2953        271.4378       -186.0047       7156.3781    -117212.8120    -906526.4822

Iter.     5

+++++ Start micro iteration 5 +++++ 

     STEP        1 POTENTIAL_ENE =    -1006320.67150944  RMSG =       0.0352  MAXG =       0.3227

+++++ STOP: RMSG and MAXG becomes sufficiently small.+++++

INFO:          5   -1006320.7524          0.0352          0.3227       1497.6796       3743.5687        459.2623       4476.2946        271.4376       -186.0043       7156.3787    -117212.8115    -906526.5581

Iter.     6

+++++ Start micro iteration 6 +++++ 

     STEP        1 POTENTIAL_ENE =    -1006320.75242350  RMSG =       0.0354  MAXG =       0.3111

+++++ STOP: RMSG and MAXG becomes sufficiently small.+++++

INFO:          6   -1006320.8094          0.0354          0.3111       1497.6814       3743.5642        459.2621       4476.2935        271.4375       -186.0043       7156.3798    -117212.8114    -906526.6123

Iter.     7

+++++ Start micro iteration 7 +++++ 

     STEP        1 POTENTIAL_ENE =    -1006320.80943776  RMSG =       0.0364  MAXG =       0.3154

+++++ STOP: RMSG and MAXG becomes sufficiently small.+++++

INFO:          7   -1006320.8536          0.0364          0.3154       1497.6839       3743.5599        459.2621       4476.2927        271.4373       -186.0044       7156.3787    -117212.8112    -906526.6525

Iter.     8

+++++ Start micro iteration 8 +++++ 

     STEP        1 POTENTIAL_ENE =    -1006320.85357683  RMSG =       0.0376  MAXG =       0.3305

+++++ STOP: RMSG and MAXG becomes sufficiently small.+++++

INFO:          8   -1006320.8905          0.0376          0.3305       1497.6863       3743.5558        459.2620       4476.2920        271.4372       -186.0044       7156.3778    -117212.8111    -906526.6861

Iter.     9

+++++ Start micro iteration 9 +++++ 

     STEP        1 POTENTIAL_ENE =    -1006320.89047467  RMSG =       0.0388  MAXG =       0.3432

+++++ STOP: RMSG and MAXG becomes sufficiently small.+++++

INFO:          9   -1006320.9221          0.0388          0.3432       1497.6884       3743.5521        459.2620       4476.2915        271.4371       -186.0045       7156.3766    -117212.8110    -906526.7143

Iter.    10

+++++ Start micro iteration 10 +++++ 

     STEP        1 POTENTIAL_ENE =    -1006320.92213055  RMSG =       0.0401  MAXG =       0.3779

+++++ STOP: RMSG and MAXG becomes sufficiently small.+++++

INFO:         10   -1006320.9500          0.0401          0.3779       1497.6902       3743.5485        459.2619       4476.2911        271.4370       -186.0045       7156.3758    -117212.8108    -906526.7392

Iter.    11

+++++ Start micro iteration 11 +++++ 

     STEP        2 POTENTIAL_ENE =    -1005917.65138484  RMSG =      38.5580  MAXG =     249.4916
     STEP        3 POTENTIAL_ENE =    -1006320.95098146  RMSG =       0.0498  MAXG =       0.3161

+++++ STOP: RMSG and MAXG becomes sufficiently small.+++++

INFO:         11   -1006320.9757          0.0498          0.3161       1497.6664       3743.5522        459.2622       4476.2914        271.4366       -186.0043       7156.3820    -117212.8485    -906526.7136

Iter.    12

+++++ Start micro iteration 12 +++++ 

     STEP        1 POTENTIAL_ENE =    -1006320.97570949  RMSG =       0.0507  MAXG =       0.3512

+++++ STOP: RMSG and MAXG becomes sufficiently small.+++++

INFO:         12   -1006320.9980          0.0507          0.3512       1497.6665       3743.5511        459.2622       4476.2911        271.4364       -186.0047       7156.3818    -117212.8485    -906526.7340

Iter.    13

+++++ Start micro iteration 13 +++++ 

     STEP        1 POTENTIAL_ENE =    -1006320.99803078  RMSG =       0.0520  MAXG =       0.3867

+++++ STOP: RMSG and MAXG becomes sufficiently small.+++++

INFO:         13   -1006321.0181          0.0520          0.3867       1497.6672       3743.5490        459.2622       4476.2909        271.4363       -186.0049       7156.3821    -117212.8483    -906526.7526

Iter.    14

+++++ Start micro iteration 14 +++++ 

     STEP        2 POTENTIAL_ENE =    -1005045.14835113  RMSG =      76.3786  MAXG =     410.2732
     STEP        4 POTENTIAL_ENE =    -1006321.01962476  RMSG =       0.0349  MAXG =       0.3557

+++++ STOP: RMSG and MAXG becomes sufficiently small.+++++

INFO:         14   -1006321.0381          0.0349          0.3557       1497.6907       3743.5382        459.2617       4476.2905        271.4362       -186.0064       7156.3718    -117212.7749    -906526.8458

Iter.    15

+++++ Start micro iteration 15 +++++ 

     STEP        1 POTENTIAL_ENE =    -1006321.03813782  RMSG =       0.0357  MAXG =       0.3825

+++++ STOP: RMSG and MAXG becomes sufficiently small.+++++

INFO:         15   -1006321.0548          0.0357          0.3825       1497.6900       3743.5371        459.2616       4476.2907        271.4361       -186.0064       7156.3729    -117212.7746    -906526.8620

Iter.    16

+++++ Start micro iteration 16 +++++ 

     STEP        2 POTENTIAL_ENE =    -1005819.95872998  RMSG =      47.5865  MAXG =     321.1313
     STEP        3 POTENTIAL_ENE =    -1006321.05540529  RMSG =       0.0452  MAXG =       0.3801

+++++ STOP: RMSG and MAXG becomes sufficiently small.+++++

INFO:         16   -1006321.0705          0.0452          0.3801       1497.6779       3743.5459        459.2617       4476.2913        271.4361       -186.0057       7156.3802    -117212.8101    -906526.8479

Iter.    17

+++++ Start micro iteration 17 +++++ 

     STEP        1 POTENTIAL_ENE =    -1006321.07053727  RMSG =       0.0460  MAXG =       0.4042

+++++ STOP: RMSG and MAXG becomes sufficiently small.+++++

INFO:         17   -1006321.0844          0.0460          0.4042       1497.6775       3743.5454        459.2617       4476.2913        271.4360       -186.0060       7156.3824    -117212.8099    -906526.8626

Iter.    18

+++++ Start micro iteration 18 +++++ 

     STEP        2 POTENTIAL_ENE =    -1005066.14105867  RMSG =      79.0146  MAXG =     409.0092
     STEP        3 POTENTIAL_ENE =    -1006321.08500500  RMSG =       0.0376  MAXG =       0.4028

+++++ STOP: RMSG and MAXG becomes sufficiently small.+++++

INFO:         18   -1006321.0978          0.0376          0.4028       1497.6929       3743.5374        459.2618       4476.2914        271.4355       -186.0069       7156.3784    -117212.7630    -906526.9254

Iter.    19

+++++ Start micro iteration 19 +++++ 

     STEP        2 POTENTIAL_ENE =    -1005536.58324153  RMSG =      64.5130  MAXG =     392.2196
     STEP        3 POTENTIAL_ENE =    -1006321.09829222  RMSG =       0.0406  MAXG =       0.4017

+++++ STOP: RMSG and MAXG becomes sufficiently small.+++++

INFO:         19   -1006321.1100          0.0406          0.4017       1497.6846       3743.5389        459.2613       4476.2917        271.4356       -186.0063       7156.3840    -117212.7812    -906526.9185

Iter.    20

+++++ Start micro iteration 20 +++++ 

     STEP        2 POTENTIAL_ENE =    -1005314.82936735  RMSG =      74.1643  MAXG =     418.5946
     STEP        4 POTENTIAL_ENE =    -1006321.11090852  RMSG =       0.0347  MAXG =       0.3574

+++++ STOP: RMSG and MAXG becomes sufficiently small.+++++

INFO:         20   -1006321.1218          0.0347          0.3574       1497.6920       3743.5414        459.2619       4476.2921        271.4351       -186.0073       7156.3836    -117212.7507    -906526.9700

Iter.    21

+++++ Start micro iteration 21 +++++ 

     STEP        1 POTENTIAL_ENE =    -1006321.12181881  RMSG =       0.0355  MAXG =       0.3769

+++++ STOP: RMSG and MAXG becomes sufficiently small.+++++

INFO:         21   -1006321.1318          0.0355          0.3769       1497.6914       3743.5407        459.2619       4476.2925        271.4350       -186.0075       7156.3871    -117212.7504    -906526.9825

Iter.    22

+++++ Start micro iteration 22 +++++ 

     STEP        1 POTENTIAL_ENE =    -1006321.13178644  RMSG =       0.0367  MAXG =       0.3981

+++++ STOP: RMSG and MAXG becomes sufficiently small.+++++

INFO:         22   -1006321.1410          0.0367          0.3981       1497.6915       3743.5395        459.2619       4476.2927        271.4350       -186.0076       7156.3910    -117212.7502    -906526.9947

Iter.    23

+++++ Start micro iteration 23 +++++ 

     STEP        2 POTENTIAL_ENE =    -1005536.23839974  RMSG =      65.3799  MAXG =     372.4186
     STEP        3 POTENTIAL_ENE =    -1006321.14139555  RMSG =       0.0395  MAXG =       0.4000

+++++ STOP: RMSG and MAXG becomes sufficiently small.+++++

INFO:         23   -1006321.1499          0.0395          0.4000       1497.6868       3743.5398        459.2616       4476.2929        271.4352       -186.0071       7156.3959    -117212.7630    -906526.9921

Iter.    24

+++++ Start micro iteration 24 +++++ 

     STEP        2 POTENTIAL_ENE =    -1005353.35481552  RMSG =      73.2325  MAXG =     407.3301
     STEP        3 POTENTIAL_ENE =    -1006321.15033027  RMSG =       0.0365  MAXG =       0.3976

+++++ STOP: RMSG and MAXG becomes sufficiently small.+++++

INFO:         24   -1006321.1583          0.0365          0.3976       1497.6930       3743.5398        459.2618       4476.2934        271.4349       -186.0078       7156.3985    -117212.7397    -906527.0323

Iter.    25

+++++ Start micro iteration 25 +++++ 

     STEP        2 POTENTIAL_ENE =    -1005459.63375130  RMSG =      69.1491  MAXG =     370.1115
     STEP        3 POTENTIAL_ENE =    -1006321.15872300  RMSG =       0.0371  MAXG =       0.3977

+++++ STOP: RMSG and MAXG becomes sufficiently small.+++++

INFO:         25   -1006321.1661          0.0371          0.3977       1497.6875       3743.5420        459.2617       4476.2937        271.4351       -186.0076       7156.4032    -117212.7517    -906527.0299

Iter.    26

+++++ Start micro iteration 26 +++++ 

     STEP        2 POTENTIAL_ENE =    -1005466.47118773  RMSG =      69.1522  MAXG =     367.1005
     STEP        3 POTENTIAL_ENE =    -1006321.16649396  RMSG =       0.0363  MAXG =       0.3975

+++++ STOP: RMSG and MAXG becomes sufficiently small.+++++

INFO:         26   -1006321.1735          0.0363          0.3975       1497.6928       3743.5407        459.2616       4476.2943        271.4348       -186.0081       7156.4071    -117212.7298    -906527.0668

Iter.    27

+++++ Start micro iteration 27 +++++ 

     STEP        2 POTENTIAL_ENE =    -1005429.35006238  RMSG =      70.6053  MAXG =     371.2823
     STEP        3 POTENTIAL_ENE =    -1006321.17383521  RMSG =       0.0358  MAXG =       0.3972

+++++ STOP: RMSG and MAXG becomes sufficiently small.+++++

INFO:         27   -1006321.1803          0.0358          0.3972       1497.6882       3743.5435        459.2616       4476.2946        271.4350       -186.0082       7156.4118    -117212.7418    -906527.0650

Iter.    28

+++++ Start micro iteration 28 +++++ 

     STEP        2 POTENTIAL_ENE =    -1005533.43828718  RMSG =      66.4795  MAXG =     349.0820
     STEP        3 POTENTIAL_ENE =    -1006321.18065922  RMSG =       0.0360  MAXG =       0.3956

+++++ STOP: RMSG and MAXG becomes sufficiently small.+++++

INFO:         28   -1006321.1868          0.0360          0.3956       1497.6927       3743.5419        459.2616       4476.2952        271.4346       -186.0085       7156.4162    -117212.7205    -906527.1000

Iter.    29

+++++ Start micro iteration 29 +++++ 

     STEP        2 POTENTIAL_ENE =    -1005413.12604109  RMSG =      71.3933  MAXG =     373.2362
     STEP        3 POTENTIAL_ENE =    -1006321.18713721  RMSG =       0.0347  MAXG =       0.3945

+++++ STOP: RMSG and MAXG becomes sufficiently small.+++++

INFO:         29   -1006321.1928          0.0347          0.3945       1497.6887       3743.5450        459.2616       4476.2954        271.4348       -186.0086       7156.4212    -117212.7327    -906527.0983

Iter.    30

+++++ Start micro iteration 30 +++++ 

     STEP        2 POTENTIAL_ENE =    -1005578.35344957  RMSG =      64.6418  MAXG =     338.4966
     STEP        3 POTENTIAL_ENE =    -1006321.19317857  RMSG =       0.0355  MAXG =       0.3915

+++++ STOP: RMSG and MAXG becomes sufficiently small.+++++

INFO:         30   -1006321.1986          0.0355          0.3915       1497.6926       3743.5432        459.2615       4476.2961        271.4345       -186.0088       7156.4257    -117212.7119    -906527.1316

Iter.    31

+++++ Start micro iteration 31 +++++ 

     STEP        1 POTENTIAL_ENE =    -1006321.19860201  RMSG =       0.0360  MAXG =       0.4016

+++++ STOP: RMSG and MAXG becomes sufficiently small.+++++

INFO:         31   -1006321.2037          0.0360          0.4016       1497.6923       3743.5428        459.2616       4476.2964        271.4345       -186.0090       7156.4311    -117212.7117    -906527.1415

Iter.    32

+++++ Start micro iteration 32 +++++ 

     STEP        2 POTENTIAL_ENE =    -1005406.96779403  RMSG =      71.6767  MAXG =     374.7579
     STEP        3 POTENTIAL_ENE =    -1006321.20401818  RMSG =       0.0347  MAXG =       0.3959

+++++ STOP: RMSG and MAXG becomes sufficiently small.+++++

INFO:         32   -1006321.2088          0.0347          0.3959       1497.6893       3743.5459        459.2616       4476.2966        271.4347       -186.0090       7156.4363    -117212.7237    -906527.1405

Iter.    33

+++++ Start micro iteration 33 +++++ 

     STEP        1 POTENTIAL_ENE =    -1006321.20878267  RMSG =       0.0350  MAXG =       0.4024

+++++ STOP: RMSG and MAXG becomes sufficiently small.+++++

INFO:         33   -1006321.2133          0.0350          0.4024       1497.6888       3743.5458        459.2616       4476.2969        271.4347       -186.0092       7156.4418    -117212.7236    -906527.1501

Iter.    34

+++++ Start micro iteration 34 +++++ 

     STEP        2 POTENTIAL_ENE =    -1005573.08332152  RMSG =      64.8466  MAXG =     335.9310
     STEP        3 POTENTIAL_ENE =    -1006321.21367350  RMSG =       0.0360  MAXG =       0.3952

+++++ STOP: RMSG and MAXG becomes sufficiently small.+++++

INFO:         34   -1006321.2180          0.0360          0.3952       1497.6933       3743.5430        459.2616       4476.2975        271.4344       -186.0092       7156.4464    -117212.7023    -906527.1826

Iter.    35

+++++ Start micro iteration 35 +++++ 

     STEP        1 POTENTIAL_ENE =    -1006321.21801771  RMSG =       0.0364  MAXG =       0.4004

+++++ STOP: RMSG and MAXG becomes sufficiently small.+++++

INFO:         35   -1006321.2221          0.0364          0.4004       1497.6928       3743.5427        459.2616       4476.2979        271.4343       -186.0094       7156.4521    -117212.7022    -906527.1919

Iter.    36

+++++ Start micro iteration 36 +++++ 

     STEP        2 POTENTIAL_ENE =    -1005388.34494459  RMSG =      72.4932  MAXG =     378.1413
     STEP        3 POTENTIAL_ENE =    -1006321.22246314  RMSG =       0.0346  MAXG =       0.3946

+++++ STOP: RMSG and MAXG becomes sufficiently small.+++++

INFO:         36   -1006321.2263          0.0346          0.3946       1497.6897       3743.5466        459.2616       4476.2980        271.4346       -186.0094       7156.4578    -117212.7149    -906527.1903

Iter.    37

+++++ Start micro iteration 37 +++++ 

     STEP        1 POTENTIAL_ENE =    -1006321.22632151  RMSG =       0.0349  MAXG =       0.3990

+++++ STOP: RMSG and MAXG becomes sufficiently small.+++++

INFO:         37   -1006321.2300          0.0349          0.3990       1497.6891       3743.5466        459.2616       4476.2984        271.4345       -186.0096       7156.4635    -117212.7148    -906527.1993

Iter.    38

+++++ Start micro iteration 38 +++++ 

     STEP        1 POTENTIAL_ENE =    -1006321.23000681  RMSG =       0.0353  MAXG =       0.4047

+++++ STOP: RMSG and MAXG becomes sufficiently small.+++++

INFO:         38   -1006321.2335          0.0353          0.4047       1497.6889       3743.5462        459.2616       4476.2986        271.4345       -186.0097       7156.4693    -117212.7147    -906527.2083

Iter.    39

+++++ Start micro iteration 39 +++++ 

     STEP        2 POTENTIAL_ENE =    -1005572.83996814  RMSG =      64.8641  MAXG =     343.5477
     STEP        3 POTENTIAL_ENE =    -1006321.23389506  RMSG =       0.0364  MAXG =       0.3922

+++++ STOP: RMSG and MAXG becomes sufficiently small.+++++

INFO:         39   -1006321.2373          0.0364          0.3922       1497.6935       3743.5429        459.2616       4476.2992        271.4342       -186.0095       7156.4739    -117212.6931    -906527.2402

Iter.    40

+++++ Start micro iteration 40 +++++ 

     STEP        1 POTENTIAL_ENE =    -1006321.23731380  RMSG =       0.0367  MAXG =       0.3946

+++++ STOP: RMSG and MAXG becomes sufficiently small.+++++

INFO:         40   -1006321.2406          0.0367          0.3946       1497.6930       3743.5428        459.2616       4476.2996        271.4342       -186.0097       7156.4798    -117212.6930    -906527.2489

Iter.    41

+++++ Start micro iteration 41 +++++ 

     STEP        1 POTENTIAL_ENE =    -1006321.24055815  RMSG =       0.0370  MAXG =       0.3992

+++++ STOP: RMSG and MAXG becomes sufficiently small.+++++

INFO:         41   -1006321.2437          0.0370          0.3992       1497.6928       3743.5424        459.2616       4476.2999        271.4342       -186.0098       7156.4857    -117212.6929    -906527.2576

Iter.    42

+++++ Start micro iteration 42 +++++ 

     STEP        1 POTENTIAL_ENE =    -1006321.24367129  RMSG =       0.0374  MAXG =       0.4017

+++++ STOP: RMSG and MAXG becomes sufficiently small.+++++

INFO:         42   -1006321.2467          0.0374          0.4017       1497.6926       3743.5420        459.2616       4476.3001        271.4342       -186.0098       7156.4917    -117212.6928    -906527.2662

Iter.    43

+++++ Start micro iteration 43 +++++ 

     STEP        1 POTENTIAL_ENE =    -1006321.24666624  RMSG =       0.0376  MAXG =       0.4032

+++++ STOP: RMSG and MAXG becomes sufficiently small.+++++

INFO:         43   -1006321.2496          0.0376          0.4032       1497.6925       3743.5415        459.2617       4476.3003        271.4341       -186.0099       7156.4976    -117212.6928    -906527.2746

Iter.    44

+++++ Start micro iteration 44 +++++ 

     STEP        1 POTENTIAL_ENE =    -1006321.24955229  RMSG =       0.0379  MAXG =       0.4041

+++++ STOP: RMSG and MAXG becomes sufficiently small.+++++

INFO:         44   -1006321.2523          0.0379          0.4041       1497.6924       3743.5410        459.2617       4476.3005        271.4341       -186.0099       7156.5035    -117212.6927    -906527.2830

Iter.    45

+++++ Start micro iteration 45 +++++ 

     STEP        1 POTENTIAL_ENE =    -1006321.25233734  RMSG =       0.0381  MAXG =       0.4046

+++++ STOP: RMSG and MAXG becomes sufficiently small.+++++

INFO:         45   -1006321.2550          0.0381          0.4046       1497.6922       3743.5405        459.2617       4476.3008        271.4341       -186.0099       7156.5095    -117212.6927    -906527.2913

Iter.    46

+++++ Start micro iteration 46 +++++ 

     STEP        1 POTENTIAL_ENE =    -1006321.25502923  RMSG =       0.0383  MAXG =       0.4047

+++++ STOP: RMSG and MAXG becomes sufficiently small.+++++

INFO:         46   -1006321.2576          0.0383          0.4047       1497.6921       3743.5400        459.2617       4476.3010        271.4341       -186.0099       7156.5154    -117212.6926    -906527.2995

Iter.    47

+++++ Start micro iteration 47 +++++ 

     STEP        1 POTENTIAL_ENE =    -1006321.25763496  RMSG =       0.0386  MAXG =       0.4045

+++++ STOP: RMSG and MAXG becomes sufficiently small.+++++

INFO:         47   -1006321.2602          0.0386          0.4045       1497.6920       3743.5396        459.2617       4476.3012        271.4341       -186.0099       7156.5214    -117212.6926    -906527.3076

Iter.    48

+++++ Start micro iteration 48 +++++ 

     STEP        1 POTENTIAL_ENE =    -1006321.26015984  RMSG =       0.0388  MAXG =       0.4041

+++++ STOP: RMSG and MAXG becomes sufficiently small.+++++

INFO:         48   -1006321.2626          0.0388          0.4041       1497.6918       3743.5391        459.2617       4476.3014        271.4341       -186.0099       7156.5273    -117212.6926    -906527.3156

Iter.    49

+++++ Start micro iteration 49 +++++ 

     STEP        1 POTENTIAL_ENE =    -1006321.26255775  RMSG =       0.0390  MAXG =       0.4035

+++++ STOP: RMSG and MAXG becomes sufficiently small.+++++

INFO:         49   -1006321.2649          0.0390          0.4035       1497.6916       3743.5387        459.2617       4476.3016        271.4341       -186.0099       7156.5333    -117212.6925    -906527.3236

Iter.    50

+++++ Start micro iteration 50 +++++ 

     STEP        1 POTENTIAL_ENE =    -1006321.26494629  RMSG =       0.0392  MAXG =       0.4027

+++++ STOP: RMSG and MAXG becomes sufficiently small.+++++

INFO:         50   -1006321.2673          0.0392          0.4027       1497.6915       3743.5383        459.2617       4476.3018        271.4341       -186.0099       7156.5392    -117212.6925    -906527.3315

Iter.    51

+++++ Start micro iteration 51 +++++ 

     STEP        1 POTENTIAL_ENE =    -1006321.26726784  RMSG =       0.0394  MAXG =       0.4017

+++++ STOP: RMSG and MAXG becomes sufficiently small.+++++

INFO:         51   -1006321.2695          0.0394          0.4017       1497.6913       3743.5379        459.2617       4476.3020        271.4342       -186.0099       7156.5451    -117212.6925    -906527.3393

Iter.    52

+++++ Start micro iteration 52 +++++ 

     STEP        1 POTENTIAL_ENE =    -1006321.26952441  RMSG =       0.0396  MAXG =       0.4005

+++++ STOP: RMSG and MAXG becomes sufficiently small.+++++

INFO:         52   -1006321.2717          0.0396          0.4005       1497.6911       3743.5375        459.2618       4476.3022        271.4342       -186.0099       7156.5509    -117212.6924    -906527.3470

Iter.    53

+++++ Start micro iteration 53 +++++ 

     STEP        1 POTENTIAL_ENE =    -1006321.27172347  RMSG =       0.0398  MAXG =       0.3992

+++++ STOP: RMSG and MAXG becomes sufficiently small.+++++

INFO:         53   -1006321.2739          0.0398          0.3992       1497.6909       3743.5372        459.2618       4476.3023        271.4342       -186.0099       7156.5568    -117212.6924    -906527.3547

Iter.    54

+++++ Start micro iteration 54 +++++ 

     STEP        1 POTENTIAL_ENE =    -1006321.27386826  RMSG =       0.0400  MAXG =       0.3977

+++++ STOP: RMSG and MAXG becomes sufficiently small.+++++

INFO:         54   -1006321.2760          0.0400          0.3977       1497.6907       3743.5368        459.2618       4476.3025        271.4342       -186.0099       7156.5626    -117212.6924    -906527.3623

Iter.    55

+++++ Start micro iteration 55 +++++ 

     STEP        1 POTENTIAL_ENE =    -1006321.27595928  RMSG =       0.0402  MAXG =       0.3961

+++++ STOP: RMSG and MAXG becomes sufficiently small.+++++

INFO:         55   -1006321.2780          0.0402          0.3961       1497.6906       3743.5365        459.2618       4476.3027        271.4342       -186.0099       7156.5684    -117212.6924    -906527.3698

Iter.    56

+++++ Start micro iteration 56 +++++ 

     STEP        1 POTENTIAL_ENE =    -1006321.27800249  RMSG =       0.0404  MAXG =       0.3963

+++++ STOP: RMSG and MAXG becomes sufficiently small.+++++

INFO:         56   -1006321.2800          0.0404          0.3963       1497.6904       3743.5362        459.2618       4476.3029        271.4342       -186.0099       7156.5742    -117212.6924    -906527.3773

Iter.    57

+++++ Start micro iteration 57 +++++ 

     STEP        1 POTENTIAL_ENE =    -1006321.27999988  RMSG =       0.0406  MAXG =       0.3986

+++++ STOP: RMSG and MAXG becomes sufficiently small.+++++

INFO:         57   -1006321.2820          0.0406          0.3986       1497.6902       3743.5359        459.2618       4476.3031        271.4342       -186.0100       7156.5799    -117212.6923    -906527.3847

Iter.    58

+++++ Start micro iteration 58 +++++ 

     STEP        1 POTENTIAL_ENE =    -1006321.28195359  RMSG =       0.0408  MAXG =       0.4008

+++++ STOP: RMSG and MAXG becomes sufficiently small.+++++

INFO:         58   -1006321.2839          0.0408          0.4008       1497.6899       3743.5356        459.2618       4476.3033        271.4342       -186.0100       7156.5856    -117212.6923    -906527.3920

Iter.    59

+++++ Start micro iteration 59 +++++ 

     STEP        1 POTENTIAL_ENE =    -1006321.28386723  RMSG =       0.0410  MAXG =       0.4029

+++++ STOP: RMSG and MAXG becomes sufficiently small.+++++

INFO:         59   -1006321.2857          0.0410          0.4029       1497.6897       3743.5353        459.2618       4476.3035        271.4342       -186.0100       7156.5913    -117212.6923    -906527.3993

Iter.    60

+++++ Start micro iteration 60 +++++ 

     STEP        1 POTENTIAL_ENE =    -1006321.28574162  RMSG =       0.0412  MAXG =       0.4048

+++++ STOP: RMSG and MAXG becomes sufficiently small.+++++

INFO:         60   -1006321.2876          0.0412          0.4048       1497.6895       3743.5350        459.2618       4476.3037        271.4342       -186.0100       7156.5969    -117212.6923    -906527.4065

Iter.    61

+++++ Start micro iteration 61 +++++ 

     STEP        2 POTENTIAL_ENE =    -1005277.47130897  RMSG =      75.4822  MAXG =     379.1782
     STEP        3 POTENTIAL_ENE =    -1006321.28805609  RMSG =       0.0397  MAXG =       0.3943

+++++ STOP: RMSG and MAXG becomes sufficiently small.+++++

INFO:         61   -1006321.2898          0.0397          0.3943       1497.6864       3743.5418        459.2619       4476.3040        271.4344       -186.0098       7156.6011    -117212.7033    -906527.4063

Iter.    62

+++++ Start micro iteration 62 +++++ 

     STEP        1 POTENTIAL_ENE =    -1006321.28982654  RMSG =       0.0398  MAXG =       0.3959

+++++ STOP: RMSG and MAXG becomes sufficiently small.+++++

INFO:         62   -1006321.2916          0.0398          0.3959       1497.6857       3743.5420        459.2619       4476.3044        271.4344       -186.0101       7156.6069    -117212.7032    -906527.4135

Iter.    63

+++++ Start micro iteration 63 +++++ 

     STEP        1 POTENTIAL_ENE =    -1006321.29161262  RMSG =       0.0400  MAXG =       0.3982

+++++ STOP: RMSG and MAXG becomes sufficiently small.+++++

INFO:         63   -1006321.2934          0.0400          0.3982       1497.6854       3743.5419        459.2619       4476.3047        271.4344       -186.0102       7156.6125    -117212.7032    -906527.4207

Iter.    64

+++++ Start micro iteration 64 +++++ 

     STEP        1 POTENTIAL_ENE =    -1006321.29336101  RMSG =       0.0402  MAXG =       0.4001

+++++ STOP: RMSG and MAXG becomes sufficiently small.+++++

INFO:         64   -1006321.2951          0.0402          0.4001       1497.6851       3743.5417        459.2619       4476.3049        271.4344       -186.0102       7156.6181    -117212.7032    -906527.4278

Iter.    65

+++++ Start micro iteration 65 +++++ 

     STEP        1 POTENTIAL_ENE =    -1006321.29507647  RMSG =       0.0403  MAXG =       0.4018

+++++ STOP: RMSG and MAXG becomes sufficiently small.+++++

INFO:         65   -1006321.2968          0.0403          0.4018       1497.6848       3743.5416        459.2619       4476.3051        271.4344       -186.0102       7156.6237    -117212.7032    -906527.4348

Iter.    66

+++++ Start micro iteration 66 +++++ 

     STEP        1 POTENTIAL_ENE =    -1006321.29676047  RMSG =       0.0404  MAXG =       0.4033

+++++ STOP: RMSG and MAXG becomes sufficiently small.+++++

INFO:         66   -1006321.2984          0.0404          0.4033       1497.6846       3743.5414        459.2619       4476.3053        271.4344       -186.0103       7156.6292    -117212.7031    -906527.4417

Iter.    67

+++++ Start micro iteration 67 +++++ 

     STEP        1 POTENTIAL_ENE =    -1006321.29841116  RMSG =       0.0405  MAXG =       0.4047

+++++ STOP: RMSG and MAXG becomes sufficiently small.+++++

INFO:         67   -1006321.3000          0.0405          0.4047       1497.6843       3743.5412        459.2619       4476.3055        271.4344       -186.0103       7156.6346    -117212.7031    -906527.4485

Iter.    68

+++++ Start micro iteration 68 +++++ 

     STEP        2 POTENTIAL_ENE =    -1005342.07182900  RMSG =      73.9461  MAXG =     385.6939
     STEP        3 POTENTIAL_ENE =    -1006321.30050388  RMSG =       0.0398  MAXG =       0.3949

+++++ STOP: RMSG and MAXG becomes sufficiently small.+++++

INFO:         68   -1006321.3021          0.0398          0.3949       1497.6895       3743.5388        459.2618       4476.3062        271.4338       -186.0099       7156.6373    -117212.6808    -906527.4790

Iter.    69

+++++ Start micro iteration 69 +++++ 

     STEP        1 POTENTIAL_ENE =    -1006321.30211729  RMSG =       0.0398  MAXG =       0.3959

+++++ STOP: RMSG and MAXG becomes sufficiently small.+++++

INFO:         69   -1006321.3037          0.0398          0.3959       1497.6889       3743.5390        459.2618       4476.3065        271.4338       -186.0101       7156.6427    -117212.6807    -906527.4858

Iter.    70

+++++ Start micro iteration 70 +++++ 

     STEP        1 POTENTIAL_ENE =    -1006321.30368884  RMSG =       0.0401  MAXG =       0.3982

+++++ STOP: RMSG and MAXG becomes sufficiently small.+++++

INFO:         70   -1006321.3052          0.0401          0.3982       1497.6885       3743.5390        459.2619       4476.3068        271.4338       -186.0102       7156.6481    -117212.6806    -906527.4925

Iter.    71

+++++ Start micro iteration 71 +++++ 

     STEP        1 POTENTIAL_ENE =    -1006321.30523254  RMSG =       0.0403  MAXG =       0.3996

+++++ STOP: RMSG and MAXG becomes sufficiently small.+++++

INFO:         71   -1006321.3068          0.0403          0.3996       1497.6882       3743.5389        459.2619       4476.3070        271.4338       -186.0102       7156.6535    -117212.6806    -906527.4991

Iter.    72

+++++ Start micro iteration 72 +++++ 

     STEP        1 POTENTIAL_ENE =    -1006321.30675277  RMSG =       0.0404  MAXG =       0.4008

+++++ STOP: RMSG and MAXG becomes sufficiently small.+++++

INFO:         72   -1006321.3082          0.0404          0.4008       1497.6879       3743.5388        459.2619       4476.3072        271.4338       -186.0103       7156.6587    -117212.6806    -906527.5057

Iter.    73

+++++ Start micro iteration 73 +++++ 

     STEP        1 POTENTIAL_ENE =    -1006321.30824823  RMSG =       0.0406  MAXG =       0.4017

+++++ STOP: RMSG and MAXG becomes sufficiently small.+++++

INFO:         73   -1006321.3097          0.0406          0.4017       1497.6877       3743.5386        459.2619       4476.3074        271.4338       -186.0103       7156.6639    -117212.6806    -906527.5122

Iter.    74

+++++ Start micro iteration 74 +++++ 

     STEP        1 POTENTIAL_ENE =    -1006321.30974676  RMSG =       0.0407  MAXG =       0.4025

+++++ STOP: RMSG and MAXG becomes sufficiently small.+++++

INFO:         74   -1006321.3112          0.0407          0.4025       1497.6874       3743.5385        459.2619       4476.3076        271.4338       -186.0103       7156.6691    -117212.6806    -906527.5186

Iter.    75

+++++ Start micro iteration 75 +++++ 

     STEP        1 POTENTIAL_ENE =    -1006321.31119219  RMSG =       0.0408  MAXG =       0.4032

+++++ STOP: RMSG and MAXG becomes sufficiently small.+++++

INFO:         75   -1006321.3126          0.0408          0.4032       1497.6872       3743.5384        459.2619       4476.3078        271.4339       -186.0103       7156.6742    -117212.6806    -906527.5249

Iter.    76

+++++ Start micro iteration 76 +++++ 

     STEP        1 POTENTIAL_ENE =    -1006321.31261658  RMSG =       0.0410  MAXG =       0.4037

+++++ STOP: RMSG and MAXG becomes sufficiently small.+++++

INFO:         76   -1006321.3140          0.0410          0.4037       1497.6869       3743.5382        459.2619       4476.3080        271.4339       -186.0104       7156.6793    -117212.6806    -906527.5312

Iter.    77

+++++ Start micro iteration 77 +++++ 

     STEP        1 POTENTIAL_ENE =    -1006321.31402135  RMSG =       0.0411  MAXG =       0.4041

+++++ STOP: RMSG and MAXG becomes sufficiently small.+++++

INFO:         77   -1006321.3154          0.0411          0.4041       1497.6867       3743.5381        459.2619       4476.3081        271.4339       -186.0104       7156.6843    -117212.6806    -906527.5374

Iter.    78

+++++ Start micro iteration 78 +++++ 

     STEP        1 POTENTIAL_ENE =    -1006321.31540704  RMSG =       0.0412  MAXG =       0.4044

+++++ STOP: RMSG and MAXG becomes sufficiently small.+++++

INFO:         78   -1006321.3168          0.0412          0.4044       1497.6864       3743.5380        459.2619       4476.3083        271.4339       -186.0104       7156.6893    -117212.6806    -906527.5435

Iter.    79

+++++ Start micro iteration 79 +++++ 

     STEP        1 POTENTIAL_ENE =    -1006321.31677397  RMSG =       0.0414  MAXG =       0.4046

+++++ STOP: RMSG and MAXG becomes sufficiently small.+++++

INFO:         79   -1006321.3181          0.0414          0.4046       1497.6862       3743.5379        459.2619       4476.3085        271.4339       -186.0105       7156.6942    -117212.6806    -906527.5496

Iter.    80

+++++ Start micro iteration 80 +++++ 

     STEP        1 POTENTIAL_ENE =    -1006321.31812169  RMSG =       0.0415  MAXG =       0.4048

+++++ STOP: RMSG and MAXG becomes sufficiently small.+++++

INFO:         80   -1006321.3194          0.0415          0.4048       1497.6859       3743.5377        459.2619       4476.3087        271.4339       -186.0105       7156.6991    -117212.6806    -906527.5556

Iter.    81

+++++ Start micro iteration 81 +++++ 

     STEP        1 POTENTIAL_ENE =    -1006321.31944179  RMSG =       0.0417  MAXG =       0.4049

+++++ STOP: RMSG and MAXG becomes sufficiently small.+++++

INFO:         81   -1006321.3207          0.0417          0.4049       1497.6857       3743.5376        459.2619       4476.3089        271.4339       -186.0105       7156.7039    -117212.6806    -906527.5615

Iter.    82

+++++ Start micro iteration 82 +++++ 

     STEP        1 POTENTIAL_ENE =    -1006321.32074246  RMSG =       0.0418  MAXG =       0.4049

+++++ STOP: RMSG and MAXG becomes sufficiently small.+++++

INFO:         82   -1006321.3220          0.0418          0.4049       1497.6854       3743.5375        459.2619       4476.3091        271.4339       -186.0105       7156.7086    -117212.6806    -906527.5674

Iter.    83

+++++ Start micro iteration 83 +++++ 

     STEP        1 POTENTIAL_ENE =    -1006321.32202583  RMSG =       0.0420  MAXG =       0.4048

+++++ STOP: RMSG and MAXG becomes sufficiently small.+++++

INFO:         83   -1006321.3233          0.0420          0.4048       1497.6851       3743.5375        459.2620       4476.3092        271.4339       -186.0106       7156.7134    -117212.6806    -906527.5732

Iter.    84

+++++ Start micro iteration 84 +++++ 

     STEP        1 POTENTIAL_ENE =    -1006321.32329243  RMSG =       0.0421  MAXG =       0.4047

+++++ STOP: RMSG and MAXG becomes sufficiently small.+++++

INFO:         84   -1006321.3245          0.0421          0.4047       1497.6849       3743.5374        459.2620       4476.3094        271.4339       -186.0106       7156.7181    -117212.6806    -906527.5789

Iter.    85

+++++ Start micro iteration 85 +++++ 

     STEP        1 POTENTIAL_ENE =    -1006321.32454459  RMSG =       0.0423  MAXG =       0.4045

+++++ STOP: RMSG and MAXG becomes sufficiently small.+++++

INFO:         85   -1006321.3258          0.0423          0.4045       1497.6846       3743.5373        459.2620       4476.3096        271.4339       -186.0106       7156.7227    -117212.6806    -906527.5846

Iter.    86

+++++ Start micro iteration 86 +++++ 

     STEP        1 POTENTIAL_ENE =    -1006321.32578129  RMSG =       0.0425  MAXG =       0.4042

+++++ STOP: RMSG and MAXG becomes sufficiently small.+++++

INFO:         86   -1006321.3270          0.0425          0.4042       1497.6844       3743.5372        459.2620       4476.3098        271.4339       -186.0106       7156.7273    -117212.6807    -906527.5902

Iter.    87

+++++ Start micro iteration 87 +++++ 

     STEP        1 POTENTIAL_ENE =    -1006321.32700249  RMSG =       0.0426  MAXG =       0.4038

+++++ STOP: RMSG and MAXG becomes sufficiently small.+++++

INFO:         87   -1006321.3282          0.0426          0.4038       1497.6841       3743.5371        459.2620       4476.3100        271.4339       -186.0107       7156.7318    -117212.6807    -906527.5958

Iter.    88

+++++ Start micro iteration 88 +++++ 

     STEP        1 POTENTIAL_ENE =    -1006321.32820846  RMSG =       0.0428  MAXG =       0.4035

+++++ STOP: RMSG and MAXG becomes sufficiently small.+++++

INFO:         88   -1006321.3294          0.0428          0.4035       1497.6838       3743.5371        459.2620       4476.3101        271.4339       -186.0107       7156.7363    -117212.6807    -906527.6013

Iter.    89

+++++ Start micro iteration 89 +++++ 

     STEP        1 POTENTIAL_ENE =    -1006321.32939982  RMSG =       0.0430  MAXG =       0.4030

+++++ STOP: RMSG and MAXG becomes sufficiently small.+++++

INFO:         89   -1006321.3306          0.0430          0.4030       1497.6836       3743.5370        459.2620       4476.3103        271.4340       -186.0107       7156.7407    -117212.6807    -906527.6068

Iter.    90

+++++ Start micro iteration 90 +++++ 

     STEP        1 POTENTIAL_ENE =    -1006321.33057684  RMSG =       0.0432  MAXG =       0.4025

+++++ STOP: RMSG and MAXG becomes sufficiently small.+++++

INFO:         90   -1006321.3317          0.0432          0.4025       1497.6833       3743.5370        459.2620       4476.3105        271.4340       -186.0108       7156.7451    -117212.6807    -906527.6122

Iter.    91

+++++ Start micro iteration 91 +++++ 

     STEP        1 POTENTIAL_ENE =    -1006321.33174074  RMSG =       0.0434  MAXG =       0.4019

+++++ STOP: RMSG and MAXG becomes sufficiently small.+++++

INFO:         91   -1006321.3329          0.0434          0.4019       1497.6830       3743.5369        459.2620       4476.3107        271.4340       -186.0108       7156.7495    -117212.6807    -906527.6175

Iter.    92

+++++ Start micro iteration 92 +++++ 

     STEP        1 POTENTIAL_ENE =    -1006321.33289061  RMSG =       0.0435  MAXG =       0.4013

+++++ STOP: RMSG and MAXG becomes sufficiently small.+++++

INFO:         92   -1006321.3340          0.0435          0.4013       1497.6828       3743.5369        459.2620       4476.3109        271.4340       -186.0108       7156.7538    -117212.6807    -906527.6228

Iter.    93

+++++ Start micro iteration 93 +++++ 

     STEP        1 POTENTIAL_ENE =    -1006321.33402680  RMSG =       0.0437  MAXG =       0.4006

+++++ STOP: RMSG and MAXG becomes sufficiently small.+++++

INFO:         93   -1006321.3351          0.0437          0.4006       1497.6825       3743.5369        459.2620       4476.3110        271.4340       -186.0108       7156.7580    -117212.6807    -906527.6280

