INFO:       STEP   POTENTIAL_ENE            RMSG            MAXG            BOND           ANGLE    UREY-BRADLEY        DIHEDRAL        IMPROPER            CMAP         VDWAALS           ELECT              QM
 --------------- --------------- --------------- --------------- ---------------
INFO:          0   -1006311.7721          0.0000          0.0000       1497.8500       3743.5500        459.2836       4476.2063        271.3122       -186.0429       7155.2314    -117214.7600    -906514.4028

Iter.     1

+++++ Start micro iteration 1 +++++ 

     STEP        2 POTENTIAL_ENE =    -1000125.36830854  RMSG =     151.6735  MAXG =     470.7863
     STEP        4 POTENTIAL_ENE =    -1006311.84638213  RMSG =       0.1735  MAXG =       1.6794
     STEP        6 POTENTIAL_ENE =    -1006311.88964207  RMSG =       0.1768  MAXG =       1.4255
     STEP        8 POTENTIAL_ENE =    -1006311.91374619  RMSG =       0.1146  MAXG =       0.9566
     STEP       10 POTENTIAL_ENE =    -1006311.93827464  RMSG =       0.3023  MAXG =       2.5219
     STEP       12 POTENTIAL_ENE =    -1006311.96252292  RMSG =       0.0741  MAXG =       0.4889
     STEP       14 POTENTIAL_ENE =    -1006311.98117888  RMSG =       0.1037  MAXG =       0.6801
     STEP       16 POTENTIAL_ENE =    -1006311.98788919  RMSG =       0.1732  MAXG =       2.4711
     STEP       18 POTENTIAL_ENE =    -1006312.00560242  RMSG =       0.0550  MAXG =       0.3232

+++++ STOP: RMSG and MAXG becomes sufficiently small.+++++

INFO:          1   -1006311.9854          0.0550          0.3232       1497.8049       3743.6629        459.2633       4476.2573        271.3146       -186.0199       7155.3705    -117217.2770    -906512.3620

Iter.     2

+++++ Start micro iteration 2 +++++ 

     STEP        1 POTENTIAL_ENE =    -1006311.98540867  RMSG =       0.0569  MAXG =       0.3805

+++++ STOP: RMSG and MAXG becomes sufficiently small.+++++

INFO:          2   -1006325.5590          0.0569          0.3805       1497.8036       3743.6627        459.2629       4476.2608        271.3151       -186.0147       7155.4503    -117217.2777    -906526.0219

Iter.     3

+++++ Start micro iteration 3 +++++ 

     STEP        2 POTENTIAL_ENE =    -1005541.25398352  RMSG =      52.5495  MAXG =     348.2064
     STEP        4 POTENTIAL_ENE =    -1006325.56634780  RMSG =       0.0574  MAXG =       0.5999
     STEP        6 POTENTIAL_ENE =    -1006325.57205933  RMSG =       0.0581  MAXG =       0.4404
     STEP        8 POTENTIAL_ENE =    -1006325.57670591  RMSG =       0.0441  MAXG =       0.4548
     STEP        9 POTENTIAL_ENE =    -1006325.57869080  RMSG =       0.0413  MAXG =       0.3332

+++++ STOP: RMSG and MAXG becomes sufficiently small.+++++

INFO:          3   -1006327.6297          0.0413          0.3332       1497.8327       3743.7048        459.2487       4476.2541        271.3122       -186.0228       7155.5392    -117217.1009    -906528.3977

Iter.     4

+++++ Start micro iteration 4 +++++ 

     STEP        2 POTENTIAL_ENE =    -1005523.37792220  RMSG =      58.1201  MAXG =     342.1079
     STEP        3 POTENTIAL_ENE =    -1006327.63066069  RMSG =       0.0482  MAXG =       0.3447

+++++ STOP: RMSG and MAXG becomes sufficiently small.+++++

INFO:          4   -1006327.9730          0.0482          0.3447       1497.8145       3743.6967        459.2504       4476.2532        271.3112       -186.0206       7155.5616    -117217.1163    -906528.7236

Iter.     5

+++++ Start micro iteration 5 +++++ 

     STEP        1 POTENTIAL_ENE =    -1006327.97298980  RMSG =       0.0511  MAXG =       0.3569

+++++ STOP: RMSG and MAXG becomes sufficiently small.+++++

INFO:          5   -1006328.1532          0.0511          0.3569       1497.8146       3743.6997        459.2503       4476.2541        271.3114       -186.0196       7155.6204    -117217.1166    -906528.9676

Iter.     6

+++++ Start micro iteration 6 +++++ 

     STEP        2 POTENTIAL_ENE =    -1004979.94853994  RMSG =      81.8439  MAXG =     407.9506
     STEP        4 POTENTIAL_ENE =    -1006328.15469394  RMSG =       0.0371  MAXG =       0.2909

+++++ STOP: RMSG and MAXG becomes sufficiently small.+++++

INFO:          6   -1006328.2803          0.0371          0.2909       1497.8248       3743.7075        459.2527       4476.2533        271.3106       -186.0206       7155.6392    -117217.0933    -906529.1545

Iter.     7

+++++ Start micro iteration 7 +++++ 

     STEP        1 POTENTIAL_ENE =    -1006328.28029720  RMSG =       0.0385  MAXG =       0.3340

+++++ STOP: RMSG and MAXG becomes sufficiently small.+++++

INFO:          7   -1006328.3800          0.0385          0.3340       1497.8257       3743.7104        459.2527       4476.2543        271.3107       -186.0194       7155.6768    -117217.0934    -906529.2977

Iter.     8

+++++ Start micro iteration 8 +++++ 

     STEP        2 POTENTIAL_ENE =    -1005538.20994831  RMSG =      62.2367  MAXG =     328.6311
     STEP        4 POTENTIAL_ENE =    -1006328.38147616  RMSG =       0.0414  MAXG =       0.3063

+++++ STOP: RMSG and MAXG becomes sufficiently small.+++++

INFO:          8   -1006328.4603          0.0414          0.3063       1497.8094       3743.7130        459.2532       4476.2548        271.3096       -186.0202       7155.6927    -117217.1155    -906529.3574

Iter.     9

+++++ Start micro iteration 9 +++++ 

     STEP        1 POTENTIAL_ENE =    -1006328.46033063  RMSG =       0.0430  MAXG =       0.3428

+++++ STOP: RMSG and MAXG becomes sufficiently small.+++++

INFO:          9   -1006328.5271          0.0430          0.3428       1497.8103       3743.7158        459.2532       4476.2556        271.3097       -186.0191       7155.7200    -117217.1157    -906529.4568

Iter.    10

+++++ Start micro iteration 10 +++++ 

     STEP        2 POTENTIAL_ENE =    -1005136.07137833  RMSG =      77.6516  MAXG =     384.9080
     STEP        4 POTENTIAL_ENE =    -1006328.52834918  RMSG =       0.0385  MAXG =       0.3080

+++++ STOP: RMSG and MAXG becomes sufficiently small.+++++

INFO:         10   -1006328.5842          0.0385          0.3080       1497.8170       3743.7208        459.2546       4476.2557        271.3096       -186.0201       7155.7394    -117217.0980    -906529.5632

Iter.    11

+++++ Start micro iteration 11 +++++ 

     STEP        1 POTENTIAL_ENE =    -1006328.58424310  RMSG =       0.0401  MAXG =       0.3563

+++++ STOP: RMSG and MAXG becomes sufficiently small.+++++

INFO:         11   -1006328.6330          0.0401          0.3563       1497.8173       3743.7239        459.2546       4476.2564        271.3097       -186.0191       7155.7611    -117217.0983    -906529.6386

Iter.    12

+++++ Start micro iteration 12 +++++ 

     STEP        2 POTENTIAL_ENE =    -1005426.85503935  RMSG =      67.2320  MAXG =     330.6316
     STEP        4 POTENTIAL_ENE =    -1006328.63446016  RMSG =       0.0425  MAXG =       0.3326

+++++ STOP: RMSG and MAXG becomes sufficiently small.+++++

INFO:         12   -1006328.6766          0.0425          0.3326       1497.8044       3743.7258        459.2546       4476.2569        271.3088       -186.0197       7155.7758    -117217.1204    -906529.6628

Iter.    13

+++++ Start micro iteration 13 +++++ 

     STEP        1 POTENTIAL_ENE =    -1006328.67658953  RMSG =       0.0440  MAXG =       0.3844

+++++ STOP: RMSG and MAXG becomes sufficiently small.+++++

INFO:         13   -1006328.7143          0.0440          0.3844       1497.8045       3743.7288        459.2546       4476.2575        271.3089       -186.0188       7155.7940    -117217.1207    -906529.7231

Iter.    14

+++++ Start micro iteration 14 +++++ 

     STEP        2 POTENTIAL_ENE =    -1005113.07919148  RMSG =      78.6182  MAXG =     370.1954
     STEP        4 POTENTIAL_ENE =    -1006328.71565768  RMSG =       0.0410  MAXG =       0.3343

+++++ STOP: RMSG and MAXG becomes sufficiently small.+++++

INFO:         14   -1006328.7493          0.0410          0.3343       1497.8070       3743.7311        459.2561       4476.2575        271.3090       -186.0195       7155.8124    -117217.1067    -906529.7962

Iter.    15

+++++ Start micro iteration 15 +++++ 

     STEP        1 POTENTIAL_ENE =    -1006328.74930462  RMSG =       0.0425  MAXG =       0.3854

+++++ STOP: RMSG and MAXG becomes sufficiently small.+++++

INFO:         15   -1006328.7797          0.0425          0.3854       1497.8065       3743.7344        459.2561       4476.2580        271.3092       -186.0186       7155.8281    -117217.1070    -906529.8464

Iter.    16

+++++ Start micro iteration 16 +++++ 

     STEP        2 POTENTIAL_ENE =    -1005305.11027758  RMSG =      71.8756  MAXG =     342.2711
     STEP        4 POTENTIAL_ENE =    -1006328.78124224  RMSG =       0.0441  MAXG =       0.3497

+++++ STOP: RMSG and MAXG becomes sufficiently small.+++++

INFO:         16   -1006328.8088          0.0441          0.3497       1497.7972       3743.7359        459.2559       4476.2585        271.3084       -186.0192       7155.8393    -117217.1286    -906529.8562

Iter.    17

+++++ Start micro iteration 17 +++++ 

     STEP        1 POTENTIAL_ENE =    -1006328.80879296  RMSG =       0.0454  MAXG =       0.3973

+++++ STOP: RMSG and MAXG becomes sufficiently small.+++++

INFO:         17   -1006328.8343          0.0454          0.3973       1497.7967       3743.7391        459.2560       4476.2589        271.3086       -186.0183       7155.8529    -117217.1289    -906529.8991

Iter.    18

+++++ Start micro iteration 18 +++++ 

     STEP        2 POTENTIAL_ENE =    -1005061.34859928  RMSG =      80.3223  MAXG =     366.7216
     STEP        4 POTENTIAL_ENE =    -1006328.83577716  RMSG =       0.0431  MAXG =       0.3442

+++++ STOP: RMSG and MAXG becomes sufficiently small.+++++

INFO:         18   -1006328.8592          0.0431          0.3442       1497.7975       3743.7392        459.2575       4476.2587        271.3088       -186.0189       7155.8693    -117217.1170    -906529.9545

Iter.    19

+++++ Start micro iteration 19 +++++ 

     STEP        1 POTENTIAL_ENE =    -1006328.85923395  RMSG =       0.0444  MAXG =       0.3877

+++++ STOP: RMSG and MAXG becomes sufficiently small.+++++

INFO:         19   -1006328.8811          0.0444          0.3877       1497.7967       3743.7426        459.2575       4476.2591        271.3089       -186.0181       7155.8815    -117217.1173    -906529.9920

Iter.    20

+++++ Start micro iteration 20 +++++ 

     STEP        2 POTENTIAL_ENE =    -1005207.75272363  RMSG =      75.2848  MAXG =     348.0288
     STEP        4 POTENTIAL_ENE =    -1006328.88266660  RMSG =       0.0454  MAXG =       0.3490

+++++ STOP: RMSG and MAXG becomes sufficiently small.+++++

INFO:         20   -1006328.9030          0.0454          0.3490       1497.7904       3743.7440        459.2572       4476.2595        271.3082       -186.0185       7155.8896    -117217.1387    -906529.9947

Iter.    21

+++++ Start micro iteration 21 +++++ 

     STEP        1 POTENTIAL_ENE =    -1006328.90301120  RMSG =       0.0466  MAXG =       0.3896

+++++ STOP: RMSG and MAXG becomes sufficiently small.+++++

INFO:         21   -1006328.9224          0.0466          0.3896       1497.7895       3743.7473        459.2572       4476.2598        271.3084       -186.0177       7155.9007    -117217.1390    -906530.0285

Iter.    22

+++++ Start micro iteration 22 +++++ 

     STEP        2 POTENTIAL_ENE =    -1005027.04402540  RMSG =      81.3843  MAXG =     366.4086
     STEP        4 POTENTIAL_ENE =    -1006328.92396180  RMSG =       0.0449  MAXG =       0.3407

+++++ STOP: RMSG and MAXG becomes sufficiently small.+++++

INFO:         22   -1006328.9421          0.0449          0.3407       1497.7897       3743.7456        459.2587       4476.2595        271.3087       -186.0182       7155.9164    -117217.1278    -906530.0747

Iter.    23

+++++ Start micro iteration 23 +++++ 

     STEP        1 POTENTIAL_ENE =    -1006328.94213834  RMSG =       0.0460  MAXG =       0.3791

+++++ STOP: RMSG and MAXG becomes sufficiently small.+++++

INFO:         23   -1006328.9594          0.0460          0.3791       1497.7886       3743.7489        459.2587       4476.2598        271.3088       -186.0174       7155.9268    -117217.1281    -906530.1055

Iter.    24

+++++ Start micro iteration 24 +++++ 

     STEP        2 POTENTIAL_ENE =    -1005131.21506199  RMSG =      77.7892  MAXG =     351.3202
     STEP        4 POTENTIAL_ENE =    -1006328.96103501  RMSG =       0.0466  MAXG =       0.3419

+++++ STOP: RMSG and MAXG becomes sufficiently small.+++++

INFO:         24   -1006328.9774          0.0466          0.3419       1497.7842       3743.7507        459.2584       4476.2600        271.3081       -186.0178       7155.9330    -117217.1493    -906530.1046

Iter.    25

+++++ Start micro iteration 25 +++++ 

     STEP        1 POTENTIAL_ENE =    -1006328.97737306  RMSG =       0.0477  MAXG =       0.3786

+++++ STOP: RMSG and MAXG becomes sufficiently small.+++++

INFO:         25   -1006328.9930          0.0477          0.3786       1497.7831       3743.7540        459.2584       4476.2602        271.3083       -186.0171       7155.9428    -117217.1497    -906530.1330

Iter.    26

+++++ Start micro iteration 26 +++++ 

     STEP        2 POTENTIAL_ENE =    -1004988.05453668  RMSG =      82.5362  MAXG =     366.0584
     STEP        4 POTENTIAL_ENE =    -1006328.99470344  RMSG =       0.0462  MAXG =       0.3343

+++++ STOP: RMSG and MAXG becomes sufficiently small.+++++

INFO:         26   -1006329.0097          0.0462          0.3343       1497.7830       3743.7507        459.2597       4476.2599        271.3086       -186.0175       7155.9576    -117217.1383    -906530.1733

Iter.    27

+++++ Start micro iteration 27 +++++ 

     STEP        1 POTENTIAL_ENE =    -1006329.00966737  RMSG =       0.0473  MAXG =       0.3690

+++++ STOP: RMSG and MAXG becomes sufficiently small.+++++

INFO:         27   -1006329.0240          0.0473          0.3690       1497.7818       3743.7540        459.2597       4476.2601        271.3087       -186.0168       7155.9668    -117217.1387    -906530.1997

Iter.    28

+++++ Start micro iteration 28 +++++ 

     STEP        1 POTENTIAL_ENE =    -1006329.02401913  RMSG =       0.0489  MAXG =       0.4039

+++++ STOP: RMSG and MAXG becomes sufficiently small.+++++

INFO:         28   -1006329.0377          0.0489          0.4039       1497.7805       3743.7576        459.2597       4476.2604        271.3088       -186.0166       7155.9755    -117217.1390    -906530.2248

Iter.    29

+++++ Start micro iteration 29 +++++ 

     STEP        2 POTENTIAL_ENE =    -1005062.87810517  RMSG =      79.7229  MAXG =     351.9798
     STEP        4 POTENTIAL_ENE =    -1006329.03958635  RMSG =       0.0491  MAXG =       0.3472

+++++ STOP: RMSG and MAXG becomes sufficiently small.+++++

INFO:         29   -1006329.0527          0.0491          0.3472       1497.7766       3743.7588        459.2596       4476.2606        271.3080       -186.0172       7155.9798    -117217.1601    -906530.2190

Iter.    30

+++++ Start micro iteration 30 +++++ 

     STEP        1 POTENTIAL_ENE =    -1006329.05271646  RMSG =       0.0500  MAXG =       0.3800

+++++ STOP: RMSG and MAXG becomes sufficiently small.+++++

INFO:         30   -1006329.0655          0.0500          0.3800       1497.7754       3743.7622        459.2597       4476.2607        271.3082       -186.0165       7155.9881    -117217.1605    -906530.2427

Iter.    31

+++++ Start micro iteration 31 +++++ 

     STEP        2 POTENTIAL_ENE =    -1004896.46522787  RMSG =      85.1756  MAXG =     369.5004
     STEP        4 POTENTIAL_ENE =    -1006329.06724611  RMSG =       0.0482  MAXG =       0.3568

+++++ STOP: RMSG and MAXG becomes sufficiently small.+++++

INFO:         31   -1006329.0795          0.0482          0.3568       1497.7762       3743.7571        459.2606       4476.2602        271.3085       -186.0168       7156.0019    -117217.1482    -906530.2792

Iter.    32

+++++ Start micro iteration 32 +++++ 

     STEP        1 POTENTIAL_ENE =    -1006329.07952390  RMSG =       0.0492  MAXG =       0.3944

+++++ STOP: RMSG and MAXG becomes sufficiently small.+++++

INFO:         32   -1006329.0914          0.0492          0.3944       1497.7750       3743.7603        459.2607       4476.2604        271.3087       -186.0162       7156.0097    -117217.1485    -906530.3014

Iter.    33

+++++ Start micro iteration 33 +++++ 

     STEP        2 POTENTIAL_ENE =    -1004998.17749372  RMSG =      81.7734  MAXG =     351.3773
     STEP        4 POTENTIAL_ENE =    -1006329.09319741  RMSG =       0.0493  MAXG =       0.3503

+++++ STOP: RMSG and MAXG becomes sufficiently small.+++++

INFO:         33   -1006329.1046          0.0493          0.3503       1497.7730       3743.7624        459.2607       4476.2603        271.3080       -186.0167       7156.0138    -117217.1702    -906530.2958

Iter.    34

+++++ Start micro iteration 34 +++++ 

     STEP        1 POTENTIAL_ENE =    -1006329.10460247  RMSG =       0.0503  MAXG =       0.3886

+++++ STOP: RMSG and MAXG becomes sufficiently small.+++++

INFO:         34   -1006329.1157          0.0503          0.3886       1497.7718       3743.7655        459.2607       4476.2603        271.3082       -186.0161       7156.0230    -117217.1706    -906530.3185

Iter.    35

+++++ Start micro iteration 35 +++++ 

     STEP        2 POTENTIAL_ENE =    -1004896.82167623  RMSG =      85.0671  MAXG =     361.1324
     STEP        4 POTENTIAL_ENE =    -1006329.11756959  RMSG =       0.0492  MAXG =       0.3602

+++++ STOP: RMSG and MAXG becomes sufficiently small.+++++

INFO:         35   -1006329.1283          0.0492          0.3602       1497.7710       3743.7596        459.2615       4476.2599        271.3085       -186.0162       7156.0383    -117217.1578    -906530.3530

Iter.    36

+++++ Start micro iteration 36 +++++ 

     STEP        1 POTENTIAL_ENE =    -1006329.12834010  RMSG =       0.0502  MAXG =       0.3962

+++++ STOP: RMSG and MAXG becomes sufficiently small.+++++

INFO:         36   -1006329.1386          0.0502          0.3962       1497.7699       3743.7626        459.2615       4476.2600        271.3087       -186.0157       7156.0476    -117217.1582    -906530.3750

Iter.    37

+++++ Start micro iteration 37 +++++ 

     STEP        2 POTENTIAL_ENE =    -1004943.44629440  RMSG =      83.3572  MAXG =     349.4718
     STEP        4 POTENTIAL_ENE =    -1006329.14047759  RMSG =       0.0502  MAXG =       0.3542

+++++ STOP: RMSG and MAXG becomes sufficiently small.+++++

INFO:         37   -1006329.1500          0.0502          0.3542       1497.7689       3743.7659        459.2616       4476.2598        271.3080       -186.0164       7156.0517    -117217.1806    -906530.3690

Iter.    38

+++++ Start micro iteration 38 +++++ 

     STEP        1 POTENTIAL_ENE =    -1006329.14998998  RMSG =       0.0511  MAXG =       0.3882

+++++ STOP: RMSG and MAXG becomes sufficiently small.+++++

INFO:         38   -1006329.1594          0.0511          0.3882       1497.7678       3743.7690        459.2616       4476.2598        271.3081       -186.0159       7156.0607    -117217.1809    -906530.3898

Iter.    39

+++++ Start micro iteration 39 +++++ 

     STEP        2 POTENTIAL_ENE =    -1004868.25508135  RMSG =      85.7989  MAXG =     355.1522
     STEP        4 POTENTIAL_ENE =    -1006329.16132327  RMSG =       0.0502  MAXG =       0.3537

+++++ STOP: RMSG and MAXG becomes sufficiently small.+++++

INFO:         39   -1006329.1704          0.0502          0.3537       1497.7667       3743.7616        459.2623       4476.2594        271.3085       -186.0159       7156.0758    -117217.1673    -906530.4214

Iter.    40

+++++ Start micro iteration 40 +++++ 

     STEP        1 POTENTIAL_ENE =    -1006329.17043767  RMSG =       0.0511  MAXG =       0.3863

+++++ STOP: RMSG and MAXG becomes sufficiently small.+++++

INFO:         40   -1006329.1793          0.0511          0.3863       1497.7655       3743.7646        459.2623       4476.2595        271.3086       -186.0154       7156.0843    -117217.1676    -906530.4411

Iter.    41

+++++ Start micro iteration 41 +++++ 

     STEP        2 POTENTIAL_ENE =    -1004902.23881679  RMSG =      84.5335  MAXG =     345.4783
     STEP        4 POTENTIAL_ENE =    -1006329.18123758  RMSG =       0.0510  MAXG =       0.3637

+++++ STOP: RMSG and MAXG becomes sufficiently small.+++++

INFO:         41   -1006329.1898          0.0510          0.3637       1497.7656       3743.7691        459.2625       4476.2592        271.3080       -186.0161       7156.0868    -117217.1909    -906530.4340

Iter.    42

+++++ Start micro iteration 42 +++++ 

     STEP        1 POTENTIAL_ENE =    -1006329.18975072  RMSG =       0.0519  MAXG =       0.3860

+++++ STOP: RMSG and MAXG becomes sufficiently small.+++++

INFO:         42   -1006329.1981          0.0519          0.3860       1497.7645       3743.7721        459.2625       4476.2592        271.3082       -186.0156       7156.0946    -117217.1913    -906530.4523

Iter.    43

+++++ Start micro iteration 43 +++++ 

     STEP        2 POTENTIAL_ENE =    -1004842.51039166  RMSG =      86.4141  MAXG =     348.3023
     STEP        4 POTENTIAL_ENE =    -1006329.20004637  RMSG =       0.0511  MAXG =       0.3715

+++++ STOP: RMSG and MAXG becomes sufficiently small.+++++

INFO:         43   -1006329.2081          0.0511          0.3715       1497.7626       3743.7634        459.2630       4476.2588        271.3085       -186.0155       7156.1088    -117217.1770    -906530.4807

Iter.    44

+++++ Start micro iteration 44 +++++ 

     STEP        1 POTENTIAL_ENE =    -1006329.20813970  RMSG =       0.0519  MAXG =       0.3832

+++++ STOP: RMSG and MAXG becomes sufficiently small.+++++

INFO:         44   -1006329.2160          0.0519          0.3832       1497.7614       3743.7663        459.2631       4476.2588        271.3087       -186.0150       7156.1161    -117217.1774    -906530.4980

Iter.    45

+++++ Start micro iteration 45 +++++ 

     STEP        2 POTENTIAL_ENE =    -1004866.75673191  RMSG =      85.4547  MAXG =     340.4850
     STEP        4 POTENTIAL_ENE =    -1006329.21800428  RMSG =       0.0517  MAXG =       0.3835

+++++ STOP: RMSG and MAXG becomes sufficiently small.+++++

INFO:         45   -1006329.2256          0.0517          0.3835       1497.7625       3743.7718        459.2633       4476.2584        271.3080       -186.0158       7156.1172    -117217.2016    -906530.4894

Iter.    46

+++++ Start micro iteration 46 +++++ 

     STEP        1 POTENTIAL_ENE =    -1006329.22558757  RMSG =       0.0525  MAXG =       0.3844

+++++ STOP: RMSG and MAXG becomes sufficiently small.+++++

INFO:         46   -1006329.2330          0.0525          0.3844       1497.7614       3743.7747        459.2633       4476.2584        271.3082       -186.0154       7156.1238    -117217.2019    -906530.5055

Iter.    47

+++++ Start micro iteration 47 +++++ 

     STEP        2 POTENTIAL_ENE =    -1004819.61142339  RMSG =      86.9784  MAXG =     342.2365
     STEP        4 POTENTIAL_ENE =    -1006329.23500849  RMSG =       0.0516  MAXG =       0.3906

+++++ STOP: RMSG and MAXG becomes sufficiently small.+++++

INFO:         47   -1006329.2422          0.0516          0.3906       1497.7595       3743.7646        459.2637       4476.2581        271.3085       -186.0152       7156.1370    -117217.1871    -906530.5314

Iter.    48

+++++ Start micro iteration 48 +++++ 

     STEP        1 POTENTIAL_ENE =    -1006329.24222159  RMSG =       0.0523  MAXG =       0.3914

+++++ STOP: RMSG and MAXG becomes sufficiently small.+++++

INFO:         48   -1006329.2493          0.0523          0.3914       1497.7583       3743.7675        459.2638       4476.2582        271.3087       -186.0148       7156.1432    -117217.1875    -906530.5466

Iter.    49

+++++ Start micro iteration 49 +++++ 

     STEP        2 POTENTIAL_ENE =    -1004850.31937572  RMSG =      85.8812  MAXG =     338.1814
     STEP        4 POTENTIAL_ENE =    -1006329.25127210  RMSG =       0.0521  MAXG =       0.4010

+++++ STOP: RMSG and MAXG becomes sufficiently small.+++++

INFO:         49   -1006329.2581          0.0521          0.4010       1497.7600       3743.7741        459.2640       4476.2577        271.3081       -186.0157       7156.1428    -117217.2120    -906530.5370

Iter.    50

+++++ Start micro iteration 50 +++++ 

     STEP        1 POTENTIAL_ENE =    -1006329.25805875  RMSG =       0.0527  MAXG =       0.4019

+++++ STOP: RMSG and MAXG becomes sufficiently small.+++++

INFO:         50   -1006329.2647          0.0527          0.4019       1497.7588       3743.7770        459.2640       4476.2577        271.3082       -186.0153       7156.1484    -117217.2124    -906530.5512

Iter.    51

+++++ Start micro iteration 51 +++++ 

     STEP        1 POTENTIAL_ENE =    -1006329.26474423  RMSG =       0.0537  MAXG =       0.4032

+++++ STOP: RMSG and MAXG becomes sufficiently small.+++++

INFO:         51   -1006329.2712          0.0537          0.4032       1497.7577       3743.7799        459.2641       4476.2579        271.3083       -186.0152       7156.1535    -117217.2126    -906530.5647

Iter.    52

+++++ Start micro iteration 52 +++++ 

     STEP        2 POTENTIAL_ENE =    -1004805.92224301  RMSG =      87.1931  MAXG =     341.0255
     STEP        4 POTENTIAL_ENE =    -1006329.27326484  RMSG =       0.0529  MAXG =       0.4126
     STEP        5 POTENTIAL_ENE =    -1006329.27733883  RMSG =       0.0598  MAXG =       0.3897

+++++ STOP: RMSG and MAXG becomes sufficiently small.+++++

INFO:         52   -1006329.2836          0.0598          0.3897       1497.7637       3743.7491        459.2650       4476.2567        271.3084       -186.0161       7156.1674    -117217.2083    -906530.5695

Iter.    53

+++++ Start micro iteration 53 +++++ 

     STEP        1 POTENTIAL_ENE =    -1006329.28358009  RMSG =       0.0596  MAXG =       0.3900

+++++ STOP: RMSG and MAXG becomes sufficiently small.+++++

INFO:         53   -1006329.2900          0.0596          0.3900       1497.7622       3743.7522        459.2650       4476.2563        271.3087       -186.0149       7156.1729    -117217.2089    -906530.5835

Iter.    54

+++++ Start micro iteration 54 +++++ 

     STEP        1 POTENTIAL_ENE =    -1006329.28999015  RMSG =       0.0594  MAXG =       0.3913

+++++ STOP: RMSG and MAXG becomes sufficiently small.+++++

INFO:         54   -1006329.2961          0.0594          0.3913       1497.7609       3743.7551        459.2650       4476.2563        271.3088       -186.0145       7156.1778    -117217.2092    -906530.5962

Iter.    55

+++++ Start micro iteration 55 +++++ 

     STEP        1 POTENTIAL_ENE =    -1006329.29608125  RMSG =       0.0598  MAXG =       0.3926

+++++ STOP: RMSG and MAXG becomes sufficiently small.+++++

INFO:         55   -1006329.3020          0.0598          0.3926       1497.7597       3743.7579        459.2651       4476.2563        271.3089       -186.0144       7156.1824    -117217.2095    -906530.6084

Iter.    56

+++++ Start micro iteration 56 +++++ 

     STEP        1 POTENTIAL_ENE =    -1006329.30198983  RMSG =       0.0602  MAXG =       0.3939

+++++ STOP: RMSG and MAXG becomes sufficiently small.+++++

INFO:         56   -1006329.3077          0.0602          0.3939       1497.7587       3743.7606        459.2651       4476.2565        271.3090       -186.0144       7156.1866    -117217.2097    -906530.6201

Iter.    57

+++++ Start micro iteration 57 +++++ 

     STEP        1 POTENTIAL_ENE =    -1006329.30771926  RMSG =       0.0607  MAXG =       0.3952

+++++ STOP: RMSG and MAXG becomes sufficiently small.+++++

INFO:         57   -1006329.3133          0.0607          0.3952       1497.7577       3743.7633        459.2651       4476.2567        271.3091       -186.0143       7156.1905    -117217.2099    -906530.6314

Iter.    58

+++++ Start micro iteration 58 +++++ 

     STEP        1 POTENTIAL_ENE =    -1006329.31328171  RMSG =       0.0612  MAXG =       0.3964

+++++ STOP: RMSG and MAXG becomes sufficiently small.+++++

INFO:         58   -1006329.3187          0.0612          0.3964       1497.7568       3743.7660        459.2652       4476.2569        271.3091       -186.0143       7156.1941    -117217.2101    -906530.6422

Iter.    59

+++++ Start micro iteration 59 +++++ 

     STEP        1 POTENTIAL_ENE =    -1006329.31867715  RMSG =       0.0618  MAXG =       0.3977

+++++ STOP: RMSG and MAXG becomes sufficiently small.+++++

INFO:         59   -1006329.3239          0.0618          0.3977       1497.7559       3743.7686        459.2652       4476.2571        271.3092       -186.0143       7156.1975    -117217.2103    -906530.6527

Iter.    60

+++++ Start micro iteration 60 +++++ 

     STEP        1 POTENTIAL_ENE =    -1006329.32391436  RMSG =       0.0623  MAXG =       0.3990

+++++ STOP: RMSG and MAXG becomes sufficiently small.+++++

INFO:         60   -1006329.3290          0.0623          0.3990       1497.7550       3743.7711        459.2653       4476.2573        271.3092       -186.0143       7156.2006    -117217.2105    -906530.6628

Iter.    61

+++++ Start micro iteration 61 +++++ 

     STEP        1 POTENTIAL_ENE =    -1006329.32902117  RMSG =       0.0629  MAXG =       0.4003

+++++ STOP: RMSG and MAXG becomes sufficiently small.+++++

INFO:         61   -1006329.3340          0.0629          0.4003       1497.7542       3743.7737        459.2653       4476.2575        271.3093       -186.0143       7156.2035    -117217.2107    -906530.6725

Iter.    62

+++++ Start micro iteration 62 +++++ 

     STEP        1 POTENTIAL_ENE =    -1006329.33397730  RMSG =       0.0635  MAXG =       0.4015

+++++ STOP: RMSG and MAXG becomes sufficiently small.+++++

INFO:         62   -1006329.3388          0.0635          0.4015       1497.7534       3743.7761        459.2654       4476.2578        271.3093       -186.0143       7156.2062    -117217.2109    -906530.6819

Iter.    63

+++++ Start micro iteration 63 +++++ 

     STEP        1 POTENTIAL_ENE =    -1006329.33880644  RMSG =       0.0642  MAXG =       0.4044

+++++ STOP: RMSG and MAXG becomes sufficiently small.+++++

INFO:         63   -1006329.3435          0.0642          0.4044       1497.7527       3743.7785        459.2654       4476.2580        271.3094       -186.0143       7156.2087    -117217.2110    -906530.6910

Iter.    64

+++++ Start micro iteration 64 +++++ 

     STEP        2 POTENTIAL_ENE =    -1004660.96637361  RMSG =      84.8570  MAXG =     395.1392
     STEP        4 POTENTIAL_ENE =    -1006329.34632295  RMSG =       0.0540  MAXG =       0.4397
     STEP        6 POTENTIAL_ENE =    -1006329.36299234  RMSG =       0.0992  MAXG =       1.2440
     STEP        8 POTENTIAL_ENE =    -1006329.38471779  RMSG =       0.0890  MAXG =       1.6679
     STEP       10 POTENTIAL_ENE =    -1006329.39929851  RMSG =       0.1023  MAXG =       0.7170
     STEP       12 POTENTIAL_ENE =    -1006329.41261205  RMSG =       0.1179  MAXG =       1.3004
     STEP       14 POTENTIAL_ENE =    -1006329.42099678  RMSG =       0.0640  MAXG =       0.5151
     STEP       16 POTENTIAL_ENE =    -1006329.42329920  RMSG =       0.2019  MAXG =       1.9224
     STEP       18 POTENTIAL_ENE =    -1006329.43029923  RMSG =       0.0464  MAXG =       0.4511
     STEP       19 POTENTIAL_ENE =    -1006329.43226054  RMSG =       0.0392  MAXG =       0.3224

+++++ STOP: RMSG and MAXG becomes sufficiently small.+++++

INFO:         64   -1006329.4207          0.0392          0.3224       1497.7807       3743.6770        459.2650       4476.2357        271.3079       -186.0401       7156.0659    -117217.5115    -906530.2012

Iter.    65

+++++ Start micro iteration 65 +++++ 

     STEP        2 POTENTIAL_ENE =    -1005940.67238087  RMSG =      43.0822  MAXG =     390.4763
     STEP        4 POTENTIAL_ENE =    -1006329.42438328  RMSG =       0.0620  MAXG =       0.4469
     STEP        6 POTENTIAL_ENE =    -1006329.43325322  RMSG =       0.0998  MAXG =       0.6289
     STEP        7 POTENTIAL_ENE =    -1006329.43598795  RMSG =       0.0547  MAXG =       0.3701

+++++ STOP: RMSG and MAXG becomes sufficiently small.+++++

INFO:         65   -1006329.4426          0.0547          0.3701       1497.7622       3743.6441        459.2641       4476.2143        271.2999       -186.0256       7156.0669    -117217.3596    -906530.3090

Iter.    66

+++++ Start micro iteration 66 +++++ 

     STEP        2 POTENTIAL_ENE =    -1005103.77245503  RMSG =      75.7272  MAXG =     451.4882
     STEP        3 POTENTIAL_ENE =    -1006329.44368944  RMSG =       0.0532  MAXG =       0.3809

+++++ STOP: RMSG and MAXG becomes sufficiently small.+++++

INFO:         66   -1006329.4509          0.0532          0.3809       1497.7614       3743.6484        459.2639       4476.2151        271.3014       -186.0268       7156.0718    -117217.3516    -906530.3346

Iter.    67

+++++ Start micro iteration 67 +++++ 

     STEP        2 POTENTIAL_ENE =    -1004758.67664571  RMSG =      88.7610  MAXG =     513.6544
     STEP        4 POTENTIAL_ENE =    -1006329.45240789  RMSG =       0.0358  MAXG =       0.3123

+++++ STOP: RMSG and MAXG becomes sufficiently small.+++++

INFO:         67   -1006329.4589          0.0358          0.3123       1497.7598       3743.6566        459.2648       4476.2160        271.3008       -186.0273       7156.0768    -117217.3592    -906530.3472

Iter.    68

+++++ Start micro iteration 68 +++++ 

     STEP        1 POTENTIAL_ENE =    -1006329.45894155  RMSG =       0.0366  MAXG =       0.3635

+++++ STOP: RMSG and MAXG becomes sufficiently small.+++++

INFO:         68   -1006329.4651          0.0366          0.3635       1497.7587       3743.6586        459.2648       4476.2158        271.3010       -186.0268       7156.0855    -117217.3596    -906530.3630

Iter.    69

+++++ Start micro iteration 69 +++++ 

     STEP        2 POTENTIAL_ENE =    -1005525.82813143  RMSG =      63.1276  MAXG =     361.6106
     STEP        3 POTENTIAL_ENE =    -1006329.46557940  RMSG =       0.0387  MAXG =       0.3734

+++++ STOP: RMSG and MAXG becomes sufficiently small.+++++

INFO:         69   -1006329.4714          0.0387          0.3734       1497.7570       3743.6643        459.2646       4476.2165        271.3014       -186.0281       7156.0909    -117217.3585    -906530.3795

Iter.    70

+++++ Start micro iteration 70 +++++ 

     STEP        2 POTENTIAL_ENE =    -1005245.62317673  RMSG =      76.0756  MAXG =     449.9274
     STEP        3 POTENTIAL_ENE =    -1006329.47181869  RMSG =       0.0325  MAXG =       0.3771

+++++ STOP: RMSG and MAXG becomes sufficiently small.+++++

INFO:         70   -1006329.4774          0.0325          0.3771       1497.7562       3743.6650        459.2647       4476.2166        271.3012       -186.0280       7156.0967    -117217.3581    -906530.3915

Iter.    71

+++++ Start micro iteration 71 +++++ 

     STEP        2 POTENTIAL_ENE =    -1005613.77562493  RMSG =      62.1891  MAXG =     350.6791
     STEP        3 POTENTIAL_ENE =    -1006329.47770633  RMSG =       0.0330  MAXG =       0.3765

+++++ STOP: RMSG and MAXG becomes sufficiently small.+++++

INFO:         71   -1006329.4830          0.0330          0.3765       1497.7564       3743.6713        459.2648       4476.2169        271.3016       -186.0287       7156.1019    -117217.3628    -906530.4043

Iter.    72

+++++ Start micro iteration 72 +++++ 

     STEP        2 POTENTIAL_ENE =    -1005531.56579834  RMSG =      66.5841  MAXG =     394.1818
     STEP        3 POTENTIAL_ENE =    -1006329.48332224  RMSG =       0.0302  MAXG =       0.3746

+++++ STOP: RMSG and MAXG becomes sufficiently small.+++++

INFO:         72   -1006329.4884          0.0302          0.3746       1497.7548       3743.6705        459.2647       4476.2170        271.3014       -186.0287       7156.1065    -117217.3582    -906530.4163

Iter.    73

+++++ Start micro iteration 73 +++++ 

     STEP        2 POTENTIAL_ENE =    -1005681.41160374  RMSG =      60.0692  MAXG =     346.5956
     STEP        3 POTENTIAL_ENE =    -1006329.48869874  RMSG =       0.0301  MAXG =       0.3703

+++++ STOP: RMSG and MAXG becomes sufficiently small.+++++

INFO:         73   -1006329.4936          0.0301          0.3703       1497.7561       3743.6762        459.2649       4476.2171        271.3017       -186.0292       7156.1115    -117217.3644    -906530.4274

Iter.    74

+++++ Start micro iteration 74 +++++ 

     STEP        1 POTENTIAL_ENE =    -1006329.49359218  RMSG =       0.0309  MAXG =       0.4019

+++++ STOP: RMSG and MAXG becomes sufficiently small.+++++

INFO:         74   -1006329.4983          0.0309          0.4019       1497.7553       3743.6783        459.2649       4476.2172        271.3018       -186.0291       7156.1162    -117217.3647    -906530.4382

Iter.    75

+++++ Start micro iteration 75 +++++ 

     STEP        2 POTENTIAL_ENE =    -1005652.71933513  RMSG =      61.5229  MAXG =     366.2473
     STEP        3 POTENTIAL_ENE =    -1006329.49858588  RMSG =       0.0298  MAXG =       0.3945

+++++ STOP: RMSG and MAXG becomes sufficiently small.+++++

INFO:         75   -1006329.5031          0.0298          0.3945       1497.7531       3743.6772        459.2649       4476.2173        271.3016       -186.0291       7156.1194    -117217.3592    -906530.4484

Iter.    76

+++++ Start micro iteration 76 +++++ 

     STEP        2 POTENTIAL_ENE =    -1005692.86133656  RMSG =      59.8845  MAXG =     342.8876
     STEP        3 POTENTIAL_ENE =    -1006329.50338169  RMSG =       0.0290  MAXG =       0.3831

+++++ STOP: RMSG and MAXG becomes sufficiently small.+++++

INFO:         76   -1006329.5078          0.0290          0.3831       1497.7552       3743.6823        459.2651       4476.2173        271.3019       -186.0295       7156.1236    -117217.3657    -906530.4579

Iter.    77

+++++ Start micro iteration 77 +++++ 

     STEP        2 POTENTIAL_ENE =    -1005718.63273481  RMSG =      58.7813  MAXG =     340.5636
     STEP        3 POTENTIAL_ENE =    -1006329.50802079  RMSG =       0.0285  MAXG =       0.3732

+++++ STOP: RMSG and MAXG becomes sufficiently small.+++++

INFO:         77   -1006329.5123          0.0285          0.3732       1497.7530       3743.6813        459.2651       4476.2173        271.3018       -186.0295       7156.1259    -117217.3604    -906530.4669

Iter.    78

+++++ Start micro iteration 78 +++++ 

     STEP        1 POTENTIAL_ENE =    -1006329.51227903  RMSG =       0.0292  MAXG =       0.4024

+++++ STOP: RMSG and MAXG becomes sufficiently small.+++++

INFO:         78   -1006329.5164          0.0292          0.4024       1497.7526       3743.6830        459.2651       4476.2173        271.3019       -186.0293       7156.1292    -117217.3606    -906530.4757

Iter.    79

+++++ Start micro iteration 79 +++++ 

     STEP        2 POTENTIAL_ENE =    -1005734.65189757  RMSG =      57.8318  MAXG =     332.9025
     STEP        3 POTENTIAL_ENE =    -1006329.51665276  RMSG =       0.0292  MAXG =       0.3889

+++++ STOP: RMSG and MAXG becomes sufficiently small.+++++

INFO:         79   -1006329.5206          0.0292          0.3889       1497.7544       3743.6880        459.2653       4476.2175        271.3020       -186.0297       7156.1328    -117217.3666    -906530.4842

Iter.    80

+++++ Start micro iteration 80 +++++ 

     STEP        2 POTENTIAL_ENE =    -1005707.60686124  RMSG =      59.4460  MAXG =     341.6244
     STEP        3 POTENTIAL_ENE =    -1006329.52087294  RMSG =       0.0281  MAXG =       0.3709

+++++ STOP: RMSG and MAXG becomes sufficiently small.+++++

INFO:         80   -1006329.5246          0.0281          0.3709       1497.7522       3743.6867        459.2653       4476.2174        271.3020       -186.0296       7156.1343    -117217.3616    -906530.4913

Iter.    81

+++++ Start micro iteration 81 +++++ 

     STEP        1 POTENTIAL_ENE =    -1006329.52458014  RMSG =       0.0288  MAXG =       0.3985

+++++ STOP: RMSG and MAXG becomes sufficiently small.+++++

INFO:         81   -1006329.5282          0.0288          0.3985       1497.7518       3743.6884        459.2654       4476.2175        271.3021       -186.0294       7156.1367    -117217.3618    -906530.4987

Iter.    82

+++++ Start micro iteration 82 +++++ 

     STEP        2 POTENTIAL_ENE =    -1005766.93466130  RMSG =      56.3101  MAXG =     325.3511
     STEP        3 POTENTIAL_ENE =    -1006329.52840123  RMSG =       0.0294  MAXG =       0.3805

+++++ STOP: RMSG and MAXG becomes sufficiently small.+++++

INFO:         82   -1006329.5319          0.0294          0.3805       1497.7537       3743.6931        459.2655       4476.2177        271.3022       -186.0299       7156.1395    -117217.3674    -906530.5062

Iter.    83

+++++ Start micro iteration 83 +++++ 

     STEP        1 POTENTIAL_ENE =    -1006329.53185587  RMSG =       0.0300  MAXG =       0.4043

+++++ STOP: RMSG and MAXG becomes sufficiently small.+++++

INFO:         83   -1006329.5352          0.0300          0.4043       1497.7530       3743.6951        459.2655       4476.2178        271.3023       -186.0298       7156.1415    -117217.3677    -906530.5130

Iter.    84

+++++ Start micro iteration 84 +++++ 

     STEP        2 POTENTIAL_ENE =    -1005686.61559626  RMSG =      60.4028  MAXG =     352.1491
     STEP        3 POTENTIAL_ENE =    -1006329.53547935  RMSG =       0.0290  MAXG =       0.3850

+++++ STOP: RMSG and MAXG becomes sufficiently small.+++++

INFO:         84   -1006329.5388          0.0290          0.3850       1497.7507       3743.6932        459.2656       4476.2178        271.3021       -186.0297       7156.1420    -117217.3626    -906530.5181

Iter.    85

+++++ Start micro iteration 85 +++++ 

     STEP        2 POTENTIAL_ENE =    -1005747.77531865  RMSG =      57.5125  MAXG =     330.4811
     STEP        3 POTENTIAL_ENE =    -1006329.53900022  RMSG =       0.0289  MAXG =       0.3616

+++++ STOP: RMSG and MAXG becomes sufficiently small.+++++

INFO:         85   -1006329.5422          0.0289          0.3616       1497.7533       3743.6975        459.2657       4476.2179        271.3023       -186.0299       7156.1442    -117217.3682    -906530.5250

Iter.    86

+++++ Start micro iteration 86 +++++ 

     STEP        1 POTENTIAL_ENE =    -1006329.54220207  RMSG =       0.0297  MAXG =       0.3869

+++++ STOP: RMSG and MAXG becomes sufficiently small.+++++

INFO:         86   -1006329.5453          0.0297          0.3869       1497.7526       3743.6995        459.2657       4476.2180        271.3024       -186.0298       7156.1456    -117217.3684    -906530.5309

Iter.    87

+++++ Start micro iteration 87 +++++ 

     STEP        2 POTENTIAL_ENE =    -1005710.23349259  RMSG =      59.2951  MAXG =     334.3591
     STEP        3 POTENTIAL_ENE =    -1006329.54558904  RMSG =       0.0293  MAXG =       0.3675

+++++ STOP: RMSG and MAXG becomes sufficiently small.+++++

INFO:         87   -1006329.5486          0.0293          0.3675       1497.7502       3743.6973        459.2658       4476.2180        271.3023       -186.0298       7156.1457    -117217.3634    -906530.5348

Iter.    88

+++++ Start micro iteration 88 +++++ 

     STEP        1 POTENTIAL_ENE =    -1006329.54863674  RMSG =       0.0299  MAXG =       0.3893

+++++ STOP: RMSG and MAXG becomes sufficiently small.+++++

INFO:         88   -1006329.5516          0.0299          0.3893       1497.7499       3743.6988        459.2659       4476.2181        271.3024       -186.0296       7156.1468    -117217.3636    -906530.5403

Iter.    89

+++++ Start micro iteration 89 +++++ 

     STEP        2 POTENTIAL_ENE =    -1005717.02342981  RMSG =      58.9423  MAXG =     334.5207
     STEP        3 POTENTIAL_ENE =    -1006329.55188570  RMSG =       0.0299  MAXG =       0.3664

+++++ STOP: RMSG and MAXG becomes sufficiently small.+++++

INFO:         89   -1006329.5548          0.0299          0.3664       1497.7523       3743.7033        459.2660       4476.2182        271.3024       -186.0299       7156.1486    -117217.3691    -906530.5465

Iter.    90

+++++ Start micro iteration 90 +++++ 

     STEP        1 POTENTIAL_ENE =    -1006329.55479892  RMSG =       0.0305  MAXG =       0.3875

+++++ STOP: RMSG and MAXG becomes sufficiently small.+++++

INFO:         90   -1006329.5577          0.0305          0.3875       1497.7516       3743.7052        459.2660       4476.2184        271.3025       -186.0298       7156.1495    -117217.3693    -906530.5516

Iter.    91

+++++ Start micro iteration 91 +++++ 

     STEP        2 POTENTIAL_ENE =    -1005680.17780276  RMSG =      60.7684  MAXG =     343.6318
     STEP        3 POTENTIAL_ENE =    -1006329.55791756  RMSG =       0.0301  MAXG =       0.3643

+++++ STOP: RMSG and MAXG becomes sufficiently small.+++++

INFO:         91   -1006329.5607          0.0301          0.3643       1497.7493       3743.7025        459.2661       4476.2184        271.3024       -186.0297       7156.1491    -117217.3645    -906530.5543

Iter.    92

+++++ Start micro iteration 92 +++++ 

     STEP        1 POTENTIAL_ENE =    -1006329.56070587  RMSG =       0.0306  MAXG =       0.3846

+++++ STOP: RMSG and MAXG becomes sufficiently small.+++++

INFO:         92   -1006329.5634          0.0306          0.3846       1497.7491       3743.7040        459.2661       4476.2185        271.3024       -186.0295       7156.1497    -117217.3646    -906530.5590

Iter.    93

+++++ Start micro iteration 93 +++++ 

     STEP        2 POTENTIAL_ENE =    -1005692.48337786  RMSG =      60.1469  MAXG =     337.7692
     STEP        3 POTENTIAL_ENE =    -1006329.56371208  RMSG =       0.0306  MAXG =       0.3624

+++++ STOP: RMSG and MAXG becomes sufficiently small.+++++

INFO:         93   -1006329.5664          0.0306          0.3624       1497.7516       3743.7085        459.2662       4476.2186        271.3026       -186.0299       7156.1512    -117217.3700    -906530.5650

