INFO:       STEP   POTENTIAL_ENE            RMSG            MAXG            BOND           ANGLE    UREY-BRADLEY        DIHEDRAL        IMPROPER            CMAP         VDWAALS           ELECT              QM
 --------------- --------------- --------------- --------------- ---------------
INFO:          0   -1006324.7255          0.0000          0.0000       1497.8111       3743.6221        459.2704       4476.2466        271.2986       -186.0387       7155.0918    -117215.2128    -906526.8147

Iter.     1

+++++ Start micro iteration 1 +++++ 

     STEP        2 POTENTIAL_ENE =    -1000035.95445780  RMSG =     152.5242  MAXG =     437.8200
     STEP        4 POTENTIAL_ENE =    -1006324.78138031  RMSG =       0.1227  MAXG =       1.0656
     STEP        6 POTENTIAL_ENE =    -1006324.80063515  RMSG =       0.1025  MAXG =       0.7802
     STEP        8 POTENTIAL_ENE =    -1006324.81231147  RMSG =       0.0749  MAXG =       0.5618
     STEP       10 POTENTIAL_ENE =    -1006324.82580495  RMSG =       0.1147  MAXG =       0.7878
     STEP       11 POTENTIAL_ENE =    -1006324.83172201  RMSG =       0.0686  MAXG =       0.3762

+++++ STOP: RMSG and MAXG becomes sufficiently small.+++++

INFO:          1   -1006324.8284          0.0686          0.3762       1497.8558       3743.7181        459.2534       4476.2768        271.2989       -186.0246       7155.2330    -117216.4869    -906525.9528

Iter.     2

+++++ Start micro iteration 2 +++++ 

     STEP        2 POTENTIAL_ENE =    -1004873.14989468  RMSG =      77.6960  MAXG =     360.8841
     STEP        3 POTENTIAL_ENE =    -1006324.83034473  RMSG =       0.0709  MAXG =       0.3669

+++++ STOP: RMSG and MAXG becomes sufficiently small.+++++

INFO:          2   -1006330.6474          0.0709          0.3669       1497.8876       3743.6866        459.2523       4476.2799        271.3014       -186.0198       7155.2935    -117216.4880    -906531.8408

Iter.     3

+++++ Start micro iteration 3 +++++ 

     STEP        2 POTENTIAL_ENE =    -1003851.86903444  RMSG =     108.3585  MAXG =     486.8858
     STEP        4 POTENTIAL_ENE =    -1006330.65060491  RMSG =       0.0499  MAXG =       0.3239

+++++ STOP: RMSG and MAXG becomes sufficiently small.+++++

INFO:          3   -1006331.0482          0.0499          0.3239       1497.8557       3743.7117        459.2523       4476.2829        271.3016       -186.0182       7155.3692    -117216.4733    -906532.3301

Iter.     4

+++++ Start micro iteration 4 +++++ 

     STEP        2 POTENTIAL_ENE =    -1005110.36930120  RMSG =      74.8781  MAXG =     355.3816
     STEP        3 POTENTIAL_ENE =    -1006331.04924037  RMSG =       0.0562  MAXG =       0.3478

+++++ STOP: RMSG and MAXG becomes sufficiently small.+++++

INFO:          4   -1006331.1675          0.0562          0.3478       1497.8739       3743.6869        459.2530       4476.2841        271.3017       -186.0180       7155.3833    -117216.4748    -906532.4576

Iter.     5

+++++ Start micro iteration 5 +++++ 

     STEP        1 POTENTIAL_ENE =    -1006331.16752144  RMSG =       0.0579  MAXG =       0.3305

+++++ STOP: RMSG and MAXG becomes sufficiently small.+++++

INFO:          5   -1006331.2435          0.0579          0.3305       1497.8738       3743.6885        459.2531       4476.2845        271.3018       -186.0174       7155.4268    -117216.4749    -906532.5798

Iter.     6

+++++ Start micro iteration 6 +++++ 

     STEP        2 POTENTIAL_ENE =    -1004328.88971621  RMSG =     100.1129  MAXG =     453.3532
     STEP        4 POTENTIAL_ENE =    -1006331.24548385  RMSG =       0.0459  MAXG =       0.3454

+++++ STOP: RMSG and MAXG becomes sufficiently small.+++++

INFO:          6   -1006331.3009          0.0459          0.3454       1497.8412       3743.7089        459.2525       4476.2865        271.3018       -186.0176       7155.4244    -117216.4488    -906532.6499

Iter.     7

+++++ Start micro iteration 7 +++++ 

     STEP        1 POTENTIAL_ENE =    -1006331.30092290  RMSG =       0.0468  MAXG =       0.3586

+++++ STOP: RMSG and MAXG becomes sufficiently small.+++++

INFO:          7   -1006331.3436          0.0468          0.3586       1497.8424       3743.7098        459.2526       4476.2869        271.3019       -186.0168       7155.4483    -117216.4488    -906532.7198

Iter.     8

+++++ Start micro iteration 8 +++++ 

     STEP        1 POTENTIAL_ENE =    -1006331.34360804  RMSG =       0.0482  MAXG =       0.3593

+++++ STOP: RMSG and MAXG becomes sufficiently small.+++++

INFO:          8   -1006331.3780          0.0482          0.3593       1497.8428       3743.7120        459.2526       4476.2874        271.3019       -186.0165       7155.4550    -117216.4489    -906532.7642

Iter.     9

+++++ Start micro iteration 9 +++++ 

     STEP        1 POTENTIAL_ENE =    -1006331.37797680  RMSG =       0.0492  MAXG =       0.3918

+++++ STOP: RMSG and MAXG becomes sufficiently small.+++++

INFO:          9   -1006331.4066          0.0492          0.3918       1497.8429       3743.7146        459.2527       4476.2878        271.3019       -186.0164       7155.4690    -117216.4490    -906532.8101

Iter.    10

+++++ Start micro iteration 10 +++++ 

     STEP        2 POTENTIAL_ENE =    -1005148.93278348  RMSG =      76.5232  MAXG =     347.3542
     STEP        3 POTENTIAL_ENE =    -1006331.40745926  RMSG =       0.0558  MAXG =       0.3648

+++++ STOP: RMSG and MAXG becomes sufficiently small.+++++

INFO:         10   -1006331.4319          0.0558          0.3648       1497.8628       3743.7001        459.2533       4476.2887        271.3012       -186.0176       7155.4784    -117216.4565    -906532.8424

Iter.    11

+++++ Start micro iteration 11 +++++ 

     STEP        1 POTENTIAL_ENE =    -1006331.43191135  RMSG =       0.0564  MAXG =       0.3799

+++++ STOP: RMSG and MAXG becomes sufficiently small.+++++

INFO:         11   -1006331.4533          0.0564          0.3799       1497.8631       3743.7024        459.2533       4476.2889        271.3012       -186.0174       7155.4874    -117216.4566    -906532.8757

Iter.    12

+++++ Start micro iteration 12 +++++ 

     STEP        2 POTENTIAL_ENE =    -1004430.45325638  RMSG =      99.4585  MAXG =     452.4626
     STEP        3 POTENTIAL_ENE =    -1006331.45418816  RMSG =       0.0497  MAXG =       0.3964

+++++ STOP: RMSG and MAXG becomes sufficiently small.+++++

INFO:         12   -1006331.4731          0.0497          0.3964       1497.8398       3743.7181        459.2528       4476.2898        271.3018       -186.0171       7155.4860    -117216.4449    -906532.8994

Iter.    13

+++++ Start micro iteration 13 +++++ 

     STEP        2 POTENTIAL_ENE =    -1004967.68671144  RMSG =      85.1712  MAXG =     377.3221
     STEP        3 POTENTIAL_ENE =    -1006331.47388522  RMSG =       0.0519  MAXG =       0.3976

+++++ STOP: RMSG and MAXG becomes sufficiently small.+++++

INFO:         13   -1006331.4909          0.0519          0.3976       1497.8558       3743.7037        459.2532       4476.2904        271.3009       -186.0178       7155.4935    -117216.4453    -906532.9253

Iter.    14

+++++ Start micro iteration 14 +++++ 

     STEP        2 POTENTIAL_ENE =    -1004669.02684724  RMSG =      95.1826  MAXG =     401.9344
     STEP        4 POTENTIAL_ENE =    -1006331.49253508  RMSG =       0.0460  MAXG =       0.3716

+++++ STOP: RMSG and MAXG becomes sufficiently small.+++++

INFO:         14   -1006331.5081          0.0460          0.3716       1497.8368       3743.7137        459.2531       4476.2910        271.3014       -186.0174       7155.4917    -117216.4344    -906532.9438

Iter.    15

+++++ Start micro iteration 15 +++++ 

     STEP        1 POTENTIAL_ENE =    -1006331.50810109  RMSG =       0.0466  MAXG =       0.3715

+++++ STOP: RMSG and MAXG becomes sufficiently small.+++++

INFO:         15   -1006331.5224          0.0466          0.3715       1497.8371       3743.7150        459.2531       4476.2911        271.3014       -186.0168       7155.4961    -117216.4346    -906532.9649

Iter.    16

+++++ Start micro iteration 16 +++++ 

     STEP        1 POTENTIAL_ENE =    -1006331.52240618  RMSG =       0.0476  MAXG =       0.3699

+++++ STOP: RMSG and MAXG becomes sufficiently small.+++++

INFO:         16   -1006331.5356          0.0476          0.3699       1497.8368       3743.7171        459.2531       4476.2912        271.3015       -186.0165       7155.4992    -117216.4348    -906532.9834

Iter.    17

+++++ Start micro iteration 17 +++++ 

     STEP        1 POTENTIAL_ENE =    -1006331.53564014  RMSG =       0.0485  MAXG =       0.3738

+++++ STOP: RMSG and MAXG becomes sufficiently small.+++++

INFO:         17   -1006331.5480          0.0485          0.3738       1497.8363       3743.7196        459.2532       4476.2914        271.3015       -186.0164       7155.5023    -117216.4349    -906533.0009

Iter.    18

+++++ Start micro iteration 18 +++++ 

     STEP        1 POTENTIAL_ENE =    -1006331.54799688  RMSG =       0.0492  MAXG =       0.3902

+++++ STOP: RMSG and MAXG becomes sufficiently small.+++++

INFO:         18   -1006331.5596          0.0492          0.3902       1497.8357       3743.7221        459.2532       4476.2917        271.3015       -186.0164       7155.5046    -117216.4351    -906533.0169

Iter.    19

+++++ Start micro iteration 19 +++++ 

     STEP        1 POTENTIAL_ENE =    -1006331.55958432  RMSG =       0.0500  MAXG =       0.4035

+++++ STOP: RMSG and MAXG becomes sufficiently small.+++++

INFO:         19   -1006331.5705          0.0500          0.4035       1497.8351       3743.7246        459.2532       4476.2919        271.3016       -186.0164       7155.5067    -117216.4352    -906533.0320

Iter.    20

+++++ Start micro iteration 20 +++++ 

     STEP        2 POTENTIAL_ENE =    -1005012.26775586  RMSG =      84.1239  MAXG =     360.7433
     STEP        4 POTENTIAL_ENE =    -1006331.57234220  RMSG =       0.0505  MAXG =       0.3832

+++++ STOP: RMSG and MAXG becomes sufficiently small.+++++

INFO:         20   -1006331.5827          0.0505          0.3832       1497.8448       3743.7089        459.2540       4476.2927        271.3004       -186.0184       7155.5096    -117216.4350    -906533.0399

Iter.    21

+++++ Start micro iteration 21 +++++ 

     STEP        1 POTENTIAL_ENE =    -1006331.58274320  RMSG =       0.0509  MAXG =       0.3830

+++++ STOP: RMSG and MAXG becomes sufficiently small.+++++

INFO:         21   -1006331.5927          0.0509          0.3830       1497.8450       3743.7105        459.2540       4476.2925        271.3005       -186.0178       7155.5112    -117216.4354    -906533.0533

Iter.    22

+++++ Start micro iteration 22 +++++ 

     STEP        1 POTENTIAL_ENE =    -1006331.59270942  RMSG =       0.0517  MAXG =       0.3823

+++++ STOP: RMSG and MAXG becomes sufficiently small.+++++

INFO:         22   -1006331.6022          0.0517          0.3823       1497.8446       3743.7127        459.2540       4476.2925        271.3006       -186.0176       7155.5122    -117216.4356    -906533.0657

Iter.    23

+++++ Start micro iteration 23 +++++ 

     STEP        1 POTENTIAL_ENE =    -1006331.60223522  RMSG =       0.0524  MAXG =       0.3818

+++++ STOP: RMSG and MAXG becomes sufficiently small.+++++

INFO:         23   -1006331.6114          0.0524          0.3818       1497.8440       3743.7150        459.2540       4476.2926        271.3006       -186.0176       7155.5129    -117216.4357    -906533.0773

Iter.    24

+++++ Start micro iteration 24 +++++ 

     STEP        1 POTENTIAL_ENE =    -1006331.61135838  RMSG =       0.0530  MAXG =       0.3813

+++++ STOP: RMSG and MAXG becomes sufficiently small.+++++

INFO:         24   -1006331.6201          0.0530          0.3813       1497.8434       3743.7173        459.2540       4476.2928        271.3007       -186.0175       7155.5132    -117216.4359    -906533.0881

Iter.    25

+++++ Start micro iteration 25 +++++ 

     STEP        1 POTENTIAL_ENE =    -1006331.62014488  RMSG =       0.0536  MAXG =       0.3809

+++++ STOP: RMSG and MAXG becomes sufficiently small.+++++

INFO:         25   -1006331.6286          0.0536          0.3809       1497.8427       3743.7197        459.2540       4476.2929        271.3007       -186.0175       7155.5133    -117216.4361    -906533.0984

Iter.    26

+++++ Start micro iteration 26 +++++ 

     STEP        1 POTENTIAL_ENE =    -1006331.62862121  RMSG =       0.0543  MAXG =       0.3826

+++++ STOP: RMSG and MAXG becomes sufficiently small.+++++

INFO:         26   -1006331.6368          0.0543          0.3826       1497.8421       3743.7220        459.2540       4476.2931        271.3007       -186.0175       7155.5131    -117216.4362    -906533.1081

Iter.    27

+++++ Start micro iteration 27 +++++ 

     STEP        1 POTENTIAL_ENE =    -1006331.63681145  RMSG =       0.0549  MAXG =       0.3877

+++++ STOP: RMSG and MAXG becomes sufficiently small.+++++

INFO:         27   -1006331.6448          0.0549          0.3877       1497.8414       3743.7243        459.2541       4476.2932        271.3008       -186.0175       7155.5126    -117216.4364    -906533.1172

Iter.    28

+++++ Start micro iteration 28 +++++ 

     STEP        1 POTENTIAL_ENE =    -1006331.64476048  RMSG =       0.0556  MAXG =       0.3919

+++++ STOP: RMSG and MAXG becomes sufficiently small.+++++

INFO:         28   -1006331.6525          0.0556          0.3919       1497.8408       3743.7265        459.2541       4476.2933        271.3008       -186.0175       7155.5120    -117216.4365    -906533.1259

Iter.    29

+++++ Start micro iteration 29 +++++ 

     STEP        1 POTENTIAL_ENE =    -1006331.65245553  RMSG =       0.0563  MAXG =       0.3982

+++++ STOP: RMSG and MAXG becomes sufficiently small.+++++

INFO:         29   -1006331.6599          0.0563          0.3982       1497.8402       3743.7287        459.2541       4476.2935        271.3008       -186.0175       7155.5111    -117216.4367    -906533.1342

Iter.    30

+++++ Start micro iteration 30 +++++ 

     STEP        2 POTENTIAL_ENE =    -1004634.43013038  RMSG =      95.6851  MAXG =     389.5771
     STEP        3 POTENTIAL_ENE =    -1006331.66081580  RMSG =       0.0564  MAXG =       0.3997

+++++ STOP: RMSG and MAXG becomes sufficiently small.+++++

INFO:         30   -1006331.6681          0.0564          0.3997       1497.8224       3743.7391        459.2541       4476.2939        271.3013       -186.0171       7155.5075    -117216.4303    -906533.1389

Iter.    31

+++++ Start micro iteration 31 +++++ 

     STEP        2 POTENTIAL_ENE =    -1004542.94911148  RMSG =      99.0947  MAXG =     420.4026
     STEP        4 POTENTIAL_ENE =    -1006331.66997624  RMSG =       0.0509  MAXG =       0.3756

+++++ STOP: RMSG and MAXG becomes sufficiently small.+++++

INFO:         31   -1006331.6771          0.0509          0.3756       1497.8328       3743.7224        459.2546       4476.2942        271.3005       -186.0182       7155.5077    -117216.4299    -906533.1412

Iter.    32

+++++ Start micro iteration 32 +++++ 

     STEP        1 POTENTIAL_ENE =    -1006331.67712357  RMSG =       0.0515  MAXG =       0.3768

+++++ STOP: RMSG and MAXG becomes sufficiently small.+++++

INFO:         32   -1006331.6841          0.0515          0.3768       1497.8328       3743.7240        459.2547       4476.2939        271.3006       -186.0177       7155.5067    -117216.4303    -906533.1487

Iter.    33

+++++ Start micro iteration 33 +++++ 

     STEP        1 POTENTIAL_ENE =    -1006331.68409689  RMSG =       0.0524  MAXG =       0.3970

+++++ STOP: RMSG and MAXG becomes sufficiently small.+++++

INFO:         33   -1006331.6909          0.0524          0.3970       1497.8323       3743.7259        459.2547       4476.2938        271.3006       -186.0176       7155.5054    -117216.4305    -906533.1556

Iter.    34

+++++ Start micro iteration 34 +++++ 

     STEP        2 POTENTIAL_ENE =    -1004758.42916688  RMSG =      92.8108  MAXG =     368.7659
     STEP        3 POTENTIAL_ENE =    -1006331.69166578  RMSG =       0.0542  MAXG =       0.4049

+++++ STOP: RMSG and MAXG becomes sufficiently small.+++++

INFO:         34   -1006331.6983          0.0542          0.4049       1497.8201       3743.7362        459.2548       4476.2939        271.3011       -186.0171       7155.5019    -117216.4267    -906533.1625

Iter.    35

+++++ Start micro iteration 35 +++++ 

     STEP        2 POTENTIAL_ENE =    -1004622.15546802  RMSG =      97.3656  MAXG =     413.6574
     STEP        4 POTENTIAL_ENE =    -1006331.70003084  RMSG =       0.0494  MAXG =       0.3617

+++++ STOP: RMSG and MAXG becomes sufficiently small.+++++

INFO:         35   -1006331.7065          0.0494          0.3617       1497.8298       3743.7212        459.2552       4476.2942        271.3003       -186.0180       7155.5014    -117216.4279    -906533.1629

Iter.    36

+++++ Start micro iteration 36 +++++ 

     STEP        1 POTENTIAL_ENE =    -1006331.70653038  RMSG =       0.0500  MAXG =       0.3727

+++++ STOP: RMSG and MAXG becomes sufficiently small.+++++

INFO:         36   -1006331.7128          0.0500          0.3727       1497.8297       3743.7228        459.2552       4476.2939        271.3004       -186.0175       7155.4999    -117216.4282    -906533.1690

Iter.    37

+++++ Start micro iteration 37 +++++ 

     STEP        1 POTENTIAL_ENE =    -1006331.71281855  RMSG =       0.0508  MAXG =       0.3926

+++++ STOP: RMSG and MAXG becomes sufficiently small.+++++

INFO:         37   -1006331.7188          0.0508          0.3926       1497.8291       3743.7246        459.2552       4476.2938        271.3005       -186.0174       7155.4982    -117216.4284    -906533.1746

Iter.    38

+++++ Start micro iteration 38 +++++ 

     STEP        2 POTENTIAL_ENE =    -1004787.80150962  RMSG =      92.3254  MAXG =     369.6663
     STEP        3 POTENTIAL_ENE =    -1006331.71957002  RMSG =       0.0524  MAXG =       0.3982

+++++ STOP: RMSG and MAXG becomes sufficiently small.+++++

INFO:         38   -1006331.7255          0.0524          0.3982       1497.8189       3743.7342        459.2553       4476.2939        271.3009       -186.0168       7155.4950    -117216.4258    -906533.1812

Iter.    39

+++++ Start micro iteration 39 +++++ 

     STEP        2 POTENTIAL_ENE =    -1004707.65227602  RMSG =      95.1137  MAXG =     405.6188
     STEP        4 POTENTIAL_ENE =    -1006331.72716763  RMSG =       0.0483  MAXG =       0.3463

+++++ STOP: RMSG and MAXG becomes sufficiently small.+++++

INFO:         39   -1006331.7330          0.0483          0.3463       1497.8271       3743.7203        459.2557       4476.2942        271.3002       -186.0178       7155.4939    -117216.4273    -906533.1793

Iter.    40

+++++ Start micro iteration 40 +++++ 

     STEP        1 POTENTIAL_ENE =    -1006331.73301275  RMSG =       0.0489  MAXG =       0.3629

+++++ STOP: RMSG and MAXG becomes sufficiently small.+++++

INFO:         40   -1006331.7388          0.0489          0.3629       1497.8269       3743.7218        459.2557       4476.2938        271.3003       -186.0173       7155.4922    -117216.4277    -906533.1846

Iter.    41

+++++ Start micro iteration 41 +++++ 

     STEP        1 POTENTIAL_ENE =    -1006331.73876333  RMSG =       0.0497  MAXG =       0.3827

+++++ STOP: RMSG and MAXG becomes sufficiently small.+++++

INFO:         41   -1006331.7444          0.0497          0.3827       1497.8264       3743.7236        459.2558       4476.2937        271.3004       -186.0172       7155.4903    -117216.4279    -906533.1895

Iter.    42

+++++ Start micro iteration 42 +++++ 

     STEP        1 POTENTIAL_ENE =    -1006331.74438119  RMSG =       0.0503  MAXG =       0.3988

+++++ STOP: RMSG and MAXG becomes sufficiently small.+++++

INFO:         42   -1006331.7499          0.0503          0.3988       1497.8257       3743.7255        459.2558       4476.2937        271.3004       -186.0171       7155.4884    -117216.4281    -906533.1942

Iter.    43

+++++ Start micro iteration 43 +++++ 

     STEP        2 POTENTIAL_ENE =    -1004799.29156230  RMSG =      92.1129  MAXG =     369.8139
     STEP        3 POTENTIAL_ENE =    -1006331.75060901  RMSG =       0.0516  MAXG =       0.3983

+++++ STOP: RMSG and MAXG becomes sufficiently small.+++++

INFO:         43   -1006331.7560          0.0516          0.3983       1497.8169       3743.7344        459.2558       4476.2937        271.3008       -186.0166       7155.4854    -117216.4262    -906533.2001

Iter.    44

+++++ Start micro iteration 44 +++++ 

     STEP        2 POTENTIAL_ENE =    -1004745.93159379  RMSG =      94.0931  MAXG =     400.4403
     STEP        4 POTENTIAL_ENE =    -1006331.75762607  RMSG =       0.0478  MAXG =       0.3461

+++++ STOP: RMSG and MAXG becomes sufficiently small.+++++

INFO:         44   -1006331.7630          0.0478          0.3461       1497.8244       3743.7210        459.2562       4476.2939        271.3001       -186.0176       7155.4840    -117216.4277    -906533.1973

Iter.    45

+++++ Start micro iteration 45 +++++ 

     STEP        1 POTENTIAL_ENE =    -1006331.76295149  RMSG =       0.0483  MAXG =       0.3656

+++++ STOP: RMSG and MAXG becomes sufficiently small.+++++

INFO:         45   -1006331.7682          0.0483          0.3656       1497.8242       3743.7225        459.2562       4476.2936        271.3002       -186.0172       7155.4822    -117216.4280    -906533.2019

Iter.    46

+++++ Start micro iteration 46 +++++ 

     STEP        1 POTENTIAL_ENE =    -1006331.76819428  RMSG =       0.0491  MAXG =       0.3842

+++++ STOP: RMSG and MAXG becomes sufficiently small.+++++

INFO:         46   -1006331.7733          0.0491          0.3842       1497.8236       3743.7242        459.2563       4476.2934        271.3002       -186.0170       7155.4802    -117216.4282    -906533.2061

Iter.    47

+++++ Start micro iteration 47 +++++ 

     STEP        1 POTENTIAL_ENE =    -1006331.77332155  RMSG =       0.0497  MAXG =       0.4000

+++++ STOP: RMSG and MAXG becomes sufficiently small.+++++

INFO:         47   -1006331.7783          0.0497          0.4000       1497.8230       3743.7261        459.2563       4476.2934        271.3003       -186.0169       7155.4782    -117216.4284    -906533.2102

Iter.    48

+++++ Start micro iteration 48 +++++ 

     STEP        2 POTENTIAL_ENE =    -1004815.02150156  RMSG =      91.7388  MAXG =     367.7361
     STEP        3 POTENTIAL_ENE =    -1006331.77904866  RMSG =       0.0508  MAXG =       0.3967

+++++ STOP: RMSG and MAXG becomes sufficiently small.+++++

INFO:         48   -1006331.7840          0.0508          0.3967       1497.8153       3743.7342        459.2563       4476.2933        271.3007       -186.0165       7155.4755    -117216.4273    -906533.2155

Iter.    49

+++++ Start micro iteration 49 +++++ 

     STEP        2 POTENTIAL_ENE =    -1004787.69299104  RMSG =      92.9127  MAXG =     392.0290
     STEP        4 POTENTIAL_ENE =    -1006331.78555538  RMSG =       0.0473  MAXG =       0.3449

+++++ STOP: RMSG and MAXG becomes sufficiently small.+++++

INFO:         49   -1006331.7904          0.0473          0.3449       1497.8222       3743.7213        459.2567       4476.2935        271.2999       -186.0174       7155.4740    -117216.4286    -906533.2120

Iter.    50

+++++ Start micro iteration 50 +++++ 

     STEP        1 POTENTIAL_ENE =    -1006331.79042724  RMSG =       0.0478  MAXG =       0.3638

+++++ STOP: RMSG and MAXG becomes sufficiently small.+++++

INFO:         50   -1006331.7952          0.0478          0.3638       1497.8220       3743.7227        459.2567       4476.2931        271.3000       -186.0170       7155.4721    -117216.4289    -906533.2160

Iter.    51

+++++ Start micro iteration 51 +++++ 

     STEP        1 POTENTIAL_ENE =    -1006331.79522558  RMSG =       0.0485  MAXG =       0.3818

+++++ STOP: RMSG and MAXG becomes sufficiently small.+++++

INFO:         51   -1006331.7999          0.0485          0.3818       1497.8214       3743.7244        459.2567       4476.2930        271.3001       -186.0169       7155.4702    -117216.4291    -906533.2196

Iter.    52

+++++ Start micro iteration 52 +++++ 

     STEP        1 POTENTIAL_ENE =    -1006331.79991918  RMSG =       0.0492  MAXG =       0.3968

+++++ STOP: RMSG and MAXG becomes sufficiently small.+++++

INFO:         52   -1006331.8045          0.0492          0.3968       1497.8208       3743.7261        459.2567       4476.2929        271.3001       -186.0168       7155.4681    -117216.4293    -906533.2232

Iter.    53

+++++ Start micro iteration 53 +++++ 

     STEP        2 POTENTIAL_ENE =    -1004835.02090086  RMSG =      91.2036  MAXG =     371.2900
     STEP        3 POTENTIAL_ENE =    -1006331.80521161  RMSG =       0.0501  MAXG =       0.3919

+++++ STOP: RMSG and MAXG becomes sufficiently small.+++++

INFO:         53   -1006331.8098          0.0501          0.3919       1497.8141       3743.7338        459.2567       4476.2927        271.3005       -186.0163       7155.4658    -117216.4285    -906533.2285

Iter.    54

+++++ Start micro iteration 54 +++++ 

     STEP        1 POTENTIAL_ENE =    -1006331.80975193  RMSG =       0.0505  MAXG =       0.4040

+++++ STOP: RMSG and MAXG becomes sufficiently small.+++++

INFO:         54   -1006331.8142          0.0505          0.4040       1497.8136       3743.7353        459.2567       4476.2925        271.3005       -186.0160       7155.4637    -117216.4287    -906533.2320

Iter.    55

+++++ Start micro iteration 55 +++++ 

     STEP        2 POTENTIAL_ENE =    -1004822.94970670  RMSG =      91.7987  MAXG =     385.3902
     STEP        4 POTENTIAL_ENE =    -1006331.81577022  RMSG =       0.0475  MAXG =       0.3509

+++++ STOP: RMSG and MAXG becomes sufficiently small.+++++

INFO:         55   -1006331.8201          0.0475          0.3509       1497.8199       3743.7222        459.2572       4476.2928        271.2997       -186.0172       7155.4622    -117216.4295    -906533.2275

Iter.    56

+++++ Start micro iteration 56 +++++ 

     STEP        1 POTENTIAL_ENE =    -1006331.82014291  RMSG =       0.0479  MAXG =       0.3647

+++++ STOP: RMSG and MAXG becomes sufficiently small.+++++

INFO:         56   -1006331.8245          0.0479          0.3647       1497.8197       3743.7237        459.2572       4476.2924        271.2998       -186.0168       7155.4603    -117216.4299    -906533.2309

Iter.    57

+++++ Start micro iteration 57 +++++ 

     STEP        1 POTENTIAL_ENE =    -1006331.82446631  RMSG =       0.0486  MAXG =       0.3823

+++++ STOP: RMSG and MAXG becomes sufficiently small.+++++

INFO:         57   -1006331.8287          0.0486          0.3823       1497.8191       3743.7253        459.2572       4476.2922        271.2999       -186.0167       7155.4584    -117216.4301    -906533.2340

Iter.    58

+++++ Start micro iteration 58 +++++ 

     STEP        1 POTENTIAL_ENE =    -1006331.82869892  RMSG =       0.0492  MAXG =       0.3965

+++++ STOP: RMSG and MAXG becomes sufficiently small.+++++

INFO:         58   -1006331.8328          0.0492          0.3965       1497.8185       3743.7269        459.2572       4476.2922        271.2999       -186.0166       7155.4564    -117216.4303    -906533.2371

Iter.    59

+++++ Start micro iteration 59 +++++ 

     STEP        2 POTENTIAL_ENE =    -1004827.89687670  RMSG =      91.5558  MAXG =     377.4850
     STEP        3 POTENTIAL_ENE =    -1006331.83352787  RMSG =       0.0499  MAXG =       0.3975

+++++ STOP: RMSG and MAXG becomes sufficiently small.+++++

INFO:         59   -1006331.8376          0.0499          0.3975       1497.8126       3743.7345        459.2571       4476.2919        271.3003       -186.0161       7155.4542    -117216.4297    -906533.2424

Iter.    60

+++++ Start micro iteration 60 +++++ 

     STEP        2 POTENTIAL_ENE =    -1004847.49410339  RMSG =      91.1517  MAXG =     384.3721
     STEP        4 POTENTIAL_ENE =    -1006331.83913354  RMSG =       0.0469  MAXG =       0.3450

+++++ STOP: RMSG and MAXG becomes sufficiently small.+++++

INFO:         60   -1006331.8432          0.0469          0.3450       1497.8188       3743.7218        459.2576       4476.2920        271.2995       -186.0171       7155.4526    -117216.4308    -906533.2376

Iter.    61

+++++ Start micro iteration 61 +++++ 

     STEP        1 POTENTIAL_ENE =    -1006331.84316300  RMSG =       0.0473  MAXG =       0.3616

+++++ STOP: RMSG and MAXG becomes sufficiently small.+++++

INFO:         61   -1006331.8471          0.0473          0.3616       1497.8186       3743.7230        459.2576       4476.2916        271.2996       -186.0167       7155.4508    -117216.4311    -906533.2406

Iter.    62

+++++ Start micro iteration 62 +++++ 

     STEP        1 POTENTIAL_ENE =    -1006331.84713324  RMSG =       0.0480  MAXG =       0.3780

+++++ STOP: RMSG and MAXG becomes sufficiently small.+++++

INFO:         62   -1006331.8510          0.0480          0.3780       1497.8181       3743.7245        459.2576       4476.2914        271.2997       -186.0166       7155.4488    -117216.4313    -906533.2434

Iter.    63

+++++ Start micro iteration 63 +++++ 

     STEP        1 POTENTIAL_ENE =    -1006331.85102582  RMSG =       0.0486  MAXG =       0.3909

+++++ STOP: RMSG and MAXG becomes sufficiently small.+++++

INFO:         63   -1006331.8548          0.0486          0.3909       1497.8176       3743.7260        459.2576       4476.2913        271.2997       -186.0165       7155.4469    -117216.4315    -906533.2461

Iter.    64

+++++ Start micro iteration 64 +++++ 

     STEP        1 POTENTIAL_ENE =    -1006331.85484678  RMSG =       0.0491  MAXG =       0.4027

+++++ STOP: RMSG and MAXG becomes sufficiently small.+++++

INFO:         64   -1006331.8586          0.0491          0.4027       1497.8170       3743.7275        459.2577       4476.2913        271.2998       -186.0165       7155.4449    -117216.4316    -906533.2486

Iter.    65

+++++ Start micro iteration 65 +++++ 

     STEP        2 POTENTIAL_ENE =    -1004847.44754403  RMSG =      90.8764  MAXG =     376.8956
     STEP        3 POTENTIAL_ENE =    -1006331.85925438  RMSG =       0.0498  MAXG =       0.3943

+++++ STOP: RMSG and MAXG becomes sufficiently small.+++++

INFO:         65   -1006331.8629          0.0498          0.3943       1497.8114       3743.7349        459.2575       4476.2910        271.3001       -186.0160       7155.4429    -117216.4312    -906533.2536

Iter.    66

+++++ Start micro iteration 66 +++++ 

     STEP        1 POTENTIAL_ENE =    -1006331.86294692  RMSG =       0.0502  MAXG =       0.4042

+++++ STOP: RMSG and MAXG becomes sufficiently small.+++++

INFO:         66   -1006331.8665          0.0502          0.4042       1497.8111       3743.7361        459.2575       4476.2908        271.3001       -186.0157       7155.4409    -117216.4314    -906533.2560

Iter.    67

+++++ Start micro iteration 67 +++++ 

     STEP        2 POTENTIAL_ENE =    -1004850.35095924  RMSG =      90.9888  MAXG =     385.7491
     STEP        4 POTENTIAL_ENE =    -1006331.86806150  RMSG =       0.0472  MAXG =       0.3582

+++++ STOP: RMSG and MAXG becomes sufficiently small.+++++

INFO:         67   -1006331.8716          0.0472          0.3582       1497.8170       3743.7231        459.2580       4476.2910        271.2993       -186.0169       7155.4394    -117216.4320    -906533.2505

Iter.    68

+++++ Start micro iteration 68 +++++ 

     STEP        1 POTENTIAL_ENE =    -1006331.87159213  RMSG =       0.0476  MAXG =       0.3642

+++++ STOP: RMSG and MAXG becomes sufficiently small.+++++

INFO:         68   -1006331.8751          0.0476          0.3642       1497.8168       3743.7244        459.2580       4476.2906        271.2994       -186.0165       7155.4375    -117216.4323    -906533.2530

Iter.    69

+++++ Start micro iteration 69 +++++ 

     STEP        1 POTENTIAL_ENE =    -1006331.87507601  RMSG =       0.0482  MAXG =       0.3785

+++++ STOP: RMSG and MAXG becomes sufficiently small.+++++

INFO:         69   -1006331.8785          0.0482          0.3785       1497.8163       3743.7257        459.2581       4476.2904        271.2995       -186.0164       7155.4355    -117216.4325    -906533.2552

Iter.    70

+++++ Start micro iteration 70 +++++ 

     STEP        1 POTENTIAL_ENE =    -1006331.87848351  RMSG =       0.0488  MAXG =       0.3907

+++++ STOP: RMSG and MAXG becomes sufficiently small.+++++

INFO:         70   -1006331.8818          0.0488          0.3907       1497.8158       3743.7272        459.2581       4476.2903        271.2995       -186.0163       7155.4336    -117216.4327    -906533.2573

Iter.    71

+++++ Start micro iteration 71 +++++ 

     STEP        1 POTENTIAL_ENE =    -1006331.88182503  RMSG =       0.0493  MAXG =       0.4016

+++++ STOP: RMSG and MAXG becomes sufficiently small.+++++

INFO:         71   -1006331.8851          0.0493          0.4016       1497.8153       3743.7286        459.2581       4476.2903        271.2996       -186.0163       7155.4317    -117216.4328    -906533.2595

Iter.    72

+++++ Start micro iteration 72 +++++ 

     STEP        2 POTENTIAL_ENE =    -1004850.51047139  RMSG =      90.8495  MAXG =     379.2399
     STEP        3 POTENTIAL_ENE =    -1006331.88577307  RMSG =       0.0500  MAXG =       0.3973

+++++ STOP: RMSG and MAXG becomes sufficiently small.+++++

INFO:         72   -1006331.8890          0.0500          0.3973       1497.8103       3743.7358        459.2579       4476.2899        271.2999       -186.0158       7155.4299    -117216.4326    -906533.2644

Iter.    73

+++++ Start micro iteration 73 +++++ 

     STEP        2 POTENTIAL_ENE =    -1004856.11686838  RMSG =      90.9088  MAXG =     385.7434
     STEP        4 POTENTIAL_ENE =    -1006331.89051109  RMSG =       0.0468  MAXG =       0.3709

+++++ STOP: RMSG and MAXG becomes sufficiently small.+++++

INFO:         73   -1006331.8937          0.0468          0.3709       1497.8160       3743.7231        459.2584       4476.2900        271.2991       -186.0168       7155.4286    -117216.4333    -906533.2589

Iter.    74

+++++ Start micro iteration 74 +++++ 

     STEP        1 POTENTIAL_ENE =    -1006331.89369836  RMSG =       0.0472  MAXG =       0.3766

+++++ STOP: RMSG and MAXG becomes sufficiently small.+++++

INFO:         74   -1006331.8968          0.0472          0.3766       1497.8159       3743.7242        459.2584       4476.2896        271.2992       -186.0165       7155.4268    -117216.4336    -906533.2610

Iter.    75

+++++ Start micro iteration 75 +++++ 

     STEP        1 POTENTIAL_ENE =    -1006331.89684580  RMSG =       0.0479  MAXG =       0.3824

+++++ STOP: RMSG and MAXG becomes sufficiently small.+++++

INFO:         75   -1006331.8999          0.0479          0.3824       1497.8155       3743.7254        459.2584       4476.2894        271.2993       -186.0163       7155.4251    -117216.4338    -906533.2631

Iter.    76

+++++ Start micro iteration 76 +++++ 

     STEP        1 POTENTIAL_ENE =    -1006331.89993080  RMSG =       0.0484  MAXG =       0.3886

+++++ STOP: RMSG and MAXG becomes sufficiently small.+++++

INFO:         76   -1006331.9030          0.0484          0.3886       1497.8150       3743.7267        459.2585       4476.2893        271.2993       -186.0163       7155.4233    -117216.4339    -906533.2650

Iter.    77

+++++ Start micro iteration 77 +++++ 

     STEP        1 POTENTIAL_ENE =    -1006331.90296218  RMSG =       0.0489  MAXG =       0.3985

+++++ STOP: RMSG and MAXG becomes sufficiently small.+++++

INFO:         77   -1006331.9059          0.0489          0.3985       1497.8146       3743.7281        459.2585       4476.2893        271.2994       -186.0162       7155.4216    -117216.4340    -906533.2670

Iter.    78

+++++ Start micro iteration 78 +++++ 

     STEP        2 POTENTIAL_ENE =    -1004876.26334585  RMSG =      90.0226  MAXG =     377.5911
     STEP        3 POTENTIAL_ENE =    -1006331.90660008  RMSG =       0.0497  MAXG =       0.3981

+++++ STOP: RMSG and MAXG becomes sufficiently small.+++++

INFO:         78   -1006331.9095          0.0497          0.3981       1497.8097       3743.7353        459.2583       4476.2889        271.2997       -186.0157       7155.4202    -117216.4340    -906533.2719

Iter.    79

+++++ Start micro iteration 79 +++++ 

     STEP        1 POTENTIAL_ENE =    -1006331.90954714  RMSG =       0.0501  MAXG =       0.4037

+++++ STOP: RMSG and MAXG becomes sufficiently small.+++++

INFO:         79   -1006331.9124          0.0501          0.4037       1497.8094       3743.7364        459.2583       4476.2887        271.2997       -186.0154       7155.4185    -117216.4342    -906533.2739

Iter.    80

+++++ Start micro iteration 80 +++++ 

     STEP        2 POTENTIAL_ENE =    -1004865.30612088  RMSG =      90.5618  MAXG =     386.1491
     STEP        4 POTENTIAL_ENE =    -1006331.91396361  RMSG =       0.0472  MAXG =       0.3868

+++++ STOP: RMSG and MAXG becomes sufficiently small.+++++

INFO:         80   -1006331.9168          0.0472          0.3868       1497.8149       3743.7235        459.2588       4476.2889        271.2989       -186.0166       7155.4173    -117216.4343    -906533.2680

Iter.    81

+++++ Start micro iteration 81 +++++ 

     STEP        1 POTENTIAL_ENE =    -1006331.91675006  RMSG =       0.0475  MAXG =       0.3921

+++++ STOP: RMSG and MAXG becomes sufficiently small.+++++

INFO:         81   -1006331.9195          0.0475          0.3921       1497.8147       3743.7247        459.2588       4476.2885        271.2990       -186.0163       7155.4157    -117216.4347    -906533.2700

Iter.    82

+++++ Start micro iteration 82 +++++ 

     STEP        1 POTENTIAL_ENE =    -1006331.91951175  RMSG =       0.0481  MAXG =       0.3975

+++++ STOP: RMSG and MAXG becomes sufficiently small.+++++

INFO:         82   -1006331.9222          0.0481          0.3975       1497.8143       3743.7258        459.2588       4476.2884        271.2991       -186.0162       7155.4141    -117216.4348    -906533.2717

Iter.    83

+++++ Start micro iteration 83 +++++ 

     STEP        1 POTENTIAL_ENE =    -1006331.92222257  RMSG =       0.0486  MAXG =       0.4029

+++++ STOP: RMSG and MAXG becomes sufficiently small.+++++

INFO:         83   -1006331.9249          0.0486          0.4029       1497.8139       3743.7271        459.2588       4476.2883        271.2991       -186.0161       7155.4125    -117216.4350    -906533.2734

Iter.    84

+++++ Start micro iteration 84 +++++ 

     STEP        2 POTENTIAL_ENE =    -1004878.39466926  RMSG =      90.1180  MAXG =     380.3472
     STEP        4 POTENTIAL_ENE =    -1006331.92638930  RMSG =       0.0473  MAXG =       0.3885

+++++ STOP: RMSG and MAXG becomes sufficiently small.+++++

INFO:         84   -1006331.9290          0.0473          0.3885       1497.8100       3743.7313        459.2588       4476.2878        271.2992       -186.0158       7155.4111    -117216.4354    -906533.2760

Iter.    85

+++++ Start micro iteration 85 +++++ 

     STEP        1 POTENTIAL_ENE =    -1006331.92904049  RMSG =       0.0476  MAXG =       0.3936

+++++ STOP: RMSG and MAXG becomes sufficiently small.+++++

INFO:         85   -1006331.9317          0.0476          0.3936       1497.8100       3743.7321        459.2588       4476.2874        271.2993       -186.0153       7155.4096    -117216.4357    -906533.2778

Iter.    86

+++++ Start micro iteration 86 +++++ 

     STEP        1 POTENTIAL_ENE =    -1006331.93166676  RMSG =       0.0481  MAXG =       0.3989

+++++ STOP: RMSG and MAXG becomes sufficiently small.+++++

INFO:         86   -1006331.9342          0.0481          0.3989       1497.8097       3743.7331        459.2588       4476.2872        271.2993       -186.0151       7155.4080    -117216.4359    -906533.2794

Iter.    87

+++++ Start micro iteration 87 +++++ 

     STEP        1 POTENTIAL_ENE =    -1006331.93424573  RMSG =       0.0485  MAXG =       0.4040

+++++ STOP: RMSG and MAXG becomes sufficiently small.+++++

INFO:         87   -1006331.9368          0.0485          0.4040       1497.8093       3743.7342        459.2588       4476.2871        271.2994       -186.0150       7155.4065    -117216.4360    -906533.2810

Iter.    88

+++++ Start micro iteration 88 +++++ 

     STEP        2 POTENTIAL_ENE =    -1004917.87660739  RMSG =      88.7798  MAXG =     365.1466
     STEP        4 POTENTIAL_ENE =    -1006331.93827189  RMSG =       0.0470  MAXG =       0.3899

+++++ STOP: RMSG and MAXG becomes sufficiently small.+++++

INFO:         88   -1006331.9408          0.0470          0.3899       1497.8139       3743.7220        459.2593       4476.2874        271.2986       -186.0164       7155.4054    -117216.4355    -906533.2755

Iter.    89

+++++ Start micro iteration 89 +++++ 

     STEP        1 POTENTIAL_ENE =    -1006331.94077868  RMSG =       0.0473  MAXG =       0.3949

+++++ STOP: RMSG and MAXG becomes sufficiently small.+++++

INFO:         89   -1006331.9433          0.0473          0.3949       1497.8138       3743.7230        459.2593       4476.2870        271.2987       -186.0160       7155.4040    -117216.4358    -906533.2772

Iter.    90

+++++ Start micro iteration 90 +++++ 

     STEP        1 POTENTIAL_ENE =    -1006331.94328131  RMSG =       0.0478  MAXG =       0.3999

+++++ STOP: RMSG and MAXG becomes sufficiently small.+++++

INFO:         90   -1006331.9457          0.0478          0.3999       1497.8134       3743.7241        459.2593       4476.2869        271.2987       -186.0159       7155.4024    -117216.4359    -906533.2787

Iter.    91

+++++ Start micro iteration 91 +++++ 

     STEP        1 POTENTIAL_ENE =    -1006331.94573702  RMSG =       0.0483  MAXG =       0.4048

+++++ STOP: RMSG and MAXG becomes sufficiently small.+++++

INFO:         91   -1006331.9482          0.0483          0.4048       1497.8130       3743.7252        459.2594       4476.2868        271.2988       -186.0158       7155.4009    -117216.4361    -906533.2802

Iter.    92

+++++ Start micro iteration 92 +++++ 

     STEP        2 POTENTIAL_ENE =    -1004875.47539366  RMSG =      90.2071  MAXG =     373.1630
     STEP        4 POTENTIAL_ENE =    -1006331.94961543  RMSG =       0.0466  MAXG =       0.3911

+++++ STOP: RMSG and MAXG becomes sufficiently small.+++++

INFO:         92   -1006331.9520          0.0466          0.3911       1497.8096       3743.7295        459.2592       4476.2864        271.2989       -186.0156       7155.3993    -117216.4368    -906533.2826

Iter.    93

+++++ Start micro iteration 93 +++++ 

     STEP        1 POTENTIAL_ENE =    -1006331.95203460  RMSG =       0.0468  MAXG =       0.3958

+++++ STOP: RMSG and MAXG becomes sufficiently small.+++++

INFO:         93   -1006331.9544          0.0468          0.3958       1497.8096       3743.7302        459.2592       4476.2860        271.2989       -186.0151       7155.3978    -117216.4370    -906533.2841

