(10.0.1.9:0,1,2,3,4,5,6,7)
(10.0.1.10:8,9,10,11,12,13,14,15)
(10.0.1.11:16,17,18,19,20,21,22,23)
(10.0.1.12:24,25,26,27,28,29,30,31)

[0] MPI startup(): libfabric version: 1.7.2a-impi
[0] MPI startup(): libfabric provider: psm2
[0] MPI startup(): Rank    Pid      Node name    Pin cpu
[0] MPI startup(): 0       153784   cx0009.obcx  {0,1,2,3,4,5,6}
[0] MPI startup(): 1       153785   cx0009.obcx  {7,8,9,10,11,12,13}
[0] MPI startup(): 2       153786   cx0009.obcx  {14,15,16,17,18,19,20}
[0] MPI startup(): 3       153787   cx0009.obcx  {21,22,23,24,25,26,27}
[0] MPI startup(): 4       153788   cx0009.obcx  {28,29,30,31,32,33,34}
[0] MPI startup(): 5       153789   cx0009.obcx  {35,36,37,38,39,40,41}
[0] MPI startup(): 6       153790   cx0009.obcx  {42,43,44,45,46,47,48}
[0] MPI startup(): 7       153791   cx0009.obcx  {49,50,51,52,53,54,55}
[0] MPI startup(): 8       179363   cx0010.obcx  {0,1,2,3,4,5,6}
[0] MPI startup(): 9       179364   cx0010.obcx  {7,8,9,10,11,12,13}
[0] MPI startup(): 10      179365   cx0010.obcx  {14,15,16,17,18,19,20}
[0] MPI startup(): 11      179366   cx0010.obcx  {21,22,23,24,25,26,27}
[0] MPI startup(): 12      179367   cx0010.obcx  {28,29,30,31,32,33,34}
[0] MPI startup(): 13      179368   cx0010.obcx  {35,36,37,38,39,40,41}
[0] MPI startup(): 14      179369   cx0010.obcx  {42,43,44,45,46,47,48}
[0] MPI startup(): 15      179370   cx0010.obcx  {49,50,51,52,53,54,55}
[0] MPI startup(): 16      123050   cx0011.obcx  {0,1,2,3,4,5,6}
[0] MPI startup(): 17      123051   cx0011.obcx  {7,8,9,10,11,12,13}
[0] MPI startup(): 18      123052   cx0011.obcx  {14,15,16,17,18,19,20}
[0] MPI startup(): 19      123053   cx0011.obcx  {21,22,23,24,25,26,27}
[0] MPI startup(): 20      123054   cx0011.obcx  {28,29,30,31,32,33,34}
[0] MPI startup(): 21      123055   cx0011.obcx  {35,36,37,38,39,40,41}
[0] MPI startup(): 22      123056   cx0011.obcx  {42,43,44,45,46,47,48}
[0] MPI startup(): 23      123057   cx0011.obcx  {49,50,51,52,53,54,55}
[0] MPI startup(): 24      40935    cx0012.obcx  {0,1,2,3,4,5,6}
[0] MPI startup(): 25      40936    cx0012.obcx  {7,8,9,10,11,12,13}
[0] MPI startup(): 26      40937    cx0012.obcx  {14,15,16,17,18,19,20}
[0] MPI startup(): 27      40938    cx0012.obcx  {21,22,23,24,25,26,27}
[0] MPI startup(): 28      40939    cx0012.obcx  {28,29,30,31,32,33,34}
[0] MPI startup(): 29      40940    cx0012.obcx  {35,36,37,38,39,40,41}
[0] MPI startup(): 30      40941    cx0012.obcx  {42,43,44,45,46,47,48}
[0] MPI startup(): 31      40942    cx0012.obcx  {49,50,51,52,53,54,55}
[0] MPI startup(): I_MPI_OFI_LIBRARY_INTERNAL=1
[0] MPI startup(): I_MPI_ROOT=/work/opt/local/cores/intel/impi/2019.5.281
[0] MPI startup(): I_MPI_HYDRA_BOOTSTRAP_EXEC=/usr/local/bin/pjrsh4calc
[0] MPI startup(): I_MPI_HYDRA_BOOTSTRAP_AUTOFORK=0
[0] MPI startup(): I_MPI_HYDRA_TOPOLIB=hwloc
[0] MPI startup(): I_MPI_HYDRA_HOST_FILE=/work/00/hp200098/o30000/tim/tim3/5.min_qs_adz/.d0000490639_nodeinfo
[0] MPI startup(): I_MPI_PERHOST=8
[0] MPI startup(): I_MPI_INTERNAL_MEM_POLICY=default
[0] MPI startup(): I_MPI_DEBUG=5
****************************************************
*                                                  *
*                  GENESIS ATDYN                   *
*                                                  *
*        A Molecular Dynamics Simulator with       *
*            Atomic Decomposition Scheme           *
*                                                  *
*               Developed by RIKEN                 *
*                                                  *
****************************************************
 
[STEP0] Architecture and Compiler Information
 
GENESIS_Information> GENESIS Information
  version      = 1.5.0
  commit ID    = $GENESIS_VERSION$
  precision    = double
  nonbonding   = CPU

Build_Information> Compiler Information
  build host   = o30000@obcx03.obcx
  fortran      = GNU Fortran (GCC) 7.5.0
  option       = -O3 -ffast-math -march=native -ffree-line-length-none -fopenmp 
  C            = gcc (GCC) 7.5.0
  option       = -O3 -ffast-math -march=native -fopenmp
  defined var. =  -DMPI -DOMP -DFFTE -DLAPACK -DDSFMT_MEXP=19937 -D__GFORTRAN__
  link option  = -L/work/hp200098/share/local/lib -fopenmp -lmkl_scalapack_lp64 -lmkl_blacs_intelmpi_lp64 -lmkl_intel_lp64 -lmkl_intel_thread -lmkl_core -liomp5 -lpthread -lm 

Runtime_Information> Machine and Library Information
  date       = 2020/08/23 11:59:23
  cpu model    = Intel(R) Xeon(R) Platinum 8280 CPU @ 2.70GHz
  exec. host   = o30000@cx0009.obcx
  LD library   = /work/hp200098/share/local/lib:/work/opt/local/cores/intel/compilers_and_libraries_2019.5.281/linux/tbb/lib/intel64_lin/gcc4.7:/work/opt/local/cores/intel/compilers_and_libraries_2019.5.281/linux/compiler/lib/intel64_lin:/work/opt/local/cores/intel/compilers_and_libraries_2019.5.281/linux/mkl/lib/intel64_lin:/work/opt/local/cores/intel/impi/2019.5.281/intel64/libfabric/lib:/work/opt/local/cores/intel/impi/2019.5.281/intel64/lib/release:/work/opt/local/cores/intel/impi/2019.5.281/intel64/lib:/work/opt/local/cores/gcc/7.5.0/lib64

[STEP1] Read Control Parameters
 
Read_Ctrl_Input> Input Files
  topfile = toppar/top_all36_prot.rtf, toppar/top_all36_cgenff.rtf
  parfile = toppar/par_all36_prot.prm, toppar/par_all36_cgenff.prm
  strfile = toppar/toppar_water_ions.str, toppar/toppar_dhap.3.str
  psffile = ../2.equil/step4_nvt_100.psf
  pdbfile = ../2.equil/step4_nvt_100.pdb
  rstfile = qmmm_min2a.rst
  reffile = ../2.equil/step4_nvt_100.pdb
 
Read_Ctrl_Output> Output Files
  dcdfile    = qmmm_min2b.dcd
  rstfile    = qmmm_min2b.rst
 
Read_Ctrl_Energy>  WARNING: water_model is not available
Read_Ctrl_Energy> Parameters of Energy Calculations
  forcefield      =     CHARMM
  switchdist      =     16.000  cutoffdist      =     18.000
  pairlistdist    =     19.500  dielec_const    =      1.000
  vdW force_switch=        yes
  electrostatic   =  CUTOFF
  implicit_solvent=       none
  table_order     =          3
  table_density   =     20.000
  water_model     =       NONE
  output_style    =    GENESIS
  dispersion_corr =       none
  nonb_limiter    =      no
 
Read_Ctrl_Minimize> Parameters of MIN
  method                     =      LBFGS  nsteps                     =        500
  eneout_period              =          1  crdout_period              =          1
  rstout_period              =          1  nbupdate_period            =          1
  fixatm_select_index        = 2
  tol_rmsg                   =   0.36E+00  tol_maxg                   =   0.54E+00
  verbose                    =         no
  ncorrection                =         10
  lbfgs_bnd                  =        yes  lbfgs_bnd_qmonly           =         no
  lbfgs_bnd_maxmove          =    0.10000
  macro                      =        yes  start_micro                =          2
  nsteps_micro               =         20
  tol_rmsg_micro             =   0.27E+00  tol_maxg_micro             =   0.41E+00
  macro_select_index         =  qmatm
  check_structure            =        yes  fix_ring_error             =         no
  fix_chirality_error        =         no
 
Read_Ctrl_Boundary> Parameters of Boundary Condition
  type            =       NOBC
  spherical_pot   =        yes  restart         =          T
  center_info     =       read  modify_ratio    =      1.000
  constant        =     10.000  exponent        =          2
  fixatom         =          T  fix_layer       =      1.000
 
Read_Ctrl_Selection> Parameters of Selection
  # of groups     =          2
    group 1 = sid:DHA or (sid:TIMA and (rno:95 or rno:165) and not (an:CA  | an:C   | an:O   | an:N | an:HN | an:HA))
    group 2 = not (sid:DHA  or sid:DHA  around_res:3.0)
  # of mole names =          0
 
Read_Ctrl_Restraints> No restraint in the system

Read_Ctrl_Fitting_MD> Parameters of Fitting
  fitting method  =  TR+ROT   
  fitting atom    = group1
  mass_weight     =         no
 
Read_Ctrl_QMMM> Parameters of QM/MM
  qmtyp              = qsimulate
  qmcnt              = qsimulate.json
  qmexe              = 
  workdir            = qmmm_min2b
  savedir            = none
  basename           = job
  qmsave_period      = 10
  qmmaxtrial         = 1
  qmatm_select_index = 1
  exclude_charge     = GROUP
 
[STEP2] Setup MPI
 
Setup_Mpi_Md> Summary of Setup MPI
  number of MPI processes   =         32
  number of OpenMP threads  =          7
  total number of CPU cores =        224

[STEP3] Set Relevant Variables and Structures
 
Input_Top> Summary of Topfile
  num_atom_class  =        212  num_resi_type   =        685
 
Input_Par> Summary of Parfile
  num_bonds       =        658  num_angles      =       2003
  num_dihedrals   =       4838  num_impropers   =        163
  num_atom_cls    =        212  num_nbfix       =         75
  num_cmap_terms  =          6
 
 Merge_Par> WARNING: BOND: Multiple definition: "CG321"-"OG311"
Input_Str> Summary of Top information
  num_atom_class  =        227  num_resi_type   =        700
 
Input_Str> Summary of Par information
  num_bonds       =        663  num_angles      =       2006
  num_dihedrals   =       4850  num_impropers   =        163
  num_atom_cls    =        227  num_nbfix       =         90
  num_cmap_terms  =          6
 
Read_Psf> Summary of Psffile
  psftype         =      xplor
  num_atoms       =      37226  num_bonds       =      37288
  num_angles      =      23768  num_dihedrals   =      20268
  num_impropers   =       1292  num_cmap_terms  =        494
  num_HB_donors   =      20596  num_HB_acceptors=      10610
  num_NB_exclusion=          0  num_groups      =      12168
  total_charge    =    -10.000
 
Check_Pdb> 6-column residue sequence number
 
Read_Pdb> Summary of Data in PDB file
  num_atoms       =      37226
 
Read_Rst_Binary> Summary of RST file
  num_atoms       =      37226  iseed           =          0
  boxsize (x,y,z) =      0.000     0.000     0.000
  spherical_pot     =      yes
  nfunctions                 2  num_fixatm              9645
  num_of_qm_charge          35

Check_Pdb> 6-column residue sequence number
 
Read_Pdb> Summary of Data in PDB file
  num_atoms       =      37226
 
Define_Molecule> Summary of molecules
  num_atoms       =      37226  num_bonds       =      37288
  num_angles      =      23768  num_dihedrals   =      20268
  num_impropers   =       1292  num_cmap_terms  =        494
  num_residues    =      10370  num_molecules   =       9878
  num_segments    =          6  num_deg_freedom =     111678
  total_charge    =    -10.000
 
Setup_Boundary> Setup Variables for Boundary Condition
  origin(x,y,z)   =      0.000     0.000     0.000
  nfunctions      =        2
    center(x,y,z) =     17.000     0.000     0.000
    radius        =     35.000
    constant      =     10.000
    exponent      =          2
    center(x,y,z) =    -17.000     0.000     0.000
    radius        =     35.000
    constant      =     10.000
    exponent      =          2

  num_fixatm      =     9645

 
Setup_Structure_Check> Setup for checking ring structure and chirality
  num_ring_grps   =         60  num_chiral_grps =        504
 
Select_Contacts> mode        : Resi
                 sel atoms A :      15
                 sel atoms B :   37211
                 distance    :    3.00
                contact atom list :     160
 
Setup_QMMM> Setup QM region
  QM assignment info
  1435 TIMA     95 HSE    CB   CT2    assigned to QM atom    1 of element: C     6
  1436 TIMA     95 HSE    HB1  HA2    assigned to QM atom    2 of element: H     1
  1437 TIMA     95 HSE    HB2  HA2    assigned to QM atom    3 of element: H     1
  1438 TIMA     95 HSE    ND1  NR2    assigned to QM atom    4 of element: N     7
  1439 TIMA     95 HSE    CG   CPH1   assigned to QM atom    5 of element: C     6
  1440 TIMA     95 HSE    CE1  CPH2   assigned to QM atom    6 of element: C     6
  1441 TIMA     95 HSE    HE1  HR1    assigned to QM atom    7 of element: H     1
  1442 TIMA     95 HSE    NE2  NR1    assigned to QM atom    8 of element: N     7
  1443 TIMA     95 HSE    HE2  H      assigned to QM atom    9 of element: H     1
  1444 TIMA     95 HSE    CD2  CPH1   assigned to QM atom   10 of element: C     6
  1445 TIMA     95 HSE    HD2  HR3    assigned to QM atom   11 of element: H     1
  2552 TIMA    165 GLU    CB   CT2A   assigned to QM atom   12 of element: C     6
  2553 TIMA    165 GLU    HB1  HA2    assigned to QM atom   13 of element: H     1
  2554 TIMA    165 GLU    HB2  HA2    assigned to QM atom   14 of element: H     1
  2555 TIMA    165 GLU    CG   CT2    assigned to QM atom   15 of element: C     6
  2556 TIMA    165 GLU    HG1  HA2    assigned to QM atom   16 of element: H     1
  2557 TIMA    165 GLU    HG2  HA2    assigned to QM atom   17 of element: H     1
  2558 TIMA    165 GLU    CD   CC     assigned to QM atom   18 of element: C     6
  2559 TIMA    165 GLU    OE1  OC     assigned to QM atom   19 of element: O     8
  2560 TIMA    165 GLU    OE2  OC     assigned to QM atom   20 of element: O     8
  7575 DHA     249 DHAP   P    PG2    assigned to QM atom   21 of element: P    15
  7576 DHA     249 DHAP   O1P  OG303  assigned to QM atom   22 of element: O     8
  7577 DHA     249 DHAP   O2P  OG2P1  assigned to QM atom   23 of element: O     8
  7578 DHA     249 DHAP   O3P  OG2P1  assigned to QM atom   24 of element: O     8
  7579 DHA     249 DHAP   O4P  OG2P1  assigned to QM atom   25 of element: O     8
  7580 DHA     249 DHAP   C1   CG321  assigned to QM atom   26 of element: C     6
  7581 DHA     249 DHAP   H11  HGA2   assigned to QM atom   27 of element: H     1
  7582 DHA     249 DHAP   H12  HGA2   assigned to QM atom   28 of element: H     1
  7583 DHA     249 DHAP   C2   CG2O5  assigned to QM atom   29 of element: C     6
  7584 DHA     249 DHAP   O2   OG2D3  assigned to QM atom   30 of element: O     8
  7585 DHA     249 DHAP   C3   CG321  assigned to QM atom   31 of element: C     6
  7586 DHA     249 DHAP   O3   OG311  assigned to QM atom   32 of element: O     8
  7587 DHA     249 DHAP   HO3  HGP1   assigned to QM atom   33 of element: H     1
  7588 DHA     249 DHAP   H31  HGA2   assigned to QM atom   34 of element: H     1
  7589 DHA     249 DHAP   H32  HGA2   assigned to QM atom   35 of element: H     1
  number of QM atoms = 35
 
  QM charges retreived from rstfile.
 

Generate_LinkAtoms> QM-MM interface info. Link hydrogen is set between:
              [ QM atom ]             -             [ MM atom ]
  1435 TIMA     95 HSE    CB   CT2    -   1433 TIMA     95 HSE    CA   CT1   
                                          1431 TIMA     95 HSE    N    NH1    excluded
                                          1432 TIMA     95 HSE    HN   H      excluded
                                          1434 TIMA     95 HSE    HA   HB1    excluded
  2552 TIMA    165 GLU    CB   CT2A   -   2550 TIMA    165 GLU    CA   CT1   
                                          2548 TIMA    165 GLU    N    NH1    excluded
                                          2549 TIMA    165 GLU    HN   H      excluded
                                          2551 TIMA    165 GLU    HA   HB1    excluded

  number of link atoms           = 2
  number of external MM charges  = 37183


  Check the input file for QSimulate [ qsimulate.json ]
Setup_Enefunc_Cmap_Par> Natural spline is used to derive cmap coefs.

Setup_Enefunc_Table> Setup Variables for LookupTable
  num_solutes     =      37226  num_waters      =          0

Define_Enefunc_CHARMM> Number of Interactions in Each Term
  bond_ene        =      37255  angle_ene       =      23717
  urey_ene        =       6639
  torsion_ene     =      23862  improper_ene    =       1285
  cmap_ene        =        494
  restraint_groups=          0  restraint_funcs =          0
 
Setup_Fitting_Atdyn> NO fitting is applied, skip
  fitting method  =  NO

Select_Contacts> mode        : Resi
                 sel atoms A :      15
                 sel atoms B :   37211
                 distance    :    3.00
                contact atom list :     160
 
Setup_MinAtoms> Atoms info in minimize
  number of fixed atoms     = 37051
  number of minimized atoms = 175
 
  Atoms optimized during macro-iteration
      1433 TIMA     95 HSE    CA   CT1   
      1435 TIMA     95 HSE    CB   CT2   
      1436 TIMA     95 HSE    HB1  HA2   
      1437 TIMA     95 HSE    HB2  HA2   
      1438 TIMA     95 HSE    ND1  NR2   
      1439 TIMA     95 HSE    CG   CPH1  
      1440 TIMA     95 HSE    CE1  CPH2  
      1441 TIMA     95 HSE    HE1  HR1   
      1442 TIMA     95 HSE    NE2  NR1   
      1443 TIMA     95 HSE    HE2  H     
      1444 TIMA     95 HSE    CD2  CPH1  
      1445 TIMA     95 HSE    HD2  HR3   
      2550 TIMA    165 GLU    CA   CT1   
      2552 TIMA    165 GLU    CB   CT2A  
      2553 TIMA    165 GLU    HB1  HA2   
      2554 TIMA    165 GLU    HB2  HA2   
      2555 TIMA    165 GLU    CG   CT2   
      2556 TIMA    165 GLU    HG1  HA2   
      2557 TIMA    165 GLU    HG2  HA2   
      2558 TIMA    165 GLU    CD   CC    
      2559 TIMA    165 GLU    OE1  OC    
      2560 TIMA    165 GLU    OE2  OC    
      7575 DHA     249 DHAP   P    PG2   
      7576 DHA     249 DHAP   O1P  OG303 
      7577 DHA     249 DHAP   O2P  OG2P1 
      7578 DHA     249 DHAP   O3P  OG2P1 
      7579 DHA     249 DHAP   O4P  OG2P1 
      7580 DHA     249 DHAP   C1   CG321 
      7581 DHA     249 DHAP   H11  HGA2  
      7582 DHA     249 DHAP   H12  HGA2  
      7583 DHA     249 DHAP   C2   CG2O5 
      7584 DHA     249 DHAP   O2   OG2D3 
      7585 DHA     249 DHAP   C3   CG321 
      7586 DHA     249 DHAP   O3   OG311 
      7587 DHA     249 DHAP   HO3  HGP1  
      7588 DHA     249 DHAP   H31  HGA2  
      7589 DHA     249 DHAP   H32  HGA2  
  number of atoms in macro-iteration = 37
  number of atoms in micro-iteration = 138
 
[STEP4] Compute Single Point Energy for Molecules
 
SKIPPED: Energy calculation is omitted when QMMM is performed
 
[STEP5] Perform Energy Minimization
 
  * process grid (4, 8) will be used
    cx0009.obcx                     
    cx0009.obcx                     
    cx0009.obcx                     
    cx0009.obcx                     
    cx0009.obcx                     
    cx0009.obcx                     
    cx0009.obcx                     
    cx0009.obcx                     
    cx0010.obcx                     
    cx0010.obcx                     
    cx0010.obcx                     
    cx0010.obcx                     
    cx0010.obcx                     
    cx0010.obcx                     
    cx0010.obcx                     
    cx0010.obcx                     
    cx0011.obcx                     
    cx0011.obcx                     
    cx0011.obcx                     
    cx0011.obcx                     
    cx0011.obcx                     
    cx0011.obcx                     
    cx0011.obcx                     
    cx0011.obcx                     
    cx0012.obcx                     
    cx0012.obcx                     
    cx0012.obcx                     
    cx0012.obcx                     
    cx0012.obcx                     
    cx0012.obcx                     
    cx0012.obcx                     
    cx0012.obcx                     

  * using 7 threads per process
  * ScaLAPACK block size is set to 32
INFO:       STEP   POTENTIAL_ENE            RMSG            MAXG            BOND           ANGLE    UREY-BRADLEY        DIHEDRAL        IMPROPER            CMAP         VDWAALS           ELECT              QM            SPOT
 --------------- --------------- --------------- --------------- ---------------
INFO:          0   -1006297.8354          0.9341         12.1862       1496.1330       3742.9219        459.2920       4476.4470        271.5232       -186.2019       7159.5320    -117213.0472    -906525.6418         21.2064

  maxg =    12.1862 at       7585 DHA     249 DHAP   C3   CG321 

INFO:          1   -1005878.7082         81.7750        907.8827       1516.5988       3756.0493        463.1071       4477.0491        272.2893       -186.8867       7159.6370    -117213.0107    -906144.7478         21.2064

  maxg =   907.8827 at       2559 TIMA    165 GLU    OE1  OC    

INFO:          2   -1006297.8856          1.0588         12.6666       1496.1246       3742.9206        459.2912       4476.4477        271.5213       -186.2138       7159.4816    -117213.0467    -906525.6185         21.2064

  maxg =    12.6666 at       7585 DHA     249 DHAP   C3   CG321 

+++++ Start micro iteration 3 +++++ 

     STEP        1 POTENTIAL_ENE =    -1006297.88514076  RMSG =       0.1266  MAXG =       1.0993
     STEP        2 POTENTIAL_ENE =    -1005321.57891878  RMSG =     105.4209  MAXG =     425.4336
     STEP        3 POTENTIAL_ENE =    -1006297.88643974  RMSG =       0.1158  MAXG =       0.9390
     STEP        4 POTENTIAL_ENE =    -1006297.88832619  RMSG =       0.0744  MAXG =       0.3880

+++++ STOP: RMSG and MAXG becomes sufficiently small.+++++

INFO:          3   -1006298.1325          0.8805         10.7484       1496.0881       3742.9303        459.2939       4476.4433        271.5241       -186.2159       7159.4485    -117213.0581    -906525.7931         21.2064

  maxg =    10.7484 at       7585 DHA     249 DHAP   C3   CG321 

+++++ Start micro iteration 4 +++++ 

     STEP        1 POTENTIAL_ENE =    -1006298.18051160  RMSG =       0.1468  MAXG =       1.5451
     STEP        2 POTENTIAL_ENE =    -1005611.11528141  RMSG =      85.1931  MAXG =     365.9976
     STEP        3 POTENTIAL_ENE =    -1006298.18243622  RMSG =       0.1528  MAXG =       1.4203
     STEP        4 POTENTIAL_ENE =    -1006298.18598494  RMSG =       0.1004  MAXG =       0.9153
     STEP        5 POTENTIAL_ENE =    -1006298.18975234  RMSG =       0.0841  MAXG =       0.5780
     STEP        6 POTENTIAL_ENE =    -1006298.19130760  RMSG =       0.1070  MAXG =       0.8308
     STEP        7 POTENTIAL_ENE =    -1006298.19286741  RMSG =       0.0850  MAXG =       0.6811
     STEP        8 POTENTIAL_ENE =    -1006298.19837484  RMSG =       0.0825  MAXG =       0.5949
     STEP        9 POTENTIAL_ENE =    -1006298.19937997  RMSG =       0.1597  MAXG =       1.2849
     STEP       10 POTENTIAL_ENE =    -1006298.20125777  RMSG =       0.0741  MAXG =       0.4321
     STEP       11 POTENTIAL_ENE =    -1006298.20279912  RMSG =       0.0600  MAXG =       0.3894

+++++ STOP: RMSG and MAXG becomes sufficiently small.+++++

INFO:          4   -1006299.0545          0.9371          6.4433       1496.0881       3742.9846        459.2959       4476.4234        271.5257       -186.2102       7159.2805    -117213.1102    -906526.5389         21.2064

  maxg =     6.4433 at       2558 TIMA    165 GLU    CD   CC    

+++++ Start micro iteration 5 +++++ 

     STEP        1 POTENTIAL_ENE =    -1006299.55972393  RMSG =       0.2656  MAXG =       2.5859
     STEP        2 POTENTIAL_ENE =    -1005721.67034650  RMSG =      78.2004  MAXG =     331.1097
     STEP        3 POTENTIAL_ENE =    -1006299.56452729  RMSG =       0.2655  MAXG =       2.0288
     STEP        4 POTENTIAL_ENE =    -1006299.57398051  RMSG =       0.1340  MAXG =       1.0548
     STEP        5 POTENTIAL_ENE =    -1006299.57858961  RMSG =       0.0930  MAXG =       0.6598
     STEP        6 POTENTIAL_ENE =    -1006299.58078544  RMSG =       0.0938  MAXG =       0.5139
     STEP        7 POTENTIAL_ENE =    -1006299.58302722  RMSG =       0.0767  MAXG =       0.5271
     STEP        8 POTENTIAL_ENE =    -1006299.58556989  RMSG =       0.1208  MAXG =       0.7782
     STEP        9 POTENTIAL_ENE =    -1006299.58684816  RMSG =       0.0901  MAXG =       0.6587
     STEP       10 POTENTIAL_ENE =    -1006299.58765658  RMSG =       0.0460  MAXG =       0.2583

+++++ STOP: RMSG and MAXG becomes sufficiently small.+++++

INFO:          5   -1006299.2524          2.4342         24.3237       1496.0903       3742.9634        459.2975       4476.4508        271.5159       -186.1940       7159.1040    -117213.1974    -906526.4894         21.2064

  maxg =    24.3237 at       7585 DHA     249 DHAP   C3   CG321 

+++++ Start micro iteration 6 +++++ 

     STEP        1 POTENTIAL_ENE =    -1006299.18984965  RMSG =       0.0586  MAXG =       0.5822
     STEP        2 POTENTIAL_ENE =    -1005986.02068884  RMSG =      60.3328  MAXG =     398.9002
     STEP        3 POTENTIAL_ENE =    -1006299.19050095  RMSG =       0.0687  MAXG =       0.4055
     STEP        4 POTENTIAL_ENE =    -1006299.19118962  RMSG =       0.0527  MAXG =       0.3130

+++++ STOP: RMSG and MAXG becomes sufficiently small.+++++

INFO:          6   -1006299.7580          0.8543          6.8737       1496.0712       3742.9590        459.2984       4476.4387        271.5174       -186.1953       7159.0568    -117213.2193    -906526.8913         21.2064

  maxg =     6.8737 at       7583 DHA     249 DHAP   C2   CG2O5 

+++++ Start micro iteration 7 +++++ 

     STEP        1 POTENTIAL_ENE =    -1006299.86556933  RMSG =       0.0808  MAXG =       0.8338
     STEP        2 POTENTIAL_ENE =    -1005749.48666760  RMSG =      77.9993  MAXG =     339.1155
     STEP        3 POTENTIAL_ENE =    -1006299.86630221  RMSG =       0.0764  MAXG =       0.8066
     STEP        4 POTENTIAL_ENE =    -1006299.86714243  RMSG =       0.0532  MAXG =       0.3359

+++++ STOP: RMSG and MAXG becomes sufficiently small.+++++

INFO:          7   -1006299.9544          0.6259          5.0111       1496.0986       3742.9593        459.2958       4476.4351        271.5151       -186.1925       7158.9534    -117213.1906    -906527.0349         21.2064

  maxg =     5.0111 at       7589 DHA     249 DHAP   H32  HGA2  

+++++ Start micro iteration 8 +++++ 

     STEP        1 POTENTIAL_ENE =    -1006300.19465859  RMSG =       0.1043  MAXG =       1.3727
     STEP        2 POTENTIAL_ENE =    -1005869.59715384  RMSG =      68.9806  MAXG =     316.5572
     STEP        3 POTENTIAL_ENE =    -1006300.19588957  RMSG =       0.1206  MAXG =       1.3053
     STEP        4 POTENTIAL_ENE =    -1006300.19800242  RMSG =       0.0858  MAXG =       0.4737
     STEP        5 POTENTIAL_ENE =    -1006300.20159200  RMSG =       0.0773  MAXG =       0.7122
     STEP        6 POTENTIAL_ENE =    -1006300.20410528  RMSG =       0.1035  MAXG =       1.1066
     STEP        7 POTENTIAL_ENE =    -1006300.20667412  RMSG =       0.0731  MAXG =       0.5922
     STEP        8 POTENTIAL_ENE =    -1006300.20885860  RMSG =       0.0773  MAXG =       0.5436
     STEP        9 POTENTIAL_ENE =    -1006300.21119566  RMSG =       0.0866  MAXG =       0.6560
     STEP       10 POTENTIAL_ENE =    -1006300.21347543  RMSG =       0.0828  MAXG =       0.6618
     STEP       11 POTENTIAL_ENE =    -1006300.21609270  RMSG =       0.0776  MAXG =       0.4595
     STEP       12 POTENTIAL_ENE =    -1006300.21832239  RMSG =       0.0941  MAXG =       0.6987
     STEP       13 POTENTIAL_ENE =    -1006300.22055070  RMSG =       0.0737  MAXG =       0.5232
     STEP       14 POTENTIAL_ENE =    -1006300.22314795  RMSG =       0.0722  MAXG =       0.4724
     STEP       15 POTENTIAL_ENE =    -1006300.22372297  RMSG =       0.1295  MAXG =       1.1998
     STEP       16 POTENTIAL_ENE =    -1006300.22501965  RMSG =       0.0438  MAXG =       0.2033

+++++ STOP: RMSG and MAXG becomes sufficiently small.+++++

INFO:          8   -1006300.2164          0.8064          6.3047       1496.0834       3743.0215        459.2918       4476.3611        271.4976       -186.1787       7158.6149    -117213.1087    -906527.0058         21.2064

  maxg =     6.3047 at       7585 DHA     249 DHAP   C3   CG321 

+++++ Start micro iteration 9 +++++ 

     STEP        1 POTENTIAL_ENE =    -1006300.58009415  RMSG =       0.1852  MAXG =       2.6749
     STEP        2 POTENTIAL_ENE =    -1005846.65209361  RMSG =      70.0552  MAXG =     443.0066
     STEP        3 POTENTIAL_ENE =    -1006300.58204740  RMSG =       0.1830  MAXG =       2.5172
     STEP        4 POTENTIAL_ENE =    -1006300.58643276  RMSG =       0.1011  MAXG =       0.7427
     STEP        5 POTENTIAL_ENE =    -1006300.58944941  RMSG =       0.0770  MAXG =       0.7073
     STEP        6 POTENTIAL_ENE =    -1006300.59175230  RMSG =       0.0791  MAXG =       0.8610
     STEP        7 POTENTIAL_ENE =    -1006300.59346417  RMSG =       0.0715  MAXG =       0.5650
     STEP        8 POTENTIAL_ENE =    -1006300.59422220  RMSG =       0.0497  MAXG =       0.3596

+++++ STOP: RMSG and MAXG becomes sufficiently small.+++++

INFO:          9   -1006300.5890          0.9609          8.7169       1496.1295       3743.0360        459.2885       4476.3262        271.4857       -186.1839       7158.3181    -117213.2313    -906526.9642         21.2064

  maxg =     8.7169 at       2559 TIMA    165 GLU    OE1  OC    

+++++ Start micro iteration 10 +++++ 

     STEP        1 POTENTIAL_ENE =    -1006301.05787355  RMSG =       0.3704  MAXG =       3.7745
     STEP        2 POTENTIAL_ENE =    -1005716.81129270  RMSG =      78.5647  MAXG =     311.2132
     STEP        3 POTENTIAL_ENE =    -1006301.06490187  RMSG =       0.3583  MAXG =       3.4880
     STEP        4 POTENTIAL_ENE =    -1006301.08336832  RMSG =       0.2212  MAXG =       2.3649
     STEP        5 POTENTIAL_ENE =    -1006301.09789225  RMSG =       0.1228  MAXG =       0.7759
     STEP        6 POTENTIAL_ENE =    -1006301.10094771  RMSG =       0.1330  MAXG =       0.8116
     STEP        7 POTENTIAL_ENE =    -1006301.10312394  RMSG =       0.0818  MAXG =       0.6024
     STEP        8 POTENTIAL_ENE =    -1006301.10620170  RMSG =       0.0788  MAXG =       0.5346
     STEP        9 POTENTIAL_ENE =    -1006301.10797974  RMSG =       0.0772  MAXG =       0.5037
     STEP       10 POTENTIAL_ENE =    -1006301.10957314  RMSG =       0.1270  MAXG =       0.9865
     STEP       11 POTENTIAL_ENE =    -1006301.11157232  RMSG =       0.0680  MAXG =       0.4789
     STEP       12 POTENTIAL_ENE =    -1006301.11374034  RMSG =       0.0784  MAXG =       0.4590
     STEP       13 POTENTIAL_ENE =    -1006301.11603868  RMSG =       0.0881  MAXG =       0.5886
     STEP       14 POTENTIAL_ENE =    -1006301.11872714  RMSG =       0.1689  MAXG =       0.9944
     STEP       15 POTENTIAL_ENE =    -1006301.12212605  RMSG =       0.0712  MAXG =       0.4957
     STEP       16 POTENTIAL_ENE =    -1006301.12399822  RMSG =       0.0533  MAXG =       0.4031

+++++ STOP: RMSG and MAXG becomes sufficiently small.+++++

INFO:         10   -1006300.5686          2.6033         25.9852       1496.2126       3742.9804        459.2735       4476.2599        271.4675       -186.2146       7157.8260    -117213.0810    -906526.4994         21.2064

  maxg =    25.9852 at       2558 TIMA    165 GLU    CD   CC    

+++++ Start micro iteration 11 +++++ 

     STEP        1 POTENTIAL_ENE =    -1006300.31643229  RMSG =       0.1959  MAXG =       2.2298
     STEP        2 POTENTIAL_ENE =    -1005762.60415071  RMSG =      75.8985  MAXG =     331.3451
     STEP        3 POTENTIAL_ENE =    -1006300.31894146  RMSG =       0.1900  MAXG =       2.0470
     STEP        4 POTENTIAL_ENE =    -1006300.32422427  RMSG =       0.1247  MAXG =       1.4397
     STEP        5 POTENTIAL_ENE =    -1006300.32932231  RMSG =       0.0888  MAXG =       0.5069
     STEP        6 POTENTIAL_ENE =    -1006300.33057038  RMSG =       0.1006  MAXG =       0.5826
     STEP        7 POTENTIAL_ENE =    -1006300.33155371  RMSG =       0.0652  MAXG =       0.4351
     STEP        8 POTENTIAL_ENE =    -1006300.33361243  RMSG =       0.0511  MAXG =       0.3275

+++++ STOP: RMSG and MAXG becomes sufficiently small.+++++

INFO:         11   -1006300.8236          1.4568         14.0638       1496.1690       3743.0473        459.2756       4476.2967        271.4780       -186.1952       7158.1213    -117213.0699    -906527.1529         21.2064

  maxg =    14.0638 at       7585 DHA     249 DHAP   C3   CG321 

+++++ Start micro iteration 12 +++++ 

     STEP        1 POTENTIAL_ENE =    -1006300.95197917  RMSG =       0.1687  MAXG =       1.5700
     STEP        2 POTENTIAL_ENE =    -1005631.60532967  RMSG =      88.6427  MAXG =     399.3947
     STEP        3 POTENTIAL_ENE =    -1006300.95360140  RMSG =       0.1658  MAXG =       1.4517
     STEP        4 POTENTIAL_ENE =    -1006300.95739150  RMSG =       0.1094  MAXG =       0.9911
     STEP        5 POTENTIAL_ENE =    -1006300.96129481  RMSG =       0.0587  MAXG =       0.5033
     STEP        6 POTENTIAL_ENE =    -1006300.96186378  RMSG =       0.0743  MAXG =       0.5448
     STEP        7 POTENTIAL_ENE =    -1006300.96234753  RMSG =       0.0378  MAXG =       0.2424

+++++ STOP: RMSG and MAXG becomes sufficiently small.+++++

INFO:         12   -1006301.1919          0.8287          5.6715       1496.1951       3743.0308        459.2717       4476.2558        271.4715       -186.2036       7157.8041    -117213.0933    -906527.1304         21.2064

  maxg =     5.6715 at       7585 DHA     249 DHAP   C3   CG321 

+++++ Start micro iteration 13 +++++ 

     STEP        1 POTENTIAL_ENE =    -1006301.07769655  RMSG =       0.1985  MAXG =       2.4970
     STEP        2 POTENTIAL_ENE =    -1006034.46613481  RMSG =      52.7999  MAXG =     347.0508
     STEP        3 POTENTIAL_ENE =    -1006301.08071596  RMSG =       0.2089  MAXG =       2.2424
     STEP        4 POTENTIAL_ENE =    -1006301.08660780  RMSG =       0.1138  MAXG =       1.4167
     STEP        5 POTENTIAL_ENE =    -1006301.09009035  RMSG =       0.0639  MAXG =       0.5556
     STEP        6 POTENTIAL_ENE =    -1006301.09096111  RMSG =       0.0703  MAXG =       0.5487
     STEP        7 POTENTIAL_ENE =    -1006301.09159952  RMSG =       0.0408  MAXG =       0.4297
     STEP        8 POTENTIAL_ENE =    -1006301.09230829  RMSG =       0.0439  MAXG =       0.3092

+++++ STOP: RMSG and MAXG becomes sufficiently small.+++++

INFO:         13   -1006301.4574          0.5268          3.5699       1496.2052       3742.9953        459.2703       4476.2517        271.4618       -186.1965       7157.6280    -117213.1016    -906527.1780         21.2064

  maxg =     3.5699 at       7589 DHA     249 DHAP   H32  HGA2  

+++++ Start micro iteration 14 +++++ 

     STEP        1 POTENTIAL_ENE =    -1006301.32060821  RMSG =       0.2003  MAXG =       2.0936
     STEP        2 POTENTIAL_ENE =    -1006029.81044508  RMSG =      56.2050  MAXG =     336.1165
     STEP        3 POTENTIAL_ENE =    -1006301.32371629  RMSG =       0.1943  MAXG =       1.7172
     STEP        4 POTENTIAL_ENE =    -1006301.32851109  RMSG =       0.1086  MAXG =       1.1194
     STEP        5 POTENTIAL_ENE =    -1006301.33168662  RMSG =       0.0725  MAXG =       0.6050
     STEP        6 POTENTIAL_ENE =    -1006301.33296287  RMSG =       0.0780  MAXG =       0.4841
     STEP        7 POTENTIAL_ENE =    -1006301.33406851  RMSG =       0.0560  MAXG =       0.6545
     STEP        8 POTENTIAL_ENE =    -1006301.33588142  RMSG =       0.0555  MAXG =       0.5546
     STEP        9 POTENTIAL_ENE =    -1006301.33718119  RMSG =       0.0862  MAXG =       0.5910
     STEP       10 POTENTIAL_ENE =    -1006301.33853385  RMSG =       0.0611  MAXG =       0.5124
     STEP       11 POTENTIAL_ENE =    -1006301.33978843  RMSG =       0.0531  MAXG =       0.5037
     STEP       12 POTENTIAL_ENE =    -1006301.34150958  RMSG =       0.0715  MAXG =       0.6431
     STEP       13 POTENTIAL_ENE =    -1006301.34273274  RMSG =       0.0974  MAXG =       0.7308
     STEP       14 POTENTIAL_ENE =    -1006301.34388160  RMSG =       0.0490  MAXG =       0.4190
     STEP       15 POTENTIAL_ENE =    -1006301.34459009  RMSG =       0.0383  MAXG =       0.2615

+++++ STOP: RMSG and MAXG becomes sufficiently small.+++++

INFO:         14   -1006301.6275          0.6199          6.9148       1496.2257       3743.0079        459.2667       4476.2468        271.4389       -186.2019       7157.5957    -117213.1144    -906527.2994         21.2064

  maxg =     6.9148 at       7583 DHA     249 DHAP   C2   CG2O5 

+++++ Start micro iteration 15 +++++ 

     STEP        1 POTENTIAL_ENE =    -1006301.44037919  RMSG =       0.2181  MAXG =       2.2922
     STEP        2 POTENTIAL_ENE =    -1005988.69048510  RMSG =      56.4778  MAXG =     228.3043
     STEP        3 POTENTIAL_ENE =    -1006301.44383889  RMSG =       0.2157  MAXG =       1.6045
     STEP        4 POTENTIAL_ENE =    -1006301.44993148  RMSG =       0.0987  MAXG =       0.8481
     STEP        5 POTENTIAL_ENE =    -1006301.45213921  RMSG =       0.0598  MAXG =       0.4674
     STEP        6 POTENTIAL_ENE =    -1006301.45310048  RMSG =       0.0513  MAXG =       0.3081

+++++ STOP: RMSG and MAXG becomes sufficiently small.+++++

INFO:         15   -1006301.7885          0.6086          4.8165       1496.2379       3743.0205        459.2669       4476.2671        271.4368       -186.2005       7157.4713    -117213.1299    -906527.3652         21.2064

  maxg =     4.8165 at       2560 TIMA    165 GLU    OE2  OC    

+++++ Start micro iteration 16 +++++ 

     STEP        1 POTENTIAL_ENE =    -1006301.83715741  RMSG =       0.1130  MAXG =       0.8959
     STEP        2 POTENTIAL_ENE =    -1005877.06555040  RMSG =      71.1292  MAXG =     363.4710
     STEP        3 POTENTIAL_ENE =    -1006301.83818692  RMSG =       0.1133  MAXG =       0.7674
     STEP        4 POTENTIAL_ENE =    -1006301.83991207  RMSG =       0.0754  MAXG =       0.6147
     STEP        5 POTENTIAL_ENE =    -1006301.84219239  RMSG =       0.0582  MAXG =       0.5362
     STEP        6 POTENTIAL_ENE =    -1006301.84325517  RMSG =       0.0807  MAXG =       0.4976
     STEP        7 POTENTIAL_ENE =    -1006301.84419341  RMSG =       0.0449  MAXG =       0.3557

+++++ STOP: RMSG and MAXG becomes sufficiently small.+++++

INFO:         16   -1006301.9271          0.6144          3.8964       1496.2736       3743.0214        459.2632       4476.2747        271.4286       -186.2019       7157.3670    -117213.1570    -906527.4031         21.2064

  maxg =     3.8964 at       7583 DHA     249 DHAP   C2   CG2O5 

+++++ Start micro iteration 17 +++++ 

     STEP        1 POTENTIAL_ENE =    -1006302.04933745  RMSG =       0.1072  MAXG =       1.2947
     STEP        2 POTENTIAL_ENE =    -1006109.88436940  RMSG =      45.3248  MAXG =     264.1049
     STEP        3 POTENTIAL_ENE =    -1006302.05077738  RMSG =       0.1233  MAXG =       1.0873
     STEP        4 POTENTIAL_ENE =    -1006302.05291162  RMSG =       0.0744  MAXG =       0.6240
     STEP        5 POTENTIAL_ENE =    -1006302.05474476  RMSG =       0.0523  MAXG =       0.5509
     STEP        6 POTENTIAL_ENE =    -1006302.05563524  RMSG =       0.0674  MAXG =       0.5890
     STEP        7 POTENTIAL_ENE =    -1006302.05662113  RMSG =       0.0512  MAXG =       0.5993
     STEP        8 POTENTIAL_ENE =    -1006302.05824211  RMSG =       0.0549  MAXG =       0.3618

+++++ STOP: RMSG and MAXG becomes sufficiently small.+++++

INFO:         17   -1006302.0503          0.4153          3.1987       1496.2819       3743.0498        459.2622       4476.2562        271.4226       -186.2054       7157.3078    -117213.1514    -906527.4804         21.2064

  maxg =     3.1987 at       2558 TIMA    165 GLU    CD   CC    

+++++ Start micro iteration 18 +++++ 

     STEP        1 POTENTIAL_ENE =    -1006302.22301242  RMSG =       0.1704  MAXG =       1.7967
     STEP        2 POTENTIAL_ENE =    -1005647.48668844  RMSG =      89.0901  MAXG =     357.6296
     STEP        3 POTENTIAL_ENE =    -1006302.22442231  RMSG =       0.1532  MAXG =       1.6884
     STEP        4 POTENTIAL_ENE =    -1006302.22735152  RMSG =       0.0896  MAXG =       1.1972
     STEP        5 POTENTIAL_ENE =    -1006302.22951881  RMSG =       0.0523  MAXG =       0.4034

+++++ STOP: RMSG and MAXG becomes sufficiently small.+++++

INFO:         18   -1006302.1227          0.3776          2.7918       1496.3080       3743.0659        459.2594       4476.2486        271.4215       -186.2226       7157.2654    -117213.1421    -906527.5333         21.2064

  maxg =     2.7918 at       7583 DHA     249 DHAP   C2   CG2O5 

+++++ Start micro iteration 19 +++++ 

     STEP        1 POTENTIAL_ENE =    -1006302.33260748  RMSG =       0.1015  MAXG =       0.9163
     STEP        2 POTENTIAL_ENE =    -1006083.33333294  RMSG =      50.5025  MAXG =     258.8355
     STEP        3 POTENTIAL_ENE =    -1006302.33394073  RMSG =       0.1195  MAXG =       0.7267
     STEP        4 POTENTIAL_ENE =    -1006302.33597860  RMSG =       0.0873  MAXG =       0.5946
     STEP        5 POTENTIAL_ENE =    -1006302.33901351  RMSG =       0.0730  MAXG =       0.5913
     STEP        6 POTENTIAL_ENE =    -1006302.34000497  RMSG =       0.0869  MAXG =       0.5281
     STEP        7 POTENTIAL_ENE =    -1006302.34077321  RMSG =       0.0591  MAXG =       0.3480

+++++ STOP: RMSG and MAXG becomes sufficiently small.+++++

INFO:         19   -1006302.1993          0.3773          3.7074       1496.3286       3743.0840        459.2590       4476.2353        271.4175       -186.2168       7157.2221    -117213.1626    -906527.5728         21.2064

  maxg =     3.7074 at       7583 DHA     249 DHAP   C2   CG2O5 

+++++ Start micro iteration 20 +++++ 

     STEP        1 POTENTIAL_ENE =    -1006302.36689621  RMSG =       0.0877  MAXG =       0.7908
     STEP        2 POTENTIAL_ENE =    -1005761.31615058  RMSG =      83.5088  MAXG =     440.3576
     STEP        3 POTENTIAL_ENE =    -1006302.36750603  RMSG =       0.0836  MAXG =       0.7883
     STEP        4 POTENTIAL_ENE =    -1006302.36838030  RMSG =       0.0565  MAXG =       0.4239
     STEP        5 POTENTIAL_ENE =    -1006302.36969048  RMSG =       0.0460  MAXG =       0.2948

+++++ STOP: RMSG and MAXG becomes sufficiently small.+++++

INFO:         20   -1006302.2604          0.2967          2.1813       1496.3562       3743.0862        459.2588       4476.2328        271.4153       -186.2280       7157.2056    -117213.1540    -906527.6397         21.2064

  maxg =     2.1813 at       7587 DHA     249 DHAP   HO3  HGP1  

+++++ Start micro iteration 21 +++++ 

     STEP        1 POTENTIAL_ENE =    -1006302.25693724  RMSG =       0.0773  MAXG =       0.7237
     STEP        2 POTENTIAL_ENE =    -1006153.11106651  RMSG =      36.2768  MAXG =     217.6423
     STEP        3 POTENTIAL_ENE =    -1006302.25801232  RMSG =       0.0826  MAXG =       0.5156
     STEP        4 POTENTIAL_ENE =    -1006302.25908033  RMSG =       0.0496  MAXG =       0.3008

+++++ STOP: RMSG and MAXG becomes sufficiently small.+++++

INFO:         21   -1006302.2884          0.2626          2.1418       1496.3287       3743.0955        459.2600       4476.2415        271.4153       -186.2266       7157.2349    -117213.1612    -906527.6830         21.2064

  maxg =     2.1418 at       1440 TIMA     95 HSE    CE1  CPH2  

+++++ Start micro iteration 22 +++++ 

     STEP        1 POTENTIAL_ENE =    -1006302.28087523  RMSG =       0.0738  MAXG =       0.8498
     STEP        2 POTENTIAL_ENE =    -1006044.23456309  RMSG =      48.1799  MAXG =     207.3752
     STEP        3 POTENTIAL_ENE =    -1006302.28165379  RMSG =       0.0771  MAXG =       0.7509
     STEP        4 POTENTIAL_ENE =    -1006302.28274685  RMSG =       0.0548  MAXG =       0.5118
     STEP        5 POTENTIAL_ENE =    -1006302.28439921  RMSG =       0.0558  MAXG =       0.3554

+++++ STOP: RMSG and MAXG becomes sufficiently small.+++++

INFO:         22   -1006302.3070          0.1839          1.2512       1496.3299       3743.0990        459.2599       4476.2472        271.4147       -186.2242       7157.2561    -117213.1553    -906527.7409         21.2064

  maxg =     1.2512 at       7587 DHA     249 DHAP   HO3  HGP1  

+++++ Start micro iteration 23 +++++ 

     STEP        1 POTENTIAL_ENE =    -1006302.35292532  RMSG =       0.1086  MAXG =       1.0943
     STEP        2 POTENTIAL_ENE =    -1005968.07305130  RMSG =      63.2435  MAXG =     380.4575
     STEP        3 POTENTIAL_ENE =    -1006302.35394197  RMSG =       0.1037  MAXG =       0.9599
     STEP        4 POTENTIAL_ENE =    -1006302.35530791  RMSG =       0.0665  MAXG =       0.6934
     STEP        5 POTENTIAL_ENE =    -1006302.35681077  RMSG =       0.0478  MAXG =       0.3476

+++++ STOP: RMSG and MAXG becomes sufficiently small.+++++

INFO:         23   -1006302.3280          0.2083          1.5512       1496.3186       3743.1115        459.2616       4476.2627        271.4151       -186.2129       7157.3154    -117213.1421    -906527.8642         21.2064

  maxg =     1.5512 at       2550 TIMA    165 GLU    CA   CT1   

+++++ Start micro iteration 24 +++++ 

     STEP        1 POTENTIAL_ENE =    -1006302.45493020  RMSG =       0.0498  MAXG =       0.2905

+++++ STOP: RMSG and MAXG becomes sufficiently small.+++++

INFO:         24   -1006302.3487          0.2532          2.6895       1496.3311       3743.1069        459.2616       4476.2651        271.4144       -186.2109       7157.3833    -117213.1409    -906527.9658         21.2064

  maxg =     2.6895 at       1440 TIMA     95 HSE    CE1  CPH2  

+++++ Start micro iteration 25 +++++ 

     STEP        1 POTENTIAL_ENE =    -1006302.54681992  RMSG =       0.0761  MAXG =       0.4803
     STEP        2 POTENTIAL_ENE =    -1006038.34687814  RMSG =      48.8263  MAXG =     236.6974
     STEP        3 POTENTIAL_ENE =    -1006302.54776771  RMSG =       0.0719  MAXG =       0.3084

+++++ STOP: RMSG and MAXG becomes sufficiently small.+++++

INFO:         25   -1006302.3774          0.2079          1.8438       1496.3527       3743.1116        459.2627       4476.2602        271.4137       -186.2180       7157.4494    -117213.1278    -906528.0882         21.2064

  maxg =     1.8438 at       1440 TIMA     95 HSE    CE1  CPH2  

+++++ Start micro iteration 26 +++++ 

     STEP        1 POTENTIAL_ENE =    -1006302.65197411  RMSG =       0.0871  MAXG =       0.6181
     STEP        2 POTENTIAL_ENE =    -1005636.67745502  RMSG =      92.0314  MAXG =     444.6256
     STEP        3 POTENTIAL_ENE =    -1006302.65281932  RMSG =       0.0820  MAXG =       0.6243
     STEP        4 POTENTIAL_ENE =    -1006302.65373383  RMSG =       0.0634  MAXG =       0.2909

+++++ STOP: RMSG and MAXG becomes sufficiently small.+++++

INFO:         26   -1006302.4094          0.2654          1.7621       1496.3556       3743.1093        459.2616       4476.2642        271.4136       -186.2163       7157.5353    -117213.1416    -906528.1974         21.2064

  maxg =     1.7621 at       1440 TIMA     95 HSE    CE1  CPH2  

+++++ Start micro iteration 27 +++++ 

     STEP        1 POTENTIAL_ENE =    -1006302.67782704  RMSG =       0.0848  MAXG =       0.4951
     STEP        2 POTENTIAL_ENE =    -1005689.75898500  RMSG =      87.0121  MAXG =     433.3273
     STEP        3 POTENTIAL_ENE =    -1006302.67874894  RMSG =       0.0921  MAXG =       0.4732
     STEP        4 POTENTIAL_ENE =    -1006302.67994639  RMSG =       0.0749  MAXG =       0.2941

+++++ STOP: RMSG and MAXG becomes sufficiently small.+++++

INFO:         27   -1006302.4327          0.2534          1.7441       1496.3584       3743.1351        459.2621       4476.2544        271.4127       -186.2199       7157.5878    -117213.1329    -906528.2969         21.2064

  maxg =     1.7441 at       7584 DHA     249 DHAP   O2   OG2D3 

+++++ Start micro iteration 28 +++++ 

     STEP        1 POTENTIAL_ENE =    -1006302.47887089  RMSG =       0.0809  MAXG =       0.3898

+++++ STOP: RMSG and MAXG becomes sufficiently small.+++++

INFO:         28   -1006302.4515          0.2101          1.3807       1496.3517       3743.1381        459.2621       4476.2516        271.4133       -186.2193       7157.5799    -117213.1331    -906528.3023         21.2064

  maxg =     1.3807 at       1440 TIMA     95 HSE    CE1  CPH2  

+++++ Start micro iteration 29 +++++ 

     STEP        1 POTENTIAL_ENE =    -1006302.49988757  RMSG =       0.0870  MAXG =       0.4249
     STEP        2 POTENTIAL_ENE =    -1005403.00562092  RMSG =     106.8789  MAXG =     447.0075
     STEP        3 POTENTIAL_ENE =    -1006302.50077231  RMSG =       0.0798  MAXG =       0.4042

+++++ STOP: RMSG and MAXG becomes sufficiently small.+++++

INFO:         29   -1006302.4741          0.1984          1.1617       1496.3500       3743.1328        459.2628       4476.2472        271.4141       -186.2144       7157.5515    -117213.1561    -906528.2685         21.2064

  maxg =     1.1617 at       7583 DHA     249 DHAP   C2   CG2O5 

+++++ Start micro iteration 30 +++++ 

     STEP        1 POTENTIAL_ENE =    -1006302.58015372  RMSG =       0.0930  MAXG =       0.6113
     STEP        2 POTENTIAL_ENE =    -1005439.77216462  RMSG =     105.2277  MAXG =     442.7067
     STEP        3 POTENTIAL_ENE =    -1006302.58108904  RMSG =       0.0899  MAXG =       0.5506
     STEP        4 POTENTIAL_ENE =    -1006302.58223009  RMSG =       0.0768  MAXG =       0.4890
     STEP        5 POTENTIAL_ENE =    -1006302.58765146  RMSG =       0.0901  MAXG =       0.7465
     STEP        6 POTENTIAL_ENE =    -1006302.59031364  RMSG =       0.1844  MAXG =       1.1408
     STEP        7 POTENTIAL_ENE =    -1006302.59374455  RMSG =       0.1067  MAXG =       0.8486
     STEP        8 POTENTIAL_ENE =    -1006302.59781897  RMSG =       0.0806  MAXG =       0.4947
     STEP        9 POTENTIAL_ENE =    -1006302.60001961  RMSG =       0.0850  MAXG =       0.4400
     STEP       10 POTENTIAL_ENE =    -1006302.60208822  RMSG =       0.2135  MAXG =       1.4605
     STEP       11 POTENTIAL_ENE =    -1006302.60610705  RMSG =       0.0709  MAXG =       0.6352
     STEP       12 POTENTIAL_ENE =    -1006302.60766006  RMSG =       0.0602  MAXG =       0.3725

+++++ STOP: RMSG and MAXG becomes sufficiently small.+++++

INFO:         30   -1006302.5185          0.3537          3.9914       1496.3320       3743.1436        459.2650       4476.1995        271.3996       -186.2068       7157.4054    -117213.2799    -906527.9833         21.2064

  maxg =     3.9914 at       2558 TIMA    165 GLU    CD   CC    

+++++ Start micro iteration 31 +++++ 

     STEP        1 POTENTIAL_ENE =    -1006302.80163713  RMSG =       0.0808  MAXG =       0.6393
     STEP        2 POTENTIAL_ENE =    -1005919.73407803  RMSG =      61.5109  MAXG =     320.0840
     STEP        3 POTENTIAL_ENE =    -1006302.80287272  RMSG =       0.0940  MAXG =       0.5060
     STEP        4 POTENTIAL_ENE =    -1006302.80424703  RMSG =       0.0623  MAXG =       0.3669

+++++ STOP: RMSG and MAXG becomes sufficiently small.+++++

INFO:         31   -1006302.5488          0.3128          2.1814       1496.3298       3743.1828        459.2624       4476.1858        271.4014       -186.2054       7157.4506    -117213.2745    -906528.0881         21.2064

  maxg =     2.1814 at       2558 TIMA    165 GLU    CD   CC    

+++++ Start micro iteration 32 +++++ 

     STEP        1 POTENTIAL_ENE =    -1006302.71314329  RMSG =       0.0801  MAXG =       0.5442
     STEP        2 POTENTIAL_ENE =    -1005898.80924201  RMSG =      65.1931  MAXG =     278.0694
     STEP        3 POTENTIAL_ENE =    -1006302.71405512  RMSG =       0.0870  MAXG =       0.4970
     STEP        4 POTENTIAL_ENE =    -1006302.71521987  RMSG =       0.0627  MAXG =       0.4055
     STEP        5 POTENTIAL_ENE =    -1006302.71724194  RMSG =       0.0598  MAXG =       0.5402
     STEP        6 POTENTIAL_ENE =    -1006302.71878383  RMSG =       0.0891  MAXG =       0.8168
     STEP        7 POTENTIAL_ENE =    -1006302.72068939  RMSG =       0.0688  MAXG =       0.5748
     STEP        8 POTENTIAL_ENE =    -1006302.72258018  RMSG =       0.0899  MAXG =       0.6370
     STEP        9 POTENTIAL_ENE =    -1006302.72405686  RMSG =       0.0659  MAXG =       0.3789

+++++ STOP: RMSG and MAXG becomes sufficiently small.+++++

INFO:         32   -1006302.5810          0.4292          3.1987       1496.3081       3743.1757        459.2546       4476.1792        271.4014       -186.2083       7157.5332    -117213.2780    -906528.1534         21.2064

  maxg =     3.1987 at       2558 TIMA    165 GLU    CD   CC    

+++++ Start micro iteration 33 +++++ 

     STEP        1 POTENTIAL_ENE =    -1006302.60816593  RMSG =       0.0825  MAXG =       0.5255
     STEP        2 POTENTIAL_ENE =    -1005825.60035780  RMSG =      74.5332  MAXG =     441.1967
     STEP        3 POTENTIAL_ENE =    -1006302.60898932  RMSG =       0.0793  MAXG =       0.4406
     STEP        4 POTENTIAL_ENE =    -1006302.60986870  RMSG =       0.0548  MAXG =       0.3251

+++++ STOP: RMSG and MAXG becomes sufficiently small.+++++

INFO:         33   -1006302.6161          0.2606          2.2359       1496.2828       3743.1664        459.2546       4476.1731        271.4018       -186.2029       7157.5147    -117213.2944    -906528.1186         21.2064

  maxg =     2.2359 at       7583 DHA     249 DHAP   C2   CG2O5 

+++++ Start micro iteration 34 +++++ 

     STEP        1 POTENTIAL_ENE =    -1006302.71639731  RMSG =       0.0702  MAXG =       0.4672
     STEP        2 POTENTIAL_ENE =    -1005845.98496138  RMSG =      71.4674  MAXG =     322.5253
     STEP        3 POTENTIAL_ENE =    -1006302.71701376  RMSG =       0.0682  MAXG =       0.3994

+++++ STOP: RMSG and MAXG becomes sufficiently small.+++++

INFO:         34   -1006302.6449          0.2142          1.9824       1496.3034       3743.1716        459.2544       4476.1618        271.4024       -186.2021       7157.4997    -117213.2742    -906528.1685         21.2064

  maxg =     1.9824 at       7583 DHA     249 DHAP   C2   CG2O5 

+++++ Start micro iteration 35 +++++ 

     STEP        1 POTENTIAL_ENE =    -1006302.64384124  RMSG =       0.0907  MAXG =       0.8001
     STEP        2 POTENTIAL_ENE =    -1005628.50885107  RMSG =      90.0808  MAXG =     390.8913
     STEP        3 POTENTIAL_ENE =    -1006302.64466309  RMSG =       0.0807  MAXG =       0.7071
     STEP        4 POTENTIAL_ENE =    -1006302.64558406  RMSG =       0.0595  MAXG =       0.4943
     STEP        5 POTENTIAL_ENE =    -1006302.64727737  RMSG =       0.0548  MAXG =       0.4565
     STEP        6 POTENTIAL_ENE =    -1006302.64819308  RMSG =       0.0842  MAXG =       0.6324
     STEP        7 POTENTIAL_ENE =    -1006302.64931253  RMSG =       0.0723  MAXG =       0.5525
     STEP        8 POTENTIAL_ENE =    -1006302.65227126  RMSG =       0.1036  MAXG =       0.6788
     STEP        9 POTENTIAL_ENE =    -1006302.65260516  RMSG =       0.1327  MAXG =       0.9183
     STEP       10 POTENTIAL_ENE =    -1006302.65385775  RMSG =       0.0463  MAXG =       0.2739

+++++ STOP: RMSG and MAXG becomes sufficiently small.+++++

INFO:         35   -1006302.6765          0.2493          2.5087       1496.2869       3743.1719        459.2561       4476.1562        271.4036       -186.1976       7157.4156    -117213.1861    -906528.1895         21.2064

  maxg =     2.5087 at       2558 TIMA    165 GLU    CD   CC    

+++++ Start micro iteration 36 +++++ 

     STEP        1 POTENTIAL_ENE =    -1006302.94968548  RMSG =       0.1719  MAXG =       2.2557
     STEP        2 POTENTIAL_ENE =    -1005716.57004484  RMSG =      82.6644  MAXG =     402.8356
     STEP        3 POTENTIAL_ENE =    -1006302.95131347  RMSG =       0.1664  MAXG =       2.1131
     STEP        4 POTENTIAL_ENE =    -1006302.95510274  RMSG =       0.1081  MAXG =       1.5235
     STEP        5 POTENTIAL_ENE =    -1006302.95872932  RMSG =       0.0650  MAXG =       0.4183
     STEP        6 POTENTIAL_ENE =    -1006302.95935641  RMSG =       0.0834  MAXG =       0.4724
     STEP        7 POTENTIAL_ENE =    -1006302.95996974  RMSG =       0.0522  MAXG =       0.4011

+++++ STOP: RMSG and MAXG becomes sufficiently small.+++++

INFO:         36   -1006302.7006          0.3567          3.7426       1496.2567       3743.1799        459.2537       4476.1162        271.4044       -186.2043       7157.3878    -117213.1940    -906528.1075         21.2064

  maxg =     3.7426 at       7586 DHA     249 DHAP   O3   OG311 

+++++ Start micro iteration 37 +++++ 

     STEP        1 POTENTIAL_ENE =    -1006302.60426199  RMSG =       0.0661  MAXG =       0.4125
     STEP        2 POTENTIAL_ENE =    -1005815.03320734  RMSG =      75.1286  MAXG =     360.5059
     STEP        3 POTENTIAL_ENE =    -1006302.60479781  RMSG =       0.0569  MAXG =       0.3278

+++++ STOP: RMSG and MAXG becomes sufficiently small.+++++

INFO:         37   -1006302.7239          0.2206          1.1640       1496.2671       3743.1803        459.2529       4476.1174        271.4046       -186.2089       7157.3936    -117213.2060    -906528.1312         21.2064

  maxg =     1.1640 at       7585 DHA     249 DHAP   C3   CG321 

+++++ Start micro iteration 38 +++++ 

     STEP        1 POTENTIAL_ENE =    -1006302.72650254  RMSG =       0.0689  MAXG =       0.5805
     STEP        2 POTENTIAL_ENE =    -1005693.63923580  RMSG =      87.7090  MAXG =     454.2417
     STEP        3 POTENTIAL_ENE =    -1006302.72698458  RMSG =       0.0602  MAXG =       0.4962
     STEP        4 POTENTIAL_ENE =    -1006302.72745651  RMSG =       0.0430  MAXG =       0.2117

+++++ STOP: RMSG and MAXG becomes sufficiently small.+++++

INFO:         38   -1006302.7386          0.1563          1.0969       1496.2753       3743.1667        459.2522       4476.1214        271.4047       -186.2085       7157.4111    -117213.2014    -906528.1666         21.2064

  maxg =     1.0969 at       7587 DHA     249 DHAP   HO3  HGP1  

+++++ Start micro iteration 39 +++++ 

     STEP        1 POTENTIAL_ENE =    -1006302.81651907  RMSG =       0.0842  MAXG =       0.8666
     STEP        2 POTENTIAL_ENE =    -1005859.40190892  RMSG =      75.2302  MAXG =     363.7012
     STEP        3 POTENTIAL_ENE =    -1006302.81713618  RMSG =       0.0920  MAXG =       0.7395
     STEP        4 POTENTIAL_ENE =    -1006302.81823475  RMSG =       0.0649  MAXG =       0.3909

+++++ STOP: RMSG and MAXG becomes sufficiently small.+++++

INFO:         39   -1006302.7614          0.2077          1.2540       1496.2750       3743.1843        459.2526       4476.1163        271.4046       -186.2123       7157.4222    -117213.2166    -906528.1939         21.2064

  maxg =     1.2540 at       2558 TIMA    165 GLU    CD   CC    

+++++ Start micro iteration 40 +++++ 

     STEP        1 POTENTIAL_ENE =    -1006302.93179360  RMSG =       0.0848  MAXG =       0.6583
     STEP        2 POTENTIAL_ENE =    -1005612.37487833  RMSG =      93.2317  MAXG =     443.5022
     STEP        3 POTENTIAL_ENE =    -1006302.93251933  RMSG =       0.0839  MAXG =       0.5998
     STEP        4 POTENTIAL_ENE =    -1006302.93350125  RMSG =       0.0659  MAXG =       0.4242
     STEP        5 POTENTIAL_ENE =    -1006302.93595866  RMSG =       0.0609  MAXG =       0.4678
     STEP        6 POTENTIAL_ENE =    -1006302.93683566  RMSG =       0.1094  MAXG =       0.7109
     STEP        7 POTENTIAL_ENE =    -1006302.93799531  RMSG =       0.0717  MAXG =       0.4080
     STEP        8 POTENTIAL_ENE =    -1006302.94058928  RMSG =       0.0625  MAXG =       0.4394
     STEP        9 POTENTIAL_ENE =    -1006302.94200529  RMSG =       0.0668  MAXG =       0.4139
     STEP       10 POTENTIAL_ENE =    -1006302.94455797  RMSG =       0.1381  MAXG =       0.9133
     STEP       11 POTENTIAL_ENE =    -1006302.94681543  RMSG =       0.1050  MAXG =       0.9560
     STEP       12 POTENTIAL_ENE =    -1006302.94829507  RMSG =       0.0533  MAXG =       0.3427

+++++ STOP: RMSG and MAXG becomes sufficiently small.+++++

INFO:         40   -1006302.8033          0.3732          4.0204       1496.2724       3743.1674        459.2527       4476.0901        271.4047       -186.2067       7157.4386    -117213.3117    -906528.1174         21.2064

  maxg =     4.0204 at       1440 TIMA     95 HSE    CE1  CPH2  

+++++ Start micro iteration 41 +++++ 

     STEP        1 POTENTIAL_ENE =    -1006302.93764906  RMSG =       0.0710  MAXG =       0.4475
     STEP        2 POTENTIAL_ENE =    -1005851.49078080  RMSG =      71.5826  MAXG =     385.9877
     STEP        3 POTENTIAL_ENE =    -1006302.93829888  RMSG =       0.0737  MAXG =       0.3568

+++++ STOP: RMSG and MAXG becomes sufficiently small.+++++

INFO:         41   -1006302.8312          0.2535          1.6317       1496.2755       3743.1759        459.2519       4476.0795        271.4059       -186.2053       7157.4240    -117213.3075    -906528.1375         21.2064

  maxg =     1.6317 at       1440 TIMA     95 HSE    CE1  CPH2  

+++++ Start micro iteration 42 +++++ 

     STEP        1 POTENTIAL_ENE =    -1006302.83937137  RMSG =       0.0731  MAXG =       0.3418

+++++ STOP: RMSG and MAXG becomes sufficiently small.+++++

INFO:         42   -1006302.8548          0.2204          1.2279       1496.2703       3743.1803        459.2520       4476.0819        271.4055       -186.2035       7157.4043    -117213.3061    -906528.1461         21.2064

  maxg =     1.2279 at       1440 TIMA     95 HSE    CE1  CPH2  

+++++ Start micro iteration 43 +++++ 

     STEP        1 POTENTIAL_ENE =    -1006302.89805629  RMSG =       0.0749  MAXG =       0.3461

+++++ STOP: RMSG and MAXG becomes sufficiently small.+++++

INFO:         43   -1006302.8781          0.2166          1.3085       1496.2723       3743.1900        459.2520       4476.0767        271.4058       -186.2064       7157.3729    -117213.3067    -906528.1413         21.2064

  maxg =     1.3085 at       1442 TIMA     95 HSE    NE2  NR1   

+++++ Start micro iteration 44 +++++ 

     STEP        1 POTENTIAL_ENE =    -1006302.90720186  RMSG =       0.0885  MAXG =       0.6456
     STEP        2 POTENTIAL_ENE =    -1005492.92965273  RMSG =      99.1502  MAXG =     446.1284
     STEP        3 POTENTIAL_ENE =    -1006302.90807142  RMSG =       0.0705  MAXG =       0.4757
     STEP        4 POTENTIAL_ENE =    -1006302.90875958  RMSG =       0.0516  MAXG =       0.2846

+++++ STOP: RMSG and MAXG becomes sufficiently small.+++++

INFO:         44   -1006302.9138          0.3052          2.4454       1496.2722       3743.1938        459.2495       4476.0829        271.4060       -186.2092       7157.3171    -117213.3304    -906528.1021         21.2064

  maxg =     2.4454 at       1444 TIMA     95 HSE    CD2  CPH1  

+++++ Start micro iteration 45 +++++ 

     STEP        1 POTENTIAL_ENE =    -1006302.93941285  RMSG =       0.0757  MAXG =       0.5248
     STEP        2 POTENTIAL_ENE =    -1005856.85593996  RMSG =      72.8766  MAXG =     327.8877
     STEP        3 POTENTIAL_ENE =    -1006302.94016247  RMSG =       0.0856  MAXG =       0.4796
     STEP        4 POTENTIAL_ENE =    -1006302.94119685  RMSG =       0.0633  MAXG =       0.3751

+++++ STOP: RMSG and MAXG becomes sufficiently small.+++++

INFO:         45   -1006302.9401          0.2463          1.5171       1496.2731       3743.2103        459.2493       4476.0895        271.4031       -186.2087       7157.2399    -117213.3412    -906528.0616         21.2064

  maxg =     1.5171 at       7585 DHA     249 DHAP   C3   CG321 

+++++ Start micro iteration 46 +++++ 

     STEP        1 POTENTIAL_ENE =    -1006302.91764243  RMSG =       0.0680  MAXG =       0.3890

+++++ STOP: RMSG and MAXG becomes sufficiently small.+++++

INFO:         46   -1006302.9539          0.1602          0.8030       1496.2843       3743.2035        459.2494       4476.0940        271.4026       -186.2078       7157.2232    -117213.3407    -906528.0691         21.2064

  maxg =     0.8030 at       7587 DHA     249 DHAP   HO3  HGP1  

+++++ Start micro iteration 47 +++++ 

     STEP        1 POTENTIAL_ENE =    -1006303.00574293  RMSG =       0.0738  MAXG =       0.4845
     STEP        2 POTENTIAL_ENE =    -1005573.62676647  RMSG =      94.6854  MAXG =     411.5336
     STEP        3 POTENTIAL_ENE =    -1006303.00635292  RMSG =       0.0687  MAXG =       0.4510
     STEP        4 POTENTIAL_ENE =    -1006303.00704829  RMSG =       0.0577  MAXG =       0.3940

+++++ STOP: RMSG and MAXG becomes sufficiently small.+++++

INFO:         47   -1006302.9672          0.1885          1.6201       1496.3024       3743.2063        459.2490       4476.0999        271.4031       -186.2072       7157.1849    -117213.3599    -906528.0521         21.2064

  maxg =     1.6201 at       2558 TIMA    165 GLU    CD   CC    

+++++ Start micro iteration 48 +++++ 

     STEP        1 POTENTIAL_ENE =    -1006302.97904394  RMSG =       0.0674  MAXG =       0.7215
     STEP        2 POTENTIAL_ENE =    -1005763.31676999  RMSG =      81.4435  MAXG =     357.8977
     STEP        3 POTENTIAL_ENE =    -1006302.97955943  RMSG =       0.0713  MAXG =       0.6822
     STEP        4 POTENTIAL_ENE =    -1006302.98030989  RMSG =       0.0606  MAXG =       0.5519
     STEP        5 POTENTIAL_ENE =    -1006302.98356049  RMSG =       0.0662  MAXG =       0.5117
     STEP        6 POTENTIAL_ENE =    -1006302.98497121  RMSG =       0.1325  MAXG =       0.7355
     STEP        7 POTENTIAL_ENE =    -1006302.98671333  RMSG =       0.0754  MAXG =       0.4253
     STEP        8 POTENTIAL_ENE =    -1006302.98863299  RMSG =       0.0502  MAXG =       0.3013

+++++ STOP: RMSG and MAXG becomes sufficiently small.+++++

INFO:         48   -1006302.9871          0.1902          1.1286       1496.2955       3743.2883        459.2444       4476.1013        271.3946       -186.2075       7157.1096    -117213.5033    -906527.9165         21.2064

  maxg =     1.1286 at       1442 TIMA     95 HSE    NE2  NR1   

+++++ Start micro iteration 49 +++++ 

     STEP        1 POTENTIAL_ENE =    -1006303.07022888  RMSG =       0.0778  MAXG =       0.7151
     STEP        2 POTENTIAL_ENE =    -1005925.43840772  RMSG =      65.7183  MAXG =     353.0982
     STEP        3 POTENTIAL_ENE =    -1006303.07091225  RMSG =       0.0788  MAXG =       0.6269
     STEP        4 POTENTIAL_ENE =    -1006303.07176420  RMSG =       0.0512  MAXG =       0.4081
     STEP        5 POTENTIAL_ENE =    -1006303.07276259  RMSG =       0.0408  MAXG =       0.3753

+++++ STOP: RMSG and MAXG becomes sufficiently small.+++++

INFO:         49   -1006303.0018          0.1849          1.1328       1496.3177       3743.2795        459.2460       4476.1085        271.3938       -186.2029       7157.0028    -117213.4951    -906527.8585         21.2064

  maxg =     1.1328 at       1442 TIMA     95 HSE    NE2  NR1   

+++++ Start micro iteration 50 +++++ 

     STEP        1 POTENTIAL_ENE =    -1006303.07651317  RMSG =       0.0799  MAXG =       0.8846
     STEP        2 POTENTIAL_ENE =    -1006111.57716901  RMSG =      45.3080  MAXG =     249.2953
     STEP        3 POTENTIAL_ENE =    -1006303.07755859  RMSG =       0.0880  MAXG =       0.7310
     STEP        4 POTENTIAL_ENE =    -1006303.07873328  RMSG =       0.0609  MAXG =       0.4275
     STEP        5 POTENTIAL_ENE =    -1006303.08033269  RMSG =       0.0543  MAXG =       0.3951

+++++ STOP: RMSG and MAXG becomes sufficiently small.+++++

INFO:         50   -1006303.0162          0.3295          3.1193       1496.3374       3743.2768        459.2439       4476.1131        271.3953       -186.1941       7156.9147    -117213.4899    -906527.8198         21.2064

  maxg =     3.1193 at       1442 TIMA     95 HSE    NE2  NR1   

+++++ Start micro iteration 51 +++++ 

     STEP        1 POTENTIAL_ENE =    -1006303.03621533  RMSG =       0.0482  MAXG =       0.2794

+++++ STOP: RMSG and MAXG becomes sufficiently small.+++++

INFO:         51   -1006303.0320          0.1478          0.9214       1496.3345       3743.2766        459.2433       4476.1091        271.3957       -186.1906       7156.9172    -117213.4902    -906527.8341         21.2064

  maxg =     0.9214 at       1442 TIMA     95 HSE    NE2  NR1   

+++++ Start micro iteration 52 +++++ 

     STEP        1 POTENTIAL_ENE =    -1006303.02197222  RMSG =       0.0501  MAXG =       0.2784

+++++ STOP: RMSG and MAXG becomes sufficiently small.+++++

INFO:         52   -1006303.0404          0.1102          0.6520       1496.3359       3743.2751        459.2431       4476.1072        271.3954       -186.1908       7156.9258    -117213.4902    -906527.8482         21.2064

  maxg =     0.6520 at       7584 DHA     249 DHAP   O2   OG2D3 

+++++ Start micro iteration 53 +++++ 

     STEP        1 POTENTIAL_ENE =    -1006303.03954129  RMSG =       0.0550  MAXG =       0.3491

+++++ STOP: RMSG and MAXG becomes sufficiently small.+++++

INFO:         53   -1006303.0500          0.1235          0.8095       1496.3422       3743.2762        459.2431       4476.1085        271.3949       -186.1906       7156.9237    -117213.4901    -906527.8642         21.2064

  maxg =     0.8095 at       1442 TIMA     95 HSE    NE2  NR1   

+++++ Start micro iteration 54 +++++ 

     STEP        1 POTENTIAL_ENE =    -1006303.06190710  RMSG =       0.0654  MAXG =       0.4279
     STEP        2 POTENTIAL_ENE =    -1005933.23521209  RMSG =      65.4553  MAXG =     444.4892
     STEP        3 POTENTIAL_ENE =    -1006303.06252880  RMSG =       0.0653  MAXG =       0.3292

+++++ STOP: RMSG and MAXG becomes sufficiently small.+++++

INFO:         54   -1006303.0610          0.2277          2.1822       1496.3346       3743.2834        459.2440       4476.1138        271.3943       -186.1939       7156.9270    -117213.5090    -906527.8616         21.2064

  maxg =     2.1822 at       1440 TIMA     95 HSE    CE1  CPH2  

+++++ Start micro iteration 55 +++++ 

     STEP        1 POTENTIAL_ENE =    -1006303.07105586  RMSG =       0.0686  MAXG =       0.4086
     STEP        2 POTENTIAL_ENE =    -1005655.93733000  RMSG =      91.9860  MAXG =     466.8200
     STEP        3 POTENTIAL_ENE =    -1006303.07157939  RMSG =       0.0507  MAXG =       0.2955

+++++ STOP: RMSG and MAXG becomes sufficiently small.+++++

INFO:         55   -1006303.0698          0.1094          0.5016       1496.3478       3743.2995        459.2436       4476.1170        271.3949       -186.1964       7156.9237    -117213.4960    -906527.9104         21.2064

  maxg =     0.5016 at       2552 TIMA    165 GLU    CB   CT2A  


Final energy =  -1006303.0698453552

 >>>>> STOP: RMSG and MAXG becomes sufficiently small

Check_Ring_Structure> Check ring structure
  suspicious ring group id =       1 :  PHE       5  (atom =        62)   max_bond_length =    1.431
  suspicious ring group id =       3 :  PHE      11  (atom =       146)   max_bond_length =    1.443
  suspicious ring group id =       7 :  TYR      46  (atom =       694)   max_bond_length =    1.433
  suspicious ring group id =      10 :  TYR      67  (atom =      1019)   max_bond_length =    1.450
  suspicious ring group id =      11 :  PHE      74  (atom =      1119)   max_bond_length =    1.429
  suspicious ring group id =      12 :  TRP      90  (atom =      1353)   max_bond_length =    1.443
  suspicious ring group id =      14 :  TYR     101  (atom =      1540)   max_bond_length =    1.453
  suspicious ring group id =      15 :  PHE     102  (atom =      1561)   max_bond_length =    1.449
  suspicious ring group id =      16 :  HSD     103  (atom =      1583)   max_bond_length =    1.416
  suspicious ring group id =      17 :  PHE     108  (atom =      1659)   max_bond_length =    1.446
  suspicious ring group id =      18 :  PHE     115  (atom =      1778)   max_bond_length =    1.431
  suspicious ring group id =      19 :  TRP     157  (atom =      2424)   max_bond_length =    1.447
  suspicious ring group id =      20 :  TYR     164  (atom =      2534)   max_bond_length =    1.443
  suspicious ring group id =      22 :  TRP     168  (atom =      2600)   max_bond_length =    1.450
  suspicious ring group id =      25 :  PHE     191  (atom =      2936)   max_bond_length =    1.444
  suspicious ring group id =      27 :  PHE     220  (atom =      3347)   max_bond_length =    1.434
  suspicious ring group id =      31 :  PHE       5  (atom =      3849)   max_bond_length =    1.442
  suspicious ring group id =      32 :  PHE       6  (atom =      3869)   max_bond_length =    1.433
  suspicious ring group id =      33 :  PHE      11  (atom =      3933)   max_bond_length =    1.438
  suspicious ring group id =      38 :  TYR      49  (atom =      4533)   max_bond_length =    1.423
  suspicious ring group id =      40 :  TYR      67  (atom =      4806)   max_bond_length =    1.459
  suspicious ring group id =      41 :  PHE      74  (atom =      4906)   max_bond_length =    1.437
  suspicious ring group id =      42 :  TRP      90  (atom =      5140)   max_bond_length =    1.443
  suspicious ring group id =      43 :  HSE      95  (atom =      5226)   max_bond_length =    1.411
  suspicious ring group id =      44 :  TYR     101  (atom =      5327)   max_bond_length =    1.441
  suspicious ring group id =      46 :  HSD     103  (atom =      5370)   max_bond_length =    1.414
  suspicious ring group id =      47 :  PHE     108  (atom =      5446)   max_bond_length =    1.439
  suspicious ring group id =      48 :  PHE     115  (atom =      5565)   max_bond_length =    1.426
  suspicious ring group id =      49 :  TRP     157  (atom =      6211)   max_bond_length =    1.422
  suspicious ring group id =      52 :  TRP     168  (atom =      6387)   max_bond_length =    1.440
  suspicious ring group id =      55 :  PHE     191  (atom =      6723)   max_bond_length =    1.433
  suspicious ring group id =      56 :  TYR     208  (atom =      6992)   max_bond_length =    1.465
  suspicious ring group id =      57 :  PHE     220  (atom =      7134)   max_bond_length =    1.462
  suspicious ring group id =      58 :  PHE     229  (atom =      7267)   max_bond_length =    1.456
  suspicious ring group id =      60 :  PHE     240  (atom =      7427)   max_bond_length =    1.461
 
  WARNING!
  Some suspicious residues were detected. Minimization might be too short, or "ring penetration"
  might happen in the above residues. Check the structure of those residues very carefully.
  If you found a ring penetration, try to perform the energy minimization again 
  with the options "check_structure = YES" and "fix_ring_error = YES" in [MINIMIZE].
  The energy minimization should start from the restart file obtained in "this" run.
 
Check_Chirality> Check chirality
 
  No suspicious residue was detected.
 
 
[STEP6] Deallocate Arrays
 
Output_Time> Averaged timer profile (Min, Max)
  total time      =     488.053
    setup         =       2.244
    dynamics      =     485.809
      energy      =     481.571
      integrator  =       0.000
      pairlist    =       4.114 (       4.042,       4.296)
  energy           
    bond          =       0.019 (       0.013,       0.028)
    angle         =       0.015 (       0.006,       0.027)
    dihedral      =       0.027 (       0.015,       0.037)
    nonbond       =       5.295 (       5.053,       5.388)
      pme real    =       5.294 (       5.053,       5.387)
      pme recip   =       0.000 (       0.000,       0.000)
    solvation     =       0.000 (       0.000,       0.000)
      polar       =       0.000 (       0.000,       0.000)
      non-polar   =       0.000 (       0.000,       0.000)
    restraint     =       0.000 (       0.000,       0.000)
    qmmm          =     472.237 (     471.933,     474.385)
  integrator       
    constraint    =       0.000 (       0.000,       0.000)
    update        =       0.000 (       0.000,       0.000)
    comm_coord    =       0.000 (       0.000,       0.000)
    comm_force    =       0.000 (       0.000,       0.000)
    comm_migrate  =       0.000 (       0.000,       0.000)

Note: The following floating-point exceptions are signalling: IEEE_DIVIDE_BY_ZERO IEEE_UNDERFLOW_FLAG IEEE_DENORMAL
Note: The following floating-point exceptions are signalling: IEEE_DIVIDE_BY_ZERO IEEE_UNDERFLOW_FLAG IEEE_DENORMAL
Note: The following floating-point exceptions are signalling: IEEE_DIVIDE_BY_ZERO IEEE_UNDERFLOW_FLAG IEEE_DENORMAL
Note: The following floating-point exceptions are signalling: IEEE_DIVIDE_BY_ZERO IEEE_UNDERFLOW_FLAG IEEE_DENORMAL
Note: The following floating-point exceptions are signalling: IEEE_DIVIDE_BY_ZERO IEEE_UNDERFLOW_FLAG IEEE_DENORMAL
Note: The following floating-point exceptions are signalling: IEEE_DIVIDE_BY_ZERO IEEE_UNDERFLOW_FLAG IEEE_DENORMAL
Note: The following floating-point exceptions are signalling: IEEE_DIVIDE_BY_ZERO IEEE_UNDERFLOW_FLAG IEEE_DENORMAL
Note: The following floating-point exceptions are signalling: IEEE_DIVIDE_BY_ZERO IEEE_UNDERFLOW_FLAG IEEE_DENORMAL
Note: The following floating-point exceptions are signalling: IEEE_DIVIDE_BY_ZERO IEEE_UNDERFLOW_FLAG IEEE_DENORMAL
Note: The following floating-point exceptions are signalling: IEEE_DIVIDE_BY_ZERO IEEE_UNDERFLOW_FLAG IEEE_DENORMAL
Note: The following floating-point exceptions are signalling: IEEE_DIVIDE_BY_ZERO IEEE_UNDERFLOW_FLAG IEEE_DENORMAL
Note: The following floating-point exceptions are signalling: IEEE_DIVIDE_BY_ZERO IEEE_UNDERFLOW_FLAG IEEE_DENORMAL
Note: The following floating-point exceptions are signalling: IEEE_DIVIDE_BY_ZERO IEEE_UNDERFLOW_FLAG IEEE_DENORMAL
Note: The following floating-point exceptions are signalling: IEEE_DIVIDE_BY_ZERO IEEE_UNDERFLOW_FLAG IEEE_DENORMAL
Note: The following floating-point exceptions are signalling: IEEE_DIVIDE_BY_ZERO IEEE_UNDERFLOW_FLAG IEEE_DENORMAL
Note: The following floating-point exceptions are signalling: IEEE_DIVIDE_BY_ZERO IEEE_UNDERFLOW_FLAG IEEE_DENORMAL
Note: The following floating-point exceptions are signalling: IEEE_DIVIDE_BY_ZERO IEEE_UNDERFLOW_FLAG IEEE_DENORMAL
Note: The following floating-point exceptions are signalling: IEEE_DIVIDE_BY_ZERO IEEE_UNDERFLOW_FLAG IEEE_DENORMAL
Note: The following floating-point exceptions are signalling: IEEE_DIVIDE_BY_ZERO IEEE_UNDERFLOW_FLAG IEEE_DENORMAL
Note: The following floating-point exceptions are signalling: IEEE_DIVIDE_BY_ZERO IEEE_UNDERFLOW_FLAG IEEE_DENORMAL
Note: The following floating-point exceptions are signalling: IEEE_DIVIDE_BY_ZERO IEEE_UNDERFLOW_FLAG IEEE_DENORMAL
Note: The following floating-point exceptions are signalling: IEEE_DIVIDE_BY_ZERO IEEE_UNDERFLOW_FLAG IEEE_DENORMAL
Note: The following floating-point exceptions are signalling: IEEE_DIVIDE_BY_ZERO IEEE_UNDERFLOW_FLAG IEEE_DENORMAL
Note: The following floating-point exceptions are signalling: IEEE_DIVIDE_BY_ZERO IEEE_UNDERFLOW_FLAG IEEE_DENORMAL
Note: The following floating-point exceptions are signalling: IEEE_DIVIDE_BY_ZERO IEEE_UNDERFLOW_FLAG IEEE_DENORMAL
Note: The following floating-point exceptions are signalling: IEEE_DIVIDE_BY_ZERO IEEE_UNDERFLOW_FLAG IEEE_DENORMAL
Note: The following floating-point exceptions are signalling: IEEE_DIVIDE_BY_ZERO IEEE_UNDERFLOW_FLAG IEEE_DENORMAL
Note: The following floating-point exceptions are signalling: IEEE_DIVIDE_BY_ZERO IEEE_UNDERFLOW_FLAG IEEE_DENORMAL
Note: The following floating-point exceptions are signalling: IEEE_DIVIDE_BY_ZERO IEEE_UNDERFLOW_FLAG IEEE_DENORMAL
Note: The following floating-point exceptions are signalling: IEEE_DIVIDE_BY_ZERO IEEE_UNDERFLOW_FLAG IEEE_DENORMAL
Note: The following floating-point exceptions are signalling: IEEE_DIVIDE_BY_ZERO IEEE_UNDERFLOW_FLAG IEEE_DENORMAL
Note: The following floating-point exceptions are signalling: IEEE_DIVIDE_BY_ZERO IEEE_UNDERFLOW_FLAG IEEE_DENORMAL
